<?xml version="1.0" encoding="UTF-8"?>
<!DOCTYPE html PUBLIC "-//W3C//DTD XHTML 1.0 Strict//EN"
    "http://www.w3.org/TR/xhtml1/DTD/xhtml1-strict.dtd">
<html xmlns="http://www.w3.org/1999/xhtml" xml:lang="en" lang="en">
<head>
  <meta http-equiv="content-type" content="text/html; charset=utf-8" lang="en"/>
  <title>OSM3S Response</title>
</head>
<body>

<p>The data included in this document is from www.openstreetmap.org. The data is made available under ODbL.</p>
<p><strong style="color:#FF0000">Error</strong>: runtime error: open64: 0 Success /osm3s_osm_base Dispatcher_Client::request_read_and_idx::timeout. The server is probably too busy to handle your request. </p>

</body>
</html>
node	3167415761	http://www.filippone.it
node	3964634186	http://casadiripososomero.jimdo.com/
node	4696406586	https://avezzano.ubiklibri.it/
node	5794173038	https://www.pedrinitappezzeria.it
node	5812948162	https://www.robertogrillo.it
node	6581727927	https://ambiente.comune.pescara.it/?page_id=4258
node	7449054850	http://www.ceramichecacciagrano.it/home.html
node	7798782521	https://www.ristoranteresilienza.it
node	7967064037	https://aca.pescara.it
node	8784526449	https://www.campagnamica.it/la-nostra-rete/mercato/mercato-di-campagna-amica-di-pescara/
node	8821454279	https://www.gelaterieduomo.com/
node	9123939727	https://www.prenotauncampo.it/centri-sportivi/pescara/pescara/padelmaniapescara/
node	9203799774	https://www.facebook.com/pizzerialozio/
node	9471038392	https://autoricambitritella.it
node	10978467236	https://ilgiuggioloverde.it/contatti/
node	11234246802	https://www.hotelrojan.it/
node	11302870976	https://www.sbnoleggiobici.it/
node	11302973066	https://www.lafarmacia.it/trova-farmacia/del-principe-martinsicuro
node	11542658048	https://www.telespazio.com/it/business/space-centres-teleports/fucino-space-centre
node	11932491331	http://www.siconte.it/it/punti-vendita/si-supermercati/loreto-aprutino-via-della-fornace
node	12144001881	https://castrumtruentinum-antiquarium.blogspot.com/
node	12222600657	https://leonellomacchine.it/
node	12818751619	https://www.blockhausclimbing.it
node	12825644476	https://ristoranterever.it
node	12846533482	https://www.ilbosso.com/centro-visita-del-lupo/
node	12872788046	https://www.comune.lanciano.ch.it/Vivere-il-comune/Luoghi/Lanciano-sotterranea
node	12873377885	https://cultura.gov.it/luogo/polo-museale-santo-spirito-museo-archeologico
node	12879334141	https://www.ristoranteclemente.it
node	12883355748	https://www.bnbcasapetrarca.com
node	12887327116	https://www.basilikum.it/menu
node	12894321758	https://centrorossetti.it
node	13026259408	https://www.comune.lanciano.ch.it/
node	13089598897	https://www.agriturismocolmorino.it
node	13197501469	https://www.comune.scontrone.aq.it/i-borghi/musei/centro-di-documentazione-paleontologico/
node	13204523586	http://www.siconte.it/it/punti-vendita/si-superstore/pescara-via-bologna
node	13291149806	https://www.ristoranteilpicchio.it
way	93951553	http://www.campinglaplaya.it/
way	93951554	https://www.campingsurabaja.it/
way	93951555	https://www.gildacamping.it/
way	93958554	https://www.storkcampingvillage.com/
way	93967257	https://www.clubdelsole.com/it/destinazioni/abruzzo-costa-teramana/roseto-degli-abruzzi-easy-camping-village
way	93967259	https://www.campingarcobalenoroseto.it/
way	148593095	https://www.hotellenazioni.com
way	246620756	https://www.polomusealeteramo.it/sedi/sito-archeologico-di-largo-sant-anna/14-10.html
way	288614834	https://www.parcomajella.it/uomo-e-territorio/eremi-e-luoghi-di-culto-rupestri/s-onofrio-al-morrone/
way	294085362	http://www.ristoranteriparidigiobbe.it/
way	342526298	https://www.campinglequite.eu/
way	462217261	www.caipenne.it
way	483498665	https://www.ball.com/na/about-ball/contact-us
way	505162414	https://www.hotelitalia.org
way	851992976	https://www.decathlon.it/
way	853983627	https://nauticagabbiano.it/contatti/
way	1077993519	https://www.rifugiosilone.it/
way	1088076365	https://www.comune.pietranico.pe.it/zf/index.php/trasparenza/index/index/categoria/81
way	1100938727	https://www.abruzzihotel.it/
way	1163730026	https://www.kzrkart.it/
way	1184521284	https://www.casalecenturioneabruzzo.it/
way	1219832545	https://linktr.ee/fishbonesfishsushi
way	1219832546	https://hotelilcasale.it/
way	1225230007	https://www.poseidonresort.it/
way	1225233711	https://www.pasquarelliautosrl.it
way	1320957655	https://maielletta.it/
way	1324624550	https://www.campingcarouan.it/
way	1337938957	https://www.molinolattanzio.it/
way	1394109109	https://www.campingvillaelena.it/
way	1426372819	https://www.kzrkart.it/
way	1426473377	https://www.museoetnograficobomba.it/
relation	8646860	http://www.gssi.it/
relation	9383854	https://www.cascatedelverde.info/
relation	13815366	https://www.rondinellacamping.it/
relation	18178088	http://www.cantinacrecchio.it/contattaci/
relation	19190580	https://borghidelgransasso.it/
<?xml version="1.0" encoding="UTF-8"?>
<!DOCTYPE html PUBLIC "-//W3C//DTD XHTML 1.0 Strict//EN"
    "http://www.w3.org/TR/xhtml1/DTD/xhtml1-strict.dtd">
<html xmlns="http://www.w3.org/1999/xhtml" xml:lang="en" lang="en">
<head>
  <meta http-equiv="content-type" content="text/html; charset=utf-8" lang="en"/>
  <title>OSM3S Response</title>
</head>
<body>

<p>The data included in this document is from www.openstreetmap.org. The data is made available under ODbL.</p>
<p><strong style="color:#FF0000">Error</strong>: runtime error: open64: 0 Success /osm3s_osm_base Dispatcher_Client::request_read_and_idx::timeout. The server is probably too busy to handle your request. </p>

</body>
</html>
