<meta http-equiv="content-type" content="text/html	-1		
<title>OSM3S Response</title>	-1		
charset=utf-8" lang="en"/>	-1		
http://www.w3.org/TR/xhtml1/DTD/xhtml1-strict.dtd">	0	400	
<!DOCTYPE html PUBLIC "-//W3C//DTD XHTML 1.0 Strict//EN	-1		
</body>	-1		
</head>	-1		
</html>	-1		
<body>	-1		
<head>	-1		
<html xmlns="http://www.w3.org/1999/xhtml" xml:lang="en" lang="en">	-1		
<p><strong style="color:#FF0000">Error</strong>: runtime error: open64: 0 Success /osm3s_osm_base Dispatcher_Client::request_read_and_idx::timeout. The server is probably too busy to handle your request. </p>	-1		
<p>The data included in this document is from www.openstreetmap.org. The data is made available under ODbL.</p>	-1		
https://it.wikipedia.org/wiki/File:Fontana_dei_Tritoni,_Giovinazzo.jpg	0	200	
http://cartapulia.it/dettaglio?id=112800	0	302	https://cartapulia.it/dettaglio?id=112800
http://cartapulia.it/dettaglio?id=112811	0	302	https://cartapulia.it/dettaglio?id=112811
http://cartapulia.it/dettaglio?id=112902	0	302	https://cartapulia.it/dettaglio?id=112902
https://www.pianetaostuni.it/index.php/18-chiese-rurali/478-brancati-2,	0	406	
https://www.pianetaostuni.it/index.php/18-chiese-rurali/520-carestia-2,	0	406	
http://cartapulia.it/dettaglio?id=113314	0	302	https://cartapulia.it/dettaglio?id=113314
http://cartapulia.it/dettaglio?id=113266	0	302	https://cartapulia.it/dettaglio?id=113266
http://cartapulia.it/dettaglio?id=124745	0	302	https://cartapulia.it/dettaglio?id=124745
http://cartapulia.it/dettaglio?id=125179	0	302	https://cartapulia.it/dettaglio?id=125179
http://cartapulia.it/dettaglio?id=124827	0	302	https://cartapulia.it/dettaglio?id=124827
http://cartapulia.it/dettaglio?id=133199	0	302	https://cartapulia.it/dettaglio?id=133199
http://cartapulia.it/web/guest/dettaglio?id=112742	0	302	https://cartapulia.it/web/guest/dettaglio?id=112742
http://cartapulia.it/web/guest/dettaglio?id=112719	0	302	https://cartapulia.it/web/guest/dettaglio?id=112719
http://cartapulia.it/web/guest/dettaglio?id=112754	0	302	https://cartapulia.it/web/guest/dettaglio?id=112754
http://cartapulia.it/web/guest/dettaglio?id=112731	0	302	https://cartapulia.it/web/guest/dettaglio?id=112731
http://cartapulia.it/web/guest/dettaglio?id=112788	0	302	https://cartapulia.it/web/guest/dettaglio?id=112788
http://cartapulia.it/web/guest/dettaglio?id=112777	0	302	https://cartapulia.it/web/guest/dettaglio?id=112777
http://cartapulia.it/web/guest/dettaglio?id=112766	0	302	https://cartapulia.it/web/guest/dettaglio?id=112766
http://cartapulia.it/web/guest/dettaglio?id=112823	0	302	https://cartapulia.it/web/guest/dettaglio?id=112823
http://cartapulia.it/web/guest/dettaglio?id=112834	0	302	https://cartapulia.it/web/guest/dettaglio?id=112834
http://cartapulia.it/web/guest/dettaglio?id=112856	0	302	https://cartapulia.it/web/guest/dettaglio?id=112856
http://cartapulia.it/web/guest/dettaglio?id=112913	0	302	https://cartapulia.it/web/guest/dettaglio?id=112913
http://cartapulia.it/web/guest/dettaglio?id=112879	0	302	https://cartapulia.it/web/guest/dettaglio?id=112879
http://cartapulia.it/web/guest/dettaglio?id=112891	0	302	https://cartapulia.it/web/guest/dettaglio?id=112891
http://cartapulia.it/web/guest/dettaglio?id=112945	0	302	https://cartapulia.it/web/guest/dettaglio?id=112945
http://cartapulia.it/web/guest/dettaglio?id=112924	0	302	https://cartapulia.it/web/guest/dettaglio?id=112924
http://cartapulia.it/web/guest/dettaglio?id=112934	0	302	https://cartapulia.it/web/guest/dettaglio?id=112934
http://cartapulia.it/web/guest/dettaglio?id=112975	0	302	https://cartapulia.it/web/guest/dettaglio?id=112975
http://cartapulia.it/web/guest/dettaglio?id=113020	0	302	https://cartapulia.it/web/guest/dettaglio?id=113020
http://cartapulia.it/web/guest/dettaglio?id=113065	0	302	https://cartapulia.it/web/guest/dettaglio?id=113065
http://cartapulia.it/web/guest/dettaglio?id=113120	0	302	https://cartapulia.it/web/guest/dettaglio?id=113120
http://cartapulia.it/web/guest/dettaglio?id=113131	0	302	https://cartapulia.it/web/guest/dettaglio?id=113131
http://cartapulia.it/web/guest/dettaglio?id=113243	0	302	https://cartapulia.it/web/guest/dettaglio?id=113243
http://cartapulia.it/web/guest/dettaglio?id=113231	0	302	https://cartapulia.it/web/guest/dettaglio?id=113231
http://cartapulia.it/web/guest/dettaglio?id=113255	0	302	https://cartapulia.it/web/guest/dettaglio?id=113255
http://cartapulia.it/web/guest/dettaglio?id=113278	0	302	https://cartapulia.it/web/guest/dettaglio?id=113278
http://cartapulia.it/web/guest/dettaglio?id=113290	0	302	https://cartapulia.it/web/guest/dettaglio?id=113290
http://cartapulia.it/web/guest/dettaglio?id=113302	0	302	https://cartapulia.it/web/guest/dettaglio?id=113302
http://cartapulia.it/web/guest/dettaglio?id=113349	0	302	https://cartapulia.it/web/guest/dettaglio?id=113349
http://cartapulia.it/web/guest/dettaglio?id=113395	0	302	https://cartapulia.it/web/guest/dettaglio?id=113395
http://cartapulia.it/web/guest/dettaglio?id=113407	0	302	https://cartapulia.it/web/guest/dettaglio?id=113407
http://cartapulia.it/web/guest/dettaglio?id=113418	0	302	https://cartapulia.it/web/guest/dettaglio?id=113418
http://cartapulia.it/web/guest/dettaglio?id=113428	0	302	https://cartapulia.it/web/guest/dettaglio?id=113428
http://cartapulia.it/web/guest/dettaglio?id=113439	0	302	https://cartapulia.it/web/guest/dettaglio?id=113439
http://cartapulia.it/web/guest/dettaglio?id=113448	0	302	https://cartapulia.it/web/guest/dettaglio?id=113448
http://cartapulia.it/web/guest/dettaglio?id=113457	0	302	https://cartapulia.it/web/guest/dettaglio?id=113457
http://cartapulia.it/web/guest/dettaglio?id=113467	0	302	https://cartapulia.it/web/guest/dettaglio?id=113467
http://cartapulia.it/web/guest/dettaglio?id=113476	0	302	https://cartapulia.it/web/guest/dettaglio?id=113476
http://cartapulia.it/web/guest/dettaglio?id=113487	0	302	https://cartapulia.it/web/guest/dettaglio?id=113487
http://cartapulia.it/web/guest/dettaglio?id=113515	0	302	https://cartapulia.it/web/guest/dettaglio?id=113515
http://cartapulia.it/web/guest/dettaglio?id=113525	0	302	https://cartapulia.it/web/guest/dettaglio?id=113525
http://cartapulia.it/web/guest/dettaglio?id=113535	0	302	https://cartapulia.it/web/guest/dettaglio?id=113535
http://cartapulia.it/web/guest/dettaglio?id=114307	0	302	https://cartapulia.it/web/guest/dettaglio?id=114307
http://cartapulia.it/web/guest/dettaglio?id=113544	0	302	https://cartapulia.it/web/guest/dettaglio?id=113544
http://cartapulia.it/web/guest/dettaglio?id=114641	0	302	https://cartapulia.it/web/guest/dettaglio?id=114641
http://cartapulia.it/web/guest/dettaglio?id=114680	0	302	https://cartapulia.it/web/guest/dettaglio?id=114680
http://cartapulia.it/web/guest/dettaglio?id=124814	0	302	https://cartapulia.it/web/guest/dettaglio?id=124814
http://cartapulia.it/web/guest/dettaglio?id=128662	0	302	https://cartapulia.it/web/guest/dettaglio?id=128662
http://cartapulia.it/web/guest/dettaglio?id=128664	0	302	https://cartapulia.it/web/guest/dettaglio?id=128664
http://cartapulia.it/web/guest/dettaglio?id=129060	0	302	https://cartapulia.it/web/guest/dettaglio?id=129060
http://pianetaostuni.it/index.php/masserie/tutte/17-brancati	0	406	
http://pianetaostuni.it/index.php/masserie/tutte/185-santa-lucia-grand-hotel	0	406	
http://pianetaostuni.it/index.php/lame/difesa-di-malta	0	406	
http://pianetaostuni.it/index.php/masserie/tutte/93-sansone	0	406	
http://pianetaostuni.it/index.php/masserie/tutte/84-quattropere	0	406	
http://pianetaostuni.it/index.php/masserie/tutte/94-sant-alpino	0	406	
http://www.3cpowersrl.com	0	301	https://www.3cpowersrl.com/
http://www.abbaziadipulsano.org/	0	301	https://www.abbaziadipulsano.org/
http://www.acquariopiu.it	0	301	https://www.acquariopiu.it/
http://www.aeroclubbrindisi.it/	6		
http://www.agriturismopalese.it/	0	200	
http://www.astronomiacasarano.it/	0	200	
http://www.bbtemplari.com	0	301	https://www.bbtemplari.com/
http://musei.beniculturali.it/musei?mid=879&nome=castello-di-copertino	28		
http://www.brindisieleantichestrade.com/	0	200	
http://www.bimbolandiaterlizzi.it	0	301	https://bimbolandia.pro06.it/
http://sirpac.regione.puglia.it/dettaglio?id=110493	28		
http://sirpac.regione.puglia.it/dettaglio?id=129452	28		
http://www.carolihotels.com/bellavista-club/	0	301	https://www.carolihotels.com/bellavista-club/
http://www.cartapulia.it/dettaglio?id=113109	0	302	https://www.cartapulia.it/dettaglio?id=113109
http://www.cartapulia.it/dettaglio?id=113554	0	302	https://www.cartapulia.it/dettaglio?id=113554
http://www.cantodellerane.it	0	301	https://www.cantodellerane.it/
http://www.cartapulia.it/dettaglio?id=113564	0	302	https://www.cartapulia.it/dettaglio?id=113564
http://www.cartapulia.it/dettaglio?id=125176	0	302	https://www.cartapulia.it/dettaglio?id=125176
http://www.cartapulia.it/web/guest/dettaglio?id=113496	0	302	https://www.cartapulia.it/web/guest/dettaglio?id=113496
http://www.castellomonaci.it	0	301	https://www.castellomonaci.it/
http://www.casalespisari.it/	0	301	https://www.casalespisari.it/
http://www.cementirholding.it	0	301	https://www.cementirholding.com/
http://www.cinemateatririuniti.com/italia/	0	302	http://ww25.cinemateatririuniti.com/italia/?subid1=20260119-1151-598e-a756-cacc60fa7435
http://www.comune.torricella.ta.it/	0	301	https://www.comune.torricella.ta.it/
http://www.comune.taranto.it/	0	301	https://www.comune.taranto.it:443/
http://www.comuneleporano.it/	0	301	https://www.comune.leporano.ta.it/
http://www.docartis.com/OSTUNI%20beni%20culturali/archeologia/vac1.pdf	0	301	https://www.docartis.com/OSTUNI%20beni%20culturali/archeologia/vac1.pdf
http://www.diocesifoggiabovino.it/?pag=diocesi&sub_pag=parrocchie&action=view&newsid=34	0	301	https://www.diocesifoggiabovino.it/?pag=diocesi&sub_pag=parrocchie&action=view&newsid=34
http://www.docartis.com/OSTUNI%20beni%20culturali/architettura/va01.pdf	0	301	https://www.docartis.com/OSTUNI%20beni%20culturali/architettura/va01.pdf
http://www.docartis.com/OSTUNI%20beni%20culturali/architettura/va05.pdf	0	301	https://www.docartis.com/OSTUNI%20beni%20culturali/architettura/va05.pdf
http://www.docartis.com/OSTUNI%20beni%20culturali/architettura/va13.pdf	0	301	https://www.docartis.com/OSTUNI%20beni%20culturali/architettura/va13.pdf
http://www.docartis.com/OSTUNI%20beni%20culturali/casini_torri_ville_masserie/005.pdf	0	301	https://www.docartis.com/OSTUNI%20beni%20culturali/casini_torri_ville_masserie/005.pdf
http://www.docartis.com/OSTUNI%20beni%20culturali/casini_torri_ville_masserie/007.pdf	0	301	https://www.docartis.com/OSTUNI%20beni%20culturali/casini_torri_ville_masserie/007.pdf
http://www.docartis.com/OSTUNI%20beni%20culturali/casini_torri_ville_masserie/012.pdf	0	301	https://www.docartis.com/OSTUNI%20beni%20culturali/casini_torri_ville_masserie/012.pdf
http://www.casadeldisco.it/	0	200	
http://www.docartis.com/OSTUNI%20beni%20culturali/casini_torri_ville_masserie/079.pdf	0	301	https://www.docartis.com/OSTUNI%20beni%20culturali/casini_torri_ville_masserie/079.pdf
http://www.docartis.com/OSTUNI%20beni%20culturali/casini_torri_ville_masserie/084.pdf	0	301	https://www.docartis.com/OSTUNI%20beni%20culturali/casini_torri_ville_masserie/084.pdf
http://www.docartis.com/OSTUNI%20beni%20culturali/segnalazioni_archeologiche/Sac16.pdf	0	301	https://www.docartis.com/OSTUNI%20beni%20culturali/segnalazioni_archeologiche/Sac16.pdf
http://www.docartis.com/OSTUNI%20beni%20culturali/segnalazioni_archeologiche/Sac17.pdf	0	301	https://www.docartis.com/OSTUNI%20beni%20culturali/segnalazioni_archeologiche/Sac17.pdf
http://www.docartis.com/OSTUNI%20beni%20culturali/segnalazioni_archeologiche/Sac23.pdf	0	301	https://www.docartis.com/OSTUNI%20beni%20culturali/segnalazioni_archeologiche/Sac23.pdf
http://www.docartis.com/OSTUNI-ARCHEO/Cripta%20S%20Margherita.pdf	0	301	https://www.docartis.com/OSTUNI-ARCHEO/Cripta%20S%20Margherita.pdf
http://www.docartis.com/OSTUNI-ISCRIZIONI/01-Palazzo%20Bisantizzi.pdf	0	301	https://www.docartis.com/OSTUNI-ISCRIZIONI/01-Palazzo%20Bisantizzi.pdf
http://www.docartis.com/OSTUNI-ISCRIZIONI/13-ex%20Palazzo%20Carducci.pdf	0	301	https://www.docartis.com/OSTUNI-ISCRIZIONI/13-ex%20Palazzo%20Carducci.pdf
http://www.docartis.com/OSTUNI-LAME/00%20Lame%20di%20Ostuni.pdf	0	301	https://www.docartis.com/OSTUNI-LAME/00%20Lame%20di%20Ostuni.pdf
http://www.docartis.com/OSTUNI_Sit/+++METODOLOGIA.pdf	0	301	https://www.docartis.com/OSTUNI_Sit/+++METODOLOGIA.pdf
http://www.eni.com/en_IT/company/operations-strategies/refining-marketing/refining-rf/refinery-taranto.shtml	0	301	https://www.eni.com/en_IT/company/operations-strategies/refining-marketing/refining-rf/refinery-taranto.shtml
http://www.ecomusei.eu/mondilocali/ecomuseo-del-paesaggio-delle-serre-salentine-di-neviano/	0	301	https://www.ecomusei.eu/mondilocali/ecomuseo-del-paesaggio-delle-serre-salentine-di-neviano/
http://www.facula.eu/	0	301	https://sedo.com/search/details/?domain=www.facula.eu&campaignId=329145&origin=sales_lander_15
http://www.guidedocartis.it/?page_id=37991	0	200	
http://www.hotelcristalda.com	0	301	https://www.hotelcristalda.com/
http://www.iissgiannelliparabita.gov.it/	6		
http://www.hotelfrancesco.it/	0	301	https://www.hotelfrancesco.it/
http://www.lestelledimeme.it/	0	301	https://www.lestelledimeme.it/
http://www.lidl.it	0	301	https://www.lidl.it/
http://www.lindosan.it	0	200	
http://www.masserialatorre.it/	0	200	
http://www.hotelrivabella.it	0	301	https://hotelrivabella.it/
http://www.palazzogorgoni.it/	0	200	
http://www.lidotavernese.it/	0	200	
http://www.parrocchiatrasfigurazione.it/	0	200	
http://www.rinascitaagricola.it	6		
http://www.pennettilab.it	0	200	
http://www.salentodarare.it	0	200	
http://www.portasanmicheleaffittacamere.it	0	302	http://www.portasanmicheleaffittacamere.it/it/
http://www.scuoladonpappagallo.it/	6		
http://www.santuariosanmichele.it/	0	301	https://www.santuariosanmichele.it/
http://www.sportivity.net	6		
http://www.comune.bari.it	28		
http://www.sanleonardoabate.it/	0	200	
http://www.secasrl.it	0	200	
http://www.teatrotendaduelune.org	0	301	https://www.teatrotendaduelune.org/
http://www.vegaulm.it/index.php/aviosuperficie	0	301	https://www.vegaulm.it/index.php/aviosuperficie
http://www.vocedipadrepio.com	0	301	https://www.vocedipadrepio.com/
https://anticotrulloulmo.wordpress.com/	0	200	
https://actipur.com/	0	200	
http://www.tipicoresort.it	0	301	https://www.tipicoresort.it/
https://bioster.it/	0	403	
https://agriturismofasano.it/	0	200	
https://canoci-rosaria.business.site/	0	404	
https://cartapulia.it/dettaglio?id=112868	0	404	
https://brico-casa.it	0	200	
https://baialombardi.it/	0	200	
https://bahianegra.it/	0	200	
https://cartapulia.it/dettaglio?id=124765	0	404	
https://cartapulia.it/dettaglio?id=127906	0	404	
https://cartapulia.it/dettaglio?id=129451	0	404	
https://cartapulia.it/dettaglio?id=133954	0	404	
https://cartapulia.it/web/guest/dettaglio?id=114091	0	404	
https://cartapulia.it/web/guest/dettaglio?id=113769	0	404	
https://cartapulia.it/web/guest/dettaglio?id=113361	0	404	
https://cartapulia.it/web/guest/dettaglio?id=113972	0	404	
https://cartapulia.it/web/guest/dettaglio?id=128166	0	404	
https://cartapulia.it/web/guest/dettaglio?id=128155	0	404	
https://cartapulia.it/web/guest/dettaglio?id=128160	0	404	
https://cartapulia.it/web/guest/dettaglio?id=128236	0	404	
https://casalopez.it	0	301	https://www.casalopez.it/
https://cartapulia.it/web/guest/dettaglio?id=132532	0	404	
https://cartapulia.it/web/guest/dettaglio?id=128414	0	404	
https://caseificiogarofalo.it/	0	103	
https://comune.bitritto.ba.it/	0	200	
https://despar.com/pdv/maiora-s-r-l-viale-aldo-moro-terlizzi-1121	0	200	
https://diocesiugento.org/	0	200	
https://flexar.it	0	200	
https://ecogargano.it/	0	200	
https://fioreviaggi.com/	0	200	
https://gattobiancocasalabate.it/	6		
https://grottadeicervi.wordpress.com/	0	200	
https://euro92.it/	0	200	
https://fondoambiente.it/luoghi/abbazia-di-santa-maria-di-cerrate	0	200	
https://iissvoltadegemmis.edu.it/	0	410	
https://iccavallino.edu.it/	0	200	
https://humusnature.it/	0	301	https://www.humusnature.it/
https://it.wikipedia.org/wiki/Manuela_Arcuri#La_statua	0	200	
https://infolecce.it	0	301	https://www.infolecce.it/
https://ilsentierodellangelo.it/	0	301	https://www.ilsentierodellangelo.it/
https://lediomedee.it/	0	200	
https://linktr.ee/Vinicio_Bitonto	0	200	
https://le-ko.it/	0	200	
https://m.facebook.com/Bar-Castello-609947772372214/	0	302	https://m.facebook.com/login.php?next=https%3A%2F%2Fm.facebook.com%2FBar-Castello-609947772372214%2F&refsrc=deprecated&_rdr
https://m.facebook.com/Barstefanelli/	0	302	https://m.facebook.com/login.php?next=https%3A%2F%2Fm.facebook.com%2FBarstefanelli%2F&refsrc=deprecated&_rdr
https://m.facebook.com/infopointGrottaglie	0	302	https://m.facebook.com/login.php?next=https%3A%2F%2Fm.facebook.com%2FinfopointGrottaglie&refsrc=deprecated&_rdr
https://madi-pizzeria.business.site/	0	404	
https://linktr.ee/amenil	0	200	
https://linktr.ee/monkeyclub.lecce	0	200	
https://masseriaelysium.com/	0	301	https://www.masseriaelysium.com/
https://morganschoolterlizzi.it	0	200	
https://museobiologiamarina.unisalento.it	0	301	https://www.unisalento.it/musei/museo-di-biologia-marina
https://oasigt.oneminutesite.it/	7		
https://norcineriailsimposio.eatbu.com/?lang=it	0	200	
https://pinacoteca.comune.terlizzi.ba.it	60		
https://paolocasolo.com/	0	200	
https://museotancredi.it/	0	200	
https://pizzerialatorregalatina.it	6		
https://pubblimediaterlizzi.it/	0	503	
https://portale.comune.sanferdinandodipuglia.bt.it/	0	200	
https://pugliaonbike.it/	0	200	
https://regina-botter.jimdosite.com/	0	403	
https://fratelligourmet.it/	6		
https://salinamargheritadisavoia.it/	0	301	https://www.salinamargheritadisavoia.it/
https://riservaboscopianelle.it/	0	301	http://riservaboscopianelle.it/wp/
https://scuolarcobaleno.business.site	0	404	
https://services.brt.it/it/filiale/lecce-sud	0	200	
https://regiohotel.it/	0	200	
https://spiaggialunga.it/camping-a-vieste/	0	200	
https://sanmarzano.wine/	0	200	
https://spinelcaffe.it	0	301	https://www.spinelcaffe.it/
https://sostacampersole.it/	0	200	
https://terredellolmo.it/	0	301	https://terredellolmo.it/it/
https://therapia.it/	0	200	
https://torrepozzelle.com/	0	200	
https://viestemarina.com/	0	200	
https://villaggioarizona.com/	0	200	
https://villaggiomanacore.it/	0	200	
https://web.archive.org/web/20130806065950/http://www.ba.itc.cnr.it/TRL/TRL0044.html	0	200	
https://siusa.archivi.beniculturali.it/cgi-bin/pagina.pl?TipoPag=prodente&Chiave=26492	28		
https://www.acquaesapone.it/?gclid=CjwKCAjwwdWVBhA4EiwAjcYJEL6pG2Y5BH8-Pg7z7HEMvVr-uDn-dDHcPOjl8w78Ige8y_a6eFQoRBoCL7AQAvD_BwE	0	200	
https://www.agrisafrapuglia.com/	6		
https://www.agricampeggiomalapezza.it/	0	200	
https://www.altrabucco.com/	0	200	
https://spilusi.com/	28		
https://uomodialtamura.it/Centro-Lamalunga/3	0	200	
https://www.antimoristorante.com/	0	200	
https://www.antonio-augusto.com/	0	301	https://antonio-augusto.com/
https://www.albergoilgiardino.com/	0	200	
https://www.animaecuore.it	0	200	
https://www.archimodestudiostore.com/	0	200	
https://www.baiadelmonaco.it/	0	301	https://www.baiadelmonaco.it/it/index.html
https://www.baiadicampi.it/	0	200	
https://www.baritours.it	0	200	
https://www.automaticasoftware.it	0	200	
https://www.brindisiweb.it/arcidiocesi/chiese/ostuni/sangiuseppe.htm	0	200	
https://www.borgorossoterra.com/	0	200	
https://www.brindisiweb.it/arcidiocesi/chiese/ostuni/smaria_stella.htm	0	200	
https://www.autonoleggiopagano.it/	0	200	
https://www.bagno27.com/	0	200	
https://www.cafcisl.it	0	200	
https://www.caladeiginepri.com/	0	301	https://www.caladeiginepri.com/it/
https://www.campingadriatico.it/	0	200	
https://www.caseinvenditapeschici.it	6		
https://www.campingboscoselva.it/	0	200	
https://www.cittacivile.it	35		
https://www.cittadelsole.it/companies/view/alberobello	0	200	
https://www.casa-vacanze-vieste-sunlove.it/	0	200	
https://www.clarcap.it/dove-siamo/monasteri/	0	200	
https://www.centrovacanzeoriente.it/	0	200	
https://www.comprensivoparabita.edu.it/	0	200	
https://www.comune.barletta.bt.it/	0	200	
https://www.comune.grumoappula.ba.it	0	404	
https://www.comprensivosylos.edu.it/	0	200	
https://www.comune.cavallino.le.it/	0	200	
https://www.comune.minervinomurge.bt.it	0	302	hh/index.php
https://www.comune.mesagne.br.it/Servizi/Biblioteca-Comunale-Ugo-Granafei	0	301	https://www.comune.mesagne.br.it/punto_contatto/biblioteca-comunale-ugo-granafei/
https://www.carabinieri.it/	28		
https://www.comune.terlizzi.ba.it	60		
https://www.comune.torchiarolo.br.it/	0	200	
https://www.comune.laterza.ta.it/	0	404	
https://www.comunemonteiasi.it/	0	301	https://www.comune.monteiasi.ta.it
https://www.conservatoriofoggia.it/	0	200	
https://www.corvotorvo.it/	0	200	
https://www.crigrottaglie.it/	0	403	
https://www.conventosantuariopadrepio.it/	0	302	https://www.conventosantuariopadrepio.it/it.html
https://www.daeventpuglia.it/	0	200	
https://www.dalbacostruzioni.it/	0	200	
https://www.daziogianniristorantepizzeria.it/	0	200	
https://www.diocesifoggiabovino.it/	0	200	
https://www.diocesimanfredonia.it/	0	200	
https://www.diocesibrindisiostuni.it/	0	200	
https://www.dantedivinoconvivio.com/	0	200	
https://www.diocesiotranto.it/	0	200	
https://www.divatende.com/	0	200	
https://www.docartis.com/OSTUNI%20beni%20culturali/casini_torri_ville_masserie/006.pdf	0	200	
https://www.docartis.com/OSTUNI%20beni%20culturali/casini_torri_ville_masserie/017.pdf	0	200	
https://www.docartis.com/OSTUNI%20beni%20culturali/casini_torri_ville_masserie/035.pdf	0	200	
https://www.docartis.com/OSTUNI%20beni%20culturali/casini_torri_ville_masserie/048.pdf	0	200	
https://www.diocesisansevero.it/	0	200	
https://www.docartis.com/OSTUNI%20beni%20culturali/casini_torri_ville_masserie/056.pdf	0	200	
https://www.docartis.com/OSTUNI%20beni%20culturali/casini_torri_ville_masserie/169.pdf	0	200	
https://www.docartis.com/OSTUNI%20beni%20culturali/casini_torri_ville_masserie/176.pdf	0	200	
https://www.docartis.com/OSTUNI-12%20masserie/Mass%20CAMERE.pdf	0	200	
https://www.docartis.com/OSTUNI_CHIESE_RURALI/Chiesa_mass_RIALBO_DI_SOPRA_rudere.pdf	0	200	
https://www.docartis.com/OSTUNI_MASSERIE/Masseria%20Barbagianni.pdf	0	200	
https://www.docartis.com/OSTUNI_MASSERIE/Masseria%20Termetrio.pdf	0	200	
https://www.docartis.com/OSTUNI_umanesimo_pietra/MANGIAMUSO_NUOVA.pdf	0	200	
https://www.diocesinardogallipoli.it/	0	301	https://diocesinardogallipoli.it/
https://www.edenbluvieste.it/	0	200	
https://www.dolmensportresort.it/	0	301	https://www.colordolmenvillage.it/
https://www.doriagioielli.it	0	200	
https://www.emporis.com/buildings/1242876/ginosa-water-tower-ginosa-italy	60		
https://www.edenresortcountry.it/	0	301	https://edenresortcountry.it/
https://www.epcpep.com/terlizzi	0	403	
https://www.elgazerpub.it/	0	200	
https://www.edorestaurant.it/	0	200	
https://www.eshoremobility.com/	0	301	https://enermia.org/
https://www.facebook.com/Il-Salu-Mino-raffinatezze-enogastronomiche-116495698473555	0	302	https://www.facebook.com/login/?next=https%3A%2F%2Fwww.facebook.com%2FIl-Salu-Mino-raffinatezze-enogastronomiche-116495698473555
https://www.facebook.com/ForcatellaCamperOfficial/	0	200	
https://www.facebook.com/discountmotorsfg/	0	200	
https://www.facebook.com/ilgiocodeisensi.terlizzi/	0	200	
https://www.energymbitonto.it/	0	200	
https://www.featsrl.it/	0	200	
https://www.famila.it/punti-vendita/puglia/famila-giovinazzo	0	200	
https://www.exedragroup.com/	0	200	
https://www.ffbetania.net/case-di-fraternita/terlizzi-ba/	0	200	
https://www.fseonline.it	60		
https://www.fontanadellerose.com/	0	200	
https://www.fusillorosina.it/	0	200	
https://www.fondazionedepaloungaro.it	0	200	
https://www.foscheriniauto.it/	0	200	
https://www.geraniumbeb.com/	0	200	
https://www.galileicostascarambone.edu.it/	0	200	
https://www.gallipoliresort.it	0	301	https://gallipoliresort.it/
https://www.giramondoviaggimolfettaterlizzi.com/	7		
https://www.gesmundomorofiore.edu.it	0	301	https://www.donpappagallogesmundo.edu.it/
https://www.grottadellacqua.com/	0	200	
https://www.guidedocartis.it/?page_id=35246	0	200	
https://www.gattarella.it/	0	200	
https://www.grottadeltrullo.com/	0	200	
https://www.giararesort.com/	0	200	
https://www.hoteldaltavilla.it/	0	200	
https://www.hotelfini.it/	0	301	https://hotelfini.it/
https://www.hotelsvevo.it/it/	0	200	
https://www.hotelsvevo.it/larea-camper-per-la-tua-sosta/	0	200	
https://www.ilgiardinodeibimbiterlizzi.it/	0	301	https://ilgiardinodeibimbiterlizzi.centroserviziscuoleinretesrl.it/
https://www.itc.cnr.it/ba/sc/TRL/TRL0005.html	0	404	
https://www.itc.cnr.it/ba/sc/TRL/TRL0010.html#TRL0010	0	404	
https://www.istitutoprestacolumella.edu.it/	0	200	
https://www.iccassanoderenzio.edu.it/	0	200	
https://www.itc.cnr.it/ba/sc/TRL/TRL0042.html	0	404	
https://www.itc.cnr.it/ba/sc/TRL/TRL0043.html	0	404	
https://www.itc.cnr.it/ba/sc/TRL/TRL0051.html	0	404	
https://www.itc.cnr.it/ba/sc/TRL/TRL0054.html	0	404	
https://www.itc.cnr.it/ba/sc/TRL/TRL0055.html	0	404	
https://www.itesbitonto.edu.it/	0	200	
https://www.lafayettehotelbari.com/	0	200	
https://www.ledueaquile.it	6		
https://www.layogurteria.it/	0	200	
https://www.lamalecanne.it/	0	200	
https://www.legea.it/	0	308	https://www.legea.com
https://www.leggimenu.it/menu/7hrkbfan72	0	302	https://www.leggimenu.it/menu/404.php
https://www.leggimenu.it/menu/mosaicbari	0	200	
https://www.lidl.it/s/it-IT/ricerca-punto-vendita/bari-ba/strada-san-giorgio-martire-19-17/	0	301	https://www.lidl.it/s/it-IT/ricerca-negozio/bari-ba/strada-san-giorgio-martire-19-17/
https://www.liceociardopellegrinolecce.edu.it/	0	200	
https://www.liceisylosfiore.edu.it	0	200	
https://www.liside.edu.it/	6		
https://www.lidolecanne.it	0	503	
https://www.lidodelpiacere.it/	0	200	
https://www.lochaletgargano.com/area-camper/	0	200	
https://www.lsgalilei.edu.it/	0	200	
https://www.madonnadellacoltura.it/	0	200	
https://www.lecarasse.it/	0	200	
https://www.marbelonline.com	0	302	https://www.marbelonline.com/it
https://www.maliavillage.com/	0	200	
https://www.masseriafulcignano.com/	0	200	
https://www.masserialacornula.com	0	302	https://www.masserialacornula.com/it/
https://www.masseriacasinabellanova.com	0	200	
https://www.masserialatofala.it/	0	200	
https://www.mcdonalds.it/	92		
https://www.mdspa.it/	0	200	
https://www.miravacanze.it/	0	200	
https://www.museocapuano.it/	0	200	
https://www.molinellavacanze.it/	0	200	
https://www.masseriasantateresa.com/	0	200	
https://www.museodelconfetto.it/	0	200	
https://www.museomele.it/	0	200	
https://www.ostuni.eu/chiesa-annunziata-ostuni.html	0	302	https://expireddomains.com/domain/ostuni.eu
https://www.operaprima-ristorantepizzeria.it/	0	200	
https://www.ostuni.eu/portali-Ostuni-2.html	0	302	https://expireddomains.com/domain/ostuni.eu
https://www.ostuni.eu/portali-Ostuni.html	0	302	https://expireddomains.com/domain/ostuni.eu
https://www.ostuni.eu/santuario-sant-Oronzo.html	0	302	https://expireddomains.com/domain/ostuni.eu
https://www.palestraplanetgym.com/	0	200	
https://www.pantocrator.it/	0	200	
https://www.masseriapilapalucci.it/	0	200	
https://www.paternosteraltamura.com/	0	301	https://lnx.paternosteraltamura.com/
https://www.pbacasamia.com/bb-puglia/	0	404	
https://www.piafondazionepanico.it/	0	200	
https://www.pianetaostuni.it/index.php/18-chiese-rurali/24-casalini	28		
https://www.pianetaostuni.it/index.php/18-chiese-rurali/477-borzone-2	28		
https://www.pianetaostuni.it/index.php/18-chiese-rurali/490-tutosa-2	28		
https://www.pianetaostuni.it/index.php/18-chiese-rurali/500-albrizio-2	28		
https://www.pianetaostuni.it/index.php/18-chiese-rurali/516-san-paolo-piccolo-2	28		
https://www.pianetaostuni.it/index.php/18-chiese-rurali/529-sansone-alla-selva-2	28		
https://www.pianetaostuni.it/index.php/18-chiese-rurali/530-santa-lucia-2	28		
https://www.pianetaostuni.it/index.php/18-chiese-rurali/533-cantone-2	28		
https://www.pianetaostuni.it/index.php/18-chiese-rurali/534-cappuccini-2	28		
https://www.pianetaostuni.it/index.php/18-chiese-rurali/549-soluco-11	28		
https://www.pianetaostuni.it/index.php/18-chiese-rurali/560-soluco-22	28		
https://www.pianetaostuni.it/index.php/18-chiese-rurali/566-soluco-28	28		
https://www.pianetaostuni.it/index.php/18-chiese-rurali/567-soluco-29	28		
https://www.pianetaostuni.it/index.php/18-chiese-rurali/569-soluco-31	28		
https://www.pianetaostuni.it/index.php/18-chiese-rurali/570-soluco-32	28		
https://www.pianetaostuni.it/index.php/19-ville-e-casine/574-soluco-35	28		
https://www.pianetaostuni.it/index.php/19-ville-e-casine/576-soluco-37	28		
https://www.pianetaostuni.it/index.php/19-ville-e-casine/577-soluco-38	28		
https://www.pianetaostuni.it/index.php/19-ville-e-casine/578-soluco-39	28		
https://www.pianetaostuni.it/index.php/19-ville-e-casine/579-soluco-40	28		
https://www.pianetaostuni.it/index.php/19-ville-e-casine/580-soluco-41	28		
https://www.pianetaostuni.it/index.php/19-ville-e-casine/581-soluco-42	28		
https://www.pianetaostuni.it/index.php/19-ville-e-casine/582-soluco-43	28		
https://www.pianetaostuni.it/index.php/19-ville-e-casine/583-soluco-44	28		
https://www.pianetaostuni.it/index.php/19-ville-e-casine/584-soluco-45	28		
https://www.pianetaostuni.it/index.php/19-ville-e-casine/585-soluco-46	28		
https://www.pianetaostuni.it/index.php/19-ville-e-casine/586-soluco-47	28		
https://www.pianetaostuni.it/index.php/19-ville-e-casine/587-soluco-48	28		
https://www.pianetaostuni.it/index.php/19-ville-e-casine/588-soluco-49	28		
https://www.pianetaostuni.it/index.php/19-ville-e-casine/589-soluco-50	28		
https://www.pianetaostuni.it/index.php/19-ville-e-casine/590-soluco-51	28		
https://www.pianetaostuni.it/index.php/19-ville-e-casine/591-soluco-52	28		
https://www.pianetaostuni.it/index.php/19-ville-e-casine/592-soluco-53	28		
https://www.pianetaostuni.it/index.php/19-ville-e-casine/593-soluco-54	28		
https://www.pianetaostuni.it/index.php/19-ville-e-casine/594-soluco-55	28		
https://www.pianetaostuni.it/index.php/19-ville-e-casine/595-soluco-56	28		
https://www.pianetaostuni.it/index.php/19-ville-e-casine/596-soluco-57	28		
https://www.pianetaostuni.it/index.php/19-ville-e-casine/598-soluco-59	28		
https://www.pianetaostuni.it/index.php/19-ville-e-casine/599-soluco-60	28		
https://www.pianetaostuni.it/index.php/19-ville-e-casine/600-soluco-61	28		
https://www.pianetaostuni.it/index.php/19-ville-e-casine/601-soluco-62	28		
https://www.pianetaostuni.it/index.php/19-ville-e-casine/602-soluco-63	28		
https://www.pianetaostuni.it/index.php/19-ville-e-casine/603-soluco-64	28		
https://www.pianetaostuni.it/index.php/19-ville-e-casine/604-soluco-65	28		
https://www.pianetaostuni.it/index.php/19-ville-e-casine/605-soluco-66	28		
https://www.pianetaostuni.it/index.php/19-ville-e-casine/606-soluco-67	28		
https://www.pianetaostuni.it/index.php/19-ville-e-casine/607-soluco-68	28		
https://www.pianetaostuni.it/index.php/19-ville-e-casine/608-soluco-69	28		
https://www.pianetaostuni.it/index.php/19-ville-e-casine/609-soluco-70	28		
https://www.pianetaostuni.it/index.php/19-ville-e-casine/610-soluco-71	28		
https://www.pianetaostuni.it/index.php/19-ville-e-casine/611-soluco-72	28		
https://www.pianetaostuni.it/index.php/19-ville-e-casine/612-soluco-73	28		
https://www.pianetaostuni.it/index.php/19-ville-e-casine/613-soluco-74	28		
https://www.pianetaostuni.it/index.php/19-ville-e-casine/614-soluco-75	28		
https://www.pianetaostuni.it/index.php/19-ville-e-casine/615-soluco-76	28		
https://www.pianetaostuni.it/index.php/19-ville-e-casine/616-soluco-77	28		
https://www.pianetaostuni.it/index.php/19-ville-e-casine/617-soluco-78	28		
https://www.pianetaostuni.it/index.php/19-ville-e-casine/618-soluco-79	28		
https://www.pianetaostuni.it/index.php/19-ville-e-casine/619-soluco-80	28		
https://www.pianetaostuni.it/index.php/19-ville-e-casine/620-soluco-81	28		
https://www.pianetaostuni.it/index.php/19-ville-e-casine/621-soluco-82	28		
https://www.pianetaostuni.it/index.php/19-ville-e-casine/622-soluco-83	28		
https://www.pianetaostuni.it/index.php/19-ville-e-casine/623-soluco-84	28		
https://www.pianetaostuni.it/index.php/19-ville-e-casine/624-soluco-85	28		
https://www.pianetaostuni.it/index.php/19-ville-e-casine/625-soluco-86	28		
https://www.pianetaostuni.it/index.php/19-ville-e-casine/626-soluco-87	28		
https://www.pianetaostuni.it/index.php/19-ville-e-casine/627-soluco-88	28		
https://www.pianetaostuni.it/index.php/19-ville-e-casine/628-soluco-89	28		
https://www.pianetaostuni.it/index.php/19-ville-e-casine/629-soluco-90	28		
https://www.pianetaostuni.it/index.php/19-ville-e-casine/630-soluco-91	28		
https://www.pianetaostuni.it/index.php/19-ville-e-casine/631-soluco-92	28		
https://www.pianetaostuni.it/index.php/19-ville-e-casine/632-soluco-93	28		
https://www.pianetaostuni.it/index.php/19-ville-e-casine/633-soluco-94	28		
https://www.pianetaostuni.it/index.php/19-ville-e-casine/634-soluco-95	28		
https://www.pianetaostuni.it/index.php/19-ville-e-casine/635-soluco-96	28		
https://www.pianetaostuni.it/index.php/19-ville-e-casine/636-soluco-97	28		
https://www.pianetaostuni.it/index.php/19-ville-e-casine/637-soluco-98	28		
https://www.pianetaostuni.it/index.php/19-ville-e-casine/638-soluco-99	28		
https://www.pianetaostuni.it/index.php/19-ville-e-casine/639-soluco-100	28		
https://www.pianetaostuni.it/index.php/19-ville-e-casine/641-soluco-102	28		
https://www.pianetaostuni.it/index.php/19-ville-e-casine/642-soluco-103	28		
https://www.pianetaostuni.it/index.php/20-costa-e-spiagge/647-01-lamaforca-3	28		
https://www.pianetaostuni.it/index.php/altri-luoghi/boschi	28		
https://www.pianetaostuni.it/index.php/lame/d-antelmi	28		
https://www.pianetaostuni.it/index.php/lame/delle-grotte	28		
https://www.pianetaostuni.it/index.php/lame/delle-monache	28		
https://www.pianetaostuni.it/index.php/lame/difesa-di-malta	28		
https://www.pianetaostuni.it/index.php/lame/fiume-morelli	28		
https://www.pianetaostuni.it/index.php/lame/gorgognolo	28		
https://www.pianetaostuni.it/index.php/lame/lamacavallo	28		
https://www.pianetaostuni.it/index.php/lame/lamacornola	28		
https://www.pianetaostuni.it/index.php/lame/lamaforca	28		
https://www.pianetaostuni.it/index.php/lame/lamasanta	28		
https://www.pianetaostuni.it/index.php/lame/mangiamuso	28		
https://www.pianetaostuni.it/index.php/lame/montanaro	28		
https://www.pianetaostuni.it/index.php/lame/rosa-marina	28		
https://www.pianetaostuni.it/index.php/lame/santa-lucia	28		
https://www.pianetaostuni.it/index.php/lame/torre-pozzelle	28		
https://www.pianetaostuni.it/index.php/masserie/tutte/100-spagnulo	28		
https://www.pianetaostuni.it/index.php/masserie/tutte/101-spagnulo-piccolo	28		
https://www.pianetaostuni.it/index.php/masserie/tutte/102-spalluto	28		
https://www.pianetaostuni.it/index.php/masserie/tutte/104-tenuta-le-taverne	28		
https://www.pianetaostuni.it/index.php/masserie/tutte/105-torre-bianca	28		
https://www.pianetaostuni.it/index.php/masserie/tutte/107-villa-rosato	28		
https://www.pianetaostuni.it/index.php/masserie/tutte/108-villanova	28		
https://www.pianetaostuni.it/index.php/masserie/tutte/109-villanova-di-mangiamuso	28		
https://www.pianetaostuni.it/index.php/masserie/tutte/11-abadia	28		
https://www.pianetaostuni.it/index.php/masserie/tutte/110-abadia-due	28		
https://www.pianetaostuni.it/index.php/masserie/tutte/111-abadia-piccola	28		
https://www.pianetaostuni.it/index.php/masserie/tutte/112-abadia-uno	28		
https://www.pianetaostuni.it/index.php/masserie/tutte/113-alberodolce	28		
https://www.pianetaostuni.it/index.php/masserie/tutte/114-alberodolce-due	28		
https://www.pianetaostuni.it/index.php/masserie/tutte/115-alberodolce-uno	28		
https://www.pianetaostuni.it/index.php/masserie/tutte/116-baugli	28		
https://www.pianetaostuni.it/index.php/masserie/tutte/117-boezio	28		
https://www.pianetaostuni.it/index.php/masserie/tutte/118-boezio-uno	28		
https://www.pianetaostuni.it/index.php/masserie/tutte/12-albrizio	28		
https://www.pianetaostuni.it/index.php/masserie/tutte/120-calcagni-nuovo	28		
https://www.pianetaostuni.it/index.php/masserie/tutte/121-calcagni-uno	28		
https://www.pianetaostuni.it/index.php/masserie/tutte/122-casamatrone	28		
https://www.pianetaostuni.it/index.php/masserie/tutte/123-cesaresei	28		
https://www.pianetaostuni.it/index.php/masserie/tutte/124-citro	28		
https://www.pianetaostuni.it/index.php/masserie/tutte/125-colagiovanni	28		
https://www.pianetaostuni.it/index.php/masserie/tutte/126-concadoro	28		
https://www.pianetaostuni.it/index.php/masserie/tutte/127-concezione	28		
https://www.pianetaostuni.it/index.php/masserie/tutte/128-conenna	28		
https://www.pianetaostuni.it/index.php/masserie/tutte/129-continelli	28		
https://www.pianetaostuni.it/index.php/masserie/tutte/13-abate-marchionna	28		
https://www.pianetaostuni.it/index.php/masserie/tutte/130-corona	28		
https://www.pianetaostuni.it/index.php/masserie/tutte/131-farina	28		
https://www.pianetaostuni.it/index.php/masserie/tutte/134-gorgognolo	28		
https://www.pianetaostuni.it/index.php/masserie/tutte/135-gorgognolo-nuovo	28		
https://www.pianetaostuni.it/index.php/masserie/tutte/136-grottone	28		
https://www.pianetaostuni.it/index.php/masserie/tutte/137-grottone-piccolo	28		
https://www.pianetaostuni.it/index.php/masserie/tutte/138-impisi	28		
https://www.pianetaostuni.it/index.php/masserie/tutte/139-jecc-jacc	28		
https://www.pianetaostuni.it/index.php/masserie/tutte/14-bugello	28		
https://www.pianetaostuni.it/index.php/masserie/tutte/140-lamacavallo	28		
https://www.pianetaostuni.it/index.php/masserie/tutte/141-lamacavallo-cinquanta	28		
https://www.pianetaostuni.it/index.php/masserie/tutte/143-lamacavallo-uno	28		
https://www.pianetaostuni.it/index.php/masserie/tutte/144-lama-d-antelmi	28		
https://www.pianetaostuni.it/index.php/masserie/tutte/145-lamaforca-villaggio-valtur	28		
https://www.pianetaostuni.it/index.php/masserie/tutte/146-lamasanta	28		
https://www.pianetaostuni.it/index.php/masserie/tutte/148-lardagnano	28		
https://www.pianetaostuni.it/index.php/masserie/tutte/149-lardagnano-nuovo	28		
https://www.pianetaostuni.it/index.php/masserie/tutte/15-aia-grande	28		
https://www.pianetaostuni.it/index.php/masserie/tutte/151-le-case	28		
https://www.pianetaostuni.it/index.php/masserie/tutte/152-le-case-uno	28		
https://www.pianetaostuni.it/index.php/masserie/tutte/153-leoci	28		
https://www.pianetaostuni.it/index.php/masserie/tutte/154-libertini	28		
https://www.pianetaostuni.it/index.php/masserie/tutte/156-locopagliaro	28		
https://www.pianetaostuni.it/index.php/masserie/tutte/157-mangiamuso	28		
https://www.pianetaostuni.it/index.php/masserie/tutte/158-marangiarizza	28		
https://www.pianetaostuni.it/index.php/masserie/tutte/159-martano	28		
https://www.pianetaostuni.it/index.php/masserie/tutte/16-borzone	28		
https://www.pianetaostuni.it/index.php/masserie/tutte/160-martano-nuovo	28		
https://www.pianetaostuni.it/index.php/masserie/tutte/161-marzio	28		
https://www.pianetaostuni.it/index.php/masserie/tutte/162-mogale	28		
https://www.pianetaostuni.it/index.php/masserie/tutte/163-mogale-piccolo	28		
https://www.pianetaostuni.it/index.php/masserie/tutte/164-montanaro	28		
https://www.pianetaostuni.it/index.php/masserie/tutte/165-ovile-calaprico	28		
https://www.pianetaostuni.it/index.php/masserie/tutte/166-ovile-san-giovanni	28		
https://www.pianetaostuni.it/index.php/masserie/tutte/167-ovile-tamburroni	28		
https://www.pianetaostuni.it/index.php/masserie/tutte/168-pezza-anglani	28		
https://www.pianetaostuni.it/index.php/masserie/tutte/169-pezza-la-spina	28		
https://www.pianetaostuni.it/index.php/masserie/tutte/170-pezza-la-spina-schiavone	28		
https://www.pianetaostuni.it/index.php/masserie/tutte/171-pinto	28		
https://www.pianetaostuni.it/index.php/masserie/tutte/172-pinto-uno	28		
https://www.pianetaostuni.it/index.php/masserie/tutte/173-pozzella	28		
https://www.pianetaostuni.it/index.php/masserie/tutte/174-puntore	28		
https://www.pianetaostuni.it/index.php/masserie/tutte/175-refrigerio	28		
https://www.pianetaostuni.it/index.php/masserie/tutte/176-ricupero	28		
https://www.pianetaostuni.it/index.php/masserie/tutte/177-rienzo	28		
https://www.pianetaostuni.it/index.php/masserie/tutte/178-rienzo-uno	28		
https://www.pianetaostuni.it/index.php/masserie/tutte/179-rosara	28		
https://www.pianetaostuni.it/index.php/masserie/tutte/18-calavetta	28		
https://www.pianetaostuni.it/index.php/masserie/tutte/180-santa-toce	28		
https://www.pianetaostuni.it/index.php/masserie/tutte/181-san-giovanni	28		
https://www.pianetaostuni.it/index.php/masserie/tutte/182-sant-andrea	28		
https://www.pianetaostuni.it/index.php/masserie/tutte/183-sant-andrea-nuovo	28		
https://www.pianetaostuni.it/index.php/masserie/tutte/184-santa-caterina	28		
https://www.pianetaostuni.it/index.php/masserie/tutte/186-santa-maria-la-strada	28		
https://www.pianetaostuni.it/index.php/masserie/tutte/187-santo-magno	28		
https://www.pianetaostuni.it/index.php/masserie/tutte/188-schiavone	28		
https://www.pianetaostuni.it/index.php/masserie/tutte/189-scopinaro	28		
https://www.pianetaostuni.it/index.php/masserie/tutte/19-caldararo	28		
https://www.pianetaostuni.it/index.php/masserie/tutte/190-tamburroni	28		
https://www.pianetaostuni.it/index.php/masserie/tutte/192-valente	28		
https://www.pianetaostuni.it/index.php/masserie/tutte/193-villa-agreste	28		
https://www.pianetaostuni.it/index.php/masserie/tutte/194-zampignola	28		
https://www.pianetaostuni.it/index.php/masserie/tutte/195-ovile-zampignola-piccola	28		
https://www.pianetaostuni.it/index.php/masserie/tutte/198-boccadoro	28		
https://www.pianetaostuni.it/index.php/masserie/tutte/20-cammarone	28		
https://www.pianetaostuni.it/index.php/masserie/tutte/201-casieddi	28		
https://www.pianetaostuni.it/index.php/masserie/tutte/203-citrignano	28		
https://www.pianetaostuni.it/index.php/masserie/tutte/204-confergola	28		
https://www.pianetaostuni.it/index.php/masserie/tutte/205-donnagnora	28		
https://www.pianetaostuni.it/index.php/masserie/tutte/206-donna-nina	28		
https://www.pianetaostuni.it/index.php/masserie/tutte/207-falgheri	28		
https://www.pianetaostuni.it/index.php/masserie/tutte/208-follifuoco	28		
https://www.pianetaostuni.it/index.php/masserie/tutte/209-gaito	28		
https://www.pianetaostuni.it/index.php/masserie/tutte/21-canemazzo	28		
https://www.pianetaostuni.it/index.php/masserie/tutte/210-giovannarolla	28		
https://www.pianetaostuni.it/index.php/masserie/tutte/211-giovannelli	28		
https://www.pianetaostuni.it/index.php/masserie/tutte/212-grotta	28		
https://www.pianetaostuni.it/index.php/masserie/tutte/213-guappi	28		
https://www.pianetaostuni.it/index.php/masserie/tutte/214-lamacoppa	28		
https://www.pianetaostuni.it/index.php/masserie/tutte/216-martucci	28		
https://www.pianetaostuni.it/index.php/masserie/tutte/217-mastrofrancesco	28		
https://www.pianetaostuni.it/index.php/masserie/tutte/218-matieri	28		
https://www.pianetaostuni.it/index.php/masserie/tutte/219-molillo	28		
https://www.pianetaostuni.it/index.php/masserie/tutte/22-caporizzo	28		
https://www.pianetaostuni.it/index.php/masserie/tutte/220-molillo-grande	28		
https://www.pianetaostuni.it/index.php/masserie/tutte/223-musone	28		
https://www.pianetaostuni.it/index.php/masserie/tutte/224-paradiso	28		
https://www.pianetaostuni.it/index.php/masserie/tutte/225-parco-grande-di-monsignore	28		
https://www.pianetaostuni.it/index.php/masserie/tutte/226-parco-piccolo	28		
https://www.pianetaostuni.it/index.php/masserie/tutte/227-piatone	28		
https://www.pianetaostuni.it/index.php/masserie/tutte/228-pignataro	28		
https://www.pianetaostuni.it/index.php/masserie/tutte/229-polinisso	28		
https://www.pianetaostuni.it/index.php/masserie/tutte/23-casalini	28		
https://www.pianetaostuni.it/index.php/masserie/tutte/230-ramunno	28		
https://www.pianetaostuni.it/index.php/masserie/tutte/231-salinola	28		
https://www.pianetaostuni.it/index.php/masserie/tutte/232-san-benedetto-grande	28		
https://www.pianetaostuni.it/index.php/masserie/tutte/233-san-benedetto-grande-uno	28		
https://www.pianetaostuni.it/index.php/masserie/tutte/234-san-benedetto-piccolo	28		
https://www.pianetaostuni.it/index.php/masserie/tutte/235-san-benedetto-uno	28		
https://www.pianetaostuni.it/index.php/masserie/tutte/236-san-paolo-grande	28		
https://www.pianetaostuni.it/index.php/masserie/tutte/238-san-paolo-piccolo-diciotto	28		
https://www.pianetaostuni.it/index.php/masserie/tutte/239-san-paolo-uno	28		
https://www.pianetaostuni.it/index.php/masserie/tutte/240-santo-scalone	28		
https://www.pianetaostuni.it/index.php/masserie/tutte/241-traetta-piccola	28		
https://www.pianetaostuni.it/index.php/masserie/tutte/242-vado-aperto	28		
https://www.pianetaostuni.it/index.php/masserie/tutte/244-bagnardi	28		
https://www.pianetaostuni.it/index.php/masserie/tutte/245-bilanciara	28		
https://www.pianetaostuni.it/index.php/masserie/tutte/246-camere	28		
https://www.pianetaostuni.it/index.php/masserie/tutte/247-carestia	28		
https://www.pianetaostuni.it/index.php/masserie/tutte/248-carmine	28		
https://www.pianetaostuni.it/index.php/masserie/tutte/249-cavallerizza	28		
https://www.pianetaostuni.it/index.php/masserie/tutte/25-casamassima	28		
https://www.pianetaostuni.it/index.php/masserie/tutte/250-cavalliero	28		
https://www.pianetaostuni.it/index.php/masserie/tutte/251-certosa	28		
https://www.pianetaostuni.it/index.php/masserie/tutte/252-cervarolo	28		
https://www.pianetaostuni.it/index.php/masserie/tutte/253-chiobbica	28		
https://www.pianetaostuni.it/index.php/masserie/tutte/256-fogliarella	28		
https://www.pianetaostuni.it/index.php/masserie/tutte/257-foragno	28		
https://www.pianetaostuni.it/index.php/masserie/tutte/258-fumarola	28		
https://www.pianetaostuni.it/index.php/masserie/tutte/259-ghiaci	28		
https://www.pianetaostuni.it/index.php/masserie/tutte/260-grieco	28		
https://www.pianetaostuni.it/index.php/masserie/tutte/261-impiccato	28		
https://www.pianetaostuni.it/index.php/masserie/tutte/262-la-chiusa	28		
https://www.pianetaostuni.it/index.php/masserie/tutte/263-lamardilla	28		
https://www.pianetaostuni.it/index.php/masserie/tutte/264-lamatroccolo	28		
https://www.pianetaostuni.it/index.php/masserie/tutte/265-lamie-peroni	28		
https://www.pianetaostuni.it/index.php/masserie/tutte/266-lorizzo	28		
https://www.pianetaostuni.it/index.php/masserie/tutte/267-masseriola	28		
https://www.pianetaostuni.it/index.php/masserie/tutte/268-minchiullo	28		
https://www.pianetaostuni.it/index.php/masserie/tutte/269-mincuccio	28		
https://www.pianetaostuni.it/index.php/masserie/tutte/27-cimino	28		
https://www.pianetaostuni.it/index.php/masserie/tutte/270-monte-la-morte	28		
https://www.pianetaostuni.it/index.php/masserie/tutte/271-morrella	28		
https://www.pianetaostuni.it/index.php/masserie/tutte/272-ovile-sessana-grande	28		
https://www.pianetaostuni.it/index.php/masserie/tutte/273-padolecchia	28		
https://www.pianetaostuni.it/index.php/masserie/tutte/274-parchetieddo	28		
https://www.pianetaostuni.it/index.php/masserie/tutte/276-picciardi	28		
https://www.pianetaostuni.it/index.php/masserie/tutte/277-pisciarulo	28		
https://www.pianetaostuni.it/index.php/masserie/tutte/278-porcara	28		
https://www.pianetaostuni.it/index.php/masserie/tutte/279-san-benedetto	28		
https://www.pianetaostuni.it/index.php/masserie/tutte/28-cosca	28		
https://www.pianetaostuni.it/index.php/masserie/tutte/280-san-galaro	28		
https://www.pianetaostuni.it/index.php/masserie/tutte/281-sansone-alla-selva	28		
https://www.pianetaostuni.it/index.php/masserie/tutte/282-santa-filomena	28		
https://www.pianetaostuni.it/index.php/masserie/tutte/283-santa-lucia	28		
https://www.pianetaostuni.it/index.php/masserie/tutte/284-santa-lucia-piccola	28		
https://www.pianetaostuni.it/index.php/masserie/tutte/285-satia	28		
https://www.pianetaostuni.it/index.php/masserie/tutte/286-satia-grande	28		
https://www.pianetaostuni.it/index.php/masserie/tutte/288-sessana-grande	28		
https://www.pianetaostuni.it/index.php/masserie/tutte/289-sessana-piccola	28		
https://www.pianetaostuni.it/index.php/masserie/tutte/29-difesa-di-malta	28		
https://www.pianetaostuni.it/index.php/masserie/tutte/290-sorbole	28		
https://www.pianetaostuni.it/index.php/masserie/tutte/291-spartacavalluzzo	28		
https://www.pianetaostuni.it/index.php/masserie/tutte/292-tolla	28		
https://www.pianetaostuni.it/index.php/masserie/tutte/293-traetta	28		
https://www.pianetaostuni.it/index.php/masserie/tutte/294-traetta-grande	28		
https://www.pianetaostuni.it/index.php/masserie/tutte/295-traetta-tredici	28		
https://www.pianetaostuni.it/index.php/masserie/tutte/296-traetta-uno-traghetto	28		
https://www.pianetaostuni.it/index.php/masserie/tutte/297-traghetto	28		
https://www.pianetaostuni.it/index.php/masserie/tutte/298-trinchera	28		
https://www.pianetaostuni.it/index.php/masserie/tutte/299-verrani	28		
https://www.pianetaostuni.it/index.php/masserie/tutte/30-difesa-di-malta-uno	28		
https://www.pianetaostuni.it/index.php/masserie/tutte/300-zingarello	28		
https://www.pianetaostuni.it/index.php/masserie/tutte/301-cantone	28		
https://www.pianetaostuni.it/index.php/masserie/tutte/302-cappelluzzo	28		
https://www.pianetaostuni.it/index.php/masserie/tutte/303-cappelluzzo-nuovo-19	28		
https://www.pianetaostuni.it/index.php/masserie/tutte/304-cappuccini	28		
https://www.pianetaostuni.it/index.php/masserie/tutte/305-carello	28		
https://www.pianetaostuni.it/index.php/masserie/tutte/307-cavallo	28		
https://www.pianetaostuni.it/index.php/masserie/tutte/308-cervillo	28		
https://www.pianetaostuni.it/index.php/masserie/tutte/309-fantese	28		
https://www.pianetaostuni.it/index.php/masserie/tutte/31-don-carlotto	28		
https://www.pianetaostuni.it/index.php/masserie/tutte/310-fasano	28		
https://www.pianetaostuni.it/index.php/masserie/tutte/311-ferri	28		
https://www.pianetaostuni.it/index.php/masserie/tutte/312-fogge-di-sauro	28		
https://www.pianetaostuni.it/index.php/masserie/tutte/313-galante	28		
https://www.pianetaostuni.it/index.php/masserie/tutte/314-giorgetta	28		
https://www.pianetaostuni.it/index.php/masserie/tutte/315-grotta-di-figazzano	28		
https://www.pianetaostuni.it/index.php/masserie/tutte/317-la-fica	28		
https://www.pianetaostuni.it/index.php/masserie/tutte/319-mezzoprete	28		
https://www.pianetaostuni.it/index.php/masserie/tutte/32-due-trappeti	28		
https://www.pianetaostuni.it/index.php/masserie/tutte/321-monte-michele	28		
https://www.pianetaostuni.it/index.php/masserie/tutte/323-portarino	28		
https://www.pianetaostuni.it/index.php/masserie/tutte/324-rascina	28		
https://www.pianetaostuni.it/index.php/masserie/tutte/325-san-salvatore	28		
https://www.pianetaostuni.it/index.php/masserie/tutte/326-santa-nanna	28		
https://www.pianetaostuni.it/index.php/masserie/tutte/327-santoro	28		
https://www.pianetaostuni.it/index.php/masserie/tutte/328-settarte	28		
https://www.pianetaostuni.it/index.php/masserie/tutte/33-fiume-morello	28		
https://www.pianetaostuni.it/index.php/masserie/tutte/330-soluco-dodici	28		
https://www.pianetaostuni.it/index.php/masserie/tutte/34-foggiali	28		
https://www.pianetaostuni.it/index.php/masserie/tutte/35-fontenuova	28		
https://www.pianetaostuni.it/index.php/masserie/tutte/36-fontevecchia	28		
https://www.pianetaostuni.it/index.php/masserie/tutte/37-fuggiola	28		
https://www.pianetaostuni.it/index.php/masserie/tutte/38-garzia	28		
https://www.pianetaostuni.it/index.php/masserie/tutte/39-giardino	28		
https://www.pianetaostuni.it/index.php/masserie/tutte/40-gravina	28		
https://www.pianetaostuni.it/index.php/masserie/tutte/41-gravinella	28		
https://www.pianetaostuni.it/index.php/masserie/tutte/42-grisiglio	28		
https://www.pianetaostuni.it/index.php/masserie/tutte/43-grisiglio-uno	28		
https://www.pianetaostuni.it/index.php/masserie/tutte/44-il-frantoio	28		
https://www.pianetaostuni.it/index.php/masserie/tutte/45-la-grave	28		
https://www.pianetaostuni.it/index.php/masserie/tutte/46-la-rascina	28		
https://www.pianetaostuni.it/index.php/masserie/tutte/47-lamacornola	28		
https://www.pianetaostuni.it/index.php/masserie/tutte/48-lamiola-grande	28		
https://www.pianetaostuni.it/index.php/masserie/tutte/49-lamiola-piccola	28		
https://www.pianetaostuni.it/index.php/masserie/tutte/5-agnano	28		
https://www.pianetaostuni.it/index.php/masserie/tutte/52-l-ovile	28		
https://www.pianetaostuni.it/index.php/masserie/tutte/53-maccarrone	28		
https://www.pianetaostuni.it/index.php/masserie/tutte/54-macchialieto	28		
https://www.pianetaostuni.it/index.php/masserie/tutte/55-macchialieto-due	28		
https://www.pianetaostuni.it/index.php/masserie/tutte/56-macchialieto-uno	28		
https://www.pianetaostuni.it/index.php/masserie/tutte/58-malandrino	28		
https://www.pianetaostuni.it/index.php/masserie/tutte/59-masseria-nuova	28		
https://www.pianetaostuni.it/index.php/masserie/tutte/60-mazzapiecore	28		
https://www.pianetaostuni.it/index.php/masserie/tutte/61-montalbano-piccolo	28		
https://www.pianetaostuni.it/index.php/masserie/tutte/62-montalbano-vecchio	28		
https://www.pianetaostuni.it/index.php/masserie/tutte/63-monticelli	28		
https://www.pianetaostuni.it/index.php/masserie/tutte/64-morrone	28		
https://www.pianetaostuni.it/index.php/masserie/tutte/65-morrone-uno	28		
https://www.pianetaostuni.it/index.php/masserie/tutte/66-olive-nardo	28		
https://www.pianetaostuni.it/index.php/masserie/tutte/67-ovile-pizzicucco	28		
https://www.pianetaostuni.it/index.php/masserie/tutte/68-palombara	28		
https://www.pianetaostuni.it/index.php/masserie/tutte/69-palombara-di-villanova	28		
https://www.pianetaostuni.it/index.php/masserie/tutte/70-palombara-grande	28		
https://www.pianetaostuni.it/index.php/masserie/tutte/71-palombara-piccola	28		
https://www.pianetaostuni.it/index.php/masserie/tutte/72-palombara-uno	28		
https://www.pianetaostuni.it/index.php/masserie/tutte/73-parco-paolino	28		
https://www.pianetaostuni.it/index.php/masserie/tutte/74-pezze-caldaia	28		
https://www.pianetaostuni.it/index.php/masserie/tutte/75-pezze-caldaia-due	28		
https://www.pianetaostuni.it/index.php/masserie/tutte/76-piccole-taverne	28		
https://www.pianetaostuni.it/index.php/masserie/tutte/77-pichilicchio	28		
https://www.pianetaostuni.it/index.php/masserie/tutte/79-picoco-uno	28		
https://www.pianetaostuni.it/index.php/masserie/tutte/81-pioppo	28		
https://www.pianetaostuni.it/index.php/masserie/tutte/82-pizzicucco	28		
https://www.pianetaostuni.it/index.php/masserie/tutte/83-portofetente	28		
https://www.pianetaostuni.it/index.php/masserie/tutte/85-rialbo-di-sopra	28		
https://www.pianetaostuni.it/index.php/masserie/tutte/86-rialbo-di-sotto	28		
https://www.pianetaostuni.it/index.php/masserie/tutte/87-rissieddi	28		
https://www.pianetaostuni.it/index.php/masserie/tutte/88-rodio	28		
https://www.pianetaostuni.it/index.php/masserie/tutte/91-san-lorenzo	28		
https://www.pianetaostuni.it/index.php/masserie/tutte/92-san-lorenzo-uno	28		
https://www.pianetaostuni.it/index.php/masserie/tutte/95-santuri	28		
https://www.pianetaostuni.it/index.php/masserie/tutte/96-scategna	28		
https://www.pianetaostuni.it/index.php/masserie/tutte/97-semerano	28		
https://www.pianetaostuni.it/index.php/masserie/tutte/98-semerano-uno	28		
https://www.pianetaostuni.it/index.php/masserie/tutte/99-settantasette	28		
https://www.pianetaostuni.it/index.php/trappeti/tutte-2/362-piccole-taverne-2	28		
https://www.pianetaostuni.it/index.php/trappeti/tutte-2/373-gorgognolo-2	28		
https://www.pianetaostuni.it/index.php/trappeti/tutte-2/384-marangiarizza-2	28		
https://www.pianetaostuni.it/index.php/trappeti/tutte-2/388-rienzo-uno-2	28		
https://www.pianetaostuni.it/index.php/trappeti/tutte-2/391-villa-agreste-2	28		
https://www.pianetaostuni.it/index.php/trappeti/tutte-2/395-aia-grande-2	28		
https://www.pianetaostuni.it/index.php/trappeti/tutte-2/402-sansone-3	28		
https://www.pianetaostuni.it/index.php/trappeti/tutte-2/404-spagnulo-2	28		
https://www.pianetaostuni.it/index.php/trappeti/tutte-2/405-agnano-2	28		
https://www.pianetaostuni.it/index.php/trappeti/tutte-2/406-agnano-3	28		
https://www.pianetaostuni.it/index.php/trappeti/tutte-2/407-agnano-4	28		
https://www.pianetaostuni.it/index.php/trappeti/tutte-2/408-agnano-5	28		
https://www.pianetaostuni.it/index.php/trappeti/tutte-2/409-agnano-6	28		
https://www.pianetaostuni.it/index.php/trappeti/tutte-2/410-agnano-7	28		
https://www.pianetaostuni.it/index.php/trappeti/tutte-2/411-agnano-8	28		
https://www.pianetaostuni.it/index.php/trappeti/tutte-2/412-agnano-9	28		
https://www.pianetaostuni.it/index.php/trappeti/tutte-2/413-agnano-10	28		
https://www.pianetaostuni.it/index.php/trappeti/tutte-2/414-agnano-11	28		
https://www.pianetaostuni.it/index.php/trappeti/tutte-2/415-agnano-12	28		
https://www.pianetaostuni.it/index.php/trappeti/tutte-2/416-agnano-13	28		
https://www.pianetaostuni.it/index.php/trappeti/tutte-2/417-agnano-14	28		
https://www.pianetaostuni.it/index.php/trappeti/tutte-2/418-agnano-15	28		
https://www.pianetaostuni.it/index.php/trappeti/tutte-2/419-agnano-16	28		
https://www.pianetaostuni.it/index.php/trappeti/tutte-2/420-agnano-17	28		
https://www.pianetaostuni.it/index.php/trappeti/tutte-2/421-agnano-18	28		
https://www.pianetaostuni.it/index.php/trappeti/tutte-2/422-agnano-19	28		
https://www.pianetaostuni.it/index.php/trappeti/tutte-2/423-agnano-20	28		
https://www.pianetaostuni.it/index.php/trappeti/tutte-2/424-agnano-21	28		
https://www.pianetaostuni.it/index.php/trappeti/tutte-2/425-agnano-22	28		
https://www.pianetaostuni.it/index.php/trappeti/tutte-2/426-agnano-23	28		
https://www.pianetaostuni.it/index.php/trappeti/tutte-2/427-agnano-24	28		
https://www.pianetaostuni.it/index.php/trappeti/tutte-2/428-agnano-25	28		
https://www.pianetaostuni.it/index.php/trappeti/tutte-2/429-agnano-26	28		
https://www.pianetaostuni.it/index.php/trappeti/tutte-2/430-agnano-27	28		
https://www.pianetaostuni.it/index.php/trappeti/tutte-2/431-agnano-28	28		
https://www.pianetaostuni.it/index.php/trappeti/tutte-2/432-agnano-29	28		
https://www.pianetaostuni.it/index.php/trappeti/tutte-2/433-agnano-30	28		
https://www.pianetaostuni.it/index.php/trappeti/tutte-2/434-agnano-31	28		
https://www.pianetaostuni.it/index.php/trappeti/tutte-2/435-agnano-32	28		
https://www.pianetaostuni.it/index.php/trappeti/tutte-2/436-agnano-33	28		
https://www.pianetaostuni.it/index.php/trappeti/tutte-2/437-agnano-34	28		
https://www.pianetaostuni.it/index.php/trappeti/tutte-2/438-agnano-35	28		
https://www.pianetaostuni.it/index.php/trappeti/tutte-2/439-agnano-36	28		
https://www.piccologarzia.it/	0	200	
https://www.pianetaostuni.it/index.php/trappeti/tutte-2/440-agnano-37	28		
https://www.plazacarrisi.it/	0	200	
https://www.residencedelfino.com/	0	200	
https://www.pianetaostuni.it/index.php/trappeti/tutte-2/452-agnano-49	28		
https://www.residenzecarafa.com	0	200	
https://www.ristorantepizzerialacialda.it/	0	200	
https://www.procivmarittima.it/	0	200	
https://www.sanita.puglia.it/web/asl-foggia/continuita-assistenziale	0	200	
https://www.santuariosanmichele.it/	0	200	
https://www.salvatorepetriella.it	0	200	
https://www.santuariosanmichele.it/musei-tecum/	0	200	
https://www.scubadiving.it	0	200	
https://www.pianetaostuni.it/index.php/trappeti/tutte-2/474-agnano-71	28		
https://www.secolario.com	0	200	
https://www.secondocircoloboscoterlizzi.edu.it	0	301	https://icboscomorofioreterlizzi.edu.it/
https://www.scialmarino.it/	0	200	
https://www.scuoladonpappagallo.edu.it	6		
https://www.teleradiopadrepio.it/	0	200	
https://www.teatropubblicopugliese.it/teatro/teatro-traetta-2/	0	301	https://teatropubblicopugliese.it/teatro/teatro-traetta-2/
https://www.tenutamezzana.it/	0	301	https://www.tenutamezzana.it/it/
https://www.tenutaroccicerasoli.it/	0	200	
https://www.tenutapapola.it/	0	200	
https://www.trmtv.it	0	200	
https://www.todis.it/	0	200	
https://www.terranima.com/	0	200	
https://www.truddhi.com/	0	200	
https://www.umbramare.it/	0	200	
https://www.viaggiareinpuglia.it/at/13/areaarcheologica/3687/it/Parco-archeologico-Li-Castelli-San-Pancrazio-Salentino-(Brindisi)	0	301	http://viaggiareinpuglia.it/it/attrattori
https://www.vignamarina.it/	0	403	
https://www.venetacucine.com/rivenditore/veneta-cucine-a-bari-di-avellino-elisa	0	200	
https://www.villaggiobaiadellatufara.it/	0	200	
https://www.villaggioilpilone.it/	0	200	
https://www.villadellepalme.it	0	500	
https://www.villaggiomirage.it/	0	200	
https://www.villaggioripa.it/	0	200	
https://www.villaggioledune.it/	0	200	
https://www.villaggiotiziana.it/	0	200	
https://www.villaggioverdemare.it/	0	200	
https://www.vinibonsegna.it/	35		
https://www.villaggiosanpablovieste.it/	0	200	
sapuritosantasabina.it	-1		
www.anellienoteca.com	-1		
www.docartis.com/OSTUNI%20beni%20culturali/casini_torri_ville_masserie/013.pdf	-1		
www.iticostruzioni.it	-1		
www.karabu.it	-1		
www.lapietraprontoprato.it	-1		
www.quintocolore.it	-1		
www.tenutamadia.it	-1		
www.tigota.it	-1		
https://www.volivorestaurant.it	6		
https://www.vinylzoneshop.com/	0	302	http://vinylzoneshop.com/
https://www.vitruviosrl.com/	0	200	
