<?xml version="1.0" encoding="UTF-8"?>
<!DOCTYPE html PUBLIC "-//W3C//DTD XHTML 1.0 Strict//EN"
    "http://www.w3.org/TR/xhtml1/DTD/xhtml1-strict.dtd">
<html xmlns="http://www.w3.org/1999/xhtml" xml:lang="en" lang="en">
<head>
  <meta http-equiv="content-type" content="text/html; charset=utf-8" lang="en"/>
  <title>OSM3S Response</title>
</head>
<body>

<p>The data included in this document is from www.openstreetmap.org. The data is made available under ODbL.</p>
<p><strong style="color:#FF0000">Error</strong>: runtime error: open64: 0 Success /osm3s_osm_base Dispatcher_Client::request_read_and_idx::timeout. The server is probably too busy to handle your request. </p>

</body>
</html>
node	267435000	https://www.museodelconfetto.it/
node	305000300	https://www.comune.terlizzi.ba.it
node	347426173	https://pinacoteca.comune.terlizzi.ba.it
node	373382776	https://www.epcpep.com/terlizzi
node	429597454	https://www.itc.cnr.it/ba/sc/TRL/TRL0055.html
node	534596017	https://www.sanita.puglia.it/web/asl-foggia/continuita-assistenziale
node	538337616	http://www.abbaziadipulsano.org/
node	563766858	https://www.piccologarzia.it/
node	898256873	https://www.scubadiving.it
node	2361341097	https://scuolarcobaleno.business.site
node	3598336093	www.tenutamadia.it
node	3682522074	https://www.conservatoriofoggia.it/
node	3774238147	https://www.grottadeltrullo.com/
node	3779617236	http://www.palazzogorgoni.it/
node	3845885449	http://www.tipicoresort.it
node	3999455561	https://www.hoteldaltavilla.it/
node	4101133934	https://salinamargheritadisavoia.it/
node	4112905018	https://www.masseriapilapalucci.it/
node	4355936774	https://www.terranima.com/
node	4378802389	www.iticostruzioni.it
node	4432190804	http://www.bbtemplari.com
node	4799174514	http://www.facula.eu/
node	4807243721	http://www.pennettilab.it
node	4838564523	https://www.altrabucco.com/
node	4955086668	www.karabu.it
node	5003035800	https://www.conventosantuariopadrepio.it/
node	5199447007	http://www.cantodellerane.it
node	5300942194	https://linktr.ee/Vinicio_Bitonto
node	5647436322	https://www.leggimenu.it/menu/mosaicbari
node	6049526625	http://www.vocedipadrepio.com
node	6049526692	https://www.ristorantepizzerialacialda.it/
node	6131171574	www.anellienoteca.com
node	6472575820	https://museotancredi.it/
node	6482957534	https://www.teleradiopadrepio.it/
node	6510804213	https://ilsentierodellangelo.it/
node	6597537359	sapuritosantasabina.it
node	7237208692	https://oasigt.oneminutesite.it/
node	7237537986	https://le-ko.it/
node	7416303185	http://www.sportivity.net
node	7417880485	http://www.portasanmicheleaffittacamere.it
node	7442887731	https://www.facebook.com/Il-Salu-Mino-raffinatezze-enogastronomiche-116495698473555
node	7790470041	https://www.museomele.it/
node	7836994387	https://infolecce.it
node	7837345885	https://spinelcaffe.it
node	7888362949	https://www.facebook.com/ilgiocodeisensi.terlizzi/
node	7889613121	https://m.facebook.com/Bar-Castello-609947772372214/
node	8005881934	https://www.fondazionedepaloungaro.it
node	9118748463	https://www.automaticasoftware.it
node	9348440529	https://www.lafayettehotelbari.com/
node	9631106470	https://www.venetacucine.com/rivenditore/veneta-cucine-a-bari-di-avellino-elisa
node	9718135977	https://www.todis.it/
node	9800237154	http://www.acquariopiu.it
node	9802625492	https://www.paternosteraltamura.com/
node	9802692398	https://casalopez.it
node	9802695341	https://www.facebook.com/discountmotorsfg/
node	9802730965	https://www.daeventpuglia.it/
node	9835604512	https://sanmarzano.wine/
node	9897874374	https://m.facebook.com/infopointGrottaglie
node	9950259522	https://canoci-rosaria.business.site/
node	9950259525	https://m.facebook.com/Barstefanelli/
node	9962082058	https://www.leggimenu.it/menu/7hrkbfan72
node	9964394274	www.tigota.it
node	9964394281	https://www.legea.it/
node	9964397322	https://www.doriagioielli.it
node	9981560245	https://norcineriailsimposio.eatbu.com/?lang=it
node	10002894483	https://www.giramondoviaggimolfettaterlizzi.com/
node	10004261978	https://www.cittacivile.it
node	10011077804	https://pubblimediaterlizzi.it/
node	10023439240	https://www.salvatorepetriella.it
node	10028317444	https://web.archive.org/web/20130806065950/http://www.ba.itc.cnr.it/TRL/TRL0044.html
node	10030078453	https://www.itc.cnr.it/ba/sc/TRL/TRL0010.html#TRL0010
node	10030078454	https://www.itc.cnr.it/ba/sc/TRL/TRL0005.html
node	10030078455	https://www.itc.cnr.it/ba/sc/TRL/TRL0054.html
node	10030447521	https://www.itc.cnr.it/ba/sc/TRL/TRL0042.html
node	10030447522	https://www.itc.cnr.it/ba/sc/TRL/TRL0043.html
node	10030447523	https://www.itc.cnr.it/ba/sc/TRL/TRL0051.html
node	10030447524	https://www.itc.cnr.it/ba/sc/TRL/TRL0064.html
node	10032371712	https://www.featsrl.it/
node	10033463542	http://www.ilgiardinodeibimbiterlizzi.it/
node	10281875910	https://www.vitruviosrl.com/
node	10542776817	https://www.trmtv.it
node	10694687770	https://pizzerialatorregalatina.it
node	11076679870	https://www.cittadelsole.it/companies/view/alberobello
node	11100118525	https://www.lecarasse.it/
node	11108033584	https://www.dantedivinoconvivio.com/
node	11114525868	http://www.casadeldisco.it/
node	11176657016	https://www.crigrottaglie.it
node	11200928752	http://www.3cpowersrl.com
node	11200942458	https://www.caseinvenditapeschici.it
node	11244224102	https://www.volivorestaurant.it
node	11248459226	http://www.salentodarare.it
node	11249042809	https://madi-pizzeria.business.site/
node	11339294053	https://www.vinylzoneshop.com/
node	11360482530	http://www.secasrl.it
node	11367018637	https://www.pbacasamia.com/bb-puglia/
node	11377436107	https://www.foscheriniauto.it/
node	11380111135	https://www.dalbacostruzioni.it/
node	11390073107	https://www.edenresortcountry.it/
node	11407209641	https://paolocasolo.com/
node	11513656728	https://uomodialtamura.it/Centro-Lamalunga/3
node	11716602810	https://www.santuariosanmichele.it/musei-tecum/
node	11750119900	http://www.brindisieleantichestrade.com/
node	11884849968	https://brico-casa.it
node	12150438012	https://www.layogurteria.it/
node	12150451998	https://www.edorestaurant.it/
node	12150453317	https://www.elgazerpub.it/
node	12151379498	https://regina-botter.jimdosite.com/
node	12163863537	https://www.museocapuano.it/
node	12452918213	https://caseificiogarofalo.it/
node	12459748663	https://www.ledueaquile.it
node	12469810252	https://www.corvotorvo.it/
node	12471059991	https://www.energymbitonto.it/
node	12501156777	https://therapia.it/
node	12558518963	https://www.operaprima-ristorantepizzeria.it/
node	12706282665	https://fratelligourmet.it/
node	12994461420	https://humusnature.it/
node	13027417094	https://morganschoolterlizzi.it
node	13034623733	https://actipur.com/
node	13067637764	https://www.tenutamezzana.it/
way	26346040	https://ecogargano.it/
way	68334157	http://www.scuoladonpappagallo.it/
way	72401407	https://www.secondocircoloboscoterlizzi.edu.it
way	78626385	https://www.gesmundomorofiore.edu.it
way	92402804	http://www.santuariosanmichele.it/
way	148789446	http://www.aeroclubbrindisi.it/
way	186273199	https://www.liceisylosfiore.edu.it
way	211340871	http://www.teatrotendaduelune.org
way	246786944	http://musei.beniculturali.it/musei?mid=879&nome=castello-di-copertino
way	297194064	https://www.comune.cavallino.le.it/
way	297196937	https://www.mdspa.it/
way	298867779	https://linktr.ee/monkeyclub.lecce
way	299999568	https://fondoambiente.it/luoghi/abbazia-di-santa-maria-di-cerrate
way	322135529	https://www.viaggiareinpuglia.it/at/13/areaarcheologica/3687/it/Parco-archeologico-Li-Castelli-San-Pancrazio-Salentino-(Brindisi)
way	340087182	https://www.antimoristorante.com/
way	355434366	www.quintocolore.it
way	380851478	https://www.comprensivosylos.edu.it/
way	397710431	https://www.liside.edu.it/
way	402902564	https://www.madonnadellacoltura.it/
way	402903524	https://www.fseonline.it
way	403251903	https://www.tenutaroccicerasoli.it/
way	403712491	http://www.masserialatorre.it/
way	404161253	http://www.casalespisari.it/
way	405756608	https://www.hotelfini.it/
way	405756744	https://www.pantocrator.it/
way	405757123	http://www.parrocchiatrasfigurazione.it/
way	405757490	http://www.sanleonardoabate.it/
way	405765819	https://www.teleradiopadrepio.it/
way	406310589	https://regiohotel.it/
way	406683983	https://www.albergoilgiardino.com/
way	407428805	https://www.comune.barletta.bt.it/
way	409147276	https://www.scuoladonpappagallo.edu.it
way	409194550	https://www.villadellepalme.it
way	409196441	https://flexar.it
way	409197129	https://www.marbelonline.com
way	409204294	https://www.teatropubblicopugliese.it/teatro/teatro-traetta-2/
way	410174105	https://www.truddhi.com/
way	417998216	https://www.baritours.it
way	420406610	https://linktr.ee/amenil
way	421384489	https://www.comune.torchiarolo.br.it/
way	421899763	https://anticotrulloulmo.wordpress.com/
way	424155867	http://www.comune.torricella.ta.it/
way	424451299	https://www.carabinieri.it/
way	424560783	https://www.acquaesapone.it/?gclid=CjwKCAjwwdWVBhA4EiwAjcYJEL6pG2Y5BH8-Pg7z7HEMvVr-uDn-dDHcPOjl8w78Ige8y_a6eFQoRBoCL7AQAvD_BwE
way	425578246	https://bahianegra.it/
way	425834846	https://museobiologiamarina.unisalento.it
way	425843620	https://www.masseriacasinabellanova.com
way	434376199	https://gattobiancocasalabate.it/
way	483498297	http://www.rinascitaagricola.it
way	487368660	http://www.carolihotels.com/bellavista-club/
way	488652067	http://www.iissgiannelliparabita.gov.it/
way	490141862	https://www.gallipoliresort.it
way	497986872	https://www.lidolecanne.it
way	504187692	https://www.masseriasantateresa.com/
way	531524963	http://www.lidl.it
way	546601724	https://www.hotelsvevo.it/it/
way	560091669	https://www.villaggioripa.it/
way	581809208	http://www.ecomusei.eu/mondilocali/ecomuseo-del-paesaggio-delle-serre-salentine-di-neviano/
way	590238364	https://www.bagno27.com/
way	635944214	http://www.hotelrivabella.it
way	715690847	https://www.famila.it/punti-vendita/puglia/famila-giovinazzo
way	729540430	https://www.santuariosanmichele.it/
way	762293547	https://www.mcdonalds.it/
way	769416558	https://iccavallino.edu.it/
way	769424574	https://iccavallino.edu.it/
way	999975302	https://www.agrisafrapuglia.com/
way	1053303943	https://www.procivmarittima.it/
way	1069959940	https://iissvoltadegemmis.edu.it/
way	1070593441	https://www.lidl.it/s/it-IT/ricerca-punto-vendita/bari-ba/strada-san-giorgio-martire-19-17/
way	1080298824	https://www.clarcap.it/dove-siamo/monasteri/
way	1095607002	http://www.bimbolandiaterlizzi.it
way	1133163627	http://www.hotelfrancesco.it/
way	1175277402	http://www.astronomiacasarano.it/
way	1178294683	https://www.comprensivoparabita.edu.it/
way	1178777346	http://www.lestelledimeme.it/
way	1205718766	https://www.residenzecarafa.com
way	1205718778	https://www.vinibonsegna.it/
way	1207391005	https://www.borgorossoterra.com/
way	1212951225	https://services.brt.it/it/filiale/lecce-sud
way	1213658376	https://www.secolario.com
way	1218435563	https://www.dolmensportresort.it/
way	1300404664	https://www.masseriafulcignano.com/
way	1306514335	https://sostacampersole.it/
way	1327449260	https://www.lochaletgargano.com/area-camper/
way	1327455277	https://www.agricampeggiomalapezza.it/
way	1340510694	https://www.hotelsvevo.it/larea-camper-per-la-tua-sosta/
way	1345419658	https://www.itesbitonto.edu.it/
way	1345419660	https://www.lsgalilei.edu.it/
way	1349171299	https://www.facebook.com/ForcatellaCamperOfficial/
way	1351248564	https://www.iccassanoderenzio.edu.it/
way	1383299251	https://www.masserialatofala.it/
way	1388696376	https://www.liceociardopellegrinolecce.edu.it/
way	1388696377	https://www.istitutoprestacolumella.edu.it/
way	1388799770	https://www.divatende.com/
relation	3536823	http://www.comune.bari.it
relation	4041429	https://www.conventosantuariopadrepio.it/
relation	5724434	http://www.comune.taranto.it/
relation	6123740	https://www.ffbetania.net/case-di-fraternita/terlizzi-ba/
relation	6323267	http://www.castellomonaci.it
relation	7163382	http://www.cinemateatririuniti.com/italia/
relation	11278322	https://www.baiadelmonaco.it/
relation	15341788	https://www.diocesimanfredonia.it/
relation	17997487	https://www.diocesinardogallipoli.it/
relation	17997733	https://www.diocesibrindisiostuni.it/
relation	17997902	https://diocesiugento.org/
relation	18005004	https://www.diocesiotranto.it/
relation	18005639	https://www.diocesifoggiabovino.it/
relation	18006059	https://www.diocesisansevero.it/
<?xml version="1.0" encoding="UTF-8"?>
<!DOCTYPE html PUBLIC "-//W3C//DTD XHTML 1.0 Strict//EN"
    "http://www.w3.org/TR/xhtml1/DTD/xhtml1-strict.dtd">
<html xmlns="http://www.w3.org/1999/xhtml" xml:lang="en" lang="en">
<head>
  <meta http-equiv="content-type" content="text/html; charset=utf-8" lang="en"/>
  <title>OSM3S Response</title>
</head>
<body>

<p>The data included in this document is from www.openstreetmap.org. The data is made available under ODbL.</p>
<p><strong style="color:#FF0000">Error</strong>: runtime error: open64: 0 Success /osm3s_osm_base Dispatcher_Client::request_read_and_idx::timeout. The server is probably too busy to handle your request. </p>

</body>
</html>
