Www.icaponi.it	-1		
fixme	-1		
gokartinpista.it	-1		
http://annunziata.matera.it/	6		
http://associazionecatusapollino.it/	6		
http://acquaesapone.it	0	302	https://www.acquaesapone.it/
https://www.poste.it/cerca/index.html#/risultati-cerca-up/Magnano,%20PZ,%20Italia	0	200	
http://bata.it	0	301	https://bata.it/
http://autolineecaivano.com	0	301	http://www.autolineecaivano.com/
http://basilicata.agenziaentrate.it	7		
http://biciclopz.it	0	301	http://www.biciclopz.it/
http://binformatic.it	0	403	
http://cercalatuascuola.istruzione.it/cercalatuascuola/istituti/PZMM880015/l-la-vista-pz/	0	301	https://cercalatuascuola.istruzione.it/cercalatuascuola/istituti/PZMM880015/l-la-vista-pz/
http://destinoristorante.it/	6		
https://www.parcovulture.it/it/turismo/architettura-storica/255-la-badia-di-sant-ippolito.html#:~:text=Sull'istmo%2C%20tra%20il%20Lago,periodo%20successivo%2C%20la%20torre%20campanaria.	0	200	
http://farmaciamallamo.com	0	301	http://www.farmaciamallamo.com/
http://giordanomargherita.wix.com/psi	0	301	https://giordanomargherita.wix.com:443/psi
http://ferramentadelpollino.it	6		
http://icbusciolano.gov.it	6		
http://happycasastore.it	0	301	https://www.happycasastore.it/
http://icoloridellavitabb.com	0	301	http://www.icoloridellavitabb.com/
http://idmakers.it	0	301	http://www.idmakers.it/
http://kartodromorsoleo.altervista.org	0	200	
http://liceoclassicostatale.pz.it	0	403	
http://matera.unmonastery.org	0	302	http://archives.unmonastery.org
http://kartodromopalazzo.it/	0	200	
http://comune.pisticci.mt.it	28		
http://musei.beniculturali.it/musei?mid=1352&nome=palazzo-ducale	28		
http://musei.beniculturali.it/musei?mid=325&nome=parco-archeologico-dellarea-urbana	28		
http://musei.beniculturali.it/musei?mid=326&nome=tempio-delle-tavole-palatine	28		
http://musei.beniculturali.it/musei?mid=327&nome=parco-archeologico-di-herakleia	28		
http://musei.beniculturali.it/musei?mid=331&nome=parco-archeologico-di-venosa	28		
http://musei.beniculturali.it/musei?mid=68&nome=museo-archeologico-nazionale-di-metaponto	28		
http://musei.beniculturali.it/musei?mid=69&nome=museo-archeologico-nazionale-domenico-ridola	28		
http://musei.beniculturali.it/musei?mid=71&nome=museo-archeologico-nazionale-della-siritide	28		
http://musei.beniculturali.it/musei?mid=73&nome=museo-archeologico-nazionale-del-melfese-massimo-pallottino	28		
http://musei.beniculturali.it/musei?mid=74&nome=museo-archeologico-nazionale-di-muro-lucano	28		
http://parcodellegravine.provincia.ta.it/	6		
http://parcoappenninolucano.it/	0	301	http://www.parcoappenninolucano.it/
http://portale.unibas.it/site/home.html	0	403	
http://musei.beniculturali.it/musei?mid=76&nome=museo-archeologico-nazionale-della-basilicata-dinu-adamesteanu	28		
http://scoutingfor.org/	6		
http://scorzetta.it/	0	200	
http://siem.euronics.it	0	301	https://siem.euronics.it/
http://unimed.altervista.org/index.php/cpf-di-matera-di-via-dante-nuova-sede/category/25	0	302	/index.php?option=com_content&view=article&id=143
http://vivailamalfatommaso.com/	0	200	
http://tavernaludwig.it	0	200	
http://volumezero.eu	0	301	https://volumezero.eu/
http://www-prolocoilportale-pignola.it	6		
http://win.comune.rioneroinvulture.pz.it/urbanistica_regolamento/allegati_33_bis/ELABORATI%20GEOLOGICI%20REGOLAMENTO%20URBANISTICO%20COMUNALE/all.12a.Relazione%20idraulica.pdf	0	200	
http://www.abriola.eu/	6		
http://www.365storie.it/	0	200	
http://www.agriturismoaicarconi.it	6		
http://www.agriturismopantaleonematera.it	0	301	https://www.agriturismopantaleonematera.it/
http://www.albergoboscomagnano.it	0	301	https://www.albergoboscomagnano.it/
http://www.agriturismoziaelena.it/	0	200	
http://www.albergoristorantepriore.it/	6		
http://www.artibasilicata.beniculturali.it	6		
http://www.aripotenza.it	0	302	https://www.aripz.it
http://museidea.basilicata.it/index.php?option=com_content&view=article&id=30&Itemid=31	28		
http://www.acquedottolucano.it	28		
http://www.autolineeliscio.it	0	301	https://autolineeliscio.it/
http://www.asmbasilicata.it/	28		
http://www.autoparcomatera.it/	0	200	
http://www.asmbasilicata.it/servizi/guardiamedica.htm	28		
http://www.bbantoniovivaldi.it/	6		
http://www.basilicata.beniculturali.it/index.php?option=com_k2&view=item&id=454:matera-area-archeologica-di-timmari-%E2%80%93-san-salvatore-restauro-e-manutenzione-strutture-aggiudicazione-definitiva&Itemid=609	6		
http://www.benetural.com/	0	301	https://www.benetural.com/
http://www.bibliotecalucana.it	0	200	
http://www.badiasanmichele.it/badiasanmichele/Homepage.html	0	200	
http://www.bioagrisalute.it/	0	200	
http://www.blcmarmi.it	0	302	http://www.blcmarmi.it/Public
http://www.bgarte.com	0	301	https://www.bgarte.com/
http://www.aspbasilicata.it/servizi-nei-comuni/chiaromonte-attivit%C3%A0-ospedaliere	28		
http://www.cantucciodelvulture.it/	6		
http://www.caipotenza.it	0	301	https://www.cai.it/sezione/potenza
http://www.ceastigliano.org	0	403	
http://www.castelgrande.net/	0	301	http://www.tt1obs.org/
http://www.cartaecartoni.com	0	200	
http://www.caicastrovillari.it	0	200	
http://www.centrotilt.it/	6		
http://www.ceraunavoltapotenza.it/	6		
http://www.cgilmatera.it	6		
http://www.centrofunzionalebasilicata.it/it/stazione.php?id=525000	0	403	
http://www.chieseitaliane.chiesacattolica.it/chieseitaliane/AccessoEsterno.do?mode=guest&type=auto&code=24061#action=ricerca%2Frisultati&view=griglia&locale=it&ordine=&ambito=XD&liberadescr=CHIESA&liberaluogo=GROTTOLE&highlight=Chiesa	0	302	https://chieseitaliane.chiesacattolica.it/chieseitaliane/AccessoEsterno.do?mode=guest&type=auto&code=24061
http://www.comprensivotorracamatera.gov.it/	6		
http://www.cinemamatera.it/kennedy/index.asp	0	302	https://www.isassidimatera.com/foto/film/kennedy/index.asp
http://www.cineteatrodonbosco.com	0	301	https://www.cineteatrodonbosco.com/
http://www.comune.calciano.mt.it/	0	302	hh/index.php
http://www.cislbasilicata.it/	0	200	
http://www.comune.montescaglioso.mt.it/	0	301	https://www.comune.montescaglioso.mt.it/
http://www.comune.ferrandina.mt.it/sez1095781322/pag1104336121	0	404	
http://www.comune.grottole.mt.it/grottole/zf/index.php/servizi-aggiuntivi/index/index/idtesto/15	0	200	
http://www.comune.montescaglioso.mt.it/turismo/cosa-vedere/3487-chiesa-sant-agostino.html	0	301	https://www.comune.montescaglioso.mt.it/turismo/cosa-vedere/3487-chiesa-sant-agostino.html
http://www.comune.pietrapertosa.pz.it	0	302	https://www.comune.pietrapertosa.pz.it/
http://www.comune.paterno.pz.it/	0	302	https://www.comune.paterno.pz.it/
http://www.comune.novasiri.mt.it	0	301	https://www.comune.novasiri.mt.it/
http://www.comune.potenza.it/	0	403	
http://www.comune.rioneroinvulture.pz.it/	0	302	https://www.comune.rioneroinvulture.pz.it/
http://www.comunesantangelolefrattepz.it	0	301	https://www.comunesantangelolefrattepz.it/
http://www.cuspotenza.it/	6		
http://www.dallapadellaallabrace.com/	0	200	
http://www.deartevenandi.it	6		
http://www.controsensobasilicata.com	0	200	
http://www.e-coop.it/StoreLocator/dettaglio.jsp?id=4803	0	403	
http://www.farmaciafigliola.it	0	200	
http://www.farmaciagiacovazzo.it/farmacia/	6		
http://www.dilecce.com	0	200	
http://www.fontedalba.it/	6		
http://www.fiorincentro.com	0	301	https://www.fiorincentro.it/
http://www.fumettiegiochi.it/	0	200	
http://www.giuliettaneisassi.it	0	302	https://giuliettaneisassi.it/www/
http://www.godesk.it	0	403	
http://www.comune.barile.pz.it	28		
http://www.grandhotelmaratea.it	0	301	https://www.grandhotelmaratea.it/
http://www.hosteliltetto.com/	0	301	https://hosteliltetto.com/
http://www.hotelfarese.it/	0	302	it/index.php
http://www.grandealbergopotenza.it/it/	0	404	
http://www.hotelnatura.it/	0	200	
http://www.comuneviggiano.it/storia/chiesa_e_conv_di_sm.htm	28		
http://www.icluigilavista.gov.it/	6		
http://www.hotelvittoriapz.it	6		
http://www.ilnidodellostriscignl.it	0	200	
http://www.icnovasiri.edu.it/	0	301	https://www.icnovasiri.edu.it/
http://www.infopointuristico.it	6		
http://www.hotelmartino.net/ristorante.html	0	404	
http://www.issr-potenza.it/	6		
http://www.infinitamemoria.it/cimiteri/basilicata/matera/matera/cimitero-contrada-pantanello-matera	0	200	
http://www.lasirenadeitessuti.it	6		
http://www.latronico.eu	0	301	https://latronico.info/
http://www.latronico.eu/la-banca-del-riciclo-martedi-21-febbraio-2017-linaugurazione	0	301	https://latronico.info/la-banca-del-riciclo-martedi-21-febbraio-2017-linaugurazione
http://www.latronico.eu/la-delegazione-comunale	0	301	https://latronico.info/la-delegazione-comunale
http://www.gdf.it/reparti/reparto.asp?idreparto=MT050&provincia=&denominazione=&catastale=	28		
http://www.lestanzedellimperatore.it/	0	200	
http://www.lagiaramaratea.it/	0	200	
http://www.liceoscientificomt.it/	6		
http://www.likoshotel.it	0	301	https://www.likoshotel.com/
http://www.libreriadellarco.it/	0	200	
http://www.lavoltabuonamatera.it/	0	200	
http://www.lucanasistemi.com/it/	0	302	https://www.lucanasistemi.com/
http://www.locandadisanmartino.it/en/termae-romanae-3/	0	404	
http://www.locandadisanmartino.it/	0	200	
http://www.matera-irsina.chiesacattolica.it/	0	200	
http://www.miccolis-spa.it/lecce-napoli-da-scoprire/matera	0	200	
http://www.miccolis-spa.it/la-tua-citta/matera	0	200	
http://www.montesirino.com	6		
http://www.montescaglioso.net/node/1419	0	301	https://www.montescaglioso.net/node/1419
http://www.montescaglioso.net/node/1797	0	301	https://www.montescaglioso.net/node/1797
http://www.morganristorante.it/	0	301	https://www.morganristorantepizzeria.it/
http://www.mt.camcom.it	0	301	https://www.mt.camcom.it/
http://www.laraccoltadelleacquematera.it/	0	301	https://www.laraccoltadelleacquematera.it/
http://www.oasiwwfpolicoro.net	0	301	https://www.oasiwwfpolicoro.net/
http://www.musiclubmatera.it/	6		
http://www.orolucano.com/en/madonna-del-puleggio/	0	301	http://www.orolucano.com/en/madonna-del-puleggio
http://www.olivara.it/	0	301	https://www.olivara.it/
http://www.over-dream.com/	0	200	
http://www.palazzodegliabati.it	0	200	
http://www.panificiocifarelli.it/	0	200	
http://www.parcosculturalapalomba.it/	6		
http://www.parrocchiamoliterno.it/santa-maria-assunta/	0	200	
http://www.petruzziautolinee.it	0	301	https://www.petruzziautolinee.it/
http://www.piazzamulino26.it/	0	200	
http://www.pietrapanna.it/	0	200	
http://www.pinetapaducci.com	6		
http://www.multicinemaranieri.it	28		
http://www.pizzataxipotenza.it/	0	200	
http://www.museodelvulture.it/MonticchioPortale/it/contattaci.page	28		
http://www.progettolegnosas.net/	6		
http://www.pizzerialagogrande.it/	6		
http://www.quintocircolomatera.it/	6		
http://www.regione.basilicata.it	0	403	
http://www.ridolacaffe.com	6		
http://www.paesit.eu	28		
http://www.policorovillage.net/	0	301	https://www.policorovillage.net/
http://www.ristorantelancione.com/	6		
http://www.ristorantelaroulette.it	6		
http://www.ristorantelatettoia.it/	6		
http://www.ristoromanferrara.com	6		
http://www.ristorantedelcaveoso.it	0	200	
http://www.sanmarcoagriturismo.it/	0	200	
http://www.santuariopicciano.it/	0	301	https://www.santuariopicciano.it/
http://www.saporiincorso.it/	0	500	
http://www.sextantio.it/grotte-civita/	0	301	https://www.sextantio.it/legrottedellacivita/matera/
http://www.singaporesling.eu/	6		
http://www.santamariadelsepolcro.it/#	0	200	
http://www.spinafotostudio.it	0	301	https://www.spinafotostudio.it/
http://www.studioiacovone.it/	0	301	https://centroiacovone.it/
http://www.studioosteopatico.com	0	405	
http://www.suamaestalacarne.com/	6		
http://www.tecnomeccanicasrl.eu/	0	200	
http://www.studioinnovazione.com/	0	200	
http://www.torresatriano.it/	6		
http://www.touristhotelpotenza.com/	0	200	
http://www.therockhostel.it/	0	200	
http://www.trattoriapaolangelo.com	0	500	
http://www.tribunale.potenza.it/	0	301	https://www.tribunale.potenza.it/
http://www.uiuis.com/	0	405	
http://www.trattoriaiduesassi.it	0	200	
http://www.unimedmatera.it/	0	200	
http://www.rgspneumatici.it	28		
http://www.villadellago.it/	0	200	
http://www.ristoranteilcortile.com/	28		
https://agriturismo-il-riccio.business.site/	0	404	
https://airbnb.it/users/show/26988208	0	301	https://www.airbnb.it/users/show/26988208
https://albalogic.it/	0	200	
http://www.zetema.org/attivita/89-attivita/142-la-casa-di-ortega-la-bottega-delle-arti-applicate	0	404	
https://appenninobiketour.com/percorso/	0	200	
https://autoscuolelisciosnc.it/	6		
https://archidiap.com/opera/quartiere-spine-bianche-matera/	0	200	
https://bbnonnavincenzamaratea.com	0	302	https://bbnonnavincenzamaratea.com/it/home-page/
https://beb.it/cortedeiventi/it/	0	200	
https://bellavistacasavacanze.com/	0	301	https://www.bellavistacasavacanze.com/
https://biblioteca.unibas.it/site/home/biblioteca/sedi/polo-delle-scienze-umane.html	60		
https://biblioteca.unibas.it/site/home/biblioteca/sedi/polo-tecnico-scientifico.html	60		
http://www.vigilfuoco.it/sitiVVF/matera/	28		
https://bioerboristerialettieri.business.site/	0	404	
http://www.vigilfuoco.it/sitiVVF/potenza/	28		
https://bio-cosmo.it	0	301	https://www.bio-cosmo.it/
https://bnl.it/it	0	200	
https://boutiqueanna.com/	0	103	
https://brunomoda.com	0	103	
https://borgosanfrancescomatera.it/	0	200	
https://cailagonegro.com/	0	200	
https://camminomaterano.it/via/1/via-peuceta	0	200	
https://boaren.com	0	200	
https://camminomaterano.it/via/9/via-ellenica-terra-delle-gravine	0	200	
https://cantinecifarelli.it/	0	200	
https://carburanti.esso.it/it-it/find-station/matera--esso-100107834/	0	301	/it-it/find-station/matera--esso-100107834
https://casatadellago.com/masseria-sul-lago-con-piscina/	0	200	
https://campingjulia.it/	0	200	
https://centromodaruggierobyarconf.business.site/	0	404	
https://catalogo.cultura.gov.it/approfondimento/elenco-degli-edifizi-monumentali-italia-del-1902/basilicata-provincia-potenza/chiesa-cattedrale-rapolla	0	200	
https://bigbenchcommunityproject.org/	0	200	
https://ceasvulture.it/sentiero-dei-torrenti-della-vitalba/	0	200	
https://chieseitaliane.chiesacattolica.it/chieseitaliane/AccessoEsterno.do?mode=guest&type=auto&code=24062	0	200	
https://chieseitaliane.chiesacattolica.it/chieseitaliane/AccessoEsterno.do?mode=guest&type=auto&code=70536	0	200	
https://chieseitaliane.chiesacattolica.it/chieseitaliane/AccessoEsterno.do?mode=guest&type=auto&code=60910	0	200	
https://chieseitaliane.chiesacattolica.it/chieseitaliane/AccessoEsterno.do?mode=guest&type=auto&code=91246	0	200	
https://columbiamultisala.it/index.html	0	404	
https://comprensivofermimatera.edu.it/sedi/scuola-dellinfanzia-via-meucci/	0	301	https://www.comprensivofermimatera.edu.it/sedi/scuola-dellinfanzia-via-meucci/
https://comune.senise.eu/	0	200	
https://comune.tito.pz.it/	0	200	
https://diboxspedizioni.it/	0	301	https://www.diboxspedizioni.it/
https://dimora-al-mulino.business.site/	0	404	
https://cooperativavenerepotenza.org/parco-baden-powell/	0	200	
https://domenicoragone.it/	0	200	
https://duinogomme.com	0	200	
https://edilebaldassarre-it.webnode.it/	0	200	
https://el-carnero-braceria.business.site/?utm_source=gmb&utm_medium=referral/	0	404	
https://en.eurovelo.com/ev5/italy	0	200	
https://enel.it	0	308	https://www.enel.it/
https://eticket.ferrovieappulolucane.it/FAL/	0	200	
https://farmacia-materana.business.site/	0	404	
https://ebike.bikesquare.eu/ita/montalbano	0	500	
https://farmaciamarchesiello.it/	0	503	
https://comune.francavillainsinni.pz.it/home	28		
https://fondoambiente.it/luoghi/casa-noha	0	200	
https://cultura.gov.it/luogo/parco-archeologico-di-grumentum	28		
https://fondoambiente.it/luoghi/castello-marchesale-di-palazzo-san-gervasio?ldc	0	200	
https://fondoambiente.it/luoghi/castello-di-torre-mare?ldc	0	200	
https://giuasudmatera.business.site/	0	404	
https://hotel-dove-osano-le-aquile.business.site/	0	404	
https://grupposimm.it/	0	301	https://www.facebook.com/GruppoSimm
https://hoteldante.business.site/?gclid=Cj0KCQjwyOuYBhCGARIsAIdGQRMFgGuYzm00fpbp2HEz8QXiZkw3CwXTWuru-Od5_BugsYfrfGOuj0saAkU5EALw_wcB	0	404	
https://geoheritage.hsh.it/id1700000289/	0	200	
https://hotelportogreco.it/	0	301	https://www.hotelportogreco.it/
https://hotelpicchionero.com/	0	200	
https://hotelridolamatera.it/	0	200	
https://ics1lavello.edu.it	6		
https://ics1lavello.edu.it/	6		
https://ictorracalavista.edu.it/struttura/i-c-torraca-bonaventura-pz/scuola-primaria-san-giovanni-bosco/	0	410	
https://icubed.it	0	200	
https://ideaartesas.wordpress.com	0	200	
https://ilmicromondo.com/	0	200	
https://farmacie.paesit.it/	28		
https://ilrusticone.com/	0	200	
https://infomur.it/casa-natia-di-san-gerardo/	0	200	
https://it-it.facebook.com/LaDimoraDiBacco/	0	200	
https://it.m.wikipedia.org/wiki/Cattedrale_di_Matera	0	200	
https://ilsicomoro.net/progetti/residenza-brancaccio/	0	200	
https://icmilanipz.edu.it/index.php/infanzia-2/	0	404	
https://icmilanipz.edu.it/	0	200	
https://lacolacola.it/	0	301	https://tr-jojobetguncel.vip/
https://laselvaresortvillage.it/	0	200	
https://ladolcevitamatera.it	0	200	
https://libreriakiria.it	0	301	http://www.libreriakiria.it
https://laiadeicappellani.com	0	200	
https://lollipops.fr	0	103	
https://m.facebook.com/LaGazzaardaL/?locale2=it_IT	0	302	https://m.facebook.com/login.php?next=https%3A%2F%2Fm.facebook.com%2FLaGazzaardaL%2F%3Flocale2%3Dit_IT&refsrc=deprecated&locale2=it_IT&_rdr
https://mapalu-pub-di-enzo-mecca.business.site/	0	404	
https://m.facebook.com/lvsportdivalentinob.losasso/	0	302	https://m.facebook.com/login.php?next=https%3A%2F%2Fm.facebook.com%2Flvsportdivalentinob.losasso%2F&refsrc=deprecated&_rdr
https://marinocarcenter.it/	0	200	
https://marateainvestimenti.com	0	200	
https://maridagalloni.com/craco-interno-della-chiesa-di-san-nicola/	0	200	
https://mobiligregorvittgregoriomobilisrl.business.site/	0	404	
https://modanegozio.xoom.it/	60		
https://moduliweb.enac.gov.it/applicazioni/avioeli/Avio_04.asp?selaeroporto=415	0	404	
https://masseriasanfrancesco.com/	0	200	
https://luoghidelcontemporaneo.beniculturali.it/mu-765-g-(la-goccia)	28		
https://musei.basilicata.beniculturali.it/musei/?mid=1353&nome=palazzo-de-lieto-pinacoteca-angelo-brando	28		
https://museolaboratorio.it	0	200	
https://musei.basilicata.beniculturali.it/musei/?mid=70&nome=museo-nazionale-darte-medievale-e-moderna-della-basilicata-palazzo-lanfranchi	28		
https://neapolis.business.site/	0	404	
https://musei.basilicata.beniculturali.it/musei/?mid=72&nome=museo-archeologico-nazionale-dellalta-val-dagri	28		
https://nottirosa.com/	6		
https://negozi.vodafone.it/matera/vodafone-store-matera	0	200	
https://ourairports.com/airports/IT-0447/	60		
https://olimpoverde.it/	0	200	
https://paternosterwine.it/	0	200	
https://pitstopbaby.com/	6		
https://pollinosci.it/	6		
https://pianelleresort.it/	0	200	
https://portale.unibas.it/site/home.html	60		
https://potenza.ubiklibri.it/home.html	0	301	https://www.ubiklibri.it/librerie/ubik-potenza
https://propathos.com	0	200	
https://poloacquistilucania.it/	0	200	
https://santavenere.it/en/santa-venere-maratea-eng/	0	200	
https://shop.mydespar.it/spesa-ritiro-negozio/matera-via-gaio-sallustio-crispo	0	301	https://shop.despar.com/
https://sisasservicesrl.it/	0	200	
https://stufetta.bedsandhotels.com/	0	200	
https://tekneinformatica.wordpress.com/	0	200	
https://shop.cantinedelnotaio.it	0	200	
https://villa-giada-bb.business.site/	0	404	
https://villaggiotorredelfaro.it/	0	301	https://www.villaggiotorredelfaro.it/
https://trattorialucana.it/	0	301	https://www.trattorialucana.it/
https://web.rivion.it/it	0	301	https://web.rivion.it/it/
https://vox-populi-vox-dei3.webnode.it/products/i-cinti-di-grassano/	0	200	
https://museomassimopallottino.beniculturali.it/il-castello-di-melfi/	28		
https://museometaponto.beniculturali.it/	28		
https://www.accessibilitacentristorici.it/ztl/basilicata/matera/parcheggio_matera.html	0	200	
https://www.acquaesapone.it/	0	200	
https://www.accml.it/	0	200	
https://www.accademiaemodiva.it/	0	200	
https://www.acquazzurrapark.net/	0	301	https://acquazzurrapark.net/
https://www.agriturismovecchiafattoriabasilicata.it/	0	200	
https://wemapp.eu/	28		
https://www.airbnb.com/rooms/53305417	0	410	
https://www.agriturismovilladellerose.it/	0	200	
https://www.aiterrazzini.it/	0	200	
https://www.affiliati.buffetti.it	28		
https://www.akiris.it/	0	200	
https://www.albergovecchioponte.it/	0	200	
https://www.albergodelsedile.it/	0	200	
https://www.agenziaregionalelab.it/centri-per-limpiego/	28		
https://www.almacamere.it/	0	200	
https://www.alparcolucano.it/notizie/primo-piano/item/4903-il-mio-albero-per-matera2019	0	302	https://www.alparcolucano.it/archivio/notizie/primo-piano/item/4903-il-mio-albero-per-matera2019
https://www.albinopierro.it/	0	200	
https://www.angolodellamemoria.eu/	6		
https://www.alvino1884.it/	0	301	https://alvinorelais.it/
https://www.alessidamo.it/	0	200	
https://www.albergolaprimula.it	0	200	
https://www.aquaticapignola.com/	0	404	
https://www.appenninofondazione.it	0	200	
https://www.areacamper-matera.it/	0	200	
https://www.aquariuspolicoro.com/	0	200	
https://www.area8.it/	0	200	
https://www.areascuoladue.it/	0	200	
https://www.asi.it/it/agenzia/struttura-organizzativa/basi-e-centri/centro-di-geodesia-spaziale	0	301	https://www.asi.it/lagenzia/struttura-organizzativa/organigramma/gli-uffici-del-direttore/centro-di-geodesia-spaziale-cgs/
https://www.animaepolpa.it	28		
https://www.autogmanolio.com/area-camper/	0	200	
https://www.autosalonedipede.it/	0	200	
https://www.aspbasilicata.it/organizzazione/azienda/presidi-ospedalieri-distrettuali/ospedale-di-maratea/	28		
https://www.aspbasilicata.it/servizi/farmaceutica-territoriale	28		
https://www.baccantiristorante.com/	0	200	
https://www.aziendecafra.com/	0	200	
https://www.basilicatanet.com/ita/web/item.asp?nav=luce_natale_neolitico	0	200	
https://www.basilicataturistica.it	0	200	
https://www.basilicataturistica.it/scopri-la-basilicata/arte-e-cultura-in-basilicata/castelli-della-basilicata/il-castello-di-venosa/	0	200	
https://www.avvocatisalomone.it/	0	200	
https://www.bbnelmuro.it/	6		
https://www.bcccassanomurge.it/	0	302	/privati/
https://www.basilicataturistica.it/scopri-la-basilicata/matera-patrimonio-mondiale-dellumanita/le-chiese-di-matera/le-chiese-rupestri-di-matera/?privacy=updated	0	404	
https://www.aspbasilicata.it/servizi/ospedale-di-villa-dagri	28		
https://www.bebfiorentini.com/	0	200	
https://www.beniculturali.it/luogo/museo-dei-culti-arborei	28		
https://www.beniculturali.it/mibac/export/MiBAC/sito-MiBAC/Contenuti/MibacUnif/Comunicati/visualizza_asset.html_1859646745.html	28		
https://www.beniculturali.it/mibac/export/MiBAC/sito-MiBAC/Contenuti/MibacUnif/Eventi/visualizza_asset.html_2113907389.html	28		
https://www.beniculturali.it/mibac/opencms/MiBAC/sito-MiBAC/Luogo/MibacUnif/Luoghi-della-Cultura/visualizza_asset.html?id=151841&pagename=57	28		
https://www.beweb.chiesacattolica.it/edificidiculto/edificio/70868/Chiesa+della+Madonna+di+Picchione#action=ricerca%2Frisultati&view=griglia&locale=it&ordine=&liberadescr=CHIESA&liberaluogo=pisticci&ambito=XD&dominio=&highlight=Chiesa	0	200	
https://www.beweb.chiesacattolica.it/edificidiculto/edificio/63011/Chiesa_di_Santa_Maria_del_Sauro_Guardia_Perticara	0	200	
https://www.beweb.chiesacattolica.it/edificidiculto/edificio/83087/Chiesa+di+Santa+Maria+Assunta	0	200	
https://www.biblioteca.pz.cnr.it/	0	200	
https://www.biodauria.it/	0	200	
https://www.birfoot.com/	6		
https://www.borghiautenticiditalia.it	0	200	
https://www.bmdmatera.it/	0	200	
https://www.borgovillamaria.com/	0	200	
https://www.borgovillamaria.com/il-borgo/ristorante-bramea/	0	404	
https://www.beniculturali.it/mibac/opencms/MiBAC/sito-MiBAC/Luogo/MibacUnif/Luoghi-della-Cultura/visualizza_asset.html?id=152870&pagename=157031	28		
https://www.bradanometaponto.it/	0	200	
https://www.bper.it/	0	200	
https://www.beniculturali.it/mibac/opencms/MiBAC/sito-MiBAC/Luogo/MibacUnif/Luoghi-della-Cultura/visualizza_asset.html?id=154929&pagename=57	28		
https://www.busmiccolis.it/wp-content/uploads/2023/12/LINEA-SASSI-01.01.24.pdf	0	200	
https://www.cacios.it/	6		
https://www.bricorionero.it/	0	200	
https://www.carrefour.it/	0	200	
https://www.brunogiovanniassicurazioni.it/	0	302	/?doing_wp_cron=1747023827.4460101127624511718750
https://www.casaleacquarossa.it/	0	200	
https://www.campingmaratea.it/	0	200	
https://www.castellodilagopesole.com/	0	200	
https://www.casastella.it/	0	200	
https://www.ceamatera.it/	0	200	
https://www.ceamatera.it/centro-visite/il-villaggio-neolitico/	0	200	
https://www.centromedicokos.com	0	200	
https://www.caseificiocorbo.it/	0	200	
https://www.chiesadimaterairsina.it/luoghi-di-culto/parrocchia-ss-salvatore/	0	200	
https://www.casagrotta.it/	0	200	
https://www.chieserupestri.it/chieserupestri/san-rocco-via-casalnuovo.html	0	200	
https://www.clementeindustry.com/	0	200	
https://www.codiceazienda.it/	0	200	
https://www.comingsoon.it/cinema/matera/cinema-comunale-guerrieri/2635/	0	403	
https://www.comdimontemurro.it/	0	200	
https://www.circolotennismatera.it/	0	301	https://circolotennismatera.it/
https://www.comprensivolatronico.it	6		
https://www.comprensivobaragiano.edu.it/	0	301	https://www.icbaragiano-bella.edu.it/
https://www.comune.bernalda.matera.it/	0	200	
https://www.comune.cirigliano.mt.it/?page_id=7475	0	200	
https://www.comune.brindisimontagna.pz.it	0	200	
https://www.comune.ferrandina.mt.it/	0	200	
https://www.comune.fardella.pz.it/	0	200	
https://www.comune.marsiconuovo.pz.it/	0	200	
https://www.comune.melfi.pz.it	0	200	
https://www.comune.matera.it/	0	200	
https://www.comune.melfi.pz.it/	0	200	
https://www.comune.pietrapertosa.pz.it/it/item.asp?nav=castello	0	404	
https://www.comune.palazzo.pz.it/	0	200	
https://www.comune.pietrapertosa.pz.it/it/item.asp?nav=percorso-7-pietre	0	404	
https://www.comune.pignola.pz.it/	0	302	hh/index.php
https://www.comune.potenza.it/index.php/antichita/37-ponte-san-vito	0	301	https://www.comune.potenza.it/antichita/37-ponte-san-vito/
https://www.comune.potenza.it/?p=48998	0	200	
https://www.circolovelicolucano.it	28		
https://www.comune.rapolla.pz.it/	0	200	
https://www.comune.potenza.it/index.php/antichita/38-il-mosaico-di-malvaccaro	0	301	https://www.comune.potenza.it/antichita/38-il-mosaico-di-malvaccaro/
https://www.comune.vagliobasilicata.pz.it	0	200	
https://www.comune.tricarico.mt.it/HomePage.aspx	0	200	
https://www.comune.viggiano.pz.it/turismo/index.php/politiche-giovanili-e-sport/item/1294-scuola-arpa-popolare	0	200	
https://www.conad.it/ricerca-negozi/negozio.050205.html	0	301	https://www.conad.it/ricerca-negozi/conad-self-24h-zona-industriale-contrada-galdo-snc-85040-lauria--050205
https://www.comunedipisticci.it/	0	200	
https://www.confindustria.basilicata.it/	0	200	
https://www.coopalleanza3-0.it/fare-spesa/elenco-negozi/dettaglio-negozio/4803-ipercoop-matera.html/	0	403	
https://www.coop.it/scegli-il-tuo-negozio/negozi-e-promozioni/5752	0	403	
https://www.cosmetgroup.it/	60		
https://www.cosmetinfissi.it/	0	301	https://www.cosmetgroup.it/
https://www.comune.moliterno.pz.it/bibliomediateca.html	28		
https://www.crimatera.org/	0	200	
https://www.criptadelpeccatooriginale.it/	0	301	/home
https://www.csi.matera.it/jesce-matera/	0	200	
https://www.comune.sanchiriconuovo.pz.it/	28		
https://www.dbeasy.it/	0	200	
https://www.delitaly.eu	0	404	
https://www.csvbasilicata.it	0	200	
https://www.demaimmobiliare.it	0	200	
https://www.despar.com/pdv/maiora-s-r-l-via-einaudi-ang-via-berlinguer-lavello-162	0	200	
https://www.despar.it	0	302	https://www.despar.it/it/
https://www.dibitonto.it/	0	200	
https://www.derado.it/i-nostri-principi/	0	200	
https://www.digimat.it/	0	200	
https://www.crob.it/	28		
https://www.dinaclub.cloud	6		
https://www.crob.it/crob/home.jsp	28		
https://www.dimoradelmonaco.it/	0	200	
https://www.domar.it/	0	200	
https://www.e-coop.it/	0	403	
https://www.e-coop.it/scegli-il-tuo-negozio/negozi-e-promozioni/5724/	0	403	
https://www.e-coop.it/scegli-il-tuo-negozio/negozi-e-promozioni/5725/Superstore-Matera-Via-Montescaglioso---Affiliato-Coop-Alleanza-30	0	403	
https://www.dunilevimatera.edu.it/index.php/it/	0	301	https://www.dunilevimatera.edu.it/it/
https://www.e-geos.it/	0	200	
https://www.egogourmet.it/ego-ristorante-gourmet-matera-2/	0	500	
https://www.elisajanna.com/	0	200	
https://www.dileo.it/	0	200	
https://www.enel.it/punto-enel/	0	302	https://www.enel.it/punto-enel
https://www.edizionigiannatelli.it/	0	200	
https://www.elettradiemme.it/	0	200	
https://www.eurospin.it/	0	200	
https://www.exoticastore.it/	0	200	
https://www.escaffe.it/	0	200	
https://www.facebook.com/Bar-Europa-228391897352301/	0	302	https://www.facebook.com/login/?next=https%3A%2F%2Fwww.facebook.com%2FBar-Europa-228391897352301%2F
https://www.extratech.it/	0	200	
https://www.facebook.com/Ci-voleva-1680050122257627/	0	302	https://www.facebook.com/login/?next=https%3A%2F%2Fwww.facebook.com%2FCi-voleva-1680050122257627%2F
https://www.facebook.com/FarmaciaPunziGugliema/	0	302	https://www.facebook.com/login/?next=https%3A%2F%2Fwww.facebook.com%2FFarmaciaPunziGugliema%2F
https://www.facebook.com/SanBiagioCaffe/	0	200	
https://www.facebook.com/Taverna-del-Borgo-457570717785403/	0	302	https://www.facebook.com/login/?next=https%3A%2F%2Fwww.facebook.com%2FTaverna-del-Borgo-457570717785403%2F
https://www.facebook.com/TrattoriaOasiGialloverde/	0	200	
https://www.facebook.com/Trattoriadalciclista/	0	200	
https://www.facebook.com/Venusiaautolavaggio	0	200	
https://www.facebook.com/daragoranch	0	302	https://www.facebook.com/login/?next=https%3A%2F%2Fwww.facebook.com%2Fdaragoranch
https://www.facebook.com/drvitocelano/	0	302	https://www.facebook.com/login/?next=https%3A%2F%2Fwww.facebook.com%2Fdrvitocelano%2F
https://www.facebook.com/la-fioreria-843418222344513/	0	302	https://www.facebook.com/login/?next=https%3A%2F%2Fwww.facebook.com%2Fla-fioreria-843418222344513%2F
https://www.facebook.com/legambiente.matera	0	200	
https://www.facebook.com/nautilusmusic.agenziaspettacoli	0	200	
https://www.facebook.com/oasisangiuliano?ref=hl	0	200	
https://www.facebook.com/parafarmaciapalumbo/	0	200	
https://www.facebook.com/people/A-Vendura/100037978853712/?ref=page_internal&path=%2FA-Vendura-112414000559851%2F	0	200	
https://www.facebook.com/pescheriadaruru/	0	302	https://www.facebook.com/login/?next=https%3A%2F%2Fwww.facebook.com%2Fpescheriadaruru%2F
https://www.fandangopizzeria.it/	0	200	
https://www.farmacialunati.it/	6		
https://www.farmaciarossiadduci.it/	60		
https://www.enecom.it/	28		
https://www.essenzalucano.it	28		
https://www.ferrovieabbandonate.it/linea_dismessa.php?id=240 | http://www.lestradeferrate.it/mono2.htm	3		
https://www.fantasticomondo.com/	0	200	
https://www.fiordicucuzza.it	6		
https://www.federicovalicenti.it/	0	200	
https://www.fondazionesinisgalli.eu	0	200	
https://www.fireflyaudio.it	0	200	
https://www.fornosorellepalese.it	0	200	
https://www.fratellilabufala.eu/	0	301	https://fratellilabufala.com/
https://www.gallicchio.info/chiesa-di-santa-maria-assunta/	0	200	
https://www.gallicchio.info/cappella-del-carmine/	0	200	
https://www.gallicchio.info/palazzo-baronale/	0	200	
https://www.fematic.it/	0	200	
https://www.garofolispa.eu/	0	200	
https://www.gdf.gov.it/	0	302	/it
https://www.gallitellicaffe.it/	0	301	https://gallitellicaffe.it/
https://www.goldbet.it/	0	403	
https://www.grafieonline.com/	0	200	
https://www.gruppoapi.com/	0	301	https://ip.gruppoapi.com/
https://www.grupposimm.it	0	301	https://www.facebook.com/GruppoSimm
https://www.guardiamedicapotenza.it/guardia-medica-trecchina/8428/	6		
https://www.gruppomaffei.com/	0	200	
https://www.happycasastore.it/index.php?gt_p=scheda_pv	0	302	https://shop.happycasastore.it/
https://www.hotelbelvedere.matera.it	0	200	
https://www.hoteldelcampo.it/	0	200	
https://www.gelateriacaruso.com/	0	200	
https://www.hotelheraclea.com/	0	200	
https://www.hotelimperialenovasiri.it/	0	200	
https://www.geox.com/it-IT/?utm_source=Matera&utm_medium=store&utm_campaign=MateraViadelCorso_833	0	200	
https://www.hotelmarinagri.it/	0	200	
https://www.hotelmartino.net/	0	200	
https://www.hotelpierfaone.it/	0	301	https://www.pierfaone.it
https://www.hotelcavedelsole.it/	0	200	
https://www.hotelristorante407.it/	0	200	
https://www.hotelnazionalematera.com	0	200	
https://www.huboutmatera.it/	0	200	
https://www.hotelristorantemariano.it/	0	200	
https://www.icberardinitti.edu.it/	0	200	
https://www.icbernalda.edu.it/	0	200	
https://www.icbusciolano.edu.it/	0	200	
https://www.icbusciolano.edu.it/luogo/sede-di-san-nicola/	0	200	
https://www.icdomenicosaviopz.gov.it/	6		
https://www.icfrancavillainsinni.edu.it/	6		
https://www.hotelmosaicomatera.it/	0	200	
https://www.icbusciolano.edu.it/luogo/sede-di-santa-maria/	0	200	
https://www.icmilanipz.gov.it/	6		
https://www.icsinisgallipz.gov.it/	6		
https://www.icdomenicosaviopz.edu.it/	0	200	
https://www.icsinisgallipz.edu.it/	0	200	
https://www.ictorracabonaventurapz.gov.it/	6		
https://www.ictorracabonaventurapz.edu.it/	0	301	https://ictorracalavista.edu.it/
https://www.icleopardipz.it/	0	301	https://www.donmilanileopardi.edu.it/
https://www.iisgiustinofortunato.it/	60		
https://www.iismorra.it/	0	301	https://www.iismorra.edu.it/
https://www.ilboccale2.it/	0	200	
https://www.ilfornodigennaro.com/	0	200	
https://www.ilpuzzle.org/	0	301	https://ilpuzzle.org/
https://www.ictorracamatera.it/	0	301	https://www.ictorracamatera.edu.it/
https://www.imaa.cnr.it/	0	302	https://imaa.cnr.it:443
https://www.ilrugantino.it/	0	200	
https://www.iispentasuglia.edu.it	0	200	
https://www.inviaggioinbasilicata.it	6		
https://www.ilterrazzino.org/	0	200	
https://www.isassidimatera.com/chiesa-sant-agostino/	0	200	
https://www.isassidimatera.com/cosa-vedere/chiesa-san-francesco-d-assisi/	0	200	
https://www.isassidimatera.com/cosa-vedere/chiese-rupestri/madonna-degli-angeli/	0	200	
https://www.infosassidimatera.com/	0	200	
https://www.iscanet.com/	0	200	
https://www.isassidimatera.com/cosa-vedere/nelle-vicinanze/castello-tramontano/	0	200	
https://www.isassidimatera.com/cosa-vedere/ponte-sul-canyon/	0	200	
https://www.itacabistrot.it/	6		
https://www.istarviaggi.com	0	200	
https://www.istat.it/it/istituto-nazionale-di-statistica/organizzazione/sedi-territoriali	0	404	
https://www.istitutocomprensivo6mt.edu.it/la-scuola/plessi/	0	404	
https://www.italiana1immobiliare.com/	0	200	
https://www.itigeopz.edu.it/	0	200	
https://www.kikocosmetics.com/it-it/	0	200	
https://www.kammel.it/	0	200	
https://www.laboratoriomaterano.it/	0	200	
https://www.labofitpt.it/	0	200	
https://www.laboratoriomontemurro.it/	0	200	
https://www.itreportali.it/	0	200	
https://www.lafocagna.com/	0	200	
https://www.lagala.it/	0	200	
https://www.itbaspotenza.it/	0	200	
https://www.langolodifrima.it/	60		
https://www.lacasadigiulietta.net	0	200	
https://www.ladycucine.com/	0	200	
https://www.lasiderurgicamatera.com/	0	200	
https://www.lasuitematera.com/	0	301	https://www.eurostarshotels.com/eurostars-matera-la-suite.html
https://www.latendadelbivacco.com/	6		
https://www.lavogliamatta-matera.it/	0	200	
https://www.lalopa.com/	0	200	
https://www.lantincendio.it/	0	200	
https://www.lefiamme.it/	0	200	
https://www.lefolliedellochef.com/	0	200	
https://www.larturo.com/	0	200	
https://www.leduebarche.com/	0	200	
https://www.lucanianaturaverticale.it/falesie/64-matera.html	0	303	https://www.lucanianaturaverticale.it/index.php
https://www.marinaiditalia.com/?page_id=9307	0	200	
https://www.liceogalileipz.edu.it/	0	200	
https://www.loperfido-olivetti.edu.it/	0	200	
https://www.lequadre.com	0	200	
https://www.masseriariccardi.it/	0	200	
https://www.matera-basilicata2019.it/	0	301	https://www.matera-basilicata2019.it/it/
https://www.materanews.net/nel-materano-nuove-colonnine-di-ricarica-per-auto-elettriche-ecco-dove-sono-state-installate/?feed_id=14407	0	200	
https://www.mdspa.it/	0	200	
https://www.massimocasiello.it/	0	200	
https://www.materasportingclub.it/	0	200	
https://www.mondadoristore.it/negozi/punti-vendita/Mondadori-Bookstore-Matera/1360/	0	403	
https://www.montescaglioso.net/node/1513	0	200	
https://www.memphispub.com/	0	200	
https://www.montescaglioso.net/node/1517	0	200	
https://www.molinodellacqua.it/	0	200	
https://www.methera.it/	0	301	https://methera.it/
https://www.montescaglioso.net/node/1763	0	200	
https://www.montescaglioso.net/node/450	0	200	
https://www.msddesign.eu	0	200	
https://www.muranoricevimenti.com/	0	301	https://muranoricevimenti.com/
https://www.naracamice.com	0	200	
https://www.nexive.it/	0	200	
https://www.musma.it/	0	200	
https://www.nonsolocopia.net	0	200	
https://www.museialiano.it/pinacoteca-carlo-levi/	0	200	
https://www.museialiano.it/	0	200	
https://www.oasiwwfpolicoro.net/	0	301	https://www.andreadechirico.com/
https://www.nuovadelsud.it/	0	301	https://farmacia-online-migliore.it/
https://www.nuovarredo.it/	0	301	https://nuovarredo.it/
https://www.officinefrida.it/	0	200	
https://www.onoranzefunebrigiasi.com/	0	200	
https://www.oltrelartematera.it/	0	200	
https://www.ordingmatera.it	0	200	
https://www.orolucano.eu	0	200	
https://www.oimari.it/	0	200	
https://www.osterialcasale.it/	0	200	
https://www.oltrelartecraco.it/	0	200	
https://www.ottantunomonticchio.it/	6		
https://www.paesifantasma.it/Paesi/alianello.html	0	200	
https://www.palazzodeipoeti.it/	0	200	
https://www.palatofinomatera.com/	0	200	
https://www.palazzodellafontana.it/	0	200	
https://www.palazzogattini.it/it/la-spa/	0	301	https://vretreats.com/palazzo-gattini/spa/
https://www.paneepace.it	0	200	
https://www.palazzoviceconte.it/	0	301	https://palazzoviceconte.it/
https://www.palazzoscelzi.it/	0	503	
https://www.panegusto.it/	0	301	https://panegusto.it/
https://www.parafarmaciaviadante.it/	0	200	
https://www.parcogallipolicognato.it/	0	200	
https://www.parafarmaciaeuropea.it/	0	200	
https://www.ospedalesancarlo.it/	28		
https://www.parcogallipolicognato.it/index.php/banca-dati-del-parco-online/15-urbane/1043-calciano-ruderi-della-chiesa-di-maria-santissima-della-rocca	0	200	
https://www.parcomurgia.it/	0	200	
https://www.parrocchiavilladagri.it/	0	200	
https://www.pasticcerialaurorafrancavillainsinni.it/	6		
https://www.parrocchiasanlavierotito.it/	0	200	
https://www.panificiociarly.it	0	301	https://panificiociarly.it/
https://www.parcolevi.it	0	200	
https://www.pianetacasafacile.it/	0	200	
https://www.phoneservicematera.com/	0	200	
https://www.piazzaitalia.it/	0	200	
https://www.pickupsupermercati.it/negozi/	0	200	
https://www.pizzerialafrasca.it/	0	200	
https://www.pcartomarket.com	0	200	
https://www.poliziadistato.it/	0	200	
https://www.pontetibetanosassodicastalda.com	35		
https://www.polisan.it/	0	200	
https://www.policoro.basilicata.it/	0	200	
https://www.portodegliargonauti.it/	0	302	/it
https://www.poste.it	0	200	
https://www.poste.it/	0	200	
https://www.poste.it/cerca/index.html#/risultati-cerca-up/marsico%20nuovo	0	200	
https://www.portacoeli.it/venosa/it/il-contesto/cattedrale-di-sant-andrea	0	200	
https://www.poste.it/cerca/index.html#/risultati-cerca-up/metaponto	0	200	
https://www.poste.it/index.html/	0	404	
https://www.prefettura.it/matera/multidip/index.htm	0	301	https://prefettura.interno.gov.it/it
https://www.provincia.potenza.it/provincia/home.jsp	0	404	
https://www.redandy.it	0	301	https://redandy.it/
https://www.regallo.it/	0	301	https://regallo.it
https://www.radinowinebistrot.com/contact-us/	0	404	
https://www.repower.com/dina/	0	301	/dina
https://www.relaislafattoria.it/	0	200	
https://www.repower.com/it	0	200	
https://www.repower.com/it/dina/	0	301	/it/dina
https://www.repower.com/it/lenergia-di-repower/produzione-di-energia-elettrica/	0	301	/it/lenergia-di-repower/produzione-di-energia-elettrica
https://www.ristoranteallefornaci.it/	0	200	
https://www.piccole-canaglie.it/	28		
https://www.residencenazionalematera.com/?gclid=Cj0KCQjwz96WBhC8ARIsAATR253BAO17Twd21LVuCmyEUfG9nrzRRLoeDA3J9NeOE6fRwrkKnNR-M70aAl9lEALw_wcB/	0	200	
https://www.sanmarcoagriturismo.it/	0	200	
https://www.saporedimarematera.it/	0	200	
https://www.sassilive.it/cultura-e-spettacoli/arte-cultura-e-spettacoli/le-edicole-votive-di-vico-case-nuove-a-matera-restituite-al-loro-splendore/	0	200	
https://www.saporidisiciliamatera.it/	0	200	
https://www.santannamatera.it/	0	200	
https://www.scambiologico.it/	60		
https://www.sassisuite.it/it/home/	0	200	
https://www.siraresort.com/	0	200	
https://www.smdservice.it	0	200	
https://www.preziosimoda.it/	35		
https://www.spaghetteriamiseriaenobilta.it/	0	301	https://spaghetteriamiseriaenobilta.it/
https://www.slasrl.eu/	0	200	
https://www.ssmlnelsonmandela.it/	0	200	
https://www.sportvillagematera.it/	0	200	
https://www.syskrack.org/	0	301	https://syskrack.org/
https://www.studiocardinale.com/	0	200	
https://www.taalumaparty.com	60		
https://www.telescacentrogomme.it	0	200	
https://www.superemme.com/	0	200	
https://www.tenutafortunato.com/	0	200	
https://www.telespazio.com/it/about-us-chi-siamo/our-company/space-centres/matera	0	404	
https://www.tecnospazio.net/	0	200	
https://www.terredigaudio.com/	0	200	
https://www.tecnolens.it/	0	301	https://tecnolens.it/
https://www.tibluvillage.it/	0	200	
https://www.touchdownmetaponto.it	6		
https://www.torrespagnola.it/	0	200	
https://www.tierramatera.com/	0	200	
https://www.termocentro.net/	0	200	
https://www.trisaia.enea.it/it/home	0	404	
https://www.trmtv.it	0	200	
https://www.trmtv.it/	0	200	
https://www.trotta.it/rp.aspx?p=potenza	0	200	
https://www.turimatera.edu.it/	0	200	
https://www.unahotelsmhmatera.it/	0	200	
https://www.umc-computer.com/	0	200	
https://www.verdebrillante.it/	0	301	https://verdebrillante.it/
https://www.ufficiostampabasilicata.it/	0	200	
https://www.vespestore.it/	0	200	
https://www.viaggiarenelpollino.it/hike/pietrapertosa/	0	200	
https://www.villageinternazionale.com/	0	200	
https://www.villaggiomatera.it/	0	200	
https://www.villaschiuma.it/	0	200	
https://www.viaggilionetti.com/	0	301	https://viaggilionetti.com/
https://www.volee.it/campi-da-tennis/a-s-d-circolo-tennis-parco-degli-ulivi	0	200	
https://www.vlristorante.it	0	200	
https://www.vittyshoes.it/	0	200	
https://www.volodellangelo.com/ita/web/item.asp?nav=8	0	200	
https://www.wikimatera.it/cosa-vedere-a-matera/la-cattedrale-le-chiese-ed-i-santuari-di-matera/chiesa-di-san-giovanni-battista/	0	200	
https://www.wokilab.it/	0	200	
https://www.youtube.com/watch?v=-IS_myaPZME	0	200	
https://www.youtube.com/watch?v=-TcjuDbjmOQ	0	200	
https://www.wikimatera.it/cosa-vedere-a-matera/la-cattedrale-le-chiese-ed-i-santuari-di-matera/chiesa-di-san-salvatore-a-timmari/	0	200	
https://www.wikimatera.it/cosa-vedere-a-matera/matera-sotterranea-gioielli-nelle-viscere-della-terra/casa-cava-un-teatro-scavato-nella-roccia/	0	200	
https://www.youtube.com/watch?v=1S3LS5th6Xg	0	200	
https://www.youtube.com/watch?v=1xt1F38lZn0	0	200	
https://www.youtube.com/watch?v=2c2nZCcHX7c	0	200	
https://www.youtube.com/watch?v=4ZyAdawYjGU	0	200	
https://www.youtube.com/watch?v=4nSvmt7cj0s	0	200	
https://www.youtube.com/watch?v=73Zk8rFQXio	0	200	
https://www.wikimatera.it/cosa-vedere-a-matera/matera-sotterranea-gioielli-nelle-viscere-della-terra/materasum-citta-sotterranea/	0	200	
https://www.youtube.com/watch?v=87G8i_7noyI	0	200	
https://www.youtube.com/watch?v=8et2fCpm50E	0	200	
https://www.youtube.com/watch?v=Bq2qW7MAtco	0	200	
https://www.youtube.com/watch?v=ISeqwsX2LqQ	0	200	
https://www.youtube.com/watch?v=LPFu2An6We4	0	200	
https://www.youtube.com/watch?v=N6unRb2jXjA	0	200	
https://www.youtube.com/watch?v=Mzev4d4sVYQ	0	200	
https://www.youtube.com/watch?v=QGqOFqf0SeM	0	200	
https://www.youtube.com/watch?v=QvDMZYSP0dQ	0	200	
https://www.youtube.com/watch?v=Sc5JG35Y5sI	0	200	
https://www.youtube.com/watch?v=V-TuTTIunGw	0	200	
https://www.youtube.com/watch?v=fqZNh42FRQY	0	200	
https://www.youtube.com/watch?v=X_duTZF-MGg	0	200	
https://www.youtube.com/watch?v=sgXXlqEPLT8	0	200	
jsessionid=6AEE2F01B5333E33A2BFE821DE427763	-1		
www.agrumare.it	-1		
www.asmbasilicata.it	-1		
www.autofficinadimarzio.it	-1		
www.caicastrovillari.it	-1		
www.datacomp.it	-1		
www.donpaolo.net	-1		
www.edilloperfido.it	-1		
www.ibriganti2013.it	-1		
www.ilborgoritrovato.com	-1		
www.istitutocomprensivopignola.it	-1		
www.ivizidegliangeli.it	-1		
www.lacapagiramt.it	-1		
www.lavasubito.it	-1		
www.letrecivette.it	-1		
www.newcologistica.com	-1		
www.palatiumsg.ir	-1		
https://www.youtube.com/watch?v=mkAGIa4M3RQ	0	200	
www.parkhotelpotenza.com	-1		
www.pz.ism.cnr.it	-1		
www.rivadeigreci.it	-1		
www.tenutalavolpe.it/	-1		
www.unmonastery.eu	-1		
https://xalpisud.wordpress.com/	0	200	
https://zeta-system.it/it/	0	301	https://zeta-system.it/offices/italy-matera-hq/
