www,caireggio.it	-1		
www,confcommerciocosenza.it	-1		
acadieclub.com	-1		
amusobakery.business.site	-1		
approdonews.it	-1		
cosenza.talentgarden.org	-1		
detershop.it	-1		
geraceferramenta.it	-1		
http://asdssrende.it	0	200	
http://bats.unical.it/index.htm	0	200	
http://areacs.cnr.it/	0	200	
http://caicosenza.it	0	301	http://www.caicosenza.it/
http://calabriagreca.it/blog/risorse/caldaie-del-latte/	0	301	https://calabriagreca.it/blog/car-rentals/caldaie-del-latte/
http://calabriagreca.it/blog/hotel/casello-di-marupapa/	0	200	
http://campingthurium.com	0	301	https://campingthurium.com/
http://calabriagreca.it/blog/risorse/rocca-del-drago-2/	0	301	https://calabriagreca.it/blog/car-rentals/rocca-del-drago-2/
http://cilea.altervista.org/	0	200	
http://hacklab.cz	0	200	
http://lamaisondeslivres.it/	0	301	http://www.lamaisondeslivres.it/
http://irpics.cnr.it/it-it/strutture/biblioteca.aspx	0	200	
http://mongrassano.asmenet.it/	0	200	
http://nuke.liceogalileilamezia.it/	6		
http://portodigioiatauro.it/	0	301	https://portodigioiatauro.it/
http://power-gym.it/	0	301	https://www.power-gym.it/
http://phoneassist.altervista.org/	0	200	
http://radicediliquirizia.com/	0	301	https://radicediliquirizia.com/
http://santeufemiadaspromonte.asmenet.it/	0	200	
http://simarigioielli.com/	0	301	https://www.simarigioielli.it/
http://scilla.asmenet.it/index.php?action=index&p=244	0	200	
http://stationfinder.eni.com	0	200	
http://tar.unical.it/	0	200	
http://smsgalilei.altervista.org	0	403	
http://turismo.reggiocal.it/GenericContent.aspx?id=42&idToShow=509	0	301	https://turismo.reggiocal.it?id=42&idToShow=509
http://turismo.reggiocal.it/HomePage.aspx	0	301	https://turismo.reggiocal.it
http://vertshop.it	0	301	https://www.migliorgiubbotto.it/
http://unical.it/portale/strutture/centri/residenziale/Servizi_dip/Socrates/	0	301	https://unical.it/portale/strutture/centri/residenziale/Servizi_dip/Socrates/
http://villaggioformicoli.it/	0	301	https://villaggioformicoli.it/
http://villaggiobaiadegliachei.it	0	301	https://www.villaggiobaiadegliachei.it/
http://voihotels.com/en/hotels/voi-floriana-resort/hotel	0	301	https://voihotels.com/en/hotels/voi-floriana-resort/hotel
http://voihotels.com/en/hotels/voi-pizzo-calabro-resort/hotel	0	301	https://voihotels.com/en/hotels/voi-pizzo-calabro-resort/hotel
http://www.actionbayfabiano.com/	6		
http://www.acquamarinabeach.it	0	200	
http://www.agraria.unirc.it/	0	302	https://www.agraria.unirc.it/
http://www.allcarsoverato.it	6		
http://www.aminternational.it/index.php?it/1/home	0	200	
http://www.anarchia.info/	0	503	
http://www.alfiercamping.it/	0	200	
http://www.appartamentipousada.it	0	200	
http://www.anforaceramiche.com	0	301	https://www.anforaceramiche.com/
http://www.archeocalabria.beniculturali.it/archeovirtualtour/calabriaweb/sibari1.htm	28		
http://www.area.cs.cnr.it/biblio/taurianova	28		
http://www.asp.rc.it/?q=node/1574	0	301	https://www.asp.rc.it/?q=node/1574
http://www.artelegnoacri.it/index.html	0	200	
http://www.autoscuoledesensi.com/	0	200	
http://www.astrosavelli.it	0	301	https://astrosavelli.it/
http://www.bcccentrocalabria.it/	0	301	https://www.bcccentrocalabria.it/
http://www.aviscittanova.it/	0	301	http://aviscittanova.it/
http://www.beatoangelo.it/	0	200	
http://www.beatoangeloacri.it/	6		
http://www.beniculturali.it/mibac/opencms/MiBAC/sito-MiBAC/Luogo/MibacUnif/Luoghi-della-Cultura/visualizza_asset.html?id=151064&pagename=66143	28		
http://www.beniculturali.it/mibac/opencms/MiBAC/sito-MiBAC/Luogo/MibacUnif/Luoghi-della-Cultura/visualizza_asset.html?id=152214&pagename=57	28		
http://www.bibliotecacalabresesoriano.it/	0	200	
http://www.bibliotecadenobili.it/	6		
http://www.bncs.librari.beniculturali.it//icms/opencms/polocosenza	0	301	http://www.bncs.beniculturali.it/icms/opencms/polocosenza
http://www.caicastovillari.it	6		
http://www.caicastrovillari.it	0	200	
http://www.caicatanzaro.it	0	200	
http://www.caicosenza.it	0	200	
http://www.caiverbicaro.it	0	301	http://caiverbicaro.it/
http://www.beniculturali.it/mibac/opencms/MiBAC/sito-MiBAC/Luogo/MibacUnif/Luoghi-della-Cultura/visualizza_asset.html?id=158589&pagename=57	28		
http://www.camping-damario.eu	7		
http://www.campingmareazzurro.it/	0	301	https://www.campingmareazzurro.it/
http://www.capogreco.it/	0	403	
http://www.campoverdeagricola.it/index.html	0	200	
http://www.carmar.eu/	0	301	https://www.carmar.com/
http://www.castellocosenza.it	0	200	
http://www.casalevecchiafattoria.com/	0	301	http://casalevecchiafattoria.com/
http://www.castellodicoriglianocalabro.it/Default.aspx	0	200	
http://www.catanzaro.aci.it/	0	302	https://catanzaro.aci.it/
http://www.castellomichelina.it/	0	200	
http://www.cattedralelameziaterme.it/	0	200	
http://www.cattedralereggiocalabria.it/	0	200	
http://www.cattolicadeigreci.it/	0	200	
http://www.ceramicailmetroquadro.it/	0	200	
http://www.chucksurf.com/camp	6		
http://www.certosini.info/	0	200	
http://www.clinicatricarico.it/	0	200	
http://www.comune.castrovillari.cs.gov.it/	6		
http://www.comune.drapia.vv.it/	0	200	
http://www.comune.feroletoantico.cz.it/	0	200	
http://www.comune.joppolo.vv.it/	0	200	
http://www.comune.lamezia-terme.cz.it/	0	307	https://www.comune.lamezia-terme.cz.it:443/
http://www.comune.lamezia-terme.cz.it/node/177	0	307	https://www.comune.lamezia-terme.cz.it:443/node/177
http://www.comune.locri.rc.it/	0	301	https://www.comune.locri.rc.it/
http://www.comune.maida.cz.it/	0	301	https://www.comune.maida.cz.it/
http://www.comune.marinadigioiosaionica.rc.it/index.php?action=index&p=288	0	403	
http://www.ciclijiriti.it/	0	200	
http://www.comune.marinadigioiosaionica.rc.it/index.php?action=index&p=289	0	403	
http://www.comune.mileto.vv.it/	0	301	https://www.comune.mileto.vv.it/
http://www.comune.mileto.vv.it/index.php?action=index&p=225	0	301	https://www.comune.mileto.vv.it/index.php?action=index&p=225
http://www.comune.palmi.rc.it/index.php?action=index&p=348	0	301	https://www.comune.palmi.rc.it/index.php?action=index&p=348
http://www.comune.paludi.cs.it/index.php?action=index&p=439	0	200	
http://www.comune.pietrafitta.cs.it/	0	301	https://www.comune.pietrafitta.cs.it/
http://www.comune.pianopoli.cz.it/	0	200	
http://www.comune.sanmarcoargentano.cs.it/	0	200	
http://www.comune.siderno.rc.it/	0	307	https://www.comune.siderno.rc.it:443/
http://www.comune.sanmartinodifinita.cs.it	0	200	
http://www.comune.soverato.cz.it	0	301	https://www.comune.soverato.cz.it/
http://www.comune.sorianocalabro.vv.it/	0	301	https://www.comune.sorianocalabro.vv.it/
http://www.comuneacri.gov.it/	6		
http://www.comune.spilinga.vv.it/	0	200	
http://www.comunelongobucco.eu/	0	200	
http://www.cortedeigreci.net/	0	301	http://www.cortedeigreci.eu/
http://www.crac.eu	0	403	
http://www.dentalservicerc.it	0	200	
http://www.dottoressalocanto.it/	0	301	https://www.dottoressalocanto.it/
http://www.e-coop.it/punti-vendita-dettaglio?id=5641	0	403	
http://www.diper.it/index.php/tropea	0	301	http://www.diper.it/tropea
http://www.ecomuseodizagarise.it	0	301	https://www.ecomuseodizagarise.it:443/
http://www.ecomuseolongobucco.it/index.php/home	6		
http://www.enobaccanti.com/	0	200	
http://www.enteparcopollino.gov.it	6		
http://www.enzocittadino.it	6		
http://www.einaudilamezia.it	0	200	
http://www.farmaciaascioti.com	0	200	
http://www.farmaciaminardi.it	0	403	
http://www.ferramonticampo.it	6		
http://www.giardinoiti.it/	0	301	https://www.giardinoiti.it/
http://www.girasolebed.it/	6		
http://www.fvpadula.it/	0	200	
http://www.girasolebed.it/home/circolo-calcetto/	6		
http://www.girasolebed.it/home/ristorante/	6		
http://www.grottezungri.it	0	301	https://www.grottezungri.it/
http://www.hotelconcadoro.org	0	301	https://www.hotelconcadoro.org/
http://www.hoteldiavin.it	0	403	
http://www.hoteldomusresidence.it/	0	301	https://www.hoteldomusresidence.it/
http://www.hotelfattoria.it/	0	301	https://hotelfattoria.it/
http://www.grandhotellamezia.it	0	301	http://grandhotellamezia.it/
http://www.hotelmiramarecalabria.it/en/index.htm	0	301	https://www.hotelmiramarecalabria.it/en/index.htm
http://www.hotelpalacesavuto.it	0	301	https://www.hotelpalacesavuto.it/
http://www.hotelroscianum.it	0	301	https://www.hotelroscianum.it/
http://www.hotelsavant.it	0	301	https://www.hotelsavant.it/
http://www.hotelscilla.it/	0	200	
http://www.hotelsanfrancescoterme.com	0	200	
http://www.hotelsouthparadise.it/	0	301	https://hotelsouthparadise.it/
http://www.hotelstellamarina.net/	0	301	https://www.hotelstellamarina.net/
http://www.icbelmontecalabro.gov.it/	6		
http://www.icmarinadigioiosamammola.it/	6		
http://www.icoterminals.com/	0	301	https://www.icoterminals.com/
http://www.icperripitagora.gov.it	6		
http://www.icsantamariadelcedro.gov.it/	6		
http://www.ictaverna.gov.it	6		
http://www.iisgaribaldialfano.gov.it/	6		
http://www.hsf.it/	0	200	
http://www.ilgiardinodiausonia.com/	6		
http://www.iislamezia.it	6		
http://www.iltulipanonero.it	0	200	
http://www.ipssarcastrovillari.gov.it/	6		
http://www.ilporticello.it/	0	200	
http://www.iresudcalabria.it/museo.asp?id=38	0	404	
http://www.iresudcalabria.it/museo.asp?id=28	0	404	
http://www.iresudcalabria.it/museo.asp?id=41	0	404	
http://www.istzanotti.it/	6		
http://www.itcgcastrovillari.gov.it/	6		
http://www.itepiria.gov.it/	6		
http://www.itgrighi.gov.it/	6		
http://www.itglamezia.it/	6		
http://www.jinostrara.it/	6		
http://www.krataiis.it/	0	200	
http://www.lacantinadelmacellaio.com	0	302	http://ww25.lacantinadelmacellaio.com/?subid1=20230717-1302-405b-8097-5329141bcedf
http://www.lameziateam.it/	0	301	https://www.lameziateam.it/
http://www.lapprododiamante.it/	6		
http://www.lavanderiaindustrialenuvola.it	6		
http://www.latersud.it/it	0	200	
http://www.lecarolee.com/	6		
http://www.leroccetteclub.it	0	301	https://leroccetteclubtropea.com
http://www.leroccettesanleonardo.it	0	301	https://www.leroccettesanleonardo.it/
http://www.libreriaincontro.com/	0	200	
http://www.libri-net.com/	0	200	
http://www.libreriatavella.it	0	200	
http://www.liceocampanellalamezia.it/	0	200	
http://www.lidoskipper.com	6		
http://www.locriantica.it/	0	301	https://www.locriantica.it/
http://www.liceosoverato.it	0	301	http://liceosoverato.it/
http://www.majoranagroup.it/	0	301	http://www.majoranagroup.com/
http://www.maregrande.it	0	200	
http://www.microelettronica.it/	0	200	
http://www.minervaclubresort.it/golf	0	301	https://www.minervaclubresort.it/golf
http://www.mnlg.it	0	200	
http://www.megalehellas.net	0	301	https://www.megalehellas.net/
http://www.museisantaseverina.it	0	301	https://www.museisantaseverina.it/
http://www.museocertosa.org	0	301	https://www.museocertosa.org/
http://www.museodeibrettiiedeglienotri.it	0	301	https://www.museodeibrettiiedeglienotri.it/
http://www.museocivicoaltomonte.it/MW/	0	200	
http://www.museodiocesanoczsq.it	6		
http://www.museomaca.it	0	303	http://www.museomaca.it/index.php?lang=it
http://www.museopaleomarino.org/presentazione.php	0	301	https://www.museopaleomarino.org/presentazione.php
http://www.museosanpaolo.it	0	403	
http://www.mustrumu.it	0	200	
http://www.myvillaeden.it/	0	200	
http://www.naturium.it/	0	301	https://www.naturium.it/
http://www.museomarca.info	6		
http://www.newmagnagreciahotel.it/	0	200	
http://www.nicoterabeachvillage.it	0	301	https://www.nicoterabeachvillage.it/
http://www.palabotteghelle.it/	6		
http://www.parcoaspromonte.gov.it/	6		
http://www.nunulab.it/	0	301	https://www.nunulab.it/
http://www.parcoaspromonte.gov.it/musei/	6		
http://www.parcodelleserre.it	0	301	https://www.parcodelleserre.it/
http://www.parcodelleserre.it/	0	301	https://www.parcodelleserre.it/
http://www.parcoavventuracalabria.it/	6		
http://www.parcoecolandia.it/ecosite/	0	301	https://www.parcoecolandia.it/ecosite/
http://www.parcosila.it/it/	0	301	https://www.parcosila.it/it/
http://www.parkhotelcalabria.eu	0	403	
http://www.parks.it/parco.nazionale.sila/gallery_dettaglio.php?id=17992	0	200	
http://www.parrocchiagioiosamarina.com/	6		
http://www.parrocchiemap.it/parrocchiemap/consultazione/parrocchie/scheda.jsp?icsc=1080042	0	200	
http://www.pianofortissimo.com/	0	200	
http://www.pinacotecacivicarc.it/it/	0	502	
http://www.pinetadisibari.it/	0	200	
http://www.pista2mari.com/	6		
http://www.pizzerialemagnolie.it	0	301	https://www.pizzerialemagnolie.it/
http://www.pizzeriapizzare.it	6		
http://www.parcopollino.it/grotta-del-romito/	0	301	https://www.parcopollino.it/grotta-del-romito/
http://www.pizzogreco.com	0	301	https://www.pizzogreco.com/
http://www.portodellegrazie.it/	0	301	https://www.portodellegrazie.com/
http://www.printerservice.it/	0	200	
http://www.prolocogioiosajonica.it/DA-VISITARE/palazzo-amaduri.html	6		
http://www.protezionecivile.gov.it/jcms/it/ricostruzione_cerzeto.wp	0	301	https://www.protezionecivile.gov.it/jcms/it/ricostruzione_cerzeto.wp
http://www.protezionecivile-cittanova.org/	0	200	
http://www.provincia.crotone.it	0	301	https://www.provincia.crotone.it/
http://www.reggiocal.it/	0	301	https://www.reggiocal.it/
http://www.rende.rossopomodoro.com	6		
http://www.regione.calabria.it/	0	301	https://www.regione.calabria.it/
http://www.resvigo.com	0	200	
http://www.residenzamediterranea.com	6		
http://www.rinnovaenergy.it	0	301	https://www.rinnovaenergy.it/
http://www.riservetarsiacrati.it	0	200	
http://www.ristoranteamal.it/	0	301	https://www.ristoranteamal.it/
http://www.riservetarsiacrati.it/	0	200	
http://www.ristorantelacascina1899.it/home/	0	200	
http://www.ristorantelalamia.com	6		
http://www.ristoranti.mcdonalds.it/ristorante/588	0	301	https://www.mcdonalds.it/ristorante?mcdid=588
http://www.rizziconienergia.it/index.php	0	301	https://www.rizziconienergia.it/index.php
http://www.roccettemare.it	0	301	https://www.roccettemare.info
http://www.rusti-co.it	0	403	
http://www.ristoranteilconvivio.it	0	200	
http://www.santacaterinadelloionio.com/ancora_aragonese.php	0	301	https://www.santacaterinadelloionio.com/ancora_aragonese.php
http://www.santagostinoaffittacamere.it/	0	403	
http://www.salvatoredessiarchitetto.it	0	200	
http://www.soveratodolci.com	0	403	
http://www.stars4all.eu/	0	301	https://www.stars4all.eu/
http://www.subamicidiving.it	0	200	
http://www.supermercatiperri.it/Duep/ID_Azienda/249	6		
http://www.tatosonline.com	0	200	
http://www.sibarifly.com	0	301	https://www.sibarifly.com/
http://www.teapraia.it	0	200	
http://www.tenutadellegrazie.it/	0	301	https://www.tenutadellegrazie.it/
http://www.termesibarite.it	0	301	https://www.termesibarite.it/
http://www.thefrogmenteam.it/	0	200	
http://www.torrefazionemanuli.com/	0	200	
http://www.tavernabar.com/	0	301	https://www.tavernabar.com/
http://www.treeffecenter.it/	6		
http://www.vallecrocchio.it/itinerari/naturalistici/Itinerario%2012.pdf	0	403	
http://www.unicornidicarta.it/	0	200	
http://www.visitroccella.it/musmir/	0	200	
http://www.vitrioliprincipepiemonte.it/	6		
http://www.zanfinitours.it	0	200	
https://20203.octotable.com/index.html	0	200	
https://al-pachino.business.site/	0	200	
https://antonante-toyota.it/	0	301	https://www.toyota.it/
https://artigianofiumano.oneminutesite.it/	60		
https://barloscoglio.com	0	200	
https://bau.unical.it/home	0	200	
https://bbmagnagrecia.it	0	200	
https://blabla.picieffe.it/	0	200	
https://carontetourist.it/	0	301	https://carontetourist.it/en
http://www.vigilfuoco.it/sitivvf/reggiocalabria/	28		
https://cibusminniti.it	0	301	https://www.cibusminniti.it/
https://confcommerciocosenza.it/	0	200	
https://earthobservatory.nasa.gov/NaturalHazards/view.php?id=43160	0	301	https://earthobservatory.nasa.gov/images/43160/landslide-in-maierato-italy
https://en.goel.coop/	0	200	
https://drive.google.com/file/d/1AGeWA81zGJ8ac5bYDjXxjycWyZwpd6w3/view	0	200	
https://fondoambiente.it/luoghi/i-giganti-della-sila	0	200	
https://gardeniahotelrc.it/	0	200	
https://gias-srl.com/	0	200	
https://hlcs.it	0	200	
https://hotelcolombadoro.it/	0	200	
https://hotelnapoleone.it/	0	200	
https://instagram.com/_donaglie	0	301	https://instagram.com/_donaglie/
https://icrizziconi.edu.it/w19/	0	200	
https://istitutocomprensivotropea.edu.it	0	200	
https://istitutocomprensivotropea.edu.it/	0	200	
https://it.casashops.com/it/	0	200	
https://kingu.it/	0	307	https://kingu.it/?v=56dd00797f3b
https://kyosko.it/	0	200	
https://lacapannina.delivera.it/menu/	0	200	
https://lavanderia-da-lorena.business.site/	0	200	
https://legeataurianova.business.site/	0	200	
https://lirosiautoserviziorari.com/	0	200	
https://m.facebook.com/La-Capricciosa-818343404954733/info?tab=overview#_=_	0	302	https://m.facebook.com/login.php?next=https%3A%2F%2Fm.facebook.com%2FLa-Capricciosa-818343404954733%2Finfo%3Ftab%3Doverview&refsrc=deprecated&_rdr
https://laduchessaricevimenti.it/	0	200	
https://m.facebook.com/delizie.cs/	0	302	https://m.facebook.com/login.php?next=https%3A%2F%2Fm.facebook.com%2Fdelizie.cs%2F&refsrc=deprecated&_rdr
https://m.facebook.com/pages/Palestra-Evolution-Tropea-Davide-Cristiana/187973144603429	0	302	https://m.facebook.com/login.php?next=https%3A%2F%2Fm.facebook.com%2Fpages%2FPalestra-Evolution-Tropea-Davide-Cristiana%2F187973144603429&refsrc=deprecated&_rdr
https://magnetic.computer/	0	200	
https://musei.calabria.beniculturali.it/musei?mid=1362&nome=museo-archeologico-lametino	28		
https://musei.calabria.beniculturali.it/musei?mid=332&nome=museo-e-parco-archeologico-nazionale-di-scolacium	28		
https://negozi.pittarosso.com/it/italia/reggio-calabria/gioia-tauro	0	200	
https://nttdata.com	0	301	https://www.nttdata.com/
https://odissea2000.it/	0	200	
https://opolivolio.com	7		
https://piccolauniversitaitaliana.com/	0	200	
https://pizzeria-pizzafood.business.site/?utm_source=gmb&utm_medium=referral	0	200	
https://ojni.it	0	200	
https://pizzeriailportico.it.gg/	0	200	
https://portalidicalabria.altervista.org/palazzo-cosentino-romiti-a-isca-sullo-ionio-cz/	0	200	
https://polizzeseelettricita.it/	0	200	
https://portobolaro.it/	0	200	
https://portodegliulivi.it/	0	200	
https://qafiz.it/	0	200	
https://reggiocalabria.ubiklibri.it	0	301	/home.html
https://ristoranteacquolina.it/	6		
https://sapuricalabrisi.com	0	200	
https://scogliodellagalea.it/	0	200	
https://residenceosiris.it/	0	200	
https://sdiconfcommercio.it/	0	301	https://www.sdiconfcommercio.it/
https://scuolemonasteraceriace.edu.it	0	200	
https://sentierodellinglese.wordpress.com/	0	200	
https://shop.planetwin365.it/planetwin365-e8b33a0307f6	0	200	
https://stationfinder.eni.com/iveportal/stations/stationfinder.do?locale=it_IT&m=3&id=IT18559	60		
https://shotslachupiteria.it/	0	200	
https://super-mario-pizza-pizzatakeaway.business.site/	0	200	
https://stores.ovs.it/it/italia/calabria/reggio-calabria/ovs-taurianova	0	200	
https://temesaresort.it/	6		
https://thlecastella.it/	60		
https://thermstore.it/	0	200	
https://turismo.responsabile.coop/it/struttura-turistica-calabria/eco-ostello-locride	0	200	
https://vadala-toyota.it/	0	200	
https://villaggiorobinson.com	0	200	
https://www.adrenalinaverde.it/	0	200	
https://www.agenziademanio.it/opencms/it/agenzia/strutturaorganizzativa/direzioniterritoriali/calabria/	0	200	
https://www.agenziaentrate.gov.it/portale/web/guest/uffici5/-/uffici/uffici_INSTANCE_TzbRUYbxP53E/dettaglioufficio/TDX	0	200	
https://www.agriturismovota.it	35		
https://www.abacatanzaro.it	0	200	
https://www.aloha-beach.it/	0	200	
https://www.altamareapizzeria.it/	0	200	
https://www.apcalzature.it/it	0	200	
https://www.arddiscount.it/	0	403	
https://www.ardsicilia.it/punti-vendita/624/crotone-ss-106-km-245-localit-s-giorgio	0	301	https://www.arddiscount.it/punti-vendita/624/crotone-ss-106-km-245-localit-s-giorgio
https://www.anmicentrodiagnostico.it/	0	200	
https://www.autoscuoletripodi.it/	0	200	
https://www.autoservizipreite.com	0	200	
https://www.aziendaagricolarende.it/	0	200	
https://www.baccellieri.net	6		
https://www.baiadelsole.com/	0	200	
https://www.bbdarita.it/	0	200	
https://www.bblao.it/	0	301	https://www.bblao.it/wp/
https://www.bebmula.it/	0	200	
https://www.asp.cz.it/?q=node/120	28		
https://www.beniculturali.it/evento/locri-epizefiri-inaugurazione-del-nuovo-allestimento-del-museo-archeologico-nazionale	28		
https://www.beniculturali.it/luogo/mack-museo-arte-contemporanea-crotone	28		
https://www.beniculturali.it/luogo/museo-e-parco-archeologico-archeoderi?page=2#contatti	28		
https://www.beniculturali.it/mibac/opencms/MiBAC/sito-MiBAC/Luogo/MibacUnif/Luoghi-della-Cultura/visualizza_asset.html?id=150288&pagename=157031	28		
https://www.beniculturali.it/mibac/opencms/MiBAC/sito-MiBAC/Luogo/MibacUnif/Luoghi-della-Cultura/visualizza_asset.html?id=150841&pagename=57	28		
https://www.beniculturali.it/mibac/opencms/MiBAC/sito-MiBAC/Luogo/MibacUnif/Luoghi-della-Cultura/visualizza_asset.html?id=150987&pagename=57	28		
https://www.beniculturali.it/mibac/opencms/MiBAC/sito-MiBAC/Luogo/MibacUnif/Luoghi-della-Cultura/visualizza_asset.html?id=151185&pagename=57	28		
https://www.beniculturali.it/mibac/opencms/MiBAC/sito-MiBAC/Luogo/MibacUnif/Luoghi-della-Cultura/visualizza_asset.html?id=151762&pagename=157031	28		
https://www.beniculturali.it/mibac/opencms/MiBAC/sito-MiBAC/Luogo/MibacUnif/Luoghi-della-Cultura/visualizza_asset.html?id=152696&pagename=57	28		
https://www.beniculturali.it/mibac/opencms/MiBAC/sito-MiBAC/Luogo/MibacUnif/Luoghi-della-Cultura/visualizza_asset.html?id=153475&pagename=157031	28		
https://www.beniculturali.it/mibac/opencms/MiBAC/sito-MiBAC/Luogo/MibacUnif/Luoghi-della-Cultura/visualizza_asset.html?id=153555&pagename=157031	28		
https://www.beniculturali.it/mibac/opencms/MiBAC/sito-MiBAC/Luogo/MibacUnif/Luoghi-della-Cultura/visualizza_asset.html?id=158783&pagename=57	28		
https://www.bimbus.it/it/elenco-punti-vendita/catanzaro	60		
https://www.blujetlines.it/oraripasseggeri-reggio.html	0	200	
https://www.bonannorestaurant.com/	0	200	
https://www.bper.it/	0	200	
https://www.caicastrovillari.it	35		
https://www.caicosenza.it	0	200	
https://www.caireggio.it/	0	200	
https://www.beniculturali.it/mibac/opencms/MiBAC/sito-MiBAC/Luogo/MibacUnif/Luoghi-della-Cultura/visualizza_asset.html?id=167347&pagename=167347	28		
https://www.caiverbicaro.it	0	301	https://caiverbicaro.it/
https://www.calabriaverdevv.it/	0	301	https://www.calabriaverdevv.it/it/
https://www.calypsocamping.it/	0	200	
https://www.capovaticanoresort.it/	0	200	
https://www.campagnamica.it/	0	200	
https://www.carabinieri.it	0	200	
https://www.carabinieri.it/	0	200	
https://www.casellomargherita.it/	0	200	
https://www.centralemercure.it/	0	520	
https://www.chateau-dax.it/	0	200	
https://www.castellomurat.it/	0	200	
https://www.cisalfasport.it/	0	200	
https://www.cicloviaparchicalabria.it	0	301	https://www.cicloviaparchicalabria.it/it/
https://www.cittanovaonline.it/Cittanova_Le_Chiese.html	0	200	
https://www.cittanovaonline.it/Cittanova_Cappelletta_Crocefisso.html	0	200	
https://www.cittanovaonline.it/Cittanova_calvario.html	0	200	
https://www.cittanovaonline.it/Cittanova_contrada_malizia.html	0	200	
https://www.cittanovaonline.it/Cittanova_la_villa_comunale.html	0	200	
https://www.cittanovaonline.it/Cittanova_santi_cosma_damiano.html	0	200	
https://www.cittanovaonline.it/francescopoliti/	0	200	
https://www.cittanovaonline.it/leviedeipoeti/alberto_cavaliere.html	0	200	
https://www.cittanovaonline.it/leviedeipoeti/domenico_cardillo.html	0	200	
https://www.cittanovaonline.it/leviedeipoeti/anonimo_cittanovese.html	0	200	
https://www.cittanovaonline.it/leviedeipoeti/guglielmo_morani.html	0	200	
https://www.cittanovaonline.it/leviedeipoeti/enzo_bruzzi.html	0	200	
https://www.cittanovaonline.it/leviedeipoeti/pannello_informativo.html	0	200	
https://www.cittanovaonline.it/leviedeipoeti/pasqualino_barbatano.html	0	200	
https://www.cittanovaonline.it/leviedeipoeti/pietro_muratori.html	0	200	
https://www.cittanovaonline.it/leviedeipoeti/pietro_berlingeri.html	0	200	
https://www.cittanovaonline.it/leviedeipoeti/salvatore_guerrisi.html	0	200	
https://www.cittanovaonline.it/leviedeipoeti/salvatore_giovinazzo.html	0	200	
https://www.cittanovaonline.it/leviedeipoeti/vincenzo_gerace.html	0	200	
https://www.cittanovaonline.it/leviedeipoeti/vincenzo_toscano.html	0	200	
https://www.clubesse.it/strutture/hotel-sunbeach/	0	200	
https://www.clubesse.it/strutture/hotel-costa-dello-ionio/	0	303	/strutture/hotel-sunbeach/
https://www.comune.cerchiara.cs.it/Santuario-Santa-Maria-delle-armi	0	200	
https://www.comune.ciromarina.kr.it/	0	403	
https://www.comune.cittanova.rc.it/	0	200	
https://www.comune.corigliano-rossano.cs.it/	0	200	
https://www.comune.girifalco.cz.it/	0	200	
https://www.comune.curinga.cz.it/	0	200	
https://www.comune.polia.vv.it/	0	200	
https://www.comune.rizziconi.rc.it/	0	302	http://www.comune.rizziconi.rc.it/comune
https://www.comune.tortora.cs.it	60		
https://www.comune.scido.rc.it/	0	200	
https://www.comune.tropea.vv.it/	0	200	
https://www.conad.it/ricerca-negozi/negozio.006286.html	0	301	https://www.conad.it/ricerca-negozi/conad-via-giuseppe-verdi-40-87036-rende--006286
https://www.conad.it/ricerca-negozi/conad-superstore-contrada-crocicchia-snc-89029-taurianova--010240	0	200	
https://www.conad.it/ricerca-negozi/negozio.009643.html	0	301	https://www.conad.it/ricerca-negozi/conad-viale-papa-pio-x-214-88100-catanzaro--009643
https://www.conad.it/ricerca-negozi/negozio.050247.html	0	301	https://www.conad.it/ricerca-negozi/conad-self-24h-viale-santangelo-165-87067-corigliano-rossano--050247
https://www.conad.it/ricerca-negozi/negozio.010243.html	0	301	https://www.conad.it/ricerca-negozi/conad-via-trapezi-3-89134-reggio-di-calabria--010243
https://www.contshipitalia.com/it/marine_mct.htm	0	404	
https://www.crai-supermercati.it/punti-vendita/pdv.php?id=692	0	403	
https://www.crai-supermercati.it/punto-vendita/5461-crai-sibari/	0	403	
https://www.credem.it/	0	200	
https://www.decathlon.it/store-view/negozio-sport-gioia-tauro-reggio-calabria-0070054500545	0	200	
https://www.delizievaticane.it/	0	200	
https://www.demetriofullservice.com/	0	301	https://demetriofullservice.com/
https://www.donboscosoverato.com/scuola/	0	403	
https://www.dropbox.com/s/0qlgixq0am9gtvo/8-la-postierla.jpg?dl=0	0	302	/s/raw/0qlgixq0am9gtvo/8-la-postierla.jpg
https://www.dropbox.com/s/35x72w4lrnbkc8y/12-l-abitato-nord.jpg?dl=0	0	302	/s/raw/35x72w4lrnbkc8y/12-l-abitato-nord.jpg
https://www.dropbox.com/s/cnscd5lxjfcxq5y/6-il-teatro.jpg?dl=0	0	302	/s/raw/cnscd5lxjfcxq5y/6-il-teatro.jpg
https://www.dropbox.com/s/guiolwyb370c74d/7-la-fortificazione.jpg?dl=0	0	302	/s/raw/guiolwyb370c74d/7-la-fortificazione.jpg
https://www.dropbox.com/s/kaf33utejoq0dcw/11-gli-enotri-a-piana-agretto.jpg?dl=0	0	302	/s/raw/kaf33utejoq0dcw/11-gli-enotri-a-piana-agretto.jpg
https://www.dropbox.com/s/lz20pscxpcmmref/13-le-cisterne.jpg?dl=0	0	302	/s/raw/lz20pscxpcmmref/13-le-cisterne.jpg
https://www.dropbox.com/s/nzl3ekdsq319bqe/15-l-edificio-III.jpg?dl=0	0	302	/s/raw/nzl3ekdsq319bqe/15-l-edificio-III.jpg
https://www.dropbox.com/s/pljhw4hufqjxwsr/10-le-torri.jpg?dl=0	0	302	/s/raw/pljhw4hufqjxwsr/10-le-torri.jpg
https://www.dropbox.com/s/vkyzxb1cekmdda3/9-la-porta-est.jpg?dl=0	0	302	/s/raw/vkyzxb1cekmdda3/9-la-porta-est.jpg
https://www.e-coop.it/scegli-il-tuo-negozio/negozi-e-promozioni/5808	60		
https://www.coopmaster.it	28		
https://www.elitefitness.it	0	200	
https://www.ecipacal.it/	0	200	
https://www.enel.it/punto-enel/	0	302	https://www.enel.it/punto-enel
https://www.emotioncare.it/	0	200	
https://www.euronics.it/store?storeId=8033695247711	0	200	
https://www.eurospin.it/	0	200	
https://www.eurospin.it/punti-vendita/mangone-603316/	0	404	
https://www.facebook.com/Agriturismo-Rende-110722120766760/	0	301	https://www.facebook.com/AgriturismoRende
https://www.facebook.com/Bar-Caffetteria-Sibacioc-1208845605939083/	0	301	https://www.facebook.com/people/Bar-Caffetteria-Sibacioc/100043633345995/
https://www.facebook.com/Bar-Gelateria-Da-Giacinto-281957501836893/	0	301	https://www.facebook.com/gelateriadagiacinto
https://www.facebook.com/Bar-Trieste-1805737742774309/	0	301	https://www.facebook.com/people/Bar-Trieste/100068844078054/
https://www.facebook.com/LeArcate.DanieleVescio	0	200	
https://www.facebook.com/Linea-Benessere-Tatiana-146735599344568/	0	301	https://www.facebook.com/people/Linea-Benessere-Tatiana/100057398771345/
https://www.facebook.com/MAISONdeBEAUTE.FC/?ref=page_internal	0	200	
https://www.facebook.com/OsteriaSulLagoTarsia	0	200	
https://www.facebook.com/Residenza-Matilde-Bed-Breakfast-727783228016945/	0	301	https://www.facebook.com/people/Residenza-Matilde-Bed-Breakfast/100071354132598/
https://www.facebook.com/agristore.iazzolino/	0	200	
https://www.facebook.com/farmaciacantafora/	0	200	
https://www.facebook.com/ilnettaredeglidei/	0	200	
https://www.facebook.com/mulinum/	0	302	https://www.facebook.com/login/?next=https%3A%2F%2Fwww.facebook.com%2Fmulinum%2F
https://www.facebook.com/museo.delpresente/	0	302	https://www.facebook.com/login/?next=https%3A%2F%2Fwww.facebook.com%2Fmuseo.delpresente%2F
https://www.facebook.com/pages/Volo-Rosso/771259226302963	0	200	
https://www.facebook.com/parcogaslinicz/	0	200	
https://www.facebook.com/pg/MuMar-Museo-dei-Marmi-135042163196002/	0	301	https://www.facebook.com/people/MuMar-Museo-dei-Marmi/100057358364067/
https://www.facebook.com/studio.ingegneria.pelaggi	0	302	https://www.facebook.com/login/?next=https%3A%2F%2Fwww.facebook.com%2Fstudio.ingegneria.pelaggi
https://www.facebook.com/vallerealefiumefreddo/	0	200	
https://www.fattoriastocchi.it/	0	410	
https://www.essofuelfinder.it/598190-stazione-di-servizio-esso-maida	0	404	
https://www.fordvumbacagroup.it/	0	200	
https://www.fratellilabufala-cosenzarende.it/	0	200	
https://www.fisioterapiaroccella.it	0	200	
https://www.gelateriaenrico.com	0	301	https://gelateriaenrico.com/
https://www.giardinodigitale.it/	0	200	
https://www.grandhotelparadiso.it/	0	200	
https://www.grotticelle.com/	0	200	
https://www.hairstudioscosenza.it/	0	200	
https://www.icamarellirossano.edu.it/	0	200	
https://www.icmonteleonepascoli.edu.it/	0	200	
https://www.grafichecolarco.it/	0	200	
https://www.icsofiaalessio-contestabile.edu.it/	0	200	
https://www.icvivaldicatanzaro.edu.it/	0	200	
https://www.iisfermi.edu.it/	0	200	
https://www.iismazzone.edu.it/	0	200	
https://www.iistropea.edu.it/	0	200	
https://www.ilbak.it/	0	200	
https://www.iltartufopenna.com	0	200	
https://www.iportali.com/	0	200	
https://www.incittanova.it/museo_civico.htm	0	404	
https://www.irpi.cnr.it/chi-siamo/sedi/cosenza/	0	200	
https://www.isoppido.edu.it	0	302	master.php?pagina=home.php
https://www.isoppido.edu.it/	0	302	master.php?pagina=home.php
https://www.kalabriatrekking.it/	7		
https://www.lalocandatropea.com/	0	200	
https://www.istat.it/it/istituto-nazionale-di-statistica/organizzazione/sedi-territoriali	35		
https://www.laperlatropea.com/	0	200	
https://www.lamantinera.it/	0	200	
https://www.lavasciuga.net/	0	200	
https://www.lelettromeccanicacritelli.it/	6		
https://www.latorroneria.it/	0	200	
https://www.lidl.it/	0	200	
https://www.locriantica.it/sito/teatro.htm	0	200	
https://www.maon.it/Contenuti/ShowContenuto?IdSezione=2&urlJsPDF=%2F	0	404	
https://www.mdspa.it/punti-vendita/Calabria/RC-Reggio-Calabria/727-Taurianova	0	301	https://www.mdspa.it/punti-vendita/Calabria/RC-Reggio-Calabria/727-Taurianova/
https://www.mediterraneabus.com/	0	200	
https://www.master90.it/	0	200	
https://www.mindujo.it/	0	200	
https://www.miramarescilla.it/	0	200	
https://www.mulini.eu/	6		
https://www.mondadoristore.it/negozi/punti-vendita/Mondadori-Bookstore-Siderno/1563/	0	200	
https://www.mumat.it	0	200	
https://www.museocodexrossano.it/	0	200	
https://www.museoarcheologicoreggiocalabria.it	0	200	
https://www.museofumetto.it/	0	200	
https://www.museooppidopalmi.it	0	200	
https://www.newkitezone.it/	0	200	
https://www.museodellaliquirizia.it/	60		
https://www.onda-azzurra.it/	60		
https://www.oldwildwest.it/code/20073/Rende-Via-Marconi	0	200	
https://www.orafoluigimungo.it/	0	200	
https://www.opentaverna.it/	0	200	
https://www.orocash.it/cs17-compro-oro-rende	0	200	
https://www.orientalpark.it/	0	200	
https://www.pagineazzurre.com/porti-della-basilicata/corigliano-calabro/	0	403	
https://www.palazzopolicastrisuites.it/	60		
https://www.parcoaspromonte.gov.it/	6		
https://www.palazzoirma.it/	0	200	
https://www.parcolacometa.it/	0	200	
https://www.parcosila.it/	0	301	https://www.parcosila.it/it/
https://www.parcodeiprincipiscalea.it/	0	200	
https://www.parrocchiasacrocuorecatanzaro.it/	0	200	
https://www.pasticceriasarne.com/	0	200	
https://www.piaggio.com/	0	302	https://www.piaggio.com/us_EN/
https://www.piccolograndhotel.com	0	200	
https://www.pasticceriataverna.it	0	307	https://www.pasticceriataverna.it/?v=7516fd43adaa
https://www.popiliaresort.it/	0	200	
https://www.poste.it/	0	200	
https://www.plaingross.com/	0	200	
https://www.posteitaliane.it/	0	500	
https://www.q8easy.it/	0	301	https://www.q8.it/servizi-prodotti/servizi/q8easy
https://www.profumeriamarino.it	0	200	
https://www.quarzorosaestetica.com/	0	200	
https://www.riabilia.com/	0	200	
https://www.ristoranteillupocattivo.it/	0	200	
https://www.ristorantelacucciarda.com/	0	200	
https://www.ristorantepizzeriametropolis.com/	0	200	
https://www.radioecosud.it/	0	200	
https://www.rollerclubtropea.it/	0	200	
https://www.russogioielli.it/	0	200	
https://www.sabait.it/it/parcheggi/cosenza/cosenza-i-due-fiumi	0	301	https://www.sabait.it/it/parcheggio-cosenza/parcheggio-saba-i-due-fiumi
https://www.sacal.it/	0	302	https://sacal.it/it/
https://www.sacrimonti.org/sacro-monte-laino-borgo	0	200	
https://www.santannahospital.com/	0	200	
https://www.sciaobeach.it/	0	200	
https://www.senzalice.it/	0	200	
https://www.sushirende.it/	0	200	
https://www.tcmdelia.com	0	200	
https://www.tesla.com/findus/location/supercharger/moranocalabrosupercharger	0	200	
https://www.sabap-rc.beniculturali.it/it/244/parco-archeologico-dei-tauriani	28		
https://www.tesla.com/findus/location/supercharger/palmisupercharger	0	200	
https://www.top-flight.it/	0	200	
https://www.thotelamezia.it/	0	200	
https://www.torresaracena.it/	0	302	//torresaracena.it/it/home
https://www.trattoriadelpescefresco.com/	0	200	
https://www.torre-marino.it/	0	200	
https://www.trivago.it/it/srl?__wr=4&tc=22&search=100-7757854	0	403	
https://www.trony.it/online/store/MTR008_A	0	200	
https://www.trony.it/online/store/TRO192_A	0	200	
https://www.villaggiolemuse.it/	0	200	
https://www.tropis.it/	0	301	https://tropis.it/
https://www.viniartese.it	0	200	
https://www.vmhotel-napeto.it/	0	200	
https://www.villinoerminia.it/	0	200	
https://www.zeuscalabria.it/	0	200	
https://wwww.alristo.it/menu.php?host=&page=132382776414817	6		
jsessionid=C210FD7CFA62201039EC976A6FFE11EB.worker3	-1		
sba.unical.it	-1		
vincenzomurdolo.it	-1		
west-side-hamburgeria.business.site	-1		
www.agriturismoruralia.com	-1		
www.alfa21.it	-1		
www.angelomarra.com	-1		
www.animalcitystore.it	-1		
www.asp.cz.it	-1		
www.bbleninfe.it	-1		
www.bruscoassicurazioni.it	-1		
www.caicastrovillari.it	-1		
www.caicatanzaro.it	-1		
www.cairegggio.it	-1		
www.calabriaservice.com	-1		
www.cammisotto.com	-1		
www.carabinieri.it/arma/curiosita/non-tutti-sanno-che/c/caserme-dei-carabinieri	-1		
www.cerra.it	-1		
www.comune.crotone.it	-1		
www.comune.marinadigioiosaionica.rc.it	-1		
www.comunediroghudi.it	-1		
www.conerpesca.com	-1		
www.confcommerciocalabria.it	-1		
www.contistudio.net	-1		
www.finestresulloionio.com	-1		
www.fise.it/calabria	-1		
www.galcedri.it	-1		
www.globaltelecomunicazioni.it	-1		
www.groticelle.com	-1		
www.hoteldiavin.it	-1		
www.hotelilcantagalli.com	-1		
www.hotelvalemare.it	-1		
www.ilcasatoscilla.it	-1		
www.ionamotori.com/bmw	-1		
www.lalocandadelgusto.net	-1		
www.laveduta.eu	-1		
www.libreriapuntoeacapo.it	-1		
www.liceoscorza.gov.it	-1		
www.lidoaurora.it	-1		
www.locandailcappero.it	-1		
www.otticamusolino.it/	-1		
www.palmadorobagnara.it	-1		
www.parcoaspromonte.gov.it	-1		
www.parcoaspromonte.gov.it/	-1		
www.parcodelleserre.it	-1		
www.pasticceriasantandrea.calabriaplus.it	-1		
www.petullamacchineagricole.com	-1		
www.pietradifonte.it	-1		
www.playstyleabbigliamento.com	-1		
www.portorhoca.it	-1		
www.radasiri.com	-1		
www.residencelataverna.com	-1		
www.rifugioilbiancospino.it	-1		
www.ristorantebarone.com	-1		
www.ristorantelaterrazzagerace.it	-1		
www.rivercar.it	-1		
www.rosticcerialarosa.it	-1		
www.scolacium.it	-1		
www.sisalsmartpoint.it	-1		
www.splendidisplendenti.it	-1		
www.squillaceonline.it/castello.html	-1		
www.stageboutique.it	-1		
www.terrazzaragonese.it	-1		
www.torroneromeo.com	-1		
www.upim.it	-1		
https://www.weatec.it/	28		
