@type	@id	website
node	26859466	https://www.costaverde.org
node	26859619	https://www.lamantinera.it/
node	470282967	http://www.parcopollino.it/grotta-del-romito/
node	870392827	www.radasiri.com
node	996897953	https://www.fattoriastocchi.it/
node	996912498	https://www.sushirende.it/
node	1059765456	https://campingcammellogrigio.it/
node	1059765617	https://www.campingmareazzurro.it/
node	1307004762	https://www.facebook.com/farmaciacantafora/
node	1352416352	https://www.pizzerialemagnolie.it/
node	1362134779	https://www.conad.it/ricerca-negozi/conad-superstore-contrada-crocicchia-snc-89029-taurianova--010240
node	1364121722	http://www.diper.it/index.php/tropea
node	1393987986	http://www.hoteldiavin.it
node	1414409324	http://www.lapprododiamante.it/
node	1420014571	https://www.peguy.it/
node	1421003348	https://www.decathlon.it/store-view/negozio-sport-gioia-tauro-reggio-calabria-0070054500545
node	1423189815	https://lirosiautoserviziorari.com/
node	1424495620	https://www.tavernabar.com/
node	1424495635	http://www.torrefazionemanuli.com/
node	1424495638	https://www.pasticceriataverna.it
node	1428093878	https://www.maon.it/Contenuti/ShowContenuto?IdSezione=2&urlJsPDF=%2F
node	1511510560	https://www.residencelataverna.com/
node	1612021797	www.angelomarra.com
node	1635820054	www.hotelilcantagalli.com
node	1696539073	https://www.comune.palmi.rc.it/index.php?action=index&p=348
node	1728772411	https://www.aloha-beach.it/
node	1820177568	http://www.ilporticello.it/
node	1825588305	http://www.comune.marinadigioiosaionica.rc.it/index.php?action=index&p=289
node	1845932223	www.rivercar.it
node	1853388571	http://www.capogreco.it/
node	1901881495	https://stores.ovs.it/it/italia/calabria/reggio-calabria/ovs-taurianova
node	1903930707	http://www.libreriaincontro.com/
node	1945124996	https://www.museocertosa.org/
node	2012143776	https://www.blujetlines.it/oraripasseggeri-reggio.html
node	2043167490	http://www.ciclijiriti.it/
node	2304263856	https://www.enel.it/punto-enel/
node	2304263874	https://www.enel.it/punto-enel/
node	2304263902	https://www.enel.it/punto-enel/
node	2304263912	https://www.enel.it/punto-enel/
node	2304263924	https://www.enel.it/punto-enel/
node	2304263938	https://www.enel.it/punto-enel/
node	2304263951	https://www.enel.it/punto-enel/
node	2311467936	https://www.enel.it/punto-enel/
node	2311467959	https://www.enel.it/punto-enel/
node	2311467972	https://www.enel.it/punto-enel/
node	2311467985	https://www.enel.it/punto-enel/
node	2311468004	https://www.enel.it/punto-enel/
node	2311468017	https://www.enel.it/punto-enel/
node	2311468030	https://www.enel.it/punto-enel/
node	2311468044	https://www.enel.it/punto-enel/
node	2311468053	https://www.enel.it/punto-enel/
node	2311468054	https://www.enel.it/punto-enel/
node	2311468067	https://www.enel.it/punto-enel/
node	2311468093	https://www.enel.it/punto-enel/
node	2311468108	https://www.enel.it/punto-enel/
node	2311468124	https://www.enel.it/punto-enel/
node	2311468144	https://www.enel.it/punto-enel/
node	2311468168	https://www.enel.it/punto-enel/
node	2311468194	https://www.enel.it/punto-enel/
node	2311468214	https://www.enel.it/punto-enel/
node	2311468232	https://www.enel.it/punto-enel/
node	2311468244	https://www.enel.it/punto-enel/
node	2311468249	https://www.enel.it/punto-enel/
node	2311468264	https://www.enel.it/punto-enel/
node	2311468291	https://www.enel.it/punto-enel/
node	2311468304	https://www.enel.it/punto-enel/
node	2311468340	https://www.enel.it/punto-enel/
node	2311468351	https://www.enel.it/punto-enel/
node	2311468354	https://www.enel.it/punto-enel/
node	2311468355	https://www.enel.it/punto-enel/
node	2311468381	https://www.enel.it/punto-enel/
node	2311468394	https://www.enel.it/punto-enel/
node	2311468409	https://www.enel.it/punto-enel/
node	2311468438	https://www.enel.it/punto-enel/
node	2311468463	https://www.enel.it/punto-enel/
node	2311468464	https://www.enel.it/punto-enel/
node	2311468465	https://www.enel.it/punto-enel/
node	2311468486	https://www.enel.it/punto-enel/
node	2330514684	http://www.ecomuseodizagarise.it
node	2335181397	www.ristorantebarone.com
node	2423487907	https://www.fratellilabufala.com
node	2431215163	http://www.farmaciaascioti.com
node	2463719677	www.globaltelecomunicazioni.it
node	2535346276	http://www.icmarinadigioiosamammola.it/
node	2535372472	http://www.comune.marinadigioiosaionica.rc.it/index.php?action=index&p=288
node	2559372100	https://www.beniculturali.it/mibac/opencms/MiBAC/sito-MiBAC/Luogo/MibacUnif/Luoghi-della-Cultura/visualizza_asset.html?id=152214&pagename=57
node	2561503679	http://lamaisondeslivres.it/
node	2585754348	http://www.jinostrara.it/
node	2601612606	http://www.anarchia.info/
node	2612860516	http://www.ristorantelacascina1899.it/home/
node	2642112829	http://www.protezionecivile.gov.it/jcms/it/ricostruzione_cerzeto.wp;jsessionid=C210FD7CFA62201039EC976A6FFE11EB.worker3
node	2642192623	https://www.profumeriamarino.it
node	2653443588	https://www.ilbak.it/
node	2658850817	http://www.comune.paludi.cs.it/index.php?action=index&p=439
node	2695349417	https://musei.calabria.beniculturali.it/musei?mid=1362&nome=museo-archeologico-lametino
node	2698221312	https://www.facebook.com/studio.ingegneria.pelaggi
node	2763947205	http://www.lecarolee.com/
node	2766705899	http://www.enzocittadino.it
node	2794332063	https://www.facebook.com/pg/MuMar-Museo-dei-Marmi-135042163196002/
node	2879837874	http://www.santagostinoaffittacamere.it/
node	2879837875	https://www.trattoriadelpescefresco.com/
node	2885265040	http://www.cortedeigreci.net/
node	2885373660	http://www.cortedeigreci.net/
node	2893353755	www.pasticceriasantandrea.calabriaplus.it
node	2903015961	http://www.iltulipanonero.it
node	2940661543	www.palmadorobagnara.it
node	3072850484	https://www.hotelvalemare.it/
node	3081362916	https://www.museofumetto.it/
node	3118349783	https://www.rinnovaenergy.it/
node	3122158412	http://www.bibliotecadenobili.it/
node	3170291059	https://www.mulini.eu/
node	3174912084	http://www.libreriatavella.it
node	3234585373	http://www.lavanderiaindustrialenuvola.it
node	3234815903	http://www.comune.spilinga.vv.it/
node	3268156385	www.cerra.it
node	3284134893	https://thlecastella.it/
node	3307568610	https://www.santacaterinadelloionio.com/ancora_aragonese.php
node	3330202069	http://www.maregrande.it
node	3330538592	http://www.acquamarinabeach.it
node	3387566543	http://www.aminternational.it/index.php?it/1/home
node	3403784693	https://www.dropbox.com/s/cnscd5lxjfcxq5y/6-il-teatro.jpg?dl=0
node	3403784694	https://www.dropbox.com/s/35x72w4lrnbkc8y/12-l-abitato-nord.jpg?dl=0
node	3403784695	https://www.dropbox.com/s/lz20pscxpcmmref/13-le-cisterne.jpg?dl=0
node	3403784697	https://www.dropbox.com/s/nzl3ekdsq319bqe/15-l-edificio-III.jpg?dl=0
node	3403784698	https://www.dropbox.com/s/guiolwyb370c74d/7-la-fortificazione.jpg?dl=0
node	3403784699	https://www.dropbox.com/s/0qlgixq0am9gtvo/8-la-postierla.jpg?dl=0
node	3403784700	https://www.dropbox.com/s/vkyzxb1cekmdda3/9-la-porta-est.jpg?dl=0
node	3403784701	https://www.dropbox.com/s/pljhw4hufqjxwsr/10-le-torri.jpg?dl=0
node	3403784702	https://www.dropbox.com/s/kaf33utejoq0dcw/11-gli-enotri-a-piana-agretto.jpg?dl=0
node	3454316644	https://www.hotelsavant.it/
node	3454316645	http://www.microelettronica.it/
node	3455955826	http://www.carmar.eu/
node	3455984855	http://www.carmar.eu/
node	3487410193	https://www.autoscuoletripodi.it/
node	3592694280	https://www.megalehellas.net/
node	3607825749	http://www.iresudcalabria.it/museo.asp?id=38
node	3774625578	http://www.crac.eu
node	3774671876	http://vertshop.it
node	3796219336	http://www.actionbayfabiano.com/
node	3930552820	https://www.comune.maida.cz.it/
node	4002041460	http://www.krataiis.it/
node	4042131289	https://www.dottoressalocanto.it/
node	4069013933	https://www.pasticceriasarne.com/
node	4069013934	https://www.pasticceriasarne.com/
node	4085345848	https://www.blujetlines.it/oraripasseggeri-reggio.html
node	4095415983	https://www.beniculturali.it/mibac/opencms/MiBAC/sito-MiBAC/Luogo/MibacUnif/Luoghi-della-Cultura/visualizza_asset.html?id=167347&pagename=167347
node	4159890825	http://www.ilgiardinodiausonia.com/
node	4260112992	http://www.itcgcastrovillari.gov.it/
node	4355766095	https://m.facebook.com/La-Capricciosa-818343404954733/info?tab=overview#_=_
node	4386804895	cosenza.talentgarden.org
node	4390237201	http://www.pizzeriapizzare.it
node	4390425890	http://www.pizzeriapizzare.it
node	4407275700	http://www.rusti-co.it
node	4408635990	http://www.soveratodolci.com
node	4409263525	https://www.tropis.it/
node	4409276889	https://piccolauniversitaitaliana.com/
node	4410495092	http://www.ristorantelalamia.com
node	4411384096	https://m.facebook.com/pages/Palestra-Evolution-Tropea-Davide-Cristiana/187973144603429
node	4413944989	http://www.ristoranteilconvivio.it
node	4416268091	https://www.anforaceramiche.com/
node	4430312202	https://hacklab.cz/
node	4451852892	https://www.baiadelsole.com/
node	4464436768	https://www.grottezungri.it/
node	4488595089	www.calabriaservice.com
node	4500576994	http://www.parcosibari.it/
node	4548474593	http://www.residenzamediterranea.com
node	4648045234	https://www.bimbus.it/it/elenco-punti-vendita/catanzaro
node	4648485401	https://www.chateau-dax.it/
node	4648857965	http://www.supermercatiperri.it/Duep/ID_Azienda/249
node	4648857986	http://www.ceramicailmetroquadro.it/
node	4648861200	http://www.ristoranti.mcdonalds.it/ristorante/588
node	4667238459	https://www.torresaracena.it/
node	4671785498	https://www.master90.it/
node	4671785530	https://www.crai-supermercati.it/punti-vendita/pdv.php?id=692
node	4671785569	https://www.bcccentrocalabria.it/
node	4684040731	https://www.beniculturali.it/mibac/opencms/MiBAC/sito-MiBAC/Luogo/MibacUnif/Luoghi-della-Cultura/visualizza_asset.html?id=153555&pagename=157031
node	4759236554	https://www.bblao.it/
node	4813234113	https://en.goel.coop/
node	4856400721	https://www.giardinodigitale.it/
node	4904776392	https://www.villinoerminia.it/
node	4933187028	https://www.pietradifonte.it/
node	4938180871	http://www.hotelscilla.it/
node	4978244014	https://www.ristoranteamal.it/
node	5001873562	https://www.euronics.it/store?storeId=8033695247711
node	5001873564	https://it.casashops.com/it/
node	5001873565	https://negozi.pittarosso.com/it/italia/reggio-calabria/gioia-tauro
node	5038800562	https://www.senzalice.it/
node	5045830695	http://www.thefrogmenteam.it/
node	5050211244	https://www.facebook.com/Bar-Gelateria-Da-Giacinto-281957501836893/
node	5119046424	http://www.lidoskipper.com
node	5119059425	http://www.lidoskipper.com
node	5120696586	https://www.tesla.com/findus/location/supercharger/moranocalabrosupercharger
node	5235087484	http://www.giardinoiti.it/
node	5237894981	https://www.sabait.it/it/parcheggi/cosenza/cosenza-i-due-fiumi
node	5325412922	https://carontetourist.it/
node	5333052321	http://www.dentalservicerc.it
node	5390507472	http://radicediliquirizia.com/
node	5450652924	https://thermstore.it/
node	5548745922	http://www.camping-damario.eu
node	5562168221	http://www.subamicidiving.it
node	5570740025	https://www.hotelpalacesavuto.it/
node	5608470325	https://bbmagnagrecia.it
node	5637465503	http://www.museomaca.it
node	5640017520	www.locandailcappero.it
node	5640371547	www.ristorantelaterrazzagerace.it
node	5641479389	https://www.beniculturali.it/luogo/mack-museo-arte-contemporanea-crotone
node	5642179321	http://www.rende.rossopomodoro.com
node	5643978404	https://www.ristoranteillupocattivo.it/
node	5647547281	https://laveduta.eu/
node	5647547944	https://www.ilcasatoscilla.it/
node	5651791553	www.bbleninfe.it
node	5658422545	https://www.agriturismoruralia.com/
node	5658427529	https://www.delizievaticane.it/
node	5658430236	https://www.lalocandatropea.com/
node	5661060622	http://www.comunelongobucco.eu/
node	5779810994	https://www.cittanovaonline.it/Cittanova_la_villa_comunale.html
node	5779813162	https://www.cittanovaonline.it/Cittanova_la_villa_comunale.html
node	5779885532	https://www.cittanovaonline.it/Cittanova_la_villa_comunale.html
node	5779887079	https://www.cittanovaonline.it/Cittanova_la_villa_comunale.html
node	5851841501	https://carburanti.esso.it/it-it/find-station/esso-rosarno-100107688
node	5948720444	https://www.nunulab.it/
node	5948948957	http://calabriagreca.it/blog/risorse/rocca-del-drago-2/
node	5963805537	https://www.stars4all.eu/
node	6037707289	https://www.russogioielli.it/
node	6037717457	http://www.enobaccanti.com/
node	6241944148	https://www.istat.it/it/istituto-nazionale-di-statistica/organizzazione/sedi-territoriali
node	6242229185	https://www.cittanovaonline.it/Cittanova_la_villa_comunale.html
node	6297427633	http://calabriagreca.it/blog/risorse/caldaie-del-latte/
node	6358423741	https://www.baccellieri.net
node	6373095572	https://barloscoglio.com
node	6509200879	https://www.beniculturali.it/mibac/opencms/MiBAC/sito-MiBAC/Luogo/MibacUnif/Luoghi-della-Cultura/visualizza_asset.html?id=158589&pagename=57
node	6509337127	https://www.beniculturali.it/mibac/opencms/MiBAC/sito-MiBAC/Luogo/MibacUnif/Luoghi-della-Cultura/visualizza_asset.html?id=158783&pagename=57
node	6514764787	https://www.parks.it/parco.nazionale.sila/gallery_dettaglio.php?id=17992
node	6514765948	http://www.ecomuseolongobucco.it/index.php/home
node	6514772331	http://www.parcosila.it/it/
node	6514780136	http://www.parcoaspromonte.gov.it/musei/
node	6514811156	https://www.beniculturali.it/mibac/opencms/MiBAC/sito-MiBAC/Luogo/MibacUnif/Luoghi-della-Cultura/visualizza_asset.html?id=150841&pagename=57
node	6514819205	http://www.beniculturali.it/mibac/opencms/MiBAC/sito-MiBAC/Luogo/MibacUnif/Luoghi-della-Cultura/visualizza_asset.html?id=151064&pagename=66143
node	6515374066	http://www.iresudcalabria.it/museo.asp?id=28
node	6515845192	http://www.iresudcalabria.it/museo.asp?id=41
node	6515848804	https://www.museopaleomarino.org/presentazione.php
node	6516682478	http://www.pinacotecacivicarc.it/it/
node	6516693531	https://www.comune.mileto.vv.it/index.php?action=index&p=225
node	6518690158	http://www.museodiocesanoczsq.it
node	6518724444	https://www.museooppidopalmi.it
node	6520351921	https://www.museosanpaolo.it/
node	6520427463	https://www.facebook.com/museo.delpresente/
node	6524669682	https://www.radioecosud.it/
node	6588449860	https://www.clubesse.it/strutture/hotel-sunbeach/
node	6588449861	https://www.clubesse.it/strutture/hotel-costa-dello-ionio/
node	6633353008	www.groticelle.com
node	6700410728	http://www.parkhotelcalabria.eu
node	6741718375	https://www.agenziademanio.it/opencms/it/agenzia/strutturaorganizzativa/direzioniterritoriali/calabria/
node	6741731664	https://www.agenziademanio.it/opencms/it/agenzia/strutturaorganizzativa/direzioniterritoriali/calabria/
node	6746410837	https://istitutocomprensivotropea.edu.it/
node	6746410848	https://www.iistropea.edu.it/
node	6926382984	http://www.myvillaeden.it/
node	6970088699	https://www.palazzoirma.it/
node	7049636458	https://www.mindujo.it/
node	7198870131	https://www.weatec.it/
node	7316025478	www.alfa21.it
node	7319580139	https://www.lavasciuga.net/
node	7323778996	http://www.printerservice.it/
node	7359693793	http://www.campoverdeagricola.it/index.html
node	7364302043	https://www.campagnamica.it/
node	7446877156	https://www.facebook.com/mulinum/
node	7473023672	https://pizzeriailportico.it.gg/
node	7526342087	https://www.sciaobeach.it/
node	7563528498	https://www.beniculturali.it/mibac/opencms/MiBAC/sito-MiBAC/Luogo/MibacUnif/Luoghi-della-Cultura/visualizza_asset.html?id=152696&pagename=57
node	7647081123	http://www.casalevecchiafattoria.com/
node	7721024704	https://www.gelateriaenrico.com
node	7757111115	https://www.comune.girifalco.cz.it/
node	7772908185	https://wwww.alristo.it/menu.php?host=&page=132382776414817
node	7932307685	http://www.lacantinadelmacellaio.com
node	7977816269	http://www.comune.sanmarcoargentano.cs.it/
node	8093452118	https://www.comune.rizziconi.rc.it/
node	8177729693	https://www.facebook.com/LeArcate.DanieleVescio
node	8225466341	http://www.resvigo.com
node	8262669810	https://www.agriturismovota.it
node	8364588112	https://www.crai-supermercati.it/punto-vendita/5461-crai-sibari/
node	8446564584	https://www.abacatanzaro.it
node	8509404591	https://www.facebook.com/MAISONdeBEAUTE.FC/?ref=page_internal
node	8578353412	http://www.e-coop.it/punti-vendita-dettaglio?id=5641
node	8578353673	https://www.lidl.it/
node	8652130280	http://www.aviscittanova.it/
node	8668774189	https://www.comune.corigliano-rossano.cs.it/
node	8805179434	https://www.trony.it/online/store/MTR008_A
node	8953296061	https://www.cisalfasport.it/
node	8971439819	https://www.conad.it/ricerca-negozi/negozio.010243.html
node	8985340387	https://www.cittanovaonline.it/leviedeipoeti/enzo_bruzzi.html
node	8986123731	https://www.cittanovaonline.it/leviedeipoeti/pannello_informativo.html
node	8987241347	https://www.cittanovaonline.it/leviedeipoeti/pietro_berlingeri.html
node	8987243051	https://www.cittanovaonline.it/leviedeipoeti/domenico_cardillo.html
node	8989309624	https://www.cittanovaonline.it/leviedeipoeti/salvatore_giovinazzo.html
node	8989341895	https://www.cittanovaonline.it/leviedeipoeti/anonimo_cittanovese.html
node	8989347827	https://www.cittanovaonline.it/leviedeipoeti/pietro_muratori.html
node	8989348446	https://www.cittanovaonline.it/leviedeipoeti/vincenzo_toscano.html
node	8995372654	https://www.cittanovaonline.it/leviedeipoeti/guglielmo_morani.html
node	8995381600	https://www.cittanovaonline.it/leviedeipoeti/salvatore_guerrisi.html
node	8995386862	https://www.cittanovaonline.it/leviedeipoeti/vincenzo_gerace.html
node	8995401376	https://www.cittanovaonline.it/leviedeipoeti/alberto_cavaliere.html
node	8995401377	https://www.cittanovaonline.it/leviedeipoeti/pasqualino_barbatano.html
node	9022367833	https://www.bper.it/
node	9121947981	https://www.tenutadellegrazie.it/
node	9122841547	https://turismo.responsabile.coop/it/struttura-turistica-calabria/eco-ostello-locride
node	9126473693	https://www.autoservizipreite.com
node	9142429976	https://www.tesla.com/findus/location/supercharger/palmisupercharger
node	9152243264	www.confcommerciocalabria.it
node	9152274665	https://confcommerciocosenza.it/
node	9152307029	https://confcommerciocosenza.it/
node	9152310085	www.confcommerciocalabria.it
node	9152324737	https://sdiconfcommercio.it/
node	9321016002	https://vadala-toyota.it/
node	9324424490	https://www.iltartufopenna.com
node	9343850203	https://www.agenziaentrate.gov.it/portale/web/guest/uffici5/-/uffici/uffici_INSTANCE_TzbRUYbxP53E/dettaglioufficio/TDX
node	9373121993	https://www.demetriofullservice.com/
node	9400788497	https://www.facebook.com/Linea-Benessere-Tatiana-146735599344568/
node	9400817472	https://www.quarzorosaestetica.com/
node	9404246754	http://www.teapraia.it
node	9474080664	http://www.farmaciaminardi.it
node	9508284097	http://www.allcarsoverato.it
node	9509298525	https://www.lelettromeccanicacritelli.it/
node	9561016627	https://www.emotioncare.it/
node	9610667103	https://www.apcalzature.it/it
node	9610667104	http://www.autoscuoledesensi.com/
node	9610667111	https://www.ecipacal.it/
node	9624781839	https://www.facebook.com/vallerealefiumefreddo/
node	9624781847	https://www.facebook.com/Bar-Trieste-1805737742774309/
node	9627017455	https://www.irpi.cnr.it/chi-siamo/sedi/cosenza/
node	9630862252	https://www.ionamotori.com/bmw
node	9644271736	https://www.lelettromeccanicacritelli.it/
node	9652878844	https://www.facebook.com/Residenza-Matilde-Bed-Breakfast-727783228016945/
node	9688068322	https://residenceosiris.it/
node	9719956923	https://instagram.com/_donaglie
node	9720042472	https://www.bper.it/
node	9720042475	https://www.credem.it/
node	9720042477	https://www.oldwildwest.it/code/20073/Rende-Via-Marconi
node	9826279206	https://20203.octotable.com/index.html
node	9834261327	https://www.mediterraneabus.com/
node	9834275408	https://www.mediterraneabus.com/
node	9834321551	https://lacapannina.delivera.it/menu/
node	9836067998	https://www.iismazzone.edu.it/
node	9838756229	https://www.facebook.com/Bar-Caffetteria-Sibacioc-1208845605939083/
node	9840230257	https://www.fratellilabufala-cosenzarende.it/
node	9840408827	https://m.facebook.com/delizie.cs/
node	9871780015	https://ojni.it
node	9889062804	https://www.torre-marino.it/
node	9901664384	https://www.e-coop.it/scegli-il-tuo-negozio/negozi-e-promozioni/5808
node	9915004508	http://www.salvatoredessiarchitetto.it
node	9945795848	www.libreriapuntoeacapo.it
node	9945823136	http://www.unicornidicarta.it/
node	9947356173	https://reggiocalabria.ubiklibri.it
node	9948642425	https://www.mondadoristore.it/negozi/punti-vendita/Mondadori-Bookstore-Siderno/1563/
node	9974411119	https://www.piccolograndhotel.com
node	9991702625	https://www.trivago.it/it/srl?__wr=4&tc=22&search=100-7757854
node	10125727537	https://www.sacrimonti.org/sacro-monte-laino-borgo
node	10125727538	https://www.sacrimonti.org/sacro-monte-laino-borgo
node	10125727539	https://www.sacrimonti.org/sacro-monte-laino-borgo
node	10125727540	https://www.sacrimonti.org/sacro-monte-laino-borgo
node	10125727541	https://www.sacrimonti.org/sacro-monte-laino-borgo
node	10125727542	https://www.sacrimonti.org/sacro-monte-laino-borgo
node	10125727543	https://www.sacrimonti.org/sacro-monte-laino-borgo
node	10125727544	https://www.sacrimonti.org/sacro-monte-laino-borgo
node	10125727545	https://www.sacrimonti.org/sacro-monte-laino-borgo
node	10125727546	https://www.sacrimonti.org/sacro-monte-laino-borgo
node	10125727547	https://www.sacrimonti.org/sacro-monte-laino-borgo
node	10125727548	https://www.sacrimonti.org/sacro-monte-laino-borgo
node	10125727549	https://www.sacrimonti.org/sacro-monte-laino-borgo
node	10125727550	https://www.sacrimonti.org/sacro-monte-laino-borgo
node	10125727551	https://www.sacrimonti.org/sacro-monte-laino-borgo
node	10125727552	https://www.sacrimonti.org/sacro-monte-laino-borgo
node	10154111466	https://pizzeria-pizzafood.business.site/?utm_source=gmb&utm_medium=referral
node	10185558267	www.fise.it/calabria
node	10210536977	https://drive.google.com/file/d/1AGeWA81zGJ8ac5bYDjXxjycWyZwpd6w3/view
node	10226329459	http://mongrassano.asmenet.it/
node	10282717039	https://www.mdspa.it/punti-vendita/Calabria/RC-Reggio-Calabria/727-Taurianova
node	10282717049	https://www.splendidisplendenti.it/
node	10282717050	https://www.conerpesca.com
node	10282717058	https://www.geraceferramenta.it/
node	10287814956	https://www.playstyleabbigliamento.com/
node	10288319858	https://www.opentaverna.it/
node	10297010609	https://shop.planetwin365.it/planetwin365-e8b33a0307f6
node	10297010610	https://vincenzomurdolo.it/
node	10297010611	https://amusobakery.business.site/
node	10297010619	https://west-side-hamburgeria.business.site/
node	10297010620	https://www.stageboutique.it/
node	10297010623	https://www.cammisotto.com/
node	10297010624	https://www.otticamusolino.it/
node	10297010625	https://www.petullamacchineagricole.com/
node	10297010626	https://detershop.it/
node	10297010631	https://www.lalocandadelgusto.net
node	10297010632	https://www.approdocalabria.it
node	10297010633	https://www.animalcitystore.it/
node	10297010644	https://www.rosticcerialarosa.it
node	10302682708	http://irpics.cnr.it/it-it/strutture/biblioteca.aspx
node	10304724635	http://bats.unical.it/index.htm
node	10304736627	http://tar.unical.it/
node	10304791042	https://bau.unical.it/home
node	10311350120	www.bruscoassicurazioni.it
node	10540066020	https://gardeniahotelrc.it/
node	10557034410	https://sapuricalabrisi.com
node	10586805647	https://polizzeseelettricita.it/
node	10657188572	www.galcedri.it
node	10727969522	https://www.viniartese.it
node	10732961188	https://www.facebook.com/ilnettaredeglidei/
node	10752483186	https://www.carabinieri.it
node	10795048871	https://www.power-gym.it/
node	10801749188	https://www.latorroneria.it/
node	10837811704	https://www.bonannorestaurant.com/
node	10839212637	www.contistudio.net
node	10856523686	https://www.grafichecolarco.it/
node	10856523695	https://magnetic.computer/
node	10880966587	https://midhairsalon.it/
node	10886186667	https://www.top-flight.it/
node	10887051208	https://super-mario-pizza-pizzatakeaway.business.site/
node	10887051209	https://www.hairstudioscosenza.it/
node	10892982521	https://www.ristorantepizzeriametropolis.com/
node	10892982542	https://legeataurianova.business.site/
node	10892982547	https://www.geraceferramenta.it/
node	10894215570	https://kingu.it/
node	10899966471	https://cibusminniti.it
node	10909078161	http://simarigioielli.com/
node	10909428201	https://www.elitefitness.it
node	10909428202	https://www.arddiscount.it/
node	10912534653	https://hlcs.it
node	10914133792	https://www.riabilia.com/
node	10916122401	https://kyosko.it/
node	10916811870	http://www.pianofortissimo.com/
node	10919976984	https://www.orocash.it/cs17-compro-oro-rende
node	10919976990	https://shotslachupiteria.it/
node	10919976994	http://www.majoranagroup.it/
node	10919976995	https://al-pachino.business.site/
node	10919985636	https://lavanderia-da-lorena.business.site/
node	10929248477	http://www.latersud.it/it
node	10944471207	https://www.plaingross.com/
node	10982918610	https://www.ristorantelacucciarda.com/
node	11012207009	www.terrazzaragonese.it
node	11017376246	https://www.naturium.it/
node	11017376247	https://www.trony.it/online/store/TRO192_A
node	11017376248	https://ristoranteacquolina.it/
node	11039952530	http://www.visitroccella.it/musmir/
node	11044639036	https://blabla.picieffe.it/
node	11044639095	http://phoneassist.altervista.org/
node	11050525639	https://villaggio-riviera-del-sole.realitaly.top/
node	11083164555	https://sapuricalabrisi.com
node	11084113600	https://pentathlonfitness.business.site/
node	11084149310	https://www.torronegolden.it/
node	11114293880	https://explosive-nutrition-store.business.site/
node	11134874151	https://expertcalabria.expertonline.it/
node	11148871341	https://shotslachupiteria.it/
node	11148871342	https://bar-gelateria-venuti.business.site/
node	11161359559	https://picieffe.it/
node	11161359560	https://www.radikena.it/
node	11169606075	https://www.iisvemanuele.edu.it/
node	11169846537	https://www.iisvemanuele.edu.it/
node	11181845206	https://bookizon.it/dl/ilgabbiano
node	11183644919	www.baiadellostretto.it
node	11200024740	http://www.comune.vazzano.vv.it/
node	11203351564	https://www.casaangelieri.com
node	11208539982	https://tauriaflora.it/
node	11212317004	https://www.nadyshop.it/
node	11215503317	http://www.officinascionti.it/
node	11215843781	https://www.drogheriaculinaria.it
node	11215850867	https://www.domusnovarc.it
node	11215853308	https://www.facebook.com/ziofedele.rc
node	11220844819	https://www.agriturismovillavittoria.it
node	11228479274	https://www.sandomenicopizzo.it
node	11235884826	https://www.parafarmaciamarconi.com/
node	11245411741	https://www.sushikokusai.com/
node	11245411744	http://www.exabytecomputer.it/
node	11249162753	https://www.tirrenohotel.it/
node	11262080078	https://www.mapapibeach.it/
way	27836339	https://unical.it/portale/strutture/centri/residenziale/Servizi_dip/Socrates/
way	31321527	https://www.conad.it/ricerca-negozi/negozio.006286.html
way	43042447	https://sba.unical.it/
way	86940311	https://www.sacal.it/
way	110044884	www.comune.crotone.it
way	115953988	https://www.ardsicilia.it/punti-vendita/624/crotone-ss-106-km-245-localit-s-giorgio
way	120661943	http://www.castellocosenza.it
way	124275592	https://www.parcolacometa.it/
way	129026587	https://www.isoppido.edu.it/
way	137409999	https://www.cittanovaonline.it/Cittanova_Le_Chiese.html
way	137411113	https://www.comune.cittanova.rc.it/
way	137414080	https://www.cittanovaonline.it/Cittanova_Le_Chiese.html
way	146019866	http://www.provincia.crotone.it
way	150519096	https://www.beniculturali.it/mibac/opencms/MiBAC/sito-MiBAC/Luogo/MibacUnif/Luoghi-della-Cultura/visualizza_asset.html?id=151762&pagename=157031
way	160900775	https://www.sabap-rc.beniculturali.it/it/244/parco-archeologico-dei-tauriani
way	165325333	https://www.parrocchiasacrocuorecatanzaro.it/
way	166376102	http://calabriagreca.it/blog/hotel/casello-di-marupapa/
way	169419324	http://asdssrende.it
way	169860955	http://www.mnlg.it
way	170098139	www.scolacium.it
way	170188085	www.liceoscorza.gov.it
way	170272236	http://www.cattedralereggiocalabria.it/
way	170272691	http://turismo.reggiocal.it/HomePage.aspx
way	170364748	https://www.reggiocal.it/
way	174685994	https://www.locriantica.it/sito/teatro.htm
way	174813690	https://www.locriantica.it/
way	178456469	https://www.incittanova.it/museo_civico.htm
way	178457070	https://www.cittanovaonline.it/Cittanova_la_villa_comunale.html
way	178876933	www.comunediroghudi.it
way	179058345	https://portodegliulivi.it/
way	179451640	https://www.isoppido.edu.it/
way	179452266	http://www.area.cs.cnr.it/biblio/taurianova
way	179565419	www.upim.it
way	180623227	http://www.carmar.eu/
way	180759669	https://www.pagineazzurre.com/porti-della-basilicata/corigliano-calabro/
way	180818176	http://www.minervaclubresort.it/golf
way	182192725	http://www.alfiercamping.it/
way	182331370	https://www.piaggio.com/
way	190627017	https://hotelsouthparadise.it/
way	198371631	http://www.museomarca.info
way	199588232	http://www.pizzogreco.com
way	199886417	https://www.centralemercure.it/
way	207760353	https://www.capovaticanoresort.it/
way	210256973	https://antonante-toyota.it/
way	210256999	https://antonante-toyota.it/
way	220920999	http://www.pinetadisibari.it/
way	222809305	https://musei.calabria.beniculturali.it/musei?mid=332&nome=museo-e-parco-archeologico-nazionale-di-scolacium
way	223256778	http://www.castellodicoriglianocalabro.it/Default.aspx
way	224234469	http://www.parcoavventuracalabria.it/
way	224237582	https://www.adrenalinaverde.it/
way	224510113	www.portorhoca.it
way	225048698	https://www.parcodelleserre.it/
way	225049060	https://www.parcodelleserre.it/
way	227188511	https://www.comune.cerchiara.cs.it/Santuario-Santa-Maria-delle-armi
way	229385408	http://scilla.asmenet.it/index.php?action=index&p=244
way	233314483	http://www.vigilfuoco.it/sitivvf/reggiocalabria/
way	233443226	https://portobolaro.it/
way	233969610	http://www.itepiria.gov.it/
way	233970180	https://turismo.reggiocal.it/GenericContent.aspx?id=42&idToShow=509
way	236285019	http://www.castellomichelina.it/
way	249382692	http://www.chucksurf.com/camp
way	255425793	https://www.hotelconcadoro.org/
way	258634913	www.squillaceonline.it/castello.html
way	259751325	https://www.museodeibrettiiedeglienotri.it/
way	259885262	http://www.hoteldomusresidence.it/
way	259885556	https://www.hotelmajorana.com/
way	259927880	http://www.comune.pianopoli.cz.it/
way	260258784	https://www.fattoriastocchi.it/
way	260258812	https://www.mindujo.it/
way	260266767	http://www.comune.feroletoantico.cz.it/
way	260421929	http://www.hsf.it/
way	260663502	http://www.archeocalabria.beniculturali.it/archeovirtualtour/calabriaweb/sibari1.htm
way	260663627	http://www.archeocalabria.beniculturali.it/archeovirtualtour/calabriaweb/sibari1.htm
way	261710321	https://www.comune.ciromarina.kr.it/
way	263834374	https://www.asp.cz.it/?q=node/120
way	263837091	http://www.comune.lamezia-terme.cz.it/node/177
way	263837093	http://www.comune.lamezia-terme.cz.it/
way	263879038	http://nuke.liceogalileilamezia.it/
way	263879048	http://www.liceocampanellalamezia.it/
way	263881065	https://www.einaudilamezia.it/
way	263882637	http://www.itglamezia.it/
way	263932574	https://www.iportali.com/
way	264889966	https://odissea2000.it/
way	266590586	http://cilea.altervista.org/
way	268942350	https://www.thotelamezia.it/
way	273130001	https://www.iisvemanuele.edu.it/
way	276296812	http://www.bibliotecacalabresesoriano.it/
way	276776019	https://www.istitutocomprensivomaida.edu.it/
way	277933457	http://www.girasolebed.it/home/circolo-calcetto/
way	277935986	http://www.girasolebed.it/
way	277935987	http://www.girasolebed.it/home/ristorante/
way	278036115	https://www.comune.curinga.cz.it/
way	278699813	https://www.asp.rc.it/?q=node/1574
way	278789151	http://www.prolocogioiosajonica.it/DA-VISITARE/palazzo-amaduri.html
way	279225696	http://www.treeffecenter.it/
way	284634539	https://www.onda-azzurra.it/
way	294983284	http://www.museisantaseverina.it
way	297492666	http://www.hotelroscianum.it
way	302713278	http://www.vallecrocchio.it/itinerari/naturalistici/Itinerario%2012.pdf
way	303056586	http://www.beatoangelo.it/
way	305856774	https://www.beniculturali.it/mibac/opencms/MiBAC/sito-MiBAC/Luogo/MibacUnif/Luoghi-della-Cultura/visualizza_asset.html?id=150288&pagename=157031
way	308086202	http://www.pista2mari.com/
way	308263822	http://www.cattedralelameziaterme.it/
way	312079987	http://www.icperripitagora.gov.it
way	316514667	https://www.castellomurat.it/
way	320528956	https://www.parcodelleserre.it/
way	320528957	https://www.parcodelleserre.it/
way	320528958	https://www.parcodelleserre.it/
way	320528959	https://www.parcodelleserre.it/
way	320528960	https://www.parcodelleserre.it/
way	320528962	https://www.parcodelleserre.it/
way	320528963	https://www.parcodelleserre.it/
way	320528972	https://www.parcodelleserre.it/
way	323979993	www.finestresulloionio.com
way	326385207	http://www.roccettemare.it
way	326385211	https://www.leroccettesanleonardo.it/
way	326385213	http://www.leroccetteclub.it
way	326388190	http://www.maregrande.it
way	333558339	https://www.newkitezone.it/
way	338120756	http://www.lameziateam.it/
way	338456217	http://www.iislamezia.it
way	350820524	http://www.sibarifly.com
way	351179930	http://www.museocivicoaltomonte.it/MW/
way	352688714	http://www.newmagnagreciahotel.it/
way	353414619	https://www.beniculturali.it/luogo/museo-e-parco-archeologico-archeoderi?page=2#contatti
way	353487955	http://www.istzanotti.it/
way	353488903	https://www.poste.it/
way	353528671	https://www.comune.marinadigioiosaionica.rc.it/
way	353531100	http://www.parrocchiagioiosamarina.com/
way	363037703	https://fondoambiente.it/luoghi/i-giganti-della-sila
way	367206120	http://www.portodellegrazie.it/
way	373768759	https://www.hotelstellamarina.net/
way	373788759	https://www.hotelstellamarina.net/
way	380067491	https://www.regione.calabria.it/
way	395517125	https://www.nicoterabeachvillage.it/
way	395583064	https://voihotels.com/en/hotels/voi-floriana-resort/hotel
way	395583075	https://voihotels.com/en/hotels/voi-pizzo-calabro-resort/hotel
way	395774631	https://scogliodellagalea.it/
way	396000717	http://villaggiobaiadegliachei.it
way	396279897	https://www.essofuelfinder.it/598190-stazione-di-servizio-esso-maida
way	403901207	http://www.liceosoverato.it
way	425740569	http://www.comune.castrovillari.cs.gov.it/
way	425778169	https://www.bbdarita.it/
way	425816730	http://www.ipssarcastrovillari.gov.it/
way	426080067	http://www.iisgaribaldialfano.gov.it/
way	435473519	http://www.comuneacri.gov.it/
way	437151786	https://artigianofiumano.oneminutesite.it/
way	442087318	http://www.libri-net.com/
way	443533331	https://www.agraria.unirc.it/
way	443568711	http://www.vitrioliprincipepiemonte.it/
way	443715099	http://www.cattolicadeigreci.it/
way	443732597	https://www.museoarcheologicoreggiocalabria.it
way	443872351	http://www.palabotteghelle.it/
way	443887808	https://www.posteitaliane.it/
way	443887811	http://smsgalilei.altervista.org
way	443919066	http://www.mustrumu.it
way	444088362	http://www.parrocchiemap.it/parrocchiemap/consultazione/parrocchie/scheda.jsp?icsc=1080042
way	445209625	https://www.calypsocamping.it/
way	446088516	http://www.ferramonticampo.it
way	450318646	https://nttdata.com
way	457417231	https://www.icamarellirossano.edu.it/
way	457418023	https://www.museodellaliquirizia.it/
way	461126278	http://www.beatoangeloacri.it/
way	461126304	http://www.fvpadula.it/
way	473001279	https://catanzaro.aci.it/
way	473609923	http://stationfinder.eni.com
way	473808515	https://www.coopmaster.it
way	473808536	https://www.fordvumbacagroup.it/
way	474047542	https://astrosavelli.it/
way	474233395	https://www.despar.it
way	475276197	https://stationfinder.eni.com/iveportal/stations/stationfinder.do?locale=it_IT&m=3&id=IT18559
way	475276213	https://www.q8easy.it/
way	486770321	https://www.parcodeiprincipiscalea.it/
way	490694856	https://www.casellomargherita.it/
way	490695275	www.rifugioilbiancospino.it
way	493760479	http://www.comune.drapia.vv.it/
way	496409485	http://www.appartamentipousada.it
way	513171949	acadieclub.com
way	520119532	https://www.clubesse.it/strutture/hotel-sunbeach/
way	536150271	http://www.termesibarite.it
way	539871252	https://www.comune.pietrafitta.cs.it/
way	540622329	https://www.bebmula.it/
way	542240189	https://www.zeuscalabria.it/
way	543956461	http://www.parcoaspromonte.gov.it/
way	547040176	http://www.comune.siderno.rc.it/
way	547107590	https://istitutocomprensivotropea.edu.it
way	557193690	https://earthobservatory.nasa.gov/NaturalHazards/view.php?id=43160
way	567096006	http://www.comune.sanmartinodifinita.cs.it
way	568772101	http://santeufemiadaspromonte.asmenet.it/
way	570726301	http://www.parcoaspromonte.gov.it/
way	570726302	http://www.parcoaspromonte.gov.it/
way	570726305	http://www.parcoaspromonte.gov.it/
way	570726319	http://www.parcoaspromonte.gov.it/
way	570732209	http://www.parcoaspromonte.gov.it/
way	575116903	https://hotelfattoria.it/
way	580854245	https://www.cittanovaonline.it/Cittanova_Le_Chiese.html
way	581807657	https://www.cittanovaonline.it/Cittanova_Le_Chiese.html
way	581809926	https://www.cittanovaonline.it/Cittanova_santi_cosma_damiano.html
way	581813734	https://www.cittanovaonline.it/Cittanova_Le_Chiese.html
way	581820752	https://www.cittanovaonline.it/Cittanova_Cappelletta_Crocefisso.html
way	582627962	https://www.cittanovaonline.it/francescopoliti/
way	584434741	https://www.comune.sorianocalabro.vv.it/
way	585890293	https://www.cittanovaonline.it/Cittanova_calvario.html
way	586543059	http://www.ictaverna.gov.it
way	590059575	https://www.cittanovaonline.it/Cittanova_contrada_malizia.html
way	591774788	http://www.zanfinitours.it
way	591850721	http://www.artelegnoacri.it/index.html
way	592029438	https://www.facebook.com/pages/Volo-Rosso/771259226302963
way	596528518	http://www.itgrighi.gov.it/
way	598971773	https://www.parcoecolandia.it/ecosite/
way	625005221	www.lidoaurora.it
way	647038443	https://www.comune.soverato.cz.it/
way	662332623	https://www.orafoluigimungo.it/
way	670239358	http://www.icsantamariadelcedro.gov.it/
way	718447085	https://www.laperlatropea.com/
way	729847616	https://www.comune.girifalco.cz.it/
way	740128407	https://www.villaggiolemuse.it/
way	761408503	http://www.hotelsanfrancescoterme.com
way	783381691	https://www.santannahospital.com/
way	783396628	http://www.clinicatricarico.it/
way	787280248	https://www.poltero.it
way	802253440	https://www.conad.it/ricerca-negozi/negozio.009643.html
way	824208995	https://www.palazzopolicastrisuites.it/
way	834217990	https://www.popiliaresort.it/
way	850413604	https://www.museocodexrossano.it/
way	859313247	http://campingthurium.com
way	875838296	https://www.carabinieri.it/
way	881756132	https://portalidicalabria.altervista.org/palazzo-cosentino-romiti-a-isca-sullo-ionio-cz/
way	884468010	https://temesaresort.it/
way	897069352	https://hotelnapoleone.it/
way	900405116	http://www.riservetarsiacrati.it/
way	906588675	https://www.facebook.com/agristore.iazzolino/
way	906689602	https://gias-srl.com/
way	941100792	https://www.AziendaAgricolaRende.it/
way	941100794	https://www.facebook.com/Agriturismo-Rende-110722120766760/
way	972481631	https://www.beniculturali.it/mibac/opencms/MiBAC/sito-MiBAC/Luogo/MibacUnif/Luoghi-della-Cultura/visualizza_asset.html?id=150987&pagename=57
way	972481668	https://opolivolio.com
way	972537990	https://www.comune.scido.rc.it/
way	972831059	https://www.tcmdelia.com
way	973487845	http://www.protezionecivile-cittanova.org/
way	975038803	https://www.laconchigliaresort.com/
way	975824698	https://www.donboscosoverato.com/scuola/
way	987220136	http://www.bncs.librari.beniculturali.it//icms/opencms/polocosenza
way	992458302	https://icrizziconi.edu.it/w19/
way	1046901977	http://areacs.cnr.it/
way	1052263686	https://www.eurospin.it/punti-vendita/mangone-603316/
way	1053866242	https://villaggiorobinson.com
way	1053866243	https://www.rollerclubtropea.it/
way	1054090057	https://scuolemonasteraceriace.edu.it
way	1054234060	http://www.comune.feroletodellachiesa.rc.it/
way	1059059864	http://www.icbelmontecalabro.gov.it/
way	1066908894	https://www.altamareapizzeria.it/
way	1072989607	https://www.beniculturali.it/evento/locri-epizefiri-inaugurazione-del-nuovo-allestimento-del-museo-archeologico-nazionale
way	1076588495	https://www.facebook.com/hbarh.accabaracca
way	1082048550	https://www.isoppido.edu.it
way	1082053706	https://www.isoppido.edu.it
way	1084204590	https://www.comune.polia.vv.it/
way	1085192966	https://www.sacrimonti.org/sacro-monte-laino-borgo
way	1097048269	https://www.cittanovaonline.it/Cittanova_Le_Chiese.html
way	1106018042	https://www.miramarescilla.it/
way	1110592616	https://www.eurospin.it/
way	1111294235	https://www.anmicentrodiagnostico.it/
way	1113473037	https://www.fisioterapiaroccella.it
way	1123921022	http://www.hotelmiramarecalabria.it/en/index.htm
way	1124463808	https://www.icmonteleonepascoli.edu.it/
way	1124463809	https://www.icmonteleonepascoli.edu.it/
way	1125672407	https://www.cittanovaonline.it/Cittanova_la_villa_comunale.html
way	1137001545	https://www.icvivaldicatanzaro.edu.it/
way	1137003995	https://www.iisfermi.edu.it/
way	1137103049	https://www.iisfermi.edu.it/
way	1139340782	https://www.asp.cz.it/
way	1174327176	https://www.orientalpark.it/
way	1174753643	https://www.conad.it/ricerca-negozi/negozio.050247.html
way	1176540946	www.caicatanzaro.it
way	1176540948	www.caicatanzaro.it
way	1176630653	https://www.facebook.com/parcogaslinicz/
way	1178273078	www.caicatanzaro.it
way	1178313400	https://www.icsofiaalessio-contestabile.edu.it/
way	1178313401	https://www.icsofiaalessio-contestabile.edu.it/
way	1183971770	http://www.riservetarsiacrati.it
way	1184490547	https://www.facebook.com/OsteriaSulLagoTarsia
way	1184512147	https://www.AziendaAgricolaRende.it/
way	1184789963	https://www.AziendaAgricolaRende.it/
way	1184789964	https://www.AziendaAgricolaRende.it/
way	1188746743	https://www.AziendaAgricolaRende.it/
way	1188746744	https://www.AziendaAgricolaRende.it/
way	1188746745	https://www.AziendaAgricolaRende.it/
way	1188750596	https://www.AziendaAgricolaRende.it/
way	1188750597	https://www.AziendaAgricolaRende.it/
way	1188751227	https://www.AziendaAgricolaRende.it/
way	1188751228	https://www.AziendaAgricolaRende.it/
way	1188751229	https://www.AziendaAgricolaRende.it/
way	1188751230	https://www.AziendaAgricolaRende.it/
way	1189299847	https://www.vmhotel-napeto.it/
way	1189964757	https://laduchessaricevimenti.it/
way	1190391763	https://www.parrocchiasangaetanocatanoso.it
way	1192101826	http://www.udire.it/
way	1192124840	https://www.AziendaAgricolaRende.it/
way	1192124841	https://www.AziendaAgricolaRende.it/
way	1192124842	https://www.AziendaAgricolaRende.it/
way	1196164072	https://cittadelladellimmacolata.it/
way	1200617414	https://www.villaggiocampinglascogliera.com
way	1205211398	https://www.iisvemanuele.edu.it/
way	1205212596	https://www.iisvemanuele.edu.it/
way	1205242265	https://www.youtube.com/watch?v=g2WtOHyQstI
relation	4168965	https://www.beniculturali.it/mibac/opencms/MiBAC/sito-MiBAC/Luogo/MibacUnif/Luoghi-della-Cultura/visualizza_asset.html?id=151185&pagename=57
relation	5437445	http://www.certosini.info/
relation	5951634	https://www.grandhotelparadiso.it/
relation	6635427	https://www.rizziconienergia.it/index.php
relation	8125573	http://www.parcoaspromonte.gov.it/
relation	8126922	www.parcoaspromonte.gov.it/
relation	9171790	http://www.caicastovillari.it
relation	9349956	https://qafiz.it/
relation	12426789	www.parcoaspromonte.gov.it/
relation	12491079	https://www.parcosila.it/
relation	12589377	www.parcoaspromonte.gov.it/
relation	12591237	https://www.caireggio.it/
relation	12591280	www.parcoaspromonte.gov.it/
relation	12591329	www.cairegggio.it
relation	12601249	www.parcoaspromonte.gov.it/
relation	12601889	www.parcoaspromonte.gov.it/
relation	12601958	https://www.parcoaspromonte.gov.it/
relation	12608149	www.parcoaspromonte.gov.it
relation	12608238	"www,caireggio.it"
relation	12618892	https://www.parcodelleserre.it/
relation	12618924	https://www.parcodelleserre.it/
relation	12618961	https://www.parcodelleserre.it/
relation	12619036	https://www.parcodelleserre.it/
relation	12619306	https://www.kalabriatrekking.it/
relation	12665950	http://www.caicatanzaro.it
relation	12667937	http://www.caicatanzaro.it
relation	12667948	http://www.caicatanzaro.it
relation	12669220	https://www.parcosila.it/
relation	12669221	http://www.caicatanzaro.it
relation	12669296	https://www.parcosila.it/
relation	12669319	https://www.parcosila.it/
relation	12669326	https://www.parcosila.it/
relation	12669484	https://www.parcosila.it/
relation	12669502	https://www.parcosila.it/
relation	12669557	https://www.parcosila.it/
relation	12675318	http://www.caicatanzaro.it
relation	12675345	https://www.parcosila.it/
relation	12675643	http://www.caicatanzaro.it
relation	12675675	https://www.parcosila.it/
relation	12675691	https://www.parcosila.it/
relation	12677964	http://www.caicatanzaro.it
relation	12677983	http://www.caicatanzaro.it
relation	12680078	https://www.parcosila.it/
relation	12680094	http://www.caicatanzaro.it
relation	12680123	http://www.caicatanzaro.it
relation	12680125	http://www.caicatanzaro.it
relation	12680128	http://www.caicatanzaro.it
relation	12680136	http://www.caicatanzaro.it
relation	12680144	http://www.caicatanzaro.it
relation	12680147	http://www.caicatanzaro.it
relation	12680162	http://www.caicatanzaro.it
relation	12680164	http://www.caicatanzaro.it
relation	12680167	http://www.caicatanzaro.it
relation	12680168	https://www.parcosila.it/
relation	12680176	http://www.caicatanzaro.it
relation	12680180	https://www.parcosila.it/
relation	12680240	https://www.parcosila.it/
relation	12680254	http://www.caicatanzaro.it
relation	12695039	http://www.caicatanzaro.it
relation	12695070	http://www.caicatanzaro.it
relation	12695090	http://www.caicatanzaro.it
relation	12695111	http://www.caicatanzaro.it
relation	12695122	http://www.caicatanzaro.it
relation	12695126	http://www.caicatanzaro.it
relation	12695153	http://www.caicatanzaro.it
relation	12695162	http://www.caicatanzaro.it
relation	12695174	http://www.caicatanzaro.it
relation	12695184	http://www.caicatanzaro.it
relation	12695205	https://www.parcosila.it/
relation	12695247	https://www.parcosila.it/
relation	12695291	https://www.parcosila.it/
relation	12695317	http://www.caicatanzaro.it
relation	12695369	http://www.caicatanzaro.it
relation	12695717	https://www.parcosila.it/
relation	12695719	http://www.caicatanzaro.it
relation	12695742	https://www.parcosila.it/
relation	12695746	http://caicosenza.it
relation	12697347	http://www.caicosenza.it
relation	12697348	https://www.parcosila.it/
relation	12697403	http://www.caicosenza.it
relation	12697414	https://www.parcosila.it/
relation	12697417	https://www.parcosila.it/
relation	12697441	https://www.parcosila.it/
relation	12697460	http://www.caicosenza.it
relation	12710476	https://www.parcosila.it/
relation	12710485	https://www.parcosila.it/
relation	12710495	https://www.parcosila.it/
relation	12710502	https://www.parcosila.it/
relation	12710503	https://www.parcosila.it/
relation	12710507	http://www.caicosenza.it
relation	12710579	http://www.caicosenza.it
relation	12710590	http://www.caicosenza.it
relation	12710604	http://www.caicosenza.it
relation	12710619	http://www.caicosenza.it
relation	12713247	https://www.parcosila.it/
relation	12713280	https://www.parcosila.it/
relation	12713322	https://www.parcosila.it/
relation	12713340	https://www.parcosila.it/
relation	12713475	http://www.caicosenza.it
relation	12713522	https://www.parcosila.it/
relation	12713531	https://www.parcosila.it/
relation	12713559	https://www.parcosila.it/
relation	12714178	https://www.parcosila.it/
relation	12721060	https://www.parcosila.it/
relation	12721062	https://www.parcosila.it/
relation	12721311	https://www.parcosila.it/
relation	12721465	https://www.parcosila.it/
relation	12721466	https://www.parcosila.it/
relation	12721498	https://www.parcosila.it/
relation	12721529	https://www.parcosila.it/
relation	12721594	https://www.parcosila.it/
relation	12721645	https://www.parcosila.it/
relation	12721647	http://www.caicosenza.it
relation	12721673	https://www.parcosila.it/
relation	12721676	https://www.parcosila.it/
relation	12721705	https://www.parcosila.it/
relation	12721853	https://www.caicosenza.it
relation	12721863	https://www.parcosila.it/
relation	12721871	https://www.parcosila.it/
relation	12721876	https://www.parcosila.it/
relation	12721896	https://www.parcosila.it/
relation	12721905	https://www.parcosila.it/
relation	12721952	https://www.parcosila.it/
relation	12722077	https://www.caicosenza.it
relation	12722086	https://www.caicosenza.it
relation	12722097	https://www.parcosila.it/
relation	12722140	https://www.parcosila.it/
relation	12722143	https://www.parcosila.it/
relation	12722150	https://www.parcosila.it/
relation	12722363	https://www.parcosila.it/
relation	12722476	https://www.caicosenza.it
relation	12722501	https://www.parcosila.it/
relation	12722505	https://www.caicosenza.it
relation	12722536	https://www.caicosenza.it
relation	12722544	https://www.caicosenza.it
relation	12722572	https://www.caicosenza.it
relation	12722594	https://www.caiverbicaro.it
relation	12722603	https://www.caiverbicaro.it
relation	12722622	https://www.caiverbicaro.it
relation	12722870	https://www.caiverbicaro.it
relation	12722933	https://www.caiverbicaro.it
relation	12723762	https://www.caicastrovillari.it
relation	12727306	https://www.caicastrovillari.it
relation	12727336	https://www.caicastrovillari.it
relation	12731998	http://www.caiverbicaro.it
relation	12732023	http://www.caicastovillari.it
relation	12732060	http://www.caicastovillari.it
relation	12732209	http://www.caicastovillari.it
relation	12732280	http://www.caiverbicaro.it
relation	12732321	http://www.caiverbicaro.it
relation	12732326	http://www.caiverbicaro.it
relation	12756672	www.caicastrovillari.it
relation	12756674	http://www.caicastrovillari.it
relation	12756679	http://www.caicastrovillari.it
relation	12756680	http://www.caicastrovillari.it
relation	12756708	http://www.caicastrovillari.it
relation	12756724	http://www.caicastrovillari.it
relation	12756764	http://www.caicastrovillari.it
relation	12756785	http://www.caicastrovillari.it
relation	12757014	http://www.caicastrovillari.it
relation	12757050	http://www.caicastrovillari.it
relation	12757057	http://www.caicastrovillari.it
relation	12757094	http://www.caicastrovillari.it
relation	12757109	http://www.caicastrovillari.it
relation	12757128	http://www.caicastrovillari.it
relation	12757139	http://www.caicastrovillari.it
relation	12757148	http://www.caicastrovillari.it
relation	12757153	http://www.caicastrovillari.it
relation	12757199	http://www.caicastrovillari.it
relation	12757394	http://www.caicastrovillari.it
relation	12757794	http://www.caicastrovillari.it
relation	12758286	http://www.caicastrovillari.it
relation	12758287	http://www.caicastrovillari.it
relation	12758392	http://www.caicastrovillari.it
relation	12758522	http://www.caicastrovillari.it
relation	12758545	http://www.caicastrovillari.it
relation	12766567	https://www.comune.tortora.cs.it
relation	12766678	https://www.comune.tortora.cs.it
relation	12766702	https://www.comune.tortora.cs.it
relation	12766712	https://www.comune.tortora.cs.it
relation	12767017	https://www.comune.tortora.cs.it
relation	12767177	http://www.enteparcopollino.gov.it
relation	12768433	http://www.caicastovillari.it
relation	12768447	http://www.caicastovillari.it
relation	13003014	https://www.comune.locri.rc.it/
relation	14099988	http://www.grandhotellamezia.it
relation	14481184	https://www.icoterminals.com/
relation	14481185	https://www.contshipitalia.com/it/marine_mct.htm
relation	14481189	https://portodigioiatauro.it/
relation	15926856	www.caicastrovillari.it
relation	15931693	www.caicatanzaro.it
relation	16028900	https://sentierodellinglese.wordpress.com/
relation	16029085	https://sentierodellinglese.wordpress.com/
relation	16029257	https://sentierodellinglese.wordpress.com/
relation	16029818	https://sentierodellinglese.wordpress.com/
relation	16029827	https://sentierodellinglese.wordpress.com/
relation	16029878	https://sentierodellinglese.wordpress.com/
relation	16029942	https://sentierodellinglese.wordpress.com/
relation	16343907	https://www.cicloviaparchicalabria.it
relation	16345004	https://www.cicloviaparchicalabria.it
relation	16345005	https://www.cicloviaparchicalabria.it
relation	16345006	https://www.cicloviaparchicalabria.it
relation	16345554	https://www.cicloviaparchicalabria.it
relation	16345708	https://www.cicloviaparchicalabria.it
relation	16345709	https://www.cicloviaparchicalabria.it
relation	16345795	https://www.cicloviaparchicalabria.it
relation	16345796	https://www.cicloviaparchicalabria.it
relation	16345958	https://www.cicloviaparchicalabria.it
relation	16345959	https://www.cicloviaparchicalabria.it
relation	16346109	https://www.cicloviaparchicalabria.it
relation	16346110	https://www.cicloviaparchicalabria.it
node	1794725248	https://catanzarolido.ubiklibri.it
node	1811214931	http://www.computerdiscount.it
node	2471827092	http://www.costabluresidence.it
node	3611589147	https://www.ehilatakeaway.it
node	4671785498	www.master90.it
node	5331491599	http://bedandbreakfastanna.altervista.org/
node	8672531469	https://www.lavecchiamacina-bovalino.it/
node	9873430908	https://www.spiagge.it/stabilimenti-balneari/19827-marina-dei-pioppi/?cmp=gcpcg&gclid=CjwKCAjwiJqWBhBdEiwAtESPaMR_HFaDzWZRaiXWYZZHUmqCtJqF6dBIogG00dDotz-RDBPnKG-CqBoCMecQAvD_BwE
node	9873436138	https://www.hoteldellestelle.it/
node	9968851723	https://www.bouganvillehotelpalace.it/?gclid=Cj0KCQjwr4eYBhDrARIsANPywCh62Qw3ucRQdO8zxwDSSPkbrAiAGZZUfDcURMBEYWwtU-eolyqXV5gaAtfcEALw_wcB
node	10557820765	http://www.csoacartella.org/
node	11278211917	http://www.starentbovalino.it/
node	11280194825	https://www.costaelisabeth.it/
way	150646604	http://www.pertinikr.gov.it/
way	170206470	http://acquaparkatlantis.com/
way	170486603	http://www.parcosila.it/index.php
way	239391413	http://www.costabluresidence.it
way	336712523	https://www.agriturismoninea.net/
way	368654307	http://lidoalexander.it
way	473609923	http://stationfinder.eni.com/iveportal/stations/stationfinder.do?locale=it_IT&m=3&id=IT8556
way	473808525	http://www.mirarchipneumatici.it/
way	599969250	http://www.asedsrl.it/
way	702212887	https://www.hotelbaiadelcapo.com/
way	702244425	https://www.costarealtropea.com/
way	1039118536	https://www.conad.it/ricerca-negozi/conad-strada-statale-18-snc-87023--diamante--010227
relation	9761581	https://www.villaggiosantamonica.com/
relation	16172031	http://www.iistropea.gov.it/
node	2696198330	https://portalidicalabria.altervista.org/palazzo-de-nobili-sellia-marina/
node	9899918440	https://www.tuibluetropea.com
node	9899927291	https://www.orizzonteblu.it/
way	88861340	https://www.stradeanas.it/it/anas/app/ordinanze/get_ordinanza_pdf?ord_id=24109
way	171042206	https://www.stradeanas.it/it/anas/app/ordinanze/get_ordinanza_pdf?ord_id=24237
way	171042209	https://www.stradeanas.it/it/anas/app/ordinanze/get_ordinanza_pdf?ord_id=24237
way	171042211	https://www.stradeanas.it/it/anas/app/ordinanze/get_ordinanza_pdf?ord_id=24237
way	171043498	https://www.stradeanas.it/it/calabria-anas-aperta-al-traffico-la-variante-di-palizzi-lungo-la-ss106-jonica-provincia-di-reggio
way	171043500	https://www.stradeanas.it/it/calabria-anas-aperta-al-traffico-la-variante-di-palizzi-lungo-la-ss106-jonica-provincia-di-reggio
way	171043501	https://www.stradeanas.it/it/calabria-anas-aperta-al-traffico-la-variante-di-palizzi-lungo-la-ss106-jonica-provincia-di-reggio
way	171043504	https://www.stradeanas.it/it/calabria-anas-aperta-al-traffico-la-variante-di-palizzi-lungo-la-ss106-jonica-provincia-di-reggio
way	171043505	https://www.stradeanas.it/it/calabria-anas-aperta-al-traffico-la-variante-di-palizzi-lungo-la-ss106-jonica-provincia-di-reggio
way	171043507	https://www.stradeanas.it/it/calabria-anas-aperta-al-traffico-la-variante-di-palizzi-lungo-la-ss106-jonica-provincia-di-reggio
way	171043511	https://www.stradeanas.it/it/calabria-anas-aperta-al-traffico-la-variante-di-palizzi-lungo-la-ss106-jonica-provincia-di-reggio
way	171043515	https://www.stradeanas.it/it/anas/app/ordinanze/get_ordinanza_pdf?ord_id=24109
way	171043517	https://www.stradeanas.it/it/calabria-anas-aperta-al-traffico-la-variante-di-palizzi-lungo-la-ss106-jonica-provincia-di-reggio
way	171043519	https://www.stradeanas.it/it/calabria-anas-aperta-al-traffico-la-variante-di-palizzi-lungo-la-ss106-jonica-provincia-di-reggio
way	171043520	https://www.stradeanas.it/it/calabria-anas-aperta-al-traffico-la-variante-di-palizzi-lungo-la-ss106-jonica-provincia-di-reggio
way	171043521	https://www.stradeanas.it/it/calabria-anas-aperta-al-traffico-la-variante-di-palizzi-lungo-la-ss106-jonica-provincia-di-reggio
way	171043522	https://www.stradeanas.it/it/calabria-anas-aperta-al-traffico-la-variante-di-palizzi-lungo-la-ss106-jonica-provincia-di-reggio
way	171043523	https://www.stradeanas.it/it/calabria-anas-aperta-al-traffico-la-variante-di-palizzi-lungo-la-ss106-jonica-provincia-di-reggio
way	171043524	https://www.stradeanas.it/it/calabria-anas-aperta-al-traffico-la-variante-di-palizzi-lungo-la-ss106-jonica-provincia-di-reggio
way	171043525	https://www.stradeanas.it/it/calabria-anas-aperta-al-traffico-la-variante-di-palizzi-lungo-la-ss106-jonica-provincia-di-reggio
way	171043527	https://www.stradeanas.it/it/calabria-anas-aperta-al-traffico-la-variante-di-palizzi-lungo-la-ss106-jonica-provincia-di-reggio
way	174685994	http://www.archeocalabria.beniculturali.it/archeovirtualtour/calabriaweb/locriteatro1.htm
way	226228592	https://www.stradeanas.it/it/anas/app/ordinanze/get_ordinanza_pdf?ord_id=9773
way	278199791	https://portalidicalabria.altervista.org/trebisacce-chiesa-madre-di-san-nicola-di-mira-cupola-e-campanile/
way	289087925	https://www.stradeanas.it/it/anas/app/ordinanze/get_ordinanza_pdf?ord_id=24109
way	289087927	https://www.stradeanas.it/it/anas/app/ordinanze/get_ordinanza_pdf?ord_id=24109
way	375114782	https://portalidicalabria.altervista.org/palazzo-dellaccademia-cosentina-cosenza/
way	708057676	https://www.stradeanas.it/it/anas/app/ordinanze/get_ordinanza_pdf?ord_id=9773
way	708057677	https://www.stradeanas.it/it/anas/app/ordinanze/get_ordinanza_pdf?ord_id=9773
way	708057678	https://www.stradeanas.it/it/calabria-anas-aperta-al-traffico-la-variante-di-palizzi-lungo-la-ss106-jonica-provincia-di-reggio
way	708057679	https://www.stradeanas.it/it/calabria-anas-aperta-al-traffico-la-variante-di-palizzi-lungo-la-ss106-jonica-provincia-di-reggio
way	708104140	https://www.stradeanas.it/it/calabria-anas-aperta-al-traffico-la-variante-di-palizzi-lungo-la-ss106-jonica-provincia-di-reggio
way	708104141	https://www.stradeanas.it/it/calabria-anas-aperta-al-traffico-la-variante-di-palizzi-lungo-la-ss106-jonica-provincia-di-reggio
way	708104142	https://www.stradeanas.it/it/calabria-anas-aperta-al-traffico-la-variante-di-palizzi-lungo-la-ss106-jonica-provincia-di-reggio
way	723000097	https://www.stradeanas.it/it/anas/app/ordinanze/get_ordinanza_pdf?ord_id=24109
way	723000098	https://www.stradeanas.it/it/anas/app/ordinanze/get_ordinanza_pdf?ord_id=24109
way	723000102	https://www.stradeanas.it/it/anas/app/ordinanze/get_ordinanza_pdf?ord_id=24109
way	812626555	https://www.stradeanas.it/it/anas/app/ordinanze/get_ordinanza_pdf?ord_id=9773
way	812626557	https://www.stradeanas.it/it/calabria-anas-aperta-al-traffico-la-variante-di-palizzi-lungo-la-ss106-jonica-provincia-di-reggio
way	812626559	https://www.stradeanas.it/it/anas/app/ordinanze/get_ordinanza_pdf?ord_id=9773
way	817780156	https://www.stradeanas.it/it/calabria-anas-aperta-al-traffico-la-variante-di-palizzi-lungo-la-ss106-jonica-provincia-di-reggio
way	888302244	https://www.stradeanas.it/it/anas/app/ordinanze/get_ordinanza_pdf?ord_id=24109
way	888302247	https://www.stradeanas.it/it/calabria-anas-aperta-al-traffico-la-variante-di-palizzi-lungo-la-ss106-jonica-provincia-di-reggio
way	940715594	https://portalidicalabria.altervista.org/palazzo-de-nobili-sellia-marina/
way	940720029	https://portalidicalabria.altervista.org/rose-cs-decorazioni-longobarde-nelle-chiesa-matrice/
way	1015099595	https://www.stradeanas.it/it/anas/app/ordinanze/get_ordinanza_pdf?ord_id=24237
