<?xml version="1.0" encoding="UTF-8"?>
<!DOCTYPE html PUBLIC "-//W3C//DTD XHTML 1.0 Strict//EN"
    "http://www.w3.org/TR/xhtml1/DTD/xhtml1-strict.dtd">
<html xmlns="http://www.w3.org/1999/xhtml" xml:lang="en" lang="en">
<head>
  <meta http-equiv="content-type" content="text/html; charset=utf-8" lang="en"/>
  <title>OSM3S Response</title>
</head>
<body>

<p>The data included in this document is from www.openstreetmap.org. The data is made available under ODbL.</p>
<p><strong style="color:#FF0000">Error</strong>: runtime error: open64: 0 Success /osm3s_osm_base Dispatcher_Client::request_read_and_idx::timeout. The server is probably too busy to handle your request. </p>

</body>
</html>
node	253783845	https://www.pasticceriageneroso.it
node	897180728	http://www.mcpiccadilly.com
node	897305670	http://www.hotelpalaceonline.it
node	1692455244	http://www.hotelcavadellisola.it/
node	1692455246	http://www.ristorantelacapanna.com/
node	1879132315	https://www.figaroburgerhouse.it/
node	2229877668	https://www.royalpalm.it/
node	3077486456	https://www.sorrisoresort.it/
node	3077486498	http://www.trattoriaterradelfuoco.it
node	3077534880	http://www.casthotels.com/baiadellesirene.html
node	3078242116	http://www.gabbianobeach.net/
node	3078242117	https://www.hotelcitara.it/
node	3078242118	http://www.hotelrivadelsoleischia.it/
node	3079079309	http://www.casacigliano.it/
node	4309168118	http://www.szn.it/index.php/it/acquario/la-storia
node	4309168119	http://www.szn.it/index.php/it/ricerca/infrastrutture-di-ricerca-per-le-risorse-biologiche-marine/unita-museo-archivio-biblioteca-mab/biblioteca
node	4309168120	http://www.szn.it/index.php/it/ricerca/infrastrutture-di-ricerca-per-le-risorse-biologiche-marine/unita-museo-archivio-biblioteca-mab/
node	4469650706	http://portadonicaravello.com/homeit.html
node	4470213603	www.leopoldoricevimenti.it
node	5235202021	https://www.osteriadacarmela.it/
node	5469967821	http://www.limoncellodinapoli.it/
node	5851835229	https://salernobunker.facomgas.it/
node	6879579147	https://www.stellehotel.com/binario-calmo.asp
node	6943713452	https://www.bbskyhouse.com/bevel
node	6943713455	https://maschioangioinosuite-it.3dcartstores.com
node	7175603435	https://www.bellillo.it
node	7944774684	https://www.quidstore.it
node	8346948239	www.scuolagramscimpastato.edu.it
node	8757448479	https://www.infoserv.biz
node	9799025842	http://www.treesmusicstudio.it/
node	9835776084	https://www.villarosada.net/
node	9835776085	https://m.facebook.com/PizzeriaTriventoPalinuro/
node	9943317291	https://www.beltempio.it
node	9949729706	http://www.villacatie.it/
node	9962100546	https://villadellesirene.com/
node	9962513225	http://www.villabellavista.it/
node	10124076508	http://www.distilleriearagonesi.com/
node	10775214422	nexusinformatica.org
node	10816209337	https://airbnb.com/h/zefirocasavacanza
node	10860644944	https://instaviaggi.it
node	10863745209	https://colonnese.it/content/6-libreria-colonnese
node	10905242126	https://www.lagemmabnb.it/
node	10931215000	https://www.cantinedellaverno.it
node	10946126923	https://www.pizzerierricoporzio.it
node	10966288391	https://www.collinedizenone.com
node	11123045897	www.giuliomartino.it
node	11200953324	http://www.latavolozzapositano.it/
node	11200954425	http://www.lastminutestore.info/
node	11752991314	https://www.egenergy.it/
node	11770744718	https://nutrizionistacaserta.weebly.com/
node	11825802759	https://siciliabedda.webnode.it/
node	12051173843	https://www.teamlucaparrucchieri.it/
node	12061989737	https://www.lasaponaria.it/biostorie-battipaglia
node	12085980817	https://www.cispi.it
node	12111213124	https://lapampanini.it
node	12115185660	https://www.teresapaparella.it/menu/
node	12192809158	https://spaziotra.xyz
node	12221773632	https://www.galluccicisternadellolio.it
node	12259617706	https://www.librerianeapolis.it
node	12265757175	https://mutecampania.it
node	12271937767	https://www.white1903.it/
node	12271997442	https://www.villaidaforio.it/
node	12271997505	http://www.residencevillatina.it/
node	12286132176	https://www.mazzamaurielle.com/vomero
node	12296849341	https://www.ajrentnapoli.it/en
node	12346842152	https://www.gargiuloinlaid.it/it/
node	12358651048	http://www.casadelloscugnizzo.it
node	12791848349	https://depros.it/
node	12806771422	https://www.iocistolibreria.it/
node	12814049964	https://www.truecontact.it/
node	12824573325	https://www.coseidea.it/
node	12827754403	https://www.arrediamoci.com/
node	12827764759	https://www.lovestop.it/
node	12834579217	https://lmntrixdj1999.wixsite.com/president
node	12834732833	https://annabelmattino.com/
way	79268408	http://www.szn.it
way	170920731	https://www.giardiniposeidonterme.com/
way	174047981	http://www.cittadellascienza.it/
way	188278613	https://retemuseale.provincia.benevento.it/complesso-monumentale-di-santilario
way	203584104	https://www.talentocash.com/punti-vendita/avellino/
way	215320284	www.ravino.it
way	231428756	http://www.torreorsini.it/
way	245594801	https://www.negombo.it/
way	259069014	https://www.chiesasoccavo.org/
way	259069370	https://www.lasalettenapoli.it/
way	287539256	https://supermercatideco.multicedi.it/
way	297582955	http://www.ischia-fewo.com/
way	302370309	http://www.santafortunata.com
way	312823675	https://www.lautotamigi.it/
way	320200930	https://www.centrocommercialepegaso.it/
way	380467603	http://www.hotelcapodichino.it/
way	414221329	https://www.giardinoliberato.org/
way	417834740	https://www.paradisesportingvillage.com/
way	420554014	https://www.casamonetacapri.com/
way	749285010	https://villaflore.it
way	997977627	http://www.agriturismoziocristoforo.com/
way	1025270923	https://www.fondazionefs.it/content/fondazionefs/it/esplora-il-museo/visita-pietrarsa.html
way	1069157099	https://www.olattariello.com
way	1323904669	https://www.nitrodi.com/
way	1324177310	https://www.mezzatorre.com/
way	1340342349	https://parrocchiadisanbenedetto.it/
way	1353651229	https://www.comune.carinaro.ce.it/it-it/linea-diretta/scrivici
way	1381719045	http://www.parchicommercialialice.it/i-parchi-commerciali-alice
way	1384056894	https://www.rinaldo.it/
way	1394480691	https://www.villapuntapennata.it
way	1427078648	https://www.comune.tufo.av.it
node	68581547	www.ravello.com
node	1892958672	http://www.lanticocortile.it/
node	4033063953	http://www.vacanzeforiapalinuro.it
node	9306631595	http://www.comune.giugliano.na.it/index.php/servizi/informazioni-sulla-raccolta-rifiuti/item/96-informazioni-sulla-raccolta-dei-rifiuti
node	10973765686	https://it.wikipedia.org/wiki/Ipogeo_dei_Cristallini
node	12273347981	www.vincenzoberretti.it
node	12498361618	https://nxsgrowshop.com
node	12811290036	https://www.supermercatipiccolo.it/index.php/punti-vendita
way	160954511	hotelpixunte.com
way	227481094	http://caudinia.altervista.org/forchia1.htm
way	360022936	http://www.comune.giugliano.na.it/index.php/servizi/informazioni-sulla-raccolta-rifiuti/item/96-informazioni-sulla-raccolta-dei-rifiuti
way	424377361	www.sorelledeluca.com
way	570296942	http://www.bottegacellito.it
way	733643615	http://web.archive.org/web/20210403120316/https://www.ilgiuglianese.it/cappella-dei-santi-filippo-e-giacomo-a-giugliano-conosciuta-come-cappella-dei-morti/
way	1021640138	https://fratellilabufala.com/menu-inverno-2021-a/
way	1035344762	https://storienapoli.it/2022/02/25/mausoleo-di-pianura-romano/
relation	40658	www.ravello.com
relation	8110890	https://laviasilente.it/content/
relation	17760420	https://appenninobiketour.com/percorso/
relation	17782266	https://appenninobiketour.com/percorso/
relation	17784877	https://appenninobiketour.com/percorso/
relation	17785838	https://appenninobiketour.com/percorso/
