<meta http-equiv="content-type" content="text/html	-1		
<title>OSM3S Response</title>	-1		
charset=utf-8" lang="en"/>	-1		
<!DOCTYPE html PUBLIC "-//W3C//DTD XHTML 1.0 Strict//EN	-1		
</body>	-1		
</head>	-1		
</html>	-1		
<body>	-1		
<head>	-1		
<html xmlns="http://www.w3.org/1999/xhtml" xml:lang="en" lang="en">	-1		
<p><strong style="color:#FF0000">Error</strong>: runtime error: open64: 0 Success /osm3s_osm_base Dispatcher_Client::request_read_and_idx::timeout. The server is probably too busy to handle your request. </p>	-1		
<p>The data included in this document is from www.openstreetmap.org. The data is made available under ODbL.</p>	-1		
hotelpixunte.com	-1		
http://portadonicaravello.com/homeit.html	0	405	
http://www.w3.org/TR/xhtml1/DTD/xhtml1-strict.dtd">	0	403	
http://caudinia.altervista.org/forchia1.htm	6		
http://www.agriturismoziocristoforo.com/	0	301	https://www.agriturismoziocristoforo.com/
http://web.archive.org/web/20210403120316/https://www.ilgiuglianese.it/cappella-dei-santi-filippo-e-giacomo-a-giugliano-conosciuta-come-cappella-dei-morti/	0	200	
http://www.casadelloscugnizzo.it	0	301	https://www.casadelloscugnizzo.it/
http://www.casthotels.com/baiadellesirene.html	0	301	https://www.casthotels.com/baiadellesirene.html
http://www.cittadellascienza.it/	0	301	https://www.cittadellascienza.it/
http://www.distilleriearagonesi.com/	0	301	https://www.distilleriearagonesi.com/
http://www.casacigliano.it/	0	301	https://www.casacigliano.it/
http://www.comune.giugliano.na.it/index.php/servizi/informazioni-sulla-raccolta-rifiuti/item/96-informazioni-sulla-raccolta-dei-rifiuti	7		
http://www.gabbianobeach.net/	0	200	
http://www.hotelcapodichino.it/	0	301	https://www.hotelcapodichino.it/
http://www.hotelpalaceonline.it	0	301	https://www.hotelpalaceonline.it/
http://www.ischia-fewo.com/	6		
http://www.hotelrivadelsoleischia.it/	0	301	https://www.hotelrivadelsoleischia.it/
http://www.bottegacellito.it	0	200	
http://www.hotelcavadellisola.it/	0	200	
http://www.lanticocortile.it/	0	301	https://www.lanticocortile.it/
http://www.lastminutestore.info/	0	301	https://lastminutestore.info/
http://www.latavolozzapositano.it/	0	200	
http://www.mcpiccadilly.com	0	301	https://www.mcpiccadilly.com/
http://www.limoncellodinapoli.it/	0	200	
http://www.ristorantelacapanna.com/	0	200	
http://www.residencevillatina.it/	0	200	
http://www.parchicommercialialice.it/i-parchi-commerciali-alice	0	200	
http://www.santafortunata.com	0	301	https://www.santafortunata.com/
http://www.szn.it	28		
http://www.szn.it/index.php/it/acquario/la-storia	28		
http://www.torreorsini.it/	6		
http://www.trattoriaterradelfuoco.it	6		
http://www.szn.it/index.php/it/ricerca/infrastrutture-di-ricerca-per-le-risorse-biologiche-marine/unita-museo-archivio-biblioteca-mab/	28		
http://www.szn.it/index.php/it/ricerca/infrastrutture-di-ricerca-per-le-risorse-biologiche-marine/unita-museo-archivio-biblioteca-mab/biblioteca	28		
http://www.vacanzeforiapalinuro.it	6		
http://www.villacatie.it/	0	200	
https://airbnb.com/h/zefirocasavacanza	0	301	https://www.airbnb.com/h/zefirocasavacanza
http://www.treesmusicstudio.it/	0	200	
http://www.villabellavista.it/	0	301	https://www.villabellavista.it/
https://appenninobiketour.com/percorso/	0	200	
https://depros.it/	0	200	
https://colonnese.it/content/6-libreria-colonnese	0	200	
https://instaviaggi.it	0	405	
https://it.wikipedia.org/wiki/Ipogeo_dei_Cristallini	0	200	
https://annabelmattino.com/	0	200	
https://laviasilente.it/content/	0	200	
https://m.facebook.com/PizzeriaTriventoPalinuro/	0	302	https://m.facebook.com/login.php?next=https%3A%2F%2Fm.facebook.com%2FPizzeriaTriventoPalinuro%2F&refsrc=deprecated&_rdr
https://lmntrixdj1999.wixsite.com/president	0	200	
https://mutecampania.it	0	200	
https://nutrizionistacaserta.weebly.com/	0	200	
https://fratellilabufala.com/menu-inverno-2021-a/	0	404	
https://nxsgrowshop.com	0	103	
https://lapampanini.it	0	200	
https://retemuseale.provincia.benevento.it/complesso-monumentale-di-santilario	0	404	
https://parrocchiadisanbenedetto.it/	0	200	
https://siciliabedda.webnode.it/	0	200	
https://spaziotra.xyz	0	200	
https://storienapoli.it/2022/02/25/mausoleo-di-pianura-romano/	0	200	
https://salernobunker.facomgas.it/	0	200	
https://villaflore.it	0	405	
https://villadellesirene.com/	0	200	
https://maschioangioinosuite-it.3dcartstores.com	0	301	https://maschioangioinosuite.it
https://supermercatideco.multicedi.it/	0	200	
https://www.ajrentnapoli.it/en	0	200	
https://www.bbskyhouse.com/bevel	0	404	
https://www.bellillo.it	7		
https://www.cantinedellaverno.it	0	302	https://www.cantinedellaverno.it/it/
https://www.casamonetacapri.com/	0	200	
https://www.centrocommercialepegaso.it/	0	200	
https://www.arrediamoci.com/	0	200	
https://www.collinedizenone.com	0	200	
https://www.beltempio.it	0	200	
https://www.comune.carinaro.ce.it/it-it/linea-diretta/scrivici	0	404	
https://www.cispi.it	0	301	https://cispi.it/
https://www.comune.tufo.av.it	0	404	
https://www.coseidea.it/	60		
https://www.fondazionefs.it/content/fondazionefs/it/esplora-il-museo/visita-pietrarsa.html	0	301	https://www.fondazionefs.it/it/esplora-il-museo/visita-pietrarsa.html
https://www.chiesasoccavo.org/	0	200	
https://www.galluccicisternadellolio.it	0	200	
https://www.egenergy.it/	0	200	
https://www.gargiuloinlaid.it/it/	0	200	
https://www.giardiniposeidonterme.com/	0	301	https://giardiniposeidonterme.com/
https://www.hotelcitara.it/	0	200	
https://www.infoserv.biz	0	200	
https://www.giardinoliberato.org/	0	200	
https://www.figaroburgerhouse.it/	0	200	
https://www.lagemmabnb.it/	0	200	
https://www.lasalettenapoli.it/	0	200	
https://www.lasaponaria.it/biostorie-battipaglia	0	200	
https://www.lovestop.it/	0	200	
https://www.lautotamigi.it/	0	200	
https://www.mazzamaurielle.com/vomero	0	404	
https://www.mezzatorre.com/	0	302	https://www.pellicanohotels.com/en/hotels/mezzatorre-hotel-e-thermal-spa/
https://www.negombo.it/	0	301	https://negombo.it/
https://www.nitrodi.com/	0	200	
https://www.olattariello.com	0	200	
https://www.osteriadacarmela.it/	0	403	
https://www.pasticceriageneroso.it	0	200	
https://www.iocistolibreria.it/	0	200	
https://www.pizzerierricoporzio.it	0	301	https://pizzerierricoporzio.it/
https://www.paradisesportingvillage.com/	0	200	
https://www.rinaldo.it/	0	200	
https://www.royalpalm.it/	0	200	
https://www.quidstore.it	0	200	
https://www.stellehotel.com/binario-calmo.asp	0	200	
https://www.sorrisoresort.it/	0	200	
https://www.supermercatipiccolo.it/index.php/punti-vendita	0	200	
https://www.talentocash.com/punti-vendita/avellino/	0	200	
https://www.teamlucaparrucchieri.it/	0	200	
https://www.librerianeapolis.it	28		
https://www.villapuntapennata.it	0	200	
https://www.villarosada.net/	6		
https://www.teresapaparella.it/menu/	0	200	
nexusinformatica.org	-1		
www.giuliomartino.it	-1		
www.leopoldoricevimenti.it	-1		
www.ravello.com	-1		
www.ravino.it	-1		
www.scuolagramscimpastato.edu.it	-1		
www.sorelledeluca.com	-1		
www.vincenzoberretti.it	-1		
https://www.truecontact.it/	0	200	
https://www.white1903.it/	0	200	
https://www.villaidaforio.it/	0	200	
