<?xml version="1.0" encoding="UTF-8"?>
<!DOCTYPE html PUBLIC "-//W3C//DTD XHTML 1.0 Strict//EN"
    "http://www.w3.org/TR/xhtml1/DTD/xhtml1-strict.dtd">
<html xmlns="http://www.w3.org/1999/xhtml" xml:lang="en" lang="en">
<head>
  <meta http-equiv="content-type" content="text/html; charset=utf-8" lang="en"/>
  <title>OSM3S Response</title>
</head>
<body>

<p>The data included in this document is from www.openstreetmap.org. The data is made available under ODbL.</p>
<p><strong style="color:#FF0000">Error</strong>: runtime error: open64: 0 Success /osm3s_osm_base Dispatcher_Client::request_read_and_idx::timeout. The server is probably too busy to handle your request. </p>

</body>
</html>
node	441918990	https://www.coopalleanza3-0.it/fare-spesa/elenco-negozi/dettaglio-negozio/427-fidenza.html
node	693373134	https://amerigo1934.it
node	797204601	http://www.poliambulatoriolasalute.it/
node	860582713	http://www.campeggiovivaio.it/
node	882558065	http://acnp.cib.unibo.it/cgi-ser/start/it/bib/df-b.tcl?libr=BO352
node	882558066	http://biomedica.biblioteche.unibo.it/biomedica
node	1177457132	http://www.ca-rossa.it/
node	1623545762	http://www.adibologna.it/
node	1627376986	http://www.cusb.unibo.it/CUSB/default.htm
node	1627376995	http://www.chimica.unibo.it/
node	1685776652	bdu.sba.unibo.it
node	1704757052	http://www.gelateriasanmamolo.it
node	1710274967	http://www.nonnorossi.it/
node	1710274968	http://www.starwoodhotels.com/sheraton/property/overview/index.html?propertyID=310
node	1716340659	http://www.comune.sarsina.fo.it/turismo/percorsi-mtb.htm
node	1874922755	http://www.hanabi72.com/
node	1881800658	http://www.emilbanca.it/
node	1909741676	http://www.viaggipinarella.com/
node	2088694815	www.ilritrovo.net
node	2271776831	https://www.bolognawelcome.com/
node	2323167511	https://www.lasaponaria.it/biostorie-cesena
node	2323204534	https://www.kaossparquet.it/
node	2323498771	http://www.locandaparadiso.it/
node	2417847949	http://ristorantegentedimare.com/public/it/
node	2497530748	http://www.kingbazar.net/
node	2718121957	https://www.hotel-ariminum.it/
node	2886092668	http://www.piccolapiedigrotta.com
node	2993902046	https://www.q8.it/?utm_campaign=listing&utm_medium=q8&utm_source=googlemybusiness
node	3011077712	http://www.cantinagaribaldi.com/
node	3040601733	http://www.lebondamat.com/
node	3042918024	https://new.labs.it/
node	3132150682	http://albergo-ilponte.it/
node	3296862974	https://www.panzaro.it/
node	3409315455	http://www.anticaosteriadellevolte.it
node	3515168254	http://www.comune.bologna.it/canilegattile/luoghi/133:18548/
node	3586451112	https://www.brewdog.com/uk/bologna
node	3600235452	https://www.agenziamondo.it
node	3636954958	https://libreriairnerio.blogspot.com/
node	3645563602	https://www.mutenye.it/
node	3646474020	https://www.gelateriadellemoline.com/
node	3877608358	www.biblioeconomia.unimore.it
node	3883978749	http://www.isiafaenza.it
node	4077386986	http://www.riminilug.it/
node	4166130502	https://www.puntobologna.com/
node	4216293052	http://driveeat.it/
node	4268817191	https://www.focacceriamediterranea.it/
node	4269849307	http://www.streetburgergourmet.com
node	4314228899	http://www.ristoranteamau.it/
node	4314228900	http://www.villarosariviera.it
node	4394210194	http://www.bagnonettunopatrizia.com/
node	4436878543	http://www.villaggiolapescaccia.com/
node	4484167750	http://fencucina.it
node	4494352513	https://www.hoteloceania.com
node	4494361671	https://hotelbrienz.it
node	4494361674	https://www.laconchigliahotel.it
node	4495195009	http://www.ristorantesedrariccione.it/
node	4497569298	https://www.fornext.it
node	4502992325	https://sanleoalbergodiffuso.it/
node	4502992326	https://sanleoalbergodiffuso.it/
node	4695592292	https://senapevivaiourbano.com/
node	4697122872	https://www.cadigali.it/ristorante/
node	4708346090	https://www.laferramenta.org/
node	4712449695	https://modena.ubiklibri.it
node	4712529638	https://www.games4fans.it/
node	4745409830	https://www.vacanzattiva.com/
node	4748847818	https://www.m11shop.eu/
node	4749545916	https://www.crai-supermercati.it/nealco/home/index.php
node	4752826030	http://www.palazzogallettiabbiosi.it
node	4761743444	https://www.bottegaportici.it/
node	4761936258	https://www.motoabbigliamento.it/motoabbigliamento-store-ferrara
node	4762530739	https://demonrace.com
node	4762718527	https://sites.google.com/view/nellavecchiafattoria5046/chi-siamo
node	4764174953	http://www.comunegatteo.it
node	4766301501	http://www.velvetcat.it/
node	4766301512	https://www.farmacianatalini.it/
node	4766326906	https://www.poliambulatoriokripton.it/
node	4766361903	http://www.caffedeicorsi.it/
node	4766362141	http://www.farmaciaschibuola.it/
node	4766362142	https://www.saffi25.it/
node	4766424776	https://www.giardino34.it/
node	4771244764	https://www.omniaesteticashop.it/
node	4771282665	https://www.unieuro.it/online/negozi/Unieuro-Mirandola
node	4771282666	https://scarpamondo.it/it/negozi/mirandola?utm_source=google&utm_medium=organic&utm_campaign=gmb
node	4777077296	https://www.doppiocivico.it
node	4778406076	http://atuttogustodavalentina.it/
node	4781397645	https://m.facebook.com/pages/category/Restaurant/Trattoria-Romagnola-175198019494031/
node	4781400761	https://m.facebook.com/edicolacartoleriatoscanella/
node	4782429262	https://www.atelierleragazze.com/
node	4861185320	https://www.agriturismodelcimone.com
node	4933663722	https://salumeriasimoni.it/
node	5338147806	http://www.godownrecords.com/en-UK/sidroclub.php
node	5461264257	https://www.sarniristorazione.it/item/ads-sillaro-est
node	5493421231	http://www.salesianirimini.it/
node	5528598194	https://www.clarissesantagata.it/
node	5530359477	http://www.ilpanedellebalze.it
node	5580354025	https://www.ristoranteilpalazzo.com/
node	5628224821	https://shudaxia.it/ristorante-reggio-emilia/
node	5913477579	https://www.coopalleanza3-0.it/
node	6221654920	https://bmtende.it
node	6242140593	http://www.hotelsecchia.it/
node	6360345124	http://www.hotelholiday-bo.com/
node	6389188086	https://www.tendedasolerimini-riccione.com/
node	6585090485	https://www.dellamottahotel.it/hotel-admiral/
node	6802830244	https://www.coopalleanza3-0.it/fare-spesa/elenco-negozi/dettaglio-negozio/602-ipercoop-della-mirandola.html
node	7039370583	https://www.cucinot.it
node	7386114560	https://www.hotelluxorcattolica.com/
node	7731352486	https://www.hotelsaintlouis.it
node	7882872734	+39 350 1437726
node	8005947730	https://atelierottico.it/
node	8411774888	https://www.casabenna.it
node	9205034495	http://www.osteriadalnonno.bologna.it/
node	9389697015	https://www.q8.it/?utm_campaign=listing&utm_medium=q8&utm_source=googlemybusiness
node	9651042717	https://molinarisalute.it/mirandola/
node	9682706101	https://www.lacompagniabb.it/
node	9732966242	https://www.mathis.it/it/
node	9733181563	https://farmacia-ponte-sul-nure-snc-pontenure.business.site/
node	9742029268	https://ristorantedamimmo.metro.rest/
node	9742068067	https://pizzeria-san-zenone.business.site/
node	9742130570	https://arle.arlecchinodisco.it/
node	9775367295	https://www.bricoio.it/it-IT-it/Custom/PuntoVendita.aspx?codiceNegozio=1123
node	9958795688	https://www.komerestaurant.it/
node	9958795690	https://thegraffitibench.com/
node	9958795696	https://pizzium.com/
node	9961182004	https://www.abitarebondeno.it/
node	9970891685	https://www.vecchiastalla.it/
node	10007645227	https://www.roverella.it/
node	10206774409	https://crudo.restaurant
node	10207012361	https://www.cantinecasabella.com
node	10304510802	https://modenafiere.it
node	10304510803	https://modenafiere.it
node	10682534346	https://soberlemur.com
node	10731684731	https://www.ilmistico.it
node	11115118335	https://www.paradigmi.net
node	11125508022	https://viserba.rainbowsushibar.com/
node	11273840761	https://larcadinoenatura.it/
node	11295691831	https://geomgasparinimauro.business.site/
node	11353195422	https://www.divisamilitare.it/
node	11741134685	https://www.chiaravalledellacolomba.it/
node	11799898472	https://www.fondazioneilcorreggio.it/
node	11908047383	https://sites.google.com/site/crocedelbiacco/
node	11956054599	https://www.emc2onlus.it/
node	11990937234	https://www.spaccaferro.com
node	12005933246	http://www.fusorari.it
node	12062055613	https://www.lasaponaria.it/biostorie-bologna
node	12218376234	https://www.kitarestaurant.it
node	12291761357	https://sangiovannipersiceto.mercatopoli.it/
node	12291761371	https://www.gimfive.com/palestra/sangiovanniinpersiceto
node	12310422403	https://www.booking.com/hotel/it/casa-san-pietro-bilocale-centro-storico.it.html
node	12405562871	https://www.mechworks.com
node	12480707876	https://www.doctolib.it/studio-medico/scandiano
node	12505307404	https://www.pietredeldrago.com/
node	12541295230	rockandrivers.com
node	12565970389	www.atelier-interni.com
node	12581874492	https://www.facebook.com/Birreinbottega/
node	12623437380	https://www.orthoshops.it/negozi-orthoshops-dove-siamo/orthoshops-boiardo-reggio-emilia/
node	12630818737	https://www.atr.fc.it/sosta/sostare-a-cesenatico-2/
node	12650103124	http://www.cebora.it
node	12709999207	https://www.metalbox.it
node	12841674924	https://www.vecchiastalla.it
node	12995544536	https://www.ecudiscount.it/punti-vendita?selected=60730915
node	13051882476	https://www.pasticceria-nufi.it/
node	13070843254	https://www.metalbox.it
node	13070843255	https://www.metalbox.it
node	13070843256	https://www.metalbox.it
way	29118673	https://www.vigilfuoco.it/sitiVVF/rimini/
way	64980907	http://www.bibliotecanzola.it/
way	64980910	http://www.comune.anzoladellemilia.bo.it
way	71172160	https://www.palariccione.com/
way	72312636	https://www.coopalleanza3-0.it/
way	79643645	https://www.famila.it/
way	86943530	https://www.museoaviazione.com/
way	104589511	http://www.international.unimore.it/
way	109229140	https://www.unife.it/sma/it/orto-botanico
way	109908667	http://blog.libero.it/lachiesadisopra/view.php
way	111487086	http://www.bivaccolavezzosa.it/
way	135891487	www.hotelformica.it
way	148832787	http://www.biochimica.unibo.it/Biochimica/default.htm
way	148832790	http://www.dipfisio.unibo.it/Fisiologia/default.htm
way	149046817	http://groups.msn.com/ssangelicustodi
way	149048366	www.sancristoforo.altervista.org
way	149221986	http://www.parrocchiasantegidiobologna.it/
way	151786635	https://www.camatti.it/
way	153061319	https://www.dimegliostore.it/
way	155045957	https://albergolatorretta.it/
way	156860731	https://www.cadigali.it/
way	158767939	https://www.hotelmillepini.com/
way	158768035	https://www.solariamare.it/
way	159506177	http://www.agriturismolacasina.com
way	162285607	http://trattoriadiardiano.net
way	162973654	http://www.ristoranteleghiaine.it
way	162976208	http://www.hotelarlecchino.net
way	162976210	http://www.attiliobeach.it
way	163603229	https://www.elettric80.com/it
way	165820232	https://centrodellamirandola.it/
way	166475782	https://www.comune.pavullo-nel-frignano.mo.it/turismo-a-pavullo/info-utili/area-di-sosta-camper-2/
way	168422144	http://www.rifugiosarzana.it
way	168929842	https://www.comune.albinea.re.it
way	181540834	https://www.unionhotels.it
way	181540897	http://severihotels.com/hotel-bamby
way	181544828	http://www.hotelantea.it
way	181544982	http://severihotels.com/hotel-casali
way	182263869	http://www.hotelmeridiana-tabiano.it/
way	183396278	https://www.conad.it/ricerca-negozi/negozio.007267.html
way	183449679	https://www.vigilfuoco.it/aspx/home.aspx
way	185212649	http://www.ristorantecerina.com
way	185214153	www.ristoranteigirasoli.it
way	185456648	http://pizzaburgerdelivery.pagedemo.co/
way	185925582	http://www.lastaderatessello.it
way	186264810	https://www.famila.it/
way	186841570	https://www.stazionediserviziopb.it
way	187393212	https://www.lidl.it/
way	187454933	https://centroipioppi.it/
way	190433110	http://www.internationalcamping.eu/index.php/en/contact-us
way	195545112	https://www.clarissesantagata.it/
way	223553427	http://www.casafragheto.it/
way	223622029	http://www.poggioduca.it/
way	223772759	http://www.hotelelizabeth.com
way	223773003	https://www.foschihotels.it/hotel_it.php
way	223773148	http://www.hotelmartinez.it
way	223773220	https://www.mimosahotel.net
way	223774562	https://www.hoteladria.rn.it
way	223774647	https://www.foschihotels.it/splendid/
way	223775318	http://www.hotelfoschi.com/
way	223775322	https://www.augustahotel.eu/
way	223792779	http://www.centroimalatesta.it
way	223827903	https://www.hoteldusoleil.it
way	223832204	https://www.diplomatpalace.it
way	223832695	https://fsspx.it/it/priorato-madonna-di-loreto-rimini
way	423697503	http://www.pistacattolica.it
way	429302513	https://www.decathlon.it/
way	469225680	https://www.santarcangelodiromagna.info/santarcamper-area-sosta-camper/
way	730895836	http://www.aviosuperficiesantarcangelo.it
way	742619947	http://www.riminiparking.it/
way	917582861	https://www.comet.it/negozi/emilia-romagna/modena/comet-mirandola
way	968125372	https://monacomima.wixsite.com/my-site/copia-di-hotel-monaco
way	1144912516	https://www.mcdonalds.it/
way	1215035064	https://macaco.tv/
way	1222930401	https://econilcane.com/scuderia-del-lago/
way	1281825479	https://www.eurospin.it/
way	1335600677	https://www.reggioemiliawelcome.it/it/boretto/ospitalita/dove-dormire/aree-di-sosta-camper/area-sosta-camper-boretto
way	1335603085	https://www.agriturismoarcoantico.com/area-camper
way	1359079515	https://familyfarmgobbi.com/
way	1364074960	https://www.atr.fc.it/sosta/sostare-a-cesenatico-2/
relation	9874544	https://www.acquariodicattolica.it/
relation	10241428	http://www.cairimini.it/
relation	11663244	http://www.cairimini.it/
relation	11707129	http://www.territorio.sm/
relation	14340405	http://www.df.unibo.it/index.htm
relation	17610985	http://www.med.ira.inaf.it/parabola32m.html
<?xml version="1.0" encoding="UTF-8"?>
<!DOCTYPE html PUBLIC "-//W3C//DTD XHTML 1.0 Strict//EN"
    "http://www.w3.org/TR/xhtml1/DTD/xhtml1-strict.dtd">
<html xmlns="http://www.w3.org/1999/xhtml" xml:lang="en" lang="en">
<head>
  <meta http-equiv="content-type" content="text/html; charset=utf-8" lang="en"/>
  <title>OSM3S Response</title>
</head>
<body>

<p>The data included in this document is from www.openstreetmap.org. The data is made available under ODbL.</p>
<p><strong style="color:#FF0000">Error</strong>: runtime error: open64: 0 Success /osm3s_osm_base Dispatcher_Client::request_read_and_idx::timeout. The server is probably too busy to handle your request. </p>

</body>
</html>
