<?xml version="1.0" encoding="UTF-8"?>
<!DOCTYPE html PUBLIC "-//W3C//DTD XHTML 1.0 Strict//EN"
    "http://www.w3.org/TR/xhtml1/DTD/xhtml1-strict.dtd">
<html xmlns="http://www.w3.org/1999/xhtml" xml:lang="en" lang="en">
<head>
  <meta http-equiv="content-type" content="text/html; charset=utf-8" lang="en"/>
  <title>OSM3S Response</title>
</head>
<body>

<p>The data included in this document is from www.openstreetmap.org. The data is made available under ODbL.</p>
<p><strong style="color:#FF0000">Error</strong>: runtime error: open64: 0 Success /osm3s_osm_base Dispatcher_Client::request_read_and_idx::timeout. The server is probably too busy to handle your request. </p>

</body>
</html>
node	424794561	https://www.despar.it/
node	426678537	https://m.facebook.com/fridafridastore/?view_public_for=100805071646600
node	446273523	http://www.lagirandola.com/
node	513701673	https://www.eurokey.it
node	530758161	https://www.gdf.gov.it/
node	537985342	https://www.ai-due-leoni.it/
node	617878910	https://www.turismofvg.it/en/mountain365/sella-nevea
node	668583878	https://www.mulinodelletolle.it/
node	692767299	https://www.bricook.it/
node	770056948	https://rusticus-steakhouse.eatbu.com/
node	835196887	https://www.dvpanettone.com/
node	939159246	https://www.filoxenia.it/
node	1260510118	https://www.ristorantedatoni.it/
node	1357503815	https://www.alparcoristorante.it/
node	1586852138	www.abacoviaggi.com
node	1586852193	www.claroitalia.it
node	1586852211	https://www.carpisa.it/
node	1586852220	www.unieuro.it
node	1586852223	www.fiorellarubino.com
node	1586852230	www.gasjeans.com
node	1586852268	www.hm.com
node	1586852272	www.idexe.it
node	1586852315	www.jackjones.com
node	1586852333	www.lapiadineria.com
node	1586852371	www.originalmarines.com
node	1586852374	www.sonnybono.com
node	1586852376	www.stroilioro.com
node	1586852381	www.upim.com
node	1586852382	www.timretail.it/
node	1586852386	www.rinascimento.com
node	1586852391	www.claytonitalia.com
node	1749461119	https://www.giuntialpunto.it/
node	1750894678	https://www.pennymarket.it/
node	1750894680	https://www.sireneblu.it/
node	1768167418	http://www.farmacialondero.it/
node	1960281836	http://www.albergoadriatico-tarvisio.it
node	1960281882	http://www.pitacco.net
node	1960281886	http://www.promotur.org
node	1960281898	http://www.hotelrenzo.com
node	1960281944	http://www.timeout-tarvisio.it
node	1960307844	http://rentaski.ws/
node	1964891874	http://www.exposta.it
node	1968555164	https://www.rifugioalsantuario.com/
node	1979536337	https://barbombengrado.eatbu.com
node	2014105117	https://lacantinadiepicuro.com/
node	2134672922	https://www.ristorantewilly.it/
node	2134678466	http://www.carbonneri.it/
node	2137017691	https://www.poste.it/
node	2211443898	http://www.lanificiomarchesin.it
node	2211443911	http://www.reporterstarvisio.it
node	2465694154	http://www.lanificiomarchesin.it
node	2479127662	http://www.comuneditarvisio.com/
node	2547437356	https://freesolarimpianti.it/
node	2599764374	http://www.quiwolf.it
node	2599764377	http://www.ristoranteallapace.it
node	2601556166	http://www.birreriamondial.it
node	2617680671	http://www.promotur.org/it/15358/Contatti
node	2639387266	https://www.poste.it/
node	2755619381	https://www.supertosano.com/
node	2904513049	http://www.pasticceriasanmarcoudine.com
node	3011946278	http://www.labottelignano.it/
node	3067667571	https://m.facebook.com/ilgamberorossolignano
node	3152597409	www.hm.com
node	3154519572	https://www.burgerking.it/
node	3314478591	https://www.facebook.com/Gdsclarascuoladiballo/
node	3358341694	http://www.reporterstarvisio.it
node	3424506659	https://www.eurospesa.it/
node	3424506660	https://www.aeo.it/
node	3427697558	https://www.giacomelloalzetta.com/
node	3466136735	https://cortivopancotto.it/ristoro-la-crosetta/
node	3653971050	https://www.winestoregrado.it/
node	3653972330	https://villamori.eu/
node	3653978229	https://grado.it/it/cosa-fare/benessere/equipe-acconciature-paolo-valentina/
node	3653978679	https://m.facebook.com/DaRenata.1967/
node	3653978820	http://www.ristorantedaovidio.com/
node	3653979234	https://adriaticagrado.it/
node	3653979455	http://www.galleriaillevriero.com/
node	3653983989	https://www.immobiliaremarina.it/
node	3653984638	https://flash-elettronica-di-gregori-augusto.business.site/
node	3653985848	https://iltuomenu.eu/altimon/
node	3653986179	https://m.facebook.com/cipiacegrado/
node	3653986444	https://m.facebook.com/theperfectwavegrado/
node	3653986571	https://filomena-bar.business.site/
node	3661288262	https://alemarhome.it/
node	3661315762	http://www.sanmarcorealestate.com/
node	3661320256	https://www.ondinaequipe.it/
node	3661320767	https://www.tally-weijl.com/it
node	3661320779	https://www.cremerialacoccola.it/
node	3661323677	https://www.qqimmobiliare.it/
node	3661324647	https://m.facebook.com/StreetIslandStore
node	3661327973	http://fastmood.it/
node	3661330566	https://www.boutiquecasa.it/
node	3661330748	https://www.lignanomare.it/
node	3661330749	https://www.lol-fashionstyle.com/
node	3661335382	https://m.facebook.com/lucreziabeautystudio/
node	3661336823	https://www.sundek.us/
node	3661341212	http://www.alpiccolocason.it/
node	3661345630	https://travelone.it/
node	3661346243	http://www.babylignano.it/
node	3661348313	https://www.otticaepis.it/
node	3661348982	https://www.lacurcumabeach.it/
node	3661349122	https://lignanosabbiadoro.it/it/strutture/438-salumeria-da-luciano-venturato/
node	3661350165	https://www.agostinis.com/
node	3661351027	https://souvenir-da-disma.business.site/?utm_source=gmb&utm_medium=referral
node	3661351039	https://www.turismofvg.it/info-utili/uffici-turistici/lignano-pineta-infopoint
node	3661356393	https://sweet-steps.company.site/
node	3661356409	https://www.focenza.com/
node	3661357613	https://m.facebook.com/profile.php?id=100034443146054
node	3661357834	https://lignanosabbiadoro.it/it/strutture/569-micidiale-boys/
node	3669327825	https://www.homstorecasa.it/
node	3704248908	https://www.farmaciadudine.it/
node	3706386716	https://www.despar.it/
node	3706387975	https://mobilicaramel.com/
node	3715723116	http://www.yuximonfalcone.com/
node	3734069327	http://www.verzegnassi.it
node	3747205795	https://benkadi.it/
node	3749005041	https://www.svapoland.it/
node	3794202635	https://m.facebook.com/profile.php?id=121576034563277&__tn__=C-R
node	3794246671	www.esteticacocoonlignano.com
node	3799021985	https://m.facebook.com/Antartik-Gelateria-e-Pasticceria-898506590159916/?rf=116027038488346
node	3854178833	http://dealer.moto.it/dueruoteudine
node	3894652854	https://www.sireneblu.it/
node	3894653610	https://www.faccinielettrodomestici.it/
node	3911470297	www.ristorantelaite.com
node	3953205246	https://latarabane.wordpress.com
node	3956267271	http://www.albergoneidersauris.it
node	3956267272	http://www.pamairlan-sauris.it
node	3956267273	http://www.hotelpluemesauris.it
node	4079982554	http://www.lacucinadibeaebenny.it/
node	4112312123	http://www.osteriaiturians.it/
node	4164070301	https://m.facebook.com/ParkAvenueLignano/
node	4181673768	http://www.acjasedilise.it
node	4227148428	http://www.alcentral.it/
node	4249923483	http://www.wienerhaus.it/
node	4349767192	https://m.facebook.com/profile.php?id=100063635347904
node	4403307931	http://alcampanontrieste.it/
node	4427755039	https://www.mittelab.org/
node	4437743902	http://mepgroup.com
node	4463156913	http://www.ferramentaceolin.it/
node	4761203899	http://www.scribanovini.it
node	4761216690	http://www.scribanovini.it
node	4830599100	http://www.casadellachiave.com
node	4861558196	http://www.casainternazionaledonnetrieste.org
node	4958779940	http://www.birraebasta.com
node	5057125710	http://www.allatessitura.it
node	5302200576	http://www.comune.maranolagunare.ud.it/index.php?id=14362
node	5338743521	www.dokdallava.com
node	6119132985	http://www.farmaciadare.it/
node	6119132990	http://www.farmaciatoso.it/index.asp
node	6242084249	http://lacoccinelladoro.com
node	6274097495	http://www.aldolcenero.it/
node	6274965083	https://www.ristorantecentopassi.it/
node	6496439185	https://www.altiglioveg.it
node	6606571085	https://www.gelateriamu.it/
node	6755953166	https://www.robertolandello.com/
node	7419700227	www.hdental.it
node	7419700231	www.doppiomalto.com
node	7579703094	https://www.mcps.it
node	8063664712	https://ww.maracaiba.it
node	8146209049	https://www.fincantieri.com/
node	8205693711	https://swamiviaggi.it
node	8612621257	https://www.lauraechristiangrado.it/
node	8676024168	http://www.crbcrismancich.it
node	8727725466	http://gmdimensione.com/
node	8999986747	https://www.giacominicalzature.it/
node	9083958871	https://m.facebook.com/pages/category/Pizza-place/Anema-e-Core-1168099166669757/
node	9271991153	www.gasjeans.com
node	9271991154	www.push96.com
node	9271991155	www.pompea.com
node	9271991157	www.salewa.it
node	9271991158	www.bialettistore.it
node	9271991159	www.alcott.it
node	9271991160	www.ixosofficial.com
node	9271991161	www.outly.it
node	9271991162	www.trussardi.com
node	9271991163	www.nanaitalianheart.com
node	9271991164	www.calvinklein.com
node	9271991166	www.gaudi.it
node	9271991167	www.angelico.it
node	9271991168	www.roncato.com
node	9271991170	www.amelie.it
node	9271991171	www.eu.tommy.com
node	9271991173	www.harmontblaine.com
node	9271991174	www.melluso.it
node	9271991176	www.coveri.com
node	9271991177	www.kappastore.com
node	9271991178	www.modusprofumerie.com/
node	9271991179	www.miriadespa.it
node	9271991180	www.facis1932.com/
node	9271991181	www.cmpsport.com
node	9271991183	www.kocca.it
node	9271991184	www.caleffionline.it
node	9271991185	www.puma.com
node	9271991186	www.fiorellarubino.com
node	9271991187	www.kikocosmetics.com
node	9271991188	www.nike.com
node	9271991189	www.diemmecaffe.com/
node	9271991190	www.yeszee.it
node	9271991192	www.excelsa.it
node	9271991194	www.cottonsilk.it
node	9271991195	www.benetton.com/Outlet‎
node	9271991196	www.foppapedretti.it
node	9271991197	www.hamericas.com/
node	9271991198	www.pupa.it
node	9271991199	www.freddy.com
node	9271991200	www.slam.com
node	9271991201	www.calzedonia.it
node	9271991202	www.guess.eu
node	9271991203	www.gap-italia.it/collection/kidsbaby
node	9271991204	www.gap.com
node	9271991205	www.gutteridge.com
node	9271991206	www.pollini.com
node	9271991207	www.lindt.it
node	9271991208	www.marinamilitare-sportswear.com
node	9271991209	www.liujouomo.it
node	9271991212	www.giuntialpunto.it
node	9271991213	www.sunglasshut.com
node	9271991214	www.camicissima.com
node	9271991215	www.lapiadineria.com
node	9271991216	www.desigual.com
node	9272018717	www.zuiki.it
node	9394844126	https://www.riservacornino.it/informazioni/
node	9676381670	https://www.coopcasarsa.it/punti-vendita/ruda/
node	9755091725	www.piquadro.com/it
node	9755091727	www.push96.com
node	9755091728	it.fracomina.com
node	9755200439	www.intimissimi.it
node	9755200440	www.flaviocastellani.it
node	9774219269	https://friuli.vimado.it/locali/ristoranti/grado-ri/hosteria-de-gustibus-grado/
node	9781065155	https://taxibar.wixsite.com/
node	9806926722	www.yamamay.com
node	9806926723	www.terranovastyle.com
node	9806926724	www.goldenpointonline.it
node	9806926727	www.kikocosmetics.com
node	9806926728	www.lapiadineria.com
node	9806926730	www.fiorellarubino.com
node	9806926731	www.giuntialpunto.it
node	9806926733	www.douglas.it
node	9806926734	www.salmoiraghievigano.it
node	9806926735	www.stroilioro.com
node	9806926738	www.hcparrucchierimilano.com
node	9806926739	www.zooplanet.it
node	9806926740	www.compagniadinavigazione.it
node	9807407364	https://www.taxplanningsacile.com/
node	9813792207	http://www.comunediruda.it/
node	9815419789	https://grado.it/it/scoprire-grado/informazioni-utili-e-servizi/uffici-del-turismo/
node	9871973604	https://www.museitarvisio.it/
node	9875378277	https://m.facebook.com/pages/category/Local-business/New-Dynamic-Center-172495654190/
node	9875378278	https://www.robintur.it/
node	9891988032	https://pizzeriadamariocodroipo.business.site/?utm_source=gmb&utm_medium=referral
node	9895913294	http://www.alexdepasetattoo.com/
node	9895913296	http://www.kinesisclub.com/beauty-spa/
node	9947501868	https://www.poste.it/
node	9950839252	https://www.divaniedivani.it/
node	9961101339	https://www.gallomobili.it/
node	9978846229	https://m.facebook.com/pages/category/Ice-Cream-Shop/Gelateria-Veneziana-674688362662345/
node	9978846234	https://nittagioielli.com/
node	9978846237	https://weekendshoponline.it/
node	9978846238	https://www.risskio.it/
node	9978846252	https://m.facebook.com/pages/category/Pizza-place/PeterPan-Lignano-854093714626539/
node	9978846256	https://firmania.it/lignano-sabbiadoro/escala-mode-2227273
node	9978846259	http://www.davidegioielleria.it/
node	9978846279	https://www.manulingerieemare.it/
node	9978846293	http://www.cafenoir.biz/
node	9978846299	http://www.agenziafargo.it/
node	9980899281	https://lignanosabbiadoro.it/it/strutture/200-sala-giochi-millefiori/
node	10000794001	https://www.agenzianadalini.it/
node	10000794127	https://www.marketluna.it/
node	10000794128	https://la-baja-del-mar-da-mirco-e-angela.business.site/#details
node	10001910060	https://acquapazzalignano.it/
node	10036312350	http://www.panificiogobattosnc.it/
node	10038162628	https://www.belanger.it/
node	10054725696	https://www.unicredit.it/
node	10059054007	https://colavetta.it/
node	10059054016	https://www.easy-phone.it/
node	10059740163	https://friulgourmet.business.site/?utm_source=gmb&utm_medium=referral#details
node	10060920089	https://www.emmegi-snc.it/
node	10066531935	https://rugiada-clothing-store.business.site/
node	10068116500	https://sportuno.business.site/
node	10068116502	https://www.onoranzefunebrifabello.com/
node	10068116503	https://parafarmacia-pesce.business.site/?utm_source=gmb&utm_medium=referral
node	10068588073	http://www.zeromiglia.it/
node	10089595529	https://appartamentiveronesi.com/
node	10089595534	http://www.casadimirea.com/it/grado/
node	10090064930	https://www.arredamentiantima3.com/
node	10101226455	https://www.turismofvg.it/
node	10101324603	https://www.autofficinafratellibandiera.it/
node	10111269999	https://newherashop.com/
node	10111293120	https://www.civibank.it/
node	10111296253	http://trattoriabrunomasaneta.it/
node	10111655670	https://www.ristoranteagliartisti.it/ostaria-de-mar-grado/
node	10111665423	https://www.gradus.it/
node	10133260018	https://www.garagestella.it/
node	10133864184	https://www.mariussicar.it/
node	10133864205	https://www.lineaflexmaterassi.com/
node	10133937125	https://www.isolaugusta.com/
node	10587615301	https://www.hotelcentrotrieste.it/
node	10587621614	https://www.regione.fvg.it/
node	10791024366	https://www.supermercativisotto.it/
node	10946235274	https://www.albarcollo.it/
node	11243083917	www.battistutta.it
node	11263359082	https://annavirgili.com/
node	11263359085	www.pinokkioshop.it
node	11263359086	www.bassettihomeinnovation.it
node	11263359087	www.oltre.com
node	11263359091	www.pinalli.it
node	11263359092	https://pepco.it/
node	11263359093	www.jdsports.it
node	11807614061	https://www.lodgeart.it/en-gb/veneta
node	11851439338	https://fratellilabufala.com/
node	11989104680	http://www.agriturismozaine.it/
node	12017287866	https://www.testedipietra.it/
node	12132375119	https://www.agriturismodagastone.it/
node	12132517851	https://ristorante-pizzerianordest.it/
node	12278203605	www.falegnameriazeta.it
node	12345779588	http://www.zahrebeer.com
node	12345779589	https://ziplinesauris.com
node	13165961685	https://www.alfred24.it
way	35945116	http://www.casaperaria.it
way	35946164	http://www.albergodiffusoilgrop.it/
way	35946195	http://www.sotlanapa.it/
way	35951571	http://www.comune.sauris.ud.it
way	35951613	http://www.morgenleit.com
way	35951735	http://www.riglarhaus.it
way	35985991	http://www.pakrhaizar-sauris.it
way	35987829	http://www.rifugiotitapiaz.it
way	36019438	http://www.sporthotelbellavista.com
way	36019489	http://www.dawit.it
way	36019584	http://www.hotelvalleverde.com
way	36019585	http://www.hotelvalleverde.com
way	36019596	http://www.hoteledelhof.com
way	36019609	http://rossi-elettronica.com/
way	36019614	http://ristoranteitaliatarvisio.it
way	36019657	http://www.tarvisiano.org/
way	36019739	https://www.hotelilcervo.com/
way	36019838	http://www.hotelspartiacque.com
way	36020006	http://www.zimmerkarkus.it
way	36020129	http://www.albergoalcacciatoretarvisio.191.it
way	36020162	http://www.albergotrieste.org
way	36020446	http://www.tarvisiobedandbreakfast.it
way	36020496	http://www.exposta.it
way	36020607	http://www.hotelrenzo.com
way	36020656	http://www.rifugio-kugy-valbruna.it
way	36020689	http://www.picchionero.it
way	36020746	http://www.hotelsaisera.com
way	36020754	http://valbrunainn.com
way	36021303	https://www.turismofvg.it/en/mountain365/rifugio-giacomo-di-brazza
way	36021507	http://www.albergo-edelweiss.com/
way	36039227	http://www.alciclista.it
way	36041076	https://www.aldi.it/it/trova-il-punto-vendita/aldi-udine/aldi-gemona.html
way	36051520	http://www.hotelcanin.it
way	36051533	http://www.hotelnevea.it
way	36051550	http://www.sporthotelforte.com
way	36053864	http://www.lagenzianella.eu
way	36053876	http://www.scuolascipiancavallo.it
way	36053885	http://www.sporthotelpiancavallo.it
way	36053915	http://www.hotelreginapiancavallo.it
way	36054041	http://www.antarespiancavallo.it
way	36091695	https://www.poste.it/
way	36194927	https://lefucine.com/
way	36263188	https://www.prixquality.com/
way	36301969	http://www.castfvg.it/
way	36306096	https://www.gruppotaboga.it/
way	36319114	https://icpalazzolo.edu.it/
way	36381986	https://www.icdestratorre.edu.it/sito/index.php/scuola/informazioni-generali/primaria-di-ruda
way	36382290	https://www.villaiachia.it/
way	36392489	https://rivapalace.it/
way	36392559	https://hoteleldorado.it/
way	36392568	http://www.hotelhelvetiagrado.it
way	36392613	https://www.hotelvillapatrizia.com/
way	36392932	https://www.hotelantaresgrado.it/
way	36393140	https://www.gradoriabilita.coop/
way	36393205	https://alpontildetripoli.eatbu.com/
way	36393468	https://www.hoteltanit.it/
way	36393803	https://www.spiaggiaairone.it/RISTORANTE.html
way	36420219	http://www.wolfsauris.it
way	36425741	https://www.galleriebennet.com/
way	36430062	https://www.caisanvito.it/palestra-home
way	36432434	https://www.consorzioagrariofvg.it/
way	36461668	https://m.facebook.com/pages/category/Local-business/Stabilimento-Laguna-Gradese-da-Cinzia-747686161910309/
way	36462160	https://www.gradoit.it/it/numero_uno
way	36658589	http://centrocommercialecervignano.com/
way	36659863	https://www.comunegrado.it/
way	36659928	http://www.hotelspartiacque.com
way	36660031	https://www.cervignanodelfriuli.net/
way	36660539	https://www.hotelitaliaweb.com/alla-basilica/
way	36684771	https://www.basilicadiaquileia.it/
way	36684772	https://www.basilicadiaquileia.it/
way	36688129	https://www.sangiustocaffe.com/
way	36688134	http://www.betonfer.com/
way	36689138	https://grado.it/it/cosa-fare/gastronomia/mercato-ittico/
way	36690154	https://www.novatiemio.com/
way	36693567	https://www.rivamondina.it
way	36696079	http://www.allegrafattoriaincarso.it/
way	36698675	https://m.facebook.com/OsPampasChurrascaria/
way	36699369	http://www.ostelloaquileia.it/
way	36702242	https://www.hotelsorayalignano.it/
way	36702253	https://www.bellaveneziamare.it/
way	36702475	https://m.facebook.com/bbqlignano/photos/a.637311366357965/1429891430433284/?type=3
way	36703641	http://www.greifhotel.it/
way	36704675	https://www.hotelhelvetialignano.com/
way	36705415	https://m.facebook.com/PuntaFaroBeach
way	36705850	https://www.albergobahia.it/
way	36706106	https://www.rossiniresort.com/
way	36706513	https://www.cavallinobianco.lignano.it/
way	36721838	https://www.bricoio.it/Custom/PuntoVendita.aspx?codiceNegozio=1299
way	36722241	http://www.vigilfuoco.it/
way	36722243	https://www.carabinieri.it/
way	45194107	https://www.fondazioneaquileia.it/it/cosa-vedere/porto-fluviale
way	48660487	https://www.turismofvg.it/en/mountain365/sella-nevea
way	70601088	https://www.palmanovavillage.it/
way	89650583	http://www.federicomarsich.com
way	136306693	https://www.lagunapalacehotel.it/?utm_source=gbp&utm_medium=organic
way	142730444	http://www.fabbromeccanicalussetti.com/
way	144788543	https://www.decathlon.it/
way	166163788	https://www.puntaspin.it/it/
way	180572509	www.dolomiticontemporanee.net
way	183435022	https://www.diamantcar.it
way	183435023	https://www.precisionmechanics.eu
way	185431525	http://www.alpstation.it
way	185431533	http://www.baldansport.com
way	185442930	https://www.hoteltarvisio.com/
way	185442935	http://www.labaitadeisapori.com
way	185442938	http://www.lussari.com/
way	185444989	http://www.hotelraibl.com/
way	185529139	http://www.hotelhaberl.com
way	185529146	http://www.hotelnevadatarvisio.com
way	185835372	http://www.bbartigrafiche.com
way	185835374	https://www.carpenteriabreg.com/
way	185835375	http://www.mingot.it
way	185835378	http://www.otaimpianti.it
way	185835380	http://www.sisli.it/
way	213211137	http://www.1301inn.it
way	254164767	http://www.alcentrobarsport.it
way	268426006	http://www.vecchiosauris.it
way	282144331	http://www.albergodiffusoilgrop.it/
way	291589892	https://www.aeo.it/punti-vendita/Friuli%20Venezia%20Giulia/supermercato-aeo-monfalcone
way	360694657	https://www.carabinieri.it/
way	367207078	https://www.losnidoslignano.it/
way	375049142	https://www.bellaitaliavillage.com/it/piscina-bella-italia.php
way	399742376	http://www.kanaeteam.it
way	461917015	https://www.decathlon.it/
way	593078460	http://www.kanaeteam.it
way	598796460	www.avwmj.it
way	619568102	https://costadelsolgrado.it/
way	620120268	https://www.spiaggiaairone.it/
way	620120269	https://m.facebook.com/pages/category/Local-business/Stabilimento-Laguna-Gradese-da-Cinzia-747686161910309/
way	620120270	https://www.spiaggiaairone.it/
way	620120271	https://www.spiagge.it/stabilimenti-balneari/17791-pineta-beach/?
way	788777874	https://www.tenutaprimero.com/it/
way	791727843	https://calaguna.it/
way	847115218	https://www.stabilimentoborabora.com/
way	906759812	https://www.eurospin.it/punti-vendita/fogliano-di-redipuglia/
way	920074035	https://www.clinicasantaeufemia.it/
way	960169472	https://www.carabinieri.it/
way	972133914	https://www.schoolvisor.it/it-it/scuola/48880/udine/scuola-infanzia-paritaria-m-andretta/scuola-infanzia-paritaria-m-andretta
way	980960006	https://www.soleislignano.com/
way	1084287322	https://lignanosabbiadoro.it/it/strutture/19-i-gommosi-lignano/
way	1085719202	https://www.doggybeachlignano.com/
way	1089586651	https://www.hotelalprater.it/
way	1090873490	https://www.ericahotel.it/
way	1095713429	https://www.stabilimentotivoli.com/
way	1095713430	https://www.keywestgrado.it/
way	1095713432	http://www.piperbeach.it/
way	1095713434	https://costazzurragrado.it/
way	1095872399	https://edicola-guarino.business.site/
way	1098330278	https://www.hoteltizianogrado.it/
way	1098330279	https://www.residenceormeggio.it/
way	1098330301	https://www.aparthotelmiramaregrado.com/
way	1098362127	http://www.lacroma.it/
way	1098486725	http://www.hotel-abbazia-grado.com/
way	1098609047	http://www.villagiuliagrado.it
way	1098646096	https://www.hcresortlignano.it/
way	1098682817	http://www.hotelvillavenezia.com/
way	1098792630	http://www.hoteltognongrado.it/
way	1099281829	www.meubletripoli.it
way	1099300086	https://www.iccasier.edu.it/organizzazione/plessi/primaria-alighieri
way	1099320323	https://www.ambriabella.it/
way	1099320331	https://www.gradohotelserena.it/
way	1099320332	https://www.serenellagrado.it/index.php/ct-menu1-item13
way	1099325108	https://www.meublealpontegrado.it/
way	1099782497	https://nodohotel.it/
way	1099808867	https://asufc.sanita.fvg.it/it/presidi-ospedalieri/ospedale_latisana_palmanova/
way	1104944147	http://www.hotelreginagrado.com/
way	1107452935	https://www.zanuttaspa.it/punti-vendita/muzzana-del-turgnano/
way	1107529112	https://www.baseibrewery.it/
way	1108278563	https://www.lagunafarosuites.com/
way	1110037198	https://www.parcotermalerivieraresort.it/
way	1112677487	https://lamovidadeipescatori.eatbu.com/
way	1133011585	https://www.620passi.com/
way	1209087989	https://lignanosabbiadoro.it/it/strutture/pineta-for-dogs/
way	1214969963	https://www.gradoit.it/it/scopri_le_terme_marine#
way	1289812698	https://grado.it/it/spiagge-e-terme-marine/spiaggia-principale-git-1/
way	1296953458	http://www.ausoniabeachlignano.com/
way	1296953463	https://www.lidodelsolelignano.it/start
way	1296953467	http://www.lidocity.com/ita/lidocity/
way	1321639825	https://www.aristonteatrogrado.com/
way	1375965658	https://www.hotelfriulicervignano.it/
relation	2574315	http://www.golfsenzaconfini.com
relation	4602471	http://www.promotur.org/tarvisio/scialpinismo-in-notturna
relation	4602473	https://www.turismofvg.it/montagna/infoneve?hub=tarvisio
relation	4651557	http://www.promotur.org/it/15497/Sci-alpinismo-in-notturna
relation	5547432	http://www.58motorsporting.com/tolmezzo/it/
relation	16158597	https://www.stabilimentoborabora.com/
relation	18011181	http://www.diocesigorizia.it/
relation	18148133	https://www.parcoprealpigiulie.it/
node	777152345	http://italia.indettaglio.it/ita/friuliveneziagiulia/udine_latisana_pertegada.html
node	1428296095	http://www.protezionecivile.fvg.it/it/rete-idrometeorologica/pciv-corno-di-rosazzo
node	1907489404	http://italia.indettaglio.it/ita/friuliveneziagiulia/udine_latisana_gorgo.html
node	2275825136	http://www.catastogrotte.fvg.it/3917
node	2739044697	https://coinatmradar.com/bitcoin_atm/111/bitcoin-atm-lamassu-udine-gavrilobtc-headquarters/
node	2975045849	https://cercalatuascuola.istruzione.it/cercalatuascuola/istituti/UDEE819039/luigi-bevilacqua-flaibano/
node	3876052146	http://italia.indettaglio.it/ita/friuliveneziagiulia/udine_latisana_bevazzana.html
node	6126324029	https://www.gianttrees.org/it/alberi-giganti/il-castagno-di-canalaz
node	7426750911	https://catastogrotte.regione.fvg.it/scheda/?var=cavita&cave=1671
node	7426947129	https://catastogrotte.regione.fvg.it/scheda/3982-Grotta_degli_Stavoli_Pra_di_Steppa
node	7427500705	https://catastogrotte.regione.fvg.it/scheda/1777-Risorgiva_del_Col_del_Sole
node	7427545326	https://catastogrotte.regione.fvg.it/scheda/6460-Grotta_1_sul_Torrente_Cisirili
node	7430503504	https://catastogrotte.regione.fvg.it/scheda/3878-Grotta_1_degli_Stalli_Grignes
node	7430567436	https://catastogrotte.regione.fvg.it/scheda/3813-Grotticella_Lungo_il_Rio_Sivil
node	7430607486	https://catastogrotte.regione.fvg.it/scheda/7529-Fessura_presso_Stavoli_Pra_di_Steppa
node	7430682999	https://catastogrotte.regione.fvg.it/scheda/1076-Grotta_Risorgiva_di_Star_Cedat
node	7430725716	https://catastogrotte.regione.fvg.it/scheda/1113-Grotta_del_Cane
node	7430753958	https://catastogrotte.regione.fvg.it/scheda/3537-Grotta_di_Montemaggiore
node	7430761110	https://catastogrotte.regione.fvg.it/scheda/1607-Grotta_presso_Casera_Glava
node	7430837928	https://catastogrotte.regione.fvg.it/scheda/3670-Grotta_sotto_la_Chiesa_di_S._Andrea
node	7430843170	https://catastogrotte.regione.fvg.it/scheda/893-Abisso_a_SW_del_Monte_Matajur
node	7430885994	https://catastogrotte.regione.fvg.it/scheda/6448-Grotta_dei_Volpacchiotti
node	7430964895	https://catastogrotte.regione.fvg.it/scheda/2127-Grotta_di_Cepletischis
node	7431041836	https://catastogrotte.regione.fvg.it/scheda/3895-Grotta_Egidio_Feruglio
node	7431070500	https://catastogrotte.regione.fvg.it/scheda/13-Grotta_Doviza
node	7431153067	https://catastogrotte.regione.fvg.it/scheda/7739-Grotta_Tirfor
node	7431167508	https://catastogrotte.regione.fvg.it/scheda/2125-Grotta_del_Partigiano
node	7434821625	https://catastogrotte.regione.fvg.it/scheda/3195-Grotta_di_Montefosca
node	7435001161	https://catastogrotte.regione.fvg.it/scheda/3880-Grotta_in_localit_Podlodinz
node	7435030839	https://catastogrotte.regione.fvg.it/scheda/257-Grotta_di_Crosis
node	7435073499	https://catastogrotte.regione.fvg.it/scheda/139-Grotta_di_Monteprato
node	7438690584	https://catastogrotte.regione.fvg.it/scheda/3415-Pozzo_1_in_localit_Pot_Lasa
node	7438767584	https://catastogrotte.regione.fvg.it/scheda/6301-Caverna_dellAcqua
node	7438833578	https://catastogrotte.regione.fvg.it/scheda/2935-Abisso_Carlo_Seppenhofer
node	7438849928	https://catastogrotte.regione.fvg.it/scheda/4766-Complesso_0104-0112
node	7438874767	https://catastogrotte.regione.fvg.it/scheda/4564-Abisso_P.L.C.C._0101
node	7438886614	https://catastogrotte.regione.fvg.it/scheda/4170-Abisso_a_W_del_Comici
node	7438887640	https://catastogrotte.regione.fvg.it/scheda/2009-Abisso_Emilio_Comici
node	7438981763	https://catastogrotte.regione.fvg.it/scheda/5911-Bus_de_Bunny
node	7446805543	https://catastogrotte.regione.fvg.it/scheda/5430-Grotta_a_N_del_Monte_Ursic
node	7565308093	http://www.ipac.regione.fvg.it/aspx/ViewProspIntermedia.aspx?idScheda=146&tsk=PG&tp=vRAP&idAmb=120&idsttem=6
node	7565342106	http://www.ipac.regione.fvg.it/aspx/ViewProspIntermedia.aspx?idScheda=211&tsk=PG&tp=vRAP&idAmb=120&idsttem=6
node	7589003699	http://www.ipac.regione.fvg.it/aspx/ViewProspIntermedia.aspx?idScheda=126&tsk=PG&tp=vRAP&idAmb=120&idsttem=6
node	7592111401	http://www.ipac.regione.fvg.it/aspx/ViewProspIntermedia.aspx?idScheda=64&tsk=PG
node	7611361549	http://www.ipac.regione.fvg.it/aspx/ViewProspIntermedia.aspx?idScheda=129&tsk=PG
node	7686952180	https://upload.wikimedia.org/wikipedia/commons/3/30/Crucis15.jpg
node	8665445448	https://antennistatrieste.com/
node	9916760727	http://italia.indettaglio.it/ita/friuliveneziagiulia/udine_lignanosabbiadoro_casabianca.html
node	9916760752	http://italia.indettaglio.it/ita/friuliveneziagiulia/udine_latisana_duranti.html
node	11037120820	http://www.ipac.regione.fvg.it/aspx/ViewProspIntermedia.aspx?idScheda=18&tsk=PG&tp=vRAP&idAmb=120&idsttem=6
way	25796421	http://www.ipac.regione.fvg.it/aspx/ViewProspIntermedia.aspx?idScheda=11&tsk=PG&tp=vRAP&idAmb=120&idsttem=6
way	26572774	http://www.ipac.regione.fvg.it/aspx/ViewProspIntermedia.aspx?idScheda=9&tsk=PG&tp=vRAP&idAmb=120&idsttem=6
way	26578892	http://www.ipac.regione.fvg.it/aspx/ViewProspIntermedia.aspx?idScheda=120&tsk=PG&tp=vRAP&idAmb=120&idsttem=6
way	28383639	http://www.ipac.regione.fvg.it/aspx/ViewProspIntermedia.aspx?idScheda=93&tsk=PG&tp=vRAP&idAmb=120&idsttem=6
way	36159706	https://organizzazione.cai.it/sez-val-natisone/baita-cai-val-natisone/
way	36435519	http://www.ipac.regione.fvg.it/aspx/ViewProspIntermedia.aspx?idScheda=133&tsk=PG&tp=vRAP&idAmb=120&idsttem=6
way	36684755	http://www.chieseitaliane.chiesacattolica.it/chieseitaliane/schedaca.jsp?sercd=68496
way	36684756	http://www.chieseitaliane.chiesacattolica.it/chieseitaliane/schedaca.jsp?sercd=84778
way	36684758	http://www.chieseitaliane.chiesacattolica.it/chieseitaliane/schedaca.jsp?sercd=68497
way	36686411	https://upload.wikimedia.org/wikipedia/commons/7/77/0682-_Remanzacco_-_Santo_Stefano.jpg
way	37943167	http://www.ipac.regione.fvg.it/aspx/ViewProspIntermedia.aspx?idScheda=176&tsk=PG&tp=vRAP&idAmb=120&idsttem=6
way	60904888	http://www.carsosegreto.it/2009/10/le-colonne-di-aurisina.html
way	60904918	http://www.carsosegreto.it/2009/10/le-colonne-di-aurisina.html
way	78074426	http://www.ipac.regione.fvg.it/aspx/ViewProspIntermedia.aspx?idScheda=193&tsk=PG
way	83509422	https://www.facebook.com/OASI-Felina-trieste-538073536217017/info/?tab=page_info
way	106864672	http://www.ipac.regione.fvg.it/aspx/ViewProspIntermedia.aspx?idScheda=223&tsk=PG&tp=vRAP&idAmb=120&idsttem=6
way	108588812	http://www.ipac.regione.fvg.it/aspx/ViewProspIntermedia.aspx?idScheda=56&tsk=PG
way	122375645	http://www.ipac.regione.fvg.it/aspx/ViewProspIntermedia.aspx?idScheda=36&tsk=PG&tp=vRAP&idAmb=120&idsttem=6
way	129123897	http://www.ipac.regione.fvg.it/aspx/ViewProspIntermedia.aspx?idScheda=4&tsk=PG&tp=vRAP&idAmb=120&idsttem=6
way	151721866	http://www.ipac.regione.fvg.it/aspx/ViewProspIntermedia.aspx?idScheda=98&tsk=PG
way	171140550	http://www.ipac.regione.fvg.it/aspx/ViewProspIntermedia.aspx?idScheda=119&tsk=PG&tp=vRAP&idAmb=120&idsttem=6
way	178464062	http://www.planes.cz/en/photo/1128528/se210-caravelle-6n-i-dabm-alitalia-aza-az-off-airport/
way	182325288	http://www.ipac.regione.fvg.it/aspx/ViewProspIntermedia.aspx?idScheda=110&tsk=PG&tp=vRAP&idAmb=120&idsttem=6
way	197764412	http://www.ipac.regione.fvg.it/aspx/ViewProspIntermedia.aspx?idScheda=13&tsk=PG&tp=vRAP&idAmb=120&idsttem=6
way	201673447	http://www.ipac.regione.fvg.it/aspx/ViewProspIntermedia.aspx?idScheda=180&tsk=PG
way	224645171	http://www.ipac.regione.fvg.it/aspx/ViewProspIntermedia.aspx?idScheda=141&tsk=PG
way	224835002	http://www.ipac.regione.fvg.it/aspx/ViewProspIntermedia.aspx?idScheda=47&tsk=PG
way	225268879	http://www.ipac.regione.fvg.it/aspx/ViewProspIntermedia.aspx?idScheda=103&tsk=PG
way	280292542	http://www.ipac.regione.fvg.it/aspx/ViewProspIntermedia.aspx?idScheda=33&tsk=PG
way	293599636	http://www.ipac.regione.fvg.it/aspx/ViewProspIntermedia.aspx?idScheda=31&tsk=PG&tp=vRAP&idAmb=120&idsttem=6
way	329817890	http://www.ipac.regione.fvg.it/aspx/ViewProspIntermedia.aspx?idScheda=15&tsk=PG&tp=vRAP&idAmb=120&idsttem=6
way	334290395	http://www.ipac.regione.fvg.it/aspx/ViewProspIntermedia.aspx?idScheda=218&tsk=PG&tp=vRAP&idAmb=120&idsttem=6
way	485178753	http://www.ipac.regione.fvg.it/aspx/ViewProspIntermedia.aspx?idScheda=231&tsk=PG&tp=vRAP&idAmb=120&idsttem=6
way	547715372	http://www.ipac.regione.fvg.it/aspx/ViewProspIntermedia.aspx?idScheda=112&tsk=PG&tp=vRAP&idAmb=120&idsttem=6
way	627568926	https://verdepubblico.comune.trieste.it/giardini-attrezzati/giardino-di-via-boccaccio/
way	661160027	http://www.ipac.regione.fvg.it/aspx/ViewProspIntermedia.aspx?idScheda=212&tsk=PG&tp=vRAP&idAmb=120&idsttem=6
way	683702843	http://www.ipac.regione.fvg.it/aspx/ViewProspIntermedia.aspx?idScheda=121&tsk=PG&tp=vRAP&idAmb=120&idsttem=6
way	743820501	http://www.ipac.regione.fvg.it/aspx/ViewProspIntermedia.aspx?idScheda=61&tsk=PG
way	808294818	http://www.ipac.regione.fvg.it/aspx/ViewProspIntermedia.aspx?idScheda=272&tsk=PG&tp=vRAP&idAmb=120&idsttem=6
way	808305706	http://www.ipac.regione.fvg.it/aspx/ViewProspIntermedia.aspx?idScheda=274&tsk=PG&tp=vRAP&idAmb=120&idsttem=6
way	808316116	http://www.ipac.regione.fvg.it/aspx/ViewProspIntermedia.aspx?idScheda=196&tsk=PG&tp=vRAP&idAmb=120&idsttem=6
way	808318036	http://www.ipac.regione.fvg.it/aspx/ViewProspIntermedia.aspx?idScheda=263&tsk=PG&tp=vRAP&idAmb=120&idsttem=6
way	808319513	http://www.ipac.regione.fvg.it/aspx/ViewProspIntermedia.aspx?idScheda=262&tsk=PG&tp=vRAP&idAmb=120&idsttem=6
way	808322493	http://www.ipac.regione.fvg.it/aspx/ViewProspIntermedia.aspx?idScheda=261&tsk=PG&tp=vRAP&idAmb=120&idsttem=6
way	808323450	http://www.ipac.regione.fvg.it/aspx/ViewProspIntermedia.aspx?idScheda=260&tsk=PG&tp=vRAP&idAmb=120&idsttem=6
way	808326397	http://www.ipac.regione.fvg.it/aspx/ViewProspIntermedia.aspx?idScheda=183&tsk=PG&tp=vRAP&idAmb=120&idsttem=6
way	808334910	http://www.ipac.regione.fvg.it/aspx/ViewProspIntermedia.aspx?idScheda=57&tsk=PG&tp=vRAP&idAmb=120&idsttem=6
way	808343280	http://www.ipac.regione.fvg.it/aspx/ViewProspIntermedia.aspx?idScheda=182&tsk=PG
way	808351589	http://www.ipac.regione.fvg.it/aspx/ViewProspIntermedia.aspx?idScheda=202&tsk=PG&tp=vRAP&idAmb=120&idsttem=6
way	808356128	http://www.ipac.regione.fvg.it/aspx/ViewProspIntermedia.aspx?idScheda=240&tsk=PG&tp=vRAP&idAmb=120&idsttem=6
way	808362038	http://www.ipac.regione.fvg.it/aspx/ViewProspIntermedia.aspx?idScheda=149&tsk=PG&tp=vRAP&idAmb=120&idsttem=6
way	808362885	http://www.ipac.regione.fvg.it/aspx/ViewProspIntermedia.aspx?idScheda=247&tsk=PG&tp=vRAP&idAmb=120&idsttem=6
way	808363968	http://www.ipac.regione.fvg.it/aspx/ViewProspIntermedia.aspx?idScheda=245&tsk=PG&tp=vRAP&idAmb=120&idsttem=6
way	808366735	http://www.ipac.regione.fvg.it/aspx/ViewProspIntermedia.aspx?idScheda=271&tsk=PG&tp=vRAP&idAmb=120&idsttem=6
way	808368035	http://www.ipac.regione.fvg.it/aspx/ViewProspIntermedia.aspx?idScheda=135&tsk=PG&tp=vRAP&idAmb=120&idsttem=6
way	808371595	http://www.ipac.regione.fvg.it/aspx/ViewProspIntermedia.aspx?idScheda=220&tsk=PG&tp=vRAP&idAmb=120&idsttem=6
way	809054079	http://www.ipac.regione.fvg.it/aspx/ViewProspIntermedia.aspx?idScheda=48&tsk=PG&tp=vRAP&idAmb=120&idsttem=6
way	809072049	http://www.ipac.regione.fvg.it/aspx/ViewProspIntermedia.aspx?idScheda=255&tsk=PG&tp=vRAP&idAmb=120&idsttem=6
way	809073238	http://www.ipac.regione.fvg.it/aspx/ViewProspIntermedia.aspx?idScheda=256&tsk=PG&tp=vRAP&idAmb=120&idsttem=6
way	809074163	http://www.ipac.regione.fvg.it/aspx/ViewProspIntermedia.aspx?idScheda=269&tsk=PG&tp=vRAP&idAmb=120&idsttem=6
way	809075093	http://www.ipac.regione.fvg.it/aspx/ViewProspIntermedia.aspx?idScheda=277&tsk=PG&tp=vRAP&idAmb=120&idsttem=6
way	809076822	http://www.ipac.regione.fvg.it/aspx/ViewProspIntermedia.aspx?idScheda=143&tsk=PG&tp=vRAP&idAmb=120&idsttem=6
way	809079941	http://www.ipac.regione.fvg.it/aspx/ViewProspIntermedia.aspx?idScheda=150&tsk=PG&tp=vRAP&idAmb=120&idsttem=6
way	809082537	http://www.ipac.regione.fvg.it/aspx/ViewProspIntermedia.aspx?idScheda=30&tsk=PG&tp=vRAP&idAmb=120&idsttem=6
way	809084698	http://www.ipac.regione.fvg.it/aspx/ViewProspIntermedia.aspx?idScheda=114&tsk=PG&tp=vRAP&idAmb=120&idsttem=6
way	810458194	http://www.ipac.regione.fvg.it/aspx/ViewProspIntermedia.aspx?idScheda=254&tsk=PG&tp=vRAP&idAmb=120&idsttem=6
way	810458643	http://www.ipac.regione.fvg.it/aspx/ViewProspIntermedia.aspx?idScheda=253&tsk=PG&tp=vRAP&idAmb=120&idsttem=6
way	812504786	http://www.ipac.regione.fvg.it/aspx/ViewProspIntermedia.aspx?idScheda=200&tsk=PG&tp=vRAP&idAmb=120&idsttem=6
way	812505339	http://www.ipac.regione.fvg.it/aspx/ViewProspIntermedia.aspx?idScheda=230&tsk=PG&tp=vRAP&idAmb=120&idsttem=6
way	812505916	http://www.ipac.regione.fvg.it/aspx/ViewProspIntermedia.aspx?idScheda=144&tsk=PG&tp=vRAP&idAmb=120&idsttem=6
way	812508488	http://www.ipac.regione.fvg.it/aspx/ViewProspIntermedia.aspx?idScheda=229&tsk=PG&tp=vRAP&idAmb=120&idsttem=6
way	812509529	http://www.ipac.regione.fvg.it/aspx/ViewProspIntermedia.aspx?idScheda=124&tsk=PG&tp=vRAP&idAmb=120&idsttem=6
way	812513534	http://www.ipac.regione.fvg.it/aspx/ViewProspIntermedia.aspx?idScheda=8&tsk=PG&tp=vRAP&idAmb=120&idsttem=6
way	812532174	http://www.ipac.regione.fvg.it/aspx/ViewProspIntermedia.aspx?idScheda=107&tsk=PG&tp=vRAP&idAmb=120&idsttem=6
way	812533147	http://www.ipac.regione.fvg.it/aspx/ViewProspIntermedia.aspx?idScheda=217&tsk=PG&tp=vRAP&idAmb=120&idsttem=6
way	812533764	http://www.ipac.regione.fvg.it/aspx/ViewProspIntermedia.aspx?idScheda=105&tsk=PG&tp=vRAP&idAmb=120&idsttem=6
way	812534602	http://www.ipac.regione.fvg.it/aspx/ViewProspIntermedia.aspx?idScheda=228&tsk=PG&tp=vRAP&idAmb=120&idsttem=6
way	812539901	http://www.ipac.regione.fvg.it/aspx/ViewProspIntermedia.aspx?idScheda=226&tsk=PG&tp=vRAP&idAmb=120&idsttem=6
way	812541480	http://www.ipac.regione.fvg.it/aspx/ViewProspIntermedia.aspx?idScheda=203&tsk=PG
way	812542063	http://www.ipac.regione.fvg.it/aspx/ViewProspIntermedia.aspx?idScheda=232&tsk=PG
way	812546440	http://www.ipac.regione.fvg.it/aspx/ViewProspIntermedia.aspx?idScheda=236&tsk=PG
way	812737376	http://www.ipac.regione.fvg.it/aspx/ViewProspIntermedia.aspx?idScheda=237&tsk=PG
way	812737636	http://www.ipac.regione.fvg.it/aspx/ViewProspIntermedia.aspx?idScheda=279&tsk=PG
way	812738380	http://www.ipac.regione.fvg.it/aspx/ViewProspIntermedia.aspx?idScheda=238&tsk=PG
way	812739187	http://www.ipac.regione.fvg.it/aspx/ViewProspIntermedia.aspx?idScheda=174&tsk=PG
way	812739843	http://www.ipac.regione.fvg.it/aspx/ViewProspIntermedia.aspx?idScheda=168&tsk=PG
way	812741349	http://www.ipac.regione.fvg.it/aspx/ViewProspIntermedia.aspx?idScheda=167&tsk=PG
way	812782071	http://www.ipac.regione.fvg.it/aspx/ViewProspIntermedia.aspx?idScheda=257&tsk=PG
way	812788980	http://www.ipac.regione.fvg.it/aspx/ViewProspIntermedia.aspx?idScheda=49&tsk=PG
way	812791735	http://www.ipac.regione.fvg.it/aspx/ViewProspIntermedia.aspx?idScheda=222&tsk=PG
way	812793091	http://www.ipac.regione.fvg.it/aspx/ViewProspIntermedia.aspx?idScheda=38&tsk=PG
way	812813550	http://www.ipac.regione.fvg.it/aspx/ViewProspIntermedia.aspx?idScheda=273&tsk=PG
way	812813886	http://www.ipac.regione.fvg.it/aspx/ViewProspIntermedia.aspx?idScheda=152&tsk=PG
way	812821808	http://www.ipac.regione.fvg.it/aspx/ViewProspIntermedia.aspx?idScheda=264&tsk=PG
way	812822549	http://www.ipac.regione.fvg.it/aspx/ViewProspIntermedia.aspx?idScheda=259&tsk=PG
way	812823820	http://www.ipac.regione.fvg.it/aspx/ViewProspIntermedia.aspx?idScheda=241&tsk=PG
way	812824441	http://www.ipac.regione.fvg.it/aspx/ViewProspIntermedia.aspx?idScheda=242&tsk=PG
way	812825489	http://www.ipac.regione.fvg.it/aspx/ViewProspIntermedia.aspx?idScheda=246&tsk=PG
way	812826906	http://www.ipac.regione.fvg.it/aspx/ViewProspIntermedia.aspx?idScheda=187&tsk=PG
way	812827730	http://www.ipac.regione.fvg.it/aspx/ViewProspIntermedia.aspx?idScheda=156&tsk=PG
way	812828473	http://www.ipac.regione.fvg.it/aspx/ViewProspIntermedia.aspx?idScheda=6&tsk=PG
way	812829700	http://www.ipac.regione.fvg.it/aspx/ViewProspIntermedia.aspx?idScheda=243&tsk=PG
way	812830083	http://www.ipac.regione.fvg.it/aspx/ViewProspIntermedia.aspx?idScheda=244&tsk=PG
way	814853467	http://www.ipac.regione.fvg.it/aspx/ViewProspIntermedia.aspx?idScheda=251&tsk=PG
way	814854504	http://www.ipac.regione.fvg.it/aspx/ViewProspIntermedia.aspx?idScheda=252&tsk=PG
way	814855855	http://www.ipac.regione.fvg.it/aspx/ViewProspIntermedia.aspx?idScheda=278&tsk=PG
way	814857139	http://www.ipac.regione.fvg.it/aspx/ViewProspIntermedia.aspx?idScheda=3&tsk=PG
way	814857481	http://www.ipac.regione.fvg.it/aspx/ViewProspIntermedia.aspx?idScheda=145&tsk=PG
way	814858350	http://www.ipac.regione.fvg.it/aspx/ViewProspIntermedia.aspx?idScheda=192&tsk=PG
way	815403173	http://www.ipac.regione.fvg.it/aspx/ViewProspIntermedia.aspx?idScheda=134&tsk=PG
way	815404707	http://www.ipac.regione.fvg.it/aspx/ViewProspIntermedia.aspx?idScheda=148&tsk=PG
way	815406826	http://www.ipac.regione.fvg.it/aspx/ViewProspIntermedia.aspx?idScheda=210&tsk=PG
way	815411810	http://www.ipac.regione.fvg.it/aspx/ViewProspIntermedia.aspx?idScheda=188&tsk=PG
way	824811060	http://www.ipac.regione.fvg.it/aspx/ViewProspIntermedia.aspx?idScheda=25&tsk=PG
way	824812249	http://www.ipac.regione.fvg.it/aspx/ViewProspIntermedia.aspx?idScheda=24&tsk=PG
way	824813563	http://www.ipac.regione.fvg.it/aspx/ViewProspIntermedia.aspx?idScheda=181&tsk=PG
way	824814218	http://www.ipac.regione.fvg.it/aspx/ViewProspIntermedia.aspx?idScheda=199&tsk=PG
way	1188622268	http://www.ipac.regione.fvg.it/aspx/ViewProspIntermedia.aspx?idScheda=22&tsk=PG&tp=vRAP&idAmb=120&idsttem=6
way	1303040648	https://moovitapp.com/index/it/mezzi_pubblici-line-440-Udine_e_Pordenone-2740-882741-25783718-1
relation	2660295	https://www.comunesanmichele.it/flex/cm/pages/ServeBLOB.php/L/IT/IDPagina/2476
relation	2697669	http://www.ipac.regione.fvg.it/aspx/ViewProspIntermedia.aspx?idScheda=194&tsk=PG&tp=vRAP&idAmb=120&idsttem=6
relation	2697670	http://www.ipac.regione.fvg.it/aspx/ViewProspIntermedia.aspx?idScheda=195&tsk=PG&tp=vRAP&idAmb=120&idsttem=6
relation	2833810	http://www.ipac.regione.fvg.it/aspx/ViewProspIntermedia.aspx?idScheda=224&tsk=PG&tp=vRAP&idAmb=120&idsttem=6
relation	3422250	http://www.ipac.regione.fvg.it/aspx/ViewProspIntermedia.aspx?idScheda=46&tsk=PG&tp=vRAP&idAmb=120&idsttem=6
relation	9458840	neveland.it
relation	12080364	http://www.ipac.regione.fvg.it/aspx/ViewProspIntermedia.aspx?idScheda=132&tsk=PG&tp=vRAP&idAmb=120&idsttem=6
relation	13921837	www.montanevie.it
relation	16284554	https://www.archeocartafvg.it/portfolio-articoli/verzegnis-ud-colle-mazeit-un-insediamento-pluristratificato/
relation	17051650	http://www.ipac.regione.fvg.it/aspx/ViewProspIntermedia.aspx?idScheda=158&tsk=PG&tp=vRAP&idAmb=120&idsttem=6
relation	17507786	http://www.ipac.regione.fvg.it/aspx/ViewProspIntermedia.aspx?idScheda=16&tsk=PG&tp=vRAP&idAmb=120&idsttem=6
relation	18074070	www.montanevie.it
