<meta http-equiv="content-type" content="text/html	-1		
<title>OSM3S Response</title>	-1		
charset=utf-8" lang="en"/>	-1		
<!DOCTYPE html PUBLIC "-//W3C//DTD XHTML 1.0 Strict//EN	-1		
</body>	-1		
</head>	-1		
</html>	-1		
<?xml version="1.0" encoding="UTF-8"?>	-1		
<body>	-1		
<head>	-1		
<html xmlns="http://www.w3.org/1999/xhtml" xml:lang="en" lang="en">	-1		
http://www.w3.org/TR/xhtml1/DTD/xhtml1-strict.dtd">	0	400	
<p><strong style="color:#FF0000">Error</strong>: runtime error: open64: 0 Success /osm3s_osm_base Dispatcher_Client::request_read_and_idx::timeout. The server is probably too busy to handle your request. </p>	-1		
<p>The data included in this document is from www.openstreetmap.org. The data is made available under ODbL.</p>	-1		
http://asigogna.com/	6		
http://icsmb.gov.it	6		
http://rifugiolacucciaimperia.blogspot.it/	0	302	http://rifugiolacucciaimperia.blogspot.com/
http://parconaturalealpiliguri.it	0	301	https://parconaturalealpiliguri.it/
http://campeggiotrigoso.it/	0	200	
http://suoreminime.it/	0	301	https://suoreminime.it/
http://www.autogrill.it/portal/public/default	0	301	https://www.autogrill.it/portal/public/default
http://www.bbgiutte.it	0	301	https://www.bbgiutte.it/
http://www.celtorretta.it/	0	301	https://www.celtorretta.it/
http://www.conad.it/conad/home/puntivendita/dettaglio.html?idPdv=370	0	301	https://www.conad.it/conad/home/puntivendita/dettaglio.html?idPdv=370
http://www.casadellarosa.it/	0	200	
http://www.campingfossalupara.it/	0	200	
http://www.creamcafe.altervista.org/index.html	6		
http://www.donmilanicolombo.it	6		
http://www.coopillaboratorio.com/il-formicaio/	0	301	https://www.coopillaboratorio.it/
http://www.ilcantinoneduepuntozero.it/	6		
http://www.collinatorre.it/it/home	0	200	
http://www.gelateriagaggero.it	0	301	https://www.gelateriagaggero.it/
http://www.ilcerchiodellerelazioni.it/centro-mascherona/	0	301	https://www.ilcerchiodellerelazioni.it/centro-mascherona/
http://www.ilcerchiodellerelazioni.it	0	301	https://www.ilcerchiodellerelazioni.it/
http://www.lemacinedelconfluente.com/	0	301	https://www.lemacinedelconfluente.com/
http://www.milleeunanotte.net/	0	301	https://www.milleeunanotte.net/
http://www.museodellacanzone.it/	0	200	
http://www.marinaportoantico.it/	0	301	https://marinaportoantico.it/
http://www.nauroz.com/	0	301	https://www.nauroz.com/
http://www.motonauticapagliettini.it	0	200	
http://www.palabeachvillage.it/	6		
http://www.musicforpeace.it	0	301	https://www.musicforpeace.it/
http://www.croceverdequarto.it	0	301	https://www.croceverdequarto.it/
http://www.officineiadr.com	0	200	
http://www.rivieratrasporti.it/	0	301	https://www.rivieratrasporti.it/
http://www.sushi-si.it/	6		
http://www.parcomarguareis.it/	0	301	https://www.parcomarguareis.it/
http://www.sonnodautore.it/	0	200	
http://www.ulivoeilmare.it	0	200	
http://www.vivisol.it/	0	301	https://www.vivisol.it:443/
http://www.piccolovallega.it/	0	301	https://piccolovallega.it/
http://www.villaggiointernazionale.blog/	0	200	
https://aromiconcentrati.it	0	200	
https://claspesto.com	0	200	
https://campingcostabella.it/	0	200	
https://colorificiogenova.it/	0	503	
https://campinglaghetti.it/	0	200	
https://elettrosecuritysrl.it/	0	200	
https://campingmaremonti.com/	0	200	
https://garagesanroccofirriolo.trovaweb.net/	60		
https://fablabimperia.org/	0	200	
https://immobiliaresegalerba.it/	0	200	
https://imperia.sebina.it/opac/.do	0	200	
https://gruppodomusre.it	0	200	
https://kokoart.it/	0	200	
https://costalunga.org/	0	200	
https://labaiadeigabbiani.it/	0	200	
https://negozi.libraccio.it/	0	200	
https://it.wikipedia.org/wiki/Batteria_di_Punta_Chiappa	0	200	
https://locandaupega.com/campeggio/	0	200	
https://pokesunrice.com/	0	200	
https://osteriadellacquasanta.com	0	200	
https://savona.ubiklibri.it/	0	301	https://www.ubiklibri.it/librerie/ubik-savona
https://portodiarenzano.it	0	301	https://www.portodiarenzano.it/
https://minervasoluzioni.it/	0	200	
https://shop.spesaespesa.com/shop/parafarmacia-santermete	0	200	
https://victoriagenoa.com/	0	200	
https://pizzeriasenese.it/	0	200	
https://www.adecco.it/trova-agenzie/imperia-imperia-adit_0160/	0	301	https://www.adecco.com/it-it/filiali/liguria/imperia/adecco
https://www.adm.gov.it/portale/dt-liguria-piemonte-valledaosta/-/adm/deleteCookies?p_auth=tReLpgtB	0	403	
https://www.abruzzese.it/	0	200	
https://www.alliancemedical.it/	0	200	
https://www.aikikai-imperia.it/	0	200	
https://www.ambulatoriocavallini.com/	0	200	
https://www.asl3.liguria.it/ospedali/gallino-pontedecimo.html	0	200	
https://www.asl3.liguria.it/ospedali/micone-sestri-ponente.html	0	200	
https://www.agenziacasavacanza.it	0	200	
https://www.autoscuolegruppozena.com/	0	301	https://autoscuolegruppozena.com/
https://www.bluebeachbungalows.com/	0	200	
https://www.booking.com/hotel/it/bungalow-camping-rivamare.it.html?aid=7974236	0	301	https://www.booking.com/hotel/it/bungalow-camping-rivamare.it.html
https://www.bestsushi.it/best-sushi-coming-soon-savona/	0	404	
https://www.bluvacanze.it	0	301	https://bluvacanze.it/
https://www.bper.it/scheda-filiale/-/filiale/liguria/imperia/agenzia-22068	0	200	
https://www.calunae.com	0	200	
https://www.campingbracchettovetta.com/	0	200	
https://www.caduchittu.com/	0	200	
https://www.campinglapergola.net/	0	200	
https://www.campeggiooasi.it/	0	200	
https://www.campingleo.it/	0	200	
https://www.campinglasfinge.com/	0	200	
https://www.campingpfirsich.it/	0	200	
https://www.cartieragrillo.net/	0	301	https://www.cartieragrillo.net/index.php/it/
https://www.campingrustia.it/	0	301	https://www.campingrustia.it/it/
https://www.centrolunasarzana.it/negozi/lavanderia-1h-clean/	0	403	
https://www.centrolunasarzana.it/negozi/percento/	0	403	
https://www.centrolunasarzana.it/negozi/mumble-mumble/	0	403	
https://www.cmpsport.com/it/	0	200	
https://www.cibiamo.it/	0	302	./site
https://www.comini.eu/borea/privati/showrooms/imperia-showroom	0	404	
https://www.comune.sanlorenzoalmare.im.it/Luoghi?ID=604	0	200	
https://www.danjohn.com	0	301	https://danjohn.com/
https://www.comune.sanlorenzoalmare.im.it/Luoghi?ID=657#Modalitaaccesso	0	200	
https://www.easydepot.it	0	301	https://easydepot.it/
https://www.dentalpro.it	0	200	
https://www.duerrecentromedico.it	0	200	
https://www.erbolario.com/	0	103	
https://www.equiparafarmacie.it/storelocator/store/index/source_code/parafarmacia_sarzana/	0	200	
https://www.essevuelettronica.it/	0	200	
https://www.fabianigioiellerie.com/	0	103	
https://www.eurospin.it/punti-vendita/diano-castello-via-diano-san-pietro/	0	200	
https://www.golfodellaluna.it	0	200	
https://www.grandvision.it/it-it/trova-negozi/negozio?storeNumber=K041	0	200	
https://www.gabetti.it/agenzia/imperia	0	200	
https://www.greenhouseanimali.it/	0	200	
https://www.gruppoge.it/sedi/toyota-genova-vendita-assistenza-service-toyota/	0	200	
https://www.campingcharly.it	28		
https://www.hotelbobby.it	0	200	
https://www.icboine-imperia.edu.it/luogo/scuola-primaria-a-magliano/	60		
https://www.icboine-imperia.edu.it/luogo/scuola-materna-borgo-prino	60		
https://www.icboine-imperia.edu.it/luogo/scuola-primaria-r-vercesi	60		
https://www.ilcashewficio.com/	0	103	
https://www.gter.it/	0	200	
https://www.ilfaggiocoop.it/struttura/residenza-protetta-rp-di-perinaldo/	0	200	
https://www.ilsognoimmobiliare.it	0	301	https://ilsognoimmobiliare.it/
https://www.lapietraelulivo-agricamping-pietraligure.com/	0	200	
https://www.ilnostrocaffeonline.it/	0	200	
https://www.imperiascacchi.it/	0	200	
https://www.lollihotel.it/	0	200	
https://www.maresport.it/maresport-porto-maurizio/	0	200	
https://www.miodottore.it/francesca-casazza/logopedista/genova	0	200	
https://www.mullerbordighera.it	0	200	
https://www.nidoscuolaumbertoemargherita.it/	0	200	
https://www.paginegialle.it/moneglia-ge/pizzerie/pizzeria-ciocco	0	403	
https://www.menoventi.it	0	200	
https://www.piandipicche.it/index.html	0	200	
https://www.museodellorologio.it	0	200	
https://www.oliorivieraligure.it/produttori/frantoio-ulivi-di-liguria/	0	200	
https://www.ristorantealcambio-spotorno.it	6		
https://www.pizzeriamennella.it/	0	200	
https://www.royalhotelsanremo.com/	0	200	
https://www.riccaeugenia.it/	0	200	
https://www.stellamarinasavona.it/	0	200	
https://www.rtimmobiliare.it	0	301	https://rtimmobiliare.it/
https://www.technipackgenova.com	0	200	
https://www.uildm.org/liguria	0	301	https://uildm.org/liguria
https://www.tigullio.com/	0	200	
https://www.spaziocucinearreda.com/	0	200	
https://www.tim.it/	0	200	
https://www.vitaecalicieforchette.it	60		
https://www.vacanzissima.net/	0	301	https://vacanzissima.net/
www.bbfiume.it	-1		
www.camoglicase.it	-1		
www.cascinastra.it/	-1		
www.cozzani.com	-1		
www.magnanoenergierinnovabili.com	-1		
www.possibile.com	-1		
www.soccorsocinofiloliguria.org	-1		
https://www.vigilanzalavigile.it/	0	200	
https://www.veladoc.it/	0	200	
https://www.zenamare.com	0	200	
