<?xml version="1.0" encoding="UTF-8"?>
<!DOCTYPE html PUBLIC "-//W3C//DTD XHTML 1.0 Strict//EN"
    "http://www.w3.org/TR/xhtml1/DTD/xhtml1-strict.dtd">
<html xmlns="http://www.w3.org/1999/xhtml" xml:lang="en" lang="en">
<head>
  <meta http-equiv="content-type" content="text/html; charset=utf-8" lang="en"/>
  <title>OSM3S Response</title>
</head>
<body>

<p>The data included in this document is from www.openstreetmap.org. The data is made available under ODbL.</p>
<p><strong style="color:#FF0000">Error</strong>: runtime error: open64: 0 Success /osm3s_osm_base Dispatcher_Client::request_read_and_idx::timeout. The server is probably too busy to handle your request. </p>

</body>
</html>
node	631496026	http://www.conad.it/conad/home/puntivendita/dettaglio.html?idPdv=370
node	942829865	http://www.autogrill.it/portal/public/default
node	1360305797	http://www.autogrill.it/portal/public/default
node	1362037562	http://www.autogrill.it/portal/public/default
node	1381845463	https://www.comune.sanlorenzoalmare.im.it/Luoghi?ID=657#Modalitaaccesso
node	1485111063	http://asigogna.com/
node	1485111077	https://www.ristorantealcambio-spotorno.it
node	1485111612	http://www.piccolovallega.it/
node	1635105435	http://www.creamcafe.altervista.org/index.html
node	1635105443	http://www.sushi-si.it/
node	1719117782	https://osteriadellacquasanta.com
node	1722582218	https://www.lollihotel.it/
node	1786610444	http://www.donmilanicolombo.it
node	1983698853	http://www.casadellarosa.it/
node	2028670112	http://www.marinaportoantico.it/
node	2153105424	https://www.ilcashewficio.com/
node	2153108578	https://colorificiogenova.it/
node	2270719790	http://www.gelateriagaggero.it
node	2358463346	https://imperia.sebina.it/opac/.do
node	2362332629	https://immobiliaresegalerba.it/
node	2453829134	http://www.sonnodautore.it/
node	2506405757	https://www.gter.it/
node	2734489377	http://www.vivisol.it/
node	2947470708	http://www.officineiadr.com
node	3060571109	https://www.aikikai-imperia.it/
node	3060630914	https://www.veladoc.it/
node	3067083562	http://rifugiolacucciaimperia.blogspot.it/
node	3423362280	https://savona.ubiklibri.it/
node	3591291003	http://icsmb.gov.it
node	3712360091	https://www.calunae.com
node	3745582710	http://www.lemacinedelconfluente.com/
node	3984220801	www.magnanoenergierinnovabili.com
node	4144013789	http://www.coopillaboratorio.com/il-formicaio/
node	4221401452	http://www.milleeunanotte.net/
node	4358577655	www.camoglicase.it
node	4442358037	http://www.museodellacanzone.it/
node	4467496585	www.possibile.com
node	4878856100	https://www.paginegialle.it/moneglia-ge/pizzerie/pizzeria-ciocco
node	4888387271	https://www.bper.it/scheda-filiale/-/filiale/liguria/imperia/agenzia-22068
node	5141426251	http://www.motonauticapagliettini.it
node	5146204592	http://www.ulivoeilmare.it
node	5154735413	http://www.nauroz.com/
node	5163804579	https://www.bestsushi.it/best-sushi-coming-soon-savona/
node	5347879759	http://www.croceverdequarto.it
node	5347905495	http://www.ilcerchiodellerelazioni.it
node	5347905496	http://www.ilcerchiodellerelazioni.it/centro-mascherona/
node	5677693820	https://www.pizzeriamennella.it/
node	5808940153	http://www.ilcantinoneduepuntozero.it/
node	7428452045	https://www.ilfaggiocoop.it/struttura/residenza-protetta-rp-di-perinaldo/
node	7440216536	https://www.centrolunasarzana.it/negozi/percento/
node	7440216537	https://www.cibiamo.it/
node	7489403938	https://victoriagenoa.com/
node	7772132384	https://shop.spesaespesa.com/shop/parafarmacia-santermete
node	8063924289	https://www.spaziocucinearreda.com/
node	8097477393	https://labaiadeigabbiani.it/
node	8285075495	https://www.ambulatoriocavallini.com/
node	8760584910	https://www.zenamare.com
node	9828595376	https://www.alliancemedical.it/
node	9845098881	https://pizzeriasenese.it/
node	9855217478	https://www.imperiascacchi.it/
node	10116440480	https://www.cmpsport.com/it/
node	10117209588	https://www.riccaeugenia.it/
node	10766471188	https://www.danjohn.com
node	11087523992	https://www.golfodellaluna.it
node	11299657682	https://www.autoscuolegruppozena.com/
node	11380379580	http://www.bbgiutte.it
node	11392242462	https://minervasoluzioni.it/
node	11397077627	www.cozzani.com
node	11518698596	https://www.greenhouseanimali.it/
node	11541016602	https://gruppodomusre.it
node	11622279157	https://www.gruppoge.it/sedi/toyota-genova-vendita-assistenza-service-toyota/
node	11640839202	https://www.vitaecalicieforchette.it
node	11670347899	http://www.collinatorre.it/it/home
node	11824958712	https://www.miodottore.it/francesca-casazza/logopedista/genova
node	11903583004	https://kokoart.it/
node	11903583009	https://elettrosecuritysrl.it/
node	11913296265	https://negozi.libraccio.it/
node	11954263979	https://www.ilsognoimmobiliare.it
node	11960108596	https://www.technipackgenova.com
node	11978319726	https://garagesanroccofirriolo.trovaweb.net/
node	12193025664	www.bbfiume.it
node	12222833048	https://fablabimperia.org/
node	12410170928	https://www.icboine-imperia.edu.it/luogo/scuola-primaria-a-magliano/
node	12456213408	https://www.easydepot.it
node	12458597998	https://aromiconcentrati.it
node	12463418378	https://www.nidoscuolaumbertoemargherita.it/
node	12543571522	https://www.rtimmobiliare.it
node	12543571523	http://suoreminime.it/
node	12547565703	https://www.ilnostrocaffeonline.it/
node	12649562775	https://www.gabetti.it/agenzia/imperia
node	12650817209	https://www.adm.gov.it/portale/dt-liguria-piemonte-valledaosta/-/adm/deleteCookies?p_auth=tReLpgtB
node	12652317392	https://www.uildm.org/liguria
node	12722635896	https://www.menoventi.it
node	12759776305	https://www.adecco.it/trova-agenzie/imperia-imperia-adit_0160/
node	12785575447	https://www.dentalpro.it
node	12785575448	https://www.centrolunasarzana.it/negozi/lavanderia-1h-clean/
node	12785575450	https://www.grandvision.it/it-it/trova-negozi/negozio?storeNumber=K041
node	12785575451	https://www.equiparafarmacie.it/storelocator/store/index/source_code/parafarmacia_sarzana/
node	12785575455	https://www.centrolunasarzana.it/negozi/mumble-mumble/
node	12785575462	https://www.bluvacanze.it
node	12785575463	https://www.tim.it/
node	12785575468	https://pokesunrice.com/
node	12785575475	https://www.fabianigioiellerie.com/
node	12785575476	https://www.abruzzese.it/
node	12785575477	https://www.erbolario.com/
node	12900434615	https://www.essevuelettronica.it/
node	12900434617	https://www.duerrecentromedico.it
node	13096908610	https://www.oliorivieraligure.it/produttori/frantoio-ulivi-di-liguria/
node	13136169465	https://www.comini.eu/borea/privati/showrooms/imperia-showroom
node	13198574112	https://www.vigilanzalavigile.it/
node	13340881986	https://www.maresport.it/maresport-porto-maurizio/
way	134211659	http://www.celtorretta.it/
way	158281161	https://www.asl3.liguria.it/ospedali/gallino-pontedecimo.html
way	178709006	https://www.campingleo.it/
way	200981533	https://www.hotelbobby.it
way	201206121	https://www.royalhotelsanremo.com/
way	202331656	https://www.museodellorologio.it
way	202465238	www.cascinastra.it/
way	202604851	http://www.palabeachvillage.it/
way	225228057	https://claspesto.com
way	225443643	http://www.rivieratrasporti.it/
way	225501972	https://www.comune.sanlorenzoalmare.im.it/Luoghi?ID=604
way	225515627	https://www.agenziacasavacanza.it
way	230769914	https://www.cartieragrillo.net/
way	235809148	https://www.campinglasfinge.com/
way	236840321	https://www.campingrustia.it/
way	259258749	https://costalunga.org/
way	324950042	https://www.tigullio.com/
way	332491572	https://www.caduchittu.com/
way	333063281	https://www.campeggiooasi.it/
way	342519271	https://www.campinglapergola.net/
way	345663486	https://locandaupega.com/campeggio/
way	351297030	https://www.campingbracchettovetta.com/
way	365091985	https://www.campingcharly.it
way	379055920	http://www.parcomarguareis.it/
way	437897161	https://www.booking.com/hotel/it/bungalow-camping-rivamare.it.html?aid=7974236
way	437899402	http://www.villaggiointernazionale.blog/
way	440329909	https://portodiarenzano.it
way	443614365	https://www.stellamarinasavona.it/
way	462540380	https://campinglaghetti.it/
way	481979099	https://it.wikipedia.org/wiki/Batteria_di_Punta_Chiappa
way	481979115	https://it.wikipedia.org/wiki/Batteria_di_Punta_Chiappa
way	708233827	www.soccorsocinofiloliguria.org
way	720218185	https://it.wikipedia.org/wiki/Batteria_di_Punta_Chiappa
way	720222996	https://it.wikipedia.org/wiki/Batteria_di_Punta_Chiappa
way	884126422	https://www.asl3.liguria.it/ospedali/micone-sestri-ponente.html
way	1162787487	https://www.piandipicche.it/index.html
way	1184828339	https://www.mullerbordighera.it
way	1250032123	https://www.bluebeachbungalows.com/
way	1303072433	http://www.musicforpeace.it
way	1306674193	https://campingmaremonti.com/
way	1306677627	http://campeggiotrigoso.it/
way	1341620816	https://www.icboine-imperia.edu.it/luogo/scuola-materna-borgo-prino
way	1341620817	https://www.icboine-imperia.edu.it/luogo/scuola-primaria-r-vercesi
way	1372102366	https://www.eurospin.it/punti-vendita/diano-castello-via-diano-san-pietro/
way	1382406917	https://www.campingpfirsich.it/
way	1413035046	http://www.campingfossalupara.it/
way	1426798893	https://www.lapietraelulivo-agricamping-pietraligure.com/
way	1456193698	https://www.vacanzissima.net/
way	1456206265	https://labaiadeigabbiani.it/
way	1457403896	https://campingcostabella.it/
relation	11734820	http://parconaturalealpiliguri.it
<?xml version="1.0" encoding="UTF-8"?>
<!DOCTYPE html PUBLIC "-//W3C//DTD XHTML 1.0 Strict//EN"
    "http://www.w3.org/TR/xhtml1/DTD/xhtml1-strict.dtd">
<html xmlns="http://www.w3.org/1999/xhtml" xml:lang="en" lang="en">
<head>
  <meta http-equiv="content-type" content="text/html; charset=utf-8" lang="en"/>
  <title>OSM3S Response</title>
</head>
<body>

<p>The data included in this document is from www.openstreetmap.org. The data is made available under ODbL.</p>
<p><strong style="color:#FF0000">Error</strong>: runtime error: open64: 0 Success /osm3s_osm_base Dispatcher_Client::request_read_and_idx::timeout. The server is probably too busy to handle your request. </p>

</body>
</html>
