<?xml version="1.0" encoding="UTF-8"?>
<!DOCTYPE html PUBLIC "-//W3C//DTD XHTML 1.0 Strict//EN"
    "http://www.w3.org/TR/xhtml1/DTD/xhtml1-strict.dtd">
<html xmlns="http://www.w3.org/1999/xhtml" xml:lang="en" lang="en">
<head>
  <meta http-equiv="content-type" content="text/html; charset=utf-8" lang="en"/>
  <title>OSM3S Response</title>
</head>
<body>

<p>The data included in this document is from www.openstreetmap.org. The data is made available under ODbL.</p>
<p><strong style="color:#FF0000">Error</strong>: runtime error: open64: 0 Success /osm3s_osm_base Dispatcher_Client::request_read_and_idx::timeout. The server is probably too busy to handle your request. </p>

</body>
</html>
<?xml version="1.0" encoding="UTF-8"?>
<!DOCTYPE html PUBLIC "-//W3C//DTD XHTML 1.0 Strict//EN"
    "http://www.w3.org/TR/xhtml1/DTD/xhtml1-strict.dtd">
<html xmlns="http://www.w3.org/1999/xhtml" xml:lang="en" lang="en">
<head>
  <meta http-equiv="content-type" content="text/html; charset=utf-8" lang="en"/>
  <title>OSM3S Response</title>
</head>
<body>

<p>The data included in this document is from www.openstreetmap.org. The data is made available under ODbL.</p>
<p><strong style="color:#FF0000">Error</strong>: runtime error: open64: 0 Success /osm3s_osm_base Dispatcher_Client::request_read_and_idx::timeout. The server is probably too busy to handle your request. </p>

</body>
</html>
node	62510124	http://italia.indettaglio.it/ita/lombardia/trezzone.html
node	62513742	http://italia.indettaglio.it/ita/lombardia/misinto.html
node	62514371	http://italia.indettaglio.it/ita/lombardia/zibidosangiacomo.html
node	62514689	https://www.giorgioweb.com/
node	62516825	http://italia.indettaglio.it/ita/lombardia/vigevano.html
node	207112590	http://pavia.autoguidovie.it
node	207112597	http://pavia.autoguidovie.it
node	207115317	http://pavia.autoguidovie.it
node	207115329	http://pavia.autoguidovie.it
node	310261225	http://italia.indettaglio.it/ita/lombardia/milano_bollate_castellazzo.html
node	313076788	http://italia.indettaglio.it/ita/lombardia/milano_senago_cascinatraversagna.html
node	313076790	http://italia.indettaglio.it/ita/lombardia/milano_cormano_mangiagalli.html
node	315550879	http://italia.indettaglio.it/ita/lombardia/monzaedellabrianza_limbiate_chaletdellaghetto.html
node	387727237	http://italia.indettaglio.it/ita/lombardia/milano_rescaldina_rescalda.html
node	391780391	https://moduliweb.enac.gov.it/Applicazioni/avioeli/Avio_04.asp?selaeroporto=219
node	539377551	https://anagrafe.iccu.sbn.it/isil/IT-MI0066
node	640411875	http://pavia.autoguidovie.it
node	640411898	http://pavia.autoguidovie.it
node	640428488	http://pavia.autoguidovie.it
node	640436819	http://pavia.autoguidovie.it
node	647099995	http://pavia.autoguidovie.it
node	660013769	http://pavia.autoguidovie.it
node	660013772	http://pavia.autoguidovie.it
node	660013773	http://pavia.autoguidovie.it
node	660013774	http://pavia.autoguidovie.it
node	661404754	http://italia.indettaglio.it/ita/lombardia/milano_cormano_molinazzo.html
node	679721233	http://pavia.autoguidovie.it
node	679721235	http://pavia.autoguidovie.it
node	679721236	http://pavia.autoguidovie.it
node	679850822	http://pavia.autoguidovie.it
node	679887624	http://pavia.autoguidovie.it
node	679887665	http://pavia.autoguidovie.it
node	681799338	http://pavia.autoguidovie.it
node	681799455	http://pavia.autoguidovie.it
node	681799471	http://pavia.autoguidovie.it
node	712337961	http://pavia.autoguidovie.it
node	712337965	http://pavia.autoguidovie.it
node	712337969	http://pavia.autoguidovie.it
node	712337973	http://pavia.autoguidovie.it
node	712337980	http://pavia.autoguidovie.it
node	712349684	http://pavia.autoguidovie.it
node	712349687	http://pavia.autoguidovie.it
node	712349690	http://pavia.autoguidovie.it
node	712394396	http://pavia.autoguidovie.it
node	712394402	http://pavia.autoguidovie.it
node	712394404	http://pavia.autoguidovie.it
node	712394406	http://pavia.autoguidovie.it
node	712423205	http://pavia.autoguidovie.it
node	712423210	http://pavia.autoguidovie.it
node	712460746	http://pavia.autoguidovie.it
node	712460752	http://pavia.autoguidovie.it
node	712460756	http://pavia.autoguidovie.it
node	712460759	http://pavia.autoguidovie.it
node	746564248	http://italia.indettaglio.it/ita/lombardia/milano_noviglio_tainate.html
node	752100982	http://italia.indettaglio.it/ita/lombardia/milano_zibidosangiacomo_moirago.html
node	760464881	http://pavia.autoguidovie.it
node	760464883	http://pavia.autoguidovie.it
node	768166567	https://commons.wikimedia.org/wiki/File:Segnavia_per_il_Rosalba_sul_sentiero_delle_Foppe.jpg
node	776212771	http://italia.indettaglio.it/ita/lombardia/milano_settimomilanese_vighignolo.html
node	835888683	http://www.garniriviera.it
node	835888831	http://www.garniriviera.it
node	847584336	https://www.comune.torrevecchiapia.pv.it/it-it/vivere-il-comune/cosa-vedere/cassinetta-33695-1-c0c04d2cae0d989aedaf207e45ba7363
node	847764459	http://italia.indettaglio.it/ita/lombardia/pavia_torrevecchiapia_cascinacolombara.html
node	902764653	http://italia.indettaglio.it/ita/lombardia/sondrio_novatemezzola_codera.html
node	994006624	http://italia.indettaglio.it/ita/lombardia/como_geralario_stallonevenini.html
node	1057869109	http://italia.indettaglio.it/ita/lombardia/sondrio_madesimo_montespluga.html
node	1062891979	http://italia.indettaglio.it/ita/lombardia/sondrio_madesimo_isola.html
node	1077443511	http://pavia.autoguidovie.it
node	1301164938	https://anagrafe.iccu.sbn.it/isil/IT-MI0105
node	1315131555	https://anagrafe.iccu.sbn.it/isil/IT-VA0095;http://www.comune.origgio.va.it/aree-tematiche/4/14/biblioteca-comunale
node	1341080870	http://italia.indettaglio.it/ita/lombardia/milano_cusago_monzoro.html
node	1364161547	http://italia.indettaglio.it/ita/lombardia/sondrio_gordona_bedolina.html
node	1573160969	https://anagrafe.iccu.sbn.it/isil/IT-CO0173
node	1617213381	https://www.lombardiabeniculturali.it/architetture/schede/CO260-00228
node	1701726357	http://pavia.autoguidovie.it
node	1708077126	https://anagrafe.iccu.sbn.it/isil/IT-MI0144
node	1730334613	http://pavia.autoguidovie.it
node	1730347228	http://pavia.autoguidovie.it
node	1730347230	http://pavia.autoguidovie.it
node	1730347233	http://pavia.autoguidovie.it
node	1730347239	http://pavia.autoguidovie.it
node	1730347240	http://pavia.autoguidovie.it
node	1730347244	http://pavia.autoguidovie.it
node	1730347246	http://pavia.autoguidovie.it
node	1730347249	http://pavia.autoguidovie.it
node	1730347256	http://pavia.autoguidovie.it
node	1730347257	http://pavia.autoguidovie.it
node	1730347258	http://pavia.autoguidovie.it
node	1730347260	http://pavia.autoguidovie.it
node	1730347264	http://pavia.autoguidovie.it
node	1730347272	http://pavia.autoguidovie.it
node	1730347274	http://pavia.autoguidovie.it
node	1730347275	http://pavia.autoguidovie.it
node	1730353003	http://pavia.autoguidovie.it
node	1730359898	http://pavia.autoguidovie.it
node	1730359905	http://pavia.autoguidovie.it
node	1730359911	http://pavia.autoguidovie.it
node	1730375137	http://pavia.autoguidovie.it
node	1730375139	http://pavia.autoguidovie.it
node	1730375140	http://pavia.autoguidovie.it
node	1730412521	http://pavia.autoguidovie.it
node	1730412522	http://pavia.autoguidovie.it
node	1730412525	http://pavia.autoguidovie.it
node	1730412526	http://pavia.autoguidovie.it
node	1730412527	http://pavia.autoguidovie.it
node	1732311592	http://pavia.autoguidovie.it
node	1732311597	http://pavia.autoguidovie.it
node	1732311601	http://pavia.autoguidovie.it
node	1732311611	http://pavia.autoguidovie.it
node	1732311613	http://pavia.autoguidovie.it
node	1732311616	http://pavia.autoguidovie.it
node	1732316862	http://pavia.autoguidovie.it
node	1732316864	http://pavia.autoguidovie.it
node	1732316865	http://lineservizi.it
node	1732316866	http://pavia.autoguidovie.it
node	1732316867	http://pavia.autoguidovie.it
node	1732316869	http://pavia.autoguidovie.it
node	1732316870	http://pavia.autoguidovie.it
node	1732323507	http://pavia.autoguidovie.it
node	1732323509	http://pavia.autoguidovie.it
node	1732323510	http://pavia.autoguidovie.it
node	1732323519	http://pavia.autoguidovie.it
node	1732323521	http://pavia.autoguidovie.it
node	1732323522	http://pavia.autoguidovie.it
node	1732323523	http://pavia.autoguidovie.it
node	1732323524	http://pavia.autoguidovie.it
node	1732323532	http://pavia.autoguidovie.it
node	1732323536	http://pavia.autoguidovie.it
node	1732323539	http://pavia.autoguidovie.it
node	1732323541	http://pavia.autoguidovie.it
node	1732332693	http://pavia.autoguidovie.it
node	1732332696	http://pavia.autoguidovie.it
node	1732332697	http://pavia.autoguidovie.it
node	1732332713	http://pavia.autoguidovie.it
node	1732332715	http://pavia.autoguidovie.it
node	1732332716	http://pavia.autoguidovie.it
node	1732332719	http://pavia.autoguidovie.it
node	1732332732	http://pavia.autoguidovie.it
node	1732332733	http://pavia.autoguidovie.it
node	1732332734	http://pavia.autoguidovie.it
node	1732332739	http://pavia.autoguidovie.it
node	1732351340	http://pavia.autoguidovie.it
node	1732351341	http://pavia.autoguidovie.it
node	1732351343	http://pavia.autoguidovie.it
node	1732351354	http://pavia.autoguidovie.it
node	1732351355	http://pavia.autoguidovie.it
node	1732351356	http://pavia.autoguidovie.it
node	1732351357	http://pavia.autoguidovie.it
node	1732351361	http://pavia.autoguidovie.it
node	1732351370	http://pavia.autoguidovie.it
node	1732351371	http://pavia.autoguidovie.it
node	1732351372	http://pavia.autoguidovie.it
node	1732351374	http://pavia.autoguidovie.it
node	1732351377	http://pavia.autoguidovie.it
node	1732351386	http://pavia.autoguidovie.it
node	1732351387	http://pavia.autoguidovie.it
node	1732351389	http://pavia.autoguidovie.it
node	1732351391	http://pavia.autoguidovie.it
node	1732351394	http://pavia.autoguidovie.it
node	1732351404	http://pavia.autoguidovie.it
node	1732351405	http://pavia.autoguidovie.it
node	1732351406	http://pavia.autoguidovie.it
node	1732351408	http://pavia.autoguidovie.it
node	1732351411	http://pavia.autoguidovie.it
node	1732351420	http://pavia.autoguidovie.it
node	1732351421	http://pavia.autoguidovie.it
node	1737101284	http://pavia.autoguidovie.it
node	1737101286	http://pavia.autoguidovie.it
node	1737101288	http://pavia.autoguidovie.it
node	1737101298	http://pavia.autoguidovie.it
node	1737101299	http://pavia.autoguidovie.it
node	1737186242	http://pavia.autoguidovie.it
node	1737186338	http://pavia.autoguidovie.it
node	1763400841	http://italia.indettaglio.it/ita/lombardia/sondrio_campodolcino_mottadisotto.html
node	1765382313	http://italia.indettaglio.it/ita/lombardia/sondrio_madesimo_pianazzo.html
node	1809268150	http://italia.indettaglio.it/ita/lombardia/milano_bollate_ospiate.html
node	1824312519	https://www.icpontesanpietro.edu.it/index.php/primaria/locate
node	1833045459	http://pavia.autoguidovie.it
node	1833045462	http://pavia.autoguidovie.it
node	1833045465	http://pavia.autoguidovie.it
node	1833045468	http://pavia.autoguidovie.it
node	1833045471	http://pavia.autoguidovie.it
node	1833045473	http://pavia.autoguidovie.it
node	1833045476	http://pavia.autoguidovie.it
node	1833045485	http://pavia.autoguidovie.it
node	1833045486	http://pavia.autoguidovie.it
node	1833045487	http://pavia.autoguidovie.it
node	1833045488	http://pavia.autoguidovie.it
node	1833049082	http://pavia.autoguidovie.it
node	1833049084	http://pavia.autoguidovie.it
node	1833054946	http://pavia.autoguidovie.it
node	1833054949	http://pavia.autoguidovie.it
node	1833054952	http://pavia.autoguidovie.it
node	1833054955	http://pavia.autoguidovie.it
node	1833054959	http://pavia.autoguidovie.it
node	1833054962	http://pavia.autoguidovie.it
node	1833054965	http://pavia.autoguidovie.it
node	1833056213	http://pavia.autoguidovie.it
node	1833056214	http://pavia.autoguidovie.it
node	1833061104	http://pavia.autoguidovie.it
node	1833061105	http://pavia.autoguidovie.it
node	1833061106	http://pavia.autoguidovie.it
node	1833061107	http://pavia.autoguidovie.it
node	1833061108	http://pavia.autoguidovie.it
node	1833061109	http://pavia.autoguidovie.it
node	1833061687	http://pavia.autoguidovie.it
node	1833061688	http://pavia.autoguidovie.it
node	1833065630	http://pavia.autoguidovie.it
node	1833065635	http://pavia.autoguidovie.it
node	1833065642	http://pavia.autoguidovie.it
node	1833065645	http://pavia.autoguidovie.it
node	1833065651	http://pavia.autoguidovie.it
node	1834197681	http://italia.indettaglio.it/ita/lombardia/milano_nerviano_santilariomilanese.html
node	1834197683	http://italia.indettaglio.it/ita/lombardia/milano_nerviano_villanova.html
node	1835754923	http://pavia.autoguidovie.it
node	1835760135	http://pavia.autoguidovie.it
node	1835760138	http://pavia.autoguidovie.it
node	1835760140	http://pavia.autoguidovie.it
node	1835765053	http://pavia.autoguidovie.it
node	1835765056	http://pavia.autoguidovie.it
node	1835765062	http://pavia.autoguidovie.it
node	1835773840	http://pavia.autoguidovie.it
node	1835773841	http://pavia.autoguidovie.it
node	1835773842	http://pavia.autoguidovie.it
node	1835773843	http://pavia.autoguidovie.it
node	1835773844	http://pavia.autoguidovie.it
node	1835798054	http://pavia.autoguidovie.it
node	1835798057	http://pavia.autoguidovie.it
node	1835798060	http://pavia.autoguidovie.it
node	1835798062	http://pavia.autoguidovie.it
node	1835798066	http://pavia.autoguidovie.it
node	1835798069	http://pavia.autoguidovie.it
node	1835798070	http://pavia.autoguidovie.it
node	1835798071	http://pavia.autoguidovie.it
node	1835798073	http://pavia.autoguidovie.it
node	1835805345	http://pavia.autoguidovie.it
node	1835805348	http://pavia.autoguidovie.it
node	1835830854	http://pavia.autoguidovie.it
node	1835832917	http://pavia.autoguidovie.it
node	1838176400	http://pavia.autoguidovie.it
node	1838176401	http://pavia.autoguidovie.it
node	1838176402	http://pavia.autoguidovie.it
node	1838176403	http://pavia.autoguidovie.it
node	1838183897	http://pavia.autoguidovie.it
node	1838183898	http://pavia.autoguidovie.it
node	1838183899	http://pavia.autoguidovie.it
node	1838183900	http://pavia.autoguidovie.it
node	1838188095	http://pavia.autoguidovie.it
node	1838188098	http://pavia.autoguidovie.it
node	1838194343	http://pavia.autoguidovie.it
node	1891901865	http://italia.indettaglio.it/ita/lombardia/sondrio_madesimo_rasdeglia.html
node	1901845028	http://www.pianetaluna.it/
node	1937335802	http://italia.indettaglio.it/ita/lombardia/sondrio_valdidentro_turripiano.html
node	2280558520	http://pavia.autoguidovie.it
node	2280558522	http://pavia.autoguidovie.it
node	2280558523	http://pavia.autoguidovie.it
node	2280558525	http://pavia.autoguidovie.it
node	2280558527	http://pavia.autoguidovie.it
node	2280578160	http://pavia.autoguidovie.it
node	2280578163	http://pavia.autoguidovie.it
node	2280578165	http://pavia.autoguidovie.it
node	2317505668	http://italia.indettaglio.it/ita/lombardia/varese_sommalombardo_casenuove.html
node	2380916747	www.jam-milano.it
node	2437089628	https://anagrafe.iccu.sbn.it/isil/IT-MI1008;http://www.comune.senago.mi.it/org-uffici/biblioteca;https://csbno.cosedafare.net/luoghi/luoghi-cultura/biblioteca/bics-biblioteca-italo-calvino-senago/1651
node	2460954609	http://italia.indettaglio.it/ita/lombardia/sondrio_sangiacomofilippo_olmo.html
node	2460980390	http://italia.indettaglio.it/ita/lombardia/sondrio_campodolcino_splughetta.html
node	2460980401	http://italia.indettaglio.it/ita/lombardia/sondrio_campodolcino_starleggia.html
node	2471937456	http://pavia.autoguidovie.it
node	2480565663	http://pavia.autoguidovie.it
node	2480565666	http://pavia.autoguidovie.it
node	2480565668	http://pavia.autoguidovie.it
node	2480565669	http://pavia.autoguidovie.it
node	2480565675	http://pavia.autoguidovie.it
node	2480565677	http://pavia.autoguidovie.it
node	2480565678	http://pavia.autoguidovie.it
node	2480587000	http://pavia.autoguidovie.it
node	2480587002	http://pavia.autoguidovie.it
node	2480587003	http://pavia.autoguidovie.it
node	2488855374	http://pavia.autoguidovie.it
node	2489418410	http://pavia.autoguidovie.it
node	2489418412	http://pavia.autoguidovie.it
node	2491444987	http://pavia.autoguidovie.it
node	2491444993	http://pavia.autoguidovie.it
node	2491444998	http://pavia.autoguidovie.it
node	2491445003	http://pavia.autoguidovie.it
node	2511907707	http://italia.indettaglio.it/ita/lombardia/sondrio_sangiacomofilippo_sommarovina.html
node	2521507909	http://italia.indettaglio.it/ita/lombardia/sondrio_madesimo_stuetta.html
node	2556374182	https://commons.wikimedia.org/wiki/File:Si_vede_dall%27autostrada_2.JPG
node	2569517231	http://pavia.autoguidovie.it
node	2569517232	http://pavia.autoguidovie.it
node	2569984092	http://pavia.autoguidovie.it
node	2569984098	http://pavia.autoguidovie.it
node	2569984103	http://pavia.autoguidovie.it
node	2570060935	http://pavia.autoguidovie.it
node	2570060936	http://pavia.autoguidovie.it
node	2570060937	http://pavia.autoguidovie.it
node	2629120894	http://italia.indettaglio.it/ita/lombardia/monzaedellabrianza_misinto_cascinanuova.html
node	2629157490	http://italia.indettaglio.it/ita/lombardia/monzaedellabrianza_varedo_valera.html
node	2649519635	http://italia.indettaglio.it/ita/lombardia/torrevecchiapia.html
node	2723842386	https://www.brianzacomascabiblioteche.it/index.php/erba
node	2759279541	http://www.ulm.it/hangar/campi/scheda1.htm?chiave=223
node	2763985025	http://37.207.194.154/ware/schedaigm95.php?id=3087
node	2829183069	http://italia.indettaglio.it/ita/lombardia/varese_origgio_cascinabroggio.html
node	2829183071	http://italia.indettaglio.it/ita/lombardia/varese_uboldo_cascinaregusella.html
node	2839648990	http://italia.indettaglio.it/ita/lombardia/sondrio_gordona_bodengo.html
node	2878048092	http://italia.indettaglio.it/ita/lombardia/milano_cisliano_scanna.html
node	2935130925	https://webopac.csbno.net/library/Cornaredo/
node	2939755982	https://anagrafe.iccu.sbn.it/isil/IT-MI0412;https://www.comune.rodano.mi.it/c015185/zf/index.php/servizi-aggiuntivi/index/index/idtesto/128
node	2941279697	http://www.cityplanner.it/natural_tree/zucche-magnolato/
node	2950525533	http://www.paesidivaltellina.it/civo/caspano.htm
node	2975386523	https://anagrafe.iccu.sbn.it/isil/IT-SO0037;http://www.comune.samolaco.so.it/c014057/zf/index.php/servizi-aggiuntivi/index/index/idtesto/10272
node	3063319600	http://www.valchiavenna.com/it/curiosita/Vho.html
node	3164405519	http://italia.indettaglio.it/ita/lombardia/sondrio_sangiacomofilippo_santantonioalbareda.html
node	3216443092	https://www.lombardiabeniculturali.it/architetture/schede/MI050-00272/
node	3216443095	http://italia.indettaglio.it/ita/lombardia/milano_rodano_millepini.html
node	3241351918	http://italia.indettaglio.it/ita/lombardia/como_cernobbio_piazzasantostefano.html
node	3421881048	http://italia.indettaglio.it/ita/lombardia/sondrio_villadichiavenna_canete.html
node	3421881049	http://italia.indettaglio.it/ita/lombardia/sondrio_villadichiavenna_chete.html
node	3421881050	http://italia.indettaglio.it/ita/lombardia/sondrio_villadichiavenna_sanbarnaba.html
node	3578177452	https://www.costieradeicech.com/poira
node	3578960497	http://www.facebook.com/BBmysweetMilan
node	3580707093	http://www2.arpalombardia.it/sites/QAria/_layouts/15/QAria/DettaglioStazione.aspx?IdStaz=505
node	3615510899	http://italia.indettaglio.it/ita/lombardia/milano_solaro_introini.html
node	3890491760	http://italia.indettaglio.it/ita/lombardia/sondrio_pratacamportaccio_sancassiano.html
node	3890491763	http://italia.indettaglio.it/ita/lombardia/sondrio_gordona_castanedi.html
node	3890509313	http://italia.indettaglio.it/ita/lombardia/sondrio_pratacamportaccio_porrettinaalta.html
node	3890509314	http://italia.indettaglio.it/ita/lombardia/sondrio_pratacamportaccio_porrettinabassa.html
node	3890556706	http://italia.indettaglio.it/ita/lombardia/sondrio_villadichiavenna_dogana.html
node	3890556707	http://italia.indettaglio.it/ita/lombardia/sondrio_villadichiavenna_giavera.html
node	3890570111	http://italia.indettaglio.it/ita/lombardia/sondrio_chiavenna_bette.html
node	3898559962	http://www.valbrembanaweb.org/varie/falesia.pdf
node	4128799426	https://www.valerafrazionediarese.it/
node	4185966757	http://italia.indettaglio.it/ita/lombardia/milano_zibidosangiacomo_sanpietrocusico.html
node	4192332448	http://italia.indettaglio.it/ita/lombardia/sondrio_valdidentro_pedenosso.html
node	4204882401	http://italia.indettaglio.it/ita/lombardia/milano_robecchettoconinduno_cascinainduno.html
node	4221451712	http://italia.indettaglio.it/ita/lombardia/monzaedellabrianza_limbiate_villaggiodeigiovi.html
node	4499975199	https://fareluogo.it/cascina-molino-dorino/
node	4561665578	http://italia.indettaglio.it/ita/lombardia/milano_gaggiano_bonirola.html
node	5148460669	http://italia.indettaglio.it/ita/lombardia/milano_cisliano_sanpietro.html
node	5202692129	https://fondoambiente.it/luoghi/alpe-pedroria-e-alpe-madrera
node	5236284880	https://anagrafe.iccu.sbn.it/isil/IT-MI0395
node	5330930768	http://pavia.autoguidovie.it
node	5330930769	http://pavia.autoguidovie.it
node	5330982464	http://pavia.autoguidovie.it
node	5349891010	http://italia.indettaglio.it/ita/lombardia/sondrio_madesimo_scalcoggia.html
node	5351790441	http://italia.indettaglio.it/ita/lombardia/sondrio_madesimo_mottaletta.html
node	5385706456	https://anagrafe.iccu.sbn.it/isil/IT-MI2002
node	5394550556	http://italia.indettaglio.it/ita/lombardia/sondrio_campodolcino_mottala.html
node	5763193507	http://www.centrometeolombardo.com/moduli/stazioni.php?vignate
node	5936257300	https://anagrafe.iccu.sbn.it/isil/IT-MI0966
node	5940885306	http://italia.indettaglio.it/ita/lombardia/milano_cisliano_bestazzo.html
node	6007038127	http://italia.indettaglio.it/ita/lombardia/sondrio_chiavenna_uschione.html
node	6228270979	http://pavia.autoguidovie.it
node	6235025716	http://pavia.autoguidovie.it
node	6235025717	http://pavia.autoguidovie.it
node	6235025718	http://pavia.autoguidovie.it
node	6235025719	http://pavia.autoguidovie.it
node	6235025720	http://pavia.autoguidovie.it
node	6235025721	http://pavia.autoguidovie.it
node	6235025722	http://pavia.autoguidovie.it
node	6236532945	https://coinatmradar.com/bitcoin_atm/3089/bitcoin-atm-general-bytes-milan-talent-garden-milano-calabiana/
node	6237771201	http://pavia.autoguidovie.it
node	6237771202	http://pavia.autoguidovie.it
node	6237771203	http://pavia.autoguidovie.it
node	6238043975	http://pavia.autoguidovie.it
node	6238043976	http://pavia.autoguidovie.it
node	6238043977	http://pavia.autoguidovie.it
node	6238043978	http://pavia.autoguidovie.it
node	6238214627	http://pavia.autoguidovie.it
node	6254230253	http://pavia.autoguidovie.it
node	6480623236	http://italia.indettaglio.it/ita/lombardia/sondrio_campodolcino_gualdera.html
node	6720821929	https://www.cascinachiarello.it/
node	6758860753	https://www.bormio.eu/wp-content/uploads/2019/03/apertura-forni-2019_-cartelloInfoUtili2019.pdf
node	6801505411	https://www.lombardiabeniculturali.it/opere-arte/schede/1v020-00020/
node	6801505499	https://www.lombardiabeniculturali.it/opere-arte/schede/1v020-00006/
node	6856733961	http://www.straginazifasciste.it/?page_id=38&id_strage=1670
node	7082018435	https://www.lombardiabeniculturali.it/opere-arte/schede/1v010-00100/
node	7082018445	https://www.lombardiabeniculturali.it/opere-arte/schede/1v020-00008/
node	7082018446	https://www.lombardiabeniculturali.it/opere-arte/schede/1v020-00009/
node	7082018448	https://www.lombardiabeniculturali.it/opere-arte/schede/1v020-00132/
node	7082018449	https://www.lombardiabeniculturali.it/opere-arte/schede/1v020-00131/
node	7082065051	https://www.lombardiabeniculturali.it/opere-arte/schede/1v020-00004/
node	7082065053	https://www.lombardiabeniculturali.it/opere-arte/schede/1v020-00003/
node	7082116553	https://www.lombardiabeniculturali.it/opere-arte/schede/1v020-00013/
node	7082116557	https://www.lombardiabeniculturali.it/opere-arte/schede/1v020-00018/
node	7082474965	https://www.lombardiabeniculturali.it/opere-arte/schede/1v020-00002/
node	7082474967	https://www.lombardiabeniculturali.it/opere-arte/schede/1v020-00017
node	7082474968	https://www.lombardiabeniculturali.it/opere-arte/schede/1v020-00019/
node	7082474971	https://www.lombardiabeniculturali.it/opere-arte/schede/1v010-00102/
node	7082524016	https://www.lombardiabeniculturali.it/opere-arte/schede/1v020-00016/
node	7082524019	https://www.lombardiabeniculturali.it/opere-arte/schede/1v020-00014
node	7083552223	https://www.lombardiabeniculturali.it/opere-arte/schede/1v010-00081/
node	7083552227	https://www.lombardiabeniculturali.it/opere-arte/schede/1v020-00001/
node	7083654640	https://www.lombardiabeniculturali.it/opere-arte/schede/1v020-00097
node	7083654642	https://www.lombardiabeniculturali.it/opere-arte/schede/1v020-00011/
node	7083654657	https://www.lombardiabeniculturali.it/opere-arte/schede/1v010-00037/
node	7083736719	https://www.lombardiabeniculturali.it/opere-arte/schede/1v020-00031/
node	7086314015	https://www.lombardiabeniculturali.it/opere-arte/schede/1v020-00007/
node	7086374706	https://www.lombardiabeniculturali.it/opere-arte/schede/1v020-00012/
node	7087941166	https://www.lombardiabeniculturali.it/opere-arte/schede/1v020-00140/
node	7087941167	https://www.lombardiabeniculturali.it/opere-arte/schede/1v020-00141/
node	7087941168	https://www.lombardiabeniculturali.it/opere-arte/schede/1v020-00142/
node	7087941169	https://www.lombardiabeniculturali.it/opere-arte/schede/1v020-00143/
node	7087941170	https://www.lombardiabeniculturali.it/opere-arte/schede/1v020-00144/
node	7087941171	https://www.lombardiabeniculturali.it/opere-arte/schede/1v020-00145/
node	7087941172	https://www.lombardiabeniculturali.it/opere-arte/schede/1v020-00146/
node	7087941173	https://www.lombardiabeniculturali.it/opere-arte/schede/1v020-00147/
node	7138867841	https://anagrafe.iccu.sbn.it/isil/IT-MI0452
node	7206271085	https://coinatmradar.com/bitcoin_atm/10875/bitcoin-atm-shitcoins-club-milan-punto-atm-bitcoin/
node	7855093853	http://www.labregaglia.ch/?p=35412
node	7865695866	https://www.milanocittastato.it/milano/il-monumento-piu-brutto-di-milano/;https://www.ilgiornale.it/news/scultura-danza-quartiere-fiera.html
node	8071117185	https://www.osavalmadrera.it/San-Tomaso.htm
node	8311272683	https://anagrafe.iccu.sbn.it/isil/IT-SO0011
node	8752733176	http://italia.indettaglio.it/ita/lombardia/milano_rho_cascinabruciata.html;https://www.lombardiabeniculturali.it/architetture/schede/MI100-06004/
node	8752733179	http://italia.indettaglio.it/ita/lombardia/milano_vanzago_valdarenne.html
node	8901389642	http://italia.indettaglio.it/ita/lombardia/milano_cusago_cascinacusagodisotto.html
node	8947406935	https://anagrafe.iccu.sbn.it/isil/IT-MI0382
node	8959477648	https://anagrafe.iccu.sbn.it/isil/IT-MI0853;https://www.comune.arese.mi.it/pubblicazioni/Informazioni/Informazioni.asp?ID_M=308&ID_MacroMenu=4
node	9128020222	http://italia.indettaglio.it/ita/lombardia/milano_senago_cascinasangiuseppe.html
node	9188515349	https://anagrafe.iccu.sbn.it/isil/IT-MI0007
node	9196488315	http://italia.indettaglio.it/ita/lombardia/sondrio_samolaco_pontenave.html
node	9210358130	https://commons.wikimedia.org/wiki/File:Segnavia_Alta_Via_delle_Grigne_presso_rifugio_Rosalba.jpg
node	9221225039	https://anagrafe.iccu.sbn.it/isil/IT-MI0979
node	9228594858	http://italia.indettaglio.it/ita/lombardia/milano_garbagnatemilanese_villaggiogarbagnate.html
node	9240355493	http://italia.indettaglio.it/ita/lombardia/milano_senago_cascinabrodolini.html
node	9241218970	https://www.wunderground.com/dashboard/pws/IARESE7
node	9250989094	https://www.lombardiabeniculturali.it/architetture/schede/MI100-01097/
node	9303564360	http://www.solosagre.it/evento/?id=18248
node	9312339938	https://anagrafe.iccu.sbn.it/isil/IT-SO0053;http://www.comune.villadichiavenna.so.it/c014077/zf/index.php/servizi-aggiuntivi/index/index/idtesto/20001
node	9312356182	https://anagrafe.iccu.sbn.it/isil/IT-SO0009;http://www.comune.campodolcino.so.it/c014012/zf/index.php/servizi-aggiuntivi/index/index/idtesto/25
node	9312362743	https://anagrafe.iccu.sbn.it/isil/IT-SO0024
node	9312662251	https://anagrafe.iccu.sbn.it/isil/IT-SO0027
node	9312662252	https://anagrafe.iccu.sbn.it/isil/IT-SO0036
node	9312662253	https://anagrafe.iccu.sbn.it/isil/IT-SO0052
node	9312662256	https://anagrafe.iccu.sbn.it/isil/IT-SO0029
node	9312662287	https://anagrafe.iccu.sbn.it/isil/IT-SO0060;https://www.comune.gordona.so.it/c014032/zf/index.php/servizi-aggiuntivi/index/index/idtesto/20012
node	9330426073	https://www.falesia.it/it/crag/303/Sasso-del-Drago.html
node	9347169048	https://sites.google.com/oratorigarbagnate.com/home/chi-siamo
node	9347169071	https://sites.google.com/oratorigarbagnate.com/home/chi-siamo
node	9403177194	http://pavia.autoguidovie.it
node	9403177195	http://pavia.autoguidovie.it
node	9403177196	http://pavia.autoguidovie.it
node	9403177197	http://pavia.autoguidovie.it
node	9409818142	https://www.pietredellamemoria.it/pietre/monumento-al-moro/
node	9409818143	https://www.pietredellamemoria.it/pietre/lastra-commemorativa-della-liberazione-di-sondrio/
node	9409818144	https://www.pietredellamemoria.it/pietre/lastra-in-memoria-della-prima-guerra-mondiale-sondrio/
node	9409824756	https://www.pietredellamemoria.it/pietre/lastra-commemorativa-ai-partigiani-di-sondrio/
node	9419431244	http://italia.indettaglio.it/ita/lombardia/sondrio_villadichiavenna_piandellaca.html
node	9420724833	http://pavia.autoguidovie.it
node	9429027372	http://www.campingacquafraggia.com/acquafraggia.htm
node	9439921509	https://bandhi.it/bah/wp_theatre_season/cincitta/
node	9448419667	http://italia.indettaglio.it/ita/lombardia/monzaedellabrianza_limbiate_fornacedellacroce.html
node	9448689928	http://italia.indettaglio.it/ita/lombardia/sondrio_sangiacomofilippo_vho.html
node	9477514355	http://www.valchiavenna.com/it/shopping/Macelleria-Del-Curto.html
node	9514259056	https://www.indicepa.gov.it/ipa-portale/consultazione/indirizzo-sede/ricerca-ente/elenco-unita-organizzative/53J7C3/uo/scheda-area-organizzativa-omogenea/A858775
node	9530638614	https://booking.aerogravity.it/
node	9536950974	http://italia.indettaglio.it/ita/lombardia/milano_pregnanamilanese_serbelloni.html
node	9540314012	https://anagrafe.iccu.sbn.it/isil/IT-MI1023;https://comune.settimomilanese.mi.it/vivere-la-citta/biblioteca-comunale-carlo-caronni/
node	9590257119	https://www.lombardiabeniculturali.it/architetture/schede/MI100-06052/
node	9607499166	http://www.chieseitaliane.chiesacattolica.it/chieseitaliane/AccessoEsterno.do?mode=ParrocchieMAP&idSessioneEsterna=112233445566778899&sercd=15526
node	9612642764	http://italia.indettaglio.it/ita/lombardia/milano_rho_cascinaghisolfa.html
node	9633009455	https://anagrafe.iccu.sbn.it/isil/IT-MI0400
node	9635037341	http://larioclimb.paolo-sonja.net/falesie_lecco/varenna/index.html
node	9644983790	https://www.lombardiabeniculturali.it/architetture/schede/MI100-03433/
node	9645562907	http://italia.indettaglio.it/ita/lombardia/varese_origgio_villaregina.html
node	9645571373	http://italia.indettaglio.it/ita/lombardia/varese_saronno_campodeifiori.html
node	9646020146	http://italia.indettaglio.it/ita/lombardia/milano_pregnanamilanese_cascinafabriziana.html
node	9646526854	http://italia.indettaglio.it/ita/lombardia/milano_pregnanamilanese_santelenacecchetti.html
node	9649517516	https://anagrafe.iccu.sbn.it/isil/IT-MI0925
node	9649698820	http://italia.indettaglio.it/ita/lombardia/milano_pioltello_rugacesio.html
node	9883692873	https://www.lombardiabeniculturali.it/architetture/schede/MI100-07920/
node	9892435243	https://www.lmblog.it/2016/03/cascina-panigadi/;https://www.lombardiabeniculturali.it/architetture/schede/MI100-03434/
node	9892435267	https://www.lombardiabeniculturali.it/architetture/schede/MI100-03069/
node	9892435686	https://www.lombardiabeniculturali.it/architetture/schede/MI100-03070/
node	9893364611	http://italia.indettaglio.it/ita/lombardia/milano_bollate_viatrento.html
node	9895387065	https://www.lombardiabeniculturali.it/architetture/schede/MI100-07269/
node	9927758840	https://anagrafe.iccu.sbn.it/isil/IT-MI0409
node	9947197010	http://italia.indettaglio.it/ita/lombardia/sondrio_sangiacomofilippo_mottasanguglielmo.html
node	9994885959	https://www.saronnonews.it/2021/05/11/saronno-la-societa-storica-saronnese-restaurera-la-targa-commemorativa-dedicata-a-giacomo-matteotti/
node	10010161408	http://www.lombardiabeniculturali.it/architetture/schede/MI100-07268/
node	10272244937	https://www.lombardiabeniculturali.it/opere-arte/schede/1v020-00005/
node	10802392404	https://www.malpensa24.it/panorama-marchirolo-artista-chiesa-san-paolo/
node	10893684677	https://www.fondazionearnaldopomodoro.it/fap_collection/pomodoro-arnaldo-lancia-di-luce-ii-1985/
node	11234058186	https://www.facebook.com/locandabepa/
node	11234058187	https://www.facebook.com/locandabepa/
node	11767283801	https://www.mudec.it/events/mosaico-rosa-genoni/
node	11925744888	https://coinatmradar.com/bitcoin_atm/19383/bitcoin-atm-shitcoins-club-brescia-shitcoinsclub/
node	11985853250	https://www.promontevecchia.it/index.php/conosci-montevecchia/frazioni/frazione-campe/
node	11987096127	https://www.promontevecchia.it/index.php/conosci-montevecchia/frazioni/frazione-passonino/
node	12255821505	https://www.campioneunivela.it/de/trips/climbing/
node	12255856564	https://www.campioneunivela.it/trips/hiking/ferrata-di-campione-del-garda/
node	12788253413	https://sketchfab.com/models/b99eb9095a364a729ad321ebd4bd2bc0/embed?autospin=0.2&autostart=1
node	12895555795	http://www.enciclopediabresciana.it/enciclopedia/index.php?title=PIANA_Giuseppe
node	13190339876	https://anagrafe.iccu.sbn.it/isil/IT-MI0998
way	26397803	http://www.chieseitaliane.chiesacattolica.it/chieseitaliane/schedaca.jsp?sercd=14576
way	27677499	http://www.chieseitaliane.chiesacattolica.it/chieseitaliane/schedaca.jsp?sercd=13495
way	31010964	http://www.chieseitaliane.chiesacattolica.it/chieseitaliane/schedaca.jsp?sercd=14577
way	36712533	https://digilander.libero.it/tony_web/tony_web/pesca/redecesio/redecesio.htm
way	44200341	http://www.ortodossa-ambrogio.org/
way	49947480	http://www.chieseitaliane.chiesacattolica.it/chieseitaliane/schedaca.jsp?sercd=14609
way	50058160	http://www.chieseitaliane.chiesacattolica.it/chieseitaliane/schedaca.jsp?sercd=14364
way	51353025	http://www.chieseitaliane.chiesacattolica.it/chieseitaliane/schedaca.jsp?sercd=14571
way	56032266	https://comune.limbiate.mb.it/aree-tematiche/cimiteri/
way	72457550	http://www.chieseitaliane.chiesacattolica.it/chieseitaliane/schedaca.jsp?sercd=15161
way	82330246	https://www.outdooractive.com/de/bewirtschaftete-huette/como/rifugio-mottafoiada/1284217
way	84580096	https://fondoambiente.it/luoghi/la-bigatti-villino-storico-comunale
way	86768894	https://www.antigone.it/osservatorio_detenzione/lombardia/11-seconda-casa-di-reclusione-milano-bollate
way	88683403	http://www.chieseitaliane.chiesacattolica.it/chieseitaliane/schedaca.jsp?sercd=14466
way	90274031	http://www.hotelquarcino.it/
way	93933682	http://www.chieseitaliane.chiesacattolica.it/chieseitaliane/schedaca.jsp?sercd=13937
way	119616181	http://www.sunnyvalleyresort.it/
way	124106589	http://www.chieseitaliane.chiesacattolica.it/chieseitaliane/schedaca.jsp?sercd=13496
way	124113864	http://www.chieseitaliane.chiesacattolica.it/chieseitaliane/schedaca.jsp?sercd=13402
way	124266885	http://www.chieseitaliane.chiesacattolica.it/chieseitaliane/schedaca.jsp?sercd=13493
way	124355548	http://www.chieseitaliane.chiesacattolica.it/chieseitaliane/schedaca.jsp?sercd=13494
way	126302763	https://www.facebook.com/Vivione1830/
way	135440487	http://www.chieseitaliane.chiesacattolica.it/chieseitaliane/schedaca.jsp?sercd=14051
way	135456571	http://www.chieseitaliane.chiesacattolica.it/chieseitaliane/schedaca.jsp?sercd=14053
way	136127875	https://www.lombardiabeniculturali.it/architetture/schede/MI100-03100/
way	136488248	https://www.lombardiabeniculturali.it/architetture/schede/MI100-03099/
way	136718528	http://www.chieseitaliane.chiesacattolica.it/chieseitaliane/schedaca.jsp?sercd=13938;http://www.lombardiabeniculturali.it/architetture/schede/MI100-02624/
way	136721174	http://www.chieseitaliane.chiesacattolica.it/chieseitaliane/schedaca.jsp?sercd=14052;https://comune.garbagnate-milanese.mi.it/vivere-la-citta/beni-artistici-e-monumentali/chiesa-parrocchiale-santa-maria-rossa-e-siolo/
way	142690993	http://www.chieseitaliane.chiesacattolica.it/chieseitaliane/schedaca.jsp?sercd=14737
way	144727537	https://lombardiarchivi.servizirl.it/fonds/75489/units/989225
way	151079385	https://fondoambiente.it/luoghi/villa-eigenmann
way	151711050	http://www.paesidivaltellina.it/rifugioilbiondo/
way	153195240	http://www.pelucco.it/cartelle/citta/origgio/origgio_castelloBorromeo.htm
way	157168407	http://www.aeroclubmilano.it/
way	171494992	http://www.chieseitaliane.chiesacattolica.it/chieseitaliane/schedaca.jsp?sercd=31771
way	171495218	http://www.chieseitaliane.chiesacattolica.it/chieseitaliane/schedaca.jsp?sercd=31773
way	173299065	http://www.chieseitaliane.chiesacattolica.it/chieseitaliane/schedaca.jsp?sercd=15047
way	173780736	https://molgroupitaly.it/it/mol-group-italy/mol-group-italy-chi-siamo/ies-italiana-energia-e-servizi
way	173780737	https://www.versalis.eni.com
way	174322188	https://www.rifugi.lombardia.it/lecco/lecco/rifugio-camposecco.html
way	178834499	http://www.caivallespluga.it/bivacco-suretta/
way	187933846	https://www.ilgiorno.it/rho/cronaca/garbagnate-bariana-proteste-1.3644813;
way	198691186	https://lombardiarchivi.servizirl.it/fonds/75488/units/989214
way	208398713	https://fondoambiente.it/luoghi/palazzo-foico
way	209078537	https://lombardiarchivi.servizirl.it/fonds/75489/units/989219
way	210982569	http://www.chieseitaliane.chiesacattolica.it/chieseitaliane/schedaca.jsp?sercd=15232
way	215602809	http://www.valchiavenna.com/it/cultura/Santuario-della-Madonna-di-Loreto.html
way	219651026	http://www.chieseitaliane.chiesacattolica.it/chieseitaliane/schedaca.jsp?sercd=13391
way	221842542	http://www.chieseitaliane.chiesacattolica.it/chieseitaliane/schedaca.jsp?sercd=13897
way	224728238	https://www.lombardiabeniculturali.it/architetture/schede/CO250-00615/
way	224728241	https://www.lombardiabeniculturali.it/architetture/schede/CO250-00616/
way	225592154	http://www.caocomo.it/ferr_1.html
way	228112238	http://www.chieseitaliane.chiesacattolica.it/chieseitaliane/schedaca.jsp?sercd=14180
way	228676121	http://www.ballabioweb.org/db_notizie/leggi_news.asp?ID_notizia=2002
way	230998500	https://anagrafe.iccu.sbn.it/isil/IT-MI0482
way	233006081	http://www.chieseitaliane.chiesacattolica.it/chieseitaliane/schedaca.jsp?sercd=14930;http://www.lombardiabeniculturali.it/architetture/schede/MI100-05167/
way	233446462	https://sites.google.com/oratorigarbagnate.com/home/chi-siamo
way	235607517	https://sites.google.com/oratorigarbagnate.com/home/chi-siamo
way	242318971	http://www.chieseitaliane.chiesacattolica.it/chieseitaliane/schedaca.jsp?sercd=13390
way	243706209	https://structurae.net/en/structures/mescolana-tunnel
way	246629992	http://www.lombardiabeniculturali.it/architetture/schede/LC120-00484/
way	248435469	https://www.lombardiabeniculturali.it/architetture/schede/CO260-00223
way	254276711	http://www.chieseitaliane.chiesacattolica.it/chieseitaliane/schedaca.jsp?sercd=15040
way	256716476	http://www.chieseitaliane.chiesacattolica.it/chieseitaliane/schedaca.jsp?sercd=15256
way	260475305	http://www.chieseitaliane.chiesacattolica.it/chieseitaliane/schedaca.jsp?sercd=14474
way	261289635	http://www.chieseitaliane.chiesacattolica.it/chieseitaliane/schedaca.jsp?sercd=47316
way	266378094	http://www.chieseitaliane.chiesacattolica.it/chieseitaliane/schedaca.jsp?sercd=14275
way	267665146	https://www.lombardiabeniculturali.it/architetture/schede/LMD80-00999/
way	279334838	http://www.chieseitaliane.chiesacattolica.it/chieseitaliane/schedaca.jsp?sercd=14825
way	287511303	http://www.chieseitaliane.chiesacattolica.it/chieseitaliane/schedaca.jsp?sercd=14472
way	290445652	http://www.chieseitaliane.chiesacattolica.it/chieseitaliane/schedaca.jsp?sercd=15056
way	290740383	http://www.chieseitaliane.chiesacattolica.it/chieseitaliane/schedaca.jsp?sercd=15054
way	291426508	http://www.chieseitaliane.chiesacattolica.it/chieseitaliane/schedaca.jsp?sercd=55095
way	292098652	http://www.chieseitaliane.chiesacattolica.it/chieseitaliane/schedaca.jsp?sercd=15097
way	292099810	http://www.chieseitaliane.chiesacattolica.it/chieseitaliane/schedaca.jsp?sercd=15098
way	305096507	http://www.campingspiaggia.com
way	305428893	http://www.labregaglia.ch/?p=52176
way	307578942	http://www.chieseitaliane.chiesacattolica.it/chieseitaliane/schedaca.jsp?sercd=15304
way	308560392	http://www.chieseitaliane.chiesacattolica.it/chieseitaliane/schedaca.jsp?sercd=91252
way	308631104	http://www.chieseitaliane.chiesacattolica.it/chieseitaliane/schedaca.jsp?sercd=14341
way	308791107	http://www.chieseitaliane.chiesacattolica.it/chieseitaliane/schedaca.jsp?sercd=91250
way	328657264	http://www.chieseitaliane.chiesacattolica.it/chieseitaliane/schedaca.jsp?sercd=90189
way	329031964	http://www.chieseitaliane.chiesacattolica.it/chieseitaliane/schedaca.jsp?sercd=14582
way	329751112	https://www.comune.poglianomilanese.mi.it/vivere/pagine/5/#SANTUARIO
way	331605381	http://www.lombardiabeniculturali.it/architetture/schede/LC120-00063/
way	331922893	http://www.chieseitaliane.chiesacattolica.it/chieseitaliane/schedaca.jsp?sercd=15523
way	338063048	http://www.chieseitaliane.chiesacattolica.it/chieseitaliane/schedaca.jsp?sercd=13971;http://www.lombardiabeniculturali.it/architetture/schede/MI100-02920/
way	338466123	http://www.chieseitaliane.chiesacattolica.it/chieseitaliane/schedaca.jsp?sercd=15222
way	343670266	https://anagrafe.iccu.sbn.it/isil/IT-LC0014;http://www.comune.bosisioparini.lc.it/c097009/zf/index.php/servizi-aggiuntivi/index/index/idtesto/81
way	349616430	https://www.lombardiabeniculturali.it/architetture/schede/MI100-05112/
way	350341772	http://www.chieseitaliane.chiesacattolica.it/chieseitaliane/schedaca.jsp?sercd=14931
way	355235647	https://www.lombardiabeniculturali.it/archivi/soggetti-produttori/ente/MIDB000F6F/
way	356856863	http://www.chieseitaliane.chiesacattolica.it/chieseitaliane/schedaca.jsp?sercd=13681
way	360955620	http://www.chieseitaliane.chiesacattolica.it/chieseitaliane/schedaca.jsp?sercd=13682
way	361901060	http://www.chieseitaliane.chiesacattolica.it/chieseitaliane/schedaca.jsp?sercd=13491
way	366672182	http://www.chieseitaliane.chiesacattolica.it/chieseitaliane/schedaca.jsp?sercd=14826
way	372751111	http://www.ballabioweb.org/db_notizie/leggi_news.asp?ID_notizia=2002
way	377738022	http://www.chieseitaliane.chiesacattolica.it/chieseitaliane/schedaca.jsp?sercd=14218
way	398968461	http://www.chieseitaliane.chiesacattolica.it/chieseitaliane/schedaca.jsp?sercd=14824
way	401854072	http://www.chieseitaliane.chiesacattolica.it/chieseitaliane/schedaca.jsp?sercd=14770
way	402630877	https://www.lombardiabeniculturali.it/architetture/schede/MI100-05949/
way	407283604	http://www.chieseitaliane.chiesacattolica.it/chieseitaliane/schedaca.jsp?sercd=13890
way	411156057	http://www.chieseitaliane.chiesacattolica.it/chieseitaliane/schedaca.jsp?sercd=13266
way	411156083	https://www.lombardiabeniculturali.it/architetture/schede/MI100-10151/
way	414653486	https://www.lombardiabeniculturali.it/architetture/schede/MI100-00450
way	415358467	https://www.comune.poglianomilanese.mi.it/vivere/pagine/5/#BETTOLINO
way	420593871	http://www.chieseitaliane.chiesacattolica.it/chieseitaliane/schedaca.jsp?sercd=13545
way	422386296	http://www.chieseitaliane.chiesacattolica.it/chieseitaliane/schedaca.jsp?sercd=13265
way	422411460	http://www.chieseitaliane.chiesacattolica.it/chieseitaliane/schedaca.jsp?sercd=14273
way	422411461	http://www.chieseitaliane.chiesacattolica.it/chieseitaliane/schedaca.jsp?sercd=14274
way	425915587	http://www.shootingacademyclub.it
way	428023313	http://www.chieseitaliane.chiesacattolica.it/chieseitaliane/schedaca.jsp?sercd=89392
way	441749747	http://www.casio-europe.com/it/
way	445338029	http://www.chieseitaliane.chiesacattolica.it/chieseitaliane/schedaca.jsp?sercd=14926
way	453936817	http://www.chieseitaliane.chiesacattolica.it/chieseitaliane/schedaca.jsp?sercd=14127
way	455512838	http://www.chieseitaliane.chiesacattolica.it/chieseitaliane/schedaca.jsp?sercd=13490
way	456788526	http://www.chieseitaliane.chiesacattolica.it/chieseitaliane/schedaca.jsp?sercd=14124
way	465447513	http://www.chieseitaliane.chiesacattolica.it/chieseitaliane/schedaca.jsp?sercd=15102
way	466222018	http://www.chieseitaliane.chiesacattolica.it/chieseitaliane/schedaca.jsp?sercd=14969
way	466686276	http://www.terredilombardia.it/cusago/cusagosantamaria.php;http://www.lombardiabeniculturali.it/architetture/schede/MI100-02898/
way	473169939	http://www.chieseitaliane.chiesacattolica.it/chieseitaliane/schedaca.jsp?sercd=15107
way	484817320	http://www.chieseitaliane.chiesacattolica.it/chieseitaliane/schedaca.jsp?sercd=59308
way	488880518	http://www.chieseitaliane.chiesacattolica.it/chieseitaliane/schedaca.jsp?sercd=13989
way	491986804	http://www.chieseitaliane.chiesacattolica.it/chieseitaliane/schedaca.jsp?sercd=14581
way	503888202	http://www.icsmilanospiga.gov.it/?page_id=1097
way	505040999	http://www.chieseitaliane.chiesacattolica.it/chieseitaliane/schedaca.jsp?sercd=14271
way	508842372	https://icaresegelsi.it/category/scuola-primaria-g-pascoli/
way	527739560	http://www.chieseitaliane.chiesacattolica.it/chieseitaliane/schedaca.jsp?sercd=74906
way	542063568	http://www.valleadda.com/punto_interesse.php?id=123
way	552695540	http://www.chieseitaliane.chiesacattolica.it/chieseitaliane/schedaca.jsp?sercd=55092
way	552868192	http://www.chieseitaliane.chiesacattolica.it/chieseitaliane/schedaca.jsp?sercd=55087
way	556926594	http://www.chieseitaliane.chiesacattolica.it/chieseitaliane/schedaca.jsp?sercd=15539;http://www.lombardiabeniculturali.it/architetture/schede/1n080-00012
way	561558245	https://www.comune.poglianomilanese.mi.it/vivere/pagine/5/#CHIESETTA
way	562198687	https://www.comune.poglianomilanese.mi.it/vivere/pagine/5/#CHANIAC
way	564033736	https://www.lombardiabeniculturali.it/architetture/schede/MI100-05784/
way	568693888	http://www.chieseitaliane.chiesacattolica.it/chieseitaliane/schedaca.jsp?sercd=13806
way	574776138	http://www.chieseitaliane.chiesacattolica.it/chieseitaliane/schedaca.jsp?sercd=13805
way	583455590	https://www.lombardiabeniculturali.it/architetture/schede/CO260-00257/
way	585634409	http://www.asmilano.it/AriannaWeb/main.htm?eads=*#643843_archivio
way	619706314	http://www.chieseitaliane.chiesacattolica.it/chieseitaliane/schedaca.jsp?sercd=15626
way	631363946	https://www.comune.poglianomilanese.mi.it/vivere/pagine/5/#PARROCCHIA
way	641536514	http://www.chieseitaliane.chiesacattolica.it/chieseitaliane/schedaca.jsp?sercd=70972
way	647881625	https://www.lombardiabeniculturali.it/architetture/schede/LMD80-00418/
way	651739940	http://www.chieseitaliane.chiesacattolica.it/chieseitaliane/schedaca.jsp?sercd=15395
way	655785631	http://www.chieseitaliane.chiesacattolica.it/chieseitaliane/schedaca.jsp?sercd=15525
way	656955813	http://www.chieseitaliane.chiesacattolica.it/chieseitaliane/schedaca.jsp?sercd=15393
way	717082693	https://www.lombardiabeniculturali.it/architetture/schede/CO250-00546/
way	773097704	http://www.belleli.it/
way	773097705	https://www.versalis.eni.com
way	787957111	https://icaresegelsi.it/scuole/scuola-secondaria-di-primo-grado-silvio-pellico/
way	836168795	www.montegargnano.it
way	837566148	http://larioclimb.paolo-sonja.net/falesie_lecco/discoteca/index.html
way	844515479	https://www.icr.edu.it/scuola-primaria-marco-polo/
way	871731649	http://www.chieseitaliane.chiesacattolica.it/chieseitaliane/schedaca.jsp?sercd=13803
way	879855116	http://www.lombardiabeniculturali.it/architetture/schede/MI100-05892/
way	899328773	https://www.hermesfuneraria.eu/?p=1227
way	899338126	https://idroscalo.org/news/riapre-la-chiesa-madonna-del-lago/
way	946531455	http://www.chieseitaliane.chiesacattolica.it/chieseitaliane/schedaca.jsp?sercd=14925
way	977009414	http://www.chieseitaliane.chiesacattolica.it/chieseitaliane/schedaca.jsp?sercd=15192
way	993511495	http://ilovearese.altervista.org/chiesa-s-carlo-e-immacolata.php
way	994080272	https://anagrafe.iccu.sbn.it/isil/IT-MI1124
way	1008080262	http://www.chieseitaliane.chiesacattolica.it/chieseitaliane/schedaca.jsp?sercd=14272
way	1008086285	https://www.lombardiabeniculturali.it/architetture/schede/CO250-00659/
way	1011820110	https://carburanti.mise.gov.it/OssPrezziSearch/dettaglio/47133
way	1027688675	http://www.chieseitaliane.chiesacattolica.it/chieseitaliane/schedaca.jsp?sercd=14219
way	1032935591	http://www.chieseitaliane.chiesacattolica.it/chieseitaliane/schedaca.jsp?sercd=91433
way	1036530920	https://bollateoggi.it/il-circolo-ippico-castellazzo/
way	1036814605	https://www.lombardiabeniculturali.it/architetture/schede/CO190-00058/
way	1044705921	https://www.lombardiabeniculturali.it/architetture/schede/MI100-05950/
way	1046480330	http://www.solosagre.it/evento/?id=24943
way	1049587264	http://www.chieseitaliane.chiesacattolica.it/chieseitaliane/schedaca.jsp?sercd=15394
way	1049724670	http://www.chieseitaliane.chiesacattolica.it/chieseitaliane/schedaca.jsp?sercd=14211
way	1050249011	http://www.chieseitaliane.chiesacattolica.it/chieseitaliane/schedaca.jsp?sercd=89229
way	1052279108	http://www.valchiavenna.com/it/itinerari/Cappella-della-Borgna.html
way	1059095659	https://www.lombardiabeniculturali.it/architetture/schede/CO260-00256/
way	1078480494	http://www.chieseitaliane.chiesacattolica.it/chieseitaliane/schedaca.jsp?sercd=15625
way	1078508998	http://www.lombardiabeniculturali.it/architetture/schede/MI100-05973/
way	1080118258	http://www.chieseitaliane.chiesacattolica.it/chieseitaliane/schedaca.jsp?sercd=14217
way	1083863396	https://www.lombardiabeniculturali.it/architetture/schede/MI100-03411/
way	1086166883	https://www.lombardiabeniculturali.it/architetture/schede/MI100-06718/?hid=6.253
way	1090979062	https://www.lombardiabeniculturali.it/architetture/schede/MI100-00452/
way	1222439692	https://www.lombardiabeniculturali.it/architetture/schede/CO260-00115/
way	1222452447	https://www.lombardiabeniculturali.it/architetture/schede/CO260-00230/
way	1349181932	https://lombardia.anpi.it/voghera/cdrop/ppv/pdf/b/busonicelestina.pdf
way	1384020963	https://www.comune.merate.lc.it/c097048/zf/index.php/servizi-aggiuntivi/index/index/idtesto/20716
way	1384020964	https://www.comune.merate.lc.it/c097048/zf/index.php/servizi-aggiuntivi/index/index/idtesto/20716
way	1384024298	https://www.comune.merate.lc.it/c097048/zf/index.php/servizi-aggiuntivi/index/index/idtesto/20758
way	1417743775	https://www.collegiate.it/student-accommodation/alloggi-studenti-milan/collegiate-milan-north/
relation	65490	www.astroviadellavalbossa.info
relation	141958	https://www.halleyweb.com/campofiori/zf/index.php/servizi-aggiuntivi/index/index/idtesto/55
relation	309973	http://www.trail.unioncamere.it/scheda_infrastruttura_dettaglio.asp?id=931
relation	452512	http://www.atm-mi.it/it/Giromilano/Pagine/default.aspx?lvid=c536069a-9391-489c-90be80c4701a5f80-518f63a0&wbt=nav&contextname=c536069a-9391-489c-90be80c4701a5f80-518f63a0&vp=461&lst=1&lsi=42
relation	1622156	http://www.atm-mi.it/it/Giromilano/Pagine/default.aspx?lvid=43e86e3f-6ef5-48f4-97bf0290213f54c9-4f08b8c1&wbt=nav&contextname=43e86e3f-6ef5-48f4-97bf0290213f54c9-4f08b8c1&vp=357&lst=1&lsi=6
relation	1653046	http://www.parcocampodeifiori.it/download.aspx?filename=files/3830_guidasent16.doc
relation	1996012	http://www.atm-mi.it/it/Giromilano/Pagine/default.aspx?lvid=4fca2f40-d655-42ab-9405665b049b3911-518f6aff&wbt=nav&contextname=4fca2f40-d655-42ab-9405665b049b3911-518f6aff&vp=569&lst=1&lsi=63
relation	1996013	http://www.atm-mi.it/it/Giromilano/Pagine/default.aspx?lvid=2732bed0-f59d-4ed3-8efb2bfbfc4b1b31-518f67cf&wbt=nav&contextname=2732bed0-f59d-4ed3-8efb2bfbfc4b1b31-518f67cf&vp=601&lst=1&lsi=62
relation	2061996	http://www.comune.albavilla.co.it/sito/images/Conoscere_Albavilla/Territorio/Ambiente/Sentieri/sentiero9.pdf
relation	2346039	http://www.parcocampodeifiori.it/download.aspx?filename=files/3826_guidasent14.doc
relation	2347228	http://wiki.openstreetmap.org/wiki/Campo_dei_Fiori
relation	2349419	http://www.parcocampodeifiori.it/download.aspx?filename=files/3826_guidasent14.doc
relation	2364256	http://wiki.openstreetmap.org/wiki/Campo_dei_Fiori
relation	2372652	http://www.parcocampodeifiori.it/download.aspx?filename=files/3828_guidasent15.doc
relation	3208694	http://www.clubsangottardo.ch
relation	3488069	http://www.chieseitaliane.chiesacattolica.it/chieseitaliane/schedaca.jsp?sercd=14486
relation	3498299	http://www.skiareavalchiavenna.it
relation	5282394	http://www.lombardiabeniculturali.it/architetture/schede/MI100-07259/
relation	8373388	http://www.asmilano.it/AriannaWeb/main.htm?eads=*#643415_archivio
relation	9415296	https://www.manivaski.it
relation	9421735	https://www.presolanamontepora.it
relation	9425791	http://www.piazzatorreskiarea.com/
relation	13401526	http://www.parcocampodeifiori.it/download.aspx?filename=files/3826_guidasent14.doc
relation	13494638	https://www.archiportale.com/news/2008/10/architettura/milano-ultimate-le-torri-pendenti-di-perrault_12906_3.html
relation	13841065	https://www.lombardiabeniculturali.it/architetture/schede/MI100-05454/
relation	14039165	http://www.comune.canzo.co.it/c013042/zf/index.php/servizi-aggiuntivi/index/index/idtesto/131
relation	14050957	http://www.comune.canzo.co.it/c013042/zf/index.php/servizi-aggiuntivi/index/index/idtesto/132
relation	14228020	http://wiki.openstreetmap.org/wiki/Campo_dei_Fiori
relation	14325616	http://www.cmalpilepontine.it/cmvlarcer/zf/index.php/servizi-aggiuntivi/index/index/idtesto/18
relation	14389131	http://www.parcocampodeifiori.it/download.aspx?filename=files/3828_guidasent15.doc
relation	14389132	https://www.halleyweb.com/campofiori/zf/index.php/servizi-aggiuntivi/index/index/idtesto/55
relation	14389136	http://www.parcocampodeifiori.it/download.aspx?filename=files/3826_guidasent14.doc
relation	14579707	https://mylakecomo.co/it/itinerari/sentee-di-sort/
relation	14936050	http://www.arcumeggia.it/index.php?section=1
relation	15098537	https://wiki.openstreetmap.org/wiki/Lombardia/Sentieri
relation	15098561	https://wiki.openstreetmap.org/wiki/Lombardia/Sentieri
relation	15098565	https://wiki.openstreetmap.org/wiki/Lombardia/Sentieri
relation	15098647	https://wiki.openstreetmap.org/wiki/Lombardia/Sentieri
relation	15098652	https://wiki.openstreetmap.org/wiki/Lombardia/Sentieri
relation	15098666	https://wiki.openstreetmap.org/wiki/Lombardia/Sentieri
relation	15098800	https://wiki.openstreetmap.org/wiki/Lombardia/Sentieri
relation	15098815	https://wiki.openstreetmap.org/wiki/Lombardia/Sentieri
relation	15098911	https://wiki.openstreetmap.org/wiki/Lombardia/Sentieri
relation	15098926	https://wiki.openstreetmap.org/wiki/Lombardia/Sentieri
relation	15098992	https://wiki.openstreetmap.org/wiki/Lombardia/Sentieri
relation	15098995	https://wiki.openstreetmap.org/wiki/Lombardia/Sentieri
relation	15099003	https://wiki.openstreetmap.org/wiki/Lombardia/Sentieri
relation	18737323	http://www.eni.com/en_IT/company/operations-strategies/refining-marketing/refining-rf/refinery-sannazzaro.shtml
relation	20029114	https://arriva.it/app/uploads/sites/6/2020/09/LS034-Carpenedolo-Calcinato-Desenzano-Brescia..pdf
relation	20029246	https://arriva.it/app/uploads/sites/6/2020/09/LS034-Carpenedolo-Calcinato-Desenzano-Brescia..pdf
relation	20040929	https://arriva.it/app/uploads/sites/6/2020/09/LS034-Carpenedolo-Calcinato-Desenzano-Brescia..pdf
relation	20040930	https://arriva.it/app/uploads/sites/6/2020/09/LS034-Carpenedolo-Calcinato-Desenzano-Brescia..pdf
relation	20041050	https://arriva.it/app/uploads/sites/6/2020/09/LS034-Carpenedolo-Calcinato-Desenzano-Brescia..pdf
relation	20046035	https://arriva.it/app/uploads/sites/6/2020/09/LS034-Carpenedolo-Calcinato-Desenzano-Brescia..pdf
relation	20046036	https://arriva.it/app/uploads/sites/6/2020/09/LS034-Carpenedolo-Calcinato-Desenzano-Brescia..pdf
relation	20112019	https://arriva.it/app/uploads/sites/6/2020/09/LS034-Carpenedolo-Calcinato-Desenzano-Brescia..pdf
