<?xml version="1.0" encoding="UTF-8"?>
<!DOCTYPE html PUBLIC "-//W3C//DTD XHTML 1.0 Strict//EN"
    "http://www.w3.org/TR/xhtml1/DTD/xhtml1-strict.dtd">
<html xmlns="http://www.w3.org/1999/xhtml" xml:lang="en" lang="en">
<head>
  <meta http-equiv="content-type" content="text/html; charset=utf-8" lang="en"/>
  <title>OSM3S Response</title>
</head>
<body>

<p>The data included in this document is from www.openstreetmap.org. The data is made available under ODbL.</p>
<p><strong style="color:#FF0000">Error</strong>: runtime error: open64: 0 Success /osm3s_osm_base Dispatcher_Client::request_read_and_idx::timeout. The server is probably too busy to handle your request. </p>

</body>
</html>
<?xml version="1.0" encoding="UTF-8"?>
<!DOCTYPE html PUBLIC "-//W3C//DTD XHTML 1.0 Strict//EN"
    "http://www.w3.org/TR/xhtml1/DTD/xhtml1-strict.dtd">
<html xmlns="http://www.w3.org/1999/xhtml" xml:lang="en" lang="en">
<head>
  <meta http-equiv="content-type" content="text/html; charset=utf-8" lang="en"/>
  <title>OSM3S Response</title>
</head>
<body>

<p>The data included in this document is from www.openstreetmap.org. The data is made available under ODbL.</p>
<p><strong style="color:#FF0000">Error</strong>: runtime error: open64: 0 Success /osm3s_osm_base Dispatcher_Client::request_read_and_idx::timeout. The server is probably too busy to handle your request. </p>

</body>
</html>
node	13340059807	https://comune.pescopennataro.is.it/
way	1465271313	https://catalogo.beniculturali.it/detail/ArchitecturalOrLandscapeHeritage/1400019192
way	1465631242	https://www.gem.wiki/Castelmauro_wind_farm
way	1466046524	https://www.camperonline.it/sosta-camper/aree-di-sosta/italia/molise/area-comunale/11764
way	1473617138	https://www.areeprotettemolise.it/montagnola-molisana/
way	1473628257	https://rgpbio.it/riserva/pesche/ZSC
way	1473647903	https://www.riservamabaltomolise.it/
way	1475259981	https://www.tuttocampo.it/Molise/Eccellenza/GironeCoppaItaliaDilettanti/Squadra/Guardialfiera/1011537/Stadio
relation	1756297	https://ingiroapiunonposso.it/bosco-degli-abeti-soprani-in-molise/
relation	17760420	https://appenninobiketour.com/percorso/
relation	17782266	https://appenninobiketour.com/percorso/
relation	19917166	https://www.rainews.it/tgr/molise/video/2025/06/viabilita-provinciale-84-alto-molise-strada-collegamenti-955e8c7d-175b-4b56-afe8-e3fcdda4a14c.html
relation	20063668	https://www.gem.wiki/Castelmauro_wind_farm
relation	20110726	https://www.ilbenecomune.it/2018/10/18/un-fiume-minore-nato-da-monti-minori/
