<meta http-equiv="content-type" content="text/html	-1		
<title>OSM3S Response</title>	-1		
charset=utf-8" lang="en"/>	-1		
<!DOCTYPE html PUBLIC "-//W3C//DTD XHTML 1.0 Strict//EN	-1		
</body>	-1		
</head>	-1		
</html>	-1		
<?xml version="1.0" encoding="UTF-8"?>	-1		
http://www.w3.org/TR/xhtml1/DTD/xhtml1-strict.dtd">	0	400	
<body>	-1		
<head>	-1		
<html xmlns="http://www.w3.org/1999/xhtml" xml:lang="en" lang="en">	-1		
<p><strong style="color:#FF0000">Error</strong>: runtime error: open64: 0 Success /osm3s_osm_base Dispatcher_Client::request_read_and_idx::timeout. The server is probably too busy to handle your request. </p>	-1		
<p>The data included in this document is from www.openstreetmap.org. The data is made available under ODbL.</p>	-1		
https://catalogo.beniculturali.it/detail/ArchitecturalOrLandscapeHeritage/1400019192	0	200	
https://appenninobiketour.com/percorso/	0	404	
https://ingiroapiunonposso.it/bosco-degli-abeti-soprani-in-molise/	0	200	
https://www.gem.wiki/Castelmauro_wind_farm	0	200	
https://comune.pescopennataro.is.it/	0	200	
https://www.rainews.it/tgr/molise/video/2025/06/viabilita-provinciale-84-alto-molise-strada-collegamenti-955e8c7d-175b-4b56-afe8-e3fcdda4a14c.html	0	200	
https://www.camperonline.it/sosta-camper/aree-di-sosta/italia/molise/area-comunale/11764	0	200	
