<meta http-equiv="content-type" content="text/html	-1		
<title>OSM3S Response</title>	-1		
charset=utf-8" lang="en"/>	-1		
<!DOCTYPE html PUBLIC "-//W3C//DTD XHTML 1.0 Strict//EN	-1		
</body>	-1		
</head>	-1		
</html>	-1		
<?xml version="1.0" encoding="UTF-8"?>	-1		
http://www.w3.org/TR/xhtml1/DTD/xhtml1-strict.dtd">	0	400	
<body>	-1		
<head>	-1		
<html xmlns="http://www.w3.org/1999/xhtml" xml:lang="en" lang="en">	-1		
<p><strong style="color:#FF0000">Error</strong>: runtime error: open64: 0 Success /osm3s_osm_base Dispatcher_Client::request_read_and_idx::timeout. The server is probably too busy to handle your request. </p>	-1		
<p>The data included in this document is from www.openstreetmap.org. The data is made available under ODbL.</p>	-1		
agenzie.tecnocasa.it/piemonte/torino/san-giorgio-canavese/san-giorgio-canavese/chi-siamo.html	-1		
http://ancien-geodesie.ign.fr/fiche_point.asp?num_site=06073R&no_ptg=01&numero_f50=3640	6		
http://ancien-geodesie.ign.fr/fiche_point.asp?num_site=06127H&no_ptg=01&numero_f50=3740	6		
http://ancien-geodesie.ign.fr/fiche_point.asp?num_site=06163O&no_ptg=01&numero_f50=3740	6		
http://ancien-geodesie.ign.fr/fiche_point.asp?num_site=7304710&no_ptg=01&numero_f50=3633	6		
http://agenzie.tecnocasa.it/piemonte/torino/aglie/aglie/chi-siamo.html	0	404	
http://caipallanzapercorsi.altervista.org/PercorsiVCO/LTB-2019/LTB-2019-FTP.kml	0	403	
https://openstreetcam.org/map/@45.692245515194244,8.471601605415346,18z	0	301	https://kartaview.org/map/@45.692245515194244,8.471601605415346,18z
http://caipallanzapercorsi.altervista.org/PercorsiVCO/P01v/P01v-FTP.kml	0	403	
http://caipallanzapercorsi.altervista.org/PercorsiVCO/P09a/P09a-FTP.kml	0	403	
http://caipallanzapercorsi.altervista.org/PercorsiVCO/P14NS/P14NS-FTP.kml	0	403	
http://carrefour.it/supermercati-torino/ivrea/carrefour-express-via-pavetti.html	0	302	https://www.carrefour.it/supermercati-torino/ivrea/carrefour-express-via-pavetti.html
http://danbag.altervista.org/PercorsiVCO/XP1c/XP1c-FTP.kml	0	301	https://danbag.altervista.org/PercorsiVCO/XP1c/XP1c-FTP.kml
http://caipallanzapercorsi.altervista.org/PercorsiVCO/P06/P06-FTP.kml	0	403	
http://archeocarta.org/salussola-bi-resti-della-pieve-di-san-pellegrino-di-puliaco/	0	200	
http://caipallanzapercorsi.altervista.org/PercorsiVCO/SIE64/SIE64-FTP.kml	0	403	
http://danbag.altervista.org/Valgrande/X99/X99-FTP.kml	0	301	https://danbag.altervista.org/Valgrande/X99/X99-FTP.kml
http://danbag.altervista.org/Valgrande/P06a/P06a-FTP.kml	0	301	https://danbag.altervista.org/Valgrande/P06a/P06a-FTP.kml
http://danbag.altervista.org/Valgrande/P00da/P00da-FTP.kml	0	301	https://danbag.altervista.org/Valgrande/P00da/P00da-FTP.kml
http://fornoalpigraie.it/img/IMG_20130706_165044s.jpg	0	301	https://www.fornoalpigraie.it/img/IMG_20130706_165044s.jpg
http://fornoalpigraie.it/img/IMG_20130706_165055s.jpg	0	301	https://www.fornoalpigraie.it/img/IMG_20130706_165055s.jpg
http://fornoalpigraie.it/img/IMG_20130706_165011s.jpg	0	301	https://www.fornoalpigraie.it/img/IMG_20130706_165011s.jpg
http://fornoalpigraie.it/img/IMG_20130706_165121s.jpg	0	301	https://www.fornoalpigraie.it/img/IMG_20130706_165121s.jpg
http://fornoalpigraie.it/img/IMG_20130706_165251s.jpg	0	301	https://www.fornoalpigraie.it/img/IMG_20130706_165251s.jpg
http://fornoalpigraie.it/img/IMG_20130706_165302s.jpg	0	301	https://www.fornoalpigraie.it/img/IMG_20130706_165302s.jpg
http://fornoalpigraie.it/img/IMG_20130706_165324s.jpg	0	301	https://www.fornoalpigraie.it/img/IMG_20130706_165324s.jpg
http://fornoalpigraie.it/img/IMG_20130706_165505s.jpg	0	301	https://www.fornoalpigraie.it/img/IMG_20130706_165505s.jpg
http://geodesie.ign.fr/fiches/index.php?module=e&action=fichepdf&source=carte&sit_no=0410001	0	301	https://geodesie.ign.fr/fiches/index.php?module=e&action=fichepdf&source=carte&sit_no=0410001
http://geodesie.ign.fr/fiches/index.php?module=e&action=fichepdf&source=carte&sit_no=0410003	0	301	https://geodesie.ign.fr/fiches/index.php?module=e&action=fichepdf&source=carte&sit_no=0410003
http://geodesie.ign.fr/fiches/index.php?module=e&action=fichepdf&source=carte&sit_no=0410007	0	301	https://geodesie.ign.fr/fiches/index.php?module=e&action=fichepdf&source=carte&sit_no=0410007
http://geodesie.ign.fr/fiches/index.php?module=e&action=fichepdf&source=carte&sit_no=0412005	0	301	https://geodesie.ign.fr/fiches/index.php?module=e&action=fichepdf&source=carte&sit_no=0412005
http://geodesie.ign.fr/fiches/index.php?module=e&action=fichepdf&source=carte&sit_no=05085E	0	301	https://geodesie.ign.fr/fiches/index.php?module=e&action=fichepdf&source=carte&sit_no=05085E
http://geodesie.ign.fr/fiches/index.php?module=e&action=fichepdf&source=carte&sit_no=0500106	0	301	https://geodesie.ign.fr/fiches/index.php?module=e&action=fichepdf&source=carte&sit_no=0500106
http://geodesie.ign.fr/fiches/index.php?module=e&action=fichepdf&source=carte&sit_no=0500107	0	301	https://geodesie.ign.fr/fiches/index.php?module=e&action=fichepdf&source=carte&sit_no=0500107
http://geodesie.ign.fr/fiches/index.php?module=e&action=fichepdf&source=carte&sit_no=0502709	0	301	https://geodesie.ign.fr/fiches/index.php?module=e&action=fichepdf&source=carte&sit_no=0502709
http://geodesie.ign.fr/fiches/index.php?module=e&action=fichepdf&source=carte&sit_no=05085G	0	301	https://geodesie.ign.fr/fiches/index.php?module=e&action=fichepdf&source=carte&sit_no=05085G
http://geodesie.ign.fr/fiches/index.php?module=e&action=fichepdf&source=carte&sit_no=05085I	0	301	https://geodesie.ign.fr/fiches/index.php?module=e&action=fichepdf&source=carte&sit_no=05085I
http://geodesie.ign.fr/fiches/index.php?module=e&action=fichepdf&source=carte&sit_no=05085F	0	301	https://geodesie.ign.fr/fiches/index.php?module=e&action=fichepdf&source=carte&sit_no=05085F
http://geodesie.ign.fr/fiches/index.php?module=e&action=fichepdf&source=carte&sit_no=05085K	0	301	https://geodesie.ign.fr/fiches/index.php?module=e&action=fichepdf&source=carte&sit_no=05085K
http://geodesie.ign.fr/fiches/index.php?module=e&action=fichepdf&source=carte&sit_no=05085M	0	301	https://geodesie.ign.fr/fiches/index.php?module=e&action=fichepdf&source=carte&sit_no=05085M
http://geodesie.ign.fr/fiches/index.php?module=e&action=fichepdf&source=carte&sit_no=05085O	0	301	https://geodesie.ign.fr/fiches/index.php?module=e&action=fichepdf&source=carte&sit_no=05085O
http://geodesie.ign.fr/fiches/index.php?module=e&action=fichepdf&source=carte&sit_no=0509314	0	301	https://geodesie.ign.fr/fiches/index.php?module=e&action=fichepdf&source=carte&sit_no=0509314
http://geodesie.ign.fr/fiches/index.php?module=e&action=fichepdf&source=carte&sit_no=0509321	0	301	https://geodesie.ign.fr/fiches/index.php?module=e&action=fichepdf&source=carte&sit_no=0509321
http://geodesie.ign.fr/fiches/index.php?module=e&action=fichepdf&source=carte&sit_no=0509319	0	301	https://geodesie.ign.fr/fiches/index.php?module=e&action=fichepdf&source=carte&sit_no=0509319
http://geodesie.ign.fr/fiches/index.php?module=e&action=fichepdf&source=carte&sit_no=05093O	0	301	https://geodesie.ign.fr/fiches/index.php?module=e&action=fichepdf&source=carte&sit_no=05093O
http://geodesie.ign.fr/fiches/index.php?module=e&action=fichepdf&source=carte&sit_no=05093R	0	301	https://geodesie.ign.fr/fiches/index.php?module=e&action=fichepdf&source=carte&sit_no=05093R
http://geodesie.ign.fr/fiches/index.php?module=e&action=fichepdf&source=carte&sit_no=05093V	0	301	https://geodesie.ign.fr/fiches/index.php?module=e&action=fichepdf&source=carte&sit_no=05093V
http://geodesie.ign.fr/fiches/index.php?module=e&action=fichepdf&source=carte&sit_no=05093S	0	301	https://geodesie.ign.fr/fiches/index.php?module=e&action=fichepdf&source=carte&sit_no=05093S
http://geodesie.ign.fr/fiches/index.php?module=e&action=fichepdf&source=carte&sit_no=05093U	0	301	https://geodesie.ign.fr/fiches/index.php?module=e&action=fichepdf&source=carte&sit_no=05093U
http://geodesie.ign.fr/fiches/index.php?module=e&action=fichepdf&source=carte&sit_no=0515704	0	301	https://geodesie.ign.fr/fiches/index.php?module=e&action=fichepdf&source=carte&sit_no=0515704
http://geodesie.ign.fr/fiches/index.php?module=e&action=fichepdf&source=carte&sit_no=0512003	0	301	https://geodesie.ign.fr/fiches/index.php?module=e&action=fichepdf&source=carte&sit_no=0512003
http://geodesie.ign.fr/fiches/index.php?module=e&action=fichepdf&source=carte&sit_no=0515705	0	301	https://geodesie.ign.fr/fiches/index.php?module=e&action=fichepdf&source=carte&sit_no=0515705
http://geodesie.ign.fr/fiches/index.php?module=e&action=fichepdf&source=carte&sit_no=05093W	0	301	https://geodesie.ign.fr/fiches/index.php?module=e&action=fichepdf&source=carte&sit_no=05093W
http://geodesie.ign.fr/fiches/index.php?module=e&action=fichepdf&source=carte&sit_no=05174F	0	301	https://geodesie.ign.fr/fiches/index.php?module=e&action=fichepdf&source=carte&sit_no=05174F
http://geodesie.ign.fr/fiches/index.php?module=e&action=fichepdf&source=carte&sit_no=05157A	0	301	https://geodesie.ign.fr/fiches/index.php?module=e&action=fichepdf&source=carte&sit_no=05157A
http://geodesie.ign.fr/fiches/index.php?module=e&action=fichepdf&source=carte&sit_no=0601301	0	301	https://geodesie.ign.fr/fiches/index.php?module=e&action=fichepdf&source=carte&sit_no=0601301
http://geodesie.ign.fr/fiches/index.php?module=e&action=fichepdf&source=carte&sit_no=06073AA	0	301	https://geodesie.ign.fr/fiches/index.php?module=e&action=fichepdf&source=carte&sit_no=06073AA
http://geodesie.ign.fr/fiches/index.php?module=e&action=fichepdf&source=carte&sit_no=0607301	0	301	https://geodesie.ign.fr/fiches/index.php?module=e&action=fichepdf&source=carte&sit_no=0607301
http://geodesie.ign.fr/fiches/index.php?module=e&action=fichepdf&source=carte&sit_no=0607303	0	301	https://geodesie.ign.fr/fiches/index.php?module=e&action=fichepdf&source=carte&sit_no=0607303
http://geodesie.ign.fr/fiches/index.php?module=e&action=fichepdf&source=carte&sit_no=0607307	0	301	https://geodesie.ign.fr/fiches/index.php?module=e&action=fichepdf&source=carte&sit_no=0607307
http://geodesie.ign.fr/fiches/index.php?module=e&action=fichepdf&source=carte&sit_no=06073AB	0	301	https://geodesie.ign.fr/fiches/index.php?module=e&action=fichepdf&source=carte&sit_no=06073AB
http://geodesie.ign.fr/fiches/index.php?module=e&action=fichepdf&source=carte&sit_no=06073AC	0	301	https://geodesie.ign.fr/fiches/index.php?module=e&action=fichepdf&source=carte&sit_no=06073AC
http://geodesie.ign.fr/fiches/index.php?module=e&action=fichepdf&source=carte&sit_no=06073AD	0	301	https://geodesie.ign.fr/fiches/index.php?module=e&action=fichepdf&source=carte&sit_no=06073AD
http://geodesie.ign.fr/fiches/index.php?module=e&action=fichepdf&source=carte&sit_no=06073AF	0	301	https://geodesie.ign.fr/fiches/index.php?module=e&action=fichepdf&source=carte&sit_no=06073AF
http://geodesie.ign.fr/fiches/index.php?module=e&action=fichepdf&source=carte&sit_no=06073AE	0	301	https://geodesie.ign.fr/fiches/index.php?module=e&action=fichepdf&source=carte&sit_no=06073AE
http://geodesie.ign.fr/fiches/index.php?module=e&action=fichepdf&source=carte&sit_no=06073AG	0	301	https://geodesie.ign.fr/fiches/index.php?module=e&action=fichepdf&source=carte&sit_no=06073AG
http://geodesie.ign.fr/fiches/index.php?module=e&action=fichepdf&source=carte&sit_no=06073AK	0	301	https://geodesie.ign.fr/fiches/index.php?module=e&action=fichepdf&source=carte&sit_no=06073AK
http://geodesie.ign.fr/fiches/index.php?module=e&action=fichepdf&source=carte&sit_no=06073AH	0	301	https://geodesie.ign.fr/fiches/index.php?module=e&action=fichepdf&source=carte&sit_no=06073AH
http://geodesie.ign.fr/fiches/index.php?module=e&action=fichepdf&source=carte&sit_no=06073AI	0	301	https://geodesie.ign.fr/fiches/index.php?module=e&action=fichepdf&source=carte&sit_no=06073AI
http://geodesie.ign.fr/fiches/index.php?module=e&action=fichepdf&source=carte&sit_no=06073AJ	0	301	https://geodesie.ign.fr/fiches/index.php?module=e&action=fichepdf&source=carte&sit_no=06073AJ
http://geodesie.ign.fr/fiches/index.php?module=e&action=fichepdf&source=carte&sit_no=06073AL	0	301	https://geodesie.ign.fr/fiches/index.php?module=e&action=fichepdf&source=carte&sit_no=06073AL
http://geodesie.ign.fr/fiches/index.php?module=e&action=fichepdf&source=carte&sit_no=06073AO	0	301	https://geodesie.ign.fr/fiches/index.php?module=e&action=fichepdf&source=carte&sit_no=06073AO
http://geodesie.ign.fr/fiches/index.php?module=e&action=fichepdf&source=carte&sit_no=06073AM	0	301	https://geodesie.ign.fr/fiches/index.php?module=e&action=fichepdf&source=carte&sit_no=06073AM
http://geodesie.ign.fr/fiches/index.php?module=e&action=fichepdf&source=carte&sit_no=06073AN	0	301	https://geodesie.ign.fr/fiches/index.php?module=e&action=fichepdf&source=carte&sit_no=06073AN
http://geodesie.ign.fr/fiches/index.php?module=e&action=fichepdf&source=carte&sit_no=06073AR	0	301	https://geodesie.ign.fr/fiches/index.php?module=e&action=fichepdf&source=carte&sit_no=06073AR
http://geodesie.ign.fr/fiches/index.php?module=e&action=fichepdf&source=carte&sit_no=06073AP	0	301	https://geodesie.ign.fr/fiches/index.php?module=e&action=fichepdf&source=carte&sit_no=06073AP
http://geodesie.ign.fr/fiches/index.php?module=e&action=fichepdf&source=carte&sit_no=06073AQ	0	301	https://geodesie.ign.fr/fiches/index.php?module=e&action=fichepdf&source=carte&sit_no=06073AQ
http://geodesie.ign.fr/fiches/index.php?module=e&action=fichepdf&source=carte&sit_no=06073AW	0	301	https://geodesie.ign.fr/fiches/index.php?module=e&action=fichepdf&source=carte&sit_no=06073AW
http://geodesie.ign.fr/fiches/index.php?module=e&action=fichepdf&source=carte&sit_no=06073B	0	301	https://geodesie.ign.fr/fiches/index.php?module=e&action=fichepdf&source=carte&sit_no=06073B
http://geodesie.ign.fr/fiches/index.php?module=e&action=fichepdf&source=carte&sit_no=06073AY	0	301	https://geodesie.ign.fr/fiches/index.php?module=e&action=fichepdf&source=carte&sit_no=06073AY
http://geodesie.ign.fr/fiches/index.php?module=e&action=fichepdf&source=carte&sit_no=06073BD	0	301	https://geodesie.ign.fr/fiches/index.php?module=e&action=fichepdf&source=carte&sit_no=06073BD
http://geodesie.ign.fr/fiches/index.php?module=e&action=fichepdf&source=carte&sit_no=06073BE	0	301	https://geodesie.ign.fr/fiches/index.php?module=e&action=fichepdf&source=carte&sit_no=06073BE
http://geodesie.ign.fr/fiches/index.php?module=e&action=fichepdf&source=carte&sit_no=06073BF	0	301	https://geodesie.ign.fr/fiches/index.php?module=e&action=fichepdf&source=carte&sit_no=06073BF
http://geodesie.ign.fr/fiches/index.php?module=e&action=fichepdf&source=carte&sit_no=06073BI	0	301	https://geodesie.ign.fr/fiches/index.php?module=e&action=fichepdf&source=carte&sit_no=06073BI
http://geodesie.ign.fr/fiches/index.php?module=e&action=fichepdf&source=carte&sit_no=06073BH	0	301	https://geodesie.ign.fr/fiches/index.php?module=e&action=fichepdf&source=carte&sit_no=06073BH
http://geodesie.ign.fr/fiches/index.php?module=e&action=fichepdf&source=carte&sit_no=06073BK	0	301	https://geodesie.ign.fr/fiches/index.php?module=e&action=fichepdf&source=carte&sit_no=06073BK
http://geodesie.ign.fr/fiches/index.php?module=e&action=fichepdf&source=carte&sit_no=06073BJ	0	301	https://geodesie.ign.fr/fiches/index.php?module=e&action=fichepdf&source=carte&sit_no=06073BJ
http://geodesie.ign.fr/fiches/index.php?module=e&action=fichepdf&source=carte&sit_no=06073BM	0	301	https://geodesie.ign.fr/fiches/index.php?module=e&action=fichepdf&source=carte&sit_no=06073BM
http://geodesie.ign.fr/fiches/index.php?module=e&action=fichepdf&source=carte&sit_no=06073BO	0	301	https://geodesie.ign.fr/fiches/index.php?module=e&action=fichepdf&source=carte&sit_no=06073BO
http://geodesie.ign.fr/fiches/index.php?module=e&action=fichepdf&source=carte&sit_no=06073BP	0	301	https://geodesie.ign.fr/fiches/index.php?module=e&action=fichepdf&source=carte&sit_no=06073BP
http://geodesie.ign.fr/fiches/index.php?module=e&action=fichepdf&source=carte&sit_no=06073L	0	301	https://geodesie.ign.fr/fiches/index.php?module=e&action=fichepdf&source=carte&sit_no=06073L
http://geodesie.ign.fr/fiches/index.php?module=e&action=fichepdf&source=carte&sit_no=06073C	0	301	https://geodesie.ign.fr/fiches/index.php?module=e&action=fichepdf&source=carte&sit_no=06073C
http://geodesie.ign.fr/fiches/index.php?module=e&action=fichepdf&source=carte&sit_no=06073E	0	301	https://geodesie.ign.fr/fiches/index.php?module=e&action=fichepdf&source=carte&sit_no=06073E
http://geodesie.ign.fr/fiches/index.php?module=e&action=fichepdf&source=carte&sit_no=06073N	0	301	https://geodesie.ign.fr/fiches/index.php?module=e&action=fichepdf&source=carte&sit_no=06073N
http://geodesie.ign.fr/fiches/index.php?module=e&action=fichepdf&source=carte&sit_no=06073P	0	301	https://geodesie.ign.fr/fiches/index.php?module=e&action=fichepdf&source=carte&sit_no=06073P
http://geodesie.ign.fr/fiches/index.php?module=e&action=fichepdf&source=carte&sit_no=06073R	0	301	https://geodesie.ign.fr/fiches/index.php?module=e&action=fichepdf&source=carte&sit_no=06073R
http://geodesie.ign.fr/fiches/index.php?module=e&action=fichepdf&source=carte&sit_no=06073S	0	301	https://geodesie.ign.fr/fiches/index.php?module=e&action=fichepdf&source=carte&sit_no=06073S
http://geodesie.ign.fr/fiches/index.php?module=e&action=fichepdf&source=carte&sit_no=06073U	0	301	https://geodesie.ign.fr/fiches/index.php?module=e&action=fichepdf&source=carte&sit_no=06073U
http://geodesie.ign.fr/fiches/index.php?module=e&action=fichepdf&source=carte&sit_no=0612005	0	301	https://geodesie.ign.fr/fiches/index.php?module=e&action=fichepdf&source=carte&sit_no=0612005
http://geodesie.ign.fr/fiches/index.php?module=e&action=fichepdf&source=carte&sit_no=06073Z	0	301	https://geodesie.ign.fr/fiches/index.php?module=e&action=fichepdf&source=carte&sit_no=06073Z
http://geodesie.ign.fr/fiches/index.php?module=e&action=fichepdf&source=carte&sit_no=0612001	0	301	https://geodesie.ign.fr/fiches/index.php?module=e&action=fichepdf&source=carte&sit_no=0612001
http://geodesie.ign.fr/fiches/index.php?module=e&action=fichepdf&source=carte&sit_no=0612707	0	301	https://geodesie.ign.fr/fiches/index.php?module=e&action=fichepdf&source=carte&sit_no=0612707
http://geodesie.ign.fr/fiches/index.php?module=e&action=fichepdf&source=carte&sit_no=06127C	0	301	https://geodesie.ign.fr/fiches/index.php?module=e&action=fichepdf&source=carte&sit_no=06127C
http://geodesie.ign.fr/fiches/index.php?module=e&action=fichepdf&source=carte&sit_no=06127E	0	301	https://geodesie.ign.fr/fiches/index.php?module=e&action=fichepdf&source=carte&sit_no=06127E
http://geodesie.ign.fr/fiches/index.php?module=e&action=fichepdf&source=carte&sit_no=06127F	0	301	https://geodesie.ign.fr/fiches/index.php?module=e&action=fichepdf&source=carte&sit_no=06127F
http://geodesie.ign.fr/fiches/index.php?module=e&action=fichepdf&source=carte&sit_no=06127G	0	301	https://geodesie.ign.fr/fiches/index.php?module=e&action=fichepdf&source=carte&sit_no=06127G
http://geodesie.ign.fr/fiches/index.php?module=e&action=fichepdf&source=carte&sit_no=06127H	0	301	https://geodesie.ign.fr/fiches/index.php?module=e&action=fichepdf&source=carte&sit_no=06127H
http://geodesie.ign.fr/fiches/index.php?module=e&action=fichepdf&source=carte&sit_no=06127I	0	301	https://geodesie.ign.fr/fiches/index.php?module=e&action=fichepdf&source=carte&sit_no=06127I
http://geodesie.ign.fr/fiches/index.php?module=e&action=fichepdf&source=carte&sit_no=0615305	0	301	https://geodesie.ign.fr/fiches/index.php?module=e&action=fichepdf&source=carte&sit_no=0615305
http://geodesie.ign.fr/fiches/index.php?module=e&action=fichepdf&source=carte&sit_no=06162A	0	301	https://geodesie.ign.fr/fiches/index.php?module=e&action=fichepdf&source=carte&sit_no=06162A
http://geodesie.ign.fr/fiches/index.php?module=e&action=fichepdf&source=carte&sit_no=0615306	0	301	https://geodesie.ign.fr/fiches/index.php?module=e&action=fichepdf&source=carte&sit_no=0615306
http://geodesie.ign.fr/fiches/index.php?module=e&action=fichepdf&source=carte&sit_no=06162B	0	301	https://geodesie.ign.fr/fiches/index.php?module=e&action=fichepdf&source=carte&sit_no=06162B
http://geodesie.ign.fr/fiches/index.php?module=e&action=fichepdf&source=carte&sit_no=06162D	0	301	https://geodesie.ign.fr/fiches/index.php?module=e&action=fichepdf&source=carte&sit_no=06162D
http://geodesie.ign.fr/fiches/index.php?module=e&action=fichepdf&source=carte&sit_no=06162E	0	301	https://geodesie.ign.fr/fiches/index.php?module=e&action=fichepdf&source=carte&sit_no=06162E
http://geodesie.ign.fr/fiches/index.php?module=e&action=fichepdf&source=carte&sit_no=06162G	0	301	https://geodesie.ign.fr/fiches/index.php?module=e&action=fichepdf&source=carte&sit_no=06162G
http://geodesie.ign.fr/fiches/index.php?module=e&action=fichepdf&source=carte&sit_no=06162H	0	301	https://geodesie.ign.fr/fiches/index.php?module=e&action=fichepdf&source=carte&sit_no=06162H
http://geodesie.ign.fr/fiches/index.php?module=e&action=fichepdf&source=carte&sit_no=0616309	0	301	https://geodesie.ign.fr/fiches/index.php?module=e&action=fichepdf&source=carte&sit_no=0616309
http://geodesie.ign.fr/fiches/index.php?module=e&action=fichepdf&source=carte&sit_no=0616314	0	301	https://geodesie.ign.fr/fiches/index.php?module=e&action=fichepdf&source=carte&sit_no=0616314
http://geodesie.ign.fr/fiches/index.php?module=e&action=fichepdf&source=carte&sit_no=06163A	0	301	https://geodesie.ign.fr/fiches/index.php?module=e&action=fichepdf&source=carte&sit_no=06163A
http://geodesie.ign.fr/fiches/index.php?module=e&action=fichepdf&source=carte&sit_no=06163C	0	301	https://geodesie.ign.fr/fiches/index.php?module=e&action=fichepdf&source=carte&sit_no=06163C
http://geodesie.ign.fr/fiches/index.php?module=e&action=fichepdf&source=carte&sit_no=06163D	0	301	https://geodesie.ign.fr/fiches/index.php?module=e&action=fichepdf&source=carte&sit_no=06163D
http://geodesie.ign.fr/fiches/index.php?module=e&action=fichepdf&source=carte&sit_no=06163J	0	301	https://geodesie.ign.fr/fiches/index.php?module=e&action=fichepdf&source=carte&sit_no=06163J
http://geodesie.ign.fr/fiches/index.php?module=e&action=fichepdf&source=carte&sit_no=06163E	0	301	https://geodesie.ign.fr/fiches/index.php?module=e&action=fichepdf&source=carte&sit_no=06163E
http://geodesie.ign.fr/fiches/index.php?module=e&action=fichepdf&source=carte&sit_no=06163G	0	301	https://geodesie.ign.fr/fiches/index.php?module=e&action=fichepdf&source=carte&sit_no=06163G
http://geodesie.ign.fr/fiches/index.php?module=e&action=fichepdf&source=carte&sit_no=06163H	0	301	https://geodesie.ign.fr/fiches/index.php?module=e&action=fichepdf&source=carte&sit_no=06163H
http://geodesie.ign.fr/fiches/index.php?module=e&action=fichepdf&source=carte&sit_no=06163O	0	301	https://geodesie.ign.fr/fiches/index.php?module=e&action=fichepdf&source=carte&sit_no=06163O
http://geodesie.ign.fr/fiches/index.php?module=e&action=fichepdf&source=carte&sit_no=7302602	0	301	https://geodesie.ign.fr/fiches/index.php?module=e&action=fichepdf&source=carte&sit_no=7302602
http://geodesie.ign.fr/fiches/index.php?module=e&action=fichepdf&source=carte&sit_no=7302604	0	301	https://geodesie.ign.fr/fiches/index.php?module=e&action=fichepdf&source=carte&sit_no=7302604
http://geodesie.ign.fr/fiches/index.php?module=e&action=fichepdf&source=carte&sit_no=7304008	0	301	https://geodesie.ign.fr/fiches/index.php?module=e&action=fichepdf&source=carte&sit_no=7304008
http://geodesie.ign.fr/fiches/index.php?module=e&action=fichepdf&source=carte&sit_no=7304015	0	301	https://geodesie.ign.fr/fiches/index.php?module=e&action=fichepdf&source=carte&sit_no=7304015
http://geodesie.ign.fr/fiches/index.php?module=e&action=fichepdf&source=carte&sit_no=7304014	0	301	https://geodesie.ign.fr/fiches/index.php?module=e&action=fichepdf&source=carte&sit_no=7304014
http://geodesie.ign.fr/fiches/index.php?module=e&action=fichepdf&source=carte&sit_no=7304709	0	301	https://geodesie.ign.fr/fiches/index.php?module=e&action=fichepdf&source=carte&sit_no=7304709
http://geodesie.ign.fr/fiches/index.php?module=e&action=fichepdf&source=carte&sit_no=7304710	0	301	https://geodesie.ign.fr/fiches/index.php?module=e&action=fichepdf&source=carte&sit_no=7304710
http://geodesie.ign.fr/fiches/index.php?module=e&action=fichepdf&source=carte&sit_no=73047A	0	301	https://geodesie.ign.fr/fiches/index.php?module=e&action=fichepdf&source=carte&sit_no=73047A
http://geodesie.ign.fr/fiches/index.php?module=e&action=fichepdf&source=carte&sit_no=7305604	0	301	https://geodesie.ign.fr/fiches/index.php?module=e&action=fichepdf&source=carte&sit_no=7305604
http://geodesie.ign.fr/fiches/index.php?module=e&action=fichepdf&source=carte&sit_no=7305607	0	301	https://geodesie.ign.fr/fiches/index.php?module=e&action=fichepdf&source=carte&sit_no=7305607
http://geodesie.ign.fr/fiches/index.php?module=e&action=fichepdf&source=carte&sit_no=7305609	0	301	https://geodesie.ign.fr/fiches/index.php?module=e&action=fichepdf&source=carte&sit_no=7305609
http://geodesie.ign.fr/fiches/index.php?module=e&action=fichepdf&source=carte&sit_no=73056D	0	301	https://geodesie.ign.fr/fiches/index.php?module=e&action=fichepdf&source=carte&sit_no=73056D
http://geodesie.ign.fr/fiches/index.php?module=e&action=fichepdf&source=carte&sit_no=73056E	0	301	https://geodesie.ign.fr/fiches/index.php?module=e&action=fichepdf&source=carte&sit_no=73056E
http://geodesie.ign.fr/fiches/index.php?module=e&action=fichepdf&source=carte&sit_no=73056F	0	301	https://geodesie.ign.fr/fiches/index.php?module=e&action=fichepdf&source=carte&sit_no=73056F
http://geodesie.ign.fr/fiches/index.php?module=e&action=fichepdf&source=carte&sit_no=73143G	0	301	https://geodesie.ign.fr/fiches/index.php?module=e&action=fichepdf&source=carte&sit_no=73143G
http://geodesie.ign.fr/fiches/index.php?module=e&action=fichepdf&source=carte&sit_no=73143H	0	301	https://geodesie.ign.fr/fiches/index.php?module=e&action=fichepdf&source=carte&sit_no=73143H
http://geodesie.ign.fr/fiches/index.php?module=e&action=fichepdf&source=carte&sit_no=73143I	0	301	https://geodesie.ign.fr/fiches/index.php?module=e&action=fichepdf&source=carte&sit_no=73143I
http://geodesie.ign.fr/fiches/index.php?module=e&action=fichepdf&source=carte&sit_no=7315706	0	301	https://geodesie.ign.fr/fiches/index.php?module=e&action=fichepdf&source=carte&sit_no=7315706
http://geodesie.ign.fr/fiches/index.php?module=e&action=fichepdf&source=carte&sit_no=73157A	0	301	https://geodesie.ign.fr/fiches/index.php?module=e&action=fichepdf&source=carte&sit_no=73157A
http://geodesie.ign.fr/fiches/index.php?module=e&action=fichepdf&source=carte&sit_no=7330412	0	301	https://geodesie.ign.fr/fiches/index.php?module=e&action=fichepdf&source=carte&sit_no=7330412
http://gis.provincia.cuneo.it/Immagini/SentieriDescrizioni/html/G2.html	6		
http://negozi.ovs.it/it/negozi/italia/torino/ovs-ivrea_00361.aspx	0	301	https://negozi.ovs.it/it/negozi/italia/torino/ovs-ivrea_00361.aspx
http://percorsi.estmonterosa.it/c/C00(1)/C00(1).kml	0	200	
http://percorsi.estmonterosa.it/c/C00(2)/C00(2).kml	0	200	
http://percorsi.estmonterosa.it/c/C00(3)/C00(3).kml	0	200	
http://percorsi.estmonterosa.it/c/C01/C01.kml	0	200	
http://percorsi.estmonterosa.it/c/C02/C02.kml	0	200	
http://italia.indettaglio.it/ita/piemonte/verbanocusioossola_crodo_viceno.html	0	301	https://italia.indettaglio.it/ita/piemonte/verbanocusioossola_crodo_viceno.html
http://italia.indettaglio.it/ita/piemonte/verbanocusioossola_crodo_mozzio.html	0	301	https://italia.indettaglio.it/ita/piemonte/verbanocusioossola_crodo_mozzio.html
http://italia.indettaglio.it/ita/piemonte/verbanocusioossola_crodo_cravegna.html	0	301	https://italia.indettaglio.it/ita/piemonte/verbanocusioossola_crodo_cravegna.html
http://percorsi.estmonterosa.it/c/C05/C05.kml	0	200	
http://percorsi.estmonterosa.it/c/C06/C06.kml	0	200	
http://percorsi.estmonterosa.it/c/C05b/C05b.kml	0	200	
http://percorsi.estmonterosa.it/c/C05d/C05d.kml	0	200	
http://percorsi.estmonterosa.it/c/C07/C07.kml	0	200	
http://percorsi.estmonterosa.it/c/C09/C09.kml	0	200	
http://percorsi.estmonterosa.it/c/C23/C23.kml	0	200	
http://percorsi.estmonterosa.it/c/C12/C12.kml	0	200	
http://percorsi.estmonterosa.it/c/C23a/C23a.kml	0	200	
http://percorsi.estmonterosa.it/c/C27/C27.kml	0	200	
http://percorsi.estmonterosa.it/c/C32/C32.kml	0	200	
http://percorsi.estmonterosa.it/c/C96/C96.kml	0	200	
http://percorsi.estmonterosa.it/f/F28/F28.kml	0	200	
http://rucaski.com	0	301	https://rucaski.com/
http://questure.poliziadistato.it/Torino/orari-5-602-2-1.htm	0	301	https://questure.poliziadistato.it/Torino/orari-5-602-2-1.htm
http://percorsi.estmonterosa.it/p/P15/P15.kml	0	200	
http://percorsi.estmonterosa.it/p/P11/P11.kml	0	200	
http://web.tiscali.it/rifugio.pontese/	0	200	
http://www.agriturismofiorendo.it/	0	301	https://agriturismofiorendo.it/
http://www.aeo.it/PuntiVendita.aspx?regione=piemonte&provincia=Torino&puntovendita=172	0	301	https://www.aeo.it/PuntiVendita.aspx?regione=piemonte&provincia=Torino&puntovendita=172
http://webgis.arpa.piemonte.it/webmeteo/meteo.php?CODTOT=005005901	0	302	https://webgis.arpa.piemonte.it/webmeteo/meteo.php?CODTOT=005005901
http://www.altox.it/ValsusaFalesie/borgone_penna.htm	0	200	
http://www.altox.it/ValsusaFalesie/borgone_cava.htm	0	200	
http://www.altox.it/ValsusaFalesie/borgone_libro.htm	0	200	
http://www.altox.it/ValsusaFalesie/caprie_anticaprie.htm	0	200	
http://www.altox.it/ValsusaFalesie/caprie_campambiardo.htm	0	200	
http://www.altox.it/ValsusaFalesie/caprie_dahu.htm	0	200	
http://www.altox.it/ValsusaFalesie/caprie_estateinf.htm	0	200	
http://www.altox.it/ValsusaFalesie/chianocco_losarea.htm	0	200	
http://www.altox.it/ValsusaFalesie/foresto_isolafelice.htm	0	200	
http://www.altox.it/ValsusaFalesie/clarea_granrotsa.htm	0	200	
http://www.altox.it/ValsusaFalesie/mompellato_placche.htm	0	200	
http://www.biverbanca.it/dove-siamo/item/filiale-di-ivrea?category_id=69	0	301	https://bancadiasti.it/dove-siamo/item/filiale-di-ivrea?category_id=69
http://www.cai.mondovi.cn.it/cai/rifugi/bivacchi/cavarero.htm	6		
http://www.bicincitta.com/	0	302	https://www.bicincitta.com
http://www.circolodidatticosangiorgio.it/cuceglio.html	6		
http://www.comune.caravino.to.it/storia-e-cultura/1612-chiesa-di-san-rocco	0	301	https://comune.caravino.to.it/storia-e-cultura/1612-chiesa-di-san-rocco
http://www.comune.groscavallo.to.it/it-it/vivere-il-comune/cosa-vedere/villa-pastrone-31493-1-d4b9ee0482d9fe025f2d252cff8746ae	0	301	https://www.comune.groscavallo.to.it:443/it-it/vivere-il-comune/cosa-vedere/villa-pastrone-31493-1-d4b9ee0482d9fe025f2d252cff8746ae
http://www.chieseitaliane.chiesacattolica.it/chieseitaliane/schedaca.jsp?sercd=52465	0	302	https://chieseitaliane.chiesacattolica.it/chieseitaliane/schedaca.jsp?sercd=52465
http://www.comune.torino.it/papum/	0	301	https://www.comune.torino.it/papum/
http://www.comune.torino.it/papum/user.php?context=opere&submitAction=dettaglio&ID_opera=M215	0	301	https://www.comune.torino.it/papum/user.php?context=opere&submitAction=dettaglio&ID_opera=M215
http://www.comune.usseglio.to.it/ComStruttureSportive.asp	0	301	https://www.comune.usseglio.to.it:443/ComStruttureSportive.asp
http://www.cuneoclimbing.it/relazioni/falesie/bagnasco.pdf	0	301	https://www.cuneoclimbing.it/relazioni/falesie/bagnasco.pdf
http://www.ecomuseoami.it/index.php?option=com_content&view=article&id=119:museo-mineralogico-&catid=39:musei-della-rete&Itemid=64	0	301	https://www.ecomuseoami.it/index.php?option=com_content&view=article&id=119:museo-mineralogico-&catid=39:musei-della-rete&Itemid=64
http://www.ecomuseoami.it/index.php?option=com_content&view=article&id=116:museo-didattico-memorie-del-tempo-&catid=39:musei-della-rete&Itemid=64	0	301	https://www.ecomuseoami.it/index.php?option=com_content&view=article&id=116:museo-didattico-memorie-del-tempo-&catid=39:musei-della-rete&Itemid=64
http://www.ecomuseoami.it/site/index.php?option=com_content&view=article&id=103:ecomuseo-della-castagna-&catid=39:musei-della-rete&Itemid=64	0	301	https://www.ecomuseoami.it/site/index.php?option=com_content&view=article&id=103:ecomuseo-della-castagna-&catid=39:musei-della-rete&Itemid=64
http://www.gulliver.it/itinerario/46251/	0	403	
http://www.giovanemontagna.org/rifugio.asp?id=6	0	301	https://www.giovanemontagna.org/rifugio.asp?id=6
http://www.gulliver.it/itinerario/8019/	0	403	
http://www.icivrea2.it/scuola-primaria-don-milani	6		
http://www.icivrea2.it/scuola-primaria-nigra	6		
http://www.inmondadori.it/app/storeLocator/detail?pickUpPoint=1023	0	403	
http://www.inps.it/AgendaSedi/DatiSede.asp?D6=01V81V02V00	0	301	https://www.inps.it/AgendaSedi/DatiSede.asp?D6=01V81V02V00
http://www.lafiocavenmola.it/modules/news/article.php?storyid=5359	0	200	
http://www.gsptorino.it/la-capanna.html	0	301	https://www.gsptorino.it/la-capanna.html
http://www.limoni.it/code/19489	0	301	https://www.douglas.it/
http://www.ddcastellamonte.it/aglie.htm	6		
http://www.montagnabiellese.com/mucrone-via-del-canalino-2/	0	301	https://www.montagnabiellese.com/mucrone-via-del-canalino-2/
http://www.paesaggiverticali.it/Montagna/Relazioni/RelazioniMontagna2011.aspx	0	200	
http://www.lnostpais.it/la_rotonda/	0	200	
http://www.parcovalborbera.it/	6		
http://www.regione.piemonte.it/montagna/areemontane/im/webcam/mongioie.jpg	0	404	
http://www.in-montagna.it/forum/viewtopic.php?f=4&t=374	6		
http://www.rifugio-mongioie.com/	0	301	https://www.rifugio-mongioie.com/
http://www.rifugiochionea.it	0	200	
http://www.rifugiogenova.it/	0	301	https://www.rifugiogenova.it/
http://www.rifugioguglielmina.com	0	302	http://ww38.rifugioguglielmina.com/
http://www.localport.it/canavese/trattoriasgiovanni/trattoriasangiovanni.asp	28		
http://www.rifugioliviobianco.com/	0	200	
http://www.rifugiopagari.com/Birrificio.htm	0	301	https://www.rifugiopagari.com/Birrificio.htm
http://www.rifugiopagari.com/	0	301	https://www.rifugiopagari.com/
http://www.parcogranboscosalbertrand.it/Ecen_dettaglio.php?id=229	28		
http://www.rifugioquarzina.it/	0	301	http://www.spazioweb.it/holding
http://www.rifugioremondino.it/	0	301	https://www.rifugioremondino.it/
http://www.rifugiosoriaellena.com/	0	301	https://rifugiosoriaellena.com
http://www.rifugioquesta.it/	0	301	https://www.rifugioquesta.it/
http://www.santuariosantanna.eu/webcam.html	0	404	
http://www.societastorica-dellevallidilanzo.it/la-royi-d%E2%80%99b%C3%A8rtoul%C3%A9.html	0	301	https://www.societastorica-dellevallidilanzo.it/la-royi-d%E2%80%99b%C3%A8rtoul%C3%A9.html
http://www.scuolaguidodellatorre.it/relazioni/RoccaSbarua-viaCinquettiBurdino/271/	0	403	
http://www.turismomassello.net/base7.html	6		
http://www.tecnocasa.it/agenzie/immobiliari%2Bresidenziali/torino/ivrea/tohr5.html	0	301	https://www.tecnocasa.it:443/agenzie/immobiliari%2Bresidenziali/torino/ivrea/tohr5.html
http://www.regione.piemonte.it/montagna/areemontane/webcam15.htm	28		
http://www.termedivaldieri.it/	0	200	
http://www.vercellisantandrea.com/index.html?scene_id=10	0	200	
http://www.vercellisantandrea.com/index.html?scene_id=5	0	200	
http://www.vercellisantandrea.com/index.html?scene_id=8	0	200	
http://www.vercellisantandrea.com/index.html?scene_id=9	0	200	
https://battikuore.com/	0	200	
https://basilicamariaausiliatrice.it/cappella-pinardi/	0	200	
https://catalogo.beniculturali.it/detail/ArchitecturalOrLandscapeHeritage/0100028372	0	200	
https://catalogo.beniculturali.it/detail/ArchitecturalOrLandscapeHeritage/0100028184	0	200	
https://associazionedai.it/evento/il-triangolo-impossibile/	0	200	
https://climbook.com/falesie/1558/rocca-dellarma-placca-silvana-lo-scudo-placca-di-guz-notte-di-stelle	0	200	
https://climbook.com/falesie/27168/placche-giacottino	0	200	
https://coinatmradar.com/bitcoin_atm/10902/bitcoin-atm-shitcoins-club-torino-punto-atm-bitcoin/	0	403	
https://coinatmradar.com/bitcoin_atm/55467/bitcoin-atm-shitcoins-club-torino-piazza-paradiso-torino-bitcoin-atm/	0	403	
https://commons.wikimedia.org/wiki/File:PV_Balme_015.JPG	0	200	
https://commons.wikimedia.org/wiki/File:Scultura_lignea_su_albero.jpg	0	200	
https://catastogrotte-piemonte.net/caves-view-1550.html	0	200	
https://danbag.altervista.org/PercorsiVCO/XR1B/XR1B-FTP.kml	0	404	
https://danbag.altervista.org/PercorsiVCO/XR1A/XR1A-FTP.kml	0	404	
https://comune.almese.to.it/vivere-il-comune/territorio/sport-e-itinerari/percorsi-mtb/percorso-della-miosa-nero/	0	200	
https://danbag.altervista.org/Valgrande/X07NS/X07NS-FTP.kml	0	404	
https://danbag.altervista.org/Valgrande/X07SN/X07SN-FTP.kml	0	404	
https://danbag.altervista.org/Valgrande/X08/X08-FTP.kml	0	404	
https://danbag.altervista.org/Valgrande/X06/X06-FTP.kml	0	404	
https://danbag.altervista.org/Valgrande/X09/X09-FTP.kml	0	404	
https://danbag.altervista.org/Valgrande/X10/X10-FTP.kml	0	404	
https://danbag.altervista.org/Valgrande/X11/X11-FTP.kml	0	404	
https://danbag.altervista.org/Valgrande/X14/X14-FTP.kml	0	404	
https://danbag.altervista.org/Valgrande/XP1A/XP1A-FTP.kml	0	404	
https://ekye.it/fontane/museo-etnografico/	0	200	
https://fiches-geodesie.ign.fr/fiches/index.php?module=e&action=fichepdf&source=carte&sit_no=05085I	0	302	https://fiches-geodesie.ign.fr/fiches/pdf/05085I.pdf
https://fiches-geodesie.ign.fr/fiches/index.php?module=e&action=fichepdf&source=carte&sit_no=0509319	0	302	https://fiches-geodesie.ign.fr/fiches/pdf/0509319.pdf
https://fiches-geodesie.ign.fr/fiches/index.php?module=e&action=fichepdf&source=carte&sit_no=0509314	0	302	https://fiches-geodesie.ign.fr/fiches/pdf/0509314.pdf
https://fiches-geodesie.ign.fr/fiches/index.php?module=e&action=fichepdf&source=carte&sit_no=05093L	0	302	https://fiches-geodesie.ign.fr/fiches/pdf/05093L.pdf
https://fiches-geodesie.ign.fr/fiches/index.php?module=e&action=fichepdf&source=carte&sit_no=0509321	0	302	https://fiches-geodesie.ign.fr/fiches/pdf/0509321.pdf
https://fiches-geodesie.ign.fr/fiches/index.php?module=e&action=fichepdf&source=carte&sit_no=05085O	0	302	https://fiches-geodesie.ign.fr/fiches/pdf/05085O.pdf
https://fiches-geodesie.ign.fr/fiches/index.php?module=e&action=fichepdf&source=carte&sit_no=0410007	0	302	https://fiches-geodesie.ign.fr/fiches/pdf/0410007.pdf
https://fiches-geodesie.ign.fr/fiches/index.php?module=e&action=fichepdf&source=carte&sit_no=05093P	0	302	https://fiches-geodesie.ign.fr/fiches/pdf/05093P.pdf
https://fiches-geodesie.ign.fr/fiches/index.php?module=e&action=fichepdf&source=carte&sit_no=05093S	0	302	https://fiches-geodesie.ign.fr/fiches/pdf/05093S.pdf
https://fiches-geodesie.ign.fr/fiches/index.php?module=e&action=fichepdf&source=carte&sit_no=05093R	0	302	https://fiches-geodesie.ign.fr/fiches/pdf/05093R.pdf
https://fiches-geodesie.ign.fr/fiches/index.php?module=e&action=fichepdf&source=carte&sit_no=05093O	0	302	https://fiches-geodesie.ign.fr/fiches/pdf/05093O.pdf
https://fiches-geodesie.ign.fr/fiches/index.php?module=e&action=fichepdf&source=carte&sit_no=05093U	0	302	https://fiches-geodesie.ign.fr/fiches/pdf/05093U.pdf
https://fiches-geodesie.ign.fr/fiches/index.php?module=e&action=fichepdf&source=carte&sit_no=05174E	0	502	
https://fiches-geodesie.ign.fr/fiches/index.php?module=e&action=fichepdf&source=carte&sit_no=05093V	0	302	https://fiches-geodesie.ign.fr/fiches/
https://fiches-geodesie.ign.fr/fiches/index.php?module=e&action=fichepdf&source=carte&sit_no=05093W	0	302	https://fiches-geodesie.ign.fr/fiches/pdf/05093W.pdf
https://fiches-geodesie.ign.fr/fiches/index.php?module=e&action=fichepdf&source=carte&sit_no=0607307	0	302	https://fiches-geodesie.ign.fr/fiches/pdf/0607307.pdf
https://fiches-geodesie.ign.fr/fiches/index.php?module=e&action=fichepdf&source=carte&sit_no=06073AB	0	302	https://fiches-geodesie.ign.fr/fiches/pdf/06073AB.pdf
https://fiches-geodesie.ign.fr/fiches/index.php?module=e&action=fichepdf&source=carte&sit_no=06073AA	0	302	https://fiches-geodesie.ign.fr/fiches/pdf/06073AA.pdf
https://fiches-geodesie.ign.fr/fiches/index.php?module=e&action=fichepdf&source=carte&sit_no=06073AC	0	302	https://fiches-geodesie.ign.fr/fiches/
https://fiches-geodesie.ign.fr/fiches/index.php?module=e&action=fichepdf&source=carte&sit_no=06073AE	0	502	
https://fiches-geodesie.ign.fr/fiches/index.php?module=e&action=fichepdf&source=carte&sit_no=06073AD	0	502	
https://fiches-geodesie.ign.fr/fiches/index.php?module=e&action=fichepdf&source=carte&sit_no=06073AF	0	302	https://fiches-geodesie.ign.fr/fiches/pdf/06073AF.pdf
https://fiches-geodesie.ign.fr/fiches/index.php?module=e&action=fichepdf&source=carte&sit_no=06073AG	0	302	https://fiches-geodesie.ign.fr/fiches/pdf/06073AG.pdf
https://fiches-geodesie.ign.fr/fiches/index.php?module=e&action=fichepdf&source=carte&sit_no=06073AH	0	302	https://fiches-geodesie.ign.fr/fiches/pdf/06073AH.pdf
https://fiches-geodesie.ign.fr/fiches/index.php?module=e&action=fichepdf&source=carte&sit_no=06073AI	0	302	https://fiches-geodesie.ign.fr/fiches/pdf/06073AI.pdf
https://fiches-geodesie.ign.fr/fiches/index.php?module=e&action=fichepdf&source=carte&sit_no=06073AK	0	302	https://fiches-geodesie.ign.fr/fiches/pdf/06073AK.pdf
https://fiches-geodesie.ign.fr/fiches/index.php?module=e&action=fichepdf&source=carte&sit_no=06073AJ	0	302	https://fiches-geodesie.ign.fr/fiches/pdf/06073AJ.pdf
https://fiches-geodesie.ign.fr/fiches/index.php?module=e&action=fichepdf&source=carte&sit_no=06073AN	0	502	
https://fiches-geodesie.ign.fr/fiches/index.php?module=e&action=fichepdf&source=carte&sit_no=06073AM	0	302	https://fiches-geodesie.ign.fr/fiches/pdf/06073AM.pdf
https://fiches-geodesie.ign.fr/fiches/index.php?module=e&action=fichepdf&source=carte&sit_no=06073AO	0	302	https://fiches-geodesie.ign.fr/fiches/pdf/06073AO.pdf
https://fiches-geodesie.ign.fr/fiches/index.php?module=e&action=fichepdf&source=carte&sit_no=06073AP	0	302	https://fiches-geodesie.ign.fr/fiches/pdf/06073AP.pdf
https://fiches-geodesie.ign.fr/fiches/index.php?module=e&action=fichepdf&source=carte&sit_no=06073B	0	302	https://fiches-geodesie.ign.fr/fiches/
https://fiches-geodesie.ign.fr/fiches/index.php?module=e&action=fichepdf&source=carte&sit_no=06073AS	0	302	https://fiches-geodesie.ign.fr/fiches/pdf/06073AS.pdf
https://fiches-geodesie.ign.fr/fiches/index.php?module=e&action=fichepdf&source=carte&sit_no=06073AR	0	302	https://fiches-geodesie.ign.fr/fiches/pdf/06073AR.pdf
https://fiches-geodesie.ign.fr/fiches/index.php?module=e&action=fichepdf&source=carte&sit_no=06073AQ	0	302	https://fiches-geodesie.ign.fr/fiches/pdf/06073AQ.pdf
https://fiches-geodesie.ign.fr/fiches/index.php?module=e&action=fichepdf&source=carte&sit_no=06073BE	0	302	https://fiches-geodesie.ign.fr/fiches/pdf/06073BE.pdf
https://fiches-geodesie.ign.fr/fiches/index.php?module=e&action=fichepdf&source=carte&sit_no=06073BI	0	302	https://fiches-geodesie.ign.fr/fiches/
https://fiches-geodesie.ign.fr/fiches/index.php?module=e&action=fichepdf&source=carte&sit_no=06073BJ	0	302	https://fiches-geodesie.ign.fr/fiches/
https://fiches-geodesie.ign.fr/fiches/index.php?module=e&action=fichepdf&source=carte&sit_no=06073BD	0	502	
https://fiches-geodesie.ign.fr/fiches/index.php?module=e&action=fichepdf&source=carte&sit_no=06073BF	0	302	https://fiches-geodesie.ign.fr/fiches/pdf/06073BF.pdf
https://fiches-geodesie.ign.fr/fiches/index.php?module=e&action=fichepdf&source=carte&sit_no=06073BH	0	302	https://fiches-geodesie.ign.fr/fiches/pdf/06073BH.pdf
https://fiches-geodesie.ign.fr/fiches/index.php?module=e&action=fichepdf&source=carte&sit_no=06073BK	0	302	https://fiches-geodesie.ign.fr/fiches/pdf/06073BK.pdf
https://fiches-geodesie.ign.fr/fiches/index.php?module=e&action=fichepdf&source=carte&sit_no=06073E	0	502	
https://fiches-geodesie.ign.fr/fiches/index.php?module=e&action=fichepdf&source=carte&sit_no=06073N	0	302	https://fiches-geodesie.ign.fr/fiches/
https://fiches-geodesie.ign.fr/fiches/index.php?module=e&action=fichepdf&source=carte&sit_no=06073C	0	302	https://fiches-geodesie.ign.fr/fiches/pdf/06073C.pdf
https://fiches-geodesie.ign.fr/fiches/index.php?module=e&action=fichepdf&source=carte&sit_no=06127G	0	302	https://fiches-geodesie.ign.fr/fiches/pdf/06127G.pdf
https://fiches-geodesie.ign.fr/fiches/index.php?module=e&action=fichepdf&source=carte&sit_no=06127I	0	302	https://fiches-geodesie.ign.fr/fiches/pdf/06127I.pdf
https://fiches-geodesie.ign.fr/fiches/index.php?module=e&action=fichepdf&source=carte&sit_no=06162A	0	302	https://fiches-geodesie.ign.fr/fiches/pdf/06162A.pdf
https://fiches-geodesie.ign.fr/fiches/index.php?module=e&action=fichepdf&source=carte&sit_no=06162G	0	302	https://fiches-geodesie.ign.fr/fiches/pdf/06162G.pdf
https://fiches-geodesie.ign.fr/fiches/index.php?module=e&action=fichepdf&source=carte&sit_no=0616314	0	302	https://fiches-geodesie.ign.fr/fiches/pdf/0616314.pdf
https://fiches-geodesie.ign.fr/fiches/index.php?module=e&action=fichepdf&source=carte&sit_no=0616315	0	302	https://fiches-geodesie.ign.fr/fiches/pdf/0616315.pdf
https://fiches-geodesie.ign.fr/fiches/index.php?module=e&action=fichepdf&source=carte&sit_no=06163G	0	302	https://fiches-geodesie.ign.fr/fiches/pdf/06163G.pdf
https://fiches-geodesie.ign.fr/fiches/index.php?module=e&action=fichepdf&source=carte&sit_no=06163H	0	302	https://fiches-geodesie.ign.fr/fiches/pdf/06163H.pdf
https://fiches-geodesie.ign.fr/fiches/index.php?module=e&action=fichepdf&source=carte&sit_no=7304015	0	302	https://fiches-geodesie.ign.fr/fiches/pdf/7304015.pdf
https://fiches-geodesie.ign.fr/fiches/index.php?module=e&action=fichepdf&source=carte&sit_no=73047A	0	302	https://fiches-geodesie.ign.fr/fiches/pdf/73047A.pdf
https://fiches-geodesie.ign.fr/fiches/index.php?module=e&action=fichepdf&source=carte&sit_no=7304709	0	302	https://fiches-geodesie.ign.fr/fiches/pdf/7304709.pdf
https://fiches-geodesie.ign.fr/fiches/index.php?module=e&action=fichepdf&source=carte&sit_no=7305609	0	302	https://fiches-geodesie.ign.fr/fiches/pdf/7305609.pdf
https://fiches-geodesie.ign.fr/fiches/index.php?module=e&action=fichepdf&source=carte&sit_no=73056D	0	302	https://fiches-geodesie.ign.fr/fiches/pdf/73056D.pdf
https://fiches-geodesie.ign.fr/fiches/index.php?module=e&action=fichepdf&source=carte&sit_no=73056E	0	302	https://fiches-geodesie.ign.fr/fiches/pdf/73056E.pdf
https://fiches-geodesie.ign.fr/fiches/index.php?module=e&action=fichepdf&source=carte&sit_no=73143G	0	302	https://fiches-geodesie.ign.fr/fiches/pdf/73143G.pdf
https://fiches-geodesie.ign.fr/fiches/index.php?module=e&action=fichepdf&source=carte&sit_no=73056F	0	302	https://fiches-geodesie.ign.fr/fiches/pdf/73056F.pdf
https://fiches-geodesie.ign.fr/fiches/index.php?module=e&action=fichepdf&source=carte&sit_no=73143H	0	302	https://fiches-geodesie.ign.fr/fiches/pdf/73143H.pdf
https://fiches-geodesie.ign.fr/fiches/index.php?module=e&action=fichepdf&source=carte&sit_no=73143I	0	302	https://fiches-geodesie.ign.fr/fiches/pdf/73143I.pdf
https://guida.prolocorosazza.it/fontanafede.html	0	200	
https://guida.prolocorosazza.it/fontanarosa.html	0	200	
https://guida.prolocorosazza.it/fontanavalligiana.html	0	200	
https://guida.prolocorosazza.it/stella.html	0	200	
https://it-it.facebook.com/pages/Hollywood-cafè/472502336137001	0	302	https://it-it.facebook.com/100067532298029/
https://identify.plantnet.org/it/k-middle-europe/observations/1022378313	0	200	
https://ip.gruppoapi.com/	0	200	
https://invalsesia.it/listing/chiesa-parrocchiale-di-san-giacomo-a-rimasco/	0	200	
https://percorsi.estmonterosa.it/NOAV/VR3/VR3.kml	0	200	
https://montagnapertutti.it/roccia/arrampicate/piemonte/stura/vallonetto_so.php	0	200	
https://montagnapertutti.it/roccia/arrampicate/piemonte/stura/vallonetto.php?lang=en	0	200	
https://percorsi.estmonterosa.it/NOAV/VR3a/VR3a.kml	0	200	
https://percorsi.estmonterosa.it/a/A00(1)/A00(1).kml	0	200	
https://percorsi.estmonterosa.it/a/A00(2)/A00(2).kml	0	200	
https://mediacor.it/product/madre-natalina-bonardi/	0	200	
https://percorsi.estmonterosa.it/a/A00(3)/A00(3).kml	0	200	
https://percorsi.estmonterosa.it/a/A00a(1)/A00a(1).kml	0	200	
https://percorsi.estmonterosa.it/a/A00a(2)/A00a(2).kml	0	200	
https://percorsi.estmonterosa.it/a/A00f/A00f.kml	0	200	
https://percorsi.estmonterosa.it/a/A00d/A00d.kml	0	200	
https://percorsi.estmonterosa.it/a/A00e/A00e.kml	0	200	
https://percorsi.estmonterosa.it/a/A00g/A00g.kml	0	200	
https://percorsi.estmonterosa.it/a/A00v/A00v.kml	0	200	
https://percorsi.estmonterosa.it/a/A01a/A01a.kml	0	200	
https://percorsi.estmonterosa.it/a/A03/A03.kml	0	200	
https://percorsi.estmonterosa.it/a/A01/A01.kml	0	200	
https://percorsi.estmonterosa.it/a/A03b/A03b.kml	0	200	
https://percorsi.estmonterosa.it/a/A03c/A03c.kml	0	200	
https://percorsi.estmonterosa.it/a/A03a/A03a.kml	0	200	
https://percorsi.estmonterosa.it/a/A04/A04.kml	0	200	
https://percorsi.estmonterosa.it/a/A06/A06.kml	0	200	
https://percorsi.estmonterosa.it/a/A08/A08.kml	0	200	
https://percorsi.estmonterosa.it/a/A16/A16.kml	0	200	
https://percorsi.estmonterosa.it/a/A17/A17.kml	0	200	
https://percorsi.estmonterosa.it/a/A17b/A17b.kml	0	200	
https://percorsi.estmonterosa.it/a/A21/A21.kml	0	200	
https://percorsi.estmonterosa.it/a/A20a/A20a.kml	0	200	
https://percorsi.estmonterosa.it/a/A22/A22.kml	0	200	
https://percorsi.estmonterosa.it/a/A22a/A22a.kml	0	200	
https://percorsi.estmonterosa.it/a/A24/A24.kml	0	200	
https://percorsi.estmonterosa.it/a/A25/A25.kml	0	200	
https://percorsi.estmonterosa.it/a/A26/A26.kml	0	200	
https://percorsi.estmonterosa.it/a/A28/A28.kml	0	200	
https://percorsi.estmonterosa.it/a/A28a/A28a.kml	0	200	
https://percorsi.estmonterosa.it/a/A32/A32.kml	0	200	
https://percorsi.estmonterosa.it/a/A34a/A34a.kml	0	200	
https://percorsi.estmonterosa.it/a/A33/A33.kml	0	200	
https://percorsi.estmonterosa.it/a/A34/A34.kml	0	200	
https://percorsi.estmonterosa.it/a/A36a/A36a.kml	0	200	
https://percorsi.estmonterosa.it/a/A36/A36.kml	0	200	
https://percorsi.estmonterosa.it/a/A39a/A39a.kml	0	200	
https://percorsi.estmonterosa.it/a/A44/A44.kml	0	200	
https://percorsi.estmonterosa.it/a/A46/A46.kml	0	200	
https://percorsi.estmonterosa.it/a/A47/A47.kml	0	200	
https://percorsi.estmonterosa.it/a/A48/A48.kml	0	200	
https://percorsi.estmonterosa.it/a/A51/A51.kml	0	200	
https://percorsi.estmonterosa.it/a/A52/A52.kml	0	200	
https://percorsi.estmonterosa.it/a/A52a/A52a.kml	0	200	
https://percorsi.estmonterosa.it/a/A52b/A52b.kml	0	200	
https://percorsi.estmonterosa.it/a/A52c/A52c.kml	0	200	
https://percorsi.estmonterosa.it/a/A52f/A52f.kml	0	200	
https://percorsi.estmonterosa.it/a/A53/A53.kml	0	200	
https://percorsi.estmonterosa.it/a/A54/A54.kml	0	200	
https://percorsi.estmonterosa.it/a/A54a/A54a.kml	0	200	
https://percorsi.estmonterosa.it/a/A56/A56.kml	0	200	
https://percorsi.estmonterosa.it/a/A56a/A56a.kml	0	200	
https://percorsi.estmonterosa.it/a/A58/A58.kml	0	200	
https://percorsi.estmonterosa.it/a/A58a/A58a.kml	0	200	
https://percorsi.estmonterosa.it/a/A58b/A58b.kml	0	200	
https://percorsi.estmonterosa.it/a/A60/A60.kml	0	200	
https://percorsi.estmonterosa.it/b/B00a/B00a.kml	0	200	
https://percorsi.estmonterosa.it/b/B00b/B00b.kml	0	200	
https://percorsi.estmonterosa.it/b/B00c/B00c.kml	0	200	
https://percorsi.estmonterosa.it/b/B02/B02.kml	0	200	
https://percorsi.estmonterosa.it/b/B04a/B04a.kml	0	200	
https://percorsi.estmonterosa.it/b/B04b/B04b.kml	0	200	
https://percorsi.estmonterosa.it/b/B06/B06.kml	0	200	
https://percorsi.estmonterosa.it/b/B06a/B06a.kml	0	200	
https://percorsi.estmonterosa.it/b/B08a/B08a.kml	0	200	
https://percorsi.estmonterosa.it/b/B08/B08.kml	0	200	
https://percorsi.estmonterosa.it/b/B08c/B08c.kml	0	200	
https://percorsi.estmonterosa.it/b/B14/B14.kml	0	200	
https://percorsi.estmonterosa.it/b/B15/B15.kml	0	200	
https://percorsi.estmonterosa.it/b/B15a/B15a.kml	0	200	
https://percorsi.estmonterosa.it/b/B15b/B15b.kml	0	200	
https://percorsi.estmonterosa.it/b/B16/B16.kml	0	200	
https://percorsi.estmonterosa.it/b/B16c/B16c.kml	0	200	
https://percorsi.estmonterosa.it/b/B16a/B16a.kml	0	200	
https://percorsi.estmonterosa.it/b/B18b/B18b.kml	0	200	
https://percorsi.estmonterosa.it/b/B19/B19.kml	0	200	
https://percorsi.estmonterosa.it/b/B19a/B19a.kml	0	200	
https://percorsi.estmonterosa.it/b/B20/B20.kml	0	200	
https://percorsi.estmonterosa.it/b/B19b/B19b.kml	0	200	
https://percorsi.estmonterosa.it/b/B20a/B20a.kml	0	200	
https://percorsi.estmonterosa.it/b/B20b/B20b.kml	0	200	
https://percorsi.estmonterosa.it/b/B21a/B21a.kml	0	200	
https://percorsi.estmonterosa.it/b/B21/B21.kml	0	200	
https://percorsi.estmonterosa.it/b/B22/B22.kml	0	200	
https://percorsi.estmonterosa.it/b/B23/B23.kml	0	200	
https://percorsi.estmonterosa.it/b/B23a/B23a.kml	0	200	
https://percorsi.estmonterosa.it/b/B24/B24.kml	0	200	
https://percorsi.estmonterosa.it/b/B24a/B24a.kml	0	200	
https://percorsi.estmonterosa.it/b/B25a/B25a.kml	0	200	
https://percorsi.estmonterosa.it/b/B25b/B25b.kml	0	200	
https://percorsi.estmonterosa.it/b/B27/B27.kml	0	200	
https://percorsi.estmonterosa.it/b/B30/B30.kml	0	200	
https://percorsi.estmonterosa.it/b/B38b/B38b.kml	0	200	
https://percorsi.estmonterosa.it/b/B40/B40.kml	0	200	
https://percorsi.estmonterosa.it/b/B41a/B41a.kml	0	200	
https://percorsi.estmonterosa.it/b/B46a/B46a.kml	0	200	
https://percorsi.estmonterosa.it/b/B96/B96.kml	0	200	
https://percorsi.estmonterosa.it/b/B96a/B96a.kml	0	200	
https://percorsi.estmonterosa.it/b/B97/B97.kml	0	200	
https://percorsi.estmonterosa.it/b/B98/B98.kml	0	200	
https://percorsi.estmonterosa.it/c/C00d/C00d.kml	0	200	
https://percorsi.estmonterosa.it/c/C05c/C05c.kml	0	200	
https://percorsi.estmonterosa.it/c/C12a/C12a.kml	0	200	
https://percorsi.estmonterosa.it/c/C12b/C12b.kml	0	200	
https://percorsi.estmonterosa.it/c/C14/C14.kml	0	200	
https://percorsi.estmonterosa.it/c/C14b/C14b.kml	0	200	
https://percorsi.estmonterosa.it/d/D03/D03.kml	0	200	
https://percorsi.estmonterosa.it/d/D03a/D03a.kml	0	200	
https://percorsi.estmonterosa.it/d/D04/D04.kml	0	200	
https://percorsi.estmonterosa.it/d/D08/D08.kml	0	200	
https://percorsi.estmonterosa.it/d/D08a/D08a.kml	0	200	
https://percorsi.estmonterosa.it/d/D12/D12.kml	0	200	
https://percorsi.estmonterosa.it/d/D10/D10.kml	0	200	
https://percorsi.estmonterosa.it/d/D12a/D12a.kml	0	200	
https://percorsi.estmonterosa.it/d/D13/D13.kml	0	200	
https://percorsi.estmonterosa.it/d/D14a/D14a.kml	0	200	
https://percorsi.estmonterosa.it/d/D14/D14.kml	0	200	
https://percorsi.estmonterosa.it/d/D15/D15.kml	0	200	
https://percorsi.estmonterosa.it/d/D17/D17.kml	0	200	
https://percorsi.estmonterosa.it/d/D18/D18.kml	0	200	
https://percorsi.estmonterosa.it/d/D18c/D18c.kml	0	200	
https://percorsi.estmonterosa.it/d/D19/D19.kml	0	200	
https://percorsi.estmonterosa.it/d/D20/D20.kml	0	200	
https://percorsi.estmonterosa.it/d/D98/D98.kml	0	200	
https://percorsi.estmonterosa.it/f/F01a/F01a.kml	0	200	
https://percorsi.estmonterosa.it/f/F06/F06.kml	0	200	
https://percorsi.estmonterosa.it/f/F08/F08.kml	0	200	
https://percorsi.estmonterosa.it/f/F14/F14.kml	0	200	
https://percorsi.estmonterosa.it/f/F16/F16.kml	0	200	
https://percorsi.estmonterosa.it/f/F99/F99.kml	0	200	
https://percorsi.estmonterosa.it/g/F38/F38.kml	0	500	
https://percorsi.estmonterosa.it/g/G00(1)/G00(1).kml	0	200	
https://percorsi.estmonterosa.it/g/G00(2)/G00(2).kml	0	200	
https://percorsi.estmonterosa.it/g/G00(3)/G00(3).kml	0	200	
https://percorsi.estmonterosa.it/g/G00(4)/G00(4).kml	0	200	
https://percorsi.estmonterosa.it/g/G00a/G00a.kml	0	200	
https://percorsi.estmonterosa.it/g/G00d/G00d.kml	0	200	
https://percorsi.estmonterosa.it/g/G04/G04.kml	0	200	
https://percorsi.estmonterosa.it/g/G00b/G00b.kml	0	200	
https://percorsi.estmonterosa.it/g/G06/G06.kml	0	200	
https://percorsi.estmonterosa.it/g/G06a/G06a.kml	0	200	
https://percorsi.estmonterosa.it/g/G09.kml	0	500	
https://percorsi.estmonterosa.it/g/G07/G07.kml	0	200	
https://percorsi.estmonterosa.it/g/G10/G10.kml	0	200	
https://percorsi.estmonterosa.it/g/G12/G12.kml	0	200	
https://percorsi.estmonterosa.it/g/G17/G17.kml	0	200	
https://percorsi.estmonterosa.it/g/G18/G18.kml	0	200	
https://percorsi.estmonterosa.it/g/G19/G19.kml	0	200	
https://percorsi.estmonterosa.it/g/G19b/G19b.kml	0	200	
https://percorsi.estmonterosa.it/g/G20/G20.kml	0	200	
https://percorsi.estmonterosa.it/g/G21/G21.kml	0	200	
https://percorsi.estmonterosa.it/g/G22/G22.kml	0	200	
https://percorsi.estmonterosa.it/g/G22a/G22a.kml	0	200	
https://percorsi.estmonterosa.it/g/G24a/G24a.kml	0	200	
https://percorsi.estmonterosa.it/g/G25/G25.kml	0	200	
https://percorsi.estmonterosa.it/g/G26/G26.kml	0	200	
https://percorsi.estmonterosa.it/g/G27/G27.kml	0	200	
https://percorsi.estmonterosa.it/g/G28a/G28a.kml	0	200	
https://percorsi.estmonterosa.it/g/G30/G30.kml	0	200	
https://percorsi.estmonterosa.it/g/G31/G31.kml	0	200	
https://percorsi.estmonterosa.it/g/G32/G32.kml	0	200	
https://percorsi.estmonterosa.it/g/G31a/G31a.kml	0	200	
https://percorsi.estmonterosa.it/g/G32a/G32a.kml	0	200	
https://percorsi.estmonterosa.it/g/G34a/G34a.kml	0	200	
https://percorsi.estmonterosa.it/g/G36/G36.kml	0	200	
https://percorsi.estmonterosa.it/g/G34b/G34b.kml	0	200	
https://percorsi.estmonterosa.it/g/G38/G38.kml	0	200	
https://percorsi.estmonterosa.it/g/G39/G39.kml	0	200	
https://percorsi.estmonterosa.it/g/G43/G43.kml	0	200	
https://percorsi.estmonterosa.it/g/G41a/G41a.kml	0	200	
https://percorsi.estmonterosa.it/g/G97/G97.kml	0	200	
https://percorsi.estmonterosa.it/g/G99/G99.kml	0	200	
https://percorsi.estmonterosa.it/h/H00(2).kmz	0	200	
https://percorsi.estmonterosa.it/h/H00(1).kmz	0	200	
https://percorsi.estmonterosa.it/h/H00c/H00c.kml	0	200	
https://percorsi.estmonterosa.it/h/H00e/H00e.kml	0	200	
https://percorsi.estmonterosa.it/h/H01/H01.kml	0	200	
https://percorsi.estmonterosa.it/h/H01a/H01a.kml	0	200	
https://percorsi.estmonterosa.it/h/H03/H03.kml	0	200	
https://percorsi.estmonterosa.it/h/H06/H06.kml	0	200	
https://percorsi.estmonterosa.it/h/H07/H07.kml	0	200	
https://percorsi.estmonterosa.it/h/H08/H08.kml	0	200	
https://percorsi.estmonterosa.it/h/H08a/H08a.kml	0	200	
https://percorsi.estmonterosa.it/h/H08c/H08c.kml	0	200	
https://percorsi.estmonterosa.it/h/H09/H09.kml	0	200	
https://percorsi.estmonterosa.it/h/H09c/H09c.kml	0	200	
https://percorsi.estmonterosa.it/h/H09x/H09x.kml	0	200	
https://percorsi.estmonterosa.it/h/H09y/H09y.kml	0	200	
https://percorsi.estmonterosa.it/h/H10/H10.kml	0	200	
https://percorsi.estmonterosa.it/h/H16/H16.kml	0	200	
https://percorsi.estmonterosa.it/h/H14/H14.kml	0	200	
https://percorsi.estmonterosa.it/h/H18/H18.kml	0	200	
https://percorsi.estmonterosa.it/h/H98/H98.kml	0	200	
https://percorsi.estmonterosa.it/h/H99/H99.kml	0	200	
https://percorsi.estmonterosa.it/l/L98/L98.kml	0	200	
https://percorsi.estmonterosa.it/m/M00(1)/M00(1).kml	0	200	
https://percorsi.estmonterosa.it/m/M00(2)/M00(2).kml	0	200	
https://percorsi.estmonterosa.it/m/M00a/M00a.kml	0	200	
https://percorsi.estmonterosa.it/m/M00b/M00b.kml	0	200	
https://percorsi.estmonterosa.it/m/M02/M02.kml	0	200	
https://percorsi.estmonterosa.it/m/M09/M09.kml	0	200	
https://percorsi.estmonterosa.it/m/M14/M14.kml	0	200	
https://percorsi.estmonterosa.it/m/M15/M15.kml	0	200	
https://percorsi.estmonterosa.it/m/M35/M35.kml	0	200	
https://percorsi.estmonterosa.it/m/M37/M37.kml	0	200	
https://percorsi.estmonterosa.it/m/M37a/M37a.kml	0	200	
https://percorsi.estmonterosa.it/m/M39/M39.kml	0	200	
https://percorsi.estmonterosa.it/p/P00/P00.kml	0	200	
https://percorsi.estmonterosa.it/p/P00c/P00c.kml	0	200	
https://percorsi.estmonterosa.it/p/P00d/P00d.kml	0	200	
https://percorsi.estmonterosa.it/p/P01/P01.kml	0	200	
https://percorsi.estmonterosa.it/p/P01a/P01a.kml	0	200	
https://percorsi.estmonterosa.it/p/P01b/P01b.kml	0	200	
https://percorsi.estmonterosa.it/p/P01c/P01c.kml	0	200	
https://percorsi.estmonterosa.it/p/P01d/P01d.kml	0	200	
https://percorsi.estmonterosa.it/p/P01e/P01e.kml	0	200	
https://percorsi.estmonterosa.it/p/P01v/P01v.kml	0	200	
https://percorsi.estmonterosa.it/p/P02/P02.kml	0	200	
https://percorsi.estmonterosa.it/p/P02a/P02a.kml	0	200	
https://percorsi.estmonterosa.it/p/P02b/P02b.kml	0	200	
https://percorsi.estmonterosa.it/p/P02c/P02c.kml	0	200	
https://percorsi.estmonterosa.it/p/P02d/P02d.kml	0	200	
https://percorsi.estmonterosa.it/p/P02e/P02e.kml	0	200	
https://percorsi.estmonterosa.it/p/P02f/P02f.kml	0	200	
https://percorsi.estmonterosa.it/p/P03/P03.kml	0	200	
https://percorsi.estmonterosa.it/p/P05/P05.kml	0	200	
https://percorsi.estmonterosa.it/p/P06/P06.kml	0	200	
https://percorsi.estmonterosa.it/p/P07/P07.kml	0	200	
https://percorsi.estmonterosa.it/p/P07a/P07a.kml	0	200	
https://percorsi.estmonterosa.it/p/P07b/P07b.kml	0	200	
https://percorsi.estmonterosa.it/p/P07c/P07c.kml	0	200	
https://percorsi.estmonterosa.it/p/P07d/P07d.kml	0	200	
https://percorsi.estmonterosa.it/p/P08/P08.kml	0	200	
https://percorsi.estmonterosa.it/p/P09/P09.kml	0	200	
https://percorsi.estmonterosa.it/p/P11/P11.kml	0	200	
https://percorsi.estmonterosa.it/p/P12/P12.kml	0	200	
https://percorsi.estmonterosa.it/p/P12a/P12a.kml	0	200	
https://percorsi.estmonterosa.it/p/P13/P13.kml	0	200	
https://percorsi.estmonterosa.it/p/P14/P14.kml	0	200	
https://percorsi.estmonterosa.it/p/P17/P17.kml	0	200	
https://percorsi.estmonterosa.it/p/P40/P40.kml	0	200	
https://percorsi.estmonterosa.it/p/P50/P50.kml	0	200	
https://percorsi.estmonterosa.it/p/P50b/P50b.kml	0	200	
https://percorsi.estmonterosa.it/r/R00/R00.kml	0	200	
https://percorsi.estmonterosa.it/r/R01a/R01a.kml	0	200	
https://percorsi.estmonterosa.it/r/R01b/R01b.kml	0	200	
https://percorsi.estmonterosa.it/r/R02/R02.kml	0	200	
https://percorsi.estmonterosa.it/r/R02a/R02a.kml	0	200	
https://percorsi.estmonterosa.it/r/R03-BOVE/R03-BOVE.kml	0	200	
https://percorsi.estmonterosa.it/r/R03a/R03a.kml	0	200	
https://percorsi.estmonterosa.it/r/R04/R04.kml	0	200	
https://percorsi.estmonterosa.it/r/R06/R06.kml	0	200	
https://percorsi.estmonterosa.it/r/R09/R09.kml	0	200	
https://percorsi.estmonterosa.it/r/R07a/R07a.kml	0	200	
https://percorsi.estmonterosa.it/r/R14/R14.kml	0	200	
https://percorsi.estmonterosa.it/r/R16/R16.kml	0	200	
https://percorsi.estmonterosa.it/r/R16a/R16a.kml	0	200	
https://percorsi.estmonterosa.it/r/R18/R18.kml	0	200	
https://percorsi.estmonterosa.it/r/R22/R22.kml	0	200	
https://percorsi.estmonterosa.it/r/R24/R24.kml	0	200	
https://percorsi.estmonterosa.it/r/R24b/R24b.kml	0	200	
https://percorsi.estmonterosa.it/r/R30a/R30a.kml	0	200	
https://percorsi.estmonterosa.it/r/R30b/R30b.kml	0	200	
https://percorsi.estmonterosa.it/r/R30c/R30c.kml	0	200	
https://percorsi.estmonterosa.it/r/R30d/R30d.kml	0	200	
https://percorsi.estmonterosa.it/r/R36/R36.kml	0	200	
https://percorsi.estmonterosa.it/r/R30e/R30e.kml	0	200	
https://percorsi.estmonterosa.it/r/R38/R38.kml	0	200	
https://percorsi.estmonterosa.it/r/R42/R42.kml	0	200	
https://percorsi.estmonterosa.it/s/S03a/S03a.kml	0	200	
https://percorsi.estmonterosa.it/s/S03c/S03c.kml	0	200	
https://percorsi.estmonterosa.it/s/S05b/S05b.kml	0	200	
https://percorsi.estmonterosa.it/s/S27/S27.kml	0	200	
https://percorsi.estmonterosa.it/s/S29a/S29a.kml	0	200	
https://percorsi.estmonterosa.it/t/T00/T00.kml	0	200	
https://percorsi.estmonterosa.it/t/T02/T02.kml	0	200	
https://percorsi.estmonterosa.it/t/T02a/T02a.kml	0	200	
https://percorsi.estmonterosa.it/t/T02b/T02b.kml	0	200	
https://percorsi.estmonterosa.it/t/T05a/T05a.kml	0	200	
https://percorsi.estmonterosa.it/t/T06/T06.kml	0	200	
https://percorsi.estmonterosa.it/t/T10/T10.kml	0	200	
https://percorsi.estmonterosa.it/t/T12/T12.kml	0	200	
https://percorsi.estmonterosa.it/t/T14/T14.kml	0	200	
https://percorsi.estmonterosa.it/t/T20/T20.kml	0	200	
https://percorsi.estmonterosa.it/t/T20a/T20a.kml	0	200	
https://percorsi.estmonterosa.it/t/T20b/T20b.kml	0	200	
https://percorsi.estmonterosa.it/t/T20c/T20c.kml	0	200	
https://percorsi.estmonterosa.it/t/T22/T22.kml	0	200	
https://percorsi.estmonterosa.it/t/T22a/T22a.kml	0	200	
https://percorsi.estmonterosa.it/t/T24/T24.kml	0	200	
https://percorsi.estmonterosa.it/t/T26/T26.kml	0	200	
https://percorsi.estmonterosa.it/t/T28/T28.kml	0	200	
https://percorsi.estmonterosa.it/t/T32/T32.kml	0	200	
https://percorsi.estmonterosa.it/t/T32a/T32a.kml	0	200	
https://percorsi.estmonterosa.it/t/T30/T30.kml	0	200	
https://percorsi.estmonterosa.it/t/T34/T34.kml	0	200	
https://percorsi.estmonterosa.it/t/T34b/T34b.kml	0	200	
https://percorsi.estmonterosa.it/t/T36/T36.kml	0	200	
https://percorsi.estmonterosa.it/t/T36a/T36a.kml	0	200	
https://percorsi.estmonterosa.it/t/T36e/T36e.kml	0	200	
https://percorsi.estmonterosa.it/v/V00/V00.kml	0	200	
https://percorsi.estmonterosa.it/v/VL7/VL7.kml	0	200	
https://percorsi.estmonterosa.it/v/VL2/VL2.kml	0	200	
https://percorsi.estmonterosa.it/v/VM2/VM2.kml	0	200	
https://percorsi.estmonterosa.it/v/VM6/VM6.kml	0	200	
https://percorsi.estmonterosa.it/z/Z02bZ02b.kml	0	500	
https://percorsi.estmonterosa.it/z/Z02/Z02.kml	0	200	
https://percorsi.estmonterosa.it/z/Z99/Z99.kml	0	200	
https://sketchfab.com/models/87517206692740e38233b719e4a49a16/embed?autospin=0.2&autostart=1	0	200	
https://sketchfab.com/models/be0ce4b6158842af8b070b37019ba125/embed?autospin=0.2&autostart=1	0	200	
https://vandalo.blogspot.com/2019/03/cromatica-95-vercelli-mask-lark-amok.html	0	200	
https://sketchfab.com/models/fa0ba37475a84e24864fc52147917845/embed?autospin=0.2&autostart=1	0	200	
https://sito.libero.it/rampigneacuni/2022/08/09/falesia-della-reina-entracque/	0	200	
https://rifugiofauniera.it/vie-di-arrampicata/	0	200	
https://vicolungo.thestyleoutlets.it/it/intrend-diffusione-tessile	0	301	https://vicolungo.thestyleoutlets.it/it
https://vicolungo.thestyleoutlets.it/it/negozi/swarovski	0	200	
https://visitvalsesiavercelli.it/vivi/arte-e-cultura/arca-polo-espositivo/	0	200	
https://www.aeroclubtorino.it/it/storia/capitolo-4.html	0	200	
https://wiki.openstreetmap.org/wiki/File:PV_Ala-di-Stura_022.JPG	0	200	
https://www.beweb.chiesacattolica.it/edificidiculto/edificio/59405/Cappella+di+San+Sebastiano+e+San+Rocco	0	200	
https://www.cailanzo.it/index.php/component/k2/item/191-falesia-del-tramonto	0	404	
https://visit.asti.it/scopri-asti/artecultura/musei/museo-diocesano-san-giovanni/	0	200	
https://www.cailanzo.it/index.php/palestre-di-roccia/item/184	0	404	
https://www.cailanzo.it/index.php/palestre-di-roccia/item/190-guglia-rossa-e-marmitta-di-lucifero	0	404	
https://www.cailanzo.it/index.php/palestre-di-roccia/item/171	0	404	
https://www.comune.casale-monferrato.al.it/toponomastica/difesa2	0	301	https://comune.casale-monferrato.al.it/toponomastica/difesa2
https://www.centrovercelli.it/negozio/reverchon/	0	200	
https://www.caiormea.it/il-rifugio-valcaira/	0	301	https://caiormea.it/il-rifugio-valcaira/
https://www.cittaecattedrali.it/it/bces/330-chiesa-nativita-di-maria-vergine	0	200	
https://www.comune.casalino.no.it/it-it/vivere-il-comune/cosa-vedere/castello-di-ponzana-sec-xi-21860-1-529d77a5f76b80411245b5dd7053f2d9	0	200	
https://www.comune.crissolo.cn.it/archivio/attivita/Consorzio-Autonoleggiatori-Cuneesi_35.asp	0	200	
https://www.comune.frabosasoprana.cn.it/Guidaalpaese?IDPagina=55578&IDCat=8615	0	200	
https://www.comune.front.to.it/it-it/amministrazione/uffici/servizi/biblioteca-comunale-1778-1-2066a70651226dd12e34c09915c15462	0	404	
https://www.comune.ivrea.to.it/index.php/entra-in-comune/la-struttura-organizzativa/contatti-e-orari/item/informagiovani.htmlafe.html	0	404	
https://www.comune.ivrea.to.it/index.php/entra-in-comune/la-struttura-organizzativa/contatti-e-orari/item/servizio-biblioteca-e-sistema-bibliotecario.html	0	404	
https://www.comune.ivrea.to.it/index.php/entra-in-comune/la-struttura-organizzativa/contatti-e-orari/item/ufficio-anagrafe.html	0	404	
https://www.comune.ivrea.to.it/index.php/entra-in-comune/la-struttura-organizzativa/contatti-e-orari/item/ufficio-elettorale.html	0	404	
https://www.estmonterosa.it/catasto-percorsi-vco-piana-del-toce-settore-a.html://percorsi.estmonterosa.it/a/A38/A38.kml	0	404	
https://www.estmonterosa.it/catasto-percorsi-vco-piana-del-toce-settore-a.html://percorsi.estmonterosa.it/a/A40/A40.kml	0	404	
https://www.estmonterosa.it/catasto-percorsi-vco-piana-del-toce-settore-a.html://percorsi.estmonterosa.it/a/A40b/A40b.kml	0	404	
https://www.comune.vercelli.it/sociale/servizi-anziani/inserimento-nella-casa-giorno-anziani-ca-dal	0	404	
https://www.estmonterosa.it/catasto-percorsi-vco-piana-del-toce-settore-a.html://percorsi.estmonterosa.it/a/B00(1)/B00(1).kml	0	404	
https://www.cuneoclimbing.it/new/2025/01/07/rastello-falesia-gias-gruppetti/	0	200	
https://www.estmonterosa.it/catasto-percorsi-vco-piana-del-toce-settore-a.html://percorsi.estmonterosa.it/a/B00(2)/B00(2).kml	0	404	
https://www.facebook.com/alagna.it/photos/a.187118401402254.40629.179267195520708/846537008793720/?type=3&theater	0	302	https://www.facebook.com/login/?next=https%3A%2F%2Fwww.facebook.com%2Falagna.it%2Fphotos%2Fa.187118401402254.40629.179267195520708%2F846537008793720%2F%3Ftype%3D3%26theater
https://www.facebook.com/farmacia.del.palucco.asti/	0	200	
https://www.facebook.com/media/set/?set=a.650677711712985.1073741873.179267195520708&type=3&uploaded=32	0	200	
https://www.facebook.com/pages/la-bottega-delle-lingue/256169607634?id=256169607634&sk=info	0	200	
https://www.falesia.it/it/crag/293/borgoratto.html	0	200	
https://www.fermopoint.it/punto-di-ritiro-e-di-spedizione-pacchi/Nero-su-Bianco-Copisteria-16896	0	200	
https://www.ferrate365.it/vie-ferrate/ferrata-montorfano/	0	200	
https://www.fedcp.org/hospice/hospice-il-gelso	0	403	
https://www.gtt.to.it/cms/parcheggi/31-barriera/rotazione/1630-caio-mario#camper	0	200	
https://www.gulliver.it/itinerari/alpini-falesia-degli-2/	0	403	
https://www.gulliver.it/itinerari/lausa-bruna-contrafforti-di-parete-ese-via-2-di-cuori/	0	403	
https://www.gulliver.it/itinerari/miroglio-attico-falesia/#main	0	403	
https://www.gulliver.it/itinerari/san-giacomo-di-boves/	0	403	
https://www.gulliver.it/itinerari/stella-corno-regalami-un-sorriso-2/#main	0	403	
https://www.gulliver.it/itinerario/10093/	0	403	
https://www.gulliver.it/itinerario/10756/	0	403	
https://www.gulliver.it/itinerario/10930/	0	403	
https://www.gulliver.it/itinerario/11875/	0	403	
https://www.gulliver.it/itinerario/13700/	0	403	
https://www.comune.chivasso.to.it/fr/point-of-interest/753686	28		
https://www.gulliver.it/itinerario/3772/	0	403	
https://www.gulliver.it/itinerario/4143/	0	403	
https://www.gulliver.it/itinerario/47072/	0	403	
https://www.gulliver.it/itinerario/48961/	0	403	
https://www.gulliver.it/itinerario/53539/https://www.gulliver.it/itinerario/70448/https://www.gulliver.it/itinerario/62401/	0	403	
https://www.groupama.it/trova-agente/vercelli/agenzia-vercelli-000375	0	200	
https://www.gulliver.it/itinerario/55983/	0	403	
https://www.gulliver.it/itinerario/5609/	0	403	
https://www.gulliver.it/itinerario/58210/	0	403	
https://www.gulliver.it/itinerario/63608/	0	403	
https://www.gulliver.it/itinerario/7965/	0	403	
https://www.gulliver.it/itinerario/7985/	0	403	
https://www.gulliver.it/itinerario/8982/	0	403	
https://www.gulliver.it/itinerario/8519/	0	403	
https://www.gulliver.it/itinerario/8538/	0	403	
https://www.gulliver.it/itinerario/9839/	0	403	
https://www.haute-maurienne-vanoise.com/en/group-accommodation/bivouac-hannibal-val-cenis/	0	200	
https://www.estmonterosa.it/catasto-percorsi-vco-vergante-settore-v.html	0	200	
https://www.ilcercartigianodiqualita.it/it/attivita/3813-pasticceria-mongini-di-mongini-roberto	0	302	https://www.ilcercartigianodiqualita.it/pasticceria-mongini-di-mongini-roberto
https://www.icybernonni.it/vc/palazzo-cerrone/	0	200	
https://www.icybernonni.it/vc/antchiostro-sgraziano/	0	200	
https://www.lesmontagnards.it/attivita/falesie-arrampicata/labirinto-sotterraneo/	0	200	
https://www.monvisopiemonte.com/panetteria-garzino-di-calcinere/	0	200	
https://www.museotorino.it/view/s/8acdee4da69a4114acd98523cc748576	0	200	
https://www.navigazionelaghi.it/en/	0	200	
https://www.montagnapertutti.it/alp_piemonte/stura/alpette.php?lang=it	0	200	
https://www.parrocchiaceres.it/index.php/chiesa-e-cappelle/19-almesio-cappella-di-s-anna	0	200	
https://www.piemonteitalia.eu/it/dormire/casa-ferie/casa-sacro-cuore	0	200	
https://www.polito.it/mappe?bl_id=TO_CIT09&fl_id=XPTE&rm_id=057	0	200	
https://www.polito.it/mappe?bl_id=TO_CIT09&fl_id=XPTE&rm_id=057?bl_id=TO_CIT09&fl_id=XPTE&rm_id=092	0	200	
https://www.polito.it/mappe?bl_id=TO_CIT09&fl_id=XPTE&rm_id=057?bl_id=TO_CIT09&fl_id=XPTE&rm_id=090	0	200	
https://www.polito.it/mappe?bl_id=TO_CIT09&fl_id=XPTE&rm_id=057?bl_id=TO_CIT09&fl_id=XPTE&rm_id=137	0	200	
https://www.polito.it/mappe?bl_id=TO_CIT09&fl_id=XPTE&rm_id=088	0	200	
https://www.polito.it/mappe?bl_id=TO_CIT09&fl_id=XPTE&rm_id=086	0	200	
https://www.runoutcs.it/	6		
https://www.parchireali.it/centro-visite-ciabot-degli-animali/	0	404	
https://www.sacrimonti.org/sacro-monte-di-crea/punto-di-interesse/-/d/cappella-1-martirio-di-sant-eusebio	0	200	
https://www.siedenergia.it/le-centrali/	0	200	
https://www.thecrag.com/de/klettern/italy/mont-orfano/area/408571107	0	403	
https://www.provincia.asti.it/it/point-of-interest/719812	0	301	https://www.provincia.asti.it/it/vivere/719812
https://www.valdisusaturismo.it/alp45/	0	200	
www.circolodidatticosangiorgio.it/montalenghe.html	-1		
www.circolodidatticosangiorgio.it/sangiorgiocanavese.html	-1		
www.comune.loranze.to.it/index.php/castel-rosso.html	-1		
www.comune.loranze.to.it/index.php/il-masso-coppellato.html	-1		
www.evos.it/evos-donatella-san-giorgio-canavese	-1		
www.icvistrorio.gov.it/doc/scuole/infanzia/loranzeinfanzia/intro.htm	-1		
www.icvistrorio.gov.it/doc/scuole/primaria/loranzeprimaria/intro.htm	-1		
www.icvistrorio.gov.it/doc/scuole/primaria/vistrorioprimaria/intro.htm	-1		
https://www.rifugiomondovi.com/index.php/il-rifugio/webcam	0	301	https://rifugiomondovi.com/webcam/
https://zupeggo.wordpress.com/2021/09/30/race-simulation-vercelli/	0	200	
https://www.vielunghe.com/mongioie-cima-campanili-via-alba-celtica/	0	200	
