<?xml version="1.0" encoding="UTF-8"?>
<!DOCTYPE html PUBLIC "-//W3C//DTD XHTML 1.0 Strict//EN"
    "http://www.w3.org/TR/xhtml1/DTD/xhtml1-strict.dtd">
<html xmlns="http://www.w3.org/1999/xhtml" xml:lang="en" lang="en">
<head>
  <meta http-equiv="content-type" content="text/html; charset=utf-8" lang="en"/>
  <title>OSM3S Response</title>
</head>
<body>

<p>The data included in this document is from www.openstreetmap.org. The data is made available under ODbL.</p>
<p><strong style="color:#FF0000">Error</strong>: runtime error: open64: 0 Success /osm3s_osm_base Dispatcher_Client::request_read_and_idx::timeout. The server is probably too busy to handle your request. </p>

</body>
</html>
<?xml version="1.0" encoding="UTF-8"?>
<!DOCTYPE html PUBLIC "-//W3C//DTD XHTML 1.0 Strict//EN"
    "http://www.w3.org/TR/xhtml1/DTD/xhtml1-strict.dtd">
<html xmlns="http://www.w3.org/1999/xhtml" xml:lang="en" lang="en">
<head>
  <meta http-equiv="content-type" content="text/html; charset=utf-8" lang="en"/>
  <title>OSM3S Response</title>
</head>
<body>

<p>The data included in this document is from www.openstreetmap.org. The data is made available under ODbL.</p>
<p><strong style="color:#FF0000">Error</strong>: runtime error: open64: 0 Success /osm3s_osm_base Dispatcher_Client::request_read_and_idx::timeout. The server is probably too busy to handle your request. </p>

</body>
</html>
node	262425415	https://www.navigazionelaghi.it/en/
node	306969325	https://fiches-geodesie.ign.fr/fiches/index.php?module=e&action=fichepdf&source=carte&sit_no=0616315
node	306969345	https://fiches-geodesie.ign.fr/fiches/index.php?module=e&action=fichepdf&source=carte&sit_no=06162A
node	306969357	https://fiches-geodesie.ign.fr/fiches/index.php?module=e&action=fichepdf&source=carte&sit_no=06162G
node	393787942	https://fiches-geodesie.ign.fr/fiches/index.php?module=e&action=fichepdf&source=carte&sit_no=73143G
node	393787978	https://fiches-geodesie.ign.fr/fiches/index.php?module=e&action=fichepdf&source=carte&sit_no=73056F
node	669976228	http://geodesie.ign.fr/fiches/index.php?module=e&action=fichepdf&source=carte&sit_no=0410001
node	669976234	http://geodesie.ign.fr/fiches/index.php?module=e&action=fichepdf&source=carte&sit_no=0410001
node	669976238	http://geodesie.ign.fr/fiches/index.php?module=e&action=fichepdf&source=carte&sit_no=0410003
node	669976239	http://geodesie.ign.fr/fiches/index.php?module=e&action=fichepdf&source=carte&sit_no=0410003
node	669976240	http://geodesie.ign.fr/fiches/index.php?module=e&action=fichepdf&source=carte&sit_no=0410003
node	669976241	http://geodesie.ign.fr/fiches/index.php?module=e&action=fichepdf&source=carte&sit_no=0410003
node	669976253	https://fiches-geodesie.ign.fr/fiches/index.php?module=e&action=fichepdf&source=carte&sit_no=0410007
node	669976395	http://geodesie.ign.fr/fiches/index.php?module=e&action=fichepdf&source=carte&sit_no=0412005
node	669976407	http://geodesie.ign.fr/fiches/index.php?module=e&action=fichepdf&source=carte&sit_no=0412005
node	669977629	http://geodesie.ign.fr/fiches/index.php?module=e&action=fichepdf&source=carte&sit_no=0500106
node	669977630	http://geodesie.ign.fr/fiches/index.php?module=e&action=fichepdf&source=carte&sit_no=0500106
node	669977632	http://geodesie.ign.fr/fiches/index.php?module=e&action=fichepdf&source=carte&sit_no=0500106
node	669977633	http://geodesie.ign.fr/fiches/index.php?module=e&action=fichepdf&source=carte&sit_no=0500107
node	669977634	http://geodesie.ign.fr/fiches/index.php?module=e&action=fichepdf&source=carte&sit_no=0500107
node	669977635	http://geodesie.ign.fr/fiches/index.php?module=e&action=fichepdf&source=carte&sit_no=0500107
node	669977636	http://geodesie.ign.fr/fiches/index.php?module=e&action=fichepdf&source=carte&sit_no=0500107
node	669977881	http://geodesie.ign.fr/fiches/index.php?module=e&action=fichepdf&source=carte&sit_no=0502709
node	669977882	http://geodesie.ign.fr/fiches/index.php?module=e&action=fichepdf&source=carte&sit_no=0502709
node	669977883	http://geodesie.ign.fr/fiches/index.php?module=e&action=fichepdf&source=carte&sit_no=0502709
node	669978475	http://geodesie.ign.fr/fiches/index.php?module=e&action=fichepdf&source=carte&sit_no=05085E
node	669978476	http://geodesie.ign.fr/fiches/index.php?module=e&action=fichepdf&source=carte&sit_no=05085F
node	669978477	http://geodesie.ign.fr/fiches/index.php?module=e&action=fichepdf&source=carte&sit_no=05085G
node	669978479	https://fiches-geodesie.ign.fr/fiches/index.php?module=e&action=fichepdf&source=carte&sit_no=05085I
node	669978481	http://geodesie.ign.fr/fiches/index.php?module=e&action=fichepdf&source=carte&sit_no=05085K
node	669978482	http://geodesie.ign.fr/fiches/index.php?module=e&action=fichepdf&source=carte&sit_no=05085M
node	669978486	https://fiches-geodesie.ign.fr/fiches/index.php?module=e&action=fichepdf&source=carte&sit_no=05085O
node	669978556	https://fiches-geodesie.ign.fr/fiches/index.php?module=e&action=fichepdf&source=carte&sit_no=0509314
node	669978559	http://geodesie.ign.fr/fiches/index.php?module=e&action=fichepdf&source=carte&sit_no=0509314
node	669978560	http://geodesie.ign.fr/fiches/index.php?module=e&action=fichepdf&source=carte&sit_no=0509314
node	669978576	https://fiches-geodesie.ign.fr/fiches/index.php?module=e&action=fichepdf&source=carte&sit_no=0509319
node	669978582	http://geodesie.ign.fr/fiches/index.php?module=e&action=fichepdf&source=carte&sit_no=0509319
node	669978586	http://geodesie.ign.fr/fiches/index.php?module=e&action=fichepdf&source=carte&sit_no=0509319
node	669978599	https://fiches-geodesie.ign.fr/fiches/index.php?module=e&action=fichepdf&source=carte&sit_no=0509321
node	669978609	https://fiches-geodesie.ign.fr/fiches/index.php?module=e&action=fichepdf&source=carte&sit_no=05093L
node	669978612	https://fiches-geodesie.ign.fr/fiches/index.php?module=e&action=fichepdf&source=carte&sit_no=05093O
node	669978614	https://fiches-geodesie.ign.fr/fiches/index.php?module=e&action=fichepdf&source=carte&sit_no=05093P
node	669978617	https://fiches-geodesie.ign.fr/fiches/index.php?module=e&action=fichepdf&source=carte&sit_no=05093R
node	669978618	https://fiches-geodesie.ign.fr/fiches/index.php?module=e&action=fichepdf&source=carte&sit_no=05093S
node	669978620	https://fiches-geodesie.ign.fr/fiches/index.php?module=e&action=fichepdf&source=carte&sit_no=05093U
node	669978621	https://fiches-geodesie.ign.fr/fiches/index.php?module=e&action=fichepdf&source=carte&sit_no=05093V
node	669978622	https://fiches-geodesie.ign.fr/fiches/index.php?module=e&action=fichepdf&source=carte&sit_no=05093W
node	669978623	http://geodesie.ign.fr/fiches/index.php?module=e&action=fichepdf&source=carte&sit_no=05093W
node	669978837	http://geodesie.ign.fr/fiches/index.php?module=e&action=fichepdf&source=carte&sit_no=0512003
node	669978840	http://geodesie.ign.fr/fiches/index.php?module=e&action=fichepdf&source=carte&sit_no=0512003
node	669979109	http://geodesie.ign.fr/fiches/index.php?module=e&action=fichepdf&source=carte&sit_no=0515704
node	669979111	http://geodesie.ign.fr/fiches/index.php?module=e&action=fichepdf&source=carte&sit_no=0515704
node	669979115	http://geodesie.ign.fr/fiches/index.php?module=e&action=fichepdf&source=carte&sit_no=0515705
node	669979116	http://geodesie.ign.fr/fiches/index.php?module=e&action=fichepdf&source=carte&sit_no=0515705
node	669979118	http://geodesie.ign.fr/fiches/index.php?module=e&action=fichepdf&source=carte&sit_no=0515705
node	669979120	http://geodesie.ign.fr/fiches/index.php?module=e&action=fichepdf&source=carte&sit_no=0515705
node	669979122	http://geodesie.ign.fr/fiches/index.php?module=e&action=fichepdf&source=carte&sit_no=0515705
node	669979204	https://fiches-geodesie.ign.fr/fiches/index.php?module=e&action=fichepdf&source=carte&sit_no=05174E
node	669979205	http://geodesie.ign.fr/fiches/index.php?module=e&action=fichepdf&source=carte&sit_no=05174F
node	669979448	http://geodesie.ign.fr/fiches/index.php?module=e&action=fichepdf&source=carte&sit_no=0601301
node	669979449	http://geodesie.ign.fr/fiches/index.php?module=e&action=fichepdf&source=carte&sit_no=0601301
node	669979450	http://geodesie.ign.fr/fiches/index.php?module=e&action=fichepdf&source=carte&sit_no=0601301
node	669979451	http://geodesie.ign.fr/fiches/index.php?module=e&action=fichepdf&source=carte&sit_no=0601301
node	669979452	http://geodesie.ign.fr/fiches/index.php?module=e&action=fichepdf&source=carte&sit_no=0601301
node	669979454	http://geodesie.ign.fr/fiches/index.php?module=e&action=fichepdf&source=carte&sit_no=0601301
node	669980108	http://geodesie.ign.fr/fiches/index.php?module=e&action=fichepdf&source=carte&sit_no=0607301
node	669980109	http://geodesie.ign.fr/fiches/index.php?module=e&action=fichepdf&source=carte&sit_no=0607301
node	669980110	http://geodesie.ign.fr/fiches/index.php?module=e&action=fichepdf&source=carte&sit_no=0607301
node	669980111	http://geodesie.ign.fr/fiches/index.php?module=e&action=fichepdf&source=carte&sit_no=0607301
node	669980112	http://geodesie.ign.fr/fiches/index.php?module=e&action=fichepdf&source=carte&sit_no=0607301
node	669980113	http://geodesie.ign.fr/fiches/index.php?module=e&action=fichepdf&source=carte&sit_no=0607301
node	669980114	http://geodesie.ign.fr/fiches/index.php?module=e&action=fichepdf&source=carte&sit_no=0607301
node	669980120	http://geodesie.ign.fr/fiches/index.php?module=e&action=fichepdf&source=carte&sit_no=0607303
node	669980145	https://fiches-geodesie.ign.fr/fiches/index.php?module=e&action=fichepdf&source=carte&sit_no=0607307
node	669980151	http://geodesie.ign.fr/fiches/index.php?module=e&action=fichepdf&source=carte&sit_no=0607307
node	669980179	https://fiches-geodesie.ign.fr/fiches/index.php?module=e&action=fichepdf&source=carte&sit_no=06073AA
node	669980181	https://fiches-geodesie.ign.fr/fiches/index.php?module=e&action=fichepdf&source=carte&sit_no=06073AB
node	669980185	https://fiches-geodesie.ign.fr/fiches/index.php?module=e&action=fichepdf&source=carte&sit_no=06073AC
node	669980190	https://fiches-geodesie.ign.fr/fiches/index.php?module=e&action=fichepdf&source=carte&sit_no=06073AD
node	669980194	https://fiches-geodesie.ign.fr/fiches/index.php?module=e&action=fichepdf&source=carte&sit_no=06073AE
node	669980198	https://fiches-geodesie.ign.fr/fiches/index.php?module=e&action=fichepdf&source=carte&sit_no=06073AF
node	669980202	https://fiches-geodesie.ign.fr/fiches/index.php?module=e&action=fichepdf&source=carte&sit_no=06073AG
node	669980204	https://fiches-geodesie.ign.fr/fiches/index.php?module=e&action=fichepdf&source=carte&sit_no=06073AH
node	669980205	https://fiches-geodesie.ign.fr/fiches/index.php?module=e&action=fichepdf&source=carte&sit_no=06073AI
node	669980206	https://fiches-geodesie.ign.fr/fiches/index.php?module=e&action=fichepdf&source=carte&sit_no=06073AJ
node	669980207	https://fiches-geodesie.ign.fr/fiches/index.php?module=e&action=fichepdf&source=carte&sit_no=06073AK
node	669980208	http://geodesie.ign.fr/fiches/index.php?module=e&action=fichepdf&source=carte&sit_no=06073AL
node	669980209	https://fiches-geodesie.ign.fr/fiches/index.php?module=e&action=fichepdf&source=carte&sit_no=06073AM
node	669980210	https://fiches-geodesie.ign.fr/fiches/index.php?module=e&action=fichepdf&source=carte&sit_no=06073AN
node	669980211	https://fiches-geodesie.ign.fr/fiches/index.php?module=e&action=fichepdf&source=carte&sit_no=06073AO
node	669980212	https://fiches-geodesie.ign.fr/fiches/index.php?module=e&action=fichepdf&source=carte&sit_no=06073AP
node	669980213	https://fiches-geodesie.ign.fr/fiches/index.php?module=e&action=fichepdf&source=carte&sit_no=06073AQ
node	669980214	https://fiches-geodesie.ign.fr/fiches/index.php?module=e&action=fichepdf&source=carte&sit_no=06073AR
node	669980215	https://fiches-geodesie.ign.fr/fiches/index.php?module=e&action=fichepdf&source=carte&sit_no=06073AS
node	669980219	http://geodesie.ign.fr/fiches/index.php?module=e&action=fichepdf&source=carte&sit_no=06073AW
node	669980221	http://geodesie.ign.fr/fiches/index.php?module=e&action=fichepdf&source=carte&sit_no=06073AY
node	669980223	https://fiches-geodesie.ign.fr/fiches/index.php?module=e&action=fichepdf&source=carte&sit_no=06073B
node	669980228	https://fiches-geodesie.ign.fr/fiches/index.php?module=e&action=fichepdf&source=carte&sit_no=06073BD
node	669980229	https://fiches-geodesie.ign.fr/fiches/index.php?module=e&action=fichepdf&source=carte&sit_no=06073BE
node	669980230	https://fiches-geodesie.ign.fr/fiches/index.php?module=e&action=fichepdf&source=carte&sit_no=06073BF
node	669980231	https://fiches-geodesie.ign.fr/fiches/index.php?module=e&action=fichepdf&source=carte&sit_no=06073BH
node	669980232	https://fiches-geodesie.ign.fr/fiches/index.php?module=e&action=fichepdf&source=carte&sit_no=06073BI
node	669980233	https://fiches-geodesie.ign.fr/fiches/index.php?module=e&action=fichepdf&source=carte&sit_no=06073BJ
node	669980234	https://fiches-geodesie.ign.fr/fiches/index.php?module=e&action=fichepdf&source=carte&sit_no=06073BK
node	669980236	http://geodesie.ign.fr/fiches/index.php?module=e&action=fichepdf&source=carte&sit_no=06073BM
node	669980238	http://geodesie.ign.fr/fiches/index.php?module=e&action=fichepdf&source=carte&sit_no=06073BO
node	669980239	http://geodesie.ign.fr/fiches/index.php?module=e&action=fichepdf&source=carte&sit_no=06073BP
node	669980244	https://fiches-geodesie.ign.fr/fiches/index.php?module=e&action=fichepdf&source=carte&sit_no=06073C
node	669980246	https://fiches-geodesie.ign.fr/fiches/index.php?module=e&action=fichepdf&source=carte&sit_no=06073E
node	669980253	http://geodesie.ign.fr/fiches/index.php?module=e&action=fichepdf&source=carte&sit_no=06073L
node	669980257	https://fiches-geodesie.ign.fr/fiches/index.php?module=e&action=fichepdf&source=carte&sit_no=06073N
node	669980260	http://geodesie.ign.fr/fiches/index.php?module=e&action=fichepdf&source=carte&sit_no=06073P
node	669980274	http://ancien-geodesie.ign.fr/fiche_point.asp?num_site=06073R&no_ptg=01&numero_f50=3640
node	669980280	http://geodesie.ign.fr/fiches/index.php?module=e&action=fichepdf&source=carte&sit_no=06073S
node	669980289	http://geodesie.ign.fr/fiches/index.php?module=e&action=fichepdf&source=carte&sit_no=06073U
node	669980313	http://geodesie.ign.fr/fiches/index.php?module=e&action=fichepdf&source=carte&sit_no=06073Z
node	669980761	http://geodesie.ign.fr/fiches/index.php?module=e&action=fichepdf&source=carte&sit_no=0612001
node	669980775	http://geodesie.ign.fr/fiches/index.php?module=e&action=fichepdf&source=carte&sit_no=0612005
node	669980843	http://geodesie.ign.fr/fiches/index.php?module=e&action=fichepdf&source=carte&sit_no=0612707
node	669980850	http://geodesie.ign.fr/fiches/index.php?module=e&action=fichepdf&source=carte&sit_no=06127C
node	669980852	http://geodesie.ign.fr/fiches/index.php?module=e&action=fichepdf&source=carte&sit_no=06127E
node	669980854	http://geodesie.ign.fr/fiches/index.php?module=e&action=fichepdf&source=carte&sit_no=06127F
node	669980855	http://geodesie.ign.fr/fiches/index.php?module=e&action=fichepdf&source=carte&sit_no=06127F
node	669980856	https://fiches-geodesie.ign.fr/fiches/index.php?module=e&action=fichepdf&source=carte&sit_no=06127G
node	669980858	http://geodesie.ign.fr/fiches/index.php?module=e&action=fichepdf&source=carte&sit_no=06127H
node	669980859	https://fiches-geodesie.ign.fr/fiches/index.php?module=e&action=fichepdf&source=carte&sit_no=06127I
node	669981285	http://geodesie.ign.fr/fiches/index.php?module=e&action=fichepdf&source=carte&sit_no=0615305
node	669981286	http://geodesie.ign.fr/fiches/index.php?module=e&action=fichepdf&source=carte&sit_no=0615305
node	669981287	http://geodesie.ign.fr/fiches/index.php?module=e&action=fichepdf&source=carte&sit_no=0615305
node	669981288	http://geodesie.ign.fr/fiches/index.php?module=e&action=fichepdf&source=carte&sit_no=0615305
node	669981289	http://geodesie.ign.fr/fiches/index.php?module=e&action=fichepdf&source=carte&sit_no=0615306
node	669981290	http://geodesie.ign.fr/fiches/index.php?module=e&action=fichepdf&source=carte&sit_no=0615306
node	669981291	http://geodesie.ign.fr/fiches/index.php?module=e&action=fichepdf&source=carte&sit_no=0615306
node	669981292	http://geodesie.ign.fr/fiches/index.php?module=e&action=fichepdf&source=carte&sit_no=0615306
node	669981293	http://geodesie.ign.fr/fiches/index.php?module=e&action=fichepdf&source=carte&sit_no=0615306
node	669981372	http://geodesie.ign.fr/fiches/index.php?module=e&action=fichepdf&source=carte&sit_no=06162B
node	669981375	http://geodesie.ign.fr/fiches/index.php?module=e&action=fichepdf&source=carte&sit_no=06162D
node	669981376	http://geodesie.ign.fr/fiches/index.php?module=e&action=fichepdf&source=carte&sit_no=06162E
node	669981379	http://geodesie.ign.fr/fiches/index.php?module=e&action=fichepdf&source=carte&sit_no=06162H
node	669981406	http://geodesie.ign.fr/fiches/index.php?module=e&action=fichepdf&source=carte&sit_no=0616309
node	669981407	http://geodesie.ign.fr/fiches/index.php?module=e&action=fichepdf&source=carte&sit_no=0616309
node	669981408	http://geodesie.ign.fr/fiches/index.php?module=e&action=fichepdf&source=carte&sit_no=0616309
node	669981419	https://fiches-geodesie.ign.fr/fiches/index.php?module=e&action=fichepdf&source=carte&sit_no=0616314
node	669981421	http://geodesie.ign.fr/fiches/index.php?module=e&action=fichepdf&source=carte&sit_no=06163A
node	669981422	http://geodesie.ign.fr/fiches/index.php?module=e&action=fichepdf&source=carte&sit_no=06163A
node	669981423	http://geodesie.ign.fr/fiches/index.php?module=e&action=fichepdf&source=carte&sit_no=06163A
node	669981424	http://geodesie.ign.fr/fiches/index.php?module=e&action=fichepdf&source=carte&sit_no=06163A
node	669981425	http://geodesie.ign.fr/fiches/index.php?module=e&action=fichepdf&source=carte&sit_no=06163A
node	669981426	http://geodesie.ign.fr/fiches/index.php?module=e&action=fichepdf&source=carte&sit_no=06163A
node	669981427	http://geodesie.ign.fr/fiches/index.php?module=e&action=fichepdf&source=carte&sit_no=06163C
node	669981428	http://geodesie.ign.fr/fiches/index.php?module=e&action=fichepdf&source=carte&sit_no=06163D
node	669981429	http://geodesie.ign.fr/fiches/index.php?module=e&action=fichepdf&source=carte&sit_no=06163E
node	669981430	http://geodesie.ign.fr/fiches/index.php?module=e&action=fichepdf&source=carte&sit_no=06163E
node	669981431	https://fiches-geodesie.ign.fr/fiches/index.php?module=e&action=fichepdf&source=carte&sit_no=06163G
node	669981432	https://fiches-geodesie.ign.fr/fiches/index.php?module=e&action=fichepdf&source=carte&sit_no=06163H
node	669981434	http://geodesie.ign.fr/fiches/index.php?module=e&action=fichepdf&source=carte&sit_no=06163J
node	669981438	http://ancien-geodesie.ign.fr/fiche_point.asp?num_site=06163O&no_ptg=01&numero_f50=3740
node	670532631	http://geodesie.ign.fr/fiches/index.php?module=e&action=fichepdf&source=carte&sit_no=7302602
node	670532640	http://geodesie.ign.fr/fiches/index.php?module=e&action=fichepdf&source=carte&sit_no=7302604
node	670532644	http://geodesie.ign.fr/fiches/index.php?module=e&action=fichepdf&source=carte&sit_no=7302604
node	670532647	http://geodesie.ign.fr/fiches/index.php?module=e&action=fichepdf&source=carte&sit_no=7302604
node	670533122	http://geodesie.ign.fr/fiches/index.php?module=e&action=fichepdf&source=carte&sit_no=7304008
node	670533183	http://geodesie.ign.fr/fiches/index.php?module=e&action=fichepdf&source=carte&sit_no=7304014
node	670533186	https://fiches-geodesie.ign.fr/fiches/index.php?module=e&action=fichepdf&source=carte&sit_no=7304015
node	670533385	http://geodesie.ign.fr/fiches/index.php?module=e&action=fichepdf&source=carte&sit_no=7304709
node	670533398	https://fiches-geodesie.ign.fr/fiches/index.php?module=e&action=fichepdf&source=carte&sit_no=7304709
node	670533401	http://ancien-geodesie.ign.fr/fiche_point.asp?num_site=7304710&no_ptg=01&numero_f50=3633
node	670533408	https://fiches-geodesie.ign.fr/fiches/index.php?module=e&action=fichepdf&source=carte&sit_no=73047A
node	670533412	https://fiches-geodesie.ign.fr/fiches/index.php?module=e&action=fichepdf&source=carte&sit_no=73047A
node	670533426	http://geodesie.ign.fr/fiches/index.php?module=e&action=fichepdf&source=carte&sit_no=73047A
node	670533831	http://geodesie.ign.fr/fiches/index.php?module=e&action=fichepdf&source=carte&sit_no=7305604
node	670533834	http://geodesie.ign.fr/fiches/index.php?module=e&action=fichepdf&source=carte&sit_no=7305604
node	670533863	http://geodesie.ign.fr/fiches/index.php?module=e&action=fichepdf&source=carte&sit_no=7305607
node	670533867	http://geodesie.ign.fr/fiches/index.php?module=e&action=fichepdf&source=carte&sit_no=7305607
node	670533870	http://geodesie.ign.fr/fiches/index.php?module=e&action=fichepdf&source=carte&sit_no=7305607
node	670533894	https://fiches-geodesie.ign.fr/fiches/index.php?module=e&action=fichepdf&source=carte&sit_no=7305609
node	670533944	https://fiches-geodesie.ign.fr/fiches/index.php?module=e&action=fichepdf&source=carte&sit_no=73056D
node	670533948	https://fiches-geodesie.ign.fr/fiches/index.php?module=e&action=fichepdf&source=carte&sit_no=73056E
node	670535530	https://fiches-geodesie.ign.fr/fiches/index.php?module=e&action=fichepdf&source=carte&sit_no=73143H
node	670535532	https://fiches-geodesie.ign.fr/fiches/index.php?module=e&action=fichepdf&source=carte&sit_no=73143I
node	670535884	http://geodesie.ign.fr/fiches/index.php?module=e&action=fichepdf&source=carte&sit_no=7315706
node	670535894	http://geodesie.ign.fr/fiches/index.php?module=e&action=fichepdf&source=carte&sit_no=7315706
node	670535900	http://geodesie.ign.fr/fiches/index.php?module=e&action=fichepdf&source=carte&sit_no=7315706
node	670535907	http://geodesie.ign.fr/fiches/index.php?module=e&action=fichepdf&source=carte&sit_no=73157A
node	670539861	http://geodesie.ign.fr/fiches/index.php?module=e&action=fichepdf&source=carte&sit_no=7330412
node	670539865	http://geodesie.ign.fr/fiches/index.php?module=e&action=fichepdf&source=carte&sit_no=7330412
node	801074300	http://ancien-geodesie.ign.fr/fiche_point.asp?num_site=06127H&no_ptg=01&numero_f50=3740
node	805865728	http://www.cai.mondovi.cn.it/cai/rifugi/bivacchi/cavarero.htm
node	854718943	https://climbook.com/falesie/27168/placche-giacottino
node	939585261	http://www.santuariosantanna.eu/webcam.html
node	946532758	https://www.gulliver.it/itinerario/5609/
node	946532760	https://www.gulliver.it/itinerario/3772/
node	946532761	https://www.gulliver.it/itinerario/4143/;http://www.scuolaguidodellatorre.it/relazioni/RoccaSbarua-viaCinquettiBurdino/271/
node	975617966	http://fornoalpigraie.it/img/IMG_20130706_165505s.jpg
node	975617977	http://fornoalpigraie.it/img/IMG_20130706_165324s.jpg
node	975617980	http://fornoalpigraie.it/img/IMG_20130706_165251s.jpg
node	975617984	http://fornoalpigraie.it/img/IMG_20130706_165011s.jpg
node	1202309127	http://italia.indettaglio.it/ita/piemonte/verbanocusioossola_crodo_viceno.html
node	1202309129	http://italia.indettaglio.it/ita/piemonte/verbanocusioossola_crodo_mozzio.html
node	1202309130	http://italia.indettaglio.it/ita/piemonte/verbanocusioossola_crodo_cravegna.html
node	1268407766	http://www.parcovalborbera.it/
node	1318756523	http://www.regione.piemonte.it/montagna/areemontane/webcam15.htm
node	1342023935	https://www.rifugiomondovi.com/index.php/il-rifugio/webcam
node	1342094962	http://www.rifugiopagari.com/Birrificio.htm
node	1342579976	http://www.regione.piemonte.it/montagna/areemontane/im/webcam/mongioie.jpg
node	1561815021	http://www.bicincitta.com/
node	1561815049	http://www.bicincitta.com/
node	1561815055	http://www.bicincitta.com/
node	1673184257	https://www.fermopoint.it/punto-di-ritiro-e-di-spedizione-pacchi/Nero-su-Bianco-Copisteria-16896
node	1828715599	http://www.parcogranboscosalbertrand.it/Ecen_dettaglio.php?id=229
node	1877343757	http://www.biverbanca.it/dove-siamo/item/filiale-di-ivrea?category_id=69
node	1892546654	http://carrefour.it/supermercati-torino/ivrea/carrefour-express-via-pavetti.html
node	1892546711	http://www.limoni.it/code/19489
node	1892958104	https://www.comune.ivrea.to.it/index.php/entra-in-comune/la-struttura-organizzativa/contatti-e-orari/item/ufficio-anagrafe.html
node	2015434247	https://www.gulliver.it/itinerario/53539/https://www.gulliver.it/itinerario/70448/https://www.gulliver.it/itinerario/62401/
node	2024626650	http://rucaski.com
node	2085037914	http://fornoalpigraie.it/img/IMG_20130706_165302s.jpg
node	2211335535	https://www.comune.vercelli.it/sociale/servizi-anziani/inserimento-nella-casa-giorno-anziani-ca-dal
node	2376287540	http://fornoalpigraie.it/img/IMG_20130706_165044s.jpg
node	2376287541	http://fornoalpigraie.it/img/IMG_20130706_165055s.jpg
node	2376287542	http://fornoalpigraie.it/img/IMG_20130706_165121s.jpg
node	2385340755	https://www.thecrag.com/de/klettern/italy/mont-orfano/area/408571107
node	2420282734	http://geodesie.ign.fr/fiches/index.php?module=e&action=fichepdf&source=carte&sit_no=06127E
node	2502755111	https://identify.plantnet.org/it/k-middle-europe/observations/1022378313
node	2624742499	http://www.inmondadori.it/app/storeLocator/detail?pickUpPoint=1023
node	2635311005	http://www.inps.it/AgendaSedi/DatiSede.asp?D6=01V81V02V00
node	2638040736	https://www.facebook.com/pages/la-bottega-delle-lingue/256169607634?id=256169607634&sk=info
node	2642222121	http://www.tecnocasa.it/agenzie/immobiliari%2Bresidenziali/torino/ivrea/tohr5.html
node	2652491422	https://www.comune.ivrea.to.it/index.php/entra-in-comune/la-struttura-organizzativa/contatti-e-orari/item/informagiovani.htmlafe.html
node	2652491427	https://www.comune.ivrea.to.it/index.php/entra-in-comune/la-struttura-organizzativa/contatti-e-orari/item/ufficio-elettorale.html
node	2701647428	http://www.aeo.it/PuntiVendita.aspx?regione=piemonte&provincia=Torino&puntovendita=172
node	2747882245	http://www.rifugioguglielmina.com
node	2885602415	http://www.localport.it/canavese/trattoriasgiovanni/trattoriasangiovanni.asp
node	2909469525	https://it-it.facebook.com/pages/Hollywood-cafè/472502336137001
node	2909469537	http://agenzie.tecnocasa.it/piemonte/torino/aglie/aglie/chi-siamo.html
node	2911568526	http://www.circolodidatticosangiorgio.it/cuceglio.html
node	2912662924	http://www.ecomuseoami.it/index.php?option=com_content&view=article&id=116:museo-didattico-memorie-del-tempo-&catid=39:musei-della-rete&Itemid=64
node	2925194738	www.comune.loranze.to.it/index.php/castel-rosso.html
node	2928553571	http://www.ecomuseoami.it/index.php?option=com_content&view=article&id=119:museo-mineralogico-&catid=39:musei-della-rete&Itemid=64
node	2931926894	www.icvistrorio.gov.it/doc/scuole/primaria/vistrorioprimaria/intro.htm
node	2942678024	www.evos.it/evos-donatella-san-giorgio-canavese
node	2942678070	www.circolodidatticosangiorgio.it/sangiorgiocanavese.html
node	2942678073	www.circolodidatticosangiorgio.it/montalenghe.html
node	2942678076	agenzie.tecnocasa.it/piemonte/torino/san-giorgio-canavese/san-giorgio-canavese/chi-siamo.html
node	2971785312	http://www.santuariosantanna.eu/webcam.html
node	3100054969	http://geodesie.ign.fr/fiches/index.php?module=e&action=fichepdf&source=carte&sit_no=05157A
node	3256376861	http://www.comune.torino.it/papum/user.php?context=opere&submitAction=dettaglio&ID_opera=M215
node	3401928898	https://www.sacrimonti.org/sacro-monte-di-crea/punto-di-interesse/-/d/cappella-1-martirio-di-sant-eusebio
node	3456136050	https://www.fedcp.org/hospice/hospice-il-gelso
node	3636501728	https://montagnapertutti.it/roccia/arrampicate/piemonte/stura/vallonetto.php?lang=en
node	3636501736	https://montagnapertutti.it/roccia/arrampicate/piemonte/stura/vallonetto_so.php
node	4021978123	https://www.museotorino.it/view/s/8acdee4da69a4114acd98523cc748576
node	4387221296	https://www.provincia.asti.it/it/point-of-interest/719812
node	4401669662	https://www.gtt.to.it/cms/parcheggi/31-barriera/rotazione/1630-caio-mario#camper
node	4576131245	http://webgis.arpa.piemonte.it/webmeteo/meteo.php?CODTOT=005005901
node	4585775093	http://www.altox.it/ValsusaFalesie/caprie_dahu.htm
node	4585792190	http://www.altox.it/ValsusaFalesie/caprie_estateinf.htm
node	4735022345	https://coinatmradar.com/bitcoin_atm/10902/bitcoin-atm-shitcoins-club-torino-punto-atm-bitcoin/
node	4785226729	www.comune.loranze.to.it/index.php/il-masso-coppellato.html
node	4828231374	http://www.in-montagna.it/forum/viewtopic.php?f=4&t=374
node	4982023322	http://www.comune.torino.it/papum/
node	5010854912	https://www.facebook.com/farmacia.del.palucco.asti/
node	5540310798	https://wiki.openstreetmap.org/wiki/File:PV_Ala-di-Stura_022.JPG
node	5540978968	https://commons.wikimedia.org/wiki/File:PV_Balme_015.JPG
node	5624818418	https://www.runoutcs.it/
node	5698663258	http://www.agriturismofiorendo.it/
node	5702705181	http://www.lafiocavenmola.it/modules/news/article.php?storyid=5359
node	6184719771	https://climbook.com/falesie/1558/rocca-dellarma-placca-silvana-lo-scudo-placca-di-guz-notte-di-stelle
node	6323207710	http://www.paesaggiverticali.it/Montagna/Relazioni/RelazioniMontagna2011.aspx
node	6326168559	http://www.comune.usseglio.to.it/ComStruttureSportive.asp
node	6392934367	https://www.gulliver.it/itinerario/11875/
node	6461457192	https://www.lesmontagnards.it/attivita/falesie-arrampicata/labirinto-sotterraneo/
node	6735355902	https://www.falesia.it/it/crag/293/borgoratto.html
node	6766145318	https://commons.wikimedia.org/wiki/File:Scultura_lignea_su_albero.jpg
node	7004489165	http://www.lnostpais.it/la_rotonda/
node	8483515773	https://www.comune.front.to.it/it-it/amministrazione/uffici/servizi/biblioteca-comunale-1778-1-2066a70651226dd12e34c09915c15462
node	9123998296	http://archeocarta.org/salussola-bi-resti-della-pieve-di-san-pellegrino-di-puliaco/
node	9142575310	https://www.comune.crissolo.cn.it/archivio/attivita/Consorzio-Autonoleggiatori-Cuneesi_35.asp
node	9142687097	https://www.monvisopiemonte.com/panetteria-garzino-di-calcinere/
node	9165908016	https://www.comune.crissolo.cn.it/archivio/attivita/Consorzio-Autonoleggiatori-Cuneesi_35.asp
node	9214734222	https://www.ilcercartigianodiqualita.it/it/attivita/3813-pasticceria-mongini-di-mongini-roberto
node	9757285249	https://basilicamariaausiliatrice.it/cappella-pinardi/
node	10067276183	https://mediacor.it/product/madre-natalina-bonardi/
node	10067464879	http://www.vercellisantandrea.com/index.html?scene_id=10
node	10067464881	http://www.vercellisantandrea.com/index.html?scene_id=8
node	10067508166	http://www.vercellisantandrea.com/index.html?scene_id=9
node	10068662040	http://www.vercellisantandrea.com/index.html?scene_id=5
node	10766482289	https://coinatmradar.com/bitcoin_atm/55467/bitcoin-atm-shitcoins-club-torino-piazza-paradiso-torino-bitcoin-atm/
node	10797357513	https://guida.prolocorosazza.it/stella.html
node	10797357547	https://guida.prolocorosazza.it/fontanarosa.html
node	10799063142	https://guida.prolocorosazza.it/fontanafede.html
node	10799642091	https://guida.prolocorosazza.it/fontanavalligiana.html
node	10862634711	https://vicolungo.thestyleoutlets.it/it/negozi/swarovski
node	11364222877	https://catastogrotte-piemonte.net/caves-view-1550.html
node	12041219566	https://www.piemonteitalia.eu/it/dormire/casa-ferie/casa-sacro-cuore
node	12069805529	https://www.groupama.it/trova-agente/vercelli/agenzia-vercelli-000375
node	12182729856	https://sketchfab.com/models/be0ce4b6158842af8b070b37019ba125/embed?autospin=0.2&autostart=1
node	12182729858	https://sketchfab.com/models/87517206692740e38233b719e4a49a16/embed?autospin=0.2&autostart=1
node	12182729860	https://sketchfab.com/models/fa0ba37475a84e24864fc52147917845/embed?autospin=0.2&autostart=1
node	12825510286	https://zupeggo.wordpress.com/2021/09/30/race-simulation-vercelli/
node	12914919171	https://rifugiofauniera.it/vie-di-arrampicata/
node	12919818229	https://rifugiofauniera.it/vie-di-arrampicata/
node	12986213600	https://battikuore.com/
node	12986237419	https://www.gulliver.it/itinerari/lausa-bruna-contrafforti-di-parete-ese-via-2-di-cuori/
node	12999379822	https://www.gulliver.it/itinerari/san-giacomo-di-boves/
node	13013259372	https://www.gulliver.it/itinerari/stella-corno-regalami-un-sorriso-2/#main
node	13018258016	https://www.gulliver.it/itinerari/miroglio-attico-falesia/#main
node	13018268461	https://ekye.it/fontane/museo-etnografico/
node	13023980062	https://www.gulliver.it/itinerari/alpini-falesia-degli-2/
node	13028659360	https://www.comune.frabosasoprana.cn.it/Guidaalpaese?IDPagina=55578&IDCat=8615
node	13084116486	https://www.falesia.it/it/crag/293/borgoratto.html
node	13084142702	https://www.thecrag.com/de/klettern/italy/mont-orfano/area/408571107
node	13084142703	https://www.thecrag.com/de/klettern/italy/mont-orfano/area/408571107
node	13084188604	https://www.thecrag.com/de/klettern/italy/mont-orfano/area/408571107
node	13096798244	https://www.montagnapertutti.it/alp_piemonte/stura/alpette.php?lang=it
node	13124461333	https://www.cuneoclimbing.it/new/2025/01/07/rastello-falesia-gias-gruppetti/
node	13142543839	https://associazionedai.it/evento/il-triangolo-impossibile/
node	13143956428	https://www.vielunghe.com/mongioie-cima-campanili-via-alba-celtica/
node	13178375227	https://rifugiofauniera.it/vie-di-arrampicata/
node	13178379604	https://rifugiofauniera.it/vie-di-arrampicata/
node	13275553885	https://sito.libero.it/rampigneacuni/2022/08/09/falesia-della-reina-entracque/
way	59167755	https://ip.gruppoapi.com/
way	70044283	"https://openstreetcam.org/map/@45.692245515194244,8.471601605415346,18z"
way	75614681	http://www.rifugiogenova.it/
way	83490821	http://www.rifugiosoriaellena.com/
way	88809537	https://www.icybernonni.it/vc/palazzo-cerrone/
way	88809541	https://visitvalsesiavercelli.it/vivi/arte-e-cultura/arca-polo-espositivo/
way	103513748	https://www.siedenergia.it/le-centrali/
way	108891022	http://www.comune.caravino.to.it/storia-e-cultura/1612-chiesa-di-san-rocco
way	152008782	http://www.rifugio-mongioie.com/
way	152009066	http://www.rifugioliviobianco.com/
way	152013250	http://www.rifugiopagari.com/
way	152013782	http://www.rifugioremondino.it/
way	152015530	http://www.rifugioquesta.it/
way	159696433	https://www.comune.ivrea.to.it/index.php/entra-in-comune/la-struttura-organizzativa/contatti-e-orari/item/servizio-biblioteca-e-sistema-bibliotecario.html
way	161797548	http://www.icivrea2.it/scuola-primaria-nigra
way	178547160	http://questure.poliziadistato.it/Torino/orari-5-602-2-1.htm
way	178898564	http://negozi.ovs.it/it/negozi/italia/torino/ovs-ivrea_00361.aspx
way	181881982	http://www.termedivaldieri.it/
way	192215812	https://vicolungo.thestyleoutlets.it/it/intrend-diffusione-tessile
way	196003266	https://www.gulliver.it/itinerario/9839/
way	201625351	http://web.tiscali.it/rifugio.pontese/
way	232606692	https://catalogo.beniculturali.it/detail/ArchitecturalOrLandscapeHeritage/0100028372
way	241959799	http://www.cuneoclimbing.it/relazioni/falesie/bagnasco.pdf
way	244666242	http://www.altox.it/ValsusaFalesie/caprie_campambiardo.htm
way	244700427	http://www.altox.it/ValsusaFalesie/caprie_anticaprie.htm
way	257818306	https://www.caiormea.it/il-rifugio-valcaira/
way	261407697	http://www.ecomuseoami.it/site/index.php?option=com_content&view=article&id=103:ecomuseo-della-castagna-&catid=39:musei-della-rete&Itemid=64
way	264488919	http://www.icivrea2.it/scuola-primaria-don-milani
way	274963583	https://www.facebook.com/alagna.it/photos/a.187118401402254.40629.179267195520708/846537008793720/?type=3&theater
way	280991289	http://www.rifugioquarzina.it/
way	287317046	http://www.ddcastellamonte.it/aglie.htm
way	289311101	www.icvistrorio.gov.it/doc/scuole/primaria/loranzeprimaria/intro.htm
way	289311102	www.icvistrorio.gov.it/doc/scuole/infanzia/loranzeinfanzia/intro.htm
way	290765711	www.circolodidatticosangiorgio.it/montalenghe.html
way	304611746	https://www.facebook.com/media/set/?set=a.650677711712985.1073741873.179267195520708&type=3&uploaded=32
way	331926402	https://visit.asti.it/scopri-asti/artecultura/musei/museo-diocesano-san-giovanni/
way	374841913	https://www.gulliver.it/itinerario/7985/
way	375481476	http://www.rifugiochionea.it
way	380150014	http://www.gsptorino.it/la-capanna.html
way	439210969	http://www.chieseitaliane.chiesacattolica.it/chieseitaliane/schedaca.jsp?sercd=52465
way	501658512	https://www.haute-maurienne-vanoise.com/en/group-accommodation/bivouac-hannibal-val-cenis/
way	503193413	https://www.gulliver.it/itinerario/9839/
way	585361475	https://www.parchireali.it/centro-visite-ciabot-degli-animali/
way	588106316	http://www.gulliver.it/itinerario/8019/
way	588639857	http://www.gulliver.it/itinerario/46251/
way	670702308	https://www.gulliver.it/itinerario/8538/
way	670702555	https://www.gulliver.it/itinerario/10756/
way	671210248	http://www.altox.it/ValsusaFalesie/mompellato_placche.htm
way	671210249	http://www.altox.it/ValsusaFalesie/mompellato_placche.htm
way	671210250	http://www.altox.it/ValsusaFalesie/mompellato_placche.htm
way	676577916	https://www.cailanzo.it/index.php/component/k2/item/191-falesia-del-tramonto
way	676578698	https://www.cailanzo.it/index.php/palestre-di-roccia/item/190-guglia-rossa-e-marmitta-di-lucifero
way	676580414	https://www.cailanzo.it/index.php/palestre-di-roccia/item/190-guglia-rossa-e-marmitta-di-lucifero
way	682658028	https://www.gulliver.it/itinerario/10093/
way	682658100	https://www.gulliver.it/itinerario/10093/
way	682658288	https://www.gulliver.it/itinerario/10093/
way	682661560	https://www.gulliver.it/itinerario/47072/
way	682663730	https://www.gulliver.it/itinerario/48961/
way	687330865	http://www.altox.it/ValsusaFalesie/foresto_isolafelice.htm
way	687354395	https://www.cailanzo.it/index.php/palestre-di-roccia/item/184
way	687496100	https://www.gulliver.it/itinerario/10930/
way	687563946	http://www.altox.it/ValsusaFalesie/borgone_cava.htm
way	687568065	http://www.altox.it/ValsusaFalesie/borgone_penna.htm
way	687568965	http://www.altox.it/ValsusaFalesie/borgone_libro.htm
way	687576040	http://www.altox.it/ValsusaFalesie/chianocco_losarea.htm
way	688299440	https://www.gulliver.it/itinerario/8982/
way	688311228	https://www.gulliver.it/itinerario/7965/
way	688313025	http://www.altox.it/ValsusaFalesie/clarea_granrotsa.htm
way	688313051	http://www.altox.it/ValsusaFalesie/clarea_granrotsa.htm
way	688596625	https://www.gulliver.it/itinerario/63608/
way	689917669	https://www.gulliver.it/itinerario/8519/
way	689926403	https://www.gulliver.it/itinerario/55983/
way	689930508	https://www.cailanzo.it/index.php/palestre-di-roccia/item/171
way	689947618	https://www.gulliver.it/itinerario/13700/
way	691677356	https://www.gulliver.it/itinerario/58210/
way	719253900	https://www.comune.frabosasoprana.cn.it/Guidaalpaese?IDPagina=55578&IDCat=8615
way	721760540	https://www.aeroclubtorino.it/it/storia/capitolo-4.html
way	729880400	https://www.parrocchiaceres.it/index.php/chiesa-e-cappelle/19-almesio-cappella-di-s-anna
way	732161193	http://www.comune.groscavallo.to.it/it-it/vivere-il-comune/cosa-vedere/villa-pastrone-31493-1-d4b9ee0482d9fe025f2d252cff8746ae
way	770923111	https://www.comune.chivasso.to.it/fr/point-of-interest/753686
way	775536984	http://www.montagnabiellese.com/mucrone-via-del-canalino-2/
way	832462850	http://www.societastorica-dellevallidilanzo.it/la-royi-d%E2%80%99b%C3%A8rtoul%C3%A9.html
way	832462851	http://www.societastorica-dellevallidilanzo.it/la-royi-d%E2%80%99b%C3%A8rtoul%C3%A9.html
way	845955916	https://www.cittaecattedrali.it/it/bces/330-chiesa-nativita-di-maria-vergine
way	939450334	https://www.beweb.chiesacattolica.it/edificidiculto/edificio/59405/Cappella+di+San+Sebastiano+e+San+Rocco
way	942059245	http://www.giovanemontagna.org/rifugio.asp?id=6
way	1010348004	https://www.centrovercelli.it/negozio/reverchon/
way	1084516396	https://invalsesia.it/listing/chiesa-parrocchiale-di-san-giacomo-a-rimasco/
way	1093566650	https://www.ferrate365.it/vie-ferrate/ferrata-montorfano/
way	1102448717	"https://openstreetcam.org/map/@45.692245515194244,8.471601605415346,18z"
way	1102448718	"https://openstreetcam.org/map/@45.692245515194244,8.471601605415346,18z"
way	1102448719	"https://openstreetcam.org/map/@45.692245515194244,8.471601605415346,18z"
way	1102448720	"https://openstreetcam.org/map/@45.692245515194244,8.471601605415346,18z"
way	1112276352	https://vandalo.blogspot.com/2019/03/cromatica-95-vercelli-mask-lark-amok.html
way	1126372849	https://www.comune.casalino.no.it/it-it/vivere-il-comune/cosa-vedere/castello-di-ponzana-sec-xi-21860-1-529d77a5f76b80411245b5dd7053f2d9
way	1145218892	https://www.icybernonni.it/vc/antchiostro-sgraziano/
way	1159337119	http://www.societastorica-dellevallidilanzo.it/la-royi-d%E2%80%99b%C3%A8rtoul%C3%A9.html
way	1159337120	http://www.societastorica-dellevallidilanzo.it/la-royi-d%E2%80%99b%C3%A8rtoul%C3%A9.html
way	1159337121	http://www.societastorica-dellevallidilanzo.it/la-royi-d%E2%80%99b%C3%A8rtoul%C3%A9.html
way	1159337122	http://www.societastorica-dellevallidilanzo.it/la-royi-d%E2%80%99b%C3%A8rtoul%C3%A9.html
way	1159337123	http://www.societastorica-dellevallidilanzo.it/la-royi-d%E2%80%99b%C3%A8rtoul%C3%A9.html
way	1159337124	http://www.societastorica-dellevallidilanzo.it/la-royi-d%E2%80%99b%C3%A8rtoul%C3%A9.html
way	1180027384	"https://openstreetcam.org/map/@45.692245515194244,8.471601605415346,18z"
way	1271414496	https://www.comune.casale-monferrato.al.it/toponomastica/difesa2
way	1274341160	https://www.ferrate365.it/vie-ferrate/ferrata-montorfano/
way	1332887646	https://www.polito.it/mappe?bl_id=TO_CIT09&fl_id=XPTE&rm_id=057
way	1332907956	https://www.polito.it/mappe?bl_id=TO_CIT09&fl_id=XPTE&rm_id=057?bl_id=TO_CIT09&fl_id=XPTE&rm_id=137
way	1332908919	https://www.polito.it/mappe?bl_id=TO_CIT09&fl_id=XPTE&rm_id=057?bl_id=TO_CIT09&fl_id=XPTE&rm_id=092
way	1332909713	https://www.polito.it/mappe?bl_id=TO_CIT09&fl_id=XPTE&rm_id=057?bl_id=TO_CIT09&fl_id=XPTE&rm_id=090
way	1333028937	https://www.polito.it/mappe?bl_id=TO_CIT09&fl_id=XPTE&rm_id=088
way	1333244677	https://www.polito.it/mappe?bl_id=TO_CIT09&fl_id=XPTE&rm_id=086
relation	460358	http://geodesie.ign.fr/fiches/index.php?module=e&action=fichepdf&source=carte&sit_no=0410001
relation	460360	http://geodesie.ign.fr/fiches/index.php?module=e&action=fichepdf&source=carte&sit_no=0410003
relation	460364	http://geodesie.ign.fr/fiches/index.php?module=e&action=fichepdf&source=carte&sit_no=0410007
relation	460429	http://geodesie.ign.fr/fiches/index.php?module=e&action=fichepdf&source=carte&sit_no=0412005
relation	460854	http://geodesie.ign.fr/fiches/index.php?module=e&action=fichepdf&source=carte&sit_no=0500106
relation	460855	http://geodesie.ign.fr/fiches/index.php?module=e&action=fichepdf&source=carte&sit_no=0500107
relation	460949	http://geodesie.ign.fr/fiches/index.php?module=e&action=fichepdf&source=carte&sit_no=0502709
relation	461163	http://geodesie.ign.fr/fiches/index.php?module=e&action=fichepdf&source=carte&sit_no=05085E
relation	461164	http://geodesie.ign.fr/fiches/index.php?module=e&action=fichepdf&source=carte&sit_no=05085F
relation	461165	http://geodesie.ign.fr/fiches/index.php?module=e&action=fichepdf&source=carte&sit_no=05085G
relation	461167	http://geodesie.ign.fr/fiches/index.php?module=e&action=fichepdf&source=carte&sit_no=05085I
relation	461169	http://geodesie.ign.fr/fiches/index.php?module=e&action=fichepdf&source=carte&sit_no=05085K
relation	461170	http://geodesie.ign.fr/fiches/index.php?module=e&action=fichepdf&source=carte&sit_no=05085M
relation	461172	http://geodesie.ign.fr/fiches/index.php?module=e&action=fichepdf&source=carte&sit_no=05085O
relation	461198	http://geodesie.ign.fr/fiches/index.php?module=e&action=fichepdf&source=carte&sit_no=0509314
relation	461203	http://geodesie.ign.fr/fiches/index.php?module=e&action=fichepdf&source=carte&sit_no=0509319
relation	461205	http://geodesie.ign.fr/fiches/index.php?module=e&action=fichepdf&source=carte&sit_no=0509321
relation	461212	http://geodesie.ign.fr/fiches/index.php?module=e&action=fichepdf&source=carte&sit_no=05093O
relation	461214	http://geodesie.ign.fr/fiches/index.php?module=e&action=fichepdf&source=carte&sit_no=05093R
relation	461215	http://geodesie.ign.fr/fiches/index.php?module=e&action=fichepdf&source=carte&sit_no=05093S
relation	461217	http://geodesie.ign.fr/fiches/index.php?module=e&action=fichepdf&source=carte&sit_no=05093U
relation	461218	http://geodesie.ign.fr/fiches/index.php?module=e&action=fichepdf&source=carte&sit_no=05093V
relation	461219	http://geodesie.ign.fr/fiches/index.php?module=e&action=fichepdf&source=carte&sit_no=05093W
relation	461307	http://geodesie.ign.fr/fiches/index.php?module=e&action=fichepdf&source=carte&sit_no=0512003
relation	461418	http://geodesie.ign.fr/fiches/index.php?module=e&action=fichepdf&source=carte&sit_no=0515704
relation	461419	http://geodesie.ign.fr/fiches/index.php?module=e&action=fichepdf&source=carte&sit_no=0515705
relation	461420	http://geodesie.ign.fr/fiches/index.php?module=e&action=fichepdf&source=carte&sit_no=05157A
relation	461461	http://geodesie.ign.fr/fiches/index.php?module=e&action=fichepdf&source=carte&sit_no=05174F
relation	461535	http://geodesie.ign.fr/fiches/index.php?module=e&action=fichepdf&source=carte&sit_no=0601301
relation	461750	http://geodesie.ign.fr/fiches/index.php?module=e&action=fichepdf&source=carte&sit_no=0607301
relation	461752	http://geodesie.ign.fr/fiches/index.php?module=e&action=fichepdf&source=carte&sit_no=0607303
relation	461756	http://geodesie.ign.fr/fiches/index.php?module=e&action=fichepdf&source=carte&sit_no=0607307
relation	461759	http://geodesie.ign.fr/fiches/index.php?module=e&action=fichepdf&source=carte&sit_no=06073AA
relation	461760	http://geodesie.ign.fr/fiches/index.php?module=e&action=fichepdf&source=carte&sit_no=06073AB
relation	461761	http://geodesie.ign.fr/fiches/index.php?module=e&action=fichepdf&source=carte&sit_no=06073AC
relation	461762	http://geodesie.ign.fr/fiches/index.php?module=e&action=fichepdf&source=carte&sit_no=06073AD
relation	461763	http://geodesie.ign.fr/fiches/index.php?module=e&action=fichepdf&source=carte&sit_no=06073AE
relation	461764	http://geodesie.ign.fr/fiches/index.php?module=e&action=fichepdf&source=carte&sit_no=06073AF
relation	461765	http://geodesie.ign.fr/fiches/index.php?module=e&action=fichepdf&source=carte&sit_no=06073AG
relation	461766	http://geodesie.ign.fr/fiches/index.php?module=e&action=fichepdf&source=carte&sit_no=06073AH
relation	461767	http://geodesie.ign.fr/fiches/index.php?module=e&action=fichepdf&source=carte&sit_no=06073AI
relation	461768	http://geodesie.ign.fr/fiches/index.php?module=e&action=fichepdf&source=carte&sit_no=06073AJ
relation	461769	http://geodesie.ign.fr/fiches/index.php?module=e&action=fichepdf&source=carte&sit_no=06073AK
relation	461770	http://geodesie.ign.fr/fiches/index.php?module=e&action=fichepdf&source=carte&sit_no=06073AL
relation	461771	http://geodesie.ign.fr/fiches/index.php?module=e&action=fichepdf&source=carte&sit_no=06073AM
relation	461772	http://geodesie.ign.fr/fiches/index.php?module=e&action=fichepdf&source=carte&sit_no=06073AN
relation	461773	http://geodesie.ign.fr/fiches/index.php?module=e&action=fichepdf&source=carte&sit_no=06073AO
relation	461774	http://geodesie.ign.fr/fiches/index.php?module=e&action=fichepdf&source=carte&sit_no=06073AP
relation	461775	http://geodesie.ign.fr/fiches/index.php?module=e&action=fichepdf&source=carte&sit_no=06073AQ
relation	461776	http://geodesie.ign.fr/fiches/index.php?module=e&action=fichepdf&source=carte&sit_no=06073AR
relation	461781	http://geodesie.ign.fr/fiches/index.php?module=e&action=fichepdf&source=carte&sit_no=06073AW
relation	461783	http://geodesie.ign.fr/fiches/index.php?module=e&action=fichepdf&source=carte&sit_no=06073AY
relation	461785	http://geodesie.ign.fr/fiches/index.php?module=e&action=fichepdf&source=carte&sit_no=06073B
relation	461789	http://geodesie.ign.fr/fiches/index.php?module=e&action=fichepdf&source=carte&sit_no=06073BD
relation	461790	http://geodesie.ign.fr/fiches/index.php?module=e&action=fichepdf&source=carte&sit_no=06073BE
relation	461791	http://geodesie.ign.fr/fiches/index.php?module=e&action=fichepdf&source=carte&sit_no=06073BF
relation	461792	http://geodesie.ign.fr/fiches/index.php?module=e&action=fichepdf&source=carte&sit_no=06073BH
relation	461793	http://geodesie.ign.fr/fiches/index.php?module=e&action=fichepdf&source=carte&sit_no=06073BI
relation	461794	http://geodesie.ign.fr/fiches/index.php?module=e&action=fichepdf&source=carte&sit_no=06073BJ
relation	461795	http://geodesie.ign.fr/fiches/index.php?module=e&action=fichepdf&source=carte&sit_no=06073BK
relation	461797	http://geodesie.ign.fr/fiches/index.php?module=e&action=fichepdf&source=carte&sit_no=06073BM
relation	461799	http://geodesie.ign.fr/fiches/index.php?module=e&action=fichepdf&source=carte&sit_no=06073BO
relation	461800	http://geodesie.ign.fr/fiches/index.php?module=e&action=fichepdf&source=carte&sit_no=06073BP
relation	461802	http://geodesie.ign.fr/fiches/index.php?module=e&action=fichepdf&source=carte&sit_no=06073C
relation	461804	http://geodesie.ign.fr/fiches/index.php?module=e&action=fichepdf&source=carte&sit_no=06073E
relation	461808	http://geodesie.ign.fr/fiches/index.php?module=e&action=fichepdf&source=carte&sit_no=06073L
relation	461810	http://geodesie.ign.fr/fiches/index.php?module=e&action=fichepdf&source=carte&sit_no=06073N
relation	461812	http://geodesie.ign.fr/fiches/index.php?module=e&action=fichepdf&source=carte&sit_no=06073P
relation	461814	http://geodesie.ign.fr/fiches/index.php?module=e&action=fichepdf&source=carte&sit_no=06073R
relation	461815	http://geodesie.ign.fr/fiches/index.php?module=e&action=fichepdf&source=carte&sit_no=06073S
relation	461817	http://geodesie.ign.fr/fiches/index.php?module=e&action=fichepdf&source=carte&sit_no=06073U
relation	461822	http://geodesie.ign.fr/fiches/index.php?module=e&action=fichepdf&source=carte&sit_no=06073Z
relation	461983	http://geodesie.ign.fr/fiches/index.php?module=e&action=fichepdf&source=carte&sit_no=0612001
relation	461987	http://geodesie.ign.fr/fiches/index.php?module=e&action=fichepdf&source=carte&sit_no=0612005
relation	462009	http://geodesie.ign.fr/fiches/index.php?module=e&action=fichepdf&source=carte&sit_no=0612707
relation	462012	http://geodesie.ign.fr/fiches/index.php?module=e&action=fichepdf&source=carte&sit_no=06127C
relation	462014	http://geodesie.ign.fr/fiches/index.php?module=e&action=fichepdf&source=carte&sit_no=06127E
relation	462015	http://geodesie.ign.fr/fiches/index.php?module=e&action=fichepdf&source=carte&sit_no=06127F
relation	462016	http://geodesie.ign.fr/fiches/index.php?module=e&action=fichepdf&source=carte&sit_no=06127G
relation	462017	http://geodesie.ign.fr/fiches/index.php?module=e&action=fichepdf&source=carte&sit_no=06127H
relation	462018	http://geodesie.ign.fr/fiches/index.php?module=e&action=fichepdf&source=carte&sit_no=06127I
relation	462118	http://geodesie.ign.fr/fiches/index.php?module=e&action=fichepdf&source=carte&sit_no=0615305
relation	462119	http://geodesie.ign.fr/fiches/index.php?module=e&action=fichepdf&source=carte&sit_no=0615306
relation	462150	http://geodesie.ign.fr/fiches/index.php?module=e&action=fichepdf&source=carte&sit_no=06162A
relation	462151	http://geodesie.ign.fr/fiches/index.php?module=e&action=fichepdf&source=carte&sit_no=06162B
relation	462153	http://geodesie.ign.fr/fiches/index.php?module=e&action=fichepdf&source=carte&sit_no=06162D
relation	462154	http://geodesie.ign.fr/fiches/index.php?module=e&action=fichepdf&source=carte&sit_no=06162E
relation	462156	http://geodesie.ign.fr/fiches/index.php?module=e&action=fichepdf&source=carte&sit_no=06162G
relation	462157	http://geodesie.ign.fr/fiches/index.php?module=e&action=fichepdf&source=carte&sit_no=06162H
relation	462172	http://geodesie.ign.fr/fiches/index.php?module=e&action=fichepdf&source=carte&sit_no=0616309
relation	462177	http://geodesie.ign.fr/fiches/index.php?module=e&action=fichepdf&source=carte&sit_no=0616314
relation	462179	http://geodesie.ign.fr/fiches/index.php?module=e&action=fichepdf&source=carte&sit_no=06163A
relation	462180	http://geodesie.ign.fr/fiches/index.php?module=e&action=fichepdf&source=carte&sit_no=06163C
relation	462181	http://geodesie.ign.fr/fiches/index.php?module=e&action=fichepdf&source=carte&sit_no=06163D
relation	462182	http://geodesie.ign.fr/fiches/index.php?module=e&action=fichepdf&source=carte&sit_no=06163E
relation	462183	http://geodesie.ign.fr/fiches/index.php?module=e&action=fichepdf&source=carte&sit_no=06163G
relation	462184	http://geodesie.ign.fr/fiches/index.php?module=e&action=fichepdf&source=carte&sit_no=06163H
relation	462186	http://geodesie.ign.fr/fiches/index.php?module=e&action=fichepdf&source=carte&sit_no=06163J
relation	462190	http://geodesie.ign.fr/fiches/index.php?module=e&action=fichepdf&source=carte&sit_no=06163O
relation	517287	http://geodesie.ign.fr/fiches/index.php?module=e&action=fichepdf&source=carte&sit_no=7302602
relation	517289	http://geodesie.ign.fr/fiches/index.php?module=e&action=fichepdf&source=carte&sit_no=7302604
relation	517336	http://geodesie.ign.fr/fiches/index.php?module=e&action=fichepdf&source=carte&sit_no=7304008
relation	517342	http://geodesie.ign.fr/fiches/index.php?module=e&action=fichepdf&source=carte&sit_no=7304014
relation	517343	http://geodesie.ign.fr/fiches/index.php?module=e&action=fichepdf&source=carte&sit_no=7304015
relation	517361	http://geodesie.ign.fr/fiches/index.php?module=e&action=fichepdf&source=carte&sit_no=7304709
relation	517362	http://geodesie.ign.fr/fiches/index.php?module=e&action=fichepdf&source=carte&sit_no=7304710
relation	517363	http://geodesie.ign.fr/fiches/index.php?module=e&action=fichepdf&source=carte&sit_no=73047A
relation	517400	http://geodesie.ign.fr/fiches/index.php?module=e&action=fichepdf&source=carte&sit_no=7305604
relation	517403	http://geodesie.ign.fr/fiches/index.php?module=e&action=fichepdf&source=carte&sit_no=7305607
relation	517405	http://geodesie.ign.fr/fiches/index.php?module=e&action=fichepdf&source=carte&sit_no=7305609
relation	517409	http://geodesie.ign.fr/fiches/index.php?module=e&action=fichepdf&source=carte&sit_no=73056D
relation	517410	http://geodesie.ign.fr/fiches/index.php?module=e&action=fichepdf&source=carte&sit_no=73056E
relation	517411	http://geodesie.ign.fr/fiches/index.php?module=e&action=fichepdf&source=carte&sit_no=73056F
relation	517595	http://geodesie.ign.fr/fiches/index.php?module=e&action=fichepdf&source=carte&sit_no=73143G
relation	517596	http://geodesie.ign.fr/fiches/index.php?module=e&action=fichepdf&source=carte&sit_no=73143H
relation	517597	http://geodesie.ign.fr/fiches/index.php?module=e&action=fichepdf&source=carte&sit_no=73143I
relation	517637	http://geodesie.ign.fr/fiches/index.php?module=e&action=fichepdf&source=carte&sit_no=7315706
relation	517638	http://geodesie.ign.fr/fiches/index.php?module=e&action=fichepdf&source=carte&sit_no=73157A
relation	518033	http://geodesie.ign.fr/fiches/index.php?module=e&action=fichepdf&source=carte&sit_no=7330412
relation	1107274	http://gis.provincia.cuneo.it/Immagini/SentieriDescrizioni/html/G2.html
relation	1976006	https://percorsi.estmonterosa.it/t/T20/T20.kml
relation	6804053	https://percorsi.estmonterosa.it/a/A52c/A52c.kml
relation	6805362	https://percorsi.estmonterosa.it/a/A54/A54.kml
relation	6805420	https://percorsi.estmonterosa.it/a/A52/A52.kml
relation	6808861	https://percorsi.estmonterosa.it/p/P02/P02.kml
relation	6812333	https://percorsi.estmonterosa.it/p/P01/P01.kml
relation	6823119	https://percorsi.estmonterosa.it/a/A00(3)/A00(3).kml
relation	6856105	https://percorsi.estmonterosa.it/p/P09/P09.kml
relation	6860553	http://percorsi.estmonterosa.it/p/P11/P11.kml
relation	6994203	https://percorsi.estmonterosa.it/p/P00/P00.kml
relation	7035890	https://percorsi.estmonterosa.it/p/P00c/P00c.kml
relation	7130315	https://percorsi.estmonterosa.it/p/P01a/P01a.kml
relation	7140970	https://percorsi.estmonterosa.it/a/A00e/A00e.kml
relation	7140989	https://percorsi.estmonterosa.it/a/A00g/A00g.kml
relation	7141013	https://percorsi.estmonterosa.it/a/A00f/A00f.kml
relation	7148089	https://percorsi.estmonterosa.it/p/P07a/P07a.kml
relation	7184033	https://percorsi.estmonterosa.it/p/P07/P07.kml
relation	7190402	https://danbag.altervista.org/Valgrande/XP1A/XP1A-FTP.kml
relation	7190403	https://percorsi.estmonterosa.it/p/P50b/P50b.kml
relation	7200657	https://percorsi.estmonterosa.it/p/P05/P05.kml
relation	7202355	https://percorsi.estmonterosa.it/p/P07b/P07b.kml
relation	7229782	https://percorsi.estmonterosa.it/a/A48/A48.kml
relation	7231084	https://danbag.altervista.org/Valgrande/X06/X06-FTP.kml
relation	7245089	https://percorsi.estmonterosa.it/p/P12/P12.kml
relation	7253037	https://percorsi.estmonterosa.it/s/S27/S27.kml
relation	7259972	https://percorsi.estmonterosa.it/a/A52b/A52b.kml
relation	7269774	https://percorsi.estmonterosa.it/p/P08/P08.kml
relation	7272875	http://caipallanzapercorsi.altervista.org/PercorsiVCO/P06/P06-FTP.kml
relation	7291966	https://danbag.altervista.org/Valgrande/X07NS/X07NS-FTP.kml
relation	7361211	https://danbag.altervista.org/Valgrande/X07SN/X07SN-FTP.kml
relation	7534823	https://danbag.altervista.org/Valgrande/X09/X09-FTP.kml
relation	7574620	https://percorsi.estmonterosa.it/a/A04/A04.kml
relation	7587931	https://percorsi.estmonterosa.it/v/V00/V00.kml
relation	7604514	https://danbag.altervista.org/Valgrande/X10/X10-FTP.kml
relation	7604515	https://percorsi.estmonterosa.it/r/R03-BOVE/R03-BOVE.kml
relation	7613130	https://danbag.altervista.org/Valgrande/X11/X11-FTP.kml
relation	7617175	https://percorsi.estmonterosa.it/m/M14/M14.kml
relation	7617226	https://percorsi.estmonterosa.it/p/P17/P17.kml
relation	7617265	https://percorsi.estmonterosa.it/p/P40/P40.kml
relation	7617305	https://www.estmonterosa.it/catasto-percorsi-vco-piana-del-toce-settore-a.html://percorsi.estmonterosa.it/a/A40/A40.kml
relation	7670114	http://caipallanzapercorsi.altervista.org/PercorsiVCO/SIE64/SIE64-FTP.kml
relation	7685374	https://percorsi.estmonterosa.it/p/P01b/P01b.kml
relation	7685723	https://percorsi.estmonterosa.it/p/P01c/P01c.kml
relation	7687922	https://percorsi.estmonterosa.it/p/P01d/P01d.kml
relation	7698044	https://percorsi.estmonterosa.it/p/P14/P14.kml
relation	7717459	http://caipallanzapercorsi.altervista.org/PercorsiVCO/P14NS/P14NS-FTP.kml
relation	7734367	http://danbag.altervista.org/Valgrande/P06a/P06a-FTP.kml
relation	7739695	https://percorsi.estmonterosa.it/p/P06/P06.kml
relation	7741673	https://percorsi.estmonterosa.it/p/P11/P11.kml
relation	7741674	https://danbag.altervista.org/Valgrande/X08/X08-FTP.kml
relation	7741675	https://danbag.altervista.org/Valgrande/X07NS/X07NS-FTP.kml
relation	7741676	https://danbag.altervista.org/Valgrande/X11/X11-FTP.kml
relation	7741677	https://danbag.altervista.org/Valgrande/X09/X09-FTP.kml
relation	7741678	https://danbag.altervista.org/Valgrande/X10/X10-FTP.kml
relation	7742773	https://percorsi.estmonterosa.it/a/A56/A56.kml
relation	7744754	https://percorsi.estmonterosa.it/p/P13/P13.kml
relation	7753681	https://percorsi.estmonterosa.it/p/P00d/P00d.kml
relation	7753682	http://danbag.altervista.org/Valgrande/P00da/P00da-FTP.kml
relation	7765704	https://percorsi.estmonterosa.it/a/A60/A60.kml
relation	7812813	https://percorsi.estmonterosa.it/a/A54a/A54a.kml
relation	7821836	https://percorsi.estmonterosa.it/r/R16/R16.kml
relation	7828632	https://percorsi.estmonterosa.it/r/R16a/R16a.kml
relation	7840914	https://percorsi.estmonterosa.it/r/R24/R24.kml
relation	7841575	https://percorsi.estmonterosa.it/r/R24b/R24b.kml
relation	7842129	https://percorsi.estmonterosa.it/r/R30b/R30b.kml
relation	7842649	https://percorsi.estmonterosa.it/a/A46/A46.kml
relation	7843103	https://percorsi.estmonterosa.it/r/R22/R22.kml
relation	7843742	https://percorsi.estmonterosa.it/r/R30c/R30c.kml
relation	7844184	https://percorsi.estmonterosa.it/r/R18/R18.kml
relation	7845644	https://percorsi.estmonterosa.it/a/A52a/A52a.kml
relation	7846421	https://percorsi.estmonterosa.it/r/R02/R02.kml
relation	7848004	https://percorsi.estmonterosa.it/r/R04/R04.kml
relation	7854068	https://percorsi.estmonterosa.it/r/R00/R00.kml
relation	7857847	https://percorsi.estmonterosa.it/r/R02a/R02a.kml
relation	7871698	https://percorsi.estmonterosa.it/r/R14/R14.kml
relation	7876322	https://percorsi.estmonterosa.it/r/R03a/R03a.kml
relation	7901690	https://percorsi.estmonterosa.it/r/R36/R36.kml
relation	7901912	https://percorsi.estmonterosa.it/r/R38/R38.kml
relation	7902646	https://percorsi.estmonterosa.it/r/R42/R42.kml
relation	7903099	https://percorsi.estmonterosa.it/s/S05b/S05b.kml
relation	7982500	https://percorsi.estmonterosa.it/p/P01v/P01v.kml
relation	8001733	https://percorsi.estmonterosa.it/r/R01a/R01a.kml
relation	8008769	https://percorsi.estmonterosa.it/p/P02b/P02b.kml
relation	8016969	https://percorsi.estmonterosa.it/a/A58/A58.kml
relation	8027804	https://percorsi.estmonterosa.it/p/P02c/P02c.kml
relation	8028731	https://percorsi.estmonterosa.it/p/P02d/P02d.kml
relation	8041882	https://percorsi.estmonterosa.it/r/R30a/R30a.kml
relation	8047111	http://caipallanzapercorsi.altervista.org/PercorsiVCO/P09a/P09a-FTP.kml
relation	8203224	http://percorsi.estmonterosa.it/c/C05d/C05d.kml
relation	8267769	http://percorsi.estmonterosa.it/c/C01/C01.kml
relation	8292978	https://percorsi.estmonterosa.it/p/P03/P03.kml
relation	8294365	https://percorsi.estmonterosa.it/a/A53/A53.kml
relation	8301238	https://percorsi.estmonterosa.it/d/D12/D12.kml
relation	8354979	https://percorsi.estmonterosa.it/f/F06/F06.kml
relation	8359593	https://percorsi.estmonterosa.it/c/C14/C14.kml
relation	8447817	https://percorsi.estmonterosa.it/g/F38/F38.kml
relation	8702836	https://catalogo.beniculturali.it/detail/ArchitecturalOrLandscapeHeritage/0100028184
relation	8704388	https://percorsi.estmonterosa.it/h/H99/H99.kml
relation	8761237	https://percorsi.estmonterosa.it/v/VL7/VL7.kml
relation	8765336	https://percorsi.estmonterosa.it/f/F99/F99.kml
relation	8815219	https://percorsi.estmonterosa.it/v/VM2/VM2.kml
relation	8824538	https://percorsi.estmonterosa.it/v/VL2/VL2.kml
relation	8839207	https://percorsi.estmonterosa.it/v/VM6/VM6.kml
relation	8858286	https://www.estmonterosa.it/catasto-percorsi-vco-vergante-settore-v.html
relation	8858875	https://percorsi.estmonterosa.it/NOAV/VR3/VR3.kml
relation	8881063	https://percorsi.estmonterosa.it/t/T00/T00.kml
relation	8888442	https://percorsi.estmonterosa.it/t/T36/T36.kml
relation	8907209	https://percorsi.estmonterosa.it/g/G00b/G00b.kml
relation	8907315	https://percorsi.estmonterosa.it/g/G00a/G00a.kml
relation	8907376	https://percorsi.estmonterosa.it/h/H00(1).kmz
relation	8907973	https://percorsi.estmonterosa.it/c/C05c/C05c.kml
relation	8910253	https://percorsi.estmonterosa.it/t/T30/T30.kml
relation	8910320	https://percorsi.estmonterosa.it/t/T24/T24.kml
relation	8910483	https://percorsi.estmonterosa.it/t/T22/T22.kml
relation	8910562	https://percorsi.estmonterosa.it/t/T22a/T22a.kml
relation	8910685	https://percorsi.estmonterosa.it/t/T20b/T20b.kml
relation	8910785	https://percorsi.estmonterosa.it/t/T20a/T20a.kml
relation	8910942	http://percorsi.estmonterosa.it/c/C05b/C05b.kml
relation	8921894	https://percorsi.estmonterosa.it/z/Z02/Z02.kml
relation	8924252	https://percorsi.estmonterosa.it/c/C14b/C14b.kml
relation	8926154	https://percorsi.estmonterosa.it/t/T02/T02.kml
relation	8926183	https://percorsi.estmonterosa.it/t/T06/T06.kml
relation	8926571	https://percorsi.estmonterosa.it/t/T10/T10.kml
relation	8926705	https://percorsi.estmonterosa.it/t/T12/T12.kml
relation	8960543	http://percorsi.estmonterosa.it/f/F28/F28.kml
relation	8993166	http://percorsi.estmonterosa.it/c/C05/C05.kml
relation	8993508	https://percorsi.estmonterosa.it/r/R01b/R01b.kml
relation	9049238	https://percorsi.estmonterosa.it/r/R06/R06.kml
relation	9061698	https://percorsi.estmonterosa.it/p/P02e/P02e.kml
relation	9063640	https://percorsi.estmonterosa.it/s/S03c/S03c.kml
relation	9077218	https://percorsi.estmonterosa.it/t/T36e/T36e.kml
relation	9085423	https://percorsi.estmonterosa.it/a/A00a(2)/A00a(2).kml
relation	9086289	https://percorsi.estmonterosa.it/p/P02a/P02a.kml
relation	9086327	https://percorsi.estmonterosa.it/p/P02f/P02f.kml
relation	9091853	http://caipallanzapercorsi.altervista.org/PercorsiVCO/P01v/P01v-FTP.kml
relation	9113120	https://percorsi.estmonterosa.it/p/P07c/P07c.kml
relation	9113268	https://percorsi.estmonterosa.it/p/P07d/P07d.kml
relation	9132323	https://percorsi.estmonterosa.it/p/P12a/P12a.kml
relation	9154711	https://percorsi.estmonterosa.it/t/T34/T34.kml
relation	9159592	https://percorsi.estmonterosa.it/t/T32/T32.kml
relation	9175908	http://percorsi.estmonterosa.it/c/C07/C07.kml
relation	9184106	https://www.estmonterosa.it/catasto-percorsi-vco-piana-del-toce-settore-a.html://percorsi.estmonterosa.it/a/B00(1)/B00(1).kml
relation	9189914	https://www.estmonterosa.it/catasto-percorsi-vco-piana-del-toce-settore-a.html://percorsi.estmonterosa.it/a/B00(2)/B00(2).kml
relation	9206147	https://percorsi.estmonterosa.it/a/A00a(1)/A00a(1).kml
relation	9266040	https://percorsi.estmonterosa.it/r/R30e/R30e.kml
relation	9299966	http://percorsi.estmonterosa.it/c/C00(1)/C00(1).kml
relation	9304678	http://percorsi.estmonterosa.it/c/C00(2)/C00(2).kml
relation	9310170	http://percorsi.estmonterosa.it/c/C00(3)/C00(3).kml
relation	9310816	http://percorsi.estmonterosa.it/c/C27/C27.kml
relation	9325680	https://percorsi.estmonterosa.it/a/A47/A47.kml
relation	9328144	https://percorsi.estmonterosa.it/a/A08/A08.kml
relation	9334886	https://percorsi.estmonterosa.it/a/A00(1)/A00(1).kml
relation	9342627	https://percorsi.estmonterosa.it/a/A22/A22.kml
relation	9345574	https://percorsi.estmonterosa.it/a/A00v/A00v.kml
relation	9345603	https://percorsi.estmonterosa.it/a/A00(2)/A00(2).kml
relation	9349794	https://percorsi.estmonterosa.it/f/F14/F14.kml
relation	9350144	http://caipallanzapercorsi.altervista.org/PercorsiVCO/LTB-2019/LTB-2019-FTP.kml
relation	9351023	https://percorsi.estmonterosa.it/m/M00(1)/M00(1).kml
relation	9361785	https://www.estmonterosa.it/catasto-percorsi-vco-piana-del-toce-settore-a.html://percorsi.estmonterosa.it/a/A40b/A40b.kml
relation	9393668	https://percorsi.estmonterosa.it/a/A03c/A03c.kml
relation	9398921	https://percorsi.estmonterosa.it/a/A03/A03.kml
relation	9436905	https://percorsi.estmonterosa.it/m/M00a/M00a.kml
relation	9444324	https://www.estmonterosa.it/catasto-percorsi-vco-piana-del-toce-settore-a.html://percorsi.estmonterosa.it/a/A38/A38.kml
relation	9463667	https://percorsi.estmonterosa.it/h/H00(2).kmz
relation	9464328	https://percorsi.estmonterosa.it/a/A01/A01.kml
relation	9478803	https://percorsi.estmonterosa.it/a/A03a/A03a.kml
relation	9479088	https://percorsi.estmonterosa.it/a/A03b/A03b.kml
relation	9485040	https://percorsi.estmonterosa.it/b/B19/B19.kml
relation	9485097	https://percorsi.estmonterosa.it/b/B21/B21.kml
relation	9485119	https://percorsi.estmonterosa.it/b/B21a/B21a.kml
relation	9485233	https://percorsi.estmonterosa.it/b/B23/B23.kml
relation	9485276	https://percorsi.estmonterosa.it/b/B25b/B25b.kml
relation	9485311	https://percorsi.estmonterosa.it/b/B25a/B25a.kml
relation	9485351	https://percorsi.estmonterosa.it/b/B23a/B23a.kml
relation	9491037	https://percorsi.estmonterosa.it/a/A51/A51.kml
relation	9491901	http://percorsi.estmonterosa.it/c/C02/C02.kml
relation	9529681	https://percorsi.estmonterosa.it/f/F08/F08.kml
relation	9554012	http://percorsi.estmonterosa.it/c/C12/C12.kml
relation	9659735	http://percorsi.estmonterosa.it/c/C96/C96.kml
relation	9690900	https://percorsi.estmonterosa.it/t/T05a/T05a.kml
relation	9710195	http://percorsi.estmonterosa.it/c/C09/C09.kml
relation	10341900	https://percorsi.estmonterosa.it/a/A34/A34.kml
relation	10354542	https://percorsi.estmonterosa.it/a/A32/A32.kml
relation	10377389	https://percorsi.estmonterosa.it/a/A20a/A20a.kml
relation	10422264	https://percorsi.estmonterosa.it/g/G07/G07.kml
relation	10423405	https://percorsi.estmonterosa.it/g/G09.kml
relation	10442883	https://percorsi.estmonterosa.it/h/H09/H09.kml
relation	10443793	https://percorsi.estmonterosa.it/h/H07/H07.kml
relation	10452526	https://percorsi.estmonterosa.it/f/F16/F16.kml
relation	10452542	https://percorsi.estmonterosa.it/h/H03/H03.kml
relation	10459750	https://percorsi.estmonterosa.it/a/A06/A06.kml
relation	10477331	https://percorsi.estmonterosa.it/a/A16/A16.kml
relation	10481821	https://percorsi.estmonterosa.it/a/A21/A21.kml
relation	10482050	https://percorsi.estmonterosa.it/a/A22a/A22a.kml
relation	10482105	https://percorsi.estmonterosa.it/a/A24/A24.kml
relation	10482923	https://percorsi.estmonterosa.it/a/A25/A25.kml
relation	10483066	https://percorsi.estmonterosa.it/a/A26/A26.kml
relation	10483317	https://percorsi.estmonterosa.it/a/A28/A28.kml
relation	10484908	https://percorsi.estmonterosa.it/a/A33/A33.kml
relation	10490542	https://percorsi.estmonterosa.it/a/A36/A36.kml
relation	10490632	https://percorsi.estmonterosa.it/a/A36a/A36a.kml
relation	10492527	https://percorsi.estmonterosa.it/a/A39a/A39a.kml
relation	10562928	https://percorsi.estmonterosa.it/a/A28a/A28a.kml
relation	10618748	https://percorsi.estmonterosa.it/a/A34a/A34a.kml
relation	10620067	http://percorsi.estmonterosa.it/c/C32/C32.kml
relation	10622832	https://percorsi.estmonterosa.it/a/A00d/A00d.kml
relation	10645276	https://percorsi.estmonterosa.it/a/A17/A17.kml
relation	10691818	https://percorsi.estmonterosa.it/a/A44/A44.kml
relation	10697862	http://percorsi.estmonterosa.it/c/C23/C23.kml
relation	10745045	https://comune.almese.to.it/vivere-il-comune/territorio/sport-e-itinerari/percorsi-mtb/percorso-della-miosa-nero/
relation	10824161	https://percorsi.estmonterosa.it/r/R09/R09.kml
relation	10906725	https://percorsi.estmonterosa.it/r/R30d/R30d.kml
relation	10949777	https://percorsi.estmonterosa.it/a/A56a/A56a.kml
relation	10949817	https://percorsi.estmonterosa.it/a/A58a/A58a.kml
relation	10949825	https://percorsi.estmonterosa.it/a/A58b/A58b.kml
relation	10949840	https://percorsi.estmonterosa.it/a/A52f/A52f.kml
relation	10995050	https://percorsi.estmonterosa.it/m/M00(2)/M00(2).kml
relation	11011366	https://percorsi.estmonterosa.it/r/R07a/R07a.kml
relation	11017506	http://percorsi.estmonterosa.it/c/C23a/C23a.kml
relation	11025972	https://percorsi.estmonterosa.it/b/B04a/B04a.kml
relation	11043233	https://percorsi.estmonterosa.it/m/M02/M02.kml
relation	11052962	https://percorsi.estmonterosa.it/m/M09/M09.kml
relation	11053828	https://percorsi.estmonterosa.it/m/M15/M15.kml
relation	11087107	https://percorsi.estmonterosa.it/p/P01e/P01e.kml
relation	11102442	https://percorsi.estmonterosa.it/m/M35/M35.kml
relation	11102699	https://percorsi.estmonterosa.it/m/M00b/M00b.kml
relation	11102718	https://percorsi.estmonterosa.it/m/M37/M37.kml
relation	11105595	https://percorsi.estmonterosa.it/m/M39/M39.kml
relation	11129720	https://danbag.altervista.org/Valgrande/X14/X14-FTP.kml
relation	11174909	https://percorsi.estmonterosa.it/g/G06/G06.kml
relation	11174970	https://percorsi.estmonterosa.it/g/G06a/G06a.kml
relation	11175071	https://percorsi.estmonterosa.it/g/G32a/G32a.kml
relation	11204873	http://danbag.altervista.org/Valgrande/X99/X99-FTP.kml
relation	11267970	https://percorsi.estmonterosa.it/g/G27/G27.kml
relation	11283137	https://percorsi.estmonterosa.it/g/G19/G19.kml
relation	11283139	https://percorsi.estmonterosa.it/g/G19b/G19b.kml
relation	11283302	https://percorsi.estmonterosa.it/h/H16/H16.kml
relation	11283363	https://percorsi.estmonterosa.it/h/H08/H08.kml
relation	11283401	https://percorsi.estmonterosa.it/h/H08a/H08a.kml
relation	11283423	https://percorsi.estmonterosa.it/h/H06/H06.kml
relation	11283513	https://percorsi.estmonterosa.it/h/H08c/H08c.kml
relation	11286314	https://percorsi.estmonterosa.it/g/G21/G21.kml
relation	11287046	https://percorsi.estmonterosa.it/h/H01a/H01a.kml
relation	11308631	https://percorsi.estmonterosa.it/b/B46a/B46a.kml
relation	11311093	https://percorsi.estmonterosa.it/b/B40/B40.kml
relation	11311521	https://percorsi.estmonterosa.it/b/B38b/B38b.kml
relation	11787367	https://percorsi.estmonterosa.it/t/T02b/T02b.kml
relation	11787388	https://percorsi.estmonterosa.it/t/T02a/T02a.kml
relation	11808560	https://percorsi.estmonterosa.it/z/Z02bZ02b.kml
relation	11819197	http://percorsi.estmonterosa.it/p/P15/P15.kml
relation	11880345	https://percorsi.estmonterosa.it/z/Z99/Z99.kml
relation	11930608	https://percorsi.estmonterosa.it/b/B19a/B19a.kml
relation	11950632	https://percorsi.estmonterosa.it/b/B02/B02.kml
relation	12125021	https://percorsi.estmonterosa.it/s/S29a/S29a.kml
relation	12221744	https://percorsi.estmonterosa.it/t/T32a/T32a.kml
relation	12221745	https://percorsi.estmonterosa.it/t/T34b/T34b.kml
relation	12221747	https://percorsi.estmonterosa.it/t/T36a/T36a.kml
relation	12221789	https://percorsi.estmonterosa.it/t/T26/T26.kml
relation	12420496	http://percorsi.estmonterosa.it/c/C06/C06.kml
relation	12474194	http://danbag.altervista.org/PercorsiVCO/XP1c/XP1c-FTP.kml
relation	12588061	https://percorsi.estmonterosa.it/m/M37a/M37a.kml
relation	12638352	https://percorsi.estmonterosa.it/d/D13/D13.kml
relation	12639953	https://percorsi.estmonterosa.it/d/D04/D04.kml
relation	12641414	https://percorsi.estmonterosa.it/d/D03/D03.kml
relation	12645830	https://percorsi.estmonterosa.it/d/D18c/D18c.kml
relation	12701040	https://percorsi.estmonterosa.it/g/G99/G99.kml
relation	12710736	https://percorsi.estmonterosa.it/b/B00a/B00a.kml
relation	12847548	https://percorsi.estmonterosa.it/d/D98/D98.kml
relation	12894606	https://percorsi.estmonterosa.it/d/D12a/D12a.kml
relation	12905202	https://percorsi.estmonterosa.it/t/T14/T14.kml
relation	12905203	https://percorsi.estmonterosa.it/t/T28/T28.kml
relation	12943965	https://percorsi.estmonterosa.it/d/D10/D10.kml
relation	13136055	https://percorsi.estmonterosa.it/g/G31/G31.kml
relation	13211664	https://percorsi.estmonterosa.it/d/D08a/D08a.kml
relation	13211673	https://percorsi.estmonterosa.it/d/D14a/D14a.kml
relation	13221039	https://percorsi.estmonterosa.it/b/B98/B98.kml
relation	13269363	https://percorsi.estmonterosa.it/d/D17/D17.kml
relation	13271087	https://percorsi.estmonterosa.it/f/F01a/F01a.kml
relation	13336676	https://www.valdisusaturismo.it/alp45/
relation	13354875	https://percorsi.estmonterosa.it/b/B20/B20.kml
relation	13372751	http://www.turismomassello.net/base7.html
relation	13482139	https://percorsi.estmonterosa.it/d/D14/D14.kml
relation	13482186	https://percorsi.estmonterosa.it/d/D15/D15.kml
relation	13482226	https://percorsi.estmonterosa.it/d/D19/D19.kml
relation	13482296	https://percorsi.estmonterosa.it/b/B96/B96.kml
relation	13485556	https://percorsi.estmonterosa.it/d/D20/D20.kml
relation	13802833	https://percorsi.estmonterosa.it/d/D08/D08.kml
relation	13852495	https://percorsi.estmonterosa.it/g/G00(1)/G00(1).kml
relation	13852506	https://percorsi.estmonterosa.it/g/G00(2)/G00(2).kml
relation	13852514	https://percorsi.estmonterosa.it/g/G00(3)/G00(3).kml
relation	13852520	https://percorsi.estmonterosa.it/g/G00(4)/G00(4).kml
relation	13900418	https://percorsi.estmonterosa.it/g/G04/G04.kml
relation	13903093	https://percorsi.estmonterosa.it/g/G30/G30.kml
relation	13903283	https://percorsi.estmonterosa.it/l/L98/L98.kml
relation	13929214	https://percorsi.estmonterosa.it/g/G36/G36.kml
relation	13929242	https://percorsi.estmonterosa.it/g/G38/G38.kml
relation	13930105	https://percorsi.estmonterosa.it/g/G10/G10.kml
relation	13931294	https://percorsi.estmonterosa.it/g/G12/G12.kml
relation	13933696	https://percorsi.estmonterosa.it/g/G32/G32.kml
relation	13935756	https://percorsi.estmonterosa.it/g/G20/G20.kml
relation	13935922	https://percorsi.estmonterosa.it/g/G22/G22.kml
relation	13938893	https://percorsi.estmonterosa.it/g/G24a/G24a.kml
relation	13938907	https://percorsi.estmonterosa.it/g/G26/G26.kml
relation	13939055	https://percorsi.estmonterosa.it/g/G28a/G28a.kml
relation	13939136	https://percorsi.estmonterosa.it/g/G22a/G22a.kml
relation	13939237	https://percorsi.estmonterosa.it/g/G18/G18.kml
relation	13944018	https://percorsi.estmonterosa.it/g/G34a/G34a.kml
relation	13944084	https://percorsi.estmonterosa.it/g/G34b/G34b.kml
relation	13981897	https://percorsi.estmonterosa.it/g/G97/G97.kml
relation	13983921	https://percorsi.estmonterosa.it/s/S03a/S03a.kml
relation	13991322	https://percorsi.estmonterosa.it/NOAV/VR3a/VR3a.kml
relation	13994665	https://percorsi.estmonterosa.it/g/G25/G25.kml
relation	13994920	https://percorsi.estmonterosa.it/g/G39/G39.kml
relation	14000133	https://percorsi.estmonterosa.it/g/G41a/G41a.kml
relation	14000162	https://percorsi.estmonterosa.it/g/G43/G43.kml
relation	14005444	https://percorsi.estmonterosa.it/g/G00d/G00d.kml
relation	14021276	https://percorsi.estmonterosa.it/g/G31a/G31a.kml
relation	14027649	https://percorsi.estmonterosa.it/g/G17/G17.kml
relation	14053799	https://percorsi.estmonterosa.it/d/D18/D18.kml
relation	14084648	https://percorsi.estmonterosa.it/h/H00c/H00c.kml
relation	14085404	https://percorsi.estmonterosa.it/c/C00d/C00d.kml
relation	14090326	https://percorsi.estmonterosa.it/h/H14/H14.kml
relation	14091755	https://percorsi.estmonterosa.it/h/H98/H98.kml
relation	14097689	https://percorsi.estmonterosa.it/h/H10/H10.kml
relation	14097715	https://percorsi.estmonterosa.it/h/H00e/H00e.kml
relation	14132023	https://percorsi.estmonterosa.it/c/C12a/C12a.kml
relation	14132184	https://percorsi.estmonterosa.it/c/C12b/C12b.kml
relation	14158542	https://percorsi.estmonterosa.it/d/D03a/D03a.kml
relation	14162332	https://percorsi.estmonterosa.it/h/H09c/H09c.kml
relation	14165318	https://percorsi.estmonterosa.it/h/H01/H01.kml
relation	14191481	https://percorsi.estmonterosa.it/h/H09y/H09y.kml
relation	14194448	https://percorsi.estmonterosa.it/b/B20b/B20b.kml
relation	14196464	https://percorsi.estmonterosa.it/h/H09x/H09x.kml
relation	14330856	https://percorsi.estmonterosa.it/b/B08/B08.kml
relation	14355331	https://percorsi.estmonterosa.it/b/B08c/B08c.kml
relation	14527053	https://percorsi.estmonterosa.it/h/H18/H18.kml
relation	14533264	https://percorsi.estmonterosa.it/b/B30/B30.kml
relation	14533390	https://percorsi.estmonterosa.it/b/B27/B27.kml
relation	14535836	https://percorsi.estmonterosa.it/b/B00c/B00c.kml
relation	14542036	https://percorsi.estmonterosa.it/b/B41a/B41a.kml
relation	14544607	https://percorsi.estmonterosa.it/b/B24/B24.kml
relation	14544638	https://percorsi.estmonterosa.it/b/B24a/B24a.kml
relation	15261892	https://percorsi.estmonterosa.it/t/T20c/T20c.kml
relation	15652558	https://percorsi.estmonterosa.it/b/B08a/B08a.kml
relation	15779815	https://percorsi.estmonterosa.it/b/B15/B15.kml
relation	16112757	https://percorsi.estmonterosa.it/b/B97/B97.kml
relation	16492525	https://percorsi.estmonterosa.it/b/B14/B14.kml
relation	16492689	https://percorsi.estmonterosa.it/b/B16/B16.kml
relation	16552674	https://percorsi.estmonterosa.it/a/A17b/A17b.kml
relation	16552806	https://percorsi.estmonterosa.it/b/B04b/B04b.kml
relation	16552922	https://percorsi.estmonterosa.it/b/B06a/B06a.kml
relation	16553030	https://percorsi.estmonterosa.it/b/B20a/B20a.kml
relation	16553147	https://percorsi.estmonterosa.it/b/B96a/B96a.kml
relation	16846653	https://percorsi.estmonterosa.it/b/B19b/B19b.kml
relation	17010049	https://percorsi.estmonterosa.it/b/B15a/B15a.kml
relation	17010217	https://percorsi.estmonterosa.it/b/B15b/B15b.kml
relation	17041219	https://percorsi.estmonterosa.it/b/B16a/B16a.kml
relation	17045357	https://percorsi.estmonterosa.it/b/B18b/B18b.kml
relation	17075184	https://percorsi.estmonterosa.it/a/A01a/A01a.kml
relation	18481436	https://danbag.altervista.org/PercorsiVCO/XR1A/XR1A-FTP.kml
relation	18492080	https://danbag.altervista.org/PercorsiVCO/XR1B/XR1B-FTP.kml
relation	18509619	https://percorsi.estmonterosa.it/p/P50/P50.kml
relation	18644511	https://percorsi.estmonterosa.it/b/B16c/B16c.kml
relation	18680393	https://percorsi.estmonterosa.it/b/B06/B06.kml
relation	18751558	https://percorsi.estmonterosa.it/b/B00b/B00b.kml
relation	18799768	https://percorsi.estmonterosa.it/b/B22/B22.kml
