<?xml version="1.0" encoding="UTF-8"?>
<!DOCTYPE html PUBLIC "-//W3C//DTD XHTML 1.0 Strict//EN"
    "http://www.w3.org/TR/xhtml1/DTD/xhtml1-strict.dtd">
<html xmlns="http://www.w3.org/1999/xhtml" xml:lang="en" lang="en">
<head>
  <meta http-equiv="content-type" content="text/html; charset=utf-8" lang="en"/>
  <title>OSM3S Response</title>
</head>
<body>

<p>The data included in this document is from www.openstreetmap.org. The data is made available under ODbL.</p>
<p><strong style="color:#FF0000">Error</strong>: runtime error: open64: 0 Success /osm3s_osm_base Dispatcher_Client::request_read_and_idx::timeout. The server is probably too busy to handle your request. </p>

</body>
</html>
node	472121306	http://www.comune.nuoro.it
node	563303855	http://www.agriturismoiloghe.com
node	648982433	http://www.villabarbarina.com
node	656560464	http://www.samuredda.it/
node	860162984	http://www.santamariabambina.it/
node	956276106	http://www.hotelportoconte.it
node	1367812354	http://www.coopsinis.it/default.asp?s=1&lang=
node	1419301151	http://www.villaggioledune.net
node	1428858864	https://www.caponieddu.it
node	1459894779	https://www.angelagoeser.de
node	1574502575	http://www.larosadeiventiristorante.com
node	1645036294	http://www.pferdehof-morgenstern.de/
node	1670392027	http://www.mutseu.org
node	1724768359	http://www.pedraruja.com
node	1770850285	http://www.canales.it
node	1770857583	www.agriturismosozzastru.com
node	1786333574	https://www.visitbuggerru.it/product-page/ortus-de-mari-campeggio
node	1853376497	http://www.sispiga.it
node	1865725527	http://www.bbginepro.it
node	1885899244	http://www.agriturismolaquila.com
node	1889770377	http://www.agriturismoferrari.com/
node	1889770379	http://www.agriturismosacanudera.it
node	1889770381	https://www.agriturismosannoranna.it/
node	1889770382	www.agriturvillagaia.it
node	1889770618	http://www.ziaberta.it/
node	1889770623	http://www.sapedrera.it
node	1912121792	https://www.ristorantelecisterne.com/
node	1919761330	http://www.agriturismosuvrau.com
node	1921808271	http://www.hotelsarocca.com
node	1949049464	http://www.ristorantedalucio.it
node	1993112765	http://www.agriturismo-perdaniedda.com/
node	2025254418	http://www.comune.iglesias.ca.it
node	2101073023	http://www.hotelbajaromantica.it
node	2197997617	http://www.comune.osilo.ss.it
node	2249437690	http://www.comune.sassari.it
node	2404089229	www.aziendasamandra.it
node	2446480408	http://www.ristorantepizzeriaoasi.com
node	2600434842	http://www.villapischinas.it
node	2603603327	http://algaleone.it
node	2603603340	http://www.lidochelo.it
node	2603603346	http://www.hotelalgabbiano.it
node	2606067991	http://www.lanuovacosta.com
node	2713014794	http://www.ristorantesascovas.it
node	2726975489	https://www.sucumbidu.com/
node	2732555612	http://www.pedramare.com
node	2734346243	http://www.malvasiaoggianu.it
node	2785062554	http://www.hotelsalumenera.it
node	2802045281	http://www.agriturismobainasbosa.com
node	2802045282	http://www.agriturismobainasbosa.com
node	2833526613	http://www.trenino.it
node	2839869900	http://www.hotelcorallaro.it/
node	2839870410	https://www.ristorantemarlin.it
node	2995797658	https://www.ilvelierosolanas.it
node	3026224484	http://www.anticocaffe1855.it/
node	3233957424	http://www.pasticceriadolceisola.it
node	3253518534	http://www.idolcidiborore.it/
node	3268824387	http://www.comune.isili.ca.it
node	3275103169	https://www.ristoranteilcaminettocabras.com
node	3275103170	https://www.ristoranteziabelledda.it
node	3275213670	https://www.autoscuolalafenicia.it/
node	3275217195	www.comproroargentoristano.it
node	3275217765	http://www.meccanico.oristano.it/
node	3275219009	http://www.kebabpaneevino.com
node	3275219249	http://www.babai.bar
node	3275220559	https://www.tharroscaffe.it
node	3275224376	http://www.ristorantepizzeria.oristano.it/
node	3275225045	https://www.ristorantecologo.com
node	3275226830	http://www.santona.it
node	3275227815	http://www.exclusivecar.net/
node	3275228969	http://www.ic30.com/osolemio/
node	3275230394	http://www.autoscuola.oristano.it
node	3275230781	https://hotelreginadarborea.com
node	3275231505	http://www.ristorante.oristano.it
node	3275234826	https://www.ichnosviaggi.it/
node	3275238357	http://www.ninovaccapasticceria.com/
node	3275239615	http://www.trattoria.oristano.it/
node	3275241235	http://www.otticanotaro.it/
node	3275242274	http://www.ninovaccapasticceria.com/
node	3275244446	http://www.cosmocasaoristano.it
node	3275246669	http://www.ninovaccapasticceria.com/
node	3275251918	http://www.lacquolina.com
node	3276959645	http://www.agriturismocaposanmarco.it
node	3276959648	http://www.agriturismocaposanmarco.it
node	3279418308	www.halleysardegna.it
node	3319949939	http://www.bonaria.eu/storia-di-bonaria/museo/museo/
node	3334303908	http://otticadelrio.it/
node	3359514893	http://www.stone-art.it/it/index.html
node	3607817227	http://www.baiacea.com
node	3609536726	http://www.calamurtas.it
node	3628331166	http://www.ristorantesasevada.it/
node	3661377675	http://www.agriturismofighezia.it/
node	3743884407	http://www.hotelreginamargherita.com
node	4198977689	https://ristoranteportotaverna.it/
node	4209176505	http://www.lacuratoria.it
node	4229032904	http://www.luigipomata.com
node	4229075825	https://www.stefanodeidda.it
node	4279220567	http://www.bnbcostaverde.it
node	4279221018	http://www.bnbcostaverde.it
node	4291383764	http://www.hotelraffael.com
node	4295147061	http://www.asfodelihotel.com
node	4355928189	www.concaejanas.com
node	4366148210	www.agriturvillagaia.it
node	4366148213	www.sincantu.it
node	4366148214	www.sincantu.it
node	4366148219	www.bachilebertula.it
node	4366148220	www.bachilebertula.it
node	4367749446	http://www.dmeloni.it
node	4449216135	http://pacs.unica.it/cere/
node	4473484703	http://www.nonnaisa.com/
node	4475204463	http://www.ristorantebosa.com
node	4484285194	http://www.lagrumetobeb.com
node	4493007759	http://www.comune.castelsardo.ss.it
node	4497028703	http://www.agriturismobaccucardu.it
node	4497987848	https://arteseos.com/
node	4508882840	http://arcobalibri.hystrix.eu
node	4512582310	http://sadomemalloru.it
node	4550323768	https://www.only-sardinia.com/
node	4550507266	https://www.facebook.com/Montalbo-Escursioni-Locanda-Ammentos-268308323229454/
node	4558825245	https://www.comune.cagliari.it/portale/page/it/grotta_della_vipera
node	4592425127	http://www.pinacoteca.cagliari.beniculturali.it/
node	4592619945	http://www.sapposentu.it
node	4596038695	http://web.tiscali.it/agriturismodavalore/
node	4609438059	https://isdomosantigas.wordpress.com/
node	4683667589	http://www.hoteltrebotti.it/
node	5033826082	http://www.palaviaggi.it
node	5059961510	http://www.agriturismosamamaioa.com
node	5059961511	http://www.agriturismosamamaioa.com
node	5076772332	http://www.agriturismoiloghe.com
node	5076888488	http://www.biriddo.com/
node	5076888489	http://www.biriddo.com/
node	5076888552	http://www.biofarmcucche.it
node	5076888557	http://www.biofarmcucche.it
node	5076889310	http://www.agriturismoneule.com
node	5076889311	http://www.agriturismoneule.com
node	5077009752	http://www.canales.it
node	5091138709	https://www.facebook.com/Parafarmacia131/
node	5094261702	http://affittacameremunduge-it.book.direct
node	5094261703	http://affittacameremunduge-it.book.direct
node	5159203223	http://www.lunasorgente.com
node	5159203224	http://www.lunasorgente.com
node	5179415199	http://www.agriturismolaquila.com
node	5181211456	http://www.agriturismocasacasti.it
node	5181211457	http://www.agriturismocasacasti.it
node	5186422492	http://www.sapedrera.it
node	5186422499	http://www.agriturismosacanudera.it
node	5186422519	https://www.sacrannaccia.com
node	5186422520	https://www.sacrannaccia.com
node	5186422889	http://www.agriturismoferrari.com/
node	5186553773	http://www.agriturismopinuccia.it
node	5186553774	http://www.agriturismopinuccia.it
node	5194261640	http://www.lalucedelsinis.it
node	5194261641	http://www.lalucedelsinis.it
node	5194426846	http://www.maestraleagriturismo.com
node	5194426847	http://www.maestraleagriturismo.com
node	5194427063	www.sanea.it
node	5194427064	www.sanea.it
node	5195758265	http://www.darenzo.it
node	5195758266	http://www.agriturismoilgiglio.com/
node	5195758267	http://www.agriturismoilgiglio.com/
node	5195758268	http://www.sulivariu.it/
node	5195758269	http://www.sulivariu.it/
node	5195758306	http://www.serrasdala.com/
node	5195758307	http://www.serrasdala.com/
node	5195758316	http://www.loliveto.sardegna.it
node	5195758317	http://www.loliveto.sardegna.it
node	5195897128	https://isbenaslodge.com
node	5195897173	http://www.lamimosaagriturismo.it
node	5195897174	http://www.lamimosaagriturismo.it
node	5196332083	http://www.sispiga.it
node	5197551530	http://www.pedramanna.it
node	5197551531	http://www.pedramanna.it
node	5197599682	http://www.larosadeiventiristorante.com
node	5198022489	http://www.villaggioturas.it
node	5230894215	http://web.tiscali.it/agriturismomontalbo/
node	5230894216	http://web.tiscali.it/agriturismomontalbo/
node	5234820341	https://www.stefanodeidda.it
node	5235983938	http://pasticceriasansimaco.blogspot.it
node	5236052245	http://www.agriturismopiperedda.it
node	5236052246	http://www.agriturismopiperedda.it
node	5236619912	www.concaejanas.com
node	5236864807	www.agriturismosozzastru.com
node	5237502229	http://www.gulunie.com
node	5237502230	http://www.gulunie.com
node	5237700083	http://www.codulafuili.com
node	5247158574	http://www.agriturismogliastra.it
node	5247158575	http://www.agriturismogliastra.it
node	5247158868	http://www.subarraccu.it
node	5247158869	http://www.subarraccu.it
node	5289590236	https://www.agriturismosannoranna.it/
node	5289899729	http://www.saboriantigu.it/
node	5289899730	http://www.saboriantigu.it/
node	5289899751	http://www.agriturismoangoloazzurro.com
node	5289899752	http://www.agriturismoangoloazzurro.com
node	5289899757	http://agriturismoilginepro.it/
node	5289899758	http://agriturismoilginepro.it/
node	5314869631	http://www.agriturismoertila.it/
node	5325729468	http://web.tiscali.it/agriturismoSNGerrei/
node	5336920183	http://www.lagrumeto.eu/
node	5336920184	http://www.lagrumeto.eu/
node	5338029321	http://www.duosapposentos.it/
node	5351030781	http://www.agriturvalbella.it
node	5351030782	http://www.agriturvalbella.it
node	5372799144	http://www.agriturismofighezia.it/
node	5426915786	https://estetitty.com/
node	5462716548	http://www.satancaebore.it
node	5464937005	http://www.greenvillageposada.com
node	5494373585	http://www.saporeantico.net
node	5497038520	http://www.agriturismobaccucardu.it
node	5520268660	http://www.orangemoonagriturismo.com
node	5520268661	http://www.orangemoonagriturismo.com
node	5535753506	http://www.agriturismo-perdaniedda.com/
node	5555311287	http://web.tiscali.it/dott.andreamelis/
node	5559639928	http://www.villabarbarina.com
node	5561366059	www.aziendasamandra.it
node	5562220379	http://www.agriturismoilmirto.it
node	5588752862	https://www.emporiumsedini.it
node	5627069974	http://www.agriturismotoninocorda.it
node	5627069975	http://www.agriturismotoninocorda.it
node	5630683762	http://www.agriturismo-irghitula.com
node	5630683763	http://www.agriturismo-irghitula.com
node	5646002572	http://sadomemalloru.it
node	6647634285	https://www.letrerose.it
node	6647634287	https://www.letrerose.it
node	6960016710	http://www.oldcountry.pizza
node	7707090341	https://www.gattisupallosu.org
node	7721090863	https://www.capomannuproductions.com
node	7733906504	http://www.escaperoomoristano.it
node	7965302786	https://www.sardiniaexperience.com/
node	8220719399	https://www.agriturismoilsinis.it/
node	8303473544	https://www.marinaseadabeach.it/
node	8953808140	https://www.facebook.com/Mordi-Fuggi-1308511185954126/
node	9726164063	https://www.anticacagliari.it/
node	9817977077	https://linktr.ee/SabrinaPintusLBS
node	9866720659	http://allaplaya.altervista.org/
node	9893735774	https://quisardegna.eu/Sardegna/Default.asp?MnDesc=musei&MnCall=agricamping-su-e-lentu-bosa&Struttura=46&Lang=1&MnGroup=3&MnNum=1
node	9893738683	https://www.mattagiana.com/
node	11056964484	https://beb.it/villamereu/it/
node	11057009072	https://casabonaria.com/
node	11157772237	https://sapandacagliari.business.site
node	11170811974	https://www.samariga.it/
node	11175496106	https://www.palazzotirsocagliari.com/
node	11177446652	https://makito.io/
node	11182866855	https://www.estay.it/
node	11187792421	http://www.hotelcorterosada.it
node	12618911905	http://www.comune.seui.og.it
node	12645682304	https://www.petradicossu.it/
node	12679884915	http://www.fiorerosa.com
node	12681487643	https://flcomunicazione.it
node	12912465898	https://www.cramasinara.org/
node	12912465900	https://www.parcoasinara.org/attivita/il-ceas-inara/
node	13100179664	http://www.sardegnatermale.it
node	13275206735	http://oliastefano.wixsite.com/ilmiosito
node	13318933129	https://www.eccellentemente.it/
node	13440439642	https://www.farmaciagaraubudoni.com
way	27668357	http://arst.sardegna.it/orari_e_autolinee/TPL.html
way	27668458	http://arst.sardegna.it/orari_e_autolinee/TPL.html
way	27668483	http://arst.sardegna.it/orari_e_autolinee/TPL.html
way	27668486	http://arst.sardegna.it/orari_e_autolinee/TPL.html
way	28408977	http://arst.sardegna.it/orari_e_autolinee/TPL.html
way	39695815	https://foce.it/
way	46428907	http://www.aeroportotortoliarbatax.it/
way	50845483	http://arst.sardegna.it/orari_e_autolinee/TPL.html
way	50845484	http://arst.sardegna.it/orari_e_autolinee/TPL.html
way	102703789	http://www.comune.orosei.nu.it
way	106813704	http://www.treninoverde.com/
way	106813710	http://www.treninoverde.com/
way	106813743	http://www.treninoverde.com/
way	106813773	http://www.treninoverde.com/
way	112708955	http://www.coopgoloritze.com/rifugio-altopiano-golgo/
way	116570273	http://www.treninoverde.com/
way	116570274	http://www.treninoverde.com/
way	116570275	http://www.treninoverde.com/
way	116571282	http://www.treninoverde.com/
way	116571289	http://www.treninoverde.com/
way	116571291	http://www.treninoverde.com/
way	116571293	http://www.treninoverde.com/
way	116573344	http://www.treninoverde.com/
way	116580701	http://www.treninoverde.com/
way	116580703	http://www.treninoverde.com/
way	116580708	http://www.treninoverde.com/
way	116580714	http://www.treninoverde.com/
way	116581687	http://www.treninoverde.com/
way	116581688	http://www.treninoverde.com/
way	118650758	http://arst.sardegna.it/orari_e_autolinee/TPL.html
way	118963422	http://arst.sardegna.it/orari_e_autolinee/TPL.html
way	118963425	http://arst.sardegna.it/orari_e_autolinee/TPL.html
way	118967049	http://arst.sardegna.it/orari_e_autolinee/TPL.html
way	118967053	http://arst.sardegna.it/orari_e_autolinee/TPL.html
way	119332297	http://arst.sardegna.it/orari_e_autolinee/TPL.html
way	119332301	http://arst.sardegna.it/orari_e_autolinee/TPL.html
way	119452886	http://www.campingbungalowlapineta.it
way	119571860	http://www.hotelulivo.it/
way	121291732	https://www.coccorroccicamping.com/
way	134580058	http://arst.sardegna.it/orari_e_autolinee/TPL.html
way	146849821	http://www.hotelpanorama.it
way	150919310	http://www.almielerestaurant.com/
way	153313851	https://www.comunebuggerru.it/
way	153573912	http://www.capofrascaresort.it/
way	154360559	http://arst.sardegna.it/orari_e_autolinee/TPL.html
way	154364034	http://arst.sardegna.it/orari_e_autolinee/TPL.html
way	158188869	https://www.gruthas.it/
way	159550755	http://www.leduneingurtosu.it/
way	171375765	http://www.pedramanna.it
way	172782529	http://www.treninoverde.com/
way	173029529	http://arst.sardegna.it/orari_e_autolinee/TPL.html
way	173045343	http://www.treninoverde.com/
way	173061207	http://arst.sardegna.it/orari_e_autolinee/TPL.html
way	175666159	http://arst.sardegna.it/orari_e_autolinee/TPL.html
way	175666160	http://arst.sardegna.it/orari_e_autolinee/TPL.html
way	175672464	www.comune.selegas.ca.it
way	178602446	www.carbosulcis.eu
way	178636337	http://www.comune.seneghe.or.it
way	180721764	https://www.vigilfuoco.it/sedi-vvf/distaccamento-di-porto-torres
way	181561571	http://www.agriturismosuvrau.com
way	182727240	http://arst.sardegna.it/orari_e_autolinee/TPL.html
way	186724408	https://www.entuesole.it/
way	189052946	http://www.comunesiddi.gov.it
way	197511882	http://www.sispiga.it
way	199271558	http://www.comune.desulo.nu.it
way	199931713	http://www.villaggiosabbiedoro.net
way	202814575	http://www.comune.serramanna.ca.it
way	203373550	http://www.comune.oschiri.ot.it/
way	207878256	http://www.comune.florinas.ss.it
way	213131875	http://www.comune.domusnovas.ci.it
way	216218590	http://www.acquariocalagonone.it
way	217680285	http://www.comune.villaputzu.ca.it/
way	220928538	https://campingvillagetesonis.netsons.org/
way	225110342	http://www.comune.sannicolodarcidano.or.it/
way	230339567	http://www.sardegnacultura.it/j/v/253?v=2&c=2488&t=1&s=21531
way	234747378	http://arst.sardegna.it/orari_e_autolinee/TPL.html
way	235951078	http://www.bauladu.net
way	237803987	http://www.comune.arborea.or.it
way	242529161	http://www.codulafuili.com
way	242529162	http://www.agriturismonuraghemannu.com
way	242529167	http://www.codulafuili.com
way	244748628	http://www.comune.mamoiada.nu.it
way	246793761	http://www.comune.nule.ss.it
way	247016181	http://www.santamariaresort.it
way	247032045	http://ristorante-vigne-doro-orosei.business.site/
way	247832388	http://www.comune.uras.or.it/
way	247884903	http://www.comune.furtei.ca.it
way	247884904	http://www.comunedilanusei.it
way	247884908	www.comune.ottana.nu.it
way	247884911	http://www.comunedicardedu.it
way	247884921	http://www.comune.tramatza.or.it/
way	247884922	http://www.comune.dolianova.ca.it
way	247884924	http://www.comune.nurachi.or.it
way	247884927	http://www.comunedibarisardo.gov.it
way	247884931	http://www.comune.boroneddu.or.it
way	247884938	http://comune.torpe.nu.it
way	248206060	http://www.comunedipalmasarborea.it/
way	248435081	http://www.comune.solarussa.or.it
way	248440824	https://www.isscabas.com
way	248785975	http://www.comune.armungia.ca.it
way	250510706	http://www.comune.sardara.vs.it
way	251356390	https://www.comune.berchidda.ot.it
way	251512896	http://www.ristorantetipicogolgo.com
way	257774284	http://www.comune.mogoro.or.it
way	258094245	https://www.nuraghesantuantine.it
way	273743488	http://www.hotelmurru.com
way	273745304	https://www.comune.ballao.ca.it
way	273770346	http://www.agriturismoertila.it/
way	273770395	http://www.sulithu.it
way	273776904	http://www.comunebudduso.gov.it
way	273799641	http://www.beblavalledelcedrino.com
way	274852003	http://www.comunegonnosfanadiga.gov.it
way	274938790	https://www.comune.dorgali.nu.it
way	274939113	http://www.biofarmcucche.it
way	276592443	http://www.comune.irgoli.nu.it
way	276604811	http://www.hotelvillaselene.net
way	276610413	http://www.comune.loculi.nu.it
way	277489026	http://www.comune.lula.nu.it
way	277789608	http://www.comune.calasetta.ci.it/
way	278134532	http://www.termedisardara.it
way	278320413	http://arst.sardegna.it/orari_e_autolinee/TPL.html
way	278320414	http://arst.sardegna.it/orari_e_autolinee/TPL.html
way	278426322	http://www.comune.onani.nu.it
way	279199030	http://www.liceoscientificooristano.gov.it
way	279199321	http://www.ilbernini.it/
way	279199357	http://www.climatecnika.it/
way	279200030	https://www.jysk.it
way	279200727	http://www.hostelrodia.it
way	279201844	http://www.poliambulatorio.oristano.it
way	279203119	http://www.tecnoversnc.com/
way	279204864	https://www.gtsushiwok.it
way	279204996	http://www.labmeliseponti.com
way	279264384	http://www.comune.alghero.ss.it
way	279271363	http://www.elfarohotel.it
way	279355176	http://www.comune.pabillonis.vs.it
way	279365351	https://www.comune.padru.ot.it
way	280053114	http://iissanluri.gov.it/
way	280145207	http://www.comune.siliqua.ca.it
way	280157958	http://www.comune.simaxis.or.it/
way	281462870	http://www.hotelgrillo.net/
way	281476479	http://www.satancaebore.it
way	281514774	http://www.ilredentore.com
way	282347732	http://www.hotellafuntana.com/
way	283489564	https://www.comune.carbonia.su.it
way	283514808	http://www.comune.iglesias.ca.it
way	283844881	http://www.comune.posada.nu.it
way	283961927	http://www.agriturismoilmirto.it
way	287807442	http://www.ristorantetorregrande.com
way	289634106	https://www.campingsosflores.com/
way	289634110	https://campingcignobianco.it/
way	289634113	https://campingorri.it/
way	289634126	http://www.comuneditortoli.it
way	291517718	http://www.vallermosa.gov.it/
way	291626597	http://www.comune.setzu.vs.it
way	291627246	http://www.filodimemoria.it
way	293641819	http://www.comuneallai.gov.it
way	293644734	http://www.comune.ales.or.it
way	294093230	http://www.comune.soddi.or.it
way	294093933	http://www.comuneardauli.gov.it/index.asp
way	294094348	http://www.comune.sorradile.or.it
way	294094675	http://www.comune.ulatirso.or.it/
way	294095976	http://www.comune.tadasuni.or.it
way	294096001	http://www.comune.fordongianus.or.it
way	294096110	http://www.comune.bidoni.or.it/
way	294096671	http://www.comunenughedusv.it/
way	294098990	http://www.comune.norbello.or.it
way	294099004	http://www.comune.ghilarza.or.it
way	294107070	http://www.comune.nureci.or.it
way	294108224	http://www.comune.assolo.or.it
way	294110219	http://www.comune.baradili.or.it/
way	294110250	http://www.comune.baressa.or.it
way	294120812	http://www.comune.bonarcado.or.it
way	294120813	http://www.comune.paulilatino.or.it/
way	294225570	http://comune.curcuris.or.it
way	294225667	http://www.comune.siapiccia.or.it/
way	294225760	http://www.comune.sini.or.it
way	294225903	http://www.parrocchia-zerfaliu.it
way	294226010	https://comune.gonnosno.or.it
way	294226013	http://www.comune.zerfaliu.or.it
way	294229778	http://www.comune.villaurbana.or.it
way	294230564	http://www.comune.villanovatruschedu.or.it
way	294231224	http://www.comune.siamanna.or.it/
way	294419611	http://www.comune.serrenti.ca.it
way	294435902	http://ristorantefrontemari.it
way	294436343	http://www.torrehotel.it
way	294436390	http://www.comunediarbus.gov.it
way	294436397	https://www.facebook.com/ristorantevillaggiooasi/
way	294436466	http://www.ristorantefrongia.it
way	294438698	http://www.hotelcorsaronero.com
way	294438797	http://www.hotelcorsaronero.com
way	294439390	http://www.lacaletta.it
way	294443689	http://www.comune.pauliarbarei.vs.it
way	294446583	http://www.comune.collinas.vs.it
way	294446761	http://www.comune.villamar.vs.it
way	294446865	http://www.comune.lunamatrona.ca.it
way	294446890	http://www.comune.villanovafranca.ca.it
way	294460351	http://www.ristorantecavallinodellagiara.com/
way	294463792	http://www.comune.genuri.vs.it
way	294464098	http://www.comune.lasplassas.vs.it
way	294464140	http://www.comune.tuili.vs.it
way	294464167	http://www.comune.gesturi.vs.it
way	294465446	http://www.comune.turri.vs.it
way	294617486	http://www.comune.fluminimaggiore.ca.it
way	294629298	http://www.comune.musei.ci.it/
way	295298856	http://www.comune.decimomannu.ca.it
way	295299352	https://www.ristorantecasacortina.com
way	295299374	http://www.comune.villaspeciosa.ca.it
way	295315003	https://www.comune.castiadas.su.it
way	295509261	http://www.treninoverde.com/
way	295509262	http://www.treninoverde.com/
way	295509263	http://www.treninoverde.com/
way	295512397	http://www.comune.villanovatulo.ca.it
way	295515391	http://www.comune.sadali.ca.it
way	295524089	http://www.montresta.org
way	295531593	http://www.comune.sinnai.ca.it
way	295586094	http://arst.sardegna.it/orari_e_autolinee/TPL.html
way	295586095	http://arst.sardegna.it/orari_e_autolinee/TPL.html
way	295586849	http://www.comune.ussana.ca.it/
way	295590355	https://www.sansperate.net
way	295594714	http://www.comune.sestu.ca.it/
way	295705018	http://www.ispaulis.it
way	295706009	http://www.comune.serdiana.ca.it
way	295727615	https://www.comune.donori.ca.it
way	295730977	http://www.comune.monastir.ca.it/
way	295732980	http://www.comune.burcei.ca.it/
way	295893350	http://www.comune.muravera.ca.it
way	295901633	http://www.comune.villasalto.ca.it
way	295901706	http://www.comune.sanvito.ca.it/
way	295903835	http://www.agriturismosaruda.it
way	295904628	http://www.agriturismosaruda.it
way	295905022	http://www.ittioturismooristano.com
way	295905116	http://www.agriturismosusattu.it
way	295905142	http://www.agriturismosusattu.it
way	295906317	https://www.lafattoriadiago.it
way	295923358	http://www.comune.sannicologerrei.ca.it
way	295925803	http://www.comune.santandreafrius.ca.it
way	295928440	http://www.comune.barrali.ca.it
way	295928606	http://www.comune.samatzai.ca.it
way	295930110	http://www.comune.pimentel.ca.it/
way	295932472	http://www.comune.silius.ca.it
way	295933993	http://www.comune.ortacesus.ca.it
way	295936569	http://www.comune.sanbasilio.ca.it
way	295940225	http://www.comune.goni.ca.it
way	295940951	http://www.comune.siurgusdonigala.ca.it
way	296260299	http://www.comune.magomadas.or.it
way	296349638	http://www.comunebosa.gov.it
way	296350927	http://www.bedandbreakfastilrosmarino.com
way	296354042	http://www.comune.escolca.ca.it
way	296361577	http://www.comunesuelli.it
way	296362273	http://www.comune.gesico.ca.it
way	296364738	http://www.comuneserri.gov.it
way	296364770	http://www.comune.guamaggiore.ca.it
way	296365629	http://www.comune.gergei.ca.it
way	296374789	http://www.csmonteluna.it
way	296378089	https://www.villa-alberta.com/
way	296547517	http://www.treninoverde.com/
way	296547518	http://www.treninoverde.com/
way	296592082	http://www.comune.osidda.nu.it
way	296771775	https://www.sufassoi.it
way	296791100	http://www.comune.oniferi.nu.it
way	296807487	http://www.comune.lei.nu.it/
way	296807764	http://www.comune.bortigali.nu.it
way	296810874	http://www.comune.dualchi.gov.it
way	297833935	http://www.comuneurzulei.gov.it
way	297850131	https://www.campeggiocavallobianco.com/
way	297850166	www.comune.lotzorai.og.it
way	297850481	http://www.rifugiouttolo.it/
way	297850871	http://www.comune.girasole.og.it
way	297852731	http://www.comunedibaunei.it
way	297852924	http://www.comunetriei.gov.it
way	298053088	http://www.museoalbinomanca.it
way	298056287	http://www.comunetertenia.gov.it
way	298063290	http://www.hotelrifugiodogliastra.it
way	298064039	http://www.comune.jerzu.og.it
way	298073733	http://www.comune.ulassai.og.it
way	298085144	http://www.comune.perdasdefogu.nu.it
way	298113222	http://www.comunedielini.gov.it/
way	298114033	http://www.comune.ilbono.og.it
way	298115325	http://www.comune.osini.nu.it
way	298115684	http://www.comuneloceri.gov.it
way	298873962	http://www.comunesantulussurgiu.it
way	298887807	http://www.lesalinemeeting.com
way	298888046	http://www.albergomenhirs.com/
way	301718555	https://www.comune.soleminis.ca.it
way	302638500	http://www.comune.benetutti.ss.it
way	302640487	http://www.comune.bessude.ss.it
way	302642552	http://www.comune.bonnanaro.ss.it/
way	302653106	https://www.comune.borutta.ss.it/
way	302653827	http://www.comune.bottidda.ss.it
way	302654940	http://www.comune.bultei.ss.it
way	302658700	http://www.comune.cargeghe.ss.it
way	302922272	http://www.comune.chiaramonti.ss.it/
way	302925984	http://www.comunecodrongianos.it
way	304012856	http://www.marilenapischeddaarredamenti.it
way	304013358	http://www.comune.giave.ss.it
way	304015651	http://www.comune.ittireddu.ss.it
way	304087040	http://www.comune.martis.ss.it
way	304089824	http://www.comune.monteleoneroccadoria.ss.it
way	304090644	http://www.comune.mores.ss.it
way	304093157	http://www.comune.muros.ss.it
way	304094765	http://www.comunenughedusn.it/
way	304098518	www.comune.nulvi.ss.it
way	304296835	http://www.comune.ossi.ss.it
way	304308430	http://www.comune.pattada.ss.it
way	304535966	http://www.comune.romana.ss.it
way	304548393	http://www.comunesiligo.it/
way	304555051	http://www.comunethiesi.it
way	304557329	http://www.comune.tissi.ss.it/
way	304559933	https://www.comune.torralba.ss.it
way	304561979	http://www.comune.tula.ss.it/
way	304563651	http://www.comune.uri.ss.it
way	305311797	www.comune.villanovamonteleone.ss.it
way	305350826	http://www.comune.siris.or.it
way	305351161	https://www.darenzo.it/
way	305351162	http://www.comune.siamaggiore.or.it
way	305623213	http://www.comune.abbasanta.or.it
way	310417388	https://www.campingiscrixedda.com/
way	310417390	https://www.campinglecernie.it/
way	310640541	http://www.treninoverde.com/
way	314864374	http://www.loliveto.sardegna.it
way	316986725	http://www.comune.ollastra.or.it
way	317186374	http://www.sulivariu.it/
way	317247114	http://www.comuneaidomaggiore.gov.it
way	317709443	http://www.istcomprensivoardauli.191.it/
way	317979586	http://www.comune.neoneli.or.it/
way	318012922	http://www.ilmenudisabaelia.com/
way	318668818	http://www.bblapalma.com
way	318668819	https://bbparco.jimdo.com
way	318726415	http://www.comune.santagiusta.or.it
way	318840183	http://www.agriturismomulinubetzu.it
way	318840185	http://www.lorto.it
way	319004687	http://www.agriturismobonusuile.com/home.html
way	319259042	http://www.agriturismosaserra.it/
way	320994319	http://www.agriturismocaposanmarco.it
way	320994322	http://www.agriturismosaruda.it
way	320994324	http://www.agriturismosupranu.com
way	320994325	http://www.agriturismosusattu.it
way	322239312	http://www.comune.cabras.or.it
way	322927787	http://www.bbsedilo.com/
way	322927916	www.studiomameli.com
way	322928596	http://www.sedilnet.com
way	322929277	http://www.janaemele.com
way	323324112	http://www.immaviaggi.it
way	324012854	http://www.waterlandnuoto.it
way	330681078	http://www.agriturismoorizzonte.it/
way	330851579	www.carbosulcis.eu
way	332860473	http://www.agriturismoilgiglio.com/
way	333770660	http://www.iscortillaris.it
way	333772084	http://www.agriturismoferrari.com/
way	336666091	http://www.serrasdala.com/
way	372004081	http://www.eurospin.it/
way	374680352	http://www.comune.riolasardo.or.it/
way	380248449	http://arst.sardegna.it/orari_e_autolinee/TPL.html
way	380248450	http://arst.sardegna.it/orari_e_autolinee/TPL.html
way	380317314	http://arst.sardegna.it/orari_e_autolinee/TPL.html
way	380800017	http://arst.sardegna.it/orari_e_autolinee/TPL.html
way	380800018	http://arst.sardegna.it/orari_e_autolinee/TPL.html
way	381706015	http://arst.sardegna.it/orari_e_autolinee/TPL.html
way	416229031	http://www.comune.bitti.nu.it
way	437548870	http://www.gulunie.com
way	437776988	www.concaejanas.com
way	438259377	www.sincantu.it
way	438275533	www.agriturismosozzastru.com
way	438982001	www.bachilebertula.it
way	438982002	www.agriturvillagaia.it
way	443077998	http://www.agriturismodidone.com
way	447873782	www.aquafantasy.it
way	451583849	http://www.treninoverde.com/
way	456169673	http://www.hotelcavallinorosso.com
way	460319848	http://www.comune.terralba.or.it
way	461888361	http://www.treninoverde.com/
way	461888362	http://www.treninoverde.com/
way	461940268	http://www.treninoverde.com/
way	461940269	http://www.treninoverde.com/
way	462703964	http://www.treninoverde.com/
way	462703965	http://www.treninoverde.com/
way	462964352	http://www.treninoverde.com/
way	462964353	http://www.treninoverde.com/
way	463052558	http://www.comunediarzana.it/
way	463102171	http://www.treninoverde.com/
way	463102172	http://www.treninoverde.com/
way	464259649	http://www.treninoverde.com/
way	464259650	http://www.treninoverde.com/
way	464259656	http://www.treninoverde.com/
way	464259657	http://www.treninoverde.com/
way	464504339	http://web.tiscali.it/agriturismodavalore/
way	466052357	https://isdomosantigas.wordpress.com/
way	466700239	http://www.treninoverde.com/
way	466700240	http://www.treninoverde.com/
way	470714905	http://www.treninoverde.com/
way	470714906	http://www.treninoverde.com/
way	470714923	http://www.treninoverde.com/
way	470714924	http://www.treninoverde.com/
way	471503930	http://www.treninoverde.com/
way	471503931	http://www.treninoverde.com/
way	471511416	http://www.treninoverde.com/
way	471511417	http://www.treninoverde.com/
way	471511500	http://www.treninoverde.com/
way	471511501	http://www.treninoverde.com/
way	471511508	http://www.treninoverde.com/
way	471511509	http://www.treninoverde.com/
way	471832870	http://www.treninoverde.com/
way	471832872	http://www.treninoverde.com/
way	471832886	http://www.treninoverde.com/
way	471832890	http://www.treninoverde.com/
way	471884614	http://www.treninoverde.com/
way	471884615	http://www.treninoverde.com/
way	497151616	http://www.treninoverde.com/
way	497151617	http://www.treninoverde.com/
way	497151625	http://www.treninoverde.com/
way	497151628	http://www.treninoverde.com/
way	497151629	http://www.treninoverde.com/
way	497151631	http://www.treninoverde.com/
way	497917232	http://www.agriturismoilmirto.it
way	500705252	http://www.treninoverde.com/
way	516832941	http://arst.sardegna.it/orari_e_autolinee/TPL.html
way	518791562	http://www.agriturismosamamaioa.com
way	519023096	http://www.comune.tresnuraghes.or.it
way	520286502	http://www.comune.anela.ss.it
way	520767767	http://www.comune.orune.nu.it
way	520970372	http://www.agriturismoiloghe.com
way	520985527	http://www.biriddo.com/
way	520985532	http://www.biofarmcucche.it
way	520985558	http://www.agriturismoneule.com
way	521001974	http://www.canales.it
way	522956857	http://www.comune.talana.nu.it
way	523230448	http://affittacameremunduge-it.book.direct
way	523352008	http://www.comune.villagrandestrisaili.og.it
way	525168447	http://www.comune.gairo.nu.it
way	525203060	http://www.pastificiosaporidisardegna.it
way	525312501	http://www.comune.nuragus.ca.it
way	525421509	http://www.appikkoniu.it
way	528960804	http://www.comune.nurri.ca.it
way	528960808	http://www.comune.orroli.ca.it
way	528981677	http://www.comune.mandas.ca.it/
way	530334139	http://www.lacuratoria.it
way	530753380	http://arst.sardegna.it/orari_e_autolinee/TPL.html
way	530753381	http://arst.sardegna.it/orari_e_autolinee/TPL.html
way	530753396	http://arst.sardegna.it/orari_e_autolinee/TPL.html
way	530753397	http://arst.sardegna.it/orari_e_autolinee/TPL.html
way	530753421	http://arst.sardegna.it/orari_e_autolinee/TPL.html
way	530753422	http://arst.sardegna.it/orari_e_autolinee/TPL.html
way	532022330	http://www.villanovaforru.gov.it
way	532022334	http://www.ristorantelestrutture.it
way	532312524	http://www.agriturismonuovigiardini.it
way	533946401	http://www.agriturismolaquila.com
way	533946403	http://www.oasidelcervo.it
way	533946422	http://www.agriturismocostaverde.it
way	534193055	http://www.agriturismocasacasti.it
way	534908924	http://www.agriturismosacanudera.it
way	534908936	https://www.sacrannaccia.com
way	534908988	http://www.ittioturismooristano.com
way	534929014	http://www.agriturismosaroiatraversa.it
way	535684475	http://www.samarigosa.com
way	536106672	http://www.lalucedelsinis.it
way	536130352	http://www.maestraleagriturismo.com
way	536130370	www.sanea.it
way	536336023	http://www.agriturismovilladegliulivi.it
way	536336027	http://www.lamimosaagriturismo.it
way	536637221	http://www.abbamala.com
way	536712613	http://www.agriturismobainasbosa.com
way	536712631	http://www.iisgapischeddabosa.gov.it
way	537388055	http://www.iisgapischeddabosa.gov.it
way	538190485	http://www.comunebusachi.gov.it
way	538198446	http://www.comune.villaverde.or.it/
way	538202389	www.comuneasuni.gov.it
way	538214283	http://www.comune.samugheo.or.it/
way	538232901	http://www.comune.baratilisanpietro.or.it
way	538296914	http://www.parcoacquaticosardegna.com
way	538318938	http://www.comune.sindia.nu.it
way	538318942	http://www.comune.macomer.nu.it
way	538318945	http://www.comune.ollolai.nu.it/
way	538318948	http://www.comune.onifai.nu.it
way	538321088	http://www.comune.illorai.ss.it
way	538321091	www.comune.padria.ss.it
way	538438576	http://www.comune.cheremule.ss.it
way	540007189	http://www.agriturismosiscopalzu.it
way	540763339	http://web.tiscali.it/agriturismomontalbo/
way	541486136	http://www.agriturismopiperedda.it
way	541524692	http://www.galtelli.gov.it
way	542463988	https://www.hotel-santefisio.com
way	542464008	http://www.imandorli.com
way	542709674	https://www.ipsar.gov.it
way	542754609	http://www.agriturismogliastra.it
way	542754647	http://www.subarraccu.it
way	542781196	http://www.hotelabbaemurta.it
way	543324573	http://www.perdeperaresort.it/
way	545626427	http://arst.sardegna.it/orari_e_autolinee/TPL.html
way	545626430	http://arst.sardegna.it/orari_e_autolinee/TPL.html
way	545626633	http://www.comune.senorbi.ca.it
way	545679392	http://www.comuneguasila.gov.it
way	545807959	http://www.comune.segariu.ca.it
way	545810296	http://hotelsamuvara.com
way	546401419	http://www.comune.sangavinomonreale.vs.it
way	547220988	http://www.comune.guspini.vs.it
way	547240268	http://www.sarocca.it/
way	547240494	http://www.tartheshotel.com/
way	547390087	http://www.saperdamarcada.it/
way	547409854	http://lamagnoliaingurtosu.com
way	547430932	https://www.agriturismosannoranna.it/
way	547461825	http://www.saboriantigu.it/
way	547461829	http://www.agriturismoangoloazzurro.com
way	547461830	http://agriturismoilginepro.it/
way	548690815	http://www.comune.putifigari.ss.it
way	548880459	http://www.comune.banari.ss.it
way	550260359	http://www.agriturismoertila.it/
way	550474542	http://www.comune.siniscola.nu.it
way	551464475	http://web.tiscali.it/agriturismoSNGerrei/
way	551945435	http://arst.sardegna.it/orari_e_autolinee/TPL.html
way	551945436	http://arst.sardegna.it/orari_e_autolinee/TPL.html
way	552836911	http://www.lagrumeto.eu/
way	552994600	http://arst.sardegna.it/orari_e_autolinee/TPL.html
way	552994601	http://arst.sardegna.it/orari_e_autolinee/TPL.html
way	554287472	http://www.comune.samassi.ca.it
way	554493550	http://www.agriturvalbella.it
way	554608220	https://www.iisbuonarrotivolta.it
way	554623721	http://www.esterhotel.com/
way	554640314	http://www.liceopiga.gov.it/
way	557054218	http://www.agriturismofighezia.it/
way	560282977	https://www.comune.ittiri.ss.it/
way	561552933	http://www.comune.ardara.ss.it
way	564220971	http://www.agriturismosantareparata.it
way	567072485	http://www.comune.lode.nu.it
way	567547177	http://www.satancaebore.it
way	567859955	http://www.agriturismosuvrau.com
way	572130152	http://www.agriturismobaccucardu.it
way	572779652	http://www.teknolegno.it
way	575245715	http://www.orangemoonagriturismo.com
way	575457452	www.ippodromovillacidro.it
way	577454033	http://www.agriturismo-perdaniedda.com/
way	581154502	www.aziendasamandra.it
way	583440917	http://www.comune.usini.ss.it
way	583734739	http://www.liceoartisticosassari.gov.it
way	584202853	https://www.comune.ploaghe.ss.it/
way	587512471	http://www.comune.aladeisardi.ot.it
way	588989868	http://www.marinhotel.it
way	589009080	https://www.agriturismomuzzuolbia.it/
way	589277025	http://www.agriturismotoninocorda.it
way	589652026	http://www.agriturismo-irghitula.com
way	591383527	http://sadomemalloru.it
way	593264609	http://arst.sardegna.it/orari_e_autolinee/TPL.html
way	593264610	http://arst.sardegna.it/orari_e_autolinee/TPL.html
way	596100431	http://www.comune.decimoputzu.ca.it
way	603589976	http://www.agriturismovilladegliulivi.it
way	673141866	https://www.cantinedidolianova.it/
way	732456236	https://www.camping-baiaparadiso.com/
way	762673827	http://arst.sardegna.it/orari_e_autolinee/TPL.html
way	762679692	http://arst.sardegna.it/orari_e_autolinee/TPL.html
way	762679693	http://arst.sardegna.it/orari_e_autolinee/TPL.html
way	823795318	http://www.subarroccu.it
way	846973862	https://comune.monserrato.ca.it
way	958519236	https://www.villalinapula.com/
way	974054833	https://www.torremoresca.it
way	1011014493	https://www.mdspa.it/punti-vendita/Sardegna/OR-Oristano/1048-Oristano
way	1076023371	http://arst.sardegna.it/orari_e_autolinee/TPL.html
way	1076808208	http://www.treninoverde.com/
way	1076808209	http://www.treninoverde.com/
way	1076808210	http://www.treninoverde.com/
way	1082295947	https://www.camping-isarenas.com/
way	1110236050	http://www.treninoverde.com/
way	1110236051	http://www.treninoverde.com/
way	1115430376	http://arst.sardegna.it/orari_e_autolinee/TPL.html
way	1157785571	http://www.treninoverde.com/
way	1157842325	http://www.treninoverde.com/
way	1230075147	http://web.tiscali.it/ristorantesanlorenzo/
way	1309604770	http://www.isolarossabosa.it
way	1360863485	https://www.ictertenia.edu.it/
way	1382100134	https://www.parkingo.com/it/parcheggio-aeroporto-cagliari-elmas
way	1384151676	https://www.sateriavillage.it/
way	1384335370	https://www.hoteljanas.it/
way	1411289213	http://arst.sardegna.it/orari_e_autolinee/TPL.html
way	1411289214	http://arst.sardegna.it/orari_e_autolinee/TPL.html
way	1411289217	http://arst.sardegna.it/orari_e_autolinee/TPL.html
way	1411289218	http://arst.sardegna.it/orari_e_autolinee/TPL.html
way	1450362548	http://www.comune.esterzili.ca.it
way	1471589273	https://www.campeggiosolemar.com/
way	1471686888	https://www.stintinocamper.it/
way	1476264834	https://www.villacidroturismo.it/it/scopri/da-vedere/luogo/Casa-Todde
relation	41025	https://www.comunearzachena.it
relation	1808857	http://www.treninoverde.com/
relation	3647706	http://www.comuneescalaplano.info/
relation	3685040	http://www.hotelvillafanny.it/
relation	3685066	http://www.comune.cagliari.it
relation	3712966	http://www.comune.oristano.it
relation	3725211	http://www.comunebudoni.gov.it/
relation	3913282	http://www.comune.villacidro.vs.it/
relation	3913497	http://www.hotelfuntananoa.it
relation	3913513	http://www.museosacoronarrubia.it/
relation	3923897	http://www.comune.villasor.gov.it
relation	3930553	http://www.comune.nuraminis.ca.it
relation	3933094	http://www.villadegliulivirsa.it
relation	3947951	http://www.museodelpanerituale.it/
relation	3948039	http://www.comune.noragugume.nu.it
relation	3964318	http://www.hotelorlandoresort.com
relation	3970750	http://www.comune.zeddiani.or.it
relation	4264134	http://www.comune.sedilo.or.it
relation	4294454	http://www.afsardegna.it
relation	6581360	http://www.ferratacabirol.it
relation	7688852	http://www.golfhotelisarenas.com/
relation	7706249	http://www.comune.ussaramanna.vs.it
relation	7796877	http://www.comune.sanluri.vs.it
node	72991040	http://web.tiscali.it/Senorbi2000/
node	72991301	http://www.fluminimaggiore-bilingue.it/
node	72992193	http://www.orroliproloco.com/
node	1601566871	http://www.un.org/Depts/los/LEGISLATIONANDTREATIES/PDFFILES/TREATIES/FRA-ITA1986MB.PDF
node	1601567218	http://www.un.org/Depts/los/LEGISLATIONANDTREATIES/PDFFILES/TREATIES/FRA-ITA1986MB.PDF
node	1601567221	http://www.un.org/Depts/los/LEGISLATIONANDTREATIES/PDFFILES/TREATIES/FRA-ITA1986MB.PDF
node	2329913542	https://www.sardegnaturismo.it/it/esplora/san-valentino
node	8018364892	https://commons.wikimedia.org/wiki/File:Bruncu_Suergiu.jpg
node	10265078480	https://people.unica.it/unicamappe/2012/08/10/facolta-di-architettura/
node	11925747476	https://coinatmradar.com/bitcoin_atm/64663/bitcoin-atm-shitcoins-club-cagliari-shitcoinsclub/
way	27771208	http://www.saras.it/saras/pages/inthefield/assets/refining
way	62331902	http://www.progettodighe.it/main/le-dighe/article/bau-mandara
way	81578382	https://www.worldheritagesite.org/list/Su+Nuraxi+di+Barumini
way	142884664	http://www.orroliproloco.com/
way	277017452	http://www.tripadvisor.it/Restaurant_Review-g3528959-d3524787-Reviews-Il_Gatto_Sardo-Gonnoscodina_Province_of_Oristano_Sardinia.html
way	516635404	http://www.orroliproloco.com/
way	516635406	http://www.orroliproloco.com/
way	516635408	http://www.orroliproloco.com/
way	516635410	http://www.orroliproloco.com/
way	581847789	http://www.arrampicatasardegna.com/falesie/masua-castello-delliride/
way	581847804	http://www.arrampicatasardegna.com/falesie/torre-di-titti-torre-sauron-i-menhir/
way	581847809	http://www.arrampicatasardegna.com/falesie/punta-pilocca/
way	581847817	http://www.arrampicatasardegna.com/falesie/arrampicantro/
relation	39917	http://www.fluminimaggiore-bilingue.it/
relation	39959	http://web.tiscali.it/Senorbi2000/
relation	40002	http://www.orroliproloco.com/
relation	10077575	https://danbag.altervista.org/Sardegna/B485/B485-FTP.kml
relation	12321189	https://danbag.altervista.org/Sardegna/B481/B481-FTP.kml
relation	12857717	https://danbag.altervista.org/Sardegna/F401/F401-FTP.kml
relation	12857738	https://danbag.altervista.org/Sardegna/F402/F402-FTP.kml
relation	12858020	https://danbag.altervista.org/Sardegna/F404/F404-FTP.kml
relation	12858037	https://danbag.altervista.org/Sardegna/F405/F405-FTP.kml
relation	12858057	https://danbag.altervista.org/Sardegna/F406/F406-FTP.kml
relation	14211283	https://danbag.altervista.org/Sardegna/T741/T741-FTP.kml
relation	14211317	https://danbag.altervista.org/Sardegna/T702/T702-FTP.kml
relation	14704119	https://danbag.altervista.org/Sardegna/B401/B401-FTP.kml
relation	15088814	https://danbag.altervista.org/Sardegna/B162/B162-FTP.kml
relation	16503335	https://danbag.altervista.org/Sardegna/B505/B505-FTP.kml
relation	18147528	https://danbag.altervista.org/Sardegna/G100/G100-FTP.kml
relation	18159900	https://danbag.altervista.org/Sardegna/B410/B410-FTP.kml
