<meta http-equiv="content-type" content="text/html	-1		
<title>OSM3S Response</title>	-1		
charset=utf-8" lang="en"/>	-1		
<!DOCTYPE html PUBLIC "-//W3C//DTD XHTML 1.0 Strict//EN	-1		
</body>	-1		
</head>	-1		
</html>	-1		
<body>	-1		
<head>	-1		
<html xmlns="http://www.w3.org/1999/xhtml" xml:lang="en" lang="en">	-1		
<p><strong style="color:#FF0000">Error</strong>: runtime error: open64: 0 Success /osm3s_osm_base Dispatcher_Client::request_read_and_idx::timeout. The server is probably too busy to handle your request. </p>	-1		
<p>The data included in this document is from www.openstreetmap.org. The data is made available under ODbL.</p>	-1		
http://www.w3.org/TR/xhtml1/DTD/xhtml1-strict.dtd">	0	400	
http://algaleone.it	6		
http://agriturismoilginepro.it/	0	302	https://agriturismoilginepro.it/
http://affittacameremunduge-it.book.direct	6		
http://arst.sardegna.it/orari_e_autolinee/TPL.html	0	301	https://arst.sardegna.it/orari_e_autolinee/TPL.html
http://comune.curcuris.or.it	0	301	https://comune.curcuris.or.it/
http://allaplaya.altervista.org/	6		
http://iissanluri.gov.it/	6		
http://comune.torpe.nu.it	0	302	https://comune.torpe.nu.it/
http://lamagnoliaingurtosu.com	6		
http://hotelsamuvara.com	0	301	http://www.117-117.com/
http://arcobalibri.hystrix.eu	0	200	
http://oliastefano.wixsite.com/ilmiosito	0	301	https://oliastefano.wixsite.com:443/ilmiosito
http://pasticceriasansimaco.blogspot.it	0	302	http://pasticceriasansimaco.blogspot.com/
http://ristorante-vigne-doro-orosei.business.site/	0	404	
http://ristorantefrontemari.it	6		
http://sadomemalloru.it	6		
http://web.tiscali.it/agriturismoSNGerrei/	0	200	
http://web.tiscali.it/Senorbi2000/	0	200	
http://web.tiscali.it/agriturismodavalore/	0	200	
http://web.tiscali.it/dott.andreamelis/	0	200	
http://web.tiscali.it/agriturismomontalbo/	0	200	
http://www.abbamala.com	0	405	
http://web.tiscali.it/ristorantesanlorenzo/	0	200	
http://www.acquariocalagonone.it	0	301	https://www.acquariocalagonone.it/
http://www.afsardegna.it	0	200	
http://www.agriturismo-irghitula.com	52		
http://otticadelrio.it/	28		
http://www.agriturismoangoloazzurro.com	6		
http://pacs.unica.it/cere/	28		
http://www.agriturismobainasbosa.com	6		
http://www.agriturismobonusuile.com/home.html	6		
http://www.agriturismobaccucardu.it	0	200	
http://www.agriturismocasacasti.it	0	200	
http://www.agriturismocaposanmarco.it	0	200	
http://www.agriturismodidone.com	0	301	https://www.agriturismodidone.com/
http://www.agriturismocostaverde.it	0	200	
http://www.aeroportotortoliarbatax.it/	28		
http://www.agriturismoferrari.com/	0	404	
http://www.agriturismogliastra.it	6		
http://www.agriturismoilgiglio.com/	0	301	https://www.agriturismoilgiglio.com/
http://www.agriturismofighezia.it/	0	301	https://www.agriturismofighezia.it/
http://www.agriturismoiloghe.com	6		
http://www.agriturismolaquila.com	0	301	https://www.agriturismolaquila.com/
http://www.agriturismoilmirto.it	0	301	https://www.agriturismoilmirto.it/
http://www.agriturismomulinubetzu.it	0	200	
http://www.agriturismonuovigiardini.it	6		
http://www.agriturismoneule.com	0	301	https://www.agriturismoneule.com/
http://www.agriturismo-perdaniedda.com/	28		
http://www.agriturismoertila.it/	0	301	https://www.agriturismoertila.it/
http://www.agriturismopinuccia.it	0	301	https://www.agriturismopinuccia.it/
http://www.agriturismopiperedda.it	0	301	https://www.agriturismopiperedda.it/
http://www.agriturismosamamaioa.com	0	200	
http://www.agriturismosantareparata.it	6		
http://www.agriturismosaroiatraversa.it	0	200	
http://www.agriturismosaruda.it	0	301	https://www.agriturismosaruda.it/
http://www.agriturismosaserra.it/	6		
http://www.agriturismosiscopalzu.it	6		
http://www.agriturismosacanudera.it	0	301	https://agriturismosacanudera.it/
http://www.agriturismoorizzonte.it/	0	200	
http://www.agriturismosusattu.it	0	301	https://www.agriturismosusattu.it/
http://www.agriturismosuvrau.com	0	301	http://tenutasuvrau.com
http://www.agriturismosupranu.com	0	200	
http://www.agriturismovilladegliulivi.it	0	403	
http://www.agriturvalbella.it	0	200	
http://www.albergomenhirs.com/	0	301	https://www.albergomenhirs.com/
http://www.anticocaffe1855.it/	0	301	https://www.anticocaffe1855.it/
http://www.appikkoniu.it	6		
http://www.almielerestaurant.com/	0	301	http://almielerestaurant.com/
http://www.agriturismonuraghemannu.com	28		
http://www.arrampicatasardegna.com/falesie/arrampicantro/	0	200	
http://www.arrampicatasardegna.com/falesie/torre-di-titti-torre-sauron-i-menhir/	0	200	
http://www.asfodelihotel.com	0	301	https://www.asfodelihotel.com/
http://www.autoscuola.oristano.it	6		
http://www.arrampicatasardegna.com/falesie/masua-castello-delliride/	0	200	
http://www.babai.bar	6		
http://www.bauladu.net	6		
http://www.baiacea.com	0	301	https://www.baiacea.com/
http://www.arrampicatasardegna.com/falesie/punta-pilocca/	0	200	
http://www.bblapalma.com	6		
http://www.beblavalledelcedrino.com	6		
http://www.bbsedilo.com/	0	301	https://www.bbsedilo.com/
http://www.bedandbreakfastilrosmarino.com	6		
http://www.bbginepro.it	0	403	
http://www.bnbcostaverde.it	6		
http://www.biofarmcucche.it	0	301	https://www.biofarmcucche.it/
http://www.calamurtas.it	6		
http://www.campingbungalowlapineta.it	0	301	https://www.campingbungalowlapineta.it/
http://www.agriturismotoninocorda.it	28		
http://www.bonaria.eu/storia-di-bonaria/museo/museo/	0	301	https://www.bonaria.eu/storia-di-bonaria/museo/museo/
http://www.capofrascaresort.it/	0	301	https://capofrascaresort.it/
http://www.climatecnika.it/	0	302	https://www.climatecnika.it/
http://www.codulafuili.com	0	301	https://www.codulafuili.com/
http://www.comune.abbasanta.or.it	0	302	https://www.comune.abbasanta.or.it/
http://www.comune.aladeisardi.ot.it	0	200	
http://www.canales.it	0	301	https://www.canales.it/
http://www.comune.alghero.ss.it	0	301	https://comune.alghero.ss.it/
http://www.comune.ales.or.it	0	301	https://www.comune.ales.or.it/
http://www.comune.anela.ss.it	0	301	https://comune.anela.ss.it/
http://www.comune.arborea.or.it	0	301	https://www.comune.arborea.or.it/
http://www.comune.ardara.ss.it	0	301	https://comune.ardara.ss.it/
http://www.comune.armungia.ca.it	0	301	https://www.comune.armungia.ca.it/
http://www.comune.assolo.or.it	0	301	https://www.comune.assolo.or.it:443/
http://www.comune.banari.ss.it	0	301	https://comune.banari.ss.it/
http://www.comune.baratilisanpietro.or.it	0	301	https://comune.baratilisanpietro.or.it/
http://www.comune.baressa.or.it	0	301	https://www.comune.baressa.or.it:443/
http://www.comune.baradili.or.it/	0	301	https://www.comune.baradili.or.it/
http://www.comune.barrali.ca.it	0	301	https://www.comune.barrali.ca.it/
http://www.comune.bessude.ss.it	0	301	https://comune.bessude.ss.it/
http://www.comune.bidoni.or.it/	0	302	https://www.comune.bidoni.or.it/
http://www.comune.bitti.nu.it	0	302	https://www.comune.bitti.nu.it/
http://www.comune.bonarcado.or.it	0	301	https://comune.bonarcado.or.it/
http://www.comune.bonnanaro.ss.it/	0	301	https://www.comune.bonnanaro.ss.it/
http://www.comune.boroneddu.or.it	0	302	https://www.comune.boroneddu.or.it/
http://www.comune.bortigali.nu.it	0	301	https://www.comune.bortigali.nu.it/
http://www.comune.bottidda.ss.it	0	301	https://www.comune.bottidda.ss.it/
http://www.comune.bultei.ss.it	0	301	https://comune.bultei.ss.it/
http://www.comune.burcei.ca.it/	0	301	https://www.comune.burcei.su.it/
http://www.comune.cabras.or.it	0	307	https://www.comune.cabras.or.it:443/
http://www.biriddo.com/	28		
http://www.comune.calasetta.ci.it/	0	302	https://comune.calasetta.ci.it/
http://www.comune.cargeghe.ss.it	0	301	https://comune.cargeghe.ss.it/
http://www.comune.castelsardo.ss.it	0	302	https://www.comune.castelsardo.ss.it/
http://www.comune.chiaramonti.ss.it/	0	301	https://comune.chiaramonti.ss.it/
http://www.comune.collinas.vs.it	0	301	https://www.comune.collinas.vs.it/
http://www.comune.decimomannu.ca.it	0	301	https://comune.decimomannu.ca.it/
http://www.comune.decimoputzu.ca.it	0	301	https://www.comune.decimoputzu.ca.it/
http://www.comune.desulo.nu.it	0	301	https://www.comune.desulo.nu.it/
http://www.comune.benetutti.ss.it	0	301	https://www.comune.benetutti.ss.it/
http://www.comune.dolianova.ca.it	0	301	https://www.comune.dolianova.su.it
http://www.comune.domusnovas.ci.it	0	301	https://www.comune.domusnovas.ci.it/
http://www.comune.dualchi.gov.it	6		
http://www.comune.esterzili.ca.it	0	301	https://comune.esterzili.su.it/
http://www.comune.florinas.ss.it	0	301	https://comune.florinas.ss.it/
http://www.comune.escolca.ca.it	0	301	https://www.comune.escolca.ca.it/
http://www.comune.fluminimaggiore.ca.it	0	301	https://www.comune.fluminimaggiore.su.it/
http://www.comune.fordongianus.or.it	0	302	https://www.comune.fordongianus.or.it/
http://www.comune.furtei.ca.it	0	301	https://www.comune.furtei.ca.it/
http://www.comune.gairo.nu.it	0	302	https://www.comune.gairo.nu.it/
http://www.comune.genuri.vs.it	0	301	https://comunedigenuri.it/
http://www.comune.gesico.ca.it	6		
http://www.comune.gergei.ca.it	0	301	https://www.comune.gergei.ca.it/
http://www.comune.gesturi.vs.it	0	301	https://www.comune.gesturi.vs.it/
http://www.comune.ghilarza.or.it	0	302	https://www.comune.ghilarza.or.it/
http://www.comune.giave.ss.it	0	301	https://comune.giave.ss.it/
http://www.comune.girasole.og.it	0	302	https://www.comune.girasole.og.it/
http://www.comune.guamaggiore.ca.it	0	301	https://comune.guamaggiore.su.it
http://www.comune.cagliari.it	28		
http://www.comune.guspini.vs.it	6		
http://www.comune.iglesias.ca.it	0	302	https://www.comune.iglesias.ca.it/
http://www.comune.ilbono.og.it	0	301	https://www.comune.ilbono.og.it/
http://www.comune.illorai.ss.it	0	302	https://www.comune.illorai.ss.it/
http://www.comune.irgoli.nu.it	0	301	https://www.comune.irgoli.nu.it/
http://www.comune.isili.ca.it	0	301	https://comune.isili.ca.it/
http://www.comune.ittireddu.ss.it	0	301	https://comune.ittireddu.ss.it/
http://www.comune.cheremule.ss.it	28		
http://www.comune.jerzu.og.it	0	200	
http://www.comune.lasplassas.vs.it	0	301	https://www.comune.lasplassas.vs.it:443/
http://www.comune.lei.nu.it/	0	301	https://comune.lei.nu.it/
http://www.comune.lode.nu.it	0	302	https://www.comune.lode.nu.it/
http://www.comune.lula.nu.it	0	301	https://www.comune.lula.nu.it/
http://www.comune.macomer.nu.it	0	301	https://comune.macomer.nu.it/
http://www.comune.magomadas.or.it	0	301	https://comune.magomadas.or.it/
http://www.comune.lunamatrona.ca.it	0	200	
http://www.comune.mamoiada.nu.it	0	302	https://www.comune.mamoiada.nu.it/
http://www.comune.mandas.ca.it/	0	301	https://www.comune.mandas.ca.it/
http://www.comune.mogoro.or.it	0	301	https://www.comune.mogoro.or.it:443/
http://www.comune.martis.ss.it	0	302	https://www.comune.martis.ss.it/
http://www.comune.monastir.ca.it/	0	301	https://www.comune.monastir.ca.it/
http://www.comune.monteleoneroccadoria.ss.it	0	301	https://comune.monteleoneroccadoria.ss.it/
http://www.comune.mores.ss.it	0	301	https://comune.mores.ss.it/
http://www.comune.muravera.ca.it	0	301	https://www.comunedimuravera.it/
http://www.comune.muros.ss.it	0	302	https://www.comune.muros.ss.it/
http://www.comune.musei.ci.it/	0	301	https://www.comune.musei.ci.it/
http://www.comune.neoneli.or.it/	0	308	https://www.comune.neoneli.or.it/
http://www.comune.noragugume.nu.it	0	301	https://comune.noragugume.nu.it/
http://www.comune.loculi.nu.it	0	307	https://www.comune.loculi.nu.it:443/
http://www.comune.norbello.or.it	0	302	https://www.comune.norbello.or.it/
http://www.comune.nule.ss.it	0	302	https://www.comune.nule.ss.it/
http://www.comune.nuoro.it	0	302	https://www.comune.nuoro.it/
http://www.comune.nurachi.or.it	0	301	https://www.comune.nurachi.or.it/
http://www.comune.nuraminis.ca.it	0	301	https://www.comune.nuraminis.ca.it/
http://www.comune.nureci.or.it	0	301	https://www.comune.nureci.or.it/
http://www.comune.nurri.ca.it	0	301	https://comune.nurri.su.it/
http://www.comune.ollastra.or.it	0	301	https://comune.ollastra.or.it/
http://www.comune.nuragus.ca.it	0	200	
http://www.comune.ollolai.nu.it/	0	301	https://www.comune.ollolai.nu.it/
http://www.comune.goni.ca.it	28		
http://www.comune.onani.nu.it	0	301	https://www.comune.onani.nu.it/
http://www.comune.onifai.nu.it	0	302	https://www.comune.onifai.nu.it/
http://www.comune.oniferi.nu.it	0	302	https://www.comune.oniferi.nu.it/
http://www.comune.oristano.it	0	403	
http://www.comune.orosei.nu.it	0	302	https://www.comune.orosei.nu.it/
http://www.comune.orroli.ca.it	0	301	http://comune.orroli.su.it/
http://www.comune.orune.nu.it	0	302	https://www.comune.orune.nu.it/
http://www.comune.oschiri.ot.it/	0	200	
http://www.comune.ortacesus.ca.it	0	301	http://www.comune.ortacesus.su.it/
http://www.comune.osidda.nu.it	0	302	https://www.comune.osidda.nu.it/
http://www.comune.osilo.ss.it	0	301	https://www.comune.osilo.ss.it/
http://www.comune.pabillonis.vs.it	6		
http://www.comune.pauliarbarei.vs.it	6		
http://www.comune.osini.nu.it	0	301	https://www.comune.osini.nu.it/
http://www.comune.ossi.ss.it	0	307	https://www.comune.ossi.ss.it:443/
http://www.comune.pattada.ss.it	0	301	https://www.comune.pattada.ss.it/
http://www.comune.paulilatino.or.it/	0	301	https://www.comune.paulilatino.or.it/
http://www.comune.perdasdefogu.nu.it	0	301	https://www.comune.perdasdefogu.og.it/
http://www.comune.pimentel.ca.it/	0	301	https://www.comune.pimentel.ca.it/
http://www.comune.putifigari.ss.it	0	301	https://www.comune.putifigari.ss.it/
http://www.comune.riolasardo.or.it/	0	301	https://www.comune.riolasardo.or.it:443/
http://www.comune.posada.nu.it	0	301	https://www.comune.posada.nu.it/
http://www.comune.romana.ss.it	0	301	https://www.comune.romana.ss.it/
http://www.comune.sadali.ca.it	0	301	https://www.comune.sadali.ca.it/
http://www.comune.samassi.ca.it	0	301	https://www.comune.samassi.ca.it/
http://www.comune.samatzai.ca.it	0	301	https://www.comune.samatzai.ca.it/
http://www.comune.samugheo.or.it/	0	307	https://www.comune.samugheo.or.it:443/
http://www.comune.sanluri.vs.it	6		
http://www.comune.sanbasilio.ca.it	0	200	
http://www.comune.sannicolodarcidano.or.it/	0	307	https://www.comune.sannicolodarcidano.or.it:443/
http://www.comune.santagiusta.or.it	0	301	https://www.comune.santagiusta.or.it:443/
http://www.comune.santandreafrius.ca.it	0	301	https://www.comune.santandreafrius.ca.it/
http://www.comune.sanvito.ca.it/	0	307	https://www.comune.sanvito.ca.it:443/
http://www.comune.sardara.vs.it	0	301	https://www.comune.sardara.su.it/
http://www.comune.sassari.it	0	301	https://www.comune.sassari.it/
http://www.comune.sedilo.or.it	0	302	https://www.comune.sedilo.or.it/
http://www.comune.segariu.ca.it	6		
http://www.comune.senorbi.ca.it	0	301	https://www.comune.senorbi.ca.it/
http://www.comune.serdiana.ca.it	0	200	
http://www.comune.sannicologerrei.ca.it	0	200	
http://www.comune.serramanna.ca.it	0	403	
http://www.comune.serrenti.ca.it	0	301	https://www.comune.serrenti.ca.it/
http://www.comune.sestu.ca.it/	0	301	https://www.comune.sestu.ca.it/
http://www.comune.setzu.vs.it	0	200	
http://www.comune.siamaggiore.or.it	0	301	https://www.comune.siamaggiore.or.it:443/
http://www.comune.seui.og.it	0	301	https://comune.seui.su.it
http://www.comune.siamanna.or.it/	0	302	https://www.comune.siamanna.or.it/
http://www.comune.siliqua.ca.it	0	302	https://www.comune.siliqua.ca.it/
http://www.comune.siapiccia.or.it/	0	200	
http://www.comune.silius.ca.it	0	301	https://www.comune.silius.ca.it/
http://www.comune.simaxis.or.it/	0	301	https://comune.simaxis.or.it/
http://www.comune.sini.or.it	6		
http://www.comune.sindia.nu.it	0	301	https://www.comune.sindia.nu.it/
http://www.comune.siniscola.nu.it	0	302	https://www.comune.siniscola.nu.it/
http://www.comune.sinnai.ca.it	0	302	https://www.comune.sinnai.ca.it/
http://www.comune.siris.or.it	0	301	https://www.comune.siris.or.it:443/
http://www.comune.siurgusdonigala.ca.it	0	301	https://www.comune.siurgusdonigala.ca.it/
http://www.comune.soddi.or.it	0	301	https://www.comune.soddi.or.it:443/
http://www.comune.solarussa.or.it	0	301	https://comune.solarussa.or.it/
http://www.comune.sorradile.or.it	0	301	https://comune.sorradile.or.it/
http://www.comune.tadasuni.or.it	0	301	https://comune.tadasuni.or.it/
http://www.comune.terralba.or.it	0	307	https://www.comune.terralba.or.it:443/
http://www.comune.talana.nu.it	0	302	https://www.comune.talana.nu.it/
http://www.comune.tissi.ss.it/	0	301	https://www.comune.tissi.ss.it/
http://www.comune.tramatza.or.it/	0	301	https://www.comune.tramatza.or.it/
http://www.comune.tuili.vs.it	6		
http://www.comune.tresnuraghes.or.it	0	301	https://www.comune.tresnuraghes.or.it/
http://www.comune.sangavinomonreale.vs.it	28		
http://www.comune.turri.vs.it	6		
http://www.comune.ulassai.og.it	0	301	https://comune.ulassai.nu.it/
http://www.comune.ulatirso.or.it/	0	302	https://www.comune.ulatirso.or.it/
http://www.comune.uras.or.it/	0	307	https://www.comune.uras.or.it:443/
http://www.comune.uri.ss.it	0	301	https://comune.uri.ss.it/
http://www.comune.usini.ss.it	0	301	https://comune.usini.ss.it/
http://www.comune.ussana.ca.it/	0	301	https://www.comune.ussana.ca.it/
http://www.comune.seneghe.or.it	28		
http://www.comune.ussaramanna.vs.it	0	200	
http://www.comune.villamar.vs.it	6		
http://www.comune.villacidro.vs.it/	0	301	https://www.comune.villacidro.su.it/
http://www.comune.villagrandestrisaili.og.it	0	301	https://comune.villagrandestrisaili.og.it/
http://www.comune.villanovatruschedu.or.it	0	301	https://comune.villanovatruschedu.or.it/
http://www.comune.villaputzu.ca.it/	0	301	https://www.comune.villaputzu.ca.it/
http://www.comune.villasalto.ca.it	0	301	https://www.comune.villasalto.ca.it/
http://www.comune.villasor.gov.it	6		
http://www.comune.villanovafranca.ca.it	0	302	https://www.comune.villanovafranca.ca.it/DEFAULT.ASPX?TABID=60189&LANGUAGE=IT-IT
http://www.comune.villaspeciosa.ca.it	0	302	https://www.comune.villaspeciosa.ca.it:443/
http://www.comune.villaurbana.or.it	0	301	https://comune.villaurbana.or.it/
http://www.comune.villaverde.or.it/	0	301	https://www.comune.villaverde.or.it/
http://www.comune.zeddiani.or.it	0	301	https://www.comune.zeddiani.or.it/
http://www.comuneaidomaggiore.gov.it	6		
http://www.comune.zerfaliu.or.it	0	301	https://comune.zerfaliu.or.it/
http://www.comuneallai.gov.it	6		
http://www.comuneardauli.gov.it/index.asp	6		
http://www.comunebosa.gov.it	6		
http://www.comunebudduso.gov.it	6		
http://www.comunebudoni.gov.it/	6		
http://www.comunebusachi.gov.it	6		
http://www.comunediarbus.gov.it	6		
http://www.comunediarzana.it/	0	200	
http://www.comunedibarisardo.gov.it	6		
http://www.comunedibaunei.it	0	302	https://www.comunedibaunei.it/
http://www.comunedicardedu.it	0	301	https://comune.cardedu.nu.it/
http://www.comunedielini.gov.it/	6		
http://www.comunedilanusei.it	0	200	
http://www.comunedipalmasarborea.it/	6		
http://www.comuneditortoli.it	0	307	https://www.comuneditortoli.it:443/
http://www.comune.tula.ss.it/	28		
http://www.comuneescalaplano.info/	0	302	http://www.comuneescalaplano.info/h7103/site/get.asp?v=2D2EBA
http://www.comunegonnosfanadiga.gov.it	6		
http://www.comuneguasila.gov.it	6		
http://www.comuneloceri.gov.it	6		
http://www.comunenughedusn.it/	0	301	http://www.comune.nughedusannicolo.ss.it/
http://www.comunenughedusv.it/	0	301	https://www.comune.nughedusantavittoria.or.it/
http://www.comuneserri.gov.it	6		
http://www.comunesiddi.gov.it	6		
http://www.comunesantulussurgiu.it	0	301	https://www.comune.santulussurgiu.or.it/it/
http://www.comunesiligo.it/	0	301	https://comune.siligo.ss.it/
http://www.comunetertenia.gov.it	6		
http://www.comunethiesi.it	6		
http://www.comunetriei.gov.it	6		
http://www.comuneurzulei.gov.it	6		
http://www.comune.villanovatulo.ca.it	28		
http://www.coopgoloritze.com/rifugio-altopiano-golgo/	0	301	https://www.coopgoloritze.com/rifugio-altopiano-golgo/
http://www.cosmocasaoristano.it	6		
http://www.csmonteluna.it	6		
http://www.coopsinis.it/default.asp?s=1&lang=	0	301	https://www.coopsinis.it/default.asp?s=1&lang=
http://www.darenzo.it	0	301	https://www.darenzo.it/
http://www.duosapposentos.it/	0	301	https://www.duosapposentos.it/
http://www.elfarohotel.it	0	301	https://www.elfarohotel.it/
http://www.escaperoomoristano.it	6		
http://www.esterhotel.com/	6		
http://www.dmeloni.it	0	301	https://www.dmeloni.it/
http://www.eurospin.it/	0	301	https://www.eurospin.it/
http://www.ferratacabirol.it	0	200	
http://www.filodimemoria.it	6		
http://www.comunecodrongianos.it	28		
http://www.fluminimaggiore-bilingue.it/	6		
http://www.fiorerosa.com	0	301	https://www.fiorerosa.com/
http://www.galtelli.gov.it	6		
http://www.greenvillageposada.com	0	301	https://www.greenvillageposada.com/
http://www.golfhotelisarenas.com/	6		
http://www.gulunie.com	0	301	https://www.gulunie.com/
http://www.hostelrodia.it	0	301	https://www.hostelrodia.it/
http://www.hotelalgabbiano.it	0	301	https://www.hotelalgabbiano.it/
http://www.hotelabbaemurta.it	0	301	https://www.hotelabbaemurta.it/
http://www.hotelcavallinorosso.com	52		
http://www.hotelcorallaro.it/	0	301	https://www.hotelcorallaro.it/
http://www.hotelcorsaronero.com	0	301	https://www.hotelcorsaronero.com/
http://www.comunesuelli.it	28		
http://www.hotelcorterosada.it	0	301	https://www.hotelcorterosada.it/
http://www.hotelgrillo.net/	0	301	https://www.hotelgrillo.net/
http://www.hotellafuntana.com/	6		
http://www.hotelfuntananoa.it	0	301	https://www.hotelfuntananoa.it/
http://www.hotelorlandoresort.com	6		
http://www.hotelpanorama.it	0	302	parking.html
http://www.hotelportoconte.it	0	301	https://www.hotelportoconte.it/
http://www.exclusivecar.net/	28		
http://www.hotelraffael.com	0	301	https://www.hotelraffael.com/
http://www.hotelreginamargherita.com	0	301	https://www.hotelreginamargherita.com/
http://www.hotelsalumenera.it	0	200	
http://www.hotelsarocca.com	0	301	https://www.hotelsarocca.com/
http://www.hoteltrebotti.it/	0	403	
http://www.hotelulivo.it/	0	301	https://www.hotelulivo.it/
http://www.hotelvillafanny.it/	0	301	https://www.hotelvillafanny.it/
http://www.hotelbajaromantica.it	28		
http://www.hotelrifugiodogliastra.it	0	301	https://www.hotelrifugiodogliastra.it/
http://www.idolcidiborore.it/	6		
http://www.iisgapischeddabosa.gov.it	6		
http://www.iisvoltaguspini.gov.it	6		
http://www.ilbernini.it/	6		
http://www.ilmenudisabaelia.com/	6		
http://www.hotelvillaselene.net	0	200	
http://www.imandorli.com	0	301	http://imandorli.com/
http://www.immaviaggi.it	6		
http://www.ilredentore.com	0	301	https://www.ilredentore.com/
http://www.iscortillaris.it	0	301	https://www.iscortillaris.it/
http://www.isolarossabosa.it	0	301	http://isolarossabosa.it/
http://www.ispaulis.it	0	301	https://www.ispaulis.it/
http://www.ittioturismooristano.com	6		
http://www.hotelmurru.com	28		
http://www.kebabpaneevino.com	6		
http://www.istcomprensivoardauli.191.it/	6		
http://www.janaemele.com	0	301	https://www.janaemele.com/
http://www.labmeliseponti.com	0	301	https://www.labmeliseponti.com/
http://www.lacaletta.it	0	301	https://www.lacaletta.it/
http://www.lagrumeto.eu/	6		
http://www.lagrumetobeb.com	6		
http://www.lalucedelsinis.it	6		
http://www.lacquolina.com	0	302	https://www.lacquolina.com/
http://www.lanuovacosta.com	6		
http://www.larosadeiventiristorante.com	6		
http://www.lamimosaagriturismo.it	0	301	https://www.lamimosaagriturismo.it/
http://www.lesalinemeeting.com	6		
http://www.liceoartisticosassari.gov.it	6		
http://www.liceopiga.gov.it/	6		
http://www.liceoscientificooristano.gov.it	6		
http://www.lacuratoria.it	0	200	
http://www.loliveto.sardegna.it	6		
http://www.lidochelo.it	0	301	https://www.lidochelo.it/
http://www.lorto.it	0	301	https://www.lorto.it/
http://www.luigipomata.com	0	301	https://luigipomata.com/
http://www.maestraleagriturismo.com	0	200	
http://www.malvasiaoggianu.it	0	301	https://www.malvasiaoggianu.it/
http://www.marilenapischeddaarredamenti.it	0	301	https://www.marilenapischeddaarredamenti.it/
http://www.lunasorgente.com	0	200	
http://www.meccanico.oristano.it/	6		
http://www.montresta.org	6		
http://www.ic30.com/osolemio/	28		
http://www.museodelpanerituale.it/	6		
http://www.leduneingurtosu.it/	6		
http://www.museoalbinomanca.it	0	301	https://www.museoalbinomanca.it/
http://www.mutseu.org	0	302	https://www.mutseu.org/
http://www.museosacoronarrubia.it/	0	403	
http://www.nonnaisa.com/	0	301	https://www.nonnaisa.com/
http://www.oasidelcervo.it	0	302	https://www.oasidelcervo.it/
http://www.marinhotel.it	0	301	https://www.marinhotel.it/
http://www.orroliproloco.com/	6		
http://www.ninovaccapasticceria.com/	0	406	
http://www.oldcountry.pizza	0	301	https://www.oldcountry.pizza/
http://www.palaviaggi.it	6		
http://www.parcoacquaticosardegna.com	6		
http://www.parrocchia-zerfaliu.it	6		
http://www.pasticceriadolceisola.it	6		
http://www.pedramanna.it	6		
http://www.otticanotaro.it/	0	406	
http://www.pedraruja.com	0	301	https://www.pedraruja.com/
http://www.perdeperaresort.it/	0	301	https://www.perdeperaresort.it/
http://www.pferdehof-morgenstern.de/	0	301	https://morgensternhof.de/
http://www.pedramare.com	0	301	https://www.pedramare.com/
http://www.poliambulatorio.oristano.it	6		
http://www.progettodighe.it/main/le-dighe/article/bau-mandara	0	301	https://www.progettodighe.it/main/le-dighe/article/bau-mandara
http://www.rifugiouttolo.it/	6		
http://www.ristorante.oristano.it	6		
http://www.ristorantebosa.com	6		
http://www.ristorantecavallinodellagiara.com/	0	200	
http://www.ristorantedalucio.it	0	302	https://www.ristorantedalucio.it/
http://www.ristorantefrongia.it	6		
http://www.ristorantelestrutture.it	0	301	https://www.ristorantelestrutture.it/
http://www.ristorantepizzeria.oristano.it/	6		
http://www.ristorantepizzeriaoasi.com	6		
http://www.ristorantesascovas.it	6		
http://www.ristorantesasevada.it/	0	301	https://www.ristorantesasevada.it/
http://www.orangemoonagriturismo.com	28		
http://www.ristorantetipicogolgo.com	0	301	https://www.ristorantetipicogolgo.com/
http://www.ristorantetorregrande.com	6		
http://www.samarigosa.com	0	301	https://www.samarigosa.com/
http://www.pastificiosaporidisardegna.it	28		
http://www.samuredda.it/	6		
http://www.santamariabambina.it/	0	301	https://www.santamariabambina.it/
http://www.saboriantigu.it/	0	200	
http://www.santamariaresort.it	0	200	
http://www.santona.it	0	301	https://www.santona.it/
http://www.saporeantico.net	0	403	
http://www.saperdamarcada.it/	0	301	https://www.saperdamarcada.it/
http://www.saras.it/saras/pages/inthefield/assets/refining	0	301	https://www.saras.it/saras/pages/inthefield/assets/refining
http://www.pinacoteca.cagliari.beniculturali.it/	28		
http://www.sardegnacultura.it/j/v/253?v=2&c=2488&t=1&s=21531	0	307	https://www.sardegnacultura.it/j/v/253?v=2&c=2488&t=1&s=21531
http://www.sapposentu.it	0	200	
http://www.sarocca.it/	0	301	https://www.sarocca.it/
http://www.sardegnatermale.it	0	301	https://www.sardegnatermale.it/
http://www.satancaebore.it	0	301	https://www.satancaebore.it/
http://www.sispiga.it	6		
http://www.stone-art.it/it/index.html	0	301	https://www.stone-art.it/it/index.html
http://www.sedilnet.com	0	200	
http://www.subarraccu.it	0	301	https://www.subarraccu.it/
http://www.subarroccu.it	0	301	https://www.subarroccu.it/
http://www.sulivariu.it/	0	200	
http://www.sulithu.it	0	301	https://www.sulithu.it/
http://www.tecnoversnc.com/	0	301	http://tecnoversnc.com/
http://www.tartheshotel.com/	0	301	https://www.tartheshotel.com/
http://www.teknolegno.it	0	301	https://www.teknolegno.it/
http://www.torrehotel.it	0	301	https://www.torrehotel.it/
http://www.trattoria.oristano.it/	6		
http://www.trenino.it	0	301	https://www.trenino.it/
http://www.serrasdala.com/	0	301	https://www.serrasdala.com/
http://www.treninoverde.com/	0	301	https://www.treninoverde.com/
http://www.tripadvisor.it/Restaurant_Review-g3528959-d3524787-Reviews-Il_Gatto_Sardo-Gonnoscodina_Province_of_Oristano_Sardinia.html	0	301	https://www.tripadvisor.it/Restaurant_Review-g3528959-d3524787-Reviews-Il_Gatto_Sardo-Gonnoscodina_Province_of_Oristano_Sardinia.html
http://www.vallermosa.gov.it/	6		
http://www.termedisardara.it	0	301	https://www.termedisardara.it/
http://www.villadegliulivirsa.it	6		
http://www.un.org/Depts/los/LEGISLATIONANDTREATIES/PDFFILES/TREATIES/FRA-ITA1986MB.PDF	0	301	https://www.un.org/Depts/los/LEGISLATIONANDTREATIES/PDFFILES/TREATIES/FRA-ITA1986MB.PDF
http://www.villabarbarina.com	0	301	https://www.villabarbarina.com/
http://www.villaggioledune.net	0	403	
http://www.villaggiosabbiedoro.net	0	301	https://www.villaggiosabbiedoro.net/
http://www.villanovaforru.gov.it	6		
http://www.villaggiomandragola.com	0	301	https://www.villaggiomandragola.com/
http://www.waterlandnuoto.it	6		
http://www.ziaberta.it/	6		
http://www.villapischinas.it	0	301	https://www.villapischinas.it/
http://www.villaggioturas.it	0	301	https://www.villaggioturas.net/
https://arteseos.com/	0	200	
https://beb.it/villamereu/it/	0	404	
https://coinatmradar.com/bitcoin_atm/64663/bitcoin-atm-shitcoins-club-cagliari-shitcoinsclub/	0	403	
https://commons.wikimedia.org/wiki/File:Bruncu_Suergiu.jpg	0	200	
http://www.sapedrera.it	28		
https://comune.gonnosno.or.it	0	200	
https://comune.monserrato.ca.it	0	302	https://comune.monserrato.ca.it/it
https://danbag.altervista.org/Sardegna/B162/B162-FTP.kml	0	404	
https://danbag.altervista.org/Sardegna/B401/B401-FTP.kml	0	404	
https://casabonaria.com/	0	200	
https://danbag.altervista.org/Sardegna/B410/B410-FTP.kml	0	404	
https://danbag.altervista.org/Sardegna/B481/B481-FTP.kml	0	404	
https://danbag.altervista.org/Sardegna/B485/B485-FTP.kml	0	404	
https://danbag.altervista.org/Sardegna/B505/B505-FTP.kml	0	404	
https://danbag.altervista.org/Sardegna/F401/F401-FTP.kml	0	404	
https://danbag.altervista.org/Sardegna/F402/F402-FTP.kml	0	404	
https://danbag.altervista.org/Sardegna/F404/F404-FTP.kml	0	404	
https://danbag.altervista.org/Sardegna/F405/F405-FTP.kml	0	404	
https://danbag.altervista.org/Sardegna/F406/F406-FTP.kml	0	404	
https://danbag.altervista.org/Sardegna/G100/G100-FTP.kml	0	404	
https://danbag.altervista.org/Sardegna/T702/T702-FTP.kml	0	404	
https://danbag.altervista.org/Sardegna/T741/T741-FTP.kml	0	404	
https://hotelreginadarborea.com	60		
https://flcomunicazione.it	0	200	
https://estetitty.com/	0	200	
https://isdomosantigas.wordpress.com/	0	200	
https://isbenaslodge.com	0	302	https://www.isbenaslodge.com/?lang=en
https://linktr.ee/SabrinaPintusLBS	0	200	
https://makito.io/	0	200	
https://sapandacagliari.business.site	0	404	
https://ristoranteportotaverna.it/	0	200	
https://people.unica.it/unicamappe/2012/08/10/facolta-di-architettura/	0	200	
https://www.agriturismoilsinis.it/	0	200	
https://bbparco.jimdo.com	28		
https://www.agriturismomuzzuolbia.it/	0	301	https://agriturismomuzzuolbia.it/
https://www.angelagoeser.de	0	403	
https://www.autoscuolalafenicia.it/	6		
https://www.agriturismosannoranna.it/	0	200	
https://www.caponieddu.it	6		
https://www.comune.ballao.ca.it	0	301	https://www.comune.ballao.su.it/
https://www.anticacagliari.it/	0	200	
https://www.capomannuproductions.com	0	301	https://capomannuproductions.com/
https://www.comune.berchidda.ot.it	0	301	https://www.comune.berchidda.ss.it/
https://www.comune.borutta.ss.it/	0	301	https://comune.borutta.ss.it/
https://www.comune.cagliari.it/portale/page/it/grotta_della_vipera	0	200	
https://www.comune.carbonia.su.it	0	200	
https://www.comune.castiadas.su.it	0	302	https://www.comune.castiadas.su.it/it
https://www.comune.donori.ca.it	0	301	https://comune.donori.su.it/
https://www.cantinedidolianova.it/	0	200	
https://www.comune.dorgali.nu.it	0	200	
https://www.comune.soleminis.ca.it	6		
https://www.comune.ittiri.ss.it/	0	302	https://www.comune.ittiri.ss.it/it
https://www.comune.padru.ot.it	0	301	https://comune.padru.ss.it/
https://www.comune.ploaghe.ss.it/	0	302	https://www.comune.ploaghe.ss.it/it
https://www.comune.torralba.ss.it	0	301	https://comune.torralba.ss.it/
https://www.comunearzachena.it	0	301	https://www.comune.arzachena.ss.it
https://www.comunebuggerru.it/	0	301	/it/index.html
https://www.cramasinara.org/	0	200	
https://www.darenzo.it/	0	200	
https://www.emporiumsedini.it	0	200	
https://www.facebook.com/Montalbo-Escursioni-Locanda-Ammentos-268308323229454/	0	302	https://www.facebook.com/login/?next=https%3A%2F%2Fwww.facebook.com%2FMontalbo-Escursioni-Locanda-Ammentos-268308323229454%2F
https://www.entuesole.it/	0	200	
https://www.facebook.com/Mordi-Fuggi-1308511185954126/	0	302	https://www.facebook.com/login/?next=https%3A%2F%2Fwww.facebook.com%2FMordi-Fuggi-1308511185954126%2F
https://www.facebook.com/Parafarmacia131/	0	200	
https://www.facebook.com/ristorantevillaggiooasi/	0	302	https://www.facebook.com/login/?next=https%3A%2F%2Fwww.facebook.com%2Fristorantevillaggiooasi%2F
https://www.gruthas.it/	0	200	
https://www.gtsushiwok.it	6		
https://www.estay.it/	0	200	
https://www.hotel-santefisio.com	0	200	
https://www.ichnosviaggi.it/	6		
https://www.gattisupallosu.org	0	200	
https://www.hoteljanas.it/	0	200	
https://www.ipsar.gov.it	6		
https://www.isscabas.com	0	403	
https://www.eccellentemente.it/	0	200	
https://www.lafattoriadiago.it	6		
https://www.jysk.it	0	301	https://jysk.it/
https://www.ictertenia.edu.it/	0	200	
https://www.ilvelierosolanas.it	0	200	
https://www.nuraghesantuantine.it	0	403	
https://www.mdspa.it/punti-vendita/Sardegna/OR-Oristano/1048-Oristano	0	301	https://www.mdspa.it/punti-vendita/Sardegna/OR-Oristano/1048-Oristano/
https://www.palazzotirsocagliari.com/	0	200	
https://www.letrerose.it	0	200	
https://www.parkingo.com/it/parcheggio-aeroporto-cagliari-elmas	0	200	
https://www.ristorantecasacortina.com	6		
https://www.only-sardinia.com/	0	200	
https://www.ristorantecologo.com	0	200	
https://www.ristoranteilcaminettocabras.com	0	200	
https://www.ristorantelecisterne.com/	0	403	
https://www.parcoasinara.org/attivita/il-ceas-inara/	0	200	
https://www.sacrannaccia.com	0	200	
https://www.ristorantemarlin.it	0	200	
https://www.sansperate.net	0	301	https://www.comune.sansperate.su.it/
https://www.samariga.it/	0	200	
https://www.sardiniaexperience.com/	0	200	
https://www.marinaseadabeach.it/	28		
https://www.stefanodeidda.it	0	403	
https://www.sucumbidu.com/	0	301	https://www.sucumbiduterra.com/
https://www.sufassoi.it	6		
https://www.tharroscaffe.it	6		
https://www.torremoresca.it	0	200	
https://www.ristoranteziabelledda.it	28		
https://www.sateriavillage.it/	0	200	
https://www.villalinapula.com/	0	200	
https://www.vigilfuoco.it/sedi-vvf/distaccamento-di-porto-torres	0	200	
www.agriturismosozzastru.com	-1		
www.agriturvillagaia.it	-1		
www.aquafantasy.it	-1		
www.aziendasamandra.it	-1		
www.bachilebertula.it	-1		
www.carbosulcis.eu	-1		
www.comproroargentoristano.it	-1		
www.comune.lotzorai.og.it	-1		
www.comune.nulvi.ss.it	-1		
www.comune.ottana.nu.it	-1		
www.comune.padria.ss.it	-1		
www.comune.selegas.ca.it	-1		
www.comune.villanovamonteleone.ss.it	-1		
www.comuneasuni.gov.it	-1		
www.concaejanas.com	-1		
www.halleysardegna.it	-1		
www.ippodromovillacidro.it	-1		
www.sanea.it	-1		
www.sincantu.it	-1		
www.studiomameli.com	-1		
https://www.worldheritagesite.org/list/Su+Nuraxi+di+Barumini	0	404	
https://www.sardegnaturismo.it/it/esplora/san-valentino	28		
https://www.villa-alberta.com/	0	200	
