<?xml version="1.0" encoding="UTF-8"?>
<!DOCTYPE html PUBLIC "-//W3C//DTD XHTML 1.0 Strict//EN"
    "http://www.w3.org/TR/xhtml1/DTD/xhtml1-strict.dtd">
<html xmlns="http://www.w3.org/1999/xhtml" xml:lang="en" lang="en">
<head>
  <meta http-equiv="content-type" content="text/html; charset=utf-8" lang="en"/>
  <title>OSM3S Response</title>
</head>
<body>

<p>The data included in this document is from www.openstreetmap.org. The data is made available under ODbL.</p>
<p><strong style="color:#FF0000">Error</strong>: runtime error: open64: 0 Success /osm3s_osm_base Dispatcher_Client::request_read_and_idx::timeout. The server is probably too busy to handle your request. </p>

</body>
</html>
node	268654722	https://www.excelsiorpalacepalermo.com/
node	506117889	https://guardiacostiera.it/mazaradelvallo
node	548101816	http://www.medicalcentermazara.it
node	582900801	https://www.villaaltair.com/
node	759590465	https://www.ristorantealpiratalipari.com/
node	951313964	http://web.tiscali.it/galleriadellafoto/
node	951392378	http://www.footstation.it/
node	951637391	http://www.hajtoceramiche.it/
node	951637457	http://www.ristorantelabettola.it/
node	1313494746	http://www.ilcortiledellinferno.it/
node	1317733847	http://www.scaccoclubmazara.it/
node	1323459031	http://195.103.234.163/Applicazioni/avioeli/Avio_04.asp?selaeroporto=410
node	1359500981	http://www.televallo.it/
node	1359500982	http://www.tele8tv.com/
node	1359500992	http://www.radioazimut.net/
node	1361261679	http://www.modajob.it/
node	1389171109	http://stores.ebay.it/Remember-Me-Game-Shop
node	1405224020	http://www.beballapirrera.hellospace.net/
node	1505733954	http://www.cortiledivenere.it/
node	1513499798	https://farmaciabrunomilazzo.wixsite.com/farmaciabruno
node	1708060758	https://www.arddiscount.it/punti-vendita/604/-
node	1776168563	https://www.dianabrown.it
node	1868726865	http://www.tabarani.it/index.php/contatti
node	1882538216	http://www.selinunte.net/museo_cv.htm
node	1939885872	https://petrol-service-lampedusa.business.site/
node	1983996777	www.agriturismosorgenterefalzafi.it
node	2005579921	http://www.annalisabuccellato.it/
node	2005579929	http://www.santuariodisanvitolocapo.it/museo/museo.html
node	2037987487	http://www.giamettamotor.it/
node	2037987498	http://www.nati.eu/
node	2149427892	https://borgo-il-faro.bedsandhotels.com
node	2441334040	www.bblavitelleria.com
node	3067355245	www.anticareggia.it/
node	3067355246	www.bbfragolina.it/en/
node	3397079289	http://www.osteriadeivespri.it/
node	3416177601	http://cantunera.it/
node	3430091338	http://alpostogiustopuntasecca.blogspot.it/2013/06/al-posto-giusto-punta-secca-con.html#_=_
node	3562111702	https://www.morganschool.it/bagheria/
node	3711942347	http://www.mustkaucana.it/
node	3763085334	https://ragusamarina.ubiklibri.it
node	3883933866	http://cantunera.it/
node	3937832268	http://www.lampararestaurant.it
node	3982256225	http://www.hoteltorrebennistra.it/
node	4076157776	https://www.farmaciaingoglia.it/
node	4220361024	www.lacannahotel.it
node	4319023698	http://www.hotel-vittorio.com/
node	4370086075	https://www.facebook.com/firstct/
node	4370086084	http://www.trattorialapentolaccia.com/
node	4408056034	http://www.villamusco.it/
node	4409391403	http://ledunebeachclub.it/
node	4409568997	http://www.oasiazzurra.it/
node	4414830163	http://www.lacasaamare.com/
node	4470500391	http://www.immobiliarebuemi.it
node	4470500393	http://www.daemonpc.it/
node	4470500394	http://www.mps.it
node	4496528189	http://trovanegozio.vodafone.it/
node	4567792579	http://www.ristorantelagrotta.info
node	4693870954	http://www.pasticceriacalamunci.it/
node	4736605311	http://www.crocedorosanfrancesco.com
node	4759415458	http://infocenter.me
node	4938651485	https://www.facebook.com/profile.php?id=61556313331223
node	5076281574	https://www.bbportasoprana.it/
node	5140311509	https://www.ageallianz.it/patti3948000/
node	5142441727	https://www.comunicarepatti.it/
node	5155209122	https://agriturismo-trinacria.business.site/?utm_source=gmb&utm_medium=referral
node	5451294972	https://www.belvedereresidence.it/
node	5451557177	https://www.parfois.com/it/
node	5470267899	http://www.diagnosiprenatale.it/
node	5525678217	http://www.pizzatimeragusa.it/
node	5569222952	http://www.spaccioalimentare.it
node	5574625366	http://www.mdspa.it
node	5640491963	http://masterchef-steak-house.business.site
node	5650022782	https://www.studioginecologicoullo.it
node	5654184513	http://www.sottileottica.it
node	5670565805	http://www.ateliermelody.com
node	5725863291	https://www.centrodermatologicocatalfamo.it/
node	6015666528	http://www.parafarmaciadeltindari.it
node	6063310988	http://fablabpalermo.org
node	6222710510	http://www.raiatea.mediainx.com/start.inx
node	6370120147	https://www.facebook.com/profile.php?id=100028020593319
node	6497282968	http://www.pediatramerlino.it/sedi
node	6502412894	https://www.ristorantevillasalvenere.it
node	6757394075	http://laperlaneravacanze.it
node	6934825321	https://bibliotp.regione.sicilia.it/
node	6966310511	https://bibliotp.regione.sicilia.it/
node	7172899416	http://www.casadicureorestano.it
node	7878079316	https://www.mumamilazzo.com/
node	7888306597	https://www.donnamariatrattoria.it/
node	7888306598	http://www.agriturismoilranch.it/
node	8880995537	http://www.ior.it/rizzoli-sicilia/
node	9081964098	https://www.fecarotta.it/it/
node	9168645417	https://www.tenuteseniawine.it/
node	9693153435	https://www.rosticceriafamulari.it/
node	9739289519	https://panificio-aroma-palermo.business.site/
node	9831098262	https://m.facebook.com/bargea
node	9833696197	https://www.holidayscefalu.com/
node	9834086731	http://www.prolocovillafrancatirrena.com/museo-della-medicina
node	9912936293	https://www.realposte.it
node	9962807481	https://www.lidoplayablanca.it/
node	10002267773	https://lomyu.com/it-view.php?seo=forneria-scaduto-810687
node	10031332565	https://www.horcynusorcalido.it/
node	10221367198	https://www.progettolegalita.it/progetti/museo-falcone-e-borsellino-il-bunkerino/
node	10253988155	https://dadart.it
node	10254036465	https://www.casatrapani.it
node	10800026881	https://www.castellana.it/prenota/
node	10904591657	https://lacortedeimari.it/
node	10947661138	"https://casasantoro.it/it/,https://airbnb.com/h/casasantoro"
node	10968964286	http://www.osterialiparota.it
node	11100116056	https://www.onoranzefunebrialiotta.it/
node	11191549835	https://www.panaceaweb.it/
node	11200848233	https://www.tasting-sicily.com
node	11375512088	www.pirainetoairportparking.com
node	11399027237	https://mucreativespace.com/
node	11500819053	https://www.decathlon.it/
node	11568965941	http://www.comune.mazara-del-vallo.tp.it/turismo/musei/Museo%20Ornitologico.htm
node	11568996851	http://www.lettera22books.it/
node	11569025030	http://www.ilmolomazara.it
node	11569942860	http://www.dentievacanze.com
node	11591032871	https://dimoraehouses.it/
node	11619295817	https://www.nelsonsicily.com/
node	11619370988	https://www.anticalibreria.it/
node	11640883053	http://gruppoarena.it
node	11649325122	https://www.caffenakone.com/
node	11649818463	http://www.bibliotecamodica.it/
node	11653416982	https://www.campoallegrosicilia.it/
node	11657337602	http://casamemoria.it/
node	11750908434	https://ucpme.it/
node	11751790893	https://www.bbvianazionale.it/it/
node	11757424487	www.lancoramilazzo.it
node	11835685565	https://www.eolianresidence.com/
node	11847846132	https://www.seleneimbesi-immunoallergologia.it/
node	11934917202	https://anticasena.it/
node	11950505164	https://bbagricolarosa.it/
node	11955289120	https://www.linkspace.it/
node	12047460450	https://sites.google.com/view/pizzeriadanatale/info
node	12090291788	https://www.cannistrabeerservice.it/
node	12121090918	https://visitsicilia.net
node	12121132369	https://visitsicilia.net
node	12152503101	https://www.lampedusa-licciardi.it/ristorante
node	12154344440	https://visitsicilia.net
node	12154345240	https://visitsicilia.net
node	12173811011	https://seamultiservizimessina.it/
node	12270579712	https://www.ristorantepizzeriariviera.it
node	12278210926	https://beerbang.wixsite.com/beerbang
node	12281405343	https://www.lamattamadeinsicily.com
node	12303902871	https://www.coop.it/scegli-il-tuo-negozio/negozi-e-promozioni/6513
node	12310342886	https://gugliuzza.it/
node	12412788512	https://www.airbnb.it/rooms/50452010
node	12579470520	https://www.hapimag.com/en-gb/italy/sicily/cefalu/
node	12685127676	https://www.analisiclinichearagona.com
node	12837327645	https://www.tcldental-pedodonzia.it
node	13185070526	https://www.booking.com/hotel/it/palermo-central-stay.html
node	13289919769	https://www.libriepensieri.it/
way	27959657	http://ortobotanico.unict.it/
way	28233134	https://www.messinarte.it/duomo-di-messina/
way	34227431	http://liceomazara.edu.it/
way	34314619	https://www.zoculture.it/
way	35264757	http://www.wwfpreola.it/
way	41384588	http://www.museodiocesanomazara.it/
way	44337229	http://www.parconinnicassara.it/
way	45499593	http://antoniodapadova.ilbello.com/
way	45772563	http://stelladimare.gooditaly.net/
way	46680417	http://www.ristorantedelpescatore.com
way	54741222	http://www.fiorentino-fiat.com/
way	71917785	https://villapalagonia.it/
way	76776024	http://www.costozerolife.it/
way	76830363	http://www.danceworks.it/
way	77348334	http://www.costozerolife.it/
way	79266372	http://www.kartibubbo.com/
way	79425610	http://www.kinisia.it/
way	80631809	pozzitello-village.it
way	81628666	http://www.fantasygames.it/
way	82366233	http://www.dp-dental.it
way	82711844	http://giardinoemiro.altervista.org/
way	95931824	http://www.itcmazara.it/
way	95992044	http://www.cantineforaci.com/
way	103831316	http://www.fiorentino-fiat.com/
way	106403917	http://www.ikebanarestaurant.it/
way	106404869	http://www.hotelbelvedere.net
way	106620962	http://www.scaleaclub.com/
way	121802484	http://www.bblatorredelsole.it
way	130458811	https://www.campeggiocaptain.it/
way	132672432	http://www.prodottiitticigiacalone.it
way	133400170	http://www.rallosrl.com/
way	133402410	http://www.fratellibonafede.it/
way	133402411	http://www.mtauto.it/
way	133402412	http://www.fratellibonafede.it/
way	136391633	http://www.fratellifirenze.com/
way	136391634	http://www.frigotecnica.it/
way	136391635	http://www.friomed.com/
way	136391636	http://www.medipesca.eu
way	136392832	http://www.siberiana.it/
way	136392833	http://www.itaga.biz/
way	137310142	http://lecicasvacanze.altervista.org/
way	137987428	http://www.ipesrl.it
way	137987429	http://www.pavessrl.it
way	153855158	http://www.mazaradelvallo.mercatinousato.com/
way	154237068	http://www.cantinesanfrancesco.it
way	158261673	http://www.poderefossarunza.it/
way	160056154	http://ristorantesaro.it/
way	163863664	https://www.gruppoformula3.it
way	165959021	https://www.irccsme.it/
way	170024536	http://www.chiesamadrediisola.it/
way	185266495	http://www.cantinecolombabianca.it/
way	186884997	http://www.anticoborgomarinaro.it/
way	201333724	http://www.kikocosmetics.com
way	204954851	https://www.giomi.com/
way	211996214	http://www.ristorantelacollinetta.it/
way	212770208	http://195.103.234.163/Applicazioni/avioeli/Avio_04.asp?selaeroporto=76
way	220163195	https://www.adpugliese.it/
way	222354705	http://www.geniocivilerg.it/
way	228992303	https://www.centroolimpopalermo.it/
way	233734928	https://baiadelprincipe.com/
way	244071083	https://roccadeitramonti.it/
way	244235411	https://campingbaiadeicoralli.it/
way	245055218	http://www.campinglapineta.it/italy/
way	257262779	http://195.103.234.163/Applicazioni/avioeli/Avio_04.asp?selaeroporto=399
way	278803360	http://www.torreata.it/
way	279460081	http://www.siciliaoutletvillage.it/
way	301351094	https://trattoriamaniaci.com
way	309798264	https://www.ilcicero.it/
way	316423358	http://www.kartodromolascari.it/
way	318113279	https://www.eurospin.it/
way	333413153	http://www.caposcalambri.com/
way	391907270	www.trattoriaborrello.it
way	442926431	www.ceramichecear.it
way	517672259	http://www.ducarteam.it/
way	521147272	http://www.voloclubalbatros.com/
way	521147279	http://moduliweb.enac.gov.it/Applicazioni/avioeli/Avio_04.asp?selaeroporto=32
way	521147280	http://www.quiaidone.it/aquiledeglierei/
way	521147281	http://195.103.234.163/Applicazioni/avioeli/Avio_04.asp?selaeroporto=136
way	521435905	http://195.103.234.163/Applicazioni/avioeli/Avio_04.asp?selaeroporto=541
way	529260604	https://www.officinapisciotta.it/
way	604255697	https://www.campingvulcano.it/
way	627116319	http://laplayacamping.it/
way	715460163	https://www.comune.prizzi.pa.it/turismo/il-museo/
way	719024438	https://campingalmoetia.it/
way	759917821	http://tenutalacco.com/
way	781789845	http://www.bccsanmichele.com/default.asp
way	781795863	https://www.ledelizieprovenzano.it/
way	845508095	https://www.campingresidencecapopassero.it/
way	845508108	http://www.campingdelcapo.it/
way	846983720	http://www.sunseabeach-camping.it/
way	988831644	https://www.villa-sanbiagio.it
way	988831645	https://www.villa-sanbiagio.it
way	1076653697	http://www.teatrolidea.com
way	1150237053	http://www.hoteladmeto.it
way	1178382943	https://www.eracleaminoavillage.it/
way	1216126612	https://www.decathlon.it/
way	1232484414	https://www.ctvmessina.it/
way	1233473026	https://www.campingparadise.it/
way	1236092113	https://www.villaries.it/
way	1244717122	https://guardiacostiera.it/mazaradelvallo
way	1253728713	https://www.eurospin.it/
way	1257130521	https://www.hpa-automotive.it/
way	1277821167	https://www.lidl.it/
way	1327180634	https://www.messinarte.it/campanile-del-duomo-di-messina/
way	1354960112	http://195.103.234.163/Applicazioni/avioeli/Avio_04.asp?selaeroporto=105
way	1378674170	https://www.asp.messina.it/?page_id=147264
way	1458963985	https://ilfortevillage.it/
relation	1175567	http://www.liceoscientificomazara.it/
relation	1242170	http://giardinoemiro.altervista.org/
relation	1383540	http://www.itcmazara.it/
relation	1405794	http://www.wwfsalineditrapani.it/
relation	1664807	http://www.bblatorredelsole.it
relation	2705178	http://www.centroposeidon.it/
relation	3116725	http://www.riservabiviere.it/
relation	3311607	https://www.parcodellemadonie.it/
relation	3320979	http://www.avioclubsalemi.it/
relation	18010491	https://www.diocesiag.it/
relation	18010616	https://www.diocesidicefalu.org/
<?xml version="1.0" encoding="UTF-8"?>
<!DOCTYPE html PUBLIC "-//W3C//DTD XHTML 1.0 Strict//EN"
    "http://www.w3.org/TR/xhtml1/DTD/xhtml1-strict.dtd">
<html xmlns="http://www.w3.org/1999/xhtml" xml:lang="en" lang="en">
<head>
  <meta http-equiv="content-type" content="text/html; charset=utf-8" lang="en"/>
  <title>OSM3S Response</title>
</head>
<body>

<p>The data included in this document is from www.openstreetmap.org. The data is made available under ODbL.</p>
<p><strong style="color:#FF0000">Error</strong>: runtime error: open64: 0 Success /osm3s_osm_base Dispatcher_Client::request_read_and_idx::timeout. The server is probably too busy to handle your request. </p>

</body>
</html>
