<meta http-equiv="content-type" content="text/html	-1		
<title>OSM3S Response</title>	-1		
charset=utf-8" lang="en"/>	-1		
<!DOCTYPE html PUBLIC "-//W3C//DTD XHTML 1.0 Strict//EN	-1		
</body>	-1		
</head>	-1		
</html>	-1		
<?xml version="1.0" encoding="UTF-8"?>	-1		
<body>	-1		
<head>	-1		
<html xmlns="http://www.w3.org/1999/xhtml" xml:lang="en" lang="en">	-1		
<p><strong style="color:#FF0000">Error</strong>: runtime error: open64: 0 Success /osm3s_osm_base Dispatcher_Client::request_read_and_idx::timeout. The server is probably too busy to handle your request. </p>	-1		
<p>The data included in this document is from www.openstreetmap.org. The data is made available under ODbL.</p>	-1		
http://www.w3.org/TR/xhtml1/DTD/xhtml1-strict.dtd">	0	400	
http://www.modicarte.it/home.php?language=IT&idnews=	6		
http://www.casaquasimodo.it/	0	301	https://www.casaquasimodo.it/
http://www.costierabarocca.it/noto_000015.htm	0	200	
http://www.comune.noto.sr.it/la-cultura/palazzo-nicolaci/	0	301	https://www.comune.noto.sr.it:443/la-cultura/palazzo-nicolaci/
http://www.museomotori.unipa.it	0	302	https://www.museomotori.unipa.it:443/
http://www.scuolasubpalermo.it	0	301	https://www.scuolasubpalermo.it/
https://it.sicilyrealty.com/apt-cortile-carini-sciacca	0	404	
https://appenninobiketour.com/percorso/	0	404	
http://www.ulocale.com	0	200	
https://ormepalermo.it/	0	200	
https://web.archive.org/web/20220927054441/https://www.vetrinatv.it/mistretta-tentano-di-rubare-legna-in-area-boschiva-per-rivenderla-arrestati-dai-carabinieri/	0	200	
https://web.archive.org/web/20230323233356/https://www.italianostra.org/news/taglio-dei-pluridecennali-cipressi-antistanti-lospedale-di-mistretta-e-il-contiguo-servizio-di-psichiatria-di-mistretta-istanza-al-comune/	0	200	
http://www.prodromo-vegetazione-italia.org/scheda/rumici-astragalion-siculi/636	0	301	https://www.prodromo-vegetazione-italia.org/scheda/rumici-astragalion-siculi/636
https://www.etnasci.it/localita/etna-nord	0	200	
https://www.etnasci.it/localita/nicolosi-etna-sud	0	200	
https://www.researchgate.net/publication/225673663_Geo-volcanological_mineralogical_and_environmental_aspects_of_quarry_materials_related_to_pleural_neoplasm_in_the_area_of_Biancavilla_Mount_Etna_Eastern_Sicily_Italy	0	403	
https://www.thecrag.com/climbing/italy/central-and-southern-italy/sicily/area/1221011889	0	403	
https://sonatrachitalia.it/	0	200	
https://www.sanvitolocaposhuttle.com	0	200	
https://www.trapanishuttle.com	0	200	
https://www.funiviaetna.com/	0	200	
