<?xml version="1.0" encoding="UTF-8"?>
<!DOCTYPE html PUBLIC "-//W3C//DTD XHTML 1.0 Strict//EN"
    "http://www.w3.org/TR/xhtml1/DTD/xhtml1-strict.dtd">
<html xmlns="http://www.w3.org/1999/xhtml" xml:lang="en" lang="en">
<head>
  <meta http-equiv="content-type" content="text/html; charset=utf-8" lang="en"/>
  <title>OSM3S Response</title>
</head>
<body>

<p>The data included in this document is from www.openstreetmap.org. The data is made available under ODbL.</p>
<p><strong style="color:#FF0000">Error</strong>: runtime error: open64: 0 Success /osm3s_osm_base Dispatcher_Client::request_read_and_idx::timeout. The server is probably too busy to handle your request. </p>

</body>
</html>
<?xml version="1.0" encoding="UTF-8"?>
<!DOCTYPE html PUBLIC "-//W3C//DTD XHTML 1.0 Strict//EN"
    "http://www.w3.org/TR/xhtml1/DTD/xhtml1-strict.dtd">
<html xmlns="http://www.w3.org/1999/xhtml" xml:lang="en" lang="en">
<head>
  <meta http-equiv="content-type" content="text/html; charset=utf-8" lang="en"/>
  <title>OSM3S Response</title>
</head>
<body>

<p>The data included in this document is from www.openstreetmap.org. The data is made available under ODbL.</p>
<p><strong style="color:#FF0000">Error</strong>: runtime error: open64: 0 Success /osm3s_osm_base Dispatcher_Client::request_read_and_idx::timeout. The server is probably too busy to handle your request. </p>

</body>
</html>
node	250103447	http://italia.indettaglio.it/ita/trentinoaltoadige/trento_pinzolo_campocarlomagno.html
node	283551188	http://www.kronplatz-gastro.com/Treff.html
node	307308219	https://sketchfab.com/models/1b625c8a20674217b3981e3bd4571bf1/embed?autospin=0.2&autostart=1
node	331259364	http://italia.indettaglio.it/ita/trentinoaltoadige/trento_mezzana_marilleva1400.html
node	331259493	http://italia.indettaglio.it/ita/trentinoaltoadige/trento_mezzana_marilleva900.html
node	414736896	https://www.mapillary.com/app/?lat=46.551648805556&lng=11.616830805556&z=18.68870249545479&focus=photo&pKey=222262339345360&menu=false&x=0.48852842769959626&y=0.4150369073753623&zoom=0
node	443703630	https://www.trentinotv.it/
node	473429512	http://www.wasserfallbar.com/?site=sights&lang=it
node	511154620	https://www.mecki.com
node	511154623	https://www.mecki.com
node	737210972	http://www.filovignola.it/vignolavventura/maso-fruet/
node	791023609	http://www.elettrozorzi.it/
node	798801347	http://www.ceramicacicuttin.com/
node	798801353	http://www.ceramicarte.tn.it/
node	801300364	http://www.falegnameriaceol.it/
node	885810916	http://www.hotel-valparol.it
node	888882075	https://www.hotelreginabz.it/
node	914014044	http://www.ucipem-tn.it/
node	925124631	www.scout.it
node	1033612543	http://www.provinz.bz.it/wetter/hoehenwindstationen.asp?stat_stid=208
node	1176698243	http://www.nonessport.it/
node	1574275728	http://www.alpenblick.it
node	1760214949	https://www.sat-mori.it/sezione/parco-boulder/
node	1830406062	http://www.provinz.bz.it/wetter/hoehenwindstationen.asp?stat_stid=206
node	1863341909	http://bolzano.salewa.it/
node	1996819918	http://www.provinz.bz.it/lawinen/aktuelle-werte.asp?hyd_stat_id=205
node	2258918133	http://www.kronplatz-gastro.com/Treff.html
node	2403497008	www.parco.avventura.bz
node	2410390011	http://www.trekking-etc.it/etc/trekking/it/treks/europe/it/tn/trento/marzola/palestra-dei-bindesi/palestra-di-roccia/poi.html
node	2454393123	https://fstatic2.mtb-news.de/f3/20/2008/2008450-9fykdaxxc53f-dscf1581-large.jpg
node	2492828028	http://www.isoladeitesori.it
node	2504873321	https://wetter.provinz.bz.it/wetterstationen.asp?stat_stid=1242
node	2644045105	https://www.giustizia-amministrativa.it/trga-bolzano
node	2755885415	https://www.passeier.it/suedtirol-passeiertal/wandern/egger-grub-alm.html
node	2755885861	https://www.suedtirolerland.it/it/sport-e-tempo-libero/montagne-ed-escursioni/escursioni-in-val-passiria/a-s-martino-di-monteneve/
node	2755936688	https://www.sentres.com/de/riffian/gasthaus-brunner
node	2756026409	http://www.rynnhof.com
node	2953808903	http://www.tirolergoldschmied.it/
node	3023914503	https://opencity.comune.bolzano.it/Amministrazione/Luoghi/Farmacia-Comunale-Firmian/
node	3086624102	http://www.provinz.bz.it/wetter/wetterstationen.asp?stat_stid=1428
node	3444152125	https://www.sentres.com/de/riffian/gasthaus-brunner
node	3485927067	https://www.merano-suedtirol.it/de/passeiertal/aktivurlaub/wandern-bergsteigen/huetten/rid-4e540b7fbbc39c5e20bb19394f2cce10-g-timmelsalm.html
node	3489013637	http://www.tirolergoldschmied.it
node	3699918059	https://commons.wikimedia.org/wiki/File:Punto-geodetico.jpg
node	3699970563	https://commons.wikimedia.org/wiki/File:2.punto-geodetico.jpg
node	3734579884	http://www.filovignola.it/museominierevignola
node	3734579885	http://www.stubevalzurg.it
node	3790713018	http://www.filovignola.it/vignolavventura/miniere/
node	3790737265	http://www.filovignola.it/vignolavventura/il-forno-del-pane/
node	3814575997	http://www.filovignola.it/vignolavventura/belvedere/
node	3820739932	http://meteo.provincia.bz.it/stazioni-meteo-montagna.asp?stat_stid=121
node	3820739933	http://www.provinz.bz.it/wetter/hoehenwindstationen.asp?stat_stid=112
node	3820739934	http://www.provinz.bz.it/wetter/hoehenwindstationen.asp?stat_stid=820
node	3820739935	http://www.provinz.bz.it/wetter/hoehenwindstationen.asp?stat_stid=117
node	3820739936	http://www.provinz.bz.it/wetter/hoehenwindstationen.asp?stat_stid=135
node	3820739938	http://www.provinz.bz.it/wetter/hoehenwindstationen.asp?stat_stid=1287
node	3820739940	http://www.provinz.bz.it/wetter/hoehenwindstationen.asp?stat_stid=105
node	3820739941	http://www.provinz.bz.it/wetter/hoehenwindstationen.asp?stat_stid=204
node	3820739942	http://www.provinz.bz.it/wetter/hoehenwindstationen.asp?stat_stid=114
node	3820739943	http://www.provinz.bz.it/wetter/hoehenwindstationen.asp?stat_stid=200
node	3820739944	http://www.provinz.bz.it/wetter/hoehenwindstationen.asp?stat_stid=1060
node	3820739945	http://www.provinz.bz.it/lawinen/aktuelle-werte.asp?hyd_stat_id=1740
node	3820739946	http://www.provinz.bz.it/lawinen/aktuelle-werte.asp?hyd_stat_id=120
node	3820739947	http://www.provinz.bz.it/lawinen/aktuelle-werte.asp?hyd_stat_id=821
node	3820739948	http://www.provinz.bz.it/lawinen/aktuelle-werte.asp?hyd_stat_id=113
node	3820739949	http://www.provinz.bz.it/lawinen/aktuelle-werte.asp?hyd_stat_id=800
node	3820739950	http://www.provinz.bz.it/lawinen/aktuelle-werte.asp?hyd_stat_id=207
node	3820739951	http://www.provinz.bz.it/lawinen/aktuelle-werte.asp?hyd_stat_id=962
node	3820739952	http://www.provinz.bz.it/lawinen/aktuelle-werte.asp?hyd_stat_id=600
node	3820739953	http://www.provinz.bz.it/lawinen/aktuelle-werte.asp?hyd_stat_id=136
node	3820739954	http://www.provinz.bz.it/lawinen/aktuelle-werte.asp?hyd_stat_id=209
node	3820739955	http://www.provinz.bz.it/lawinen/aktuelle-werte.asp?hyd_stat_id=1081
node	3820740657	http://www.provinz.bz.it/lawinen/aktuelle-werte.asp?hyd_stat_id=1560
node	3820740658	https://wetter.provinz.bz.it/hoehenwindstationen.asp?stat_stid=1299
node	3820740659	http://www.provinz.bz.it/lawinen/aktuelle-werte.asp?hyd_stat_id=201
node	3820740660	http://www.provinz.bz.it/lawinen/aktuelle-werte.asp?hyd_stat_id=202
node	3820740662	http://www.provinz.bz.it/wetter/wetterstationen.asp?stat_stid=1311
node	3820740663	http://www.provinz.bz.it/wetter/wetterstationen.asp?stat_stid=1260
node	3820740664	http://www.provinz.bz.it/wetter/wetterstationen.asp?stat_stid=1243
node	3820740665	http://www.provinz.bz.it/wetter/wetterstationen.asp?stat_stid=1266
node	3820740666	http://www.provinz.bz.it/wetter/wetterstationen.asp?stat_stid=1220
node	3820740668	http://www.provinz.bz.it/wetter/wetterstationen.asp?stat_stid=1240
node	3820740669	http://www.provinz.bz.it/wetter/wetterstationen.asp?stat_stid=1241
node	3820740670	http://www.provinz.bz.it/wetter/wetterstationen.asp?stat_stid=1262
node	3820740671	http://www.provinz.bz.it/wetter/wetterstationen.asp?stat_stid=1302
node	3820740672	http://www.provinz.bz.it/wetter/wetterstationen.asp?stat_stid=1723
node	3820740673	http://www.provinz.bz.it/wetter/wetterstationen.asp?stat_stid=1245
node	3820740674	http://www.provinz.bz.it/wetter/wetterstationen.asp?stat_stid=1261
node	3820740675	http://www.provinz.bz.it/wetter/wetterstationen.asp?stat_stid=1303
node	3820740676	http://www.provinz.bz.it/wetter/wetterstationen.asp?stat_stid=1246
node	3820740677	http://www.provinz.bz.it/wetter/wetterstationen.asp?stat_stid=1281
node	3820740678	http://www.provinz.bz.it/wetter/wetterstationen.asp?stat_stid=1282
node	3820740679	http://www.provinz.bz.it/wetter/wetterstationen.asp?stat_stid=1280
node	3820740680	http://www.provinz.bz.it/wetter/wetterstationen.asp?stat_stid=1304
node	3820740681	http://www.provinz.bz.it/wetter/wetterstationen.asp?stat_stid=1283
node	3820740682	http://www.provinz.bz.it/wetter/wetterstationen.asp?stat_stid=1286
node	3820740683	http://www.provinz.bz.it/wetter/wetterstationen.asp?stat_stid=1284
node	3820740684	http://www.provinz.bz.it/wetter/wetterstationen.asp?stat_stid=1290
node	3820740685	http://www.provinz.bz.it/wetter/wetterstationen.asp?stat_stid=1285
node	3820740686	http://www.provinz.bz.it/wetter/wetterstationen.asp?stat_stid=1289
node	3820740687	http://www.provinz.bz.it/wetter/wetterstationen.asp?stat_stid=1288
node	3820740688	http://www.provinz.bz.it/wetter/wetterstationen.asp?stat_stid=1313
node	3820740689	http://www.provinz.bz.it/wetter/wetterstationen.asp?stat_stid=1305
node	3820740690	http://www.provinz.bz.it/wetter/wetterstationen.asp?stat_stid=1429
node	3820740691	http://www.provinz.bz.it/wetter/wetterstationen.asp?stat_stid=1298
node	3820740692	http://www.provinz.bz.it/wetter/wetterstationen.asp?stat_stid=1294
node	3820740693	http://www.provinz.bz.it/wetter/wetterstationen.asp?stat_stid=1312
node	3820740694	http://www.provinz.bz.it/wetter/wetterstationen.asp?stat_stid=1291
node	3820740695	http://www.provinz.bz.it/wetter/wetterstationen.asp?stat_stid=1202
node	3820740696	http://www.provinz.bz.it/wetter/wetterstationen.asp?stat_stid=1306
node	3820740697	http://www.provinz.bz.it/wetter/wetterstationen.asp?stat_stid=1295
node	3820740698	http://www.provinz.bz.it/wetter/wetterstationen.asp?stat_stid=1307
node	3820740699	http://www.provinz.bz.it/wetter/wetterstationen.asp?stat_stid=1296
node	3820740700	http://www.provinz.bz.it/wetter/wetterstationen.asp?stat_stid=1308
node	3820740701	http://www.provinz.bz.it/wetter/wetterstationen.asp?stat_stid=1293
node	3820740702	http://www.provinz.bz.it/wetter/wetterstationen.asp?stat_stid=1297
node	3820740703	http://www.provinz.bz.it/wetter/wetterstationen.asp?stat_stid=1309
node	3820740704	http://www.provinz.bz.it/wetter/wetterstationen.asp?stat_stid=1310
node	3820740705	http://www.provinz.bz.it/wetter/wetterstationen.asp?stat_stid=1292
node	4194988799	https://fstatic2.mtb-news.de/f3/20/2008/2008450-9fykdaxxc53f-dscf1581-large.jpg
node	4342421425	https://www.onkeltaa.com/bad-egart-geschichte-des-hauses/
node	4440814759	http://www.passeier.org/alpinwandern/alpenvereinsektionpasseier/gedenkfeier-essener-huette/index.html
node	4528893292	http://www.carrozzeriaavancini.it/
node	4577951415	http://www.provinz.bz.it/wetter/wetterstationen.asp?stat_stid=1800
node	4678864663	http://www.kronplatz-gastro.com/Treff.html
node	4682420081	https://www.suedtirol-360.com/en-k20120218115502.html
node	4759414526	https://www.merano-suedtirol.it/de/passeiertal/aktivurlaub/wandern-bergsteigen/huetten/rid-FC254FA00CB678AD5301ECA437893635-g-farmazon-alm.html
node	5113740516	https://youtu.be/JcHobEsapzg
node	5235202321	http://www.putzerhof.com
node	6087579636	https://www.priskakelderer.it/
node	6291818935	https://wiki-cri-vpva.freebz.org/
node	6579583343	https://archiviomemoria.ecomuseovalledeilaghi.it/s/itinerari/item/10515
node	7127835761	https://www.roterhahn.it/de/urlaub-auf-dem-bauernhof-in-suedtirol/ferienwohnungen-und-zimmer/bauernhof-urlaub/moarhof-vahrn+3544.html
node	7691158785	https://zivilschutz.it/
node	7859290748	https://www.facebook.com/Cafe-Eisdiele-Anny-353135764882219/
node	8425978160	https://www.circolodeivoi.it
node	8551671325	https://www.altabadia.org/it/info/kids-funpark-colfosco.html
node	9258505253	https://www.deinsuedtirolerbauer.it/lockpfosten/traubenterrassen.html
node	9385778720	https://fightingclub.it/
node	9800969629	https://www.radioetv.it
node	9917727450	http://www.meransen-ferien.com/en/alpine-lodge-wieserhuette.html
node	9991289506	https://www.erlebnispark.it/
node	9995426040	https://wetter.provinz.bz.it/hoehenwindstationen.asp?stat_stid=962
node	10548763589	https://www.merano-suedtirol.it/de/partschins-rabland-und-toell/essen-trinken/produkte-aus-partschins/ab-hof-verkauf/rid-F7FC7E37048C14D4DB3299E1092731A8-p-moar-1271.html
node	12640104960	https://youtu.be/JTD5-qSx26I
node	13108822080	https://sketchfab.com/models/c4607eaad12c40629e9c8dc0a0b3ebca/embed?autospin=0.2&autostart=1
node	13159195777	https://contenuti.meteotrentino.it/m/Grafici/Stazioni/mobile-charts?idstz=T0193
node	13170577907	https://montanaris.panocloud.webcam/
way	41873663	http://www.pontives.com
way	41967288	http://www.montepana.it
way	42045164	http://www.chalet-gerard.com
way	42265455	http://www.pizarlara.it
way	42265456	http://www.rifugiocolalt.it
way	42283583	http://www.christiania.it
way	42283588	http://www.hotel-ladinia.com
way	42312417	http://www.armentarola.it
way	42317064	http://www.lasvegasonline.it
way	42321524	http://www.enrosadira.it/rifugi/santacroceinbadia.htm
way	42325322	http://www.lechdasompunt.it
way	42731389	https://www.saalerwirt.com/
way	43065122	http://www.hotel-sonneck.it
way	59418621	https://www.casacanarino.it
way	64194014	http://www.hotelitalia-dolomiti.com/
way	64194135	http://www.ancorafiemme.it/
way	64659535	http://www.areteclub.it/
way	64743678	http://www.los-andes.it/
way	65221754	http://www.meteotrentino.it/dati-meteo/stazioni/sintesi-dati-staz.aspx?id=177&staz=TNLAS
way	65425105	http://www.bertilegnami.it/
way	65476016	http://www.hotelvb.it
way	74440455	http://www.palazzoroccabruna.it
way	79379601	http://www.operauni.tn.it/cms-01.00/articolo.asp?IDcms=12&s=11
way	81246072	https://www.visitfiemme.it/de/infos/malga-venegia_5318/
way	96619540	http://www.martlhof.com
way	101164715	http://www.chieseitaliane.chiesacattolica.it/chieseitaliane/schedaca.jsp?sercd=6239
way	108017972	https://www.thecrag.com/en/climbing/italy/alto-adige/castel-badia-loathnakofel-sonnenburg
way	112173170	http://www.archiv-bruneck.it/de/erinnerung/haeusergeschichte/bruneck/ansitz-sternbach
way	116880265	http://www.badgfrill.com
way	117080533	http://www.badgfrill.com
way	129911933	http://www.sanctzacharias.it
way	150147432	http://www.winklerhotels.com/
way	161223389	http://www.hoteldolomiten.com/
way	171841882	http://www.schwarzeradler-andrian.net/
way	178057363	http://www.kraenzelhof.it/
way	186232119	http://www.filovignola.it/vignolavventura/la-chiesa
way	186232239	http://www.filovignola.it/vignolavventura/il-comune-di-vignola/
way	186232242	http://www.filovignola.it/vignolavventura/osteria/
way	199512074	http://www.pralongia.it
way	199514207	http://www.rifugiokostner.it
way	205657016	www.stacherhof.com/
way	228756404	http://www.ziviscuola.it/
way	233662161	http://www.dabringer.it/
way	250562750	https://www.anae.it/basi-logistiche/#VILLA_ZAZA_COLLE_ISARCO
way	262121200	www.rifugiostelladitalia.com
way	289142384	https://www.merano-suedtirol.it/de/partschins/betrieb/klettergarten-burgstallknott-2444/
way	321589953	http://www.vigilfuoco.it/aspx/page.aspx?IdPage=4619
way	334241096	https://www.burgeninstitut.com/castel_trostburg.htm
way	338525439	https://www.chieseitaliane.chiesacattolica.it/chieseitaliane/AccessoEsterno.do?code=26087&sn=&mode=rxd&type=auto
way	529150619	http://www.provinz.bz.it/kunst-kultur/denkmalpflege/monumentbrowser-suche.asp?status=detail&id=15011
way	617928286	"https://commons.m.wikimedia.org/wiki/File:Bruneck,_Oberragen,_Mariens%C3%A4ule,_2.jpeg"
way	673429271	https://www.altabadia.org/it/info/kids-fun-line-la-crusc.html
way	688335249	https://www.onkeltaa.com/kraeuterkueche-geschmackserlebnisse-janett-platino/
way	692394023	https://www.valgardena.it/en/outdoor/base/outdoor/easy-jump-line/30391646/
way	704192508	https://www.dolomiti-open.org/come-arrivare
way	707423075	https://www.moviment.it/en/bear-park-moviment-alta-badia.php
way	707423076	https://www.moviment.it/it/parco-moviment-alta-badia-piz-la-ila.php
way	827433945	https://climbingaway.fr/en/climbing-areas/monte-lefre
way	920996108	https://www.moviment.it/en/funcross-biok-la-para-moviment-altabadia.php
way	920996110	https://www.moviment.it/en/funcross-biok-la-para-moviment-altabadia.php
way	920996111	https://www.moviment.it/it/parco-moviment-alta-badia-funslope.php
way	920996113	https://www.moviment.it/it/parco-moviment-alta-badia-snowpark.php
way	921068614	https://www.moviment.it/it/parco-moviment-alta-badia-kidsslope-pralongia.php
way	958817249	https://www.comunitadellegiudicarie.it/Tematiche/Servizio-Igiene-Ambientale/Isole-ecologiche-stradali
way	962751159	http://www.satcembra.it/?page_id=768
way	962751160	http://www.satcembra.it/?page_id=766
way	975586846	https://www.thecrag.com/de/klettern/italy/northern-italy/arco-trento-area/area/3220447521
way	1054631063	https://youtu.be/40C-uKMduMw?si=zf14LDwW47RyD2TB
way	1075169203	https://www.facebook.com/lidoparadisecavedine/
way	1324690083	https://openresa.com/club/Fortezza
relation	123162	https://www.sternwarte.it
relation	158983	http://www.sat.tn.it/Home/
relation	418904	https://www.bikemeran.it/de/radwege/passeiertal
relation	1562303	http://www.trekking.suedtirol.info/
relation	2269292	https://youtu.be/wnUA29iI2rc?si=33Z_h1QBPV2MYS9_
relation	2320650	http://www.stoneman.it/
relation	2962979	https://portal.tirol.gv.at/TirolGvAt/bikeAbfrageDetail.do?cmd=bikeAbfrageDetail&cid=1&id=482
relation	3200015	https://fstatic2.mtb-news.de/f3/20/2008/2008450-9fykdaxxc53f-dscf1581-large.jpg
relation	3200833	https://fstatic2.mtb-news.de/f3/20/2008/2008450-9fykdaxxc53f-dscf1581-large.jpg
relation	5720428	http://www.filovignola.it/vignolavventura
relation	6990942	https://www.skipasscortina.com/
relation	7633119	http://www.trekking.suedtirol.info/
relation	7633120	http://www.trekking.suedtirol.info/
relation	7633121	http://www.trekking.suedtirol.info/
relation	7639405	http://www.trekking.suedtirol.info/
relation	7639406	http://www.trekking.suedtirol.info/
relation	7639434	http://www.trekking.suedtirol.info/
relation	7751878	https://www.dreizinnen.com
relation	8396539	https://www.merano-suedtirol.it/de/partschins/betrieb/kulturwanderweg-peter-mitterhofer-5590/
relation	9465211	https://www.vigilio.com/
relation	9467978	https://www.ladurns.it
relation	9469878	http://www.ratschings-jaufen.it/
relation	9470551	http://www.schwemmalm.info
relation	9473247	https://www.pfelders.info
relation	9480447	https://www.meran2000.com
relation	9481159	https://www.ritten.com/
relation	9481160	https://www.sarntal.com/en/mountain-railway/ski-area-reinswald/skiing-snowboarding.html
relation	9648372	www.skilagorai.it
relation	9868078	http://www.trekking.suedtirol.info/
relation	9870649	http://www.trekking.suedtirol.info/
relation	9870650	http://www.trekking.suedtirol.info/
relation	10564936	https://www.merano-suedtirol.it/de/passeiertal/aktivurlaub/wandern-bergsteigen/wanderwege/themenwege/121154997-glaubensweg-auf-dem-vigiljoch.html
relation	11683931	https://www.seilbahnensulden.it/
relation	12113032	https://www.altabadia.org/it/tours/corvara-pescosta.html
relation	12376459	https://www.jakobswege-europa.de/wege/suedtirol-graubuenden.htm
relation	12467439	https://www.kronplatz.com/de/winter/langlauf/reischach_tour-113356521
relation	13715883	https://www.jakobswege-europa.de/wege/suedtirol-graubuenden.htm
relation	13716033	https://www.jakobswege-europa.de/wege/suedtirol-graubuenden.htm
relation	13716129	https://www.jakobswege-europa.de/wege/suedtirol-graubuenden.htm
relation	13722028	https://www.jakobswege-europa.de/wege/suedtirol-graubuenden.htm
relation	13722084	https://www.jakobswege-europa.de/wege/suedtirol-graubuenden.htm
relation	13722101	https://www.jakobswege-europa.de/wege/suedtirol-graubuenden.htm
relation	13777124	https://www.jakobswege-europa.de/wege/suedtirol-graubuenden.htm
relation	13798380	http://www.5torri.it
relation	14460844	https://www.fernandolarcher.it/folgaria-centro.html
relation	17057573	https://camino-europe.eu/de/eu/switzerland/jakobswege-schweiz/jakobsweg-graubuenden/muestair-lue/
relation	18172957	https://www.parcofluvialesarca.tn.it/pagina.php?id=60
relation	19597432	https://www.parcofluvialesarca.tn.it/pagina.php?id=60
