<meta http-equiv="content-type" content="text/html	-1		
<title>OSM3S Response</title>	-1		
charset=utf-8" lang="en"/>	-1		
<!DOCTYPE html PUBLIC "-//W3C//DTD XHTML 1.0 Strict//EN	-1		
</body>	-1		
</head>	-1		
</html>	-1		
<?xml version="1.0" encoding="UTF-8"?>	-1		
<body>	-1		
<head>	-1		
<html xmlns="http://www.w3.org/1999/xhtml" xml:lang="en" lang="en">	-1		
http://www.w3.org/TR/xhtml1/DTD/xhtml1-strict.dtd">	0	400	
<p><strong style="color:#FF0000">Error</strong>: runtime error: open64: 0 Success /osm3s_osm_base Dispatcher_Client::request_read_and_idx::timeout. The server is probably too busy to handle your request. </p>	-1		
<p>The data included in this document is from www.openstreetmap.org. The data is made available under ODbL.</p>	-1		
adler-reschen.it	-1		
http://3portoni.it/	6		
http://abfalterer-shoes.com/	0	301	https://abfalterer-shoes.com/
http://abfalterer.it	0	301	https://abfalterer-shoes.com
http://agrituricolori.it/	0	200	
http://ahrntal.alpenverein.it/de/infos-zur-sektion-19.html	0	301	https://ahrntal.alpenverein.it/de/infos-zur-sektion-19.html
http://bellaitalia-trento.it	6		
http://baeckerei-brunner.it	0	301	https://baeckerei-brunner.it/
http://bioecke.net/	0	301	http://www.facebook.com/bioecke
http://birbamhof.it	0	200	
http://brixen.jugendherberge.it/	0	301	https://brixen.jugendherberge.it/
http://cascade-suedtirol.com/gusto	0	301	http://www.cascade-suedtirol.com/gusto/
http://bruggerwirt.it/	0	302	https://www.bruggerwirt.it/de/gasthof
http://agriturciastel.it/	0	200	
http://egna.gruppoitas.it/	6		
http://dobbiaco.jugendherberge.it	6		
http://farmaciacampagnola.it/	0	301	https://farmaciacampagnola.it/
http://energy-control.it	0	301	https://www.energy-control.it/
http://flyingpark.it/	0	301	https://www.flyingpark.it/
http://centrodonboscozambana.jimdo.com/	0	301	https://centrodonboscozambana.jimdo.com/
http://furlanicarni.it/it/home-it/	0	200	
http://fondazionesalvadorizanatta.it	0	200	
http://haus-edith.20m.com/index.htm	0	404	
http://hahnebaum.info/	0	200	
http://inkxs.net/	0	301	https://inkxs.net/
http://hotelzurpost.it	0	301	https://www.riverhotelpost.com/
http://lacasaservice.it/	6		
http://kleinstahl.com/	0	200	
http://juma.mobi/	0	200	
http://mitterkaseralm.it/	0	403	
http://marianiautomotive.com	0	200	
http://next.antheamode.com/	6		
http://orientalhairstudio.com/	0	301	https://orientalhairstudio.com/
http://kunomayr.com/	0	301	http://kunomayr.com/it/
http://natururlaub-reschenpass.com	0	301	https://www.beimgruber.com
http://pizzaexpressahrntal.com	6		
http://pizzagranda.it/	6		
http://pensionknappenhof.it/	0	301	https://www.pensionknappenhof.it/
http://pizzagrillsimosfirehouse.eatbu.com	0	302	https://pizzagrillsimosfirehouse.eatbu.com:443/
http://ristoranteterramia.eu/	0	302	/verify_main.html
http://pizzaepizza.altervista.org	0	200	
http://ristoranteterramia.eu/pizzeria-bella-mbriana/	0	302	/verify.html
http://schloss-gravetsch.com	0	301	https://www.schloss-gravetsch.com/
http://sinnergy.bz.it/	0	301	https://sinnergy.bz.it/
http://toblhof.it	0	403	
http://www.3pini.it/	6		
http://le-rose.it/contatti	0	200	
http://waldthaler.com/	0	200	
http://www.abbonamenti.rai.it/	0	404	
http://www.abete-rosso.it/	0	301	https://www.abete-rosso.it/
http://www.abenteuerpark.it	0	301	https://www.abenteuerpark.it/
http://www.acquablusrl.it/	6		
http://www.adecomaison.com	6		
http://www.acrilforte.it/Forte.html	0	404	
http://www.affittiin.it/	0	301	https://www.affittiin.it/
http://www.agenziatorreverde.it/	0	403	
http://www.adlerhotel.it/	0	301	http://www.adlerhotel.it/it/hotel-4stelle-andalo/1-0.html
http://www.agriturallegorghe.it	0	301	https://www.agriturallegorghe.it/
http://www.agriturclementi.it/	0	301	https://www.agriturclementi.it/
http://www.agriturilfiloderba.it/	0	301	https://www.agriturilfiloderba.it/
http://www.agritursandro.it	0	301	https://www.agritursandro.com/
http://www.agritursoleblu.com/	0	301	https://www.agritursoleblu.com/
http://www.agriturvalsugana.it/index.php/it/info-prenotazioni.html	0	200	
http://www.ahrntaler-kunstschmiede.com/	0	301	https://www.ahrntaler-kunstschmiede.com/
http://www.aivicoli.it/	0	302	https://www.aivicoli.it/
http://www.albanova.info/	0	301	https://hselect.it/residence-alba-nova/il-residence/
http://tienne.it/alvolt/	28		
http://www.ahrntaler-alpenhof.com/	6		
http://www.albergoponciach.it/	6		
http://www.albergoitaliamolveno.it/	0	301	https://www.albergoitaliamolveno.it/
http://www.albergosorive.com	0	301	https://www.albergosorive.com/
http://www.alexandermolveno.com/	0	301	https://www.alexandermolveno.com/
http://www.agriturismo-leita.it/	28		
http://www.almarinaio.eu/	0	301	https://www.almarinaio.eu/
http://www.almdiele.com/	0	301	https://www.almdiele.com/
http://www.alfontanin.it/	0	301	https://www.alfontanin.it/
http://www.almina.it	0	301	https://www.almina.it/
http://www.alphotelmilano.it/	0	301	https://www.alphotelmilano.it/
http://www.alpinofamily.it/	0	301	https://www.alpinofamily.it/
http://www.amstrento.it	0	301	https://www.amstrento.it/
http://www.angelsparrucchieri.com/	6		
http://www.amwasserfall.com/	0	200	
http://www.aldi.it/	0	301	https://www.aldi.it/
http://www.anticastellatrento.com/	0	405	
http://www.animalcentervalsugana.com/	0	301	https://www.animalcentervalsugana.com/
http://www.albergolagorosso.it/	0	200	
http://www.antico-pozzo.it/	0	302	https://www.antico-pozzo.it/
http://www.app-talblick.it	0	301	https://app-talblick.it/
http://www.app-living.it	0	200	
http://www.app-villamaria.it/	0	301	/villamaria/index.htm
http://www.apartment-memory.com/	0	301	https://www.apartment-memory.com/
http://www.appartements-wiesenhof.com	0	200	
http://www.aquilabasket.it/	0	301	https://www.aquilabasket.it/
http://www.arcese.com	0	301	https://www.arcese.com/
http://www.artesella.it/percorsi_spazi.html	0	301	https://artesella.it/percorsi_spazi.html
http://www.aritn.it/	0	301	https://www.aritn.it/
http://www.assiduetn.it/	6		
http://www.augustushotel.net/	6		
http://www.ausserfarmer.com/	6		
http://www.aristonmolveno.it/	0	301	https://www.aristonmolveno.it/
http://www.autofficinalorengo.it/	0	301	https://www.autofficinalorengo.it/
http://www.astoria-andalo.com/	0	301	https://www.astoria-andalo.com/
http://www.autoservice-glurns.lvh.it/	6		
http://www.autorimessaeuropa.it/	0	301	https://www.autorimessaeuropa.it/
http://www.baitamarnara.it/	0	301	https://www.baitamarnara.it/
http://www.bang-olufsen.com	0	307	https://www.bang-olufsen.com/
http://www.baecksteinerhof.com	0	307	https://www.baecksteinerhof.com/de/urlaub-in-meran
http://www.bb-allaluna.it/	6		
http://www.baita-dolomiti.it/	0	302	https://www.baita-dolomiti.it/
http://www.artigiani.tn.it/	0	301	https://www.artigiani.tn.it/
http://www.bbcasafipinger.it/	6		
http://www.basshotelandalo.com/	0	301	https://www.basshotelandalo.com/
http://www.bbpalazzomalfatti.it	0	301	https://www.bbpalazzomalfatti.it/
http://www.bbmargot.com/	0	301	https://www.bbmargot.com/
http://www.bbnettuno.it	0	301	https://www.bbnettuno.it/
http://www.bbgiardino.it	0	200	
http://www.bebedamour.it/	6		
http://www.bellariva.com/	0	301	http://www.gardenhotelbellariva.com
http://www.benesserejuta.it/	6		
http://www.belvedereonline.com/	0	301	https://www.belvedereonline.com/
http://www.bellavistahotel.it	0	301	https://www.bellavistahotel.it/
http://www.biancoloves.it/	0	301	https://biancoconceptstore.it/
http://www.bibcom.trento.it/orari_sedi/sedi_periferiche/povo	0	301	https://www.bibcom.trento.it/orari_sedi/sedi_periferiche/povo
http://www.bibcom.trento.it/orari_sedi/sedi_periferiche/villazzano	0	301	https://www.bibcom.trento.it/orari_sedi/sedi_periferiche/villazzano
http://www.bibcom.trento.it	0	301	https://www.bibcom.trento.it/
http://www.bibcom.trento.it/info/archivio_storico	0	301	https://www.bibcom.trento.it/info/archivio_storico
http://www.bibliolaives.it/	0	302	https://www.bibliolaives.it/
http://www.bibliogais.ch/index.html	0	301	https://www.bibliogais.ch/index.html
http://www.birreriapedavena.com	0	200	
http://www.bookique.org/	6		
http://www.borgodeiposseri.com/	6		
http://www.bouganvilletrento.it/	0	301	https://www.bouganvilletrento.it/
http://www.bpi.claudiaugusta.it/	0	200	
http://www.branterhof.it/	0	301	https://www.branterhof.it/
http://www.cabiancatrento.it/	6		
http://www.cadbellezzaigiene.it/	0	301	https://www.caddys.it/
http://www.birrakm8.com/	0	301	https://birrakm8.com/
http://www.calzaturedueleoni.it/	0	409	
http://www.cadeigiosi.it/	0	301	https://www.cadeigiosi.it/
http://www.campingmario.com	0	301	https://www.campingmario.com/
http://www.campinglagorai.com/	0	200	
http://www.campingpescatore.it	0	200	
http://www.campingpuntalago.com	0	301	https://www.campingpuntalago.com/
http://www.campingspiaggia.net	0	301	https://www.campingspiaggia.net/
http://www.campomarzio.name	0	301	https://www.campomarzio.name/
http://www.caneinfiore.it/	0	301	https://www.caneinfiore.it/
http://www.cantinamasdeichini.it/	0	301	https://www.masdeichini.it/cantina/
http://www.capannaviote.it/	0	301	https://capannaviote.it/
http://www.cantinarotaliana.it/	0	301	https://www.cantinarotaliana.it/
http://www.capellopoint.it/	0	301	https://www.capellopoint.it/
http://www.capuanomilitarystore.com/	0	200	
http://www.casadelciclotrento.it/	0	301	https://www.casadelciclotrento.it/
http://www.binario79.it/	28		
http://www.casanerini.it	6		
http://www.bivaccoscout.it	28		
http://www.casadellatrasmissione.it/	0	301	http://casadellatrasmissione.it/
http://www.caserottisport.com/	0	200	
http://www.casaserena.tn.it/	0	200	
http://www.casserurali.it/	0	301	https://www.casserurali.it/
http://www.centroantidroga-tn.it/	6		
http://www.castelpietra.info/	0	302	https://www.castelpietra.info/
http://www.castelnoarna.com/	0	301	https://www.castelnoarna.com/
http://www.centrofelix.it	0	200	
http://www.cesar.errebiprogress.com/	6		
http://www.centrostudimanzoni.com/	0	301	https://www.centrostudimanzoni.com/
http://www.cesconi.it/	0	301	https://www.cesconi.it/
http://www.chaletcaminetto.it/	0	403	
http://www.chaletovel.it/	0	301	https://www.chaletovel.it/
http://www.cesisrl.it/	0	200	
http://www.casa-arredo.com/	0	301	https://casa-arredo.com/
http://www.christiana.it	0	200	
http://www.ciclibettega.com	0	301	https://www.ciclibettega.com/
http://www.cibagricoltura.it/	0	200	
http://www.christlhof.it/	0	301	https://christlhof.it/
http://www.clanboutique.com/	0	301	https://clanboutique.it/
http://www.complessobraide.it/	0	301	https://www.complessobraide.it/
http://www.coltelleriasanmarco.it/	0	301	https://www.coltelleriasanmarco.it/
http://www.clarisseborgovalsugana.it/	0	200	
http://www.comproorotrento.it/	0	301	https://www.comproorotrento.it/
http://www.comune.denno.tn.it/	0	301	https://www.comune.denno.tn.it/
http://www.comune.folgaria.tn.it/Comune/Organizzazione-comunale/Servizi/Biblioteca	0	301	https://www.comune.folgaria.tn.it/Comune/Organizzazione-comunale/Servizi/Biblioteca
http://www.comune.giovo.tn.it	0	301	https://www.comune.giovo.tn.it/
http://www.comune.ton.tn.it/	0	301	https://www.comune.ton.tn.it/
http://www.comune.roveredellaluna.tn.it/it/il_comune/uffici	0	301	https://www.comune.roveredellaluna.tn.it/it/il_comune/uffici
http://www.cottonclublapdance.com/	0	200	
http://www.covacucine.it/	0	301	https://www.covacucine.it/
http://www.cr-giovo.net/	0	301	https://www.cr-giovo.net/
http://www.crifassa.com	6		
http://www.coster.com/	0	200	
http://www.cronst.it/	0	200	
http://www.d-piu.com/punto-vendita/Rovereto_Via%20Abetone%20Brennero.htm?pv=198	0	301	https://www.d-piu.com/punto-vendita/Rovereto_Via%20Abetone%20Brennero.htm?pv=198
http://www.dekadenz.it	0	301	https://www.dekadenz.it/
http://www.deltaenergy.it	0	302	https://www.deltaenergy.it/
http://www.defantsclub.it/	0	301	https://www.defantsclub.it/
http://www.distilleriasebastiani.com/	6		
http://www.doctrento.it	0	302	https://www.pizzeriadoc.it
http://www.dolcelit.it	6		
http://www.desalpes.it/	6		
http://www.cineworld.info	28		
http://www.dolomieten-hotel.com/	0	301	https://www.dolomieten-hotel.com/
http://www.dolomitiparco.com/	0	301	https://www.dolomitiparco.com/
http://www.dorfnerhof.it/	0	301	https://www.dorfner.it/
http://www.dolcementemarzari.it/	0	200	
http://www.edera-rita.it/	6		
http://www.edelweiss-reschen.it/de/	0	301	https://www.edelweiss-reschen.it/de/
http://www.eggentaler.com/	0	301	https://www.eggentaler.com/
http://www.egger-terlan.eu/	0	301	https://www.egger-terlan.eu/
http://www.elektro-mairhofer.com	0	301	https://www.elektro-mairhofer.com/
http://www.egidiogalvan.it/sala-museo	0	200	
http://www.elektromarschall.it/de	0	301	https://www.elektromarschall.it/de
http://www.elmihome.it	0	301	https://www.elmihome.it/
http://www.comune.monclassico.tn.it/page.php?c=24	28		
http://www.enotecadeltrentino.it/	6		
http://www.elettrozeta.it/	0	200	
http://www.emporio-verde.it/	0	301	https://www.emporio-verde.it/
http://www.esteticaloloa.it/	0	200	
http://www.eurobrico.com/	0	301	https://www.eurobrico.com/
http://www.facchinetti.net	0	301	https://www.facchinetti.net/
http://www.faeckl-anton.com/	0	403	
http://www.familienalm.com/taser/familienalm/taser-almbahn/	0	301	https://www.familienalm.com/taser/familienalm/taser-almbahn/
http://www.europamolveno.it/	0	301	https://www.europamolveno.it/
http://www.farmaciacortaccia.com/	0	301	https://www.farmaciacortaccia.com/
http://www.fanaladina.com/	0	200	
http://www.farmaciagallo.com/	0	301	http://www.farmaciagallotrento.it/
http://www.farmaciasoave.com/	0	301	https://www.farmaciasoave.com/
http://www.farmaciazanini.it/	0	301	https://www.farmaciazanini.it/
http://www.feichter.com	0	301	https://www.feichter.com/
http://www.ertl-glas.at	0	301	https://www.ertl-glas.at/
http://www.fly-line-wasserfall.eu	0	301	https://www.fly-line-wasserfall.eu/
http://www.fioreriadaaldo.it/	0	302	http://fioreriadaaldo.it/
http://www.feinkostegger.it	0	200	
http://www.fortebelvedere.org/	0	301	https://www.fortebelvedere.org/
http://www.fotowalcher.com	0	301	https://www.fotowalcher.com/
http://www.foehrenhof.it/	0	301	https://www.foehrenhof.it/
http://www.fischerhof-mauracher.it/	0	404	
http://www.francescoambrosisrl.it	0	200	
http://www.franzinelli.com/	0	301	https://www.franzinelli.com/
http://www.fuchsleitenhof.com	0	301	https://www.fuchsleitenhof.com/
http://www.gampenpass.it/indexit/gasthof.htm	6		
http://www.gallowaytrento.it/	0	301	https://www.gallowaytrento.it/
http://www.gaierhof.com	0	301	https://www.gaierhof.com/
http://www.garage-obermair.com/	0	301	https://www.garage-obermair.com/
http://www.garni-rosi.com	0	301	https://www.garni-rosi.com/
http://www.gardenandalo.com/	0	301	https://www.gardenandalo.com/
http://www.fujiyamatrento.it/	0	200	
http://www.gardenaronda.com/	0	200	
http://www.garnicastelferari.it	0	301	https://www.garnicastelferari.it/
http://www.garni-sparer.it/	0	301	https://garni-sparer.it/
http://www.garnirelax.com/	0	301	https://www.garnirelax.com/
http://www.gass-hof.com/	0	301	https://www.gass-hof.com/
http://www.gasthaus-magdfeld.com/	0	200	
http://www.gasthof-schwaiger.it/	0	301	https://www.gasthof-schwaiger.it/
http://www.gasserhuette.it	0	301	https://www.gasserhuette.it/
http://www.gasthof-sonne.it/	0	301	https://www.gasthof-sonne.it:443/
http://www.ghezzihotel.com/	0	301	https://www.ghezzihotel.com/
http://www.giggelberg.com/	0	301	https://www.giggelberg.com/
http://www.giggeralm.com/	0	200	
http://www.giuntialpunto.it	0	301	https://www.giuntialpunto.it/
http://www.gildahotel.com	0	301	https://www.gildahotel.com/
http://www.gasthof-walde.com/	0	301	https://www.gasthof-walde.com/
http://www.gloriahotel.it/	0	301	https://www.gloriahotel.it/
http://www.glaspunkt.com/	0	200	
http://www.goldener-adler.com	0	301	https://www.goldener-adler.com/
http://www.goldenpause.it/	0	301	https://www.goldenpause.it/
http://www.goldener-schluessel.com/	0	302	https://www.goldener-schluessel.com/
http://www.grandhoteltrento.com/	0	301	https://www.grandhoteltrento.com/
http://www.grandhotelmolveno.it/	0	301	https://www.grandhotelmolveno.it/
http://www.grauerbaer.it	0	403	
http://www.gread.it/	0	301	https://www.greadelettronica.it/
http://www.grissianerhof.com	0	301	https://www.grissianerhof.com/
http://www.grosstahlhof.com	0	200	
http://www.gruppo-am.com	0	301	https://www.amdistributori.it/
http://www.gruppoalpin.it/	6		
http://www.gruppoitas.it/	0	301	https://www.gruppoitas.it/
http://www.gasthofcaroline.it/	0	301	https://www.gasthofcaroline.it/
http://www.grubhof.it/	0	301	https://www.grubhof.it/
http://www.happy-ranch.com	6		
http://www.gruppobrenta.it/	0	301	https://www.gruppobrenta.it/
http://www.haidacher.com	0	301	https://www.haidacher.com/
http://www.hausamhang.it/	0	301	https://www.hausamhang.it/
http://www.haushansjoggl.it/	0	301	https://www.haushansjoggl.it/
http://www.haus-tirol.it	0	307	/de/
http://www.hochganghaus.it/	0	301	https://www.hochganghaus.it/
http://www.helmhotel.com	0	307	https://www.helmhotel.com/
http://www.haarzimmer.com/	0	200	
http://www.hfontanella.it/	0	301	https://www.hfontanella.it/
http://www.hochmuth.it/	0	302	gasthof/
http://www.hoeggerhof.com/	0	200	
http://www.hotel-buchholz.it/	0	301	http://www.hotel-buchholz.it/de/index.php
http://www.hotel-birkenbrunn.it/	0	301	https://www.hotel-birkenbrunn.it/
http://www.hotel-andalo.info/	0	301	https://www.hotel-andalo.info/
http://www.hotel-florida.it	0	301	https://www.hotel-florida.it/
http://www.hotel-jonathan.com	0	301	https://www.hotel-jonathan.com/
http://www.hotel-langhof.com/	0	301	https://www.hotel-langhof.com/
http://www.hotel-lido.it/	0	200	
http://www.hotel-lesalpes.com	0	301	https://www.hotel-lesalpes.com/en/
http://www.hotelallanave.it/	0	301	https://www.hotelallanave.it/
http://www.hotel-waldheim.com	0	301	https://www.hotel-waldheim.com/
http://www.hotel-loewe.info	0	307	https://www.hotel-loewe.info/
http://www.hotel-oberbrunn.it	0	301	https://www.hotel-oberbrunn.it/
http://www.hotelalpinemugon.com/	0	200	
http://www.hotelalplan.com/	0	301	https://www.hotelalplan.com/
http://www.hotelalpen.it/	0	301	https://www.vitalyhotels.it
http://www.hotelalpenblick.it	0	301	https://www.hotelalpenblick.it/
http://www.hotelamerica.it/	0	403	
http://www.hotelandreashofer.it/	0	200	
http://www.hotelambiez.com/	0	301	https://www.hotelambiez.com/
http://www.hotelbaita.it/	0	301	https://www.hotelbaita.it/
http://www.hotelauroramolveno.com/	0	301	https://www.hotelauroramolveno.com/
http://www.hotelbottamedi.it/	0	301	https://www.hotelbottamedi.it/
http://www.hotelcentralepejo.com/	0	301	https://www.hotelcentralepejo.com/
http://www.hotelbrueckenwirt.com	0	301	https://www.hotelbrueckenwirt.com/
http://www.hotelalpian.com/	0	200	
http://www.hotelcondor.com	0	301	https://www.hotelcondor.com/
http://www.hoteldalbon.com/	0	301	https://www.hoteldalbon.com/
http://www.hotelcavallino.com/	0	301	https://www.hotelcavallino.com/
http://www.hoteldianaandalo.com/	0	301	https://www.basshoteldiana.it
http://www.hotelcristalloandalo.com/	0	301	https://www.hotelcristalloandalo.com/
http://www.hoteldominik.com	0	302	https://www.hoteldominik.com/
http://www.hoteldulac.it/	0	301	https://www.hoteldulac.it/it/informazione/index/1-0.html
http://www.hoteleverest.it/	0	301	https://www.hoteleverest.it/
http://www.hotelfai.it/	0	301	https://www.hotelfai.it/
http://www.hotelkranebitt.com	0	301	https://www.hotelkranebitt.com/
http://www.hotelfiordaliso.com/	0	301	https://www.hotelfiordaliso.com/
http://www.hotellabussola.com/	0	301	https://www.hotellabussola.com/
http://www.hotelmontana.it/	0	403	
http://www.hoteldolceavita.it/	0	301	https://www.hoteldolceavita.it/
http://www.hotelmiramontimer.com	0	301	https://www.hotelmiramontimer.com/
http://www.hotelmontebondone.it	0	301	https://www.hotelmontebondone.it/
http://www.hotelnegritella.com/	6		
http://www.hotelnegrescoandalo.it/	0	302	https://www.hotelnegrescoandalo.it/
http://www.hotelnordik.com/	0	301	https://www.hotelnordik.com/
http://www.hotelnorge.it	0	301	https://www.hotelnorge.it/
http://www.hotelnevada.it/	0	302	/sito/index.php
http://www.hotelpaganella.com/	0	301	https://www.hotelpaganella.com/
http://www.hotelcles.com/	0	301	https://www.hotelcles.com/
http://www.hotelrosaalpina.com/	0	301	https://www.hotelrosaalpina.com/
http://www.hotelserena.it/	0	301	https://www.hotelserena.it/
http://www.hotelstellaalpina.com/	0	301	https://www.hotelstellaalpina.com/
http://www.hotelstellaalpina.it	0	301	https://www.hotelstellaalpina.it/
http://www.hotelstellaalpina.net/	0	301	https://www.hotelstellaalpina.net/
http://www.hotelvason.it/	0	301	https://www.hotelvason.it/
http://www.hoteltiroleradler.com	0	301	https://www.hoteltiroleradler.com/
http://www.htlcontinental.it/	0	301	https://www.htlcontinental.it/
http://www.hotelvillanova.it/	0	302	https://www.hotelvillanova.it/
http://www.hselect.it/	0	301	https://www.hselect.it/
http://www.ildettagliostore.it/	6		
http://www.hubertus.it	0	301	https://www.hubertus.it/
http://www.ideaviaggi.com/	0	301	https://www.ideaviaggi.com/
http://www.ilsimposio.net	0	200	
http://www.iprase.tn.it	0	301	https://www.iprase.tn.it/
http://www.hotelpiancastello.com/	0	301	https://www.hotelpiancastello.com/
http://www.isoladiarturo.com/	0	301	https://www.isoladiarturo.com/
http://www.immobiliaredevigili.it/	0	301	https://www.trentinoliving.it
http://www.isoladeitesori.it/	0	301	https://www.isoladeitesori.it/
http://www.irrigazionepilati.it	0	301	https://www.irrigazionepilati.it/
http://www.italfly.com/	0	301	https://www.italfly.com/
http://www.istitutosacrocuore.it/	0	301	https://www.istitutosacrocuore.it/
http://www.istitutodecarneri.it/	0	301	https://www.istitutodecarneri.it/
http://www.joycetrento.com/	6		
http://www.jokodomus.com	0	302	https://www.jokodomus.com/
http://www.kalterersee-residence.com/	0	301	https://www.kalterersee-residence.com/
http://www.k2andalo.it/	0	301	https://www.k2andalo.it/
http://www.kaltererseehof.com/	0	301	https://www.kaltererseehof.com/de/index.php
http://www.kikocosmetics.com/	7		
http://www.katharinabergerhof.it/	6		
http://www.isomand.it/	0	301	https://www.isomand.it/
http://www.komodoapartments.com/	0	302	https://www.komodoapartments.com/
http://www.klammhof.com/	0	200	
http://www.koriander.it	0	301	https://www.koriander.it/
http://www.kiwisports.eu/	0	200	
http://www.kostner-despar.com/de/home.aspx	0	301	https://www.kostner-despar.com/de/home.aspx
http://www.kt-store.it/	6		
http://www.kreuzbergpass.com/	0	301	https://www.kreuzbergpass.com/
http://www.kreithof.it/de/home.html	0	301	https://kreithof.it/de/home.html
http://www.laabalm.com/	0	301	https://www.laabalm.com/
http://www.lagastronomiamein.it/portal/	0	301	https://www.lagastronomiamein.it/portal/
http://www.kurtinigerhof.it	0	301	https://www.kurtinigerhof.it/hotel
http://www.itea.tn.it/	0	302	https://www.itea.tn.it/
http://www.lajen.com/	0	301	https://www.lajen.com/
http://www.langeshof.com	0	301	https://www.langeshof.com:443/
http://www.lartetrento.it/	0	301	https://www.lartetrento.it/
http://www.laselleriaonline.it/	0	403	
http://www.larocciaandalo.it/	0	301	https://www.larocciaandalo.it/
http://www.lagnoccata.it/	0	200	
http://www.latecnica.trentino.it/	0	302	https://www.latecnica.trentino.it/
http://www.lazinshof.com/	0	301	https://www.lazinshof.com/
http://www.leblanchotelspa.com	0	301	https://www.brenta-dolomites.com/
http://www.lastubedelgalletto.com/	0	301	http://lastubedelgalletto.com/
http://www.lavaloner.com/	0	200	
http://www.lechnerhof.info/	0	200	
http://www.leduespade.com	0	301	https://www.leduespade.com/
http://www.leiteralm.com/	0	301	https://www.leiteralm.com/
http://www.legadelcanetrento.it/	0	302	https://www.legadelcanetrento.it/
http://www.kutscherhof.it	0	301	http://kutscherhof.it/
http://www.leuchtenburg.it/	0	301	https://www.leuchtenburg.it/
http://www.leniar.it/	0	301	https://www.leniar.it/
http://www.liceodavincitn.it/	0	301	https://www.liceodavincitn.it/
http://www.libertyhotelmale.it	0	200	
http://www.linguisticotrento.it/	0	301	https://www.linguisticotrento.it/
http://www.lindenhof.it	0	301	https://www.lindenhof.it/
http://www.losfizioeventi.it	0	200	
http://www.londramolveno.it/	0	301	https://www.londramolveno.it/
http://www.leimgruber.info/de/leimgruber-filialen-ahrntal.html	0	302	https://www.leimgruber.info/de/leimgruber-filialen-ahrntal.html
http://www.losstraslochi.it/	0	301	https://www.losstraslochi.it/
http://www.magman.it/	0	200	
http://www.mairinplun.com/	0	301	https://www.mairinplun.com/
http://www.mannis.bz/	0	301	https://www.mannis.bz/
http://www.leziette.altervista.org/	6		
http://www.martinomartini.it/	6		
http://www.marcorosa.it	0	301	https://www.marcorosa.it/
http://www.martinsheim.net	0	301	http://www.martinsheim.net/de
http://www.masdelafam.it/	0	301	https://www.masdelafam.it/
http://www.masovalfraia.it/	0	200	
http://www.masosalim.it	0	301	https://www.masosalim.it/
http://www.malgafratte.com	0	301	https://www.malgafratte.com/
http://www.masozepp.com	0	301	https://www.masozepp.it/home-en
http://www.mediaworld.it/	0	301	https://www.mediaworld.it/
http://www.menuservice.it	0	301	https://www.menuservice.it/
http://www.meran-o.com	6		
http://www.meran2000.com/	0	308	https://www.meran2000.com/
http://www.messnerhof.eu	0	301	https://www.messnerhof.eu/
http://www.metzgerei-obermair.com/	0	301	https://www.ahrnaspeck.com/
http://www.mikes-bike-garage.online/	0	301	https://www.mikes-bike-garage.online/
http://www.mioebio.it/	0	301	https://www.mioebio.it/
http://www.miralagohotel.com/	0	301	https://www.miralagohotel.com/
http://www.maurerhaushof.com/	0	302	https://www.maurerhaushof.com
http://www.maurerhaushof.com	0	302	https://www.maurerhaushof.com
http://www.moar.it/	0	301	https://www.moar.it/
http://www.monte-sella.com/	0	301	https://www.monte-sella.com/
http://www.mooifashion.it	6		
http://www.mangiobricks.it/	28		
http://www.motcenter.it/	6		
http://www.montferthof.it/	0	303	https://www.montferthof.it/
http://www.mountain-living.eu	0	301	https://www.mountain-living.eu/
http://www.muse.it/	0	301	https://www.muse.it/
http://www.muse.it/it/visita/Muse-sul-Territorio/Pagine/Giardino-botanico-alpino-Viote-di-Monte-Bondone.aspx	0	301	https://www.muse.it/it/visita/Muse-sul-Territorio/Pagine/Giardino-botanico-alpino-Viote-di-Monte-Bondone.aspx
http://www.muse.it/it/visita/Muse-sul-Territorio/Pagine/Terrazza-delle-stelle-Viote-del-Monte-Bondone.aspx	0	301	https://www.muse.it/it/visita/Muse-sul-Territorio/Pagine/Terrazza-delle-stelle-Viote-del-Monte-Bondone.aspx
http://www.molveno-excelsior.it/	0	301	https://www.molveno-excelsior.it/
http://www.nasereit.com/	0	301	https://www.nasereit.com/
http://www.nardelliegarzettiorafi.it/	0	403	
http://www.nassreidhof.it/	0	303	https://www.nassreidhof.it/
http://www.museocivico.rovereto.tn.it/sperimentarea	0	404	
http://www.naturheilt.it	0	301	https://www.naturheilt.it/
http://www.nestalp.com	0	301	https://www.nestalp.com/
http://www.nh-hotels.it/hotel/nh-trento	0	403	
http://www.newphoto-tn.it/	0	301	https://www.newphoto-tn.it/
http://www.nunalie.it/	0	301	https://www.nunalie.it/
http://www.newimperialsystem.com	0	301	https://www.newimperialsystem.com/
http://www.niederdorf.info/	0	301	https://www.niederdorf.info/
http://www.obermairhof.net/	0	403	
http://www.oberburger.it/	0	200	
http://www.oberhofer-holzindustrie.com/	6		
http://www.oberperflhof.it/	0	301	https://www.oberperflhof.it/
http://www.officinaottanta.it/	6		
http://www.oberfrank.it	0	302	https://www.oberfrank.it/de/residence
http://www.officinagambrinus.com/	0	301	https://www.officinagambrinus.com/
http://www.openjobmetis.it	0	301	https://www.openjobmetis.it/
http://www.oldwildwest.com/	0	301	https://www.oldwildwest.com/
http://www.orientalhairstudio.com/	0	301	https://www.orientalhairstudio.com/
http://www.osteriadelpettirosso.it/	0	301	https://www.osteriadelpettirosso.it/
http://www.orsogrigiotrento.com/	0	302	https://www.orso-grigio.it/
http://www.osteriailcappello.it/	0	200	
http://www.otticadonati.it/	0	301	https://www.otticadonati.it/
http://www.otticapeterlana.it/	0	301	https://www.otticapeterlana.it/
http://www.otticaromani.it/	0	301	https://www.otticaromani.it/
http://www.olympiamolveno.it/	0	301	https://www.olympiamolveno.it/
http://www.pannelli.eu/	0	405	
http://www.panoramamolveno.com/	0	301	https://www.panoramamolveno.com/
http://www.panificiodalpra.it	0	200	
http://www.parcofaunistico.tn.it	0	301	http://parcofaunistico.tn.it/
http://www.paganellamolveno.it/	0	301	https://paganellamolveno.it/it/
http://www.parchotel.cc/	0	301	https://parchotel.info/
http://www.parrocchiamezzolombardo.it/	6		
http://www.pastaledelizie.it/	0	301	https://www.pastaledelizie.it/
http://www.parrocchie.it/rovereto/caterina/home.htm	0	200	
http://www.patware.it	6		
http://www.pattis.it	0	301	https://www.pattis.it/
http://www.pedropizza.it	6		
http://www.peloecontropelotn.com/	6		
http://www.pedelmont.it/	0	301	https://www.pedelmont.it/
http://www.pensionklughammer.com	0	301	https://www.pensionklughammer.com/
http://www.petsclub.tn.it/	6		
http://www.pfrotaliane.com/	0	301	https://www.pfrotaliane.com/
http://www.piandeifiacconi.com	0	301	https://www.piandeifiacconi.com/
http://www.patrickbike.it/	0	200	
http://www.oberstock.eu	28		
http://www.peters-teahouse.it/	0	200	
http://www.piccolo.it/	0	302	https://www.piccolo.it/
http://www.pittarello.com/	0	301	https://www.pittarello.com/
http://www.pierhotel.net/	0	301	https://www.pierhotel.net/
http://www.pittarosso.com/	0	308	https://www.pittarosso.com/
http://www.pizzagranda.it/	6		
http://www.pizza-road.it/	0	301	https://www.pizza-road.it/
http://www.pittarello-calzature.it/	0	200	
http://www.pizzeriarosalpina.com	6		
http://www.pizzagrandalavis.com/	0	301	https://www.pizzagrandalavis.com/
http://www.pizzium.com/	0	301	https://www.pizzium.com/
http://www.plattenhof.it	0	301	https://www.plattenhof.it/
http://www.pizzeriabeatrice.com/	0	200	
http://www.pojeresandri.it/	0	301	https://www.pojeresandri.com/
http://www.poste.it/	0	301	https://www.poste.it/
http://www.prefettura.it/trento/multidip/index.htm	0	301	https://prefettura.interno.gov.it/it
http://www.pneusmarket.it	0	301	https://pneusmarket.it/
http://www.pizzeria-edelweiss.com/	0	200	
http://www.protezionecivile.tn.it/	0	200	
http://www.pulllove.com/	0	301	https://anamericaninsicily.com/
http://www.pulvererhof.it	0	301	https://www.pulvererhof.it/
http://www.projectd.it	0	200	
http://www.pradalares.com/	0	301	https://www.pradalares.com/
http://www.puntocolore.it/	0	200	
http://www.puntomagliaecucito.it/	6		
http://www.puntodincontro.trento.it/	0	302	https://www.puntodincontro.trento.it/
http://www.putia.com/	0	301	https://www.putia.com/
http://www.prosalute.net/	6		
http://www.rdrink.it/	0	301	https://www.rdrink.it/
http://www.rechtenthal.com	6		
http://www.ramondashop.com	0	409	
http://www.rafting-club-activ.com/	0	301	https://www.rafting-club-activ.com/
http://www.reipertingerhof.com	0	301	https://www.reipertingerhof.com/
http://www.residencesancarlo.com/	0	301	https://rododendromolveno.it/
http://www.residencelambin.it/	0	301	https://www.residencelambin.it/
http://www.residencecimedoro.it/	0	301	https://residencecimedoro.it/
http://www.residencecieloaperto.it/	0	301	https://www.residencecieloaperto.it/
http://www.residencevillaerica.it/	0	301	https://www.residencevillaerica.it/
http://www.restaurant-fink.it/	0	301	https://www.restaurant-fink.it/
http://www.residencestefenine.it/	0	200	
http://www.restaurant-issingerweiher.it/	0	302	http://www.issingerweiher.it
http://www.residencesottsass.it/	0	200	
http://www.riccadonnaservice.com	0	301	https://www.riccadonnaservice.com/
http://www.rifugiopotzmauer.it	0	301	https://www.rifugiopotzmauer.it/
http://www.rh-racing.it/	0	200	
http://www.rifugiocevedale.it/	0	301	https://www.rifugiocevedale.it/
http://www.rifugiopredaia.com	0	301	https://www.rifugiopredaia.com/
http://www.rifugiomalgakraun.it/	0	301	https://www.rifugiomalgakraun.it/
http://www.ristorantealmaso.it/	0	405	
http://www.riparazionesmartphone.com/	0	301	https://www.riparazionesmartphone.com/
http://www.ristoranteillibertino.com/	6		
http://www.ristoranteorient.it	6		
http://www.ristorante-europa.it/	0	301	https://www.ristorante-europa.it/
http://www.ristorantedapino.it/	0	301	https://www.ristorantedapino.it/
http://www.roadhousegrill.it/	0	503	
http://www.ristorantepozze.it/	0	200	
http://www.rofenhof.com/	0	301	https://www.rofenhof.com/
http://www.sabes.it/de/gesundheitsbezirke/brixen/badbachgart.asp	0	302	https://www.sabes.it/de/gesundheitsbezirke/brixen/badbachgart.asp
http://www.salon7.it	0	301	https://www.salon7.it/
http://www.romanitn.it/	0	200	
http://www.salonelorena.it	6		
http://www.salonesciandra.eu/	6		
http://www.sanvigilio.net/	0	301	https://www.stoa-dolomites.com/
http://www.salurnisbiblio.it/	0	301	https://www.salurnisbiblio.it/
http://www.ristorantesaporoso.it	0	200	
http://www.satborgo.it/sat2006/lanzola.html	0	404	
http://www.saxl.it/	0	301	https://saxl.it/
http://www.schatzerhuette.com/	0	301	https://www.schatzerhuette.com/
http://www.sbadige.com/	0	301	https://www.sbadige.com/
http://www.schlachthof.it/	0	302	https://www.schlachthof.it/
http://www.schule.suedtirol.it/ssp-olang/gsoberrasen/index.html	0	302	/default.asp?404;ssp-olang/gsoberrasen/index.html
http://www.sda.it	0	301	https://www.sda.it/
http://www.seehofkeller.com	0	301	https://www.seehofkeller.com/
http://www.seehotel.it	0	301	https://www.seehotel.it/
http://www.schmiedhofer.it/	0	200	
http://www.segosta.com/	6		
http://www.seeleiten.it/	0	301	https://www.seeleiten.it/
http://www.seiseralm-seilbahn.com/	0	301	https://www.funiviaortisei.eu/de/home
http://www.silbergasser.it/	0	301	https://www.silbergasser.it/
http://www.skinmedic.it/	0	301	https://www.skinmedic.it/
http://www.scrignodelduomo.com/	0	200	
http://www.smooke.com/	0	301	https://dypstore.com/
http://www.simoncelli.it	0	302	https://www.simoncelli.it/it_IT/
http://www.soleneve.it/	0	301	https://www.soleneve.it/
http://www.sonnegghof.com/	0	301	https://www.sonnegghof.com:443/
http://www.sonnenhotel-adler.com/	0	301	https://www.sonnenhotel-adler.com/
http://www.ristoranteallasegheria.it/	28		
http://www.sonnleitenhof.it/	0	301	https://www.sonnleitenhof.it/
http://www.sos-feriendorf.it	0	301	https://www.sos-feriendorf.it/
http://www.sositrento.it/	0	301	https://www.sositrento.it/
http://www.sporthotelalpenrose.com	0	301	https://www.alpenrose-karersee.com/
http://www.stefanotovazzi.it/wp-content/uploads/2013/12/SLOI_giornale.pdf	6		
http://www.st-barbara.it/	0	302	https://www.st-barbara.it/de/apotheke
http://www.sternhof.suedtirol.com/	6		
http://www.sportmodesteger.com/	0	302	https://www.sportmodesteger.com/de/home
http://www.stellakino.com/	0	302	https://www.stellakino.com/de/programm
http://www.stelviopark.bz.it/	0	301	https://www.nationalpark-stelvio.it/
http://www.studioacdesign.it/	0	301	https://www.studioacdesign.it/
http://www.sushi-land.it/	6		
http://www.tanitendaggi.com/	6		
http://www.sulden-nives.com	0	302	https://cont.uijj.cn/qq999/referral_top_banner_default?source=SEO_CN&trafficSource=SEO_default_2026_24_2&utm_medium=direct&mt=1772542885&clickId=j32hj37fa375&siteUrl=%2F&uid=j32hj37fa375&utm_source=www.sulden-nives.com&utm_campaign=fapnetFastOrangeMay28&platform=Desktop&ip=64.236.169.114
http://www.tastiko.it/	0	301	https://www.tastiko.it/
http://www.teamgabrielli.it/	6		
http://www.tavernalabotte.it/	0	200	
http://www.teutschhaus.it	0	307	https://www.teutschhaus.it/
http://www.ten-s.it/	0	301	https://www.ten-s.it/
http://www.tezenis.it/	0	301	https://www.tezenis.com/
http://www.tierarztnaturns.it/	0	301	https://www.tierarztnaturns.it/
http://www.thalhof.it/	0	301	https://www.thalhof.it/
http://www.tirolerhof.com	0	301	https://www.tirolerin.it/
http://www.tomasigioielli.eu/	7		
http://www.traube-post.it/hotel/hotel-traube-post/willkommen.html	0	301	https://www.traube-post.it/hotel/hotel-traube-post/willkommen.html
http://www.trapasso.eu/	0	404	
http://www.studiocarollo.com/	0	301	https://www.studiocarollo.com/
http://www.traubenwirt.it	0	301	http://www.hotelbrixen.it/21-0.html
http://www.trentotreno.com/	0	301	https://www.trentotreno.com/
http://www.trenkwalder.info	0	301	https://www.trenkwalder.info/
http://www.tunnellounge.it/	6		
http://www.turandot.store/	6		
http://www.tuttobici.org/	0	405	
http://www.trudnerhorn.com/naturpark-trudner-horn/naturparkhaus-trudner-horn-p12.html	0	301	/de/suedtirols-hoher-sueden/urlaub/must-see/naturpark-trudner-horn.html
http://www.unterstellhof.com/	0	200	
http://www.tuttocomputer.com	0	200	
http://www.untervernatsch.com/	0	303	https://www.untervernatsch.com/
http://www.trentoalta.it/	0	301	https://trentoalta.it/
http://www.vacanzeinbaita.com/it/details-strutture/baita-pra-dei-lupi/124/1/	0	302	https://www.vacanzeinbaita.com/it/details-strutture/baita-pra-dei-lupi/124/1/
http://www.vecchio-maso.it/	6		
http://www.verenas-sportbar.com	6		
http://www.valtelehof.com/	0	301	https://valtelehof.com/
http://www.vertigotrento.com/	0	500	
http://www.studiocognola.it/	28		
http://www.villamonalisa.com	0	200	
http://www.villabertagnolli.it/	0	301	https://www.villabertagnolli.it/
http://www.villapersani.com/	0	302	https://www.villapersani.com/
http://www.vinothekvinus.it/	0	301	https://vinothekvinus.it/
http://www.vitalis-beauty.com/	6		
http://www.vivaibrugna.com/	0	301	https://www.vivaibrugna.com/
http://www.visitaltopianodipine.it/	0	200	
http://www.volabass.it/	0	301	https://www.volabass.it/
http://www.volavisio.it/	0	301	https://www.fiemmeflight.it/
http://www.uvaementa.it	0	301	https://www.uvaementa.it/
http://www.wallstreet.it/	0	301	https://www.wallstreet.it/
http://www.waldealm.it	0	200	
http://www.waikikipoke.it/	0	301	https://waikikihawaiianfood.com/
http://www.welcomeindia.it/	6		
http://www.waltermeinrad.it	0	301	https://www.waltermeinrad.it/
http://www.windegg.it/	0	301	https://www.windegg.it/
http://www.wasserer.com/	0	200	
http://www.wokforyou.it/	0	200	
http://www.yves-rocher.com/	0	403	
http://www.zanettipavimenti.it/	6		
http://www.zoolife.it/	0	302	https://www.zoolife.it/
http://www.zushi.eu/	0	301	https://www.zushi.eu/
https://accessori.camp	0	403	
http://www.wolfwalter.eu	0	200	
https://abacomotors.it/	0	200	
https://agriturmasolibrar.it	0	200	
https://alpinn.it/	0	301	https://alpinn.it/en/
http://www.villafontana.it/	0	301	https://www.villafontana.it/
https://alpsfloor.com/	0	301	https://www.alpsfloor.com/
https://arcamatta-di-mosna-giuseppe-c-snc.business.site/	0	404	
https://anffas.tn.it/i-nostri-servizi/nuova-casa-serena/	0	200	
https://acisjftrento.it	0	200	
https://arclinea.com/it/	0	200	
https://arcogaia.blogspot.com	0	200	
https://art-accessoires-by-markus-damini.business.site/	0	404	
https://ateliernorbertniederkofler.com/de/	0	200	
https://arciducahouse.com/ristorante	0	301	https://arciducahouse.com/ristorante/
https://alpoteldolomiten.com	0	200	
https://bacher.bz/	0	200	
https://bergerhof.it/	0	302	https://www.bergerhof.it/de/
https://autoservice-meran.com	0	200	
https://bauernmarkt-bruneck.it/	0	200	
https://autoscuolacristina.it/	0	200	
https://biblio.bz.it/freienfeld/%C3%96B-Mauls	28		
https://biblio.bz.it/sancandido/	28		
https://biblio.bz.it/sesto/	28		
https://bioenergiatrentino.it/	0	200	
https://bolzano.ubiklibri.it	0	301	https://www.ubiklibri.it/librerie/ubik-bolzano
https://biblio.fbk.eu/	0	200	
https://bozen.jugendherberge.it/	0	301	https://www.jugendherberge.bz/de/bozen/jugendherberge/
https://breakoutsport.it/en/contatti-en/	0	200	
https://braiesrent.com/	0	200	
https://calzature-due-leoni.myshopify.com/	0	301	https://calzaturedueleoni.it/
https://brencentertrento.it/	0	200	
https://camping-riviera.net	0	200	
https://biblio.bz.it/villabassa/	28		
https://capatoast.it/	0	200	
https://campomaglio.altervista.org/	0	200	
https://casatuaitalia.it/punti-vendita/casatua-trento	0	200	
https://catalogo.comune.trento.it/Amministrazione/Luoghi/Uffici-comunali-di-via-Bronzetti-1/(sede_di)/8	0	301	http://www.comune.trento.it/Servizi
https://cgte.it/	0	301	https://alayanrentals.com/it/
https://centrofallimentare.it/	0	200	
https://c-care.it/	0	302	https://c-care.it/de
https://chaletpineta.com/	0	200	
https://cinemateatroparadiso.com/	0	200	
https://cittadella.gruppopoli.it	0	301	/it
https://clm-bell.com/	0	301	https://www.clm-bell.com/
https://comaiarredamenti.it/	0	301	http://www.comaiarredamenti.it/main
https://coopsamuele.it	0	200	
https://ebigroup.it	0	200	
https://crossfittrento.com/	0	301	https://www.crossfittrento.com/
https://educaline-centro-cinofilo.business.site/	0	404	
https://ecoargentario.it	0	200	
https://elmerendero.it	0	200	
https://erbevive.com	0	403	
https://elenashoes.it	0	200	
https://eunis.eea.europa.eu/sites/IT3110041	0	200	
https://evway.net/	0	200	
https://ferienwohnungen-bruggenwirt.it	6		
https://fondoambiente.it/luoghi/cappella-del-simonino	0	200	
https://cba.agesci.it/base/base-scout-pralungo/	28		
https://forchettaerastrello.it/attivita/ristorazione/barone-al-castello/	0	301	https://forchettaerastrello.it
https://find.shell.com/it/fuel/10126799-arco	0	200	
https://foto-forum.it/	0	200	
https://forestefauna.provincia.tn.it/Fauna/Fauna-selvatica/Centro-recupero-animali-selvatici-CRAS	0	200	
https://friedemann.it/	0	200	
https://fondoambiente.it/luoghi/casa-degli-affreschi-di-ossana?ldc	0	200	
https://gampen-bunker.merano-suedtirol.it	0	301	/de/deutschnonsberg/natur-kultur/kultur-sehenswertes/gampen-bunker.html
https://dallasoragiovanna.it/	28		
https://fourwheelsrenting.it/	0	200	
https://gatizole.com/	0	301	https://www.gatizole.it/
https://gasthof-roessl.com/	0	301	https://gasthof-roessl.com/index.php/de/
https://gasthauswolf.it/	0	200	
https://gelateriacherrytrento.com/	0	200	
https://gasthof-breiteben.it	0	200	
https://h-royal.com	0	301	https://www.h-royal.com/de/hotel-obereggen.html
https://hantha.com/	0	301	https://www.hantha.com/
https://grunwaldsalorno.it	0	200	
https://hoferpoints.it/en/lavis/	0	200	
https://hotel-stern.it/	0	200	
https://hypeclub.it/	0	200	
https://ifpsandropertinitrento.it	0	200	
https://hotelsportingtrento.it/	0	200	
https://innerunterstellhof.com/	0	200	
https://it-it.facebook.com/pg/amaliapernter1896/posts/	0	301	https://it-it.facebook.com/amaliapernter1896/
https://it.hotels.com/ho571467/hi-hotel-trento-italia/	0	429	
https://italiavacation.top/	0	301	https://turistasviajeros.com
https://heliks.it/	0	200	
https://itasforumeventi.it	0	302	https://itasforumeventi.it/it
https://justincaseitalia.it/	0	103	
https://ilnidodelfalco.it/	0	200	
https://kik.it	0	301	https://www.kik.it/
https://kamelger.it/	0	200	
https://kayi.it/trento/	0	200	
https://la-vis.com/	0	200	
https://lapiadineria.com/	0	403	
https://lagundo.lavapiu.it/	0	200	
https://lerchners.it	0	200	
https://m.facebook.com/pages/Fiocchi-di-Gelato/265347616889576	0	302	https://m.facebook.com/login.php?next=https%3A%2F%2Fm.facebook.com%2Fpages%2FFiocchi-di-Gelato%2F265347616889576&refsrc=deprecated&_rdr
https://m.facebook.com/pages/category/Pet-Groomer/Nube-di-Pelo-106728425305256/	0	302	https://m.facebook.com/login/?next=https%3A%2F%2Fm.facebook.com%2Fpages%2Fcategory%2FPet-Groomer%2FNube-di-Pelo-106728425305256%2F&refsrc=deprecated&_rdr
https://lacasadelfilo.it/	0	200	
https://masibrenta.it/	0	200	
https://maccani.it/	0	200	
https://lidodilevico.it/	0	200	
https://masodelgusto.it	0	200	
https://maxfactory.eu/	0	200	
https://meinhandwerker.lvh.it/de/geschaeft/kuhbacher-wolfgang-niederdorf-p63794	0	200	
https://melinda.it/le-celle-ipogee-di-melinda/	0	200	
https://melinda.it/cooperative/cooperativa-ortofrutticola-centro-anaunia-c-o-ce-a/	0	200	
https://ichibanramen.it/trento-2/	28		
https://melinda.it/vieni-a-conoscere-melinda-al-nostro-centro-visitatori/	0	200	
https://mobility.pnab.it/it/location/valditovel.html	60		
https://museodellaguerra.it/	0	301	https://museomitag.it/
https://museostorico.it/location/le-gallerie/	0	200	
https://museostorico.it/location/officina-dellautonomia/	0	200	
https://naturbaeckerei-messner.it/	0	403	
https://negozi.naturasi.it/italia/trento/mezzolombardo	6		
https://negozi.arcaplanet.it/trentino-alto-adige/tn/trento-via-maccani-ang.-via-del-commercio	0	301	/trentino-alto-adige/tn/trento-via-maccani-ang.-via-del-commercio-hu
https://negozi.naturasi.it/italia/trento/trento-via-brennero	6		
https://negozi.naturasi.it/italia/trento/pergine	6		
https://negozi.naturasi.it/italia/trento/trento-via-giovanni-a-prato	6		
https://oberkoeben-latsch.jimdo.com/	0	403	
https://operaarmidabarelli.org/	0	200	
https://nadaliniflor.it/	0	200	
https://osteriadagio.it/	6		
https://mittersteinerhof.com/	0	200	
https://officinevispa.com/	0	200	
https://osz-fagen.openportal.siag.it/	0	200	
https://pasticceria-della-nonna.business.site/	0	404	
https://parrocchielizzanamarco.diocesitn.it	0	200	
https://pasticceriabronzetti.it/	0	403	
https://pensionrestaurant-peterhof.business.site/	0	404	
https://pizza-suedtirol-doner.eatbu.com/	0	302	https://pizza-suedtirol-doner.eatbu.com/?lang=en
https://patt.tn.it/	0	200	
https://pizzeria-chef.it/	35		
https://pescasportlanza.it/	0	200	
https://pokesunrice.com/	0	200	
https://pizzikotto.it/	0	301	https://www.pizzikotto.it/
https://pradabiscotti.it/	0	200	
https://pasticcerialoran.it/	0	200	
https://praxisdrphilsiegmundprad.com/	0	200	
https://puntonottemedica.it/	0	301	https://www.puntonottemedica.it/
https://preiss-brot.com	0	301	https://preiss-brot.com/de/unternehmen.html
https://rechtebner.it	6		
https://ravellisport.business.site/	0	404	
https://questure.poliziadistato.it/servizio/uffici/5730dc9d71058452327621	0	200	
https://questure.poliziadistato.it/it/Trento	0	200	
https://residenzesonnenschein.org/	0	405	
https://residence2000.it/it/	0	200	
https://rifugiocolalt.it	0	200	
https://rifugiocolalt.it/	0	200	
https://rifugiocolalt.it/ristorante-colalt/	0	200	
https://ristoranteaipiani.it	0	200	
https://risto3.it/	0	301	/it/
https://roctraam.com/	0	302	https://roc-skirental-kronplatz.com
https://rocciatoripiaz.it/strutture/	0	200	
https://rola.railcargo.com/	0	301	https://www.railcargo.com/de/leistungen/rollende-landstrasse
https://sab.arriva.it/	0	301	https://bergamo.arriva.it:443/
https://rifugiofonteghi.it/	0	200	
https://sbtechnologiestrento.it/	0	200	
https://sa-ma.it/	0	200	
https://scioglilinguabolzano.wordpress.com/	0	200	
https://sacrafamigliatrento.it/	0	200	
https://segata.com/	0	200	
https://segnalegnami.it	0	301	https://segnalegnami.it/it/
https://scuolasteiner-trento.it	0	200	
https://santerhof.bz.it/	0	200	
https://sites.google.com/site/goccedilucesrl/	0	302	https://accounts.google.com/ServiceLogin?passive=1209600&osid=1&continue=https://sites.google.com/site/goccedilucesrl/&followup=https://sites.google.com/site/goccedilucesrl/
https://sites.google.com/site/aziendaagricoladanilafrizzi/home	0	404	
https://sighel.it/	0	200	
https://stores.deichmann.com/it-it/trentino-alto-adige/trento/via-giannantonio-manci-73.html	0	301	/it-it/it/trento/via-giannantonio-manci-73
https://skorpion.express/it/	0	200	
https://temporumluxurywatches.it/	6		
https://sushiotto.it/	0	200	
https://sushiko.it/	0	200	
https://tfo-bruneck.openportal.siag.it/	0	200	
https://souloftrento.it/	0	200	
https://timeoutfooddrinks.eatbu.com/	0	404	
https://treebrasserie.it/	0	200	
https://trento.impacthub.net	0	403	
https://termoexpress.com/it/	0	404	
https://trento.aci.it/	0	200	
https://trento.ubiklibri.it	0	301	https://www.ubiklibri.it/librerie/ubik-trento
https://trento.lavapiu.it/	0	200	
https://trentogiovani.it/Luoghi/Harpo-Lab	0	200	
https://trento.coni.it/	0	200	
https://trento3.tecnocasa.it/trento/trento-cristo-remartignanosolteri/	0	301	https://trento3.tecnocasa.it/trento/cristo-re/
https://turispizzeria.it/	0	302	http://turispizzeria.it/?lang=en
https://trentopadel.it/	0	200	
https://unterstein.it/	0	200	
https://valmar.tn.it	0	301	https://www.valmarmd.it/
https://verticalsport.it/	0	301	https://verticalworld.it
https://viaggibolgia.it/	0	200	
https://verdecrudo.it/it/home/	0	200	
https://waltherpark.com/	0	301	https://www.waltherpark.com/
https://trento2.tecnocasa.it/trento/trento-centro-tribunale-san-pio-x/	0	301	https://trento2.tecnocasa.it/trento/tribunale/
https://webapps.unitn.it/du/it/StrutturaGestionale/STO0000006/Persone	0	200	
https://waldtaste.it	0	200	
https://voleebistrot.it/	0	200	
https://www.abeterosso.com/	0	403	
https://www.aeratscarl.com/vacanze-insieme/candriai/	0	503	
https://www.agenziatorreverde.it/	35		
https://www.acquadreamtrento.it	0	200	
https://www.aemmotorssnc.com/	0	200	
https://www.agriturismofaidellapaganella.it/	6		
https://www.agenzie.generali.it/trentosolteri10	0	500	
https://www.2teheimat.eu/anfragen/#kontaktformular	0	200	
https://www.agoraservice.it/	0	200	
https://www.agriturmontibeller.it/	0	200	
https://www.agriturismostauderhof.it/du/index.php	0	200	
https://www.agriturlapieve.it/	0	200	
https://www.airbnb.it/rooms/43625954	0	200	
https://www.airbnb.co.uk/rooms/49687459	0	200	
https://www.alberghierolevico.it	0	410	
https://www.agriturpontealto.it/	0	200	
https://www.albergoaispiazzi.it/	0	301	https://www.albergoaispiazzi.it/en/
https://www.alberedith.it/	0	301	https://www.alberedith.it/de/index.php
https://www.albergosanrocco.com/	0	403	
https://www.alcavour34.it/	0	403	
https://www.aldi.it/it/trova-il-punto-vendita/aldi-trento/aldi-trento-corso-3-novembre.html	0	200	
https://www.alcasello.com/	0	200	
https://www.algund.info	0	301	https://www.algund.info/de/urlaub-algund-meraner-land/1-0.html
https://www.albergoauroracavedago.com/index.php/it/	0	200	
https://www.alpen-natur-camping.com/	0	200	
https://www.alledolomiti.com/	0	200	
https://www.alpecermis.it/area-sosta-camper.php	0	301	https://www.alpecermis.it/funivie-alpe-cermis/area-sosta-camper/
https://www.alpenhotelrabbi.it	0	200	
https://www.albergoalcacciatore.eu/	0	200	
https://www.alpenkristall.com/	0	302	https://www.alpenkristall.com/de/home
https://www.alpenpalace.com/	0	200	
https://www.alpinwellt.com/urlaub-im-ahrntal/busegge-alm/	0	403	
https://www.alpinwellt.com/urlaub-im-ahrntal/riesa-alm/	0	403	
https://www.altenburgerhof.com/	0	403	
https://www.alpinadolomites.it/	0	302	/it/
https://www.alpostogiustotrento.it/	0	200	
https://www.alpicchiorosso.com/	0	200	
https://www.altenheime-bruneck-olang.it/olang_heim	0	404	
https://www.andalo.life	0	200	
https://www.ambrunnen-apartments.com/	0	200	
https://www.alurodel.com/	0	200	
https://www.apartments-marer.com/	0	200	
https://www.ansitzsteinbock.com/de	0	200	
https://www.anytimefitness.it/gyms/it-0046/trento-tn-38122/	0	301	/palestra/it-0046/trento-tn-38122/
https://www.appartementflorian.com/	0	200	
https://www.apotheke-kiens.it	0	200	
https://www.appartements.bz/	0	301	/de/appartements.html
https://www.apperlehof.com	0	200	
https://www.appartment-neumairhof.com/	0	429	
https://www.appartementshofer.net/	0	200	
https://www.apsplevicocurae.it/	0	200	
https://www.apsplavis.it/	60		
https://www.apss.tn.it/Azienda/Luoghi/Centro-salute-mentale-Trento	0	200	
https://www.apss.tn.it/Azienda/Luoghi/Consultorio-Trento2	0	301	https://www.apss.tn.it/Azienda/Luoghi/Consultorio-Trento
https://www.apss.tn.it/Azienda/Luoghi/Struttura-semplice-riabilitazione-cardiologica-Villa-Rosa	0	200	
https://www.apss.tn.it/Azienda/Luoghi/Unita-operativa-veterinaria-Trento	0	200	
https://www.apss.tn.it/Servizi-e-Prestazioni/Servizio-per-le-dipendenze-assistenza-alle-persone-con-dipendenza	0	200	
https://www.areaderma.it/	0	200	
https://www.arcieripine.it/	0	200	
https://www.arredogiuncotn.com/	0	200	
https://www.arianna.coop/centro-aperto-la-casetta/	0	200	
https://www.artnatur-dolomites.com/	0	200	
https://www.aryaalpinelodge.com	0	200	
https://www.asis.trento.it	0	200	
https://www.asis.trento.it/it/impianti/campo-scuola-atletica-leggera-c-covi-e-e--postal_9425_s/	0	200	
https://www.asis.trento.it/it/impianti/centro-sportivo-g--manazzon_9369_s/	0	200	
https://www.asis.trento.it/it/impianti/centro-sportivo-melta_9426_s/	0	200	
https://www.asis.trento.it/it/impianti/centro-sportivo-ito-del-favero-madonna-bianca_9376_s/	0	200	
https://www.asis.trento.it/it/impianti/centro-sportivo-piedicastello-vela_9422_s/	0	200	
https://www.asis.trento.it/it/impianti/palaghiaccio_9377_s/	0	200	
https://www.appm.it/servizi-educativi/comunita-socio-sanitaria-campotrentino/	0	200	
https://www.asis.trento.it/it/impianti/palatrento_9419_s/	0	200	
https://www.appm.it/	0	200	
https://www.asucsopramonte.it/it/comparto-storico	0	200	
https://www.auto31.it/	6		
https://www.aurina-lodges.com	0	200	
https://www.audionovaitalia.it/	0	200	
https://www.athesiabuch.it/%C3%BCber-uns/filialen/Athesia-Buch-Bozen	0	200	
https://www.autofficinaabmsrl.it/	0	301	https://www.abmtrento.it/
https://www.avis.com/en/locations/it/canazei/z1n	0	302	/en/locations/eur/it/canazei/z1n
https://www.autobrennero.it/it/in-viaggio/pedaggio/punto-blu/	0	301	/it/
https://www.autoattrezzature.it/	0	200	
https://www.baeckerei-gasser.it	0	301	https://www.gasserbrothers.it/
https://www.baeckerei-woerndle.com	0	301	https://www.baeckerei-woerndle.com/de/
https://www.autoscuolamanini.it/	0	200	
https://www.bancapts.it	0	302	/privati/
https://www.bbmarigold.com/	0	200	
https://www.bandagardolo.it/	0	200	
https://www.bauer.it	0	200	
https://www.beimartin.it	0	200	
https://www.bellottibistro.it/	0	200	
https://www.barbufo.com/	0	200	
https://www.bergbaumuseum.it/en/ridnaun/location-ridnaun-911.html	0	200	
https://www.beblacasadelsoletrentino.com/	0	200	
https://www.bersntol.it/Da-vedere/De-Mil	0	200	
https://www.bermax.it/	0	200	
https://www.bestinparking.com/it/it/garage/parcheggio-piazza-di-fiera	0	200	
https://www.bibliopaganella.it	60		
https://www.bergila.com	0	200	
https://www.beyondgreen.it/	0	301	https://beyondgreen.it/
https://www.bibliotecasanbernardino.it/	0	200	
https://www.bikebreak.it	0	200	
https://www.biblioteca.unitn.it/bum-biblioteca-universitaria-mesiano	0	200	
https://www.binta.it/	0	200	
https://www.birbamergut.it/	0	200	
https://www.blocal.it	0	200	
https://www.biobauernhof-suedtirol.com/	0	200	
https://www.biocentro.life/	0	200	
https://www.blue-tomato.com/it-IT/shop/trento/	0	200	
https://www.bolbeno.info/it/centro-sci	0	200	
https://www.boscodellimpero.com/	60		
https://www.bonichhof.com/	0	200	
https://www.boznerbier.it/	0	200	
https://www.brixen.eu/acquarena/	0	200	
https://www.buonconsiglio.it/index.php/it/Castello-del-Buonconsiglio	0	301	https://www.buonconsiglio.it/castello-del-buonconsiglio/
https://www.burgerfucktory.com/	0	200	
https://www.burgerking.it/ristoranti/trento-trento/	0	301	/trova-un-ristorante
https://www.buratti.it	0	200	
https://www.buonconsiglio.it/index.php/Castel-Thun	0	301	https://www.buonconsiglio.it/Castel-Thun/
https://www.campeggioalice.com/	0	200	
https://www.campertours.it	0	403	
https://www.caat.tn.it/ita/	0	200	
https://www.camping-chalet-salten.com/	0	200	
https://www.campingallago.com	0	200	
https://www.campingsoleneve.it/	0	200	
https://www.campingbelvedere.it	0	200	
https://www.cannabisstoreamsterdam.com/	0	302	https://www.cannabisstoreamsterdam.com/en
https://www.buonconsiglio.it/index.php/Castello-del-Buonconsiglio	0	301	https://www.buonconsiglio.it/Castello-del-Buonconsiglio/
https://www.caprizza.it/	0	200	
https://www.campusfagen.com/	0	200	
https://www.carpisa.it/	0	302	https://www.carpisa.it/it-it
https://www.carcos.com/	0	200	
https://www.cappuccinitriveneto.it/2018/01/18/terzolas-provincia-e-arcidiocesi-di-trento/	0	200	
https://www.casabimbo.it/	0	200	
https://www.caserottisport.com	0	200	
https://www.casteltesinocamping.it/	0	200	
https://www.casteldrena.it/	0	200	
https://www.castelivano.it/	0	200	
https://www.catinacciodolomiti.it	0	301	https://catinacciodolomiti.it/
https://www.cec.com/negozi-apple/trento	0	200	
https://www.cattoiauto.com/sedi/trento/	0	200	
https://www.cavit.it/	0	200	
https://www.cembrafitnessclub.com	6		
https://www.centroastallitrento.it	0	200	
https://www.ceccatoautomobili.it/sedi/sede-di-trento-tn-opel-citroen-peugeot	0	301	https://www.ceccatoautomobili.it/sedi/sede-di-trento-tn-opel-citroen-peugeot/
https://www.ceccatoautomobili.it/sedi/sede-di-trento-honda-kia-mg	0	301	https://www.ceccatoautomobili.it/sedi/sede-di-trento-honda-kia-mg/
https://www.ceccatoautomobili.it/sedi/sede-di-trento-tn/	0	200	
https://www.centroedilegiordano.it/	0	200	
https://www.centromariapolitrento.it/	0	200	
https://www.centrosantachiara.it/	0	200	
https://www.cfpupt.it	0	200	
https://www.centromusicatrento.it/	0	200	
https://www.centrosantachiara.it/spazi/teatri/teatro-sanbapolis-trento	0	200	
https://www.chaletqueen.com/	60		
https://www.cia.tn.it/	0	200	
https://www.chalet44.it/	0	200	
https://www.city.bz.it/	6		
https://www.christl.bz/	0	200	
https://www.cinformi.it/	0	200	
https://www.citiesse.org/casa-lamar/	0	200	
https://www.clubdelsole.com/it/destinazioni/trentino-alto-adige-val-di-fiemme-e-valsugana/due-laghi-levico-family-collection	0	200	
https://www.clubdelsole.com/it/destinazioni/trentino-alto-adige-val-di-fiemme-e-valsugana/caldonazzo-family-collection	0	200	
https://www.codipratn.it/	0	200	
https://www.collegelacollina.it/	0	200	
https://www.cogsci.unitn.it/	0	200	
https://www.coldiretti.it/	0	403	
https://www.colraiser.it	0	302	it/
https://www.comune.andriano.bz.it	0	103	https://www.comune.andriano.bz.it/system/
https://www.comune.bronzolo.bz.it/	0	103	https://www.comune.bronzolo.bz.it/system/
https://www.comune.baselgadipine.tn.it/Amministrazione/Uffici/Biblioteca-L.A.C.-Libri-Arte-Cultura	0	301	https://www.comune.baselgadipine.tn.it/Amministrazione/Uffici/LAC-Biblioteca-di-Baselga-di-Pine
https://www.coloniaalpinagardolo.it/	0	200	
https://www.comune.campotures.bz.it/i	0	103	https://www.comune.campotures.bz.it/system/web/notvalid.aspx?code=404
https://www.comune.castelbello-ciardes.bz.it/	0	103	https://www.comune.castelbello-ciardes.bz.it/system/
https://www.comune.curon.bz.it/	0	103	https://www.comune.curon.bz.it/system/
https://www.comune.lana.bz.it/	0	302	https://www.comune.lana.bz.it/system/
https://www.colorificioveronese.it/	0	200	
https://www.comune.meltina.bz.it/	0	103	https://www.comune.meltina.bz.it/system/
https://www.comune.monguelfo-tesido.bz.it/	0	103	https://www.comune.monguelfo-tesido.bz.it/system/
https://www.comune.folgaria.tn.it	0	200	
https://www.comune.lavis.tn.it/Amministrazione/Uffici/Biblioteca	0	301	https://www.comune.lavis.tn.it/amministrazione/uffici/biblioteca
https://www.comune.ora.bz.it/	0	103	https://www.comune.ora.bz.it/system/
https://www.comune.perca.bz.it/	0	103	https://www.comune.perca.bz.it/system/
https://www.comune.postal.bz.it/	0	103	https://www.comune.postal.bz.it/system/
https://www.comune.stelvio.bz.it/	0	103	https://www.comune.stelvio.bz.it/system/
https://www.comune.sanmartinoinbadia.bz.it/	0	103	https://www.comune.sanmartinoinbadia.bz.it/system/
https://www.comune.terento.bz.it/	0	103	https://www.comune.terento.bz.it/system/
https://www.comune.terlano.bz.it/	0	103	https://www.comune.terlano.bz.it/system/
https://www.comune.rabbi.tn.it	0	200	
https://www.comune.trento.it/Aree-tematiche/Servizi-funerari-e-cimiteriali/Link-utili/Orari-funerali-e-ricerca-defunti	0	301	https://www.comune.trento.it/Vivere-il-comune/Approfondimenti/Cerca-funerali-o-defunti
https://www.comune.trento.it/Aree-tematiche/Servizi-funerari-e-cimiteriali/Schede-informative/Cremazione	0	410	
https://www.comune.trento.it/Aree-tematiche/Cultura-e-turismo/Visitare/Altri-siti-di-interesse-turistico/I-luoghi-di-Chiara-Lubich/Aiuola-della-Pace	0	410	
https://www.comune.trento.it/Aree-tematiche/Ambiente-e-territorio/Parchi-e-giardini/Mappa-parchi-e-giardini/Elenco-parchi-e-giardini/Parco-naturale-delle-Coste	0	410	
https://www.comune.vadena.bz.it	0	103	https://www.comune.vadena.bz.it/system/
https://www.comune.valdivizze.bz.it/	0	103	https://www.comune.valdivizze.bz.it/system/
https://www.comune.trento.it/Citta/Vivi-la-citta/Eventi-in-citta/Mercati/Mercato-dei-prodotti-alimentari	0	410	
https://www.comune.valleaurina.bz.it	0	302	https://www.comune.valleaurina.bz.it/system/
https://www.comune.velturno.bz.it/	0	103	https://www.comune.velturno.bz.it/system/
https://www.comunecivezzanofornace.tn.it/Territorio/Luoghi-e-punti-di-interesse/Oasi-alla-Madonna-delle-Grazie	0	200	
https://www.comuniecitta.it/carabinieri/comandi-di-castelrotto-21019	0	200	
https://www.conad.it/ricerca-negozi/conad-city-via-roma-3-38024-cogolo--010252	0	301	https://www.conad.it/ricerca-negozi/margherita-conad-via-roma-3-38024-cogolo--010252
https://www.conad.it/ricerca-negozi/conad-via-di-pizzano-93-38029-vermiglio--010251	0	301	https://www.conad.it/ricerca-negozi/conad-via-di-pizzano-19-38029-vermiglio--010251
https://www.conad.it/ricerca-negozi/conad-via-riva-57-38024-celledizzo--010277	0	301	https://www.conad.it/ricerca-negozi/conad-city-via-riva-57-38024-peio--010277
https://www.conad.it/ricerca-negozi/conad-city-via-nazionale-156-38020-rabbi--010276	0	200	
https://www.conad.it/ricerca-negozi/margherita-conad-frazione-villamontagna-235-38100-trento--006770	0	404	
https://www.conad.it/ricerca-negozi/conad-via-maccani-133-38121-trento--010688	0	200	
https://www.conad.it/ricerca-negozi/margherita-conad-via-gramsci-70-38100-trento--008379	0	200	
https://www.conad.it/ricerca-negozi/margherita-conad-via-nazionale-110-38020-rabbi--010273	0	200	
https://www.conad.it/ricerca-negozi/margherita-conad-via-nazionale-9-38041-lona-lases--008766	0	200	
https://www.conad.it/ricerca-negozi/margherita-conad-via-principale-200-38020-rabbi--010272	0	200	
https://www.conad.it/ricerca-negozi/margherita-conad-via-xxiv-maggio-21-38024-peio--010274	0	200	
https://www.conad.it/ricerca-negozi/tuday-conad-piazza-smaria-maggiore-1-38122-trento--010584	0	200	
https://www.conter.store/	0	405	
https://www.coopcavalese.it/services/montalbiano/	0	200	
https://www.coopcavalese.it/services/casatta/	0	200	
https://www.coroalpinotrentino.it	0	403	
https://www.coop-alpi.it/	0	200	
https://www.cooperativasad.it/villa-o-santissima	0	301	https://www.cooperativasad.it/villa-o-santissima/il-contesto-dellaccoglienza/presentazione/
https://www.cooperazionetrentina.it	0	301	/it
https://www.coronadolomiteshotel.com/	0	200	
https://www.cr-rotalianagiovo.net/	60		
https://www.covallero.it/	0	200	
https://www.cosebuonedapaolo.it	0	200	
https://www.cr-valdisole.it/filiali/filiale-di-rabbi/	0	200	
https://www.crioli-dolomiti-lodge.com/	0	303	https://www.crioli-dolomiti-lodge.com/index.php?id=40&L=0
https://www.crvaldifiemme.it/filiali/filiale-di-valfloriana/	0	200	
https://www.crvaldinon.it/	0	302	/privati/
https://www.corones-kronplatz.com/	0	200	
https://www.ctolmi24.it/	0	200	
https://www.cultura.trentino.it/Luoghi/Tutti-i-luoghi-della-cultura/Aree-archeologiche/Tridentum.-Area-archeologica-di-Palazzo-Lodron	0	200	
https://www.cultura.trentino.it/Luoghi/Tutti-i-luoghi-della-cultura/Aree-archeologiche/Villa-romana-di-Orfeo	0	200	
https://www.cuoiovivo.it	0	200	
https://www.cultura.trentino.it/Luoghi/Tutti-i-luoghi-della-cultura/Case/Albergo-alla-corona-Museo-del-turismo-trentino	0	200	
https://www.dameate.com/	6		
https://www.dalbirbante.it/	0	200	
https://www.cusanus-gymnasium.it/	0	200	
https://www.decathlon.it/store-view/negozio-sport-trento-0070313203132	0	403	
https://www.dasgerstlfamily.com/	0	200	
https://www.deda.group	0	301	https://www.deda.com/
https://www.curiepergine.it	0	200	
https://www.depop.com/sabrinazotta/	0	403	
https://www.demanincor.com	0	301	/it/
https://www.deltacucine.it/	0	301	https://deltacucine.it/
https://www.degasperirent.it/	0	200	
https://www.dimoradifratesole.it/	0	200	
https://www.despar.it/de/geschaeft-despar/251/ratschings/	0	200	
https://www.diocesitn.it/area-cultura/	0	200	
https://www.diocesitn.it/seminario/	0	200	
https://www.direziunalplan.it/luoghi?id=52	0	200	
https://www.dinosauroabbigliamento.com/mezzolombardo/	0	301	https://dinosauroabbigliamento.com/mezzolombardo/
https://www.divus.eu/	0	301	https://www.divus.eu/de/
https://www.direziunalplan.it/luoghi?id=54	0	200	
https://www.dolomitrecycling.it/	0	200	
https://www.dolomitipark.it/	0	200	
https://www.domenicani.it/monasteri/casa-di-cristo-re-a-bolzano/	0	200	
https://www.dominikus.it/	0	301	https://www.dominikus.it/de
https://www.dorelan.com/it-it/pages/dorelan-trento	0	200	
https://www.dorfcafe.it/	0	301	https://dorfcafe.it/
https://www.dorigoni.com	0	200	
https://www.doppiomalto.com	0	302	https://www.doppiomalto.com/it/
https://www.dorigoni.com/	0	200	
https://www.dupliclick.it/	0	200	
https://www.ecoargentario.it/orrido-di-ponte-alto/	0	301	https://ecoargentario.it/orrido-di-ponte-alto/
https://www.dolomitigolf.it/	0	200	
https://www.edilia.srl/	6		
https://www.eishof.com/	0	200	
https://www.edelweiss-pfelders.it/	0	301	https://edelweiss-pfelders.it/
https://www.edison.it/it/la-centrale-idroelettrica-pozzolago-tn	0	403	
https://www.ecoopera.coop/	0	200	
https://www.facebook.com/Kofeljoch/	0	200	
https://www.erlhof.com/	0	200	
https://www.elenawalch.com/	0	302	/error?sc=404&lng=it-IT
https://www.facebook.com/LakeLineTerlago	0	200	
https://www.facebook.com/Ristorante-Pizzeria-Roma-Aldeno-1639499396338910	0	302	https://www.facebook.com/login/?next=https%3A%2F%2Fwww.facebook.com%2FRistorante-Pizzeria-Roma-Aldeno-1639499396338910
https://www.facebook.com/Un-Diavolo-x-Capello-1492983144357590/	0	302	https://www.facebook.com/login/?next=https%3A%2F%2Fwww.facebook.com%2FUn-Diavolo-x-Capello-1492983144357590%2F
https://www.falegnameriatremb.it/	6		
https://www.facebook.com/pages/ALTO-GUSTO-SAS/258423727690423	0	302	https://www.facebook.com/100063699695199/
https://www.eurospin.it/	0	200	
https://www.faggio.it/residenze/residenza-villa-foyer/	0	404	
https://www.fbk.eu	0	301	https://www.fbk.eu/en/
https://www.fassa.com	0	302	https://www.fassa.com/it
https://www.farcomtrento.com/farmacie/farmacia-povo/	0	200	
https://www.feldsager.com	0	200	
https://www.ferraritrento.com/	0	301	https://www.ferraritrento.com/it/
https://www.ferraritrento.com/it/villa-margon/	0	200	
https://www.fiordalisatrentino.com/	6		
https://www.fiemme.ski/	0	200	
https://www.feldhof-tramin.com/gutshofrellich	0	301	https://feldhof-tramin.com/gutshofrellich/
https://www.filarmonica-trento.it/	0	200	
https://www.flowerburger.it/negozi/flower-burger-trento/	0	301	https://www.flowerburger.it/es/stores/flower-burger-trento/
https://www.flybikehotel.it/	0	200	
https://www.fonteklaus.it/	0	200	
https://www.forst-trento.it/	0	200	
https://www.foto-webcam.eu/webcam/dreizinnenblick/	0	200	
https://www.foto-webcam.eu/webcam/becherhaus/	0	200	
https://www.foto-webcam.eu/webcam/chavalatsch/	0	200	
https://www.foto-webcam.eu/webcam/eppan-berg/	0	200	
https://www.foto-webcam.eu/webcam/graun/	0	200	
https://www.foto-webcam.eu/webcam/eppan/	0	200	
https://www.foto-webcam.eu/webcam/gantkofel/	0	200	
https://www.foto-webcam.eu/webcam/gummer/	0	200	
https://www.foto-webcam.eu/webcam/huebenburg/	0	200	
https://www.foto-webcam.eu/webcam/hochmuth/	0	200	
https://www.foto-webcam.eu/webcam/kalterersee/	0	200	
https://www.foto-webcam.eu/webcam/kiens/	0	200	
https://www.foto-webcam.eu/webcam/langenferner/	0	200	
https://www.foto-webcam.eu/webcam/kronplatz/	0	200	
https://www.foto-webcam.eu/webcam/luesen/	0	200	
https://www.foto-webcam.eu/webcam/mals/	0	200	
https://www.foto-webcam.eu/webcam/meransen/	0	200	
https://www.foto-webcam.eu/webcam/meran/	0	200	
https://www.foto-webcam.eu/webcam/naturns/	0	200	
https://www.foto-webcam.eu/webcam/neu-toblach/	0	200	
https://www.foto-webcam.eu/webcam/niederdorf/	0	200	
https://www.foto-webcam.eu/webcam/rabland/	0	200	
https://www.foto-webcam.eu/webcam/olang/	0	200	
https://www.foto-webcam.eu/webcam/rein/	0	200	
https://www.foto-webcam.eu/webcam/ritten/	0	200	
https://www.foto-webcam.eu/webcam/rieserferner/	0	200	
https://www.foto-webcam.eu/webcam/st-christina/	0	200	
https://www.foto-webcam.eu/webcam/st-kassian/	0	200	
https://www.foto-webcam.eu/webcam/taisten/	0	200	
https://www.foto-webcam.eu/webcam/tisenjoch/	0	200	
https://www.foto-webcam.eu/webcam/toblach/	0	200	
https://www.foto-webcam.eu/webcam/trafoi/	0	200	
https://www.foto-webcam.eu/webcam/weissbrunnferner/	0	200	
https://www.fotoemmebi.photosi.com	60		
https://www.fpatrento.it/	0	200	
https://www.fraticappuccinitrento.it/	6		
https://www.fratiminori.it/luogo/convento-s-bernardino/	0	200	
https://www.fratiminori.it/luogo/convento-beata-vergine-immacolata/	0	200	
https://www.frigoespress.it/	0	200	
https://www.frigothermferrari.com/	0	200	
https://www.funactive.info	0	200	
https://www.garni-helvetia.it/	0	200	
https://www.gardolo.eu	0	200	
https://www.garni-wildbach.com/	0	302	it/
https://www.freewheelsbike.it/	0	200	
https://www.gasthof-huber.com/	0	200	
https://www.gasthof-walde.com/	0	200	
https://www.gelateriapeterle.it/	0	200	
https://www.gelateriarobin.it/	0	200	
https://www.gatrentino.it/	0	200	
https://www.gelateriaserafini.it/	0	200	
https://www.gelateriaromana.com/	0	200	
https://www.gemeinde.glurns.bz.it/	0	103	https://www.gemeinde.glurns.bz.it/system/
https://www.gdf.gov.it/it/reparti-del-corpo/trentino-alto-adige/trento/comando-provinciale-trento	0	200	
https://www.gemeinde.gsies.bz.it/	0	103	https://www.gemeinde.gsies.bz.it/system/
https://www.gemeinde.mals.bz.it/	0	103	https://www.gemeinde.mals.bz.it/system/
https://www.gemeinde.martell.bz.it/	0	103	https://www.gemeinde.martell.bz.it/system/
https://www.gemeinde.moosinpasseier.bz.it/	0	103	https://www.gemeinde.moosinpasseier.bz.it/system/
https://www.gemeinde.sarntal.bz.it/	0	103	https://www.gemeinde.sarntal.bz.it/system/
https://www.gemeinde.schluderns.bz.it/	0	103	https://www.gemeinde.schluderns.bz.it/system/
https://www.gemeinde.schnals.bz.it	0	103	https://www.gemeinde.schnals.bz.it/system/
https://www.gemeinde.rasenantholz.bz.it/system/web/gemeindebetrieb.aspx?menuonr=219105211&detailonr=210032011	0	103	http://www.gemeinde.rasenantholz.bz.it/system/web/gemeindebetrieb.aspx?detailonr=210032011&menuonr=219105211
https://www.gemeinde.stchristina.bz.it/	0	103	https://www.gemeinde.stchristina.bz.it/system/
https://www.gemeindebrenner.eu/	0	103	https://www.gemeindebrenner.eu/system/
https://www.gemeinde.taufers.bz.it/	0	103	https://www.gemeinde.taufers.bz.it/system/
https://www.goasroscht.com/	0	403	
https://www.giaccasrl.it	0	200	
https://www.giardin.it/	0	302	it/
https://www.goldenerstern.info/	0	403	
https://www.gisse12.com	0	200	
https://www.grandhotelriva.it	0	301	https://www.grandhotelriva.it/en/
https://www.greiterhof-partschins.it/	0	301	https://greiterhof-partschins.it/
https://www.gretlamsee.com	0	302	https://www.gretlamsee.com/de/
https://www.grigoli.store/	0	200	
https://www.greengrill.it/	0	200	
https://www.grillage.it/	0	200	
https://www.gruberdruck.com	35		
https://www.gruenerbaum.it/	0	301	https://www.gruenerbaum.it/de/hotel-in-brixen-suedtirol.html
https://www.gruenerbaum.it	0	301	https://www.gruenerbaum.it/de/hotel-in-brixen-suedtirol.html
https://www.gruppodolomitienergia.it/	0	200	
https://www.gruenbergerputen.net/	0	200	
https://www.gruppomezzacorona.it/it/ospitalita/il-palarotari	0	301	/it/il-gruppo/sede-cittadella/
https://www.gruppopoli.it/	0	200	
https://www.gschnagenhardtalm.it	0	200	
https://www.gunneboentrancecontrol.com	0	301	https://www.gunneboentrancecontrol.com/en_us/
https://www.gustavmahlerkomponierhaeuschen.com/	0	403	
https://www.gruppogiovannini.it/	0	200	
https://www.gruppogiovannini.it/polo-logistico-lavis/	0	200	
https://www.handweber.com/	0	302	de/
https://www.haeuslerhof.bz.it/	0	302	https://www.haeuslerhof.bz.it/de/
https://www.harrerhof.it/de	0	403	
https://www.harleydavidsontrento.it/	0	200	
https://www.gsp-vahrn.it/de/schulstellen/	0	200	
https://www.haubenthal.it/	0	200	
https://www.haus-ebner.it/	0	403	
https://www.hausbergheim.com/	0	200	
https://www.haus-adlerhorst.com/	0	200	
https://www.haus-adlerhorst.com/stellplatz	0	200	
https://www.hausercarni.it/	0	200	
https://www.helios.bz/	0	200	
https://www.hellwegers.it/	0	200	
https://www.hirben.it/	0	301	https://www.hirben.com/
https://www.hofer-hof.com/	60		
https://www.hipoke.it/	0	200	
https://www.hofkeller.it	0	302	http://www.hofkeller.it/de/
https://www.hoodyhotel.com/	0	200	
https://www.hotel-amadeus.it/	0	200	
https://www.hotel-amfels.it/	0	200	
https://www.hotel-anabel.com/	0	200	
https://www.hotel-emma.it/	0	200	
https://www.hotel-gamz.com/	0	200	
https://www.hotel-bachmann.it/	0	200	
https://www.hotel-gudrun.com/	0	200	
https://www.hotel-post-antholz.it/	0	200	
https://www.hotel-post-gries.com/	0	302	it/
https://www.hotel-pacher.com/	0	301	https://www.pachers.it/
https://www.hotel-seehaus.eu/	0	403	
https://www.hotel-steinerhof-pustertal.com/	0	403	
https://www.hotel-rosmarie.it/	0	200	
https://www.hoteladler.com/	0	200	
https://www.hotelamhang.it/	0	200	
https://www.hotelganzaie.com	0	301	https://hotelganzaie.com/
https://www.hotellagrotta.it	0	301	https://www.hotellagrotta.it/it/
https://www.hotel-schneider.it/	0	200	
https://www.hotellilie.it/	0	200	
https://www.hotellagosmeraldo.it/	0	200	
https://www.hotelmignon.com	0	301	https://www.hotelmignon.com/de/home
https://www.hotelpiccolabaita.com/	0	200	
https://www.hotelrose.bz.it/	0	200	
https://www.icaltavaldisole.it	0	301	https://icaltavaldisole.it/
https://www.icaltavaldisole.it/	0	301	https://icaltavaldisole.it/
https://www.hotelsomont.com/	0	302	it/
https://www.hotelrifugiosores.it/trentino-parco-avventura-albering	0	200	
https://www.hofereberhard.com/	0	200	
https://www.icerinkpine.it/	60		
https://www.icbassavaldisole.it	0	301	https://icbassavaldisole.it/
https://www.iclavis.it	0	200	
https://www.iclavis.it/	0	200	
https://www.ildopolavororistorante.it/	6		
https://www.ifpsandropertinitrento.it/	0	200	
https://www.iltquotidiano.it/	0	200	
https://www.inner-glieshof.it/	0	200	
https://www.iclevico.eu/	0	200	
https://www.innerhofer.it/it/showrooms/trento/34-49.html	0	307	https://www.innerhofer.it/it/esperienza-e-piano/showroom
https://www.innerfohrerhof.com	0	301	http://www.innerfohrerhof.com/urlaub-bauernhof-welschnofen-suedtirol-p1.html
https://www.innichen.eu/	0	103	https://www.innichen.eu/system/
https://www.innerhofer.it	0	200	
https://www.innerhuett.com/	0	200	
https://www.interel-trading.eu/	0	301	https://interel-trading.eu/
https://www.interline.it	0	200	
https://www.interservice.tn.it/	0	301	https://interservice.tn.it/
https://www.ipcbrunico.it/luoghi?id=396	0	200	
https://www.iprona.com/it/iprona-trento-spa	0	200	
https://www.irma.bz/	0	302	https://www.irma.bz/en
https://www.ipcbrunico.it/	0	200	
https://www.isarcus.it/	0	200	
https://www.inviaggioristorante.com/	0	301	https://inviaggioristorante.com/
https://www.italmarket-tn.it	0	301	/it/
https://www.izsvenezie.it/	0	200	
https://www.joteltn.com/	0	200	
https://www.jaegerrast.com/	0	200	
https://www.karunachocolate.it/	0	200	
https://www.kasanova.it/	0	301	/it/
https://www.k-1.bz/	0	301	https://k-1.bz/
https://www.kaleidoscopio.coop/centro-diurno-palazzo-crivelli	0	200	
https://www.kik.it/	0	301	https://azienda.kik.it/
https://www.kloster-neustift.it	0	307	https://www.kloster-neustift.it/de/
https://www.klammsteiner.it/	0	200	
https://www.kraenzelhof.it/	0	302	https://www.kraenzelhof.it/de
https://www.knuttenalm.it	0	301	https://www.knuttenalm.it/de/home
https://www.jagerhof.bz	0	301	https://jagerhof.bz/
https://www.kerer.cooking	0	500	
https://www.krippenmuseum.com/	0	302	https://www.krippenmuseum.com/de/maranatha
https://www.kroellhof.com/	0	307	https://www.kroellhof.com/de/
https://www.kronplatz.com/de/antholzertal/planen-buchen/kontakt	0	301	https://www.antholzertal.com/de/planen-buchen/kontakt
https://www.labetulla-hr.com/	6		
https://www.kura.bz.it/apotheke/apotheke-bozen/	0	301	https://www.kura.bz.it/apotheke/apotheke-st-antonius/
https://www.krone.bz	0	301	https://www.krone.bz/de/hotel-in-brixen.html
https://www.lacucinadifilippo.com/	6		
https://www.kriegerfriedhof-nasswand.it/	0	200	
https://www.lacacciatora.net/	0	200	
https://www.lafarmaciadironcafort.it/	0	200	
https://www.lafilandagourmet.it/	0	301	https://lafilandagourmet.it/
https://www.lanarepro.com/	0	200	
https://www.lajen.info	0	301	https://www.lajen.info/de/
https://www.lapaula.info/de/ferienwohnungen-seis-am-schlern.html	0	200	
https://www.lapassion.it/	0	200	
https://www.laspesainfamiglia.coop/Chi-Siamo/Il-Consorzio-Sait	0	301	https://www.cooptrentinoaltoadige.it/Chi-Siamo/Il-Consorzio-Sait
https://www.laspesainfamiglia.coop/Famiglie-Cooperative/Famiglia-Cooperativa-Valle-dell-Adige/FC-Valle-dell-Adige-Meano	0	301	https://www.cooptrentinoaltoadige.it/Famiglie-Cooperative/Famiglia-Cooperativa-Valle-dell-Adige/FC-Valle-dell-Adige-Meano
https://www.laquintadelsordo.com/	0	301	https://laquintadelsordo.com/
https://www.laspleuza.it	0	302	https://www.laspleuza.it/it/
https://www.laminieradeisaporimocheni.it	0	200	
https://www.lavaloner.com/	0	200	
https://www.lavaze.com/it/inverno/prezzi-e-offerte	0	301	https://lavaze.com/it/prezzi-e-offerte
https://www.lattetrento.it	0	301	http://www.lattetrento.it/it
https://www.lavendelhof.it	0	301	https://www.lavendelhof.it/de
https://www.legaruda.com/	0	103	
https://www.latorre-forst.it/	0	200	
https://www.leonardelli.net/	0	200	
https://www.lecta.com/it/fabbrica-cartiere-del-garda	0	200	
https://www.lavesan.com	0	200	
https://www.lhfs-bruneck.berufsschule.it/	0	200	
https://www.libenflex.com/	0	200	
https://www.loacker.it/it/loacker-cafe-trento	0	301	https://www.loacker.it/loacker-cafe-trento
https://www.liebreiz.it/	0	200	
https://www.mahle.com/en/about-mahle/locations/3524.jsp	0	200	
https://www.lostellodigrumes.it/	0	200	
https://www.lessiniapark.it/	0	301	https://lessiniapark.it/
https://www.mairgert.com/	0	200	
https://www.maisondefilip.it/	0	200	
https://www.malgafrattasecca.it	0	302	https://www.malgafrattasecca.it/it/
https://www.markushof.it/	0	301	https://www.markushof.it/it/
https://www.mareithof.com	0	301	https://www.mareithof.com/de
https://www.mart.tn.it/visita-galleria-civica	0	200	
https://www.locandaleduetravi.it/	0	200	
https://www.masofinisterre.it/	0	200	
https://www.maurlechnhof.com	0	200	
https://www.meran2000.com	0	302	/de/
https://www.masozepp.it/	0	200	
https://www.masostella.it	0	200	
https://www.mezzacorona.it	0	301	/it/
https://www.metzgermayr.com	0	301	https://www.metzgermayr.com/de/home.html
https://www.miramontefilm.com/	0	200	
https://www.mik.bz.it/it/home.html	0	200	
https://www.miramonti-brentonico.com/	0	200	
https://www.mayr-daniel.it/	0	200	
https://www.morethanbags.it/	0	403	
https://www.moarhof-schnals.com/	0	200	
https://www.montanaris.com/	0	200	
https://www.motosalonetomasi.it/	0	301	https://www.tomasimoto.it/
https://www.mountevi.com/	0	307	https://www.mountevi.com/de/
https://www.mormone.it/	0	301	https://www.comeuntochrist.org/ita
https://www.movimentorangers.com/	0	301	https://movimentorangers.com/
https://www.mrssporty.it/club/trento-buonarroti/	0	301	https://mrssporty.it/club-trento-buonarroti/
https://www.millieatedrink.it/	0	200	
https://www.museonazionalealpini.it/	0	200	
https://www.mpreis.at/maerkte/id-5532/mpreis-kastelruth-fraktion-seis	0	200	
https://www.musiccenter.it/	0	200	
https://www.museopejo.it/	0	200	
https://www.natour.it	0	200	
https://www.navigazionelaghi.it	0	200	
https://www.mutschlechner.biz/	0	301	https://mutschlechner.biz/
https://www.neuhof.it/	0	200	
https://www.naves.it/naves-prettau-predoi	0	200	
https://www.newpinsa.it/	0	404	
https://www.niederdorf.eu/	0	103	https://www.niederdorf.eu/system/
https://www.nikys.it/	0	403	
https://www.nkd.it/filialen/trento/38121/nkd-via-brennero-320	0	301	https://www.nkd.it/de_it/filialen/4176/trento/38121/nkd-via-brennero-320
https://www.nunalie.it/	0	301	https://nunalie.it/
https://www.noleggiare.it	0	301	https://www.noleggiare.it/it/
https://www.nopphof.eu/	0	200	
https://www.nutriretrento.it/Gli-attori/Orti/Orto-urbano-Montevaccino	0	200	
https://www.oberhochmuthof.it/	0	200	
https://www.newcar2.it/	0	200	
https://www.officinebrennero.it/	0	200	
https://www.nuovoastra.incooperazione.it	0	200	
https://www.oipa.org/italia/trento-parco-oipa/	0	200	
https://www.olgacasanova.it/	0	200	
https://www.operauni.tn.it/palestradiroccia/	0	200	
https://www.operauni.tn.it/palazzetto-dello-sport	0	200	
https://www.ospitar.it/	0	200	
https://www.ortal.it/	0	200	
https://www.packotango-shuttle.it/	0	403	
https://www.padriventurini.it/	0	200	
https://www.palalevico.com/	0	200	
https://www.padeltrento.com/	0	200	
https://www.palazzoaprato.it/	0	500	
https://www.pacherhof.com	0	200	
https://www.parcostelviotrentino.it	35		
https://www.palazzobenvenuti.it/	0	302	/it-IT
https://www.parks.it/riserva.scanuppia	0	301	https://www.parks.it/riserva.scanuppia/
https://www.pappa-reale.it/pappare-trento/	0	200	
https://www.pejo.it/	0	200	
https://www.pension-gasser.com/	0	307	https://www.pension-gasser.com/de/
https://www.pensionpfitscher.com/	0	200	
https://www.perdormire.com	0	302	https://www.perdormire.eu/
https://www.pension-hofer.it	0	200	
https://www.pfeldererhof.it/	0	301	https://www.pfeldererhof.it/it/home
https://www.pianetaimmobiliare.tn.it/	0	200	
https://www.pfeiferpartners.it/	0	301	https://pfeiferpartners.it/de
https://www.obi-italia.it/negozio/trento	0	404	
https://www.pichler-hof.com/	0	200	
https://www.pims-burger.com	0	302	/de
https://www.pinalli.it/pages/store-locator-details/0042-trento	0	404	
https://www.pinetahotels.it/	0	301	/it/
https://www.pienzenau.com/guesthouse	0	200	
https://www.pienzenau.com/restaurant	0	200	
https://www.pizza-viva-bruneck.it/de/home	0	200	
https://www.pizzerialapianarotaliana.it/	0	302	http://www.pizzerialapianarotaliana.it/blocco.html
https://www.pisonisrl.com	0	200	
https://www.pizzeriamangiamondo.it/	0	200	
https://www.pizzol-hof.com/	0	200	
https://www.pizgalin.it/	0	200	
https://www.policura.it	60		
https://www.pontedilegnotonale.com/	0	301	https://www.pontedilegnotonale.com/it/
https://www.pnab.it/poi/ghiacciaio-delladamello-mandrone/	0	200	
https://www.poste.it/	0	200	
https://www.pnab.it/	0	200	
https://www.procombz.it	0	200	
https://www.post-hotel.com/	0	200	
https://www.prink.it	0	403	
https://www.profanter.it/	0	301	https://www.profanter.it/de/baeckerei-suedtirol.html
https://www.proficolor.it/it/punti-vendita/borgo-valsugana	0	200	
https://www.progestrento.it/it/centro-per-linfanzia	0	301	https://www.progestrento.it/it/centro-per-l-infanzia
https://www.provincia.tn.it/Amministrazione/Organi-politici/Giunta-provinciale	0	200	
https://www.provinz.bz.it/bildung-sprache/kindergarten/landesdirektion-sprengel/kindergaerten-deutscher-kindergartensprengel-meran.asp?news_action=4&news_article_id=597812	0	301	https://deutsche-bildung.provinz.bz.it/de/kindergarten/home?news_action=4&news_article_id=597812
https://www.provincia.tn.it/Argomenti/Mobilita-e-trasporti/Motorizzazione-civile	0	200	
https://www.pupp.it	0	200	
https://www.pschnickerhof.it/	0	200	
https://www.pustertaler-freiheit.com/	0	200	
https://www.prolococacomuna.it/le-famiglie-benestanti-e-nobiliari	0	200	
https://www.raiffeisen.it/de/niederdorf.html	0	200	
https://www.ras.bz.it	0	307	https://www.ras.bz.it/de/
https://www.raiway.it/	0	302	/it
https://www.ratschings-jaufen.it	0	301	/de/bergbahnen/live/winter.html
https://www.realemutua.it/	0	200	
https://www.reinholdmessner.com/	0	200	
https://www.ravinacar.it/	0	200	
https://www.rentandgo.it	0	200	
https://www.renzler.it/	0	200	
https://www.residence-wiesenhof.com/	0	200	
https://www.residence-prapoz.com/	0	302	it/
https://www.reteriservealpiledrensi.tn.it/	0	200	
https://www.riarco.eu/	0	200	
https://www.rienznerhof.it	0	301	https://www.rienznerhof.it/en/
https://www.residencecapitoltrento.it/	0	200	
https://www.rfi.it/it/rete/opere-sottoposte-a-dibattito-pubblico/circonvallazione-di-trento.html	0	404	
https://www.rifugiolagosanto.it/	60		
https://www.rifugiomuntdesennes.com/	0	200	
https://www.risto3.it/it	0	200	
https://www.risto3.it/it/ristoranti/ristoranti-e-menu/rochling-trento/	0	200	
https://www.rifugiomaranza.it/	0	200	
https://www.risto3.it/it/ristoranti/ristoranti-e-menu/via-dei-marinai-trento/	0	200	
https://www.ristorantedasilvio.net/	6		
https://www.ristoranterosadoro.com	0	200	
https://www.prolococacomuna.it/l-orto-in-villa	28		
https://www.risto3.it/it/ristoranti/ristoranti-e-menu/via-di-spini-trento/	0	200	
https://www.ristorantiindianitrento.com/	0	200	
https://www.roechling.com/	0	200	
https://www.ristorantevillaggio.it/	0	410	
https://www.riva1.it/	0	301	https://riva1.it/
https://www.roeck.bz/	0	200	
https://www.ronacherhof.com	0	200	
https://www.rudysonntag.com/	0	403	
https://www.rotalnord.com/	0	200	
https://www.ruralurban.eu/	0	301	https://www.ruralurban.eu/de/wilkommen-bei-uns-1.html
https://www.sabes.it/irts	0	301	https://home.sabes.it/de/IRTS.asp
https://www.rosabianca.tn.it/	0	200	
https://www.saedi-group.com/	0	200	
https://www.sabes.it/de/krankenhaus-innichen	0	200	
https://www.sagis.tn.it/centro-acquatico/	0	200	
https://www.sagis.tn.it/palafiemme/	0	200	
https://www.sagis.tn.it/stadio-del-ghiaccio/	0	200	
https://www.rugbytrento.it	0	301	https://www.rugbytrento.it/rugby/
https://www.satsporminore.it/le-nostre-malghe/malga-vecchia/	0	403	
https://www.sat.tn.it/rifugio-don-zio-pisoni-al-monte-casale/	0	200	
https://www.saporedimare.it/	0	200	
https://www.schuhwelt.it/	0	200	
https://www.scaiarol.it/	0	301	/it/
https://www.schlinig.it	0	200	
https://www.sds-meran.org/	0	200	
https://www.schwarzenstein.com/	0	200	
https://www.salonetiziano.it/	0	200	
https://www.seiseralm.it/de/erleben-geniessen/erleben/geschaefte-dienstleister-handwerker/rid-6ea3a9e63f2917f6973bfa4900edd062-p-parkplatz-voelser-weiher.html	0	200	
https://www.semprebonlux.it/	0	200	
https://www.shoppinglaperla.com/	0	200	
https://www.sichelburg.it/	0	200	
https://www.simedia.com/	0	200	
https://www.segata.com/	0	301	https://segata.com/
https://www.simply-c.it	0	200	
https://www.sirmian.com	0	200	
https://www.skietto.it/	60		
https://www.soley-suites.com/	0	200	
https://www.soggiornodolomiti.it/	0	301	https://soggiornodolomiti.it/
https://www.soledartea.it/	0	200	
https://www.sositrento.it/	0	200	
https://www.sorgente90.org/	0	200	
https://www.spaziospa.com/	0	403	
https://www.spaziotn.it	0	200	
https://www.spazio14.it/	0	200	
https://www.speckmarkt-brixen.it/	0	301	https://www.speckmarkt-brixen.it/de/
https://www.spielgemeinschaft.niederdorf.org/	0	200	
https://www.sporthotelpanorama.it/	0	301	https://www.sporthotelpanorama.it/it/spa-hotel-sull-altopiano-della-paganella/il-resort.html
https://www.sportlifee.com	0	301	https://www.sportlifee.com/it/
https://www.sport-jocher.com/	0	200	
https://www.serenestar.it/produttori/cooperativa-c-ba-v-consorzio-ortofrutticolo-bassa-valsugana-sca/	28		
https://www.ssp-ahrntal.it/lernorte/grundschule-prettau/	0	200	
https://www.ssp-ahrntal.it/lernorte/grundschule-luttach/	0	200	
https://www.ssp-ahrntal.it/lernorte/grundschule-st-johann/	0	200	
https://www.ssp-ahrntal.it/lernorte/grundschule-st-peter/	0	200	
https://www.ssp-ahrntal.it/lernorte/grundschule-steinhaus/	0	200	
https://www.ssp-ahrntal.it/lernorte/grundschule-weissenbach/	0	200	
https://www.ssp-ahrntal.it/lernorte/grundschule-st-jakob/	0	200	
https://www.ssp-ahrntal.it/lernorte/mittelschule-st-johann/	0	200	
https://www.ssp-toblach.info/lernorte/grundschule-niederdorf/	0	200	
https://www.ssp-toblach.info/	0	200	
https://www.ssp-toblach.info/lernorte/grundschule-prags/	0	200	
https://www.ssp-toblach.info/lernorte/grundschule-toblach/	0	200	
https://www.ssp-toblach.info/lernorte/grundschule-wahlen/	0	200	
https://www.ssp-toblach.info/lernorte/mittelschule-toblach/	0	200	
https://www.sspbruneck1.it/lernorte/mittelschule-roed/	0	200	
https://www.st-urban.net	0	200	
https://www.stampfl.it/	0	200	
https://www.stegerhaus.com/	0	200	
https://www.steinerhof.eu/	0	200	
https://www.steinerhof.eu/hofschank/	0	301	https://www.steinerhof.eu/genuss/
https://www.steinegger.it	0	200	
https://www.stifter.it	0	200	
https://www.stephanshof.com/	0	301	https://www.stephanshof.com/de/hotel-villanders.html
https://www.stifterhof.it/	0	200	
https://www.stragenegg.it	0	200	
https://www.studionotaiogelmi.it/	0	200	
https://www.stuzzicatilly.it/	6		
https://www.suedtirol.info/de/erleben/bizat-huette_activity_67457	0	301	https://www.suedtirol.info/de/de/erlebnisse-und-events/plp-erlebnisse/erlebnisse-suedtirol/pdp-erlebnisse.smgpoic58391bf97c111d1924d00805a150b0b.bizat-huette.st--johann
https://www.strass-hof.it	0	301	https://www.strass-hof.it/de/home.html
https://www.sturmhof.it	0	307	https://www.sturmhof.it/gasthof.html
https://www.suedtirol.info/de/erleben/jausenstation-naserhof_activity_70143	0	301	https://www.suedtirol.info/de/de/erlebnisse-und-events/plp-erlebnisse/erlebnisse-suedtirol/pdp-erlebnisse.smgpoib29bfa7838e59f4186fff8542516cf45.jausenstation-naserhof.kalmtal
https://www.studioliberi.it/	0	301	https://www.studioliberi.it/it/
https://www.suedtirol.info/de/erleben/gasthaus-longfall_activity_68345	0	301	https://www.suedtirol.info/de/de/erlebnisse-und-events/plp-erlebnisse/erlebnisse-suedtirol/pdp-erlebnisse.smgpoi9e5e4eaffb8511d585cd0050da72c9c9.gasthaus-longfall.tirol
https://www.suedtirol.info/de/erleben/tischleralm_activity_71900	0	301	https://www.suedtirol.info/de/de/erlebnisse-und-events/plp-erlebnisse/erlebnisse-suedtirol/pdp-erlebnisse.smgpoi1c6ace3f83475bb55255b4c4b5ce569c.tischleralm.st--jakob---ahrntal
https://www.sz-sandintaufers.it/grundschulen/gs-ahornach/	0	403	
https://www.sz-sandintaufers.it/	0	403	
https://www.sz-sandintaufers.it/grundschulen/gs-lappach/	0	403	
https://www.sz-sandintaufers.it/grundschulen/gs-m%C3%BChlwald/	0	403	
https://www.superbrown.it/it/superbrown/centro-f-a.html	0	301	/it/superbrown/bolzano-trento.html
https://www.sz-sandintaufers.it/grundschulen/gs-sand/	0	403	
https://www.sz-sandintaufers.it/oberschule/fachoberschule-f%C3%BCr-wirtschaft-tourismus/	0	403	
https://www.sz-sandintaufers.it/mittelschule/	0	403	
https://www.tabarel.com/	0	403	
https://www.sz-sandintaufers.it/oberschule/sozialwissenschaftliches-gymnasium/	0	403	
https://www.tally-weijl.com/	0	403	
https://www.tanaorsoyoghi.it/	6		
https://www.tassullo.it/miniera-san-romedio	0	301	/tera
https://www.talbauer.it/	0	302	https://www.talbauer.it/pages/de/gasthaus/gasthof-talbauer.php
https://www.suyoshi.it/	0	200	
https://www.targasprint.it/	0	200	
https://www.technoalpin.com/	0	307	https://www.technoalpin.com/en/
https://www.tecnofenster.it	0	200	
https://www.tempimoderniorologi.it/	0	301	https://tempimoderniorologi.it/
https://www.teamcartrento.it	0	200	
https://www.tennistrento.it/	0	200	
https://www.teatrodimeano.it/	0	200	
https://www.terlan.info/de/terlan/aktiv-familien/familientipps/badespass/rid-A36E30E19CD34FCDAE9AAF9B598D8964-schwimmbad-terlan.html	0	200	
https://www.termedilevico.it/	0	200	
https://www.tfo-bruneck.it/	0	200	
https://www.tetleyspub.it/	0	200	
https://www.theiner.it	0	200	
https://www.titospeck.it/maso-dello-speck/ristorante	0	301	/pages/ristorante/
https://www.tigota.it/	0	200	
https://www.tecnoplasticatrentina.com	0	200	
https://www.tonellihotels.com/en/hotel/2/hotel-continental	0	404	
https://www.tnconfesercenti.it/	0	200	
https://www.tophaus.com/	0	200	
https://www.topcenter.biz/	0	200	
https://www.torneria-pezzi.com/	0	200	
https://www.toyota.it/concessionari/activa-trento	0	200	
https://www.trattoriaallago.it/	0	200	
https://www.torggler-rodelbau.com/	0	200	
https://www.traumacenter-kronplatz.it/	0	302	it/
https://www.tre.it	0	301	https://www.windtre.it
https://www.trenker.it/	0	302	https://www.trenker.it/de
https://www.trentinograndeguerra.it/context.jsp?area=100&ID_LINK=242&id_context=238	0	200	
https://www.trentinograndeguerra.it/context.jsp?area=100&ID_LINK=243&id_context=339	0	200	
https://www.trentinomobilita.it/biciclette-cp-trento	0	301	https://trentinomobilita.it/servizi/comune/trento/servizi-bici-trento/ciclobox/
https://www.trentinomobilita.it/parcheggi-coperti	0	301	https://trentinomobilita.it/servizi/comune/trento/parcheggi-in-struttura-trento/
https://www.trentinomobilita.it/	0	200	
https://www.trentinomobilita.it/servizi/comune/trento/sosta-camper-trento/area-fersina/	0	200	
https://www.trentinomobilita.it/servizi/comune/trento/sosta-camper-trento/area-zuffo/	0	200	
https://www.trentinotrasporti.it/azienda/trentino-trasporti/realizzazioni/6124-nuova-officina-manutenzione-treni-a-spini-di-gardolo	0	403	
https://www.trentinotrasporti.it/azienda/il-museo-ttram/elettrotreni-dolomiti-et-007-e-et-008	0	403	
https://www.trentinotrasporti.it/viaggia-con-noi/ferrovia	0	403	
https://www.trentinotrasporti.it/viaggia-con-noi/funivia	0	403	
https://www.trentinomobilita.it/servizi/comune/trento/sosta-camper-trento/rimessaggio-trento-sud/	0	200	
https://www.tn.camcom.it/	0	200	
https://www.trento.info	0	301	https://www.visittrento.it
https://www.trento.info/dettaglio-attrazione/-/c/n/skate-park---trient_875a0a31-25ae-51ce-acee-936d8904397a	0	301	https://www.visittrento.it/dettaglio-attrazione/-/c/n/skate-park---trient_875a0a31-25ae-51ce-acee-936d8904397a
https://www.trevirgolaquattordici.it	0	503	
https://www.tsntrento.com/	0	200	
https://www.trentovet.it/	0	200	
https://www.trifogliovaldinon.com/	0	200	
https://www.tuttogiardino.it/it/informazione/tuttogiardino-predaia-dermulo/74-2052.html	0	301	https://www.tuttogiardino.it/punti-vendita/tuttogiardino-predaia-dermulo
https://www.twenty.it/it/food/mia-poke/16-1584.html	35		
https://www.uicitrento.it	0	302	/it-IT
https://www.tuttogiardino.it/punti-vendita/tuttogiardino-ortal	0	200	
https://www.ungererhof.it	0	303	/?Itemid=
https://www.unieuro.it/	0	301	https://www.unieuro.it/online/
https://www.unterhof.eu/	0	200	
https://www.ursulinen.it/maedchen-schuelerheim/	0	200	
https://www.tuttocapsule.it/	60		
https://www.vahrn.eu/	0	103	https://www.vahrn.eu/system/
https://www.valdirabbi.com/it	0	200	
https://www.valgardena.it/en/accommodation/base/hotel/ortisei-val-gardena/garni-hotel-snaltnerhof/824D85C329E711D599D20050DA7125DB/	0	200	
https://www.unieuro.it/online/negozi/unieuro-Trento	0	200	
https://www.vallandro.it/	0	200	
https://www.valmalene.com/	0	200	
https://www.valutazione-immobiliare.com/	0	301	https://www.valutazione-immobiliare.com/it/
https://www.venetacucine.com	0	301	https://www.venetacucine.com/it
https://www.velicatrentina.it/	0	200	
https://www.vermigliovacanze.it/it/mulino	0	200	
https://www.vetrispeciali.com	0	301	https://www.vetrispeciali.com/it
https://www.viaggiareintrentino.it/	0	200	
https://www.view-kaltern.com/	0	301	https://www.view-kaltern.com/de
https://www.vierbrunnenhof.com	0	301	https://www.vierbrunnenhof.com/de/hotel-antholz-mittertal.html
https://www.villa-laurin.com/	0	200	
https://www.villa-vidal.com/	0	301	https://www.villa-vidal.com/de
https://www.unitn.it/ateneo/107757/parcheggio-cittadella-dello-studente	0	404	
https://www.vertikale.it	0	301	https://vertikale.it/
https://www.villafauster.com/	0	200	
https://www.villgrater.bz/	0	200	
https://www.villscheider.it/	0	200	
https://www.vipiteno.eu/	0	103	https://www.vipiteno.eu/system/
https://www.visitfiemme.it/it/val-di-cembra/Arte%20e%20paesaggi%20da%20cartolina/Le%20Piramidi%20di%20Segonzano	0	301	https://www.visitfiemme.it/it/info/piramidi-segonzano_7572
https://www.visitfiemme.it	0	302	/it
https://www.visitvaldipejo.it	0	301	/it
https://www.visitvaldisole.it	0	301	/it
https://www.visitvaldinon.it/it/poi/canyon-rio-sass	0	200	
https://www.visitvaldisole.it/it/info/castello-san-michele-ossana	0	200	
https://www.visitvalsugana.it/	0	307	https://www.visitvalsugana.it/it/
https://www.vivius.it/	0	200	
https://www.vissmark.com/	0	302	https://www.vissmark.com/it/
https://www.vigilfuoco.it/ona-opera-nazionale-di-assistenza/attivita/centri-di-soggiorno/centro-montano-le-ninfee	0	200	
https://www.voegele.it/	0	200	
https://www.vogelweide.it/	0	200	
https://www.von-kurz-stiftung.com/	0	302	https://www.von-kurz-stiftung.com/de/
https://www.visitvalsugana.it/it/scopri-la-valsugana/cultura/palazzi-storici-in-trentino/torre-del-belvedere_2245_ida/	0	200	
https://www.waidmannhof.com	0	307	https://www.waidmannhof.com/pension-obermais-meran
https://www.waldheim.info/	0	200	
https://www.vsi.it/	0	200	
https://www.walcher.bz.it/de	0	200	
https://www.waldlechn.it/	0	302	https://www.waldlechn.it/de/home
https://www.weiher.com/	0	200	
https://www.waldthalerhof.it	0	200	
https://www.weisseskreuz.bz.it/	0	301	https://www.weisseskreuz.bz.it/de/welcome-609.html
https://www.weingutabraham.it	0	301	https://www.weingutabraham.it/de
https://www.weiherbad.com/	0	200	
https://www.werner-hof.it	0	200	
https://www.wieserhof-aldein.it/almurlaub-in-einzigartigen-appartements/	0	301	https://www.wieserhof-aldein.it/schoenrastalm/
https://www.wfo-bruneck.info/	0	200	
https://www.wind.it	0	301	https://www.windtre.it
https://www.wildowilliams.it/	0	302	https://www.wildowilliams.it/de
https://www.zahnarzthirte.com/	0	200	
https://www.yesalps.com/en/apartments/corones-kronplatz/amanita-11adc8573d1b.html	0	405	
https://www.zitturi.com/	0	405	
https://www.zum18tenfass.it/	0	403	
https://www.zanottifratelli.it/	0	200	
https://www.zobele.com/	0	200	
https://www.zumloewen.it/#menue	0	307	https://www.zumloewen.it/de/
https://x-camping-dolomites.com/	0	301	https://x-camping-dolomites.com/de/
www.allagrotta.com	-1		
www.allozodiaco.com	-1		
www.amontichalets.com	-1		
www.anticaresidenzadepoda.it	-1		
www.autoshopzappini.com	-1		
www.capannalagoscuro.it	-1		
www.cascatedisaent.it	-1		
www.caseificioprimiero.com	-1		
www.cr-primiero.net	-1		
www.duererweg.com	-1		
https://zeppichl.com/	0	301	https://www.zeppichl.com/
www.e-cinque.it	-1		
www.echo-film.it	-1		
www.ffoberolang.it	-1		
www.ffwinnebach.it	-1		
www.foxeltn.it	-1		
www.grappalones.it	-1		
www.hotel-untertheimerhof.com	-1		
www.hotelmirabello.it	-1		
www.hotelsassdeiandalo.it	-1		
www.idrupercoffee.com	-1		
www.kraeuterreich.com	-1		
www.mattimport.it	-1		
www.miralagocalaita.it	-1		
www.pankaffee.bz.it	-1		
www.profax.it	-1		
www.residencefilanda.com	-1		
www.rieserfernerhuette.it	-1		
www.rinderplatz.com	-1		
www.sentierodurer.com	-1		
www.sostrento.it	-1		
www.spaziooff.com	-1		
www.summerbike.it	-1		
www.tatzborgogno.it	-1		
www.trattoriasantalessandro.com	-1		
www.unteroetzbauer.com/buschenschank	-1		
https://zugbarbruneck.eatbu.com/	0	302	https://zugbarbruneck.eatbu.com/?lang=en
www.weissesroessl.net/	-1		
www.wsteinhaus.it	-1		
www.zuveith.com	-1		
www.zyprianhof.it	-1		
https://www.zeppichl-bauernguet.com/	0	200	
