<meta http-equiv="content-type" content="text/html	-1		
<title>OSM3S Response</title>	-1		
charset=utf-8" lang="en"/>	-1		
<!DOCTYPE html PUBLIC "-//W3C//DTD XHTML 1.0 Strict//EN	-1		
</body>	-1		
</head>	-1		
</html>	-1		
<body>	-1		
<head>	-1		
<html xmlns="http://www.w3.org/1999/xhtml" xml:lang="en" lang="en">	-1		
<p><strong style="color:#FF0000">Error</strong>: runtime error: open64: 0 Success /osm3s_osm_base Dispatcher_Client::request_read_and_idx::timeout. The server is probably too busy to handle your request. </p>	-1		
<p>The data included in this document is from www.openstreetmap.org. The data is made available under ODbL.</p>	-1		
http://www.w3.org/TR/xhtml1/DTD/xhtml1-strict.dtd">	0	400	
http://kartinglequerce.altervista.org/	6		
http://www.agriturismopoponi.it/	0	301	https://www.agriturismopoponi.it/
http://italia.indettaglio.it/ita/umbria/perugia_sangiustino_cospaia.html	0	301	https://italia.indettaglio.it/ita/umbria/perugia_sangiustino_cospaia.html
http://www.AssisiBellavista.it	0	301	https://assisibellavista.it/
http://www.fontebella.com	0	301	https://www.fontebella.com/
http://www.hotelquadrifogliocascia.com/	0	301	https://www.hotelquadrifogliocascia.com/
http://www.cittadella.org/	0	301	https://cittadella.org/
http://www.canoaclubperugia.it	0	301	https://www.canoaclubperugia.it/
http://www.irpi.cnr.it/	0	301	https://www.irpi.cnr.it/
http://www.lavalledelleaquile.com	0	301	https://www.lavalledelleaquile.com/
http://www.montalionline.com/	0	429	
http://www.ilboschetto.com/	0	301	https://www.ilboschetto.com/
http://www.olioragani.com/	0	301	https://www.olioragani.com/
http://www.museiprovinciaterni.it/context_musei.jsp?ID_LINK=498&area=47	0	301	https://www.museiprovinciaterni.it/context_musei.jsp?ID_LINK=498&area=47?ID_LINK=498&area=47
http://www.ostellovictorcenter.com	0	301	https://www.ostellovictorcenter.com/
http://www.ristoranteilcavaliere.com	6		
http://www.suorefrancescanemissionariediassisi.org/suore/Immacolata.html	52		
http://www.pizzeriapozzoromano.com	0	302	https://supersite.aruba.it/CustomerArea/Manager.aspx
http://www.umbriameteo.com/webcam/castelluccio/	0	301	https://www.umbriameteo.com/webcam/castelluccio/
http://www.up.aci.it/perugia/	0	301	https://www.up.aci.it/perugia/
http://www.teatroinstabili.com/	0	200	
http://www.upsandomenico.church/	0	301	https://www.upsandomenico.church/
http://www.utopiaggia.eu	0	301	http://www.utopiaggia.eu/en/
http://musei.beniculturali.it/musei?mid=472&amp	0	200	
http://www.viaggispirituali.it/strutture-turismo-religioso/umbria/monastero-s-croce_3353/	0	301	https://www.viaggispirituali.it/strutture-turismo-religioso/umbria/monastero-s-croce_3353/
https://badiaccia.com/	0	200	
https://benedettineciterna.wordpress.com	0	200	
https://benedettineciterna.wordpress.com/	0	200	
http://www.victorhostel.com/	0	301	https://www.victorhostel.com/
https://birranursia.com/	0	200	
https://anticaporchetteriagranieri.it	0	200	
https://campingkursaal.it/	0	200	
https://casasangirolamo.azionecattolica.it/	0	200	
http://www.lavalnerina.it/	28		
https://casalauretana.com/	0	301	https://casalauretana.com/it/
https://fontedegna.wixsite.com/umbria-tuscany	0	200	
https://flliperugini.com/	0	200	
https://graymoor.org/italy	0	200	
https://fondoambiente.it/luoghi/abbazia-di-santa-maria-di-valdiponte-in-corbiniano-o-abbazia-di-montelabate	0	200	
https://fondazionemacsa.org/palazzo-degli-oddi/	0	200	
https://marianigiovannicommerciale.it	0	200	
https://nursia.org/	0	301	https://en.nursia.org/
https://pleiades.stoa.org/places/416806	0	200	
https://monasterosangiuseppeassisi.it/	0	301	/it/index.php
https://sanbenedettoalsubasio.it/	0	200	
https://sostareabevagna.com/	0	200	
https://terrazza-farnese-belvedere-di-orvieto.business.site/	0	404	
https://panoramadincanto.it/	0	200	
https://santuariorivotortoassisi.org/	0	200	
https://todi.ubiklibri.it	0	301	https://www.ubiklibri.it/librerie/ubik-todi
https://turismo.comune.perugia.it/pagine/biblioteca-comunale-degli-arconi-perugia	0	307	https://www.comune.perugia.it/vivere-il-comune/
https://turismo.tadino.it/informazioni-aree-camper-biblioteca/	0	200	
https://valsorda.daclelia.it/valsorda-il-camping/	0	200	
https://www.academia.edu/84533366/COME_NASCE_UNA_BASE_GIS_PER_L_ARCHEOLOGIA_OPENSOURCE_SVILUPPATA_DA_ARCHEOLOGI_PER_GLI_ARCHEOLOGI_LO_SCAVO_DI_POGGIO_GRAMIGNANO_LUGNANO_IN_TEVERINA_TR_	0	200	
https://www.agostinianespello.it/	6		
https://villagabbiano.it/	0	200	
https://www.alberghieroassisi.eu/	0	403	
https://www.accoglienzasanfrancesco.it/	0	200	
https://www.alcantarineassisi.it/	0	200	
https://www.alphaville-italia.com	0	200	
https://www.allanticamattonata.com/	0	200	
https://www.agriturismoleburgne.it/	0	200	
https://www.assisicasafrancesca.it/	0	200	
https://www.assisimuseodiocesano.it/visitaci/	0	200	
https://www.assisihotelantonelli.it/	0	200	
https://hotellacorte.magrellihr.com	28		
https://www.associazionedare.it/	0	200	
https://www.assisiofm.it/sacro-speco-narni-68-1.html	0	301	https://assisiofm.it/sacro-speco-narni-68-1.html
https://www.assisimuseodellamemoria.it/	0	200	
https://www.birrificiocolfiorito.com/	0	200	
https://www.campingcerquestra.it/	0	200	
https://www.bernyhouse.it/	0	200	
https://www.carloni1989.it/	0	200	
https://www.casabeatangelina.it/	0	200	
https://www.citytourperugia.it	0	200	
https://www.comune.castelviscardo.tr.it/hh/index.php	0	200	
https://www.casamonteripido.it/	0	200	
https://www.convittoassisi.edu.it/	0	410	
https://www.cwgc.org/visit-us/find-cemeteries-memorials/cemetery-details/2004000/assisi-war-cemetery/	0	403	
https://www.comune.montefalco.pg.it/pagine/polizia-stradale	0	404	
https://www.assisisantuariospogliazione.it/	0	200	
https://www.domuspacis.it/	0	301	https://domuspacis.it/
https://www.fattoriagiorgetti.it/	0	200	
https://www.fezemauro.com/	6		
https://www.casamonteripido.it/albergo/	0	200	
https://www.hotelcastelloassisi.it/	0	200	
https://www.fattorieumbre.com	0	301	https://fattorieumbre.com/
https://www.fontemaggio.it	0	200	
https://www.ilRoseto.com	0	500	
https://www.iluoghidelsilenzio.it/chiesa-della-buona-morte-cannara-pg/	0	200	
https://www.iluoghidelsilenzio.it/chiesa-di-san-lorenzo-vecchio-rapecchiano-di-foligno-pg/	0	200	
https://www.iluoghidelsilenzio.it/eremo-di-santangelo-in-pantanelli-baschi/	0	200	
https://www.iluoghidelsilenzio.it/tugurio-di-san-francesco-cannara-pg/	0	200	
https://www.istitutocasoriaassisi.it/	0	200	
https://www.lagiostrinadeicanape.it/servizi/il-trenino.html	0	403	
https://www.iluoghidelsilenzio.it/chiesa-di-san-giovanni-battista-cannara-pg/	0	200	
https://www.lagiostrinadeicanape.it/servizi/la-giostrina.html	0	403	
https://www.lietasosta.it/	0	200	
https://www.madonnadellerose.com/	0	200	
https://www.diocesiassisi.it/	28		
https://www.montalionline.com	0	429	
https://www.lapiantadelte.it/shop/content/4-teaperugia-sala-da-te-punto-vendita-perugia-la-pianta-del-te	0	200	
https://www.monterufeno.it/	0	200	
https://www.museomontefalco.it/	0	200	
https://www.perugina.com/it/casa-del-cioccolato/Welcome-to-the-Casa-del-Cioccolato	0	200	
https://www.parcodelmontecucco.it/it/info-utili/	0	200	
https://www.pescapiu.it	0	301	https://pescapiu.it/
https://www.museidiallerona.it	0	200	
https://www.poggiodivillafano.it/	0	200	
https://www.porziuncola.org/	0	301	https://porziuncola.org/
https://www.pizzeriamarchigiana.it/	0	200	
https://www.rampiniauto.it/	0	200	
https://www.ristoranteilcantinoneperugia.com	0	200	
https://www.ristoranteilmoderno.store/menu/	0	200	
https://www.ristorantedaangelo.com	0	200	
https://www.sanfrancescoassisi.org/	0	302	https://www.sanfrancescoassisi.org/html/ita/index.php
https://www.lakebikestore.it	28		
https://www.santacolette.com/	0	200	
https://www.santuarioeremodellecarceri.org/	0	200	
https://www.santuariosandamiano.org/	0	200	
https://www.ristorantepicchioverde.com	0	200	
https://www.tenutasanlorenzo.it/	0	200	
https://www.ristorantenumero1.it/	0	301	https://ristorantenumero1.it/
nome=necropoli-etrusca-crocifisso-del-tufo	-1		
www.osterialecivette.it	-1		
https://www.villalavaniaspello.it/	0	200	
https://www.villaggioparcodeipini.it/	0	200	
https://www.superconti.eu/punti-vendita/orvieto/	28		
