	-1		
<meta http-equiv="content-type" content="text/html	-1		
<title>OSM3S Response</title>	-1		
charset=utf-8" lang="en"/>	-1		
<!DOCTYPE html PUBLIC "-//W3C//DTD XHTML 1.0 Strict//EN	-1		
</body>	-1		
</head>	-1		
</html>	-1		
<body>	-1		
<head>	-1		
<html xmlns="http://www.w3.org/1999/xhtml" xml:lang="en" lang="en">	-1		
<p><strong style="color:#FF0000">Error</strong>: runtime error: open64: 0 Success /osm3s_osm_base Dispatcher_Client::request_read_and_idx::timeout. The server is probably too busy to handle your request. </p>	-1		
<p>The data included in this document is from www.openstreetmap.org. The data is made available under ODbL.</p>	-1		
cavaliereauto.com/	-1		
http://www.w3.org/TR/xhtml1/DTD/xhtml1-strict.dtd">	0	403	
http://alteaerboristeria.it/	6		
http://agriturismofornoantico.it	0	301	http://www.agriturismofornoantico.it/
https://chakramenthiene.eatbu.com/,https://chakramen.it/thiene/	0	404	
http://barflymontagnana.it/	6		
http://bortolozonta.altervista.org/rubbio/	0	200	
http://brs-srl.com/	0	403	
http://campingmose.com	0	202	
http://celesterugby.com/	0	301	https://www.celesterugby.com/
http://circoloippicolarinascente.jimdo.com/	0	301	https://circoloippicolarinascente.jimdofree.com/
http://community.oiconlus.it/centroinfanzia/	0	301	https://www.oiconlus.it/centroinfanzia/
http://digilander.libero.it/comunitapilastro/	0	301	https://digilander.libero.it/comunitapilastro/
http://elioexpress.it	0	301	http://www.elioexpress.it/pagina-index.aspx
http://gruppocomet.it/simevignuda/saonara	0	301	https://www.gruppocomet.it/simevignuda/saonara
http://hosteriacalice.blogspot.it/	0	302	http://hosteriacalice.blogspot.com/
http://imaginacafe.it	0	301	http://www.imaginacafe.it/
http://intralotitalia.intralot.it/Default2.aspx	6		
http://britishschool.it	0	301	https://britishschool.it/
http://it.bing.com/maps/?v=2&cp=rm8x1mhwvvxh&lvl=19.20603437826443&dir=108.85997851720781&sty=b&form=LMLTCC	0	302	http://www.bing.com/maps/?v=2&cp=rm8x1mhwvvxh&lvl=19.20603437826443&dir=108.85997851720781&sty=b&form=LMLTCC&cc=it
http://irvv.regione.veneto.it/xw/lod/front/file/16819.pdf	0	301	https://irvv.regione.veneto.it:443/xw/lod/front/file/16819.pdf
http://italia.indettaglio.it/ita/veneto/concordiasagittaria.html	0	301	https://italia.indettaglio.it/ita/veneto/concordiasagittaria.html
http://italia.indettaglio.it/ita/veneto/venezia_sanmichelealtagliamento_bevazzana.html	0	301	https://italia.indettaglio.it/ita/veneto/venezia_sanmichelealtagliamento_bevazzana.html
http://lepapereallago.it/	0	301	https://lepapereallago.it/
http://195.103.234.163/Applicazioni/avioeli/Avio_04.asp?selaeroporto=112	28		
http://mes3hacklab.org/	0	301	https://mes3hacklab.org/
http://massaggiorusso.com/	0	301	https://www.massaggiorusso.com/
http://itinerarivirtuali.musei.unipd.it/itinerario/la-medicina-padova/ospedale-giustinianeo-la-medicina-padova/reperto/antico-collegio-da-rio	0	200	
http://moduliweb.enac.gov.it/Applicazioni/avioeli/Avio_04.asp?selaeroporto=525	0	302	https://moduliweb.enac.gov.it/Applicazioni/avioeli/Avio_04.asp?selaeroporto=525
http://musei.provincia.padova.it/portale/Scheda_Museo.aspx?cod_museo=18	6		
http://nodarsrl.it/	0	301	https://nodarsrl.it/
http://osteriaalbacco.com	6		
http://nonsolomotoeste.it/	0	200	
http://carismabike.it/	28		
http://sportlifeeste.canovasport.it/	6		
http://pasticceriadefiorenze.it	6		
http://studionicolin.it/	6		
http://tiroasegnojesolo.it/	6		
http://www.6istitutocomprensivopadova.gov.it/davila.php	6		
http://studiolegalesimonetti.eu/	0	200	
http://www.5torri.it	0	302	https://www.5torri.it/
http://www.7istitutopadova.gov.it/pacinotti/	6		
http://www.7istitutopadova.gov.it/giovannixxiii/	6		
http://www.8icspadova.edu.it/index.php/scuola-primaria-i-nievo	6		
http://www.8icspadova.edu.it/index.php/scuola-secondaria-stefanini-todesco	6		
http://www.abanoterme.net	0	200	
http://www.agenziabrothers.com/	0	301	https://www.agenziabrothers.com/
http://www.acerocampestre.com	0	404	
http://www.agenziaentrate.gov.it/	0	301	https://www.agenziaentrate.gov.it/portale/
http://www.agenziaeuropaimmobiliare.com/	0	301	https://www.agenziaeuropaimmobiliare.com/
http://www.agenziagraziato.it/	0	301	https://agenziagraziato.it/it/
http://www.agenzialavela.it	0	301	https://www.agenzialavela.it/
http://www.agenziavenezia.it/	0	302	https://agenziavenezia.it/
http://stonebreakers.com/	0	301	https://stonebreakers.com/
http://www.agostini.shoes	0	200	
http://www.agriturismoalcol.com/	6		
http://www.agriturismoalba.it/	0	403	
http://www.agriturismoboscalbo.it/	6		
http://www.agriturismoalba.it/index.html	0	403	
http://www.agriturismorivademilan.it/	6		
http://www.aighostels.it/it/ostelli/veneto/padova/ostello-san-salvaro	0	200	
http://www.agriturismolecalle.com/	0	200	
http://www.aicastelli.com/	0	302	https://www.ristoranteaicastelli.com/
http://www.alain-messegue.it/	6		
http://www.al-todaro.it/	0	301	https://www.al-todaro.it/
http://www.alboscomontegrotto.it/	0	301	https://www.alboscomontegrotto.it/
http://www.albergoristorantebelvedere.it/	0	301	https://www.albergoristorantebelvedere.it/
http://www.agenziaheraclia.com/	0	200	
http://www.alpiccolorifugio.it/	6		
http://www.alpellegrino.it	0	200	
http://www.allumin.it/	0	301	https://www.allumin.it/
http://www.alpirio.com/	0	301	https://www.alpirio.com/
http://www.amsterdamcafe.it/	6		
http://www.anbiveneto.it/wp-content/uploads/2015/10/PINATO-Sicurezza-idraulica-Pinato-09-10-2015.pdf	0	301	https://www.anbiveneto.it/wp-content/uploads/2015/10/PINATO-Sicurezza-idraulica-Pinato-09-10-2015.pdf
http://www.anaconegliano.it/museo-degli-alpini/index.htm	0	301	https://www.anaconegliano.it/museo-degli-alpini/index.htm
http://www.albergoturetta.com/	0	200	
http://www.andolfoinvestigazioni.it/	6		
http://www.anticocaffecommercio.it/	6		
http://www.anticomartini.it	0	403	
http://www.anticavittorio.it/	0	301	https://www.anticavittorio.it/
http://www.anticotram.it/	0	301	https://www.anticotram.it/
http://www.aquaepatavinae.it	0	301	https://www.aquaepatavinae.it/
http://www.alroccolo.com/	0	200	
http://www.archeoveneto.it/portale/wp-content/filemaker/stampa_scheda_estesa.php?recid=34	0	200	
http://www.antenore.it	0	301	https://www.antenore.it/
http://www.armadilloequo.it/	6		
http://www.areamercatousato.it/	0	200	
http://www.arquapetrarca.com	0	301	https://www.arquapetrarca.com/
http://www.articolov.it/	0	301	https://www.articolov.it/
http://www.armonie.net/	0	301	https://www.armonie.net/
http://www.asiloinfantilemariabazzana.com/	0	200	
http://www.atestino.beniculturali.it/	0	301	https://atestino.cultura.gov.it
http://www.artluceilluminazione.com/	0	200	
http://www.atv.verona.it/flex/cm/pages/ServeBLOB.php/L/IT/IDPagina/1	0	301	https://www.atv.verona.it/flex/cm/pages/ServeBLOB.php/L/IT/IDPagina/1
http://www.artedellanatura.it/	0	200	
http://www.autofficinacardonibibione.com/	0	200	
http://www.autodemolizionirizzardo.it/	0	301	https://www.autodemolizionirizzardo.it/
http://www.autostar-este.it/	6		
http://www.avioclubmontagnana.com/	0	301	https://www.avioclubmontagnana.com/
http://www.bambu-ilpagliaio.it/	6		
http://www.ballotta.it/	0	301	https://www.ballotta.it/
http://www.bancaatestina.it/	0	301	https://www.bancaatestina.it/
http://www.bebboschidelcastagno.it/	6		
http://www.bebmammaluisa.it/	6		
http://www.bedandbreakfastpontenavi.com/	0	200	
http://www.bellinicinemateatro.it/	0	302	https://www.bellinicinemateatro.it/
http://www.bermar-moto.it/	6		
http://www.bellottoracing.it/	0	301	http://www.bellottoracing.it/index.php/it/
http://www.bertimusica.it/	0	301	https://www.bertimusica.it/
http://www.bibionemare.com	0	301	https://www.bibionemare.com/
http://www.bigbeneste.it/home.html	6		
http://www.birrificiodiquero.it/	0	200	
http://www.bluemoonfiammingo.com/	6		
http://www.bocabona.it/	0	301	https://www.bocabona.it/
http://www.brentaflex.com	0	301	https://www.brentaflex.com/
http://www.brentagomme.com/	0	301	https://www.brentagomme.com/
http://www.caieste.org/	0	301	https://www.caieste.org/
http://www.calandre.com/pagina.asp?pagina=montecchia&lingua=ita	0	409	
http://www.caldieriviaggi.it/	0	301	https://www.caldieriviaggi.it/
http://www.artesaurogallery.it/	28		
http://www.campingedenfalcade.com/inverno/de/index.html	0	301	https://www.campingedenfalcade.com/inverno/de/index.html
http://www.campingsmeraldo.it/	0	301	https://www.campingsmeraldo.it/
http://www.campingpalafavera.com/	0	200	
http://www.casa-rossi.com/	0	301	http://mejores-juguetes-sexuales.com
http://www.cappelladegliscrovegni.it	0	301	https://www.cappelladegliscrovegni.it/
http://www.caseificiopennar.it/	0	301	https://www.caseificiopennar.it/
http://www.castellimontagnana.it/	6		
http://www.bcceuganea.it	28		
http://www.castellodimonselice.it/	0	301	https://www.castellodimonselice.it/
http://www.castellodivalbona.it/	6		
http://www.cdrmontagnana.it/	0	301	https://www.cdrmontagnana.it/
http://www.cclacorte.it	0	301	https://cclacorte.it/
http://www.bestcar.alfaromeo.com/	28		
http://www.centroelisir.com/	6		
http://www.cellularservice.vi.it/	0	301	https://www.cellularservice.vi.it/
http://www.centroculturalecandiani.it/	0	302	https://www.comune.venezia.it
http://www.cinemotion.in/index.php/new/multisala_verdi	0	301	https://ostellodiffuso.com/
http://www.centrostudiantoniani.it	0	301	https://www.centrostudiantoniani.it/
http://www.cieffearredi.net/	0	301	https://www.cieffearredi.it
http://www.commodore-cruises.hr	6		
http://www.collidelpoeta.com	0	301	https://colledelpoeta.it/
http://www.comprensivochinaglia.it/	6		
http://www.comune.baone.pd.it/	0	301	https://www.comune.baone.pd.it/
http://www.comune.badiapolesine.ro.it/MuseoBiblioteca/biblioteca.html	0	301	https://www.comune.badiapolesine.ro.it/MuseoBiblioteca/biblioteca.html
http://www.cismon.it/Covolo_di_Butistone.html	0	200	
http://www.comune.megliadinosanfidenzio.pd.it/	6		
http://www.comune.vighizzolo.pd.it/	0	301	https://www.comune.vighizzolo.pd.it/
http://www.comune.cittadella.pd.it/	0	301	https://www.comune.cittadella.pd.it/
http://www.comune.vighizzolo.pd.it/ponte-delle-tre-canne	0	301	https://www.comune.vighizzolo.pd.it/ponte-delle-tre-canne
http://www.comune.montagnana.pd.it/	0	301	https://www.comune.montagnana.pd.it:443/
http://www.comunecasale.tv.it	0	301	https://www.comunecasale.tv.it/
http://www.cortebussari.it/	0	301	https://www.cortebussari.it/
http://www.comunitabethesda.it	0	301	https://www.comunitabethesda.it/
http://www.cortepapadopoli.it/	6		
http://www.cortinacube.it/	0	301	http://faloriacristallo.it/
http://www.crossfitjesolo.com/	0	301	https://www.crossfitjesolo.com/
http://www.crero.it/	0	301	http://www.trattoriapanoramico.it
http://www.cvsonline.it/	0	301	https://www.cvsonline.it/
http://www.crowneplazapadova.it	0	200	
http://www.decortenda.net/	6		
http://www.dalcinabbigliamento.it/	6		
http://www.dersut.it	0	301	https://www.dersut.it/
http://www.discomagazine.it/	0	301	https://www.discomagazine.it/
http://www.djkfitness.com/	0	200	
http://www.dormex.it/	0	301	https://www.dormex.it/
http://www.casadicuradiaz.it	28		
http://www.eatstore.it	0	301	https://www.eatstore.it/
http://www.divaniandco.it/	0	301	https://www.divaniandco.it/
http://www.educandatosanbenedetto.it/	0	302	http://www.educandatosanbenedetto.gov.it/
http://www.elcanevon.it/	6		
http://www.elenashouse.it	6		
http://www.erikahotel.net/	0	301	https://www.erikahotel.net/
http://www.esteceramiche.com/	0	200	
http://www.eden-parking.it/	0	200	
http://www.etabetacomputer.net/	0	301	https://www.etabetacomputer.net/
http://www.euganeo.com/index.php	0	404	
http://www.eugas.it/	0	301	https://www.eugas.it/
http://www.euromar.it/	0	302	https://parking.nidoma.com/www.euromar.it/
http://www.europa-hotel.net/gardasee	0	301	https://www.europa-hotel.net/gardasee
http://www.farmaciagazzolo.it/	0	301	https://www.farmaciagazzolo.it/
http://www.europaimm.com	0	302	https://www.europaimm.com/
http://www.farmacialancini.it/	0	301	https://www.farmacialancini.it/
http://www.farmacialazzarin.it/	0	301	https://www.farmacialazzarin.it/
http://www.farmaciaveroneserubano.it	6		
http://www.farmaciasarmeola.it/	0	301	https://www.farmaciasarmeola.it/
http://www.fattoriadelleremo.it	6		
http://www.ferramentalonghin.it/	0	301	https://www.ferramentalonghin.it/
http://www.coopterradimezzo.com/	28		
http://www.ferrolazzarini.it	0	301	https://www.ferrolazzarini.it/
http://www.finind.com/	0	301	https://www.isoclimagroup.com/
http://www.fontedelmobile.it/	0	301	https://www.fontedelmobile.it/
http://www.fisioandsport.com/	0	202	
http://www.fortificazioni.net/forti/andrea.htm	0	301	https://www.fortificazioni.net/forti/andrea.htm
http://www.fortificazioni.net/VENEZIA/RADAELLI.htm	0	301	https://www.fortificazioni.net/VENEZIA/RADAELLI.htm
http://www.frabe-arredanegozi.it/	0	500	
http://www.framesiclub.it/saloni-framesi/argento-vivo-parrucchieri/	0	301	https://www.framesiclub.it/saloni-framesi/argento-vivo-parrucchieri/
http://www.fratellifabian.it	6		
http://www.frantoiomartini.it/	0	301	https://www.frantoiomartini.it/
http://www.frattina.altervista.org/	0	200	
http://www.ducalemurano.com/it/	28		
http://www.fratellilucchiari.com/	0	301	https://www.fratellilucchiari.com/
http://www.galbassapadovana.it	0	301	https://www.galbassapadovana.it/
http://www.funghi-vitalia.it	0	301	https://www.funghi-vitalia.it/
http://www.gallowaypadova.it/	6		
http://www.galpatavino.it/	0	301	https://galpatavino.it/
http://www.graficaatestina.it/	0	301	https://www.graficaatestina.it/
http://www.gialloarancio.it/	0	200	
http://www.greenlifegarden.it/	6		
http://www.greenvillage.biz/	0	301	https://greenvillage.biz/
http://www.helvetia-hotel.it/	6		
http://www.gruppobielle.it/home.php	0	400	
http://www.hotel-ariston.net	0	301	https://www.hotel-ariston.net/
http://www.hotel-calaluna.com/	0	200	
http://www.hotelallaposta.com/	6		
http://www.hotelcastelloeste.com/	6		
http://www.gripas.it/	0	301	https://www.gripas.it/
http://www.hotelaldomoro.com/	0	301	https://www.hotelaldomoro.com/
http://www.hoteldori.com/	0	202	
http://www.hotelcentraledeste.com/	0	301	https://www.hotelcentraledeste.com/
http://www.hotelmeggiorato.it	0	202	
http://www.hotelfior.it/	0	301	https://www.hotelfior.com/
http://www.hotelduetorriabano.it/	0	202	
http://www.hotelmignonpadova.com	0	301	https://www.hotelmignonpadova.com/
http://www.hotelolympiaterme.it	6		
http://www.hoteloasieste.it/	0	200	
http://www.hotelpadovam14.it/	6		
http://www.hotelparon.it/	0	200	
http://www.ic2sangiovannilupatoto.it/	0	302	https://ic2sangiovannilupatoto.it/
http://www.icpdesign.it	6		
http://www.icvivaldi.it/	0	301	https://www.icvivaldi.it/
http://www.ferramentaponchia.it	28		
http://www.iiseinaudiscarpa.gov.it/	6		
http://www.hotelvillacondulmer.it/en/	0	301	https://www.hotelvillacondulmer.it/en/
http://www.ilvecchioveliero.it/	6		
http://www.ilbucaneve.it/	0	403	
http://www.immobiliareomnia.com/	0	302	https://www.immobiliareomnia.com/
http://www.impianti-rm.it	6		
http://www.iperlando.it/	0	301	https://www.iperlando.it/
http://www.invernesspub.it/	0	301	https://www.invernesspub.it/
http://www.hugelkeller.it/	0	301	http://hugelkeller.it/
http://www.itasinato.it/home.html	0	404	
http://www.jadoresushi.it	0	302	https://www.jadoresushi.it/
http://www.intellighenziaproject.it	0	301	https://intellighenziaproject.it/
http://www.ipsiaconegliano.it/	0	200	
http://www.jesolocamper.it/	0	200	
http://www.komatsu.it/	0	302	https://www.komatsu.eu/
http://www.labottegadimanuzio.com/	6		
http://www.labottegadelparrucchiere.it/	0	301	https://www.labottegadelparrucchiere.it/
http://www.labusadelloro.com	0	301	https://labusadelloro.com/
http://www.labottepizzeria.net/	0	301	https://www.labottepizzeria.net/
http://www.lagoverde.info/	6		
http://www.lalocandadelgusto.it/	0	301	https://www.lalocandadelgusto.it/
http://www.lamentecomune.it/	0	301	https://www.lamentecomune.it/
http://www.kococlub.it/	0	523	
http://www.lameridiana-valpolicella.it	0	200	
http://www.lamontecchia.it/	0	301	https://www.lamontecchia.it/
http://www.lapianora.it/home.htm	6		
http://www.lavacetto.it/	0	302	https://www.lavacetto.it/
http://www.leforche.com/	6		
http://www.lemoiacche.it	0	301	https://www.lemoiacche.it/
http://www.leondoroeste.it/	0	301	https://www.leondoroeste.it/
http://www.lepastorie21.it/	6		
http://www.libreriagregorianaestense.it/	6		
http://www.liceoausiliatricepd.it/	0	301	https://www.liceoausiliatricepd.it/
http://www.liceoferrari.it/	6		
http://www.liceogiorgione.gov.it	6		
http://www.lidopaina.it	0	200	
http://www.limericklibri.com/	0	301	https://www.limericklibri.com/
http://www.lispida.com	0	301	https://www.lispida.com/
http://www.kapogiroparrucchieri.it/	28		
http://www.locandasturion.com/	0	301	https://www.locandasturion.com/
http://www.lofficinadellarte.eu/	6		
http://www.lusani.it/	0	404	
http://www.lachiesetta.com/	28		
http://www.macafame.it/	0	200	
http://www.madeinmalga.it/MadeInMalga/Malghe_E_Caseifici/AZAGRICOLAWAISTER.asp	0	301	https://www.madeinmalga.it/MadeInMalga/Malghe_E_Caseifici/AZAGRICOLAWAISTER.asp
http://www.locandasandi.it/	0	301	https://www.locandasandi.it/
http://www.mandrillo.com/	0	405	
http://www.mareblueraclea.com/	0	301	https://www.mareblueraclea.com/
http://www.madonnadellacorona.it	0	301	https://www.madonnadellacorona.it/
http://www.martinellisupermercati.it/	0	301	https://www.martinellisupermercati.it/
http://www.laurafavotto.it/wordpress/	28		
http://www.mercatinousato.com/	0	403	
http://www.melies.it/	0	302	https://www.webtic.it/
http://www.minetto.it/	0	301	https://www.minetto.it/
http://www.modellismonalin.com/	6		
http://www.miomercato.it/	0	301	https://www.miomercato.it/
http://www.montealtore.com/agriturismo.htm	0	301	https://www.montealtore.com/agriturismo.htm
http://www.montealtore.com/cantina.htm	0	301	https://www.montealtore.com/cantina.htm
http://www.montanella.it/	0	301	https://www.montanella.it/
http://www.monteortone.it/	0	301	https://www.monteortone.it/
http://www.morinipedrina.it/	0	301	https://www.morinipedrina.it/
http://www.morinipedrina.it	0	301	https://www.morinipedrina.it/
http://www.morodivenezia.com/	0	301	https://www.morodivenezia.com/
http://www.munarinicalzature.it	6		
http://www.majestic-hotel.it/	0	301	https://www.majestic-hotel.it/
http://www.musei.padova.it/	6		
http://www.museodelvetro.it/	0	301	https://www.museodelvetro.it/
http://www.museodeicollieuganei.it/	0	301	https://www.museodeicollieuganei.it/
http://www.mgmsrl.it/	0	200	
http://www.museodelcastelloditorridelbenaco.it	0	500	
http://www.museograndifiumi.it/	0	301	https://www.museograndifiumi.it/
http://www.newjesolandia.com/	0	301	https://www.newjesolandia.com/
http://www.museoselvadicadore.it/	0	301	https://www.museoselvadicadore.it/
http://www.noitex.it/ita/site.html	6		
http://www.nicolatessari.it/index.php/it/	0	301	https://www.nicolatessari.it/index.php/it/
http://www.officine-creative.com/	6		
http://www.ocemmarchetti.it/	0	301	https://www.ocemmarchetti.it/
http://www.okaidi.com/	0	301	https://www.okaidi.com/
http://www.oltretaglia.com/	6		
http://www.ostariacabrando.com/	0	200	
http://www.offcampagnaro.it/	0	301	https://www.offcampagnaro.it/
http://www.officina61.it/	0	200	
http://www.ostellomontagnana.com/	6		
http://www.onoranzefunebrisantinello.it/	0	301	https://www.onoranzefunebrisantinello.it/
http://www.osteriadifuoriporta.it/	0	301	https://www.osteriadifuoriporta.it/
http://www.osteriaalascuela.com/	0	301	https://www.osteriaalascuela.com/
http://www.osteriacera.it	0	301	https://www.osteriacera.it/
http://www.osteriasantocielo.com/	6		
http://www.osteriaplip.com/	0	301	https://www.osteriaplip.com/
http://www.osteriaortodeimori.com	0	301	https://www.osteriaortodeimori.com/
http://www.p-tm.it/	0	503	
http://www.padovanet.it/informazione/scuola-dellinfanzia-cremonese-chi-siamo-obbiettivi-e-servizi	0	301	https://www.comune.padova.it/informazione/scuola-dellinfanzia-cremonese-chi-siamo-obbiettivi-e-servizi
http://www.palazzograssi.it	0	301	https://www.palazzograssi.it/
http://www.palazzograssi.it/fr/about/les-lieux/punta-della-dogana/	0	301	https://www.palazzograssi.it/fr/about/les-lieux/punta-della-dogana/
http://www.palazzograssi.it/it/about/spazi/teatrino/	0	301	https://www.palazzograssi.it/it/about/spazi/teatrino/
http://www.panificiovianello.it/	0	200	
http://www.osteriabancogiro.it/	0	301	https://www.osteriabancogiro.it/
http://www.parcocollieuganei.com	0	301	https://www.parcocollieuganei.com/
http://www.parcofenderl.it/	0	301	https://parcofenderl.it/
http://www.passodelvento.com	6		
http://www.parrocchiadicampolongo.it/	0	301	https://www.parrocchiadicampolongo.it/
http://www.pasticceriapaccagnella.it/	0	200	
http://www.pedol.com/	0	301	https://www.pedol.com/
http://www.piccolomarte.it/	0	200	
http://www.parcolivelet.it/	0	301	https://www.parcolivelet.it/
http://www.pizzeriapalio.com/	0	403	
http://www.playfantasypark.it	6		
http://www.pasticceriavilladeicedri.it/	0	200	
http://www.pizzeriaristorantegianca.com/	0	301	https://www.pizzeriaristorantegianca.com/
http://www.poligrappa.com/	0	301	ita/
http://www.praglia.it/	0	301	https://www.praglia.it/
http://www.premiatafabbricapizza.it/	0	301	https://www.premiatafabbricapizza.it/
http://www.prolocobolzanovicentino.it/	0	301	https://prolocobolzanovicentino.it/
http://www.rarefratte.it/	0	200	
http://www.reysol.it/	6		
http://www.renatomeneghetti.com/	0	301	https://www.renatomeneghetti.com/
http://www.rickyspub.com/	6		
http://www.relaislebetulle.com	0	301	https://www.relaislebetulle.com/
http://www.riello.it/	0	302	https://www.riello.it/
http://www.rifugioscotter.it/	0	301	https://www.rifugioscotter.it/
http://www.rifugiodedoo.it/	0	301	https://www.rifugiodedoo.it/
http://www.rifugiotissi.com	0	301	https://rifugiotissi.com/
http://www.ristorante-papilla.it/	6		
http://www.ristorante3archi.it/	6		
http://www.risopalladio.it/en/la-pila/	0	200	
http://www.ristorantealcacciatoredagino.com/	6		
http://www.rifugiopranolz.com/	0	301	https://www.rifugiopranolz.com/
http://www.ristoranteallavigna.com/index.htm	0	202	
http://www.ristoranteallelogge.it/	6		
http://www.ristoranteanticamasseria.com	0	200	
http://www.ristorantedagennaro.com/	0	301	https://www.ristorantedagennaro.com/
http://www.ristorantepizzeria4seasons.it/	6		
http://www.ristoranterifugiomonterua.it	0	302	http://www.ristoranterifugiomonterua.it/site/
http://www.ristorantetanadelors.it/?lang=uk	0	301	https://www.ristorantetanadelors.it/?lang=uk
http://www.ristorantelapacemalcesine.com	0	301	https://www.ristorantelapacemalcesine.com/
http://www.ritratti.biz	6		
http://www.ristorantetrequarti.com	0	202	
http://www.paiuscato.it/	28		
http://www.rizzoeste.it/	6		
http://www.sanmarco.vr.it/	0	301	https://www.sanmarco.vr.it/
http://www.rondinipadova.it/	0	200	
http://www.savoiaterme.it/	0	301	https://www.savoiaterme.it/
http://www.rizzatocalzature.com/	0	301	https://rizzatocalzature.com/
http://www.sceve.it/	0	200	
http://www.scir.it/sacrocuore/scuore.html	0	301	http://scir.it/sacrocuore/scuore.html
http://www.sisonweb.it/	0	200	
http://www.skhioland.it/	0	301	https://www.skhioland.it/
http://www.sartorimaskmuseum.it/	0	200	
http://www.smarkh.it/	6		
http://www.slautoservice.it/	0	301	https://www.slautoservice.it/
http://www.sosushi.it	0	200	
http://www.spiderbikestore.com/	0	301	https://www.spiderbikestore.com/
http://www.spiox.it/	0	301	https://www.spiox.it/
http://www.ristoranteigelsi.it/	28		
http://www.smartmoda.com/	0	302	https://www.smartmoda.com/
http://www.sportwayshop.com/	0	200	
http://www.strapizzami.com/	0	404	
http://www.stoneman.it/	0	301	https://www.stoneman.it/
http://www.studiocanovese.it/	6		
http://www.sportingcenter.it	0	200	
http://www.tartineriadabrock.it/	6		
http://www.taparo.it/	0	403	
http://www.technosonline.com/	0	301	https://www.technosonline.com/
http://www.teatrovenetoeste.it/	0	200	
http://www.terrazzagrill.it/	0	200	
http://www.teatroaccademia.it	0	301	https://teatroaccademia.it/
http://www.traiglicinieilsambuco.it/	0	301	https://www.traiglicinieilsambuco.it/
http://www.trattorialepre5t.it/camping-5t	0	301	https://www.trattorialepre5t.it/camping-5t
http://www.trevisoairport.it	0	403	
http://www.tricoshop.it	0	301	https://www.tricoshop.it/
http://www.sigma2.upr.si/	28		
http://www.uomocomputer.it/	0	301	https://www.uomocomputer.it/
http://www.turistica-tonussi.it/	0	301	https://www.turistica-tonussi.it/
http://www.upa.padova.it/	0	301	https://www.confartigianatoimpresepadova.it/
http://www.valsanzibiogiardino.it	0	301	https://www.it-romehotels.com/it/valsanzibiogiardino.html
http://www.vegetalmentesani.it	6		
http://www.valgoccia.com	0	301	https://www.valgoccia.com/
http://www.venetianhostel.it/	6		
http://www.valledellegombe.it/	0	200	
http://www.venetograndeguerra.it/luogo-dettaglio?uuid=928a4163-4a97-4538-94cc-fd6ac1fcd0a1	0	200	
http://www.villaemo.it	0	200	
http://www.villaluisafrancesca.it/	0	200	
http://www.villaditeolo.com/	0	301	https://www.villaditeolo.com/
http://www.vicenzatiepolohotel.it/	0	301	https://vicenzatiepolohotel.it/
http://www.villavalmarana.com/en	0	301	https://www.villavalmarana.com/en
http://www.zebbrapub.it/	6		
http://www.wwwind.com	0	301	https://www.wwwind.com/
https://albergoristorantetavernelle.com/	0	200	
https://allacostiera.it/	0	404	
https://agriturismouliveta.it	0	301	https://www.agriturismouliveta.it/
https://alteatro.delivery/	0	200	
https://antica-forneria-scarparo-pasticceria.business.site/	0	404	
https://anagrafe.iccu.sbn.it/isil/IT-VE0217	0	200	
https://attenti-al-lupo-tattoo.business.site/	0	404	
https://articojesolo.it/	0	200	
https://bar-holiday.business.site/	0	404	
http://www.tommyhilfiger.de/	28		
https://babupasticceria.com/	0	200	
https://albiviodegliartisti.it/	0	200	
https://bloombeautycenter.it/	0	200	
https://borgo-co.it/	0	200	
https://bottegafaustino.business.site/	0	404	
https://birronebar.it/locali-birrone/birrone-schio/	0	200	
https://bur.regione.veneto.it/BurvServices/pubblica/burvGalleryDettaglio.aspx?id=85	0	200	
https://bur.regione.veneto.it/BurvServices/pubblica/burvGalleryDettaglio.aspx?id=715	0	200	
https://bargiorgione.it/	0	200	
https://calimeros-wine-bar-gelateria.eatbu.com	0	302	https://calimeros-wine-bar-gelateria.eatbu.com/?lang=en
https://calzaturetomba.com/	0	200	
https://carichisospesi.com/	0	202	
https://casagioia.agriturismibibione.it/	0	200	
https://busadeibriganti.com/busa-dei-briganti-padova/	0	200	
https://castelfrancoveneto.ubiklibri.it	0	301	https://www.ubiklibri.it/librerie/ubik-castelfranco
https://casettarossasulter.wixsite.com/casetta-rossa-sul-te	0	200	
https://castellodisoave.it/	0	301	/it
https://campingmarmolada.it/	0	200	
https://catalogo.beniculturali.it/detail/ArchitecturalOrLandscapeHeritage/0500264812	0	200	
https://catalogo.beniculturali.it/detail/ArchitecturalOrLandscapeHeritage/0500174878	0	200	
https://catalogo.beniculturali.it/CulturalInstituteOrSite/1470253231488	0	200	
https://catalogo.beniculturali.it/detail/ArchitecturalOrLandscapeHeritage/0500184100	0	200	
https://cercalatuascuola.istruzione.it/cercalatuascuola/istituti/TV1A030002/scuola-materna-maria-immacolata/	0	301	https://unica.istruzione.gov.it/cercalatuascuola/istituti/TV1A030002/scuola-materna-maria-immacolata/
https://ciaopickles.it/	0	200	
https://cinemafamiglia.it/	0	200	
https://coinatmradar.com/bitcoin_atm/5718/bitcoin-atm-general-bytes-sona-centro-commerciale-la-grande-mela/	0	403	
https://chiosco-acquario.it/	0	200	
https://collineconeglianovaldobbiadene.it/	0	200	
https://comune.albignasego.pd.it/agenda-smart/441299/parco-via-costituzione#descrizione	0	404	
https://comune.cadoneghe.pd.it/contenuti/254349/orti-sociali	0	404	
https://consorziodelboscomontello.it/la-tradotta/	0	301	https://consorziodelboscomontello.it/info/la-tradotta/
https://consorzioleb.it/la-vasca-di-carico-e-sedimentazione/	0	200	
https://curtarelloviaggi.it	0	200	
https://dacallegaro.com/	0	200	
https://damaschino.it	0	200	
https://costalungavini.com/	0	200	
https://daspillo.it	0	200	
https://ellenfashion8.business.site/	0	404	
https://emanuelemartino.wordpress.com/acqua-e-territorio/itinerari-dacqua-nel-veneto/il-mulino-di-bagnarolo/	0	200	
https://emporium-abbigliamento.com/	0	103	
https://catalogo.beniculturali.it/detail/ArchitecturalOrLandscapeHeritage/0500297462	0	200	
https://catalogo.beniculturali.it/detail/ArchitecturalOrLandscapeHeritage/0500264839	0	200	
https://enatura-shop.com	0	200	
https://engidea.com	0	301	https://www.engidea.com/
https://dexive.it	0	200	
https://eroica.cc/it/padova	0	301	https://www.eroica.cc/wp-content/uploads/2025/07/padova-scaled.jpg
https://equimondo.net/jesolo/	0	202	
https://farmaciainternazionalecortina.it	0	301	https://www.farmaciainternazionalecortina.it/
https://ferramentasibella.it/	0	202	
https://esteticabeautyk.it/	0	200	
https://fioreria-barbara.business.site/	0	404	
https://floriana-parrucchieri.business.site/	0	404	
https://farmaciacomelli.com/	0	200	
https://ffw-oberschwappach.de.tl/Kontakt.htm	0	200	
https://extradryenoteca.com/	0	200	
https://friulbrau.com/	0	202	
https://gchumanrights.org	6		
https://fondazionezavrel.it/scuola/scuola-internazionale-dillustrazione/	0	404	
https://ghimelgarden.com/	0	200	
https://garnionda.com	0	301	http://www.garnionda.com/
https://gigglemugs.it/	0	202	
https://gigibigul.jimdo.com/	0	403	
https://gio-gelato-lacchiappasogni.business.site/	0	404	
https://giocoverticale.it/	0	202	
https://giuntialpunto.it/pages/libreria/verona-vr-70304	0	200	
https://golden-sushi.it/	0	202	
https://hotelcanova.net/	0	301	https://www.hotelcanova.net/
https://gruppoambientesgdp.wordpress.com/oasi-f-rossato-2/	0	200	
https://gliarta.it/	0	200	
https://grupposirio.com/	0	200	
https://ilpomodorino.weebly.com	0	200	
https://ilceppovicenza.it	0	202	
https://improntagourmet.xmenu.it	0	302	https://improntagourmet.xmenu.it/restaurant_expired
https://ilgiardinetto.eu/	0	302	https://ilgiardinetto.eu/it/home-video/
https://instagram.com/valbare_?igshid=YmMyMTA2M2Y=	0	301	https://instagram.com/valbare_/?igshid=YmMyMTA2M2Y%3D
https://infanzianidoghezzoeraclea.it/	0	200	
https://hotelcortemarchesini.it/	0	200	
https://interstyle.it	0	200	
https://intrepidacalcioverona.it	0	301	https://www.intrepidacalcioverona.it/
https://it-it.facebook.com/pg/equusvillatrento/	0	301	https://it-it.facebook.com/equusvillatrento
https://it.pandora.net/it/	0	403	
https://it-it.facebook.com/LArtigianoDellaPizza	0	200	
https://it.wikipedia.org/wiki/Cologna_Veneta	0	200	
https://la-macelleria-in-piazzetta.business.site/	0	404	
https://lancorabibione.it/	6		
https://kipin.app/30nlj60d7v7k	0	200	
https://lasosta2021.it/	0	202	
https://leggimenu.it/menu/sanmarcoeste	0	301	https://www.leggimenu.it/menu/sanmarcoeste
https://lalanternaverona.it	0	200	
https://leopoldomandic.it/	0	200	
https://linktr.ee/bosshoggwhiskycounty	0	200	
https://m.facebook.com/ChioscoFortuna/	0	302	https://m.facebook.com/login.php?next=https%3A%2F%2Fm.facebook.com%2FChioscoFortuna%2F&refsrc=deprecated&_rdr
https://m.facebook.com/SupermercatoDuranteBibione/	0	302	https://m.facebook.com/login.php?next=https%3A%2F%2Fm.facebook.com%2FSupermercatoDuranteBibione%2F&refsrc=deprecated&_rdr
https://m.facebook.com/SushiKokoriCerea/	0	302	https://m.facebook.com/login.php?next=https%3A%2F%2Fm.facebook.com%2FSushiKokoriCerea%2F&refsrc=deprecated&_rdr
https://lartigianodeisapori.it/link/	0	200	
https://m.facebook.com/bardoxbolzanovicentino/	0	302	https://m.facebook.com/login.php?next=https%3A%2F%2Fm.facebook.com%2Fbardoxbolzanovicentino%2F&refsrc=deprecated&_rdr
https://m.facebook.com/cantinavenetabibione/	0	302	https://m.facebook.com/login.php?next=https%3A%2F%2Fm.facebook.com%2Fcantinavenetabibione%2F&refsrc=deprecated&_rdr
https://m.facebook.com/chioscolabaitajesololido/	0	302	https://m.facebook.com/login.php?next=https%3A%2F%2Fm.facebook.com%2Fchioscolabaitajesololido%2F&refsrc=deprecated&_rdr
https://m.facebook.com/chioscopalladio/	0	302	https://m.facebook.com/login.php?next=https%3A%2F%2Fm.facebook.com%2Fchioscopalladio%2F&refsrc=deprecated&_rdr
https://m.facebook.com/chioscosanmarcojesolo	0	302	https://m.facebook.com/login.php?next=https%3A%2F%2Fm.facebook.com%2Fchioscosanmarcojesolo&refsrc=deprecated&_rdr
https://m.facebook.com/momolibibione	0	302	https://m.facebook.com/login.php?next=https%3A%2F%2Fm.facebook.com%2Fmomolibibione&refsrc=deprecated&_rdr
https://m.facebook.com/pages/category/Bar/Chiosco-Bar-Vela-Azzurra-152672605550358/	0	302	https://m.facebook.com/login/?next=https%3A%2F%2Fm.facebook.com%2Fpages%2Fcategory%2FBar%2FChiosco-Bar-Vela-Azzurra-152672605550358%2F&refsrc=deprecated&_rdr
https://m.facebook.com/pages/category/Bar/Chiosco-Da-Walter-Jesolo-166935210034567/	0	302	https://m.facebook.com/login/?next=https%3A%2F%2Fm.facebook.com%2Fpages%2Fcategory%2FBar%2FChiosco-Da-Walter-Jesolo-166935210034567%2F&refsrc=deprecated&_rdr
https://m.facebook.com/profile.php?id=100054225980478	0	302	https://m.facebook.com/login/?next=https%3A%2F%2Fm.facebook.com%2Fprofile.php%3Fid%3D100054225980478&refsrc=deprecated&_rdr
https://m.facebook.com/profile.php?id=220011118046287	0	302	https://m.facebook.com/login/?next=https%3A%2F%2Fm.facebook.com%2Fprofile.php%3Fid%3D220011118046287&refsrc=deprecated&_rdr
https://majer.it	0	103	
https://m.bb30.it/str.asp?id=22487	6		
https://mcrecoaro.wordpress.com/	0	200	
https://martora.it/	0	200	
https://menu.movenu.it/1758/bar-viola/	6		
https://mattipessetti.it	0	301	https://www.mattipessetti.it/
https://messaggerosantantonio.it/	0	200	
https://moovitapp.com/index/it/mezzi_pubblici-line-LIS-Padova-1842-775352-771261-0	0	200	
https://mercatodelleoccasioni.com/	0	200	
https://mobile.villagraziella.com	0	200	
https://luppoland.com/	0	200	
https://mymenuweb.com/it/restaurants/1057481/	0	200	
https://mymenuweb.com/it/restaurants/1055083/	0	200	
https://negozi.libraccio.it/negozi/padova/libraccio-padova	0	200	
https://onoranzefunebribrogio.it	0	301	http://www.onoranzefunebribrogio.it/
https://negozi.pittarosso.com/it/italia/verona/verona	0	301	https://negozi.pittarosso.com/veneto/provincia-di-verona/verona/pittarosso-verona-29
https://padovanet.it/informazione/monumento-memoria-e-luce	0	301	https://www.comune.padova.it/informazione/monumento-memoria-e-luce
https://osteriaenotecalapiazzetta.eatbu.com	0	404	
https://orientexpresspadova.com	60		
https://motuslegno.it	0	200	
https://pasticceriafilippi.it/	0	200	
https://piugusti-padova.it	0	200	
https://pizzeriaristoranteduefratelli.eatbu.com/	0	302	https://pizzeriaristoranteduefratelli.eatbu.com/?lang=en
https://padovasorprende.it/dei-santi-e-dei-miracoli-in-padova/	0	200	
https://parcolonzina.it/	0	200	
https://porca-vacca-gastronomia-macelleria.business.site/	0	404	
https://pranagelateria.com/	0	200	
https://poke-house.com/en-us/location/	0	200	
https://restaurantguru.com/Pizzeria-alla-Botte-Conegliano	0	405	
https://ribes.style/	0	301	https://www.ribes.style/
https://ristoranteafazenda.it/	0	403	
https://ristorantetempini.com/	0	302	http://ww25.ristorantetempini.com/?subid1=20251007-1932-23c1-890c-eb60c46626d9
https://photogabaldo.rikorda.it/	0	200	
https://ristoranteatmosphera.it/	0	200	
https://radiatoripezzolo.it	0	301	https://www.radiatoripezzolo.it/
https://shop.mango.com/preHome.faces	0	403	
https://rovigocentro.ubiklibri.it	0	301	https://www.ubiklibri.it/librerie/ubik-rovigo-centro
https://shop.vestopazzo.it/	0	403	
https://serviziambientali.idealservice.it/it/comuni/sossano/	0	200	
https://sechome.it/	0	200	
https://speranzatatuaggi.it/	0	202	
https://sicura-mente.it/	0	200	
https://stores.deichmann.com/it	0	404	
https://stores.deichmann.com/it-it/it/verona/verona/viale-delle-nazioni-1indoor=room	0	404	
https://stringhetta-luca.business.site/	0	404	
https://tesakesushi.com/it/	0	405	
https://trattoria-cavazuccherina.business.site/	0	404	
https://trattoria-al-borgo.eatbu.com/	0	302	https://trattoria-al-borgo.eatbu.com/?lang=en
https://springo.it	0	301	https://www.springo.it/
https://sposadeste.com	0	200	
https://tvb.bibliotechetrevigiane.it/SebinaOpac/.do?pb=VIAOD	0	200	
https://viadeiforti.it	0	202	
https://valpeambiente.it/p/gestione-rifiuti/ecosportello	0	200	
https://vicenza.babybazar.it/	0	200	
https://viadeiforti.it/index.php?setlanguage=de_DE	0	202	
https://upvillafrancavr.it/parrocchie/chiesa-di-san-zeno/	0	200	
https://trentocaminetti.it/	0	200	
https://vicenza.cngei.it/casa-di-caccia-gogna/	0	200	
https://www.abacoviaggi.com/	0	200	
https://www.adigeo.com	0	200	
https://www.admiralclub.it/	0	200	
https://www.abitaremare.com/	0	200	
https://www.adigeo.com/shopping/oysho/	0	200	
https://www.agec.it/IT/Agec-Servizi-Cimiteriali/Cimiteri-di-Verona/Cancello.html	0	200	
https://www.adriatur.it/	0	301	https://adriatur.it/
https://www.aeo.it/punti-vendita/Veneto/supermercato-aeo-cordignano	0	200	
https://www.agenziasabina.it/	0	302	it/
https://www.agricolailgiogo.com/it/area-camper	0	200	
https://www.agriristorantealbraglio.com/	0	200	
https://www.agenziauniverso.it/	0	200	
https://www.agriturismo.it/de/bauernhof/venetien/vicenza/AiMarosi-5730559/index.html	0	404	
https://www.aidoarchi.it/	0	200	
https://www.agriturismoacinatico.it	0	301	https://agriturismoacinatico.it/
https://www.airdolomiti.it/	0	200	
https://www.agriturismocampidigrano.it	0	200	
https://www.albigolaro.it/	0	403	
https://www.alexdepasetattoo.com/	0	200	
https://www.agenzia-serena.it/?utm_source=google&utm_medium=mybusiness&utm_campaign=agenziaserena	0	200	
https://www.almontedilivio.com/	0	200	
https://www.alvearemporio.it/	0	403	
https://www.ambulatoriostella.it/	0	200	
https://www.amiavr.it/URP/Isole-ecologiche	0	200	
https://www.altapianuraveneta.eu/files/opere-di-laminazione-piene-fiume-agno-gua/brochure_trissino_46243.pdf	0	404	
https://www.albergomolteni.it/	28		
https://www.anticadrogheriacollavo.it	0	404	
https://www.anytimefitness.it	0	307	https://www.anytimefitness.it/
https://www.alisupermercati.it/punti-vendita/aliper-dueville	28		
https://www.aopd.veneto.it/Progetto-Mens-sana-in-corpore-sano	0	200	
https://www.arancissima.com	6		
https://www.archeoveneto.it/portale/wp-content/filemaker/stampa_scheda_estesa.php?recid=191	0	200	
https://www.anellodellavalbelluna.it/	0	200	
https://www.animaemusica.com/	0	200	
https://www.areazenith.it/	0	200	
https://www.asiago.it/en/downhill_skiing/sciovie_verena_2000/ski_slopes/	0	403	
https://www.asiago.it/it/sci_di_discesa/sciovie_biancoia/piste_discesa/	0	403	
https://www.areacamperpeschiera.com/	0	200	
https://www.assistem.it/	35		
https://www.armoniestore.it/	0	200	
https://www.augustascuolainfanzia.it/	0	200	
https://www.asolo.it/come-arrivare/	0	200	
https://www.aumai.it/	0	200	
https://www.aulss7.veneto.it/ospedale-di-asiago	0	200	
https://www.avioparking.it/	0	200	
https://www.bancaprealpisanbiagio.it/filiali/este/	0	200	
https://www.bakarovenezia.com/	0	200	
https://www.aovr.veneto.it/azienda/dove-siamo/parcheggi	28		
https://www.barausse.com/it/dove-acquistare/porte-e-finestre-barausse-dqg/	0	301	https://www.barausse.com/it/dove-acquistare/
https://www.barausse.com/it/dove-acquistare/factory-store-cavazzale/	0	301	https://www.barausse.com/it/dove-acquistare/porte-barausse-factory-store/
https://www.barausse.com/	0	301	https://www.barausse.com/it/
https://www.barcastores.com/it	0	200	
https://www.bbsile.it/	0	200	
https://www.befedpub.com/befed-treviso/	0	200	
https://www.befedpub.com/	0	200	
https://www.bershka.com/	0	403	
https://www.athlonfit.it	28		
https://www.bierstubefestung.com/	0	301	https://bierstubefestung.com/
https://www.bibionespiaggia.com	0	200	
https://www.bistrosangiustino.it/	0	403	
https://www.beicapelliparrucchieri.it	0	200	
https://www.bluespirit.com/	0	200	
https://www.bmr-genomics.it/	60		
https://www.bonometti.it/	60		
https://www.bata.it/	0	301	https://www.bata.com/it/
https://www.borgostazione.com	0	200	
https://www.bricocenter.it/it/punti-vendita/ep-minisito-punto-vendita/padova	0	403	
https://www.bper.it/	0	200	
https://www.bioboutique.org/	0	200	
https://www.caffepedrocchi.it/	0	200	
https://www.caffecavour.com	0	200	
https://www.caiveneto.it/bivacco/sperti	0	200	
https://www.cacorniani.it/portfolio_page/le-opere-arte/	0	200	
https://www.caiveneto.it/rifugio/bianchet	0	200	
https://www.calliope.style/it-it/	0	200	
https://www.calvinklein.it/	92		
https://www.blueday.it/	0	301	https://blueday.it/
https://www.calzedonia.com/it/	0	200	
https://www.campeggiopanorama.com	0	200	
https://www.calvenere.com/	0	200	
https://www.carlettiwash.it/	0	200	
https://www.carpanesecirillo.it	0	200	
https://www.caorle.eu/en/discover/caorle-on-bike/caorle-on-bike	0	200	
https://www.carpisa.it/it_it/	0	200	
https://www.carrozzeriakcm.it/	0	200	
https://www.casagruppo.it	35		
https://www.casadispiritualita.it/	0	301	https://oasisantantonio.com
https://www.caorle.eu/booking/?language=1#/accommodations/TRN/e2c75e2a-28e7-4c2c-be51-098283e4b0de/ostello-della-gioventu--in-localita--brussa?useDetailSearch=false	0	200	
https://www.casalserugoedintorni.it/villa-argenti	0	200	
https://www.centrocommercialeairone.it/	0	301	https://www.aironeshoppingcenter.it/
https://www.ccberchet.it/	0	200	
https://www.centrogiotto.com/negozi/bluespirit/	0	200	
https://www.centrogiotto.com/negozi/bettin/	0	200	
https://www.centrogiotto.com/negozi/douglas/	0	200	
https://www.centrogiotto.com/negozi/forpen/	0	200	
https://www.centrogiotto.com/negozi/ginza/	0	200	
https://www.centrogiotto.com/negozi/kasanova/	0	200	
https://www.centrogiotto.com/negozi/la-feltrinelli/	0	200	
https://www.centrogiotto.com/negozi/pittarosso/	0	200	
https://www.ceramicheambrosi.it/	0	200	
https://www.carabinieri.it/	28		
https://www.chicco.it/	0	200	
https://www.centroleielui.it/	0	200	
https://www.cinemafarinelli.com/	0	200	
https://www.cirkusbar.it/	6		
https://www.ciclisperandio.com/	0	200	
https://www.cisalfasport.it/	0	200	
https://www.civibank.it/	0	103	
https://www.cisom.org/	0	200	
https://www.civibank.it/banca/filiale-banca-jesolo?utm_source=google&utm_medium=clic_website&utm_campaign=my_business&utm_content=Jesolo	0	200	
https://www.charterboat.it/	0	301	https://www.charterboat.it/it/
https://www.clinicafavero.it/	0	202	
https://www.comecaneegatto.it/	35		
https://www.colliberici.it/it/agugliaro	0	301	https://colliberici.it/it/agugliaro
https://www.comet.it/	0	200	
https://www.comune.barbaranomossano.vi.it/home/vivere/grotta-San-Bernandino.html	0	403	
https://www.comune.jesolo.ve.it/home	0	403	
https://www.comune.lusianaconco.vi.it	0	200	
https://www.comune.castelfrancoveneto.tv.it/vivere-il-comune/luoghi/biblioteca-comunale/	0	200	
https://www.comune.montegaldella.vi.it/vivere-il-comune/territorio/itinerari/	0	200	
https://www.comune.selvazzano-dentro.pd.it/zf/index.php/musei-monumenti/index/dettaglio-museo/museo/9	0	301	https://www.comune.selvazzano-dentro.pd.it/
https://www.comune.musile.ve.it/	0	200	
https://www.comune.venezia.it/it/content/anagrafe-semplice	0	200	
https://www.centronuotolebandie.it/	28		
https://www.comune.venezia.it/sites/comune.venezia.it/files/immagini/PUMS/Mappa-ciclabili-Venezia%202021.pdf	0	200	
https://www.comune.venezia.it/it/content/favaro-veneto-0	0	200	
https://www.comune.venezia.it/it/content/vez-biblioteca-civica-mestre	0	200	
https://www.comune.bussolengo.vr.it/it/point-of-interest/707714	0	301	https://www.comune.bussolengo.vr.it/it/vivere/707714
https://www.comunesanmichele.it/flex/cm/pages/ServeBLOB.php/L/IT/IDPagina/2476	0	301	https://www.comune.sanmichelealtagliamento.ve.it/flex/cm/pages/ServeBLOB.php/L/IT/IDPagina/2476
https://www.comunesanmichele.it/elenco-scuole	0	301	https://www.comune.sanmichelealtagliamento.ve.it/elenco-scuole
https://www.comunesanmichele.it/flex/cm/pages/ServeBLOB.php/L/IT/IDPagina/623	0	301	https://www.comune.sanmichelealtagliamento.ve.it/flex/cm/pages/ServeBLOB.php/L/IT/IDPagina/623
https://www.coopalleanza3-0.it/fare-spesa/elenco-negozi/dettaglio-negozio/2820-bolzano-vicentino.html	0	403	
https://www.coopalleanza3-0.it/	0	403	
https://www.coopalleanza3-0.it/fare-spesa/elenco-negozi/dettaglio-negozio/90-castelfranco-veneto.html	0	403	
https://www.comune.vicenza.it/vicenza/turismo.php/muoversi_a_vicenza/vi.bicipark_ponte_san_paolo	0	410	
https://www.crai-supermercati.it/	0	403	
https://www.countryhouserugiada.it/	6		
https://www.culturaveneto.it/it/beni-culturali/ville-venete/5d96535dd909e7846018f7e1	0	200	
https://www.culturaveneto.it/beni-culturali/ville-venete/5d934835ac5c3fddcc273a3e	0	200	
https://www.culturaveneto.it/it/beni-culturali/ville-venete/5d931808ac5c3fddcc272a11	0	200	
https://www.culturaveneto.it/it/beni-culturali/ville-venete/5d95f253063c7dba3c0f14c4	0	200	
https://www.d-piu.com/	0	202	
https://www.decathlon.it/	0	403	
https://www.dapino.it/	0	202	
https://www.despar.it/it/mobile/	0	301	https://www.despar.it/it/
https://www.deepintango.com/	0	200	
https://www.despar.it/it/punto-vendita-eurospar/920/san-michele-al-tagliamento/	0	302	https://www.despar.it/it/punto-vendita-eurospar/920/bibione-san-michele-al-tagliamento/920/
https://www.despar.it/it/punto-vendita-eurospar/939/verona/	0	200	
https://www.dagiselda.it/	0	200	
https://www.dianahotel.it/rifugio-alpino-la-zopa/	0	404	
https://www.domofacile.it/	6		
https://www.dm-drogeriemarkt.it/store/i03g/verona-vr/viale-della-nazioni-1	0	200	
https://www.douglas.it/	92		
https://www.effebibottega.com	0	302	https://www.effebibottega.it
https://www.dreizinnen.com	0	301	/en
https://www.ecostore.it/store/eco-store-sarmeola/	0	200	
https://www.desideriomaterassi.it/	0	200	
https://www.emporiodelmaterasso.com/	0	200	
https://www.euclima.it	0	302	SITO_EUCLIMA/index.html
https://www.eurobikebibione.it/	0	200	
https://www.eurovacanzebibione.it/	0	302	https://www.eurovacanzebibione.it/it/
https://www.facebook.com/AeOBolzanoVicentino/	0	200	
https://www.facebook.com/Agrimarchetto2003saonara/?locale=it_IT	0	200	
https://www.eliteviaggi.com/	0	301	https://eliteviaggi.com/
https://www.facebook.com/AgriturismoAlVecioMagazin	0	302	https://www.facebook.com/login/?next=https%3A%2F%2Fwww.facebook.com%2FAgriturismoAlVecioMagazin
https://www.facebook.com/AgriturismoOasiCaDelLago	0	200	
https://www.facebook.com/Bike-Park-Scorz%C3%A8-384656858715780/	0	302	https://www.facebook.com/login/?next=https%3A%2F%2Fwww.facebook.com%2FBike-Park-Scorz%25C3%25A8-384656858715780%2F
https://www.facebook.com/Ca-del-Tajo-263497147593153/	0	302	https://www.facebook.com/login/?next=https%3A%2F%2Fwww.facebook.com%2FCa-del-Tajo-263497147593153%2F
https://www.facebook.com/DaMarziano/	0	200	
https://www.facebook.com/MichelangeloDaVinci	0	200	
https://www.facebook.com/DittaSartea/	0	200	
https://www.facebook.com/Ortocorto-799439373411565	0	302	https://www.facebook.com/login/?next=https%3A%2F%2Fwww.facebook.com%2FOrtocorto-799439373411565
https://www.facebook.com/Padova4FSE?locale=it_IT	0	200	
https://www.facebook.com/QuiMangioDaGiorgio/	0	200	
https://www.facebook.com/RostiChicco/	0	200	
https://www.facebook.com/Sangiacomovet/	0	200	
https://www.facebook.com/alfistomba/	0	200	
https://www.facebook.com/VillaPerale20/	0	302	https://www.facebook.com/login/?next=https%3A%2F%2Fwww.facebook.com%2FVillaPerale20%2F
https://www.facebook.com/areaverdepalazzina/	0	302	https://www.facebook.com/login/?next=https%3A%2F%2Fwww.facebook.com%2Fareaverdepalazzina%2F
https://www.facebook.com/caseificiomagnasame/?locale=it_IT	0	302	https://www.facebook.com/login/?next=https%3A%2F%2Fwww.facebook.com%2Fcaseificiomagnasame%2F%3Flocale%3Dit_IT
https://www.facebook.com/ciboeventi/	0	302	https://www.facebook.com/login/?next=https%3A%2F%2Fwww.facebook.com%2Fciboeventi%2F
https://www.facebook.com/condivisionedigusto/	0	302	https://www.facebook.com/login/?next=https%3A%2F%2Fwww.facebook.com%2Fcondivisionedigusto%2F
https://www.facebook.com/ferramentabaciliero	0	302	https://www.facebook.com/login/?next=https%3A%2F%2Fwww.facebook.com%2Fferramentabaciliero
https://www.facebook.com/fondazionecavendramin/	0	302	https://www.facebook.com/login/?next=https%3A%2F%2Fwww.facebook.com%2Ffondazionecavendramin%2F
https://www.facebook.com/iltelaiobikecafe/	0	302	https://www.facebook.com/login/?next=https%3A%2F%2Fwww.facebook.com%2Filtelaiobikecafe%2F
https://www.facebook.com/lavandapolesana/	0	302	https://www.facebook.com/login/?next=https%3A%2F%2Fwww.facebook.com%2Flavandapolesana%2F
https://www.facebook.com/lemunichpub	0	302	https://www.facebook.com/login/?next=https%3A%2F%2Fwww.facebook.com%2Flemunichpub
https://www.facebook.com/locandaacciuga/	0	302	https://www.facebook.com/login/?next=https%3A%2F%2Fwww.facebook.com%2Flocandaacciuga%2F
https://www.facebook.com/mulinopestasassinove/	0	302	https://www.facebook.com/login/?next=https%3A%2F%2Fwww.facebook.com%2Fmulinopestasassinove%2F
https://www.facebook.com/osservatoriocentrovisitatorivallevecchia/	0	302	https://www.facebook.com/login/?next=https%3A%2F%2Fwww.facebook.com%2Fosservatoriocentrovisitatorivallevecchia%2F
https://www.facebook.com/p/Garage-Patavium-100070034163062/	0	302	https://www.facebook.com/login/?next=https%3A%2F%2Fwww.facebook.com%2Fp%2FGarage-Patavium-100070034163062%2F
https://www.facebook.com/p/Scuola-dellInfanzia-e-Nido-Integrato-Madonna-Incoronata-100063837469331/	0	302	https://www.facebook.com/login/?next=https%3A%2F%2Fwww.facebook.com%2Fp%2FScuola-dellInfanzia-e-Nido-Integrato-Madonna-Incoronata-100063837469331%2F
https://www.facebook.com/p/Villa-Rosa-Tramonte-100063543910507	0	302	https://www.facebook.com/login/?next=https%3A%2F%2Fwww.facebook.com%2Fp%2FVilla-Rosa-Tramonte-100063543910507
https://www.facebook.com/pages/Ai-Lares-Agriturismo/1501290786764876	0	302	https://www.facebook.com/100047209874628/
https://www.facebook.com/panificio.demas.micheluto/	0	302	https://www.facebook.com/login/?next=https%3A%2F%2Fwww.facebook.com%2Fpanificio.demas.micheluto%2F
https://www.facebook.com/parco.guizze	0	302	https://www.facebook.com/login/?next=https%3A%2F%2Fwww.facebook.com%2Fparco.guizze
https://www.facebook.com/parcoinclusivoviadelleacaciefontaniva/	0	302	https://www.facebook.com/login/?next=https%3A%2F%2Fwww.facebook.com%2Fparcoinclusivoviadelleacaciefontaniva%2F
https://www.facebook.com/poggioameno.pd/	0	302	https://www.facebook.com/login/?next=https%3A%2F%2Fwww.facebook.com%2Fpoggioameno.pd%2F
https://www.facebook.com/raggiodisole.onlus.5?fref=ts	0	302	https://www.facebook.com/login/?next=https%3A%2F%2Fwww.facebook.com%2Fraggiodisole.onlus.5%3Ffref%3Dts
https://www.facebook.com/ristorantediemanuele/	0	302	https://www.facebook.com/login/?next=https%3A%2F%2Fwww.facebook.com%2Fristorantediemanuele%2F
https://www.facebook.com/santateresacountryhouse/	0	302	https://www.facebook.com/login/?next=https%3A%2F%2Fwww.facebook.com%2Fsantateresacountryhouse%2F
https://www.facebook.com/scuolainfanziavalsanzibio/	0	302	https://www.facebook.com/login/?next=https%3A%2F%2Fwww.facebook.com%2Fscuolainfanziavalsanzibio%2F
https://www.facebook.com/vacamoracafe/	0	302	https://www.facebook.com/login/?next=https%3A%2F%2Fwww.facebook.com%2Fvacamoracafe%2F
https://www.facebook.com/trattoriaallaquaglia/about?locale=it_IT	0	200	
https://www.facebook.com/vodafonestoreSanLazzaro/	0	302	https://www.facebook.com/login/?next=https%3A%2F%2Fwww.facebook.com%2FvodafonestoreSanLazzaro%2F
https://www.facebook.com/yamaranch/	0	302	https://www.facebook.com/login/?next=https%3A%2F%2Fwww.facebook.com%2Fyamaranch%2F
https://www.farmaciafabrospinea.it/	6		
https://www.farmaciafavarin.it/	0	500	
https://www.farmaciaportavecchiaeste.it/	6		
https://www.farmaciatreponti.it/	0	200	
https://www.farmaciamartelletto.it/	0	200	
https://www.fattoriadeifiori.it/	0	200	
https://www.fablabcfv.org/	28		
https://www.fitactive.it/i-club/padova-via-tedeschi.php	0	500	
https://www.ferrutensile.it/	0	200	
https://www.flowerburger.it/negozi/flower-burger-verona-2/	0	200	
https://www.fastcrossfit.it/	0	200	
https://www.gamestop.it/	0	301	https://www.gamelife.it:443/
https://www.fspark.it/it/parcheggi/nord-est-italia/padova.html	0	200	
https://www.gardaland.it/esplora-gardaland/gardaland-park/attrazioni/magic-house/	0	403	
https://www.footlocker.it/	0	200	
https://www.ghcspa.com/cmsr/	0	200	
https://www.geelfloricultura.com/	0	200	
https://www.ghiraldo-autoin.it/	0	200	
https://www.glpstudio.com/	60		
https://www.ginzo.it/	0	200	
https://www.gdcassicura.it/	0	200	
https://www.gottardospa.it/	0	200	
https://www.guardiacostiera.gov.it/organizzazione/delegazione-di-spiaggia-di-bibione	0	302	https://www.guardiacostiera.gov.it/portale/legacy?requestUrl=/organizzazione/delegazione-di-spiaggia-di-bibione
https://www.guess.eu/it-it/homepage	0	403	
https://www.h-farm.com/it	0	200	
https://www.hapimag.com/de/resorts/countries/IT/540026.html	0	301	https://www.hapimag.com/de-de/italien/venetien/cavallino-treporti/
https://www.faidanet.it/	28		
https://www.habitusoderzo.it/	0	200	
https://www.homes.it/	0	200	
https://www.hotelallacorte.it/	0	200	
https://www.hotelanthony.it/	0	200	
https://www.hotelcittadiconegliano.it/	6		
https://www.hotelcorallobibione.it/	0	202	
https://www.hotelirisjesolo.com/it	0	200	
https://www.hotelcasabianca.com/en/hotel-near-venice/1-0.html	0	301	https://www.hotelcasabianca.com/en/
https://www.hotelmadison.eu/	0	200	
https://www.hotelmorena.net/	0	200	
https://www.hotelmilanobibione.com/	0	200	
https://www.hotelorsogrigio.eu/	0	200	
https://www.hotelparioli.com/	0	200	
https://www.hotelorion.it	0	200	
https://www.icrubano.it/pvw/app/PDME0024/pvw_sito.php?sede_codice=PDME0024&page=2159268	0	301	https://www.icrubano.it/
https://www.icrubano.it/pvw/app/PDME0024/pvw_sito.php?sede_codice=PDME0024&page=2159270	0	301	https://www.icrubano.it/
https://www.ibif.it/	0	200	
https://www.ics12padova.edu.it/index.php/le-nostre-scuole/scuola-primaria-prati	6		
https://www.ics12padova.edu.it/index.php/le-nostre-scuole/scuola-sec-i-grado	6		
https://www.greencab.it	28		
https://www.ilgiornaledivicenza.it/	0	200	
https://www.ilgrottinovicenza.it/	0	200	
https://www.ilgirotondocafornera.com/	0	200	
https://www.incisoriavicentina.it/	0	200	
https://www.infinitysportvillage.com/	0	200	
https://www.inps.it/	0	200	
https://www.intimissimi.com/it/donna/	0	200	
https://www.irpcds.org	0	200	
https://www.irunvicenza.com/	0	200	
https://www.ilmaltese.it/	0	200	
https://www.jesolocampingvillage.com	0	301	https://www.clubdelsole.com/it/destinazioni/veneto-jesolo/jesolo-mare-family-village
https://www.jjstudio.it/	0	200	
https://www.junior-family.it/en/	0	200	
https://www.jtaca.com	0	302	https://www.jtaca.com/it
https://www.junior-family.it/euro-junior-direkt-am-meer-cavallino-treporti/	0	200	
https://www.junior-family.it/it/junior-farm/	0	200	
https://www.junior-family.it/residence-al-mare-cavallino-treporti/	0	200	
https://www.junior-family.it/residence-delle-rose-cavallino-treporti/	0	200	
https://www.junior-family.it/zimmer/	0	200	
https://www.junior-family.it/villaggio-margherita-cavallino-treporti/	0	200	
https://www.kikocosmetics.com/it-it/	0	200	
https://www.kiravacanze.it/	0	200	
https://www.kibag.it/deposito-bagagli-verona/deposito-kipoint-verona-pn/	0	200	
https://www.laboratoriolarian.it	0	301	https://laboratoriolarian.it/
https://www.katjahotelresort.com/?gclid=CjwKCAjwtcCVBhA0EiwAT1fY7-XXqX2oYUN490nS6ZgWsAPC0ABggDt7NFJIE3EKjNCDzUHr9ZentxoCSGMQAvD_BwE	0	200	
https://www.iltuomenu.info/barmajabibione/	28		
https://www.lafarmacia.it/?gclid=Cj0KCQjw9ZGYBhCEARIsAEUXITVYq1hLGnVWu6RH1Bn4lmr-1Fmzdyf1YygWsG85BYilB-uJs7dk3mAaAgj9EALw_wcB	0	200	
https://www.lagineriapadova.it	6		
https://www.lacasagioconda.it/	0	200	
https://www.lafarmacia.it/trova-farmacia/alla-salute-venezia	0	200	
https://www.laquercia.it/	0	200	
https://www.lalanternapadova.it/	0	200	
https://www.legacoopfvg.it/cooperative/societa-cooperativa-agricola-bibione/	0	200	
https://www.leggimenu.it/menu/casadelcaffecarraro	0	200	
https://www.lasvegasbibione.com/	0	301	https://lasvegasbibione.com/
https://www.leggimenu.it/menu/straneria	0	200	
https://www.lartediriposare.it/	0	200	
https://www.leroymerlin.it/negozi/marcon-ve.html	0	403	
https://www.leonardo-hotels.com/verona/leonardo-hotel-verona	0	200	
https://www.lego.com/it-it	0	200	
https://www.luxorcairohotel.it/	0	200	
https://www.liotto.com/	0	200	
https://www.levi.com/IT/it_IT/	0	200	
https://www.manawapoke.com/	0	202	
https://www.maisandre.it/palestra-arrampicata-barbisano/	0	404	
https://www.mainentipasticceria.it/	0	200	
https://www.marchiol.com/	0	302	https://www.marchiol.com/b2b/?site=mcSite
https://www.marendin.it	0	202	
https://www.maramen.com//	0	301	https://www.maramen.com/
https://www.lasaponaria.it/biostorie-montebelluna	28		
https://www.maxifeste.it	6		
https://www.market2ruote.it/	0	200	
https://www.margheranuota.it	0	200	
https://www.mediaworld.it/	0	403	
https://www.megaprezzibassi.it/	0	200	
https://www.medialuz.it/	0	200	
https://www.mincioinbike.it/	0	301	https://www.italybikehub.com/it/
https://www.mcserviziimmobiliari.com/	0	200	
https://www.merryg.it/	0	200	
https://www.montatopneumatici.it/	0	200	
https://www.mitoservice.it/	0	200	
https://www.monasterosandaniele.it	0	200	
https://www.multistore-jesolo.com/	0	526	
https://www.mtbservice.it	0	200	
https://www.nauticabibione.it/	0	200	
https://www.museodellerisorgive.it/scopri-le-risorgive/vivere-attorno-allacqua/i-nobili-capra-e-i-mulini/il-mulino-pesavento-di-via-sega/	0	200	
https://www.mptsicurezza.it/	0	200	
https://www.navigazionelaghi.it	0	200	
https://www.navigazionelaghi.it/	0	200	
https://www.newbalance.it/it	0	403	
https://www.newageclub.it	0	200	
https://www.oblocomfortfood.it/	6		
https://www.nonsolosport.it/	0	403	
https://www.nidoilmondodellefiabe.it/	0	200	
https://www.muradipadova.it/le-mura-rinascimentali/i-bastioni/baluardo-cornaro	0	403	
https://www.officinaperissinotto.it/	0	302	https://www.perissinottoautoservice.it
https://www.originalmarines.com/	0	200	
https://www.oscugnizzonapoletano-vicenza.it/	0	302	https://oscugnizzonapoletano-vicenza.it/
https://www.oldwildwest.it/code/20076/Padova-Via-Venezia	0	301	https://www.oldwildwest.it/it/ristoranti/padova
https://www.oldwildwest.it/Home	0	301	/
https://www.osteriafiorenero.it/	0	200	
https://www.ostiinombra.it/	0	403	
https://www.orizzontiverticali.tv.it/	0	202	
https://www.osteriaalmuseo.com	0	301	https://www.almuseoburano.com/
https://www.padovanet.it/famiglia-sociale-e-sport/asilo-nido-lo-scarabocchio	0	301	https://www.comune.padova.it/famiglia-sociale-e-sport/asilo-nido-lo-scarabocchio
https://www.ovs.it/it/it/stores/italia/veneto/belluno/ovs-feltre	0	301	https://www.ovs.it/it/it/stores/?storepath=italia%2Fveneto%2Fbelluno%2Fovs-feltre
https://www.padovanet.it/informazione/centro-infanzia-bambini-del-mediterraneo	0	301	https://www.comune.padova.it/informazione/centro-infanzia-bambini-del-mediterraneo
https://www.osteriamadonnetta.it/	0	200	
https://www.padovaurbspicta.org/i-beni/	0	200	
https://www.palazzodellascala.com	0	301	https://www.palazzodellascala.com/it/home
https://www.pampanorama.it/punti-vendita/padova-grassi	0	200	
https://www.palasportlongarone.it/attivita/parete-arrampicata/	0	301	https://palasportlongarone.it/attivita/parete-arrampicata/
https://www.parcodeltadelpo.org	6		
https://www.parconaturaviva.it/	0	200	
https://www.parcoavventurafiorine.it/	0	200	
https://www.palasportlongarone.it/	0	301	https://palasportlongarone.it/
https://www.pastaepizzaenonsolo.it/	0	200	
https://www.pasticceriaperliniverona.it/	0	200	
https://www.pescheriagilormar.it/	0	200	
https://www.pichiavo.com	0	200	
https://www.pittarello.com/it/	0	301	https://www.pittarello.com/
https://www.pierremagazine.com/	0	200	
https://www.piazzaitalia.it/	0	200	
https://www.pittarosso.com/it	0	200	
https://www.pizzabull.net/	0	200	
https://www.pizzeriajocker.it/	0	200	
https://www.pizzerialaghetto.it/	6		
https://www.pizzerialacastellanaeste.it/	0	200	
https://www.pizzerialafenice.eu/	0	200	
https://www.planetmountain.com/english/Rock/crags/settore.html?idfalesia=154&idsettore=1	0	404	
https://www.pizzerialalanternasrl.it/	0	200	
https://www.poltronesofa.com/it-IT/Index/	0	307	/it-IT/404
https://www.poliziadistato.it/	0	200	
https://www.postavecia.com/it/ristorante-cucina-veronese	0	200	
https://www.progettofrigus.it/destinations/casone-di-via-beolo/	0	200	
https://www.principehotel.it/	0	202	
https://www.pullandbear.com/	0	403	
https://www.poste.it/	0	200	
https://www.rifugiodibona.it/	0	200	
https://www.radioclubschio.it/	0	200	
https://www.pizzeriaalponte.com/	0	200	
https://www.rinascimento.com/	0	200	
https://www.ristorantealgamberojesolo.com/	0	202	
https://www.ristorantecuoreveneziano.com	0	200	
https://www.ristorantepina.it	0	202	
https://www.ristorantenin.it	0	301	https://www.ristorantenin.it/it/
https://www.ristorantepizzeriaprimavera.it/	0	200	
https://www.ristoranteskorpios.it/	0	200	
https://www.rendez-vous-fantasia.com	0	200	
https://www.ristorantebelleparti.it/it/home/	0	301	https://www.ristorantebelleparti.it/it/
https://www.ristorantepizzeriainbusa.it/	0	200	
https://www.rivericambi.it/	0	200	
https://www.roosterhouse.it/	0	200	
https://www.rosaebaffo.it/	0	301	http://rosaebaffo.it/
https://www.salmoiraghievigano.it/	0	403	
https://www.rubano.it/biblioteca-0	0	301	https://www.comune.rubano.pd.it/biblioteca-0
https://www.sanmarcohotel.info/	0	200	
https://www.runitalia.com/index.php/padova1/	0	200	
https://www.scriptasc.it/	0	200	
https://www.santantonio.org	0	301	https://www.santantonio.org/it
https://www.sephora.it/	0	403	
https://www.siriobibione.com/	0	302	https://www.siriobibione.com/it/
https://www.sigurta.it	0	200	
https://www.sireneblu.it/	0	200	
https://www.snipes.it/	0	301	https://www.snipes.com/it-it/
https://www.sinko.it/	0	200	
https://www.sonnybono.com/it/	0	301	https://sonnybono.com/it
https://www.skipasscortina.com/	0	301	https://skipasscortina.com/
https://www.stradivarius.com/	0	403	
https://www.staulanza.it	0	200	
https://www.stroilioro.com/	0	301	/it_IT
https://www.suegiusport.it/	6		
https://www.sugofranchising.com/	6		
https://www.sosinformatica.tech/	0	200	
https://www.soldemontalto.it/	0	200	
https://www.superdry.it/	0	200	
https://www.sushiko.it/it/ristoranti/sushiko-zane/	0	404	
https://www.swarovski.com/it-IT/	0	403	
https://www.tally-weijl.com/	0	200	
https://www.tavalveciopiave.com/	0	404	
https://www.tally-weijl.com/it_IT/	0	200	
https://www.studiolegalegarosi.it/	0	200	
https://www.telemar.it/	60		
https://www.terranovastyle.com/it_it/	0	200	
https://www.termesalesiani.it/mammamargherita/	0	200	
https://www.terrebianche.it	0	303	https://www.terrebianche.it/it/
https://www.thaismilemassaggio.com/	6		
https://www.tezenis.com/it/	0	200	
https://www.timberland.it/	0	403	
https://www.tiglioresidence.com/	0	200	
https://www.tiramisumeria.com	0	200	
https://www.termesalesiani.it/sanmarco/	0	200	
https://www.trattoriadallantionia.it	6		
https://www.trentinotrasporti.it/viaggia-con-noi/ferrovia	0	403	
https://www.taleateatro.eu/	28		
https://www.turismopadova.it/	0	200	
https://www.tourle.it/altavilla-vicentina/	0	200	
https://www.trattoriaalpioppo.it/	0	301	https://www.trattoriaalpioppo.it/it/
https://www.tuttialcentro.it	0	200	
https://www.unicredit.it/it/contatti-e-agenzie/lista-agenzie/tv/ponzano-veneto/ponzano-veneto-ag04062.html	92		
https://www.ubiklibri.it/librerie/ubik-padova	0	200	
https://www.two-way.it/	0	200	
https://www.unionlido.com/cose-da-fare/sport-fitness/cavallino-sport-center/	0	308	https://mare.unionlido.com/servizi/sport-fitness/cavallino-sport-center/
https://www.vagabondbike.it	0	301	https://vagabondbike.it/
https://www.unipd.it/	0	200	
https://www.vans.it/	0	403	
https://www.venditastampeantiche.com	0	403	
https://www.unieuro.it/online/negozi/Unieuro-Selvazzano	0	200	
https://www.venetos.it/	0	200	
https://www.vierobroker.it	35		
https://www.visitmuranoglassfactory.com/	0	403	
https://www.visitschio.it/it/vivi/cuore-di-schio/calzoleria-retis	0	200	
https://www.villasigurta.org/	0	200	
https://www.watermuseumofvenice.com/network/rete-patavina/porto-fluviale-del-portello/	0	200	
https://www.visitschio.it/en/vivi/gusto/Bar-Cristallo	0	200	
https://www.washclean.it	0	200	
https://www.yamamay.com/it_it/	0	200	
https://www.youtube.com/watch?v=4eQXbA9A0XA	0	200	
https://www.youtube.com/watch?v=qLy5eHhdkSc	0	200	
https://www.zara.com/	0	403	
https://www.zarahome.com/it/	0	403	
https://www.zuiki.it/	0	103	
https://www.zentakeaway.it/home-page	0	200	
https://www.zoeacconciature.it	6		
https://www2.hm.com/de_de/index.html	0	403	
lievita.xmenu.it	-1		
parafarmaciamarosticana.it	-1		
vitourism.it/detail/?action=getLuoghidinteresseDetails&id=57	-1		
www.albergokrissin.com	-1		
www.barin.it	-1		
www.bibliotecadellosport.it	-1		
www.biemmespecialcars.it	-1		
www.caffepigafetta.it	-1		
www.canoale.it/	-1		
www.centoeotto.com	-1		
www.chieseverona.it	-1		
www.comune.zugliano.vi.it/vivere-il-comune/luoghi/centro-polizunzionale-zagora/	-1		
https://youtu.be/ethhgmx1Adw?si=eQTXJd92B6AZwWB9	0	303	https://www.youtube.com/watch?si=eQTXJd92B6AZwWB9&v=ethhgmx1Adw&feature=youtu.be
https://youtu.be/wnUA29iI2rc?si=33Z_h1QBPV2MYS9_	0	303	https://www.youtube.com/watch?si=33Z_h1QBPV2MYS9_&v=wnUA29iI2rc&feature=youtu.be
www.cristinaefranco.com	-1		
www.datalabamp.it	-1		
www.foreverbike.com	-1		
www.girardicittadella.it	-1		
www.hangar383.it	-1		
www.hoteltegorzo.it	-1		
www.hotelvillaalba.it	-1		
www.icsanmichele.edu.it	-1		
www.ilbiotto.it	-1		
www.infocars.it/	-1		
www.krishnapadova.it	-1		
www.lenotecadiarqua.it	-1		
www.locandasanlorenzo.it	-1		
www.magenta-cmf.it	-1		
www.maisazi.it	-1		
www.mantaonline.it	-1		
www.modesushi.it	-1		
www.molinettodellacroda.it/	-1		
www.monacosporthotel.com	-1		
www.nordestwash.com	-1		
www.otticapiubello.it	-1		
www.padovafarmacie.it	-1		
www.parcocollieuganei.com	-1		
www.pizzeriaallalpino.it	-1		
www.pizzeriailsaraceno.com	-1		
www.pozzatotappezzieri.com	-1		
www.riderhouse.it	-1		
www.ristorantelemacine.info	-1		
www.selfrighetti.it	-1		
www.soraris.it	-1		
www.teatroaicolli.com	-1		
www.tosoradiatori.com	-1		
www.trattoriamonticello.it/	-1		
www.venchi.it	-1		
www.villasceriman.it/	-1		
www.volpara.com	-1		
www.wptgroup.it	-1		
https://www.wownature.eu/areewow/bosco-olme/	0	200	
