<?xml version="1.0" encoding="UTF-8"?>
<!DOCTYPE html PUBLIC "-//W3C//DTD XHTML 1.0 Strict//EN"
    "http://www.w3.org/TR/xhtml1/DTD/xhtml1-strict.dtd">
<html xmlns="http://www.w3.org/1999/xhtml" xml:lang="en" lang="en">
<head>
  <meta http-equiv="content-type" content="text/html; charset=utf-8" lang="en"/>
  <title>OSM3S Response</title>
</head>
<body>

<p>The data included in this document is from www.openstreetmap.org. The data is made available under ODbL.</p>
<p><strong style="color:#FF0000">Error</strong>: runtime error: open64: 0 Success /osm3s_osm_base Dispatcher_Client::request_read_and_idx::timeout. The server is probably too busy to handle your request. </p>

</body>
</html>
node	64778383	http://www.comune.cittadella.pd.it/
node	256072226	www.padovafarmacie.it
node	262650779	http://www.lidopaina.it
node	276606873	https://www.navigazionelaghi.it
node	278635599	https://www.navigazionelaghi.it
node	299731116	https://www.comet.it/
node	303100506	www.volpara.com
node	325130331	https://www.caffepedrocchi.it/
node	345598737	http://www.hoteloasieste.it/
node	382367883	www.cristinaefranco.com
node	456270980	http://www.ristorantelapacemalcesine.com
node	476506948	https://www.pizzerialafenice.eu/
node	495261072	https://ilgiardinetto.eu/
node	512008215	https://www.navigazionelaghi.it
node	520544050	www.molinettodellacroda.it/
node	661508125	https://ferramentasibella.it/
node	667008247	https://busadeibriganti.com/busa-dei-briganti-padova/
node	667403243	http://www.leondoroeste.it/
node	667411905	www.riderhouse.it
node	669884648	https://www.megaprezzibassi.it/
node	672688951	https://www.farmaciaportavecchiaeste.it/
node	678578940	https://www.navigazionelaghi.it
node	685097691	http://www.hotelaldomoro.com/
node	699946389	https://www.albigolaro.it/
node	748774521	https://www.farmaciafavarin.it/
node	759972141	https://www.ristorantepizzeriainbusa.it/
node	831305726	http://www.farmacialancini.it/
node	835546219	https://www.navigazionelaghi.it
node	858274955	http://www.bocabona.it/
node	894314754	http://www.eatstore.it
node	898982866	http://www.agenziagraziato.it/
node	898982878	http://intralotitalia.intralot.it/Default2.aspx
node	899430510	http://www.caldieriviaggi.it/
node	902588347	http://www.spiderbikestore.com/
node	906562157	http://www.strapizzami.com/
node	914354496	http://www.sisonweb.it/
node	918021695	http://www.centroelisir.com/
node	918050442	http://www.rizzatocalzature.com/
node	921204817	http://www.euromar.it/
node	921597416	http://nonsolomotoeste.it/
node	921605295	http://www.oltretaglia.com/
node	951396811	http://www.discomagazine.it/
node	951450094	http://www.caieste.org/
node	951512084	http://www.libreriagregorianaestense.it/
node	951512093	http://www.libreriagregorianaestense.it/
node	1108064293	https://www.bper.it/
node	1185697522	http://www.agenzialavela.it
node	1270987684	http://www.farmaciagazzolo.it/
node	1331163137	http://www.museodeicollieuganei.it/
node	1333996013	http://www.valgoccia.com
node	1359899939	http://www.pizzeriaristorantegianca.com/
node	1393973113	http://www.teatroaccademia.it
node	1399961768	http://www.liceogiorgione.gov.it
node	1403118331	http://www.mandrillo.com/
node	1419411256	https://bargiorgione.it/
node	1419946941	https://www.farmaciafabrospinea.it/
node	1422538360	https://www.pizzeriaalponte.com/
node	1422882256	http://alteaerboristeria.it/
node	1437314443	http://www.ritratti.biz
node	1439630938	https://www.navigazionelaghi.it
node	1458908129	https://orientexpresspadova.com
node	1459105590	https://www.inps.it/
node	1459134000	http://www.sosushi.it
node	1459185506	https://www.caffecavour.com
node	1459404941	https://eroica.cc/it/padova
node	1460328633	http://www.hotelmignonpadova.com
node	1468293786	http://www.aquaepatavinae.it
node	1470942554	http://www.villaemo.it
node	1471087754	http://www.galbassapadovana.it
node	1471087761	http://www.galpatavino.it/
node	1471087768	http://www.venetianhostel.it/
node	1471840038	www.ristorantelemacine.info
node	1473107180	www.caffepigafetta.it
node	1473107184	www.selfrighetti.it
node	1492455790	http://www.cortepapadopoli.it/
node	1503764275	https://www.lalanternapadova.it/
node	1503764278	https://www.aidoarchi.it/
node	1507612564	http://www.sigma2.upr.si/
node	1508652124	http://www.sartorimaskmuseum.it/
node	1511842039	http://www.aighostels.it/it/ostelli/veneto/padova/ostello-san-salvaro
node	1530984361	http://www.lamontecchia.it/
node	1530984375	http://www.calandre.com/pagina.asp?pagina=montecchia&lingua=ita
node	1537929718	http://www.aicastelli.com/
node	1538479628	http://www.alain-messegue.it/
node	1539203015	www.pizzeriailsaraceno.com
node	1540754296	http://www.musei.padova.it/
node	1554291999	http://www.ferrolazzarini.it
node	1562759235	https://www.civibank.it/banca/filiale-banca-jesolo?utm_source=google&utm_medium=clic_website&utm_campaign=my_business&utm_content=Jesolo
node	1567932240	http://www.gallowaypadova.it/
node	1574153333	https://www.dapino.it/
node	1574217347	https://www.ciclisperandio.com/
node	1616779368	http://www.ostariacabrando.com/
node	1617966538	http://www.casa-rossi.com/
node	1654645542	http://www.vegetalmentesani.it
node	1655268864	www.foreverbike.com
node	1682417860	www.krishnapadova.it
node	1682417861	www.modesushi.it
node	1704960181	https://www.coopalleanza3-0.it/fare-spesa/elenco-negozi/dettaglio-negozio/90-castelfranco-veneto.html
node	1704960245	https://www.bistrosangiustino.it/
node	1705180588	http://www.dersut.it
node	1708909193	http://www.armadilloequo.it/
node	1711911650	http://www.hotelcentraledeste.com/
node	1711911677	https://sposadeste.com
node	1711936921	http://www.lofficinadellarte.eu/
node	1713154182	https://leggimenu.it/menu/sanmarcoeste
node	1713154196	http://www.modellismonalin.com/
node	1716027845	www.parcocollieuganei.com
node	1719174125	http://www.morinipedrina.it/
node	1738642486	http://www.castellimontagnana.it/
node	1739470172	http://barflymontagnana.it/
node	1739958379	https://www.decathlon.it/
node	1745927282	http://www.bertimusica.it/
node	1747469967	http://www.pizzeriapalio.com/
node	1750799292	http://www.bebmammaluisa.it/
node	1750799293	http://www.ilvecchioveliero.it/
node	1758268409	http://www.etabetacomputer.net/
node	1759645716	http://www.fontedelmobile.it/
node	1763014484	http://hosteriacalice.blogspot.it/
node	1763610151	https://m.facebook.com/momolibibione
node	1770618837	http://www.agenziaentrate.gov.it/
node	1770618838	http://www.bigbeneste.it/home.html
node	1770618839	http://www.upa.padova.it/
node	1776356064	https://www.parcoavventurafiorine.it/
node	1791429390	http://www.renatomeneghetti.com/
node	1791462712	http://www.ristorantepizzeria4seasons.it/
node	1791683142	http://www.labottegadelparrucchiere.it/
node	1791788091	http://www.rickyspub.com/
node	1791864694	http://www.lalocandadelgusto.it/
node	1802001329	http://www.officine-creative.com/
node	1805499209	cavaliereauto.com/
node	1823054046	http://www.lamentecomune.it/
node	1837516572	https://www.farmaciatreponti.it/
node	1844417593	http://www.hotelcastelloeste.com/
node	1844417598	http://www.rizzoeste.it/
node	1854314960	https://www.despar.it/it/mobile/
node	1854583388	http://www.labottepizzeria.net/
node	1859105423	http://www.villaluisafrancesca.it/
node	1867155356	http://www.reysol.it/
node	1879083157	http://www.bancaatestina.it/
node	1882846806	https://www.navigazionelaghi.it
node	1895908836	http://www.caseificiopennar.it/
node	1905666557	https://www.mitoservice.it/
node	1917503619	http://www.ristorantedagennaro.com/
node	1923327224	http://agriturismofornoantico.it
node	1945616824	https://www.ristorantealgamberojesolo.com/
node	1952334445	http://www.alpellegrino.it
node	1957274853	http://www.relaislebetulle.com
node	1957274864	http://www.elcanevon.it/
node	1998604496	https://castelfrancoveneto.ubiklibri.it
node	1998785807	https://www.roosterhouse.it/
node	2029732889	http://www.anaconegliano.it/museo-degli-alpini/index.htm
node	2072692472	http://www.smartmoda.com/
node	2073146492	www.venchi.it
node	2089654300	http://www.kococlub.it/
node	2089654309	https://www.merryg.it/
node	2196579289	http://www.cismon.it/Covolo_di_Butistone.html
node	2208497409	http://www.osteriadifuoriporta.it/
node	2229487630	https://www.comune.venezia.it/it/content/vez-biblioteca-civica-mestre
node	2273613016	http://www.comune.badiapolesine.ro.it/MuseoBiblioteca/biblioteca.html
node	2298798778	http://www.vicenzatiepolohotel.it/
node	2318110813	https://www.osteriamadonnetta.it/
node	2320766684	https://www.gardaland.it/esplora-gardaland/gardaland-park/attrazioni/magic-house/
node	2339810547	http://www.osteriasantocielo.com/
node	2360356774	https://www.maramen.com//
node	2373299259	http://www.crero.it/
node	2396070795	http://studionicolin.it/
node	2403657171	https://www.mainentipasticceria.it/
node	2428507360	www.albergokrissin.com
node	2428507361	www.monacosporthotel.com
node	2433812288	https://www.leonardo-hotels.com/verona/leonardo-hotel-verona
node	2433845341	https://hotelcortemarchesini.it/
node	2441775290	lievita.xmenu.it
node	2505638482	https://www.mincioinbike.it/
node	2514802009	http://www.parcolivelet.it/
node	2515608343	http://www.anticocaffecommercio.it/
node	2560261386	https://www.lartediriposare.it/
node	2577260000	https://floriana-parrucchieri.business.site/
node	2579387830	www.maisazi.it
node	2607851198	https://www.pasticceriaperliniverona.it/
node	2618643718	http://www.mercatinousato.com/
node	2618643719	https://mercatodelleoccasioni.com/
node	2618643721	http://www.sportwayshop.com/
node	2653945762	https://lalanternaverona.it
node	2670568712	http://www.impianti-rm.it
node	2718677871	https://www.bonometti.it/
node	2721631663	https://farmaciainternazionalecortina.it
node	2733251107	http://www.playfantasypark.it
node	2806097596	https://www.ovs.it/it/it/stores/italia/veneto/belluno/ovs-feltre
node	2882652623	https://www.d-piu.com/
node	2895185406	https://www.blueday.it/
node	3006997533	https://trattoria-al-borgo.eatbu.com/
node	3034456530	http://www.morodivenezia.com/
node	3034456531	https://www.ristoranteskorpios.it/
node	3054585129	http://www.brentaflex.com
node	3076678010	https://www.bricocenter.it/it/punti-vendita/ep-minisito-punto-vendita/padova
node	3102676678	http://www.ristorantetanadelors.it/?lang=uk
node	3264940775	https://www.newageclub.it
node	3404588492	https://sicura-mente.it/
node	3407234980	https://www.countryhouserugiada.it/
node	3587672851	http://mes3hacklab.org/
node	3602162791	http://www.premiatafabbricapizza.it/
node	3626676378	http://www.jadoresushi.it
node	3688793792	http://www.bedandbreakfastpontenavi.com/
node	3698391995	https://messaggerosantantonio.it/
node	3726770126	https://m.facebook.com/SupermercatoDuranteBibione/
node	3735217177	http://osteriaalbacco.com
node	3777683701	http://www.tricoshop.it
node	3781255724	https://www.unieuro.it/online/negozi/Unieuro-Selvazzano
node	3789602393	http://www.alpiccolorifugio.it/
node	3802700582	https://ribes.style/
node	3802700583	http://www.munarinicalzature.it
node	3817805049	https://ribes.style/
node	3824280333	http://www.funghi-vitalia.it
node	3829296580	http://www.smarkh.it/
node	3835818029	http://www.officina61.it/
node	3835818030	http://www.ristoranteallelogge.it/
node	3882026798	https://www.ubiklibri.it/librerie/ubik-padova
node	3882107137	http://www.bambu-ilpagliaio.it/
node	3883778004	http://www.osteriaplip.com/
node	3883895943	http://www.labottegadimanuzio.com/
node	3884049419	http://www.osteriabancogiro.it/
node	4108159413	https://www.effebibottega.com
node	4108159897	https://www.ilmaltese.it/
node	4108475592	https://restaurantguru.com/Pizzeria-alla-Botte-Conegliano
node	4190308691	https://www.lafarmacia.it/trova-farmacia/alla-salute-venezia
node	4215297072	https://www.agenziasabina.it/
node	4235416200	https://www.nonsolosport.it/
node	4320678489	http://www.anticomartini.it
node	4358995596	http://www.icpdesign.it
node	4370761456	http://www.locandasturion.com/
node	4377009394	https://stores.deichmann.com/it
node	4400995355	https://www.habitusoderzo.it/
node	4414476490	https://ristorantetempini.com/
node	4471216720	http://www.andolfoinvestigazioni.it/
node	4492344894	https://www.bakarovenezia.com/
node	4505364462	https://www.legacoopfvg.it/cooperative/societa-cooperativa-agricola-bibione/
node	4526452000	https://bar-holiday.business.site/
node	4526452803	https://www.ilgiornaledivicenza.it/
node	4526455199	https://www.incisoriavicentina.it/
node	4526468997	https://enatura-shop.com
node	4526469092	https://motuslegno.it
node	4526469903	https://www.eliteviaggi.com/
node	4526474458	https://www.desideriomaterassi.it/
node	4526474461	https://www.emporiodelmaterasso.com/
node	4526474586	https://speranzatatuaggi.it/
node	4526474593	https://www.facebook.com/vodafonestoreSanLazzaro/
node	4526474600	https://www.facebook.com/panificio.demas.micheluto/
node	4526474611	https://it-it.facebook.com/LArtigianoDellaPizza
node	4526474944	https://www.domofacile.it/
node	4526483249	https://www.manawapoke.com/
node	4526490732	https://www.liotto.com/
node	4526492142	http://www.djkfitness.com/
node	4526511065	https://www.ginzo.it/
node	4526511068	https://www.irunvicenza.com/
node	4526512830	http://massaggiorusso.com/
node	4526515587	http://www.dormex.it/
node	4526522616	https://vicenza.babybazar.it/
node	4526523543	https://www.venetos.it/
node	4526565837	https://www.cirkusbar.it/
node	4526566705	https://www.telemar.it/
node	4526567629	http://www.cellularservice.vi.it/
node	4526569265	https://www.oscugnizzonapoletano-vicenza.it/
node	4526570048	https://www.barausse.com/it/dove-acquistare/porte-e-finestre-barausse-dqg/
node	4531869286	https://giocoverticale.it/
node	4531917691	https://www.alexdepasetattoo.com/
node	4531923105	https://linktr.ee/bosshoggwhiskycounty
node	4553733880	https://osteriaenotecalapiazzetta.eatbu.com
node	4553768507	https://poke-house.com/en-us/location/
node	4601433606	http://www.panificiovianello.it/
node	4662861489	http://www.autodemolizionirizzardo.it/
node	4745095890	https://www.bierstubefestung.com/
node	4805664837	http://www.ducalemurano.com/it/
node	4838430911	https://www.cisom.org/
node	4838477242	http://www.centrostudiantoniani.it
node	4864164331	http://www.itasinato.it/home.html
node	4864164623	https://negozi.libraccio.it/negozi/padova/libraccio-padova
node	4876242321	https://ilceppovicenza.it
node	4879422672	https://www.casadispiritualita.it/
node	4910584739	http://www.osteriaortodeimori.com
node	4967342171	https://www.greencab.it
node	5002096468	www.hangar383.it
node	5109047944	https://www.hotelallacorte.it/
node	5144311793	http://www.limericklibri.com/
node	5201390482	http://www.ferramentalonghin.it/
node	5257229527	www.barin.it
node	5265981917	https://www.lafarmacia.it/?gclid=Cj0KCQjw9ZGYBhCEARIsAEUXITVYq1hLGnVWu6RH1Bn4lmr-1Fmzdyf1YygWsG85BYilB-uJs7dk3mAaAgj9EALw_wcB
node	5308011900	http://www.lemoiacche.it
node	5327548234	http://www.onoranzefunebrisantinello.it/
node	5329687358	http://www.agriturismolecalle.com/
node	5329687374	http://www.offcampagnaro.it/
node	5329733851	https://www.anticadrogheriacollavo.it
node	5329783824	http://www.greenvillage.biz/
node	5331048026	https://www.sugofranchising.com/
node	5334027873	https://golden-sushi.it/
node	5340496548	http://www.antenore.it
node	5405663354	www.biemmespecialcars.it
node	5434553849	http://www.farmaciasarmeola.it/
node	5434564843	http://www.farmaciaveroneserubano.it
node	5538086513	https://www.pizzeriajocker.it/
node	5555141320	https://www.junior-family.it/residence-al-mare-cavallino-treporti/
node	5565160555	http://www.armonie.net/;https://www.armoniestore.it/
node	5767832667	http://www.agenziaeuropaimmobiliare.com/
node	5767866993	http://www.mareblueraclea.com/
node	5767904669	https://www.kiravacanze.it/
node	5767913606	https://www.abitaremare.com/
node	5767927314	http://www.agenziaheraclia.com/
node	5770013927	http://www.immobiliareomnia.com/
node	5770013930	http://www.helvetia-hotel.it/
node	5770013937	https://www.agenziauniverso.it/
node	5770175082	http://www.terrazzagrill.it/
node	5771587758	http://www.agenziabrothers.com/
node	5804844001	https://ghimelgarden.com/
node	5827802666	https://www.leggimenu.it/menu/casadelcaffecarraro
node	5976730097	http://www.gialloarancio.it/
node	5985169748	https://www.suegiusport.it/
node	6096542904	https://www.ristorantebelleparti.it/it/home/
node	6174826438	https://www.ristorantepina.it
node	6179531691	https://www.runitalia.com/index.php/padova1/
node	6180900585	https://la-macelleria-in-piazzetta.business.site/
node	6237631673	http://gruppocomet.it/simevignuda/saonara
node	6263889083	http://britishschool.it
node	6274770815	https://www.trattoriadallantionia.it
node	6274785649	http://www.osteriacera.it
node	6276299844	www.lenotecadiarqua.it
node	6297116075	https://www.lagineriapadova.it
node	6322265856	www.pizzeriaallalpino.it
node	6342867169	http://www.pasticceriapaccagnella.it/
node	6360816544	https://www.ecostore.it/store/eco-store-sarmeola/
node	6361717861	https://ilpomodorino.weebly.com
node	6382059218	https://www.market2ruote.it/
node	6435524182	https://www.hapimag.com/de/resorts/countries/IT/540026.html
node	6437956994	http://www.liceoausiliatricepd.it/
node	6454738044	https://bottegafaustino.business.site/
node	6458021358	https://www.ilgrottinovicenza.it/
node	6463849383	https://www.facebook.com/DittaSartea/
node	6465299343	https://www.carpanesecirillo.it
node	6484507785	https://www.tuttialcentro.it
node	6597513458	https://www.hotelorsogrigio.eu/
node	6647384556	http://www.bermar-moto.it/
node	6647619582	http://www.slautoservice.it/
node	6647619583	http://www.slautoservice.it/
node	6651099899	http://www.brentagomme.com/
node	6757514784	http://www.studiocanovese.it/
node	6757531385	http://pasticceriadefiorenze.it
node	6758788911	http://www.europaimm.com
node	6800282819	https://www.coopalleanza3-0.it/fare-spesa/elenco-negozi/dettaglio-negozio/2820-bolzano-vicentino.html
node	6808364953	http://www.intellighenziaproject.it
node	6869176471	https://rovigocentro.ubiklibri.it
node	6892964597	https://www.multistore-jesolo.com/
node	6894872709	http://www.bluemoonfiammingo.com/
node	6911315428	http://www.decortenda.net/
node	6911315435	https://www.thaismilemassaggio.com/
node	6956820435	https://www.zoeacconciature.it
node	6959586880	https://www.beicapelliparrucchieri.it
node	6961336330	https://www.rubano.it/biblioteca-0
node	7011585034	http://www.farmacialazzarin.it/
node	7019023781	http://www.osteriaalascuela.com/
node	7038641344	https://www.radioclubschio.it/
node	7057445560	https://www.oldwildwest.it/code/20076/Padova-Via-Venezia
node	7101169685	https://www.taleateatro.eu/
node	7295487872	http://carismabike.it/
node	7372888778	https://improntagourmet.xmenu.it
node	7399076255	http://www.uomocomputer.it/
node	7465818993	https://calzaturetomba.com/
node	7470922387	http://www.ristorantetrequarti.com
node	7475454824	http://www.artedellanatura.it/
node	7479190500	http://www.miomercato.it/
node	7682843135	http://www.prolocobolzanovicentino.it/
node	7743869282	https://www.washclean.it
node	7956154089	https://www.borgostazione.com
node	7988303285	https://www.flowerburger.it/negozi/flower-burger-verona-2/
node	7989710828	http://brs-srl.com/
node	8118661811	https://www.comecaneegatto.it/
node	8151636661	https://www.comecaneegatto.it/
node	8179364522	https://www.marchiol.com/
node	8419041219	https://pranagelateria.com/
node	8538864651	https://www.arancissima.com
node	8608360209	http://www.nicolatessari.it/index.php/it/
node	8608452404	http://www.skhioland.it/
node	8669502588	https://www.rivericambi.it/
node	8696319420	https://www.glpstudio.com/
node	8767380885	http://www.casadicuradiaz.it
node	8791824269	https://allacostiera.it/
node	8903396497	https://www.centroleielui.it/
node	8903396498	https://www.centroleielui.it/
node	8928919831	https://www.geelfloricultura.com/
node	8932048649	https://www.mtbservice.it
node	9043711319	https://www.rifugiodibona.it/
node	9054081611	https://menu.movenu.it/1758/bar-viola/
node	9170553632	http://www.lavacetto.it/
node	9171589639	http://www.lusani.it/
node	9171755562	https://www.soldemontalto.it/
node	9171954752	https://agriturismouliveta.it
node	9213880854	https://www.osteriaalmuseo.com
node	9215784470	https://www.junior-family.it/it/junior-farm/
node	9224958087	https://www.junior-family.it/villaggio-margherita-cavallino-treporti/
node	9224958088	https://www.junior-family.it/euro-junior-direkt-am-meer-cavallino-treporti/
node	9349590345	https://www.pizzabull.net/
node	9351426769	https://photogabaldo.rikorda.it/
node	9365257615	https://www.carrozzeriakcm.it/
node	9381983625	https://www.ccberchet.it/
node	9441748784	https://majer.it
node	9482865214	https://www.agriturismo.it/de/bauernhof/venetien/vicenza/AiMarosi-5730559/index.html
node	9489341162	http://www.frantoiomartini.it/
node	9522579017	https://www.postavecia.com/it/ristorante-cucina-veronese
node	9524600272	https://www.marendin.it
node	9556300174	https://www.vagabondbike.it
node	9557389352	https://piugusti-padova.it
node	9661329642	http://www.cvsonline.it/
node	9666455491	http://www.macafame.it/
node	9666455492	https://pasticceriafilippi.it/
node	9690586994	https://www.sushiko.it/it/ristoranti/sushiko-zane/
node	9693557809	http://www.tartineriadabrock.it/
node	9724251927	https://www.sosinformatica.tech/
node	9739841924	https://costalungavini.com/
node	9739996566	www.nordestwash.com
node	9756736408	https://www.aeo.it/punti-vendita/Veneto/supermercato-aeo-cordignano
node	9764946099	http://www.asiloinfantilemariabazzana.com/
node	9764946100	www.icsanmichele.edu.it
node	9772195536	https://www.faidanet.it/
node	9772401058	https://www.oldwildwest.it/Home
node	9772401060	https://www.tourle.it/altavilla-vicentina/
node	9772462086	https://albergoristorantetavernelle.com/
node	9772462087	https://albergoristorantetavernelle.com/
node	9772468903	https://www.poltronesofa.com/it-IT/Index/
node	9772705569	https://www.postavecia.com/it/ristorante-cucina-veronese
node	9773662121	https://www.aumai.it/
node	9782009919	https://m.facebook.com/SushiKokoriCerea/
node	9797345172	https://gchumanrights.org
node	9822721321	https://www.ferrutensile.it/
node	9823275688	https://www.lasvegasbibione.com/
node	9834324512	https://www.nauticabibione.it/
node	9871202428	https://luppoland.com/
node	9884145925	https://www.ostiinombra.it/
node	9925157842	https://www.trattoriaalpioppo.it/
node	9939244186	https://ellenfashion8.business.site/
node	9952902778	https://attenti-al-lupo-tattoo.business.site/
node	9952902779	https://www.terranovastyle.com/it_it/
node	9952902780	http://www.framesiclub.it/saloni-framesi/argento-vivo-parrucchieri/
node	9955851106	https://m.bb30.it/str.asp?id=22487
node	9957108326	https://www.unicredit.it/it/contatti-e-agenzie/lista-agenzie/tv/ponzano-veneto/ponzano-veneto-ag04062.html
node	9957108329	https://www.crai-supermercati.it/
node	9964364174	http://www.pasticceriavilladeicedri.it/
node	9970230873	https://www.gamestop.it/
node	9973571257	http://www.gripas.it/
node	9981279148	https://collineconeglianovaldobbiadene.it/
node	9984002058	https://babupasticceria.com/
node	9989511029	https://grupposirio.com/
node	9989511031	https://www.eurobikebibione.it/
node	9989511040	https://www.befedpub.com/
node	9989511073	https://www.gdcassicura.it/
node	9989511082	https://m.facebook.com/cantinavenetabibione/
node	9989511100	https://www.gottardospa.it/
node	9989511123	https://www.siriobibione.com/
node	9989511128	https://www.adriatur.it/
node	9989511142	https://fioreria-barbara.business.site/
node	9989511145	http://www.kapogiroparrucchieri.it/
node	9989582561	https://www.civibank.it/
node	9993648283	http://www.autofficinacardonibibione.com/
node	9993648291	https://pizzeriaristoranteduefratelli.eatbu.com/
node	9993733340	https://www.ceramicheambrosi.it/
node	9993733388	https://www.agenzia-serena.it/?utm_source=google&utm_medium=mybusiness&utm_campaign=agenziaserena
node	9993733389	http://www.turistica-tonussi.it/
node	9993733398	http://www.agenziavenezia.it/
node	9993744125	https://www.tally-weijl.com/
node	9993744127	https://lancorabibione.it/
node	9996173135	https://www.iltuomenu.info/barmajabibione/
node	9996173149	https://gigibigul.jimdo.com/
node	9996173189	https://www.eurovacanzebibione.it/
node	9999488008	https://casagioia.agriturismibibione.it/
node	9999488010	https://www.lacasagioconda.it/
node	10008869362	https://www.visitschio.it/it/vivi/cuore-di-schio/calzoleria-retis
node	10009276723	http://imaginacafe.it
node	10018621078	https://stringhetta-luca.business.site/
node	10018995779	http://www.laurafavotto.it/wordpress/
node	10031638976	https://www.oblocomfortfood.it/
node	10042939827	https://esteticabeautyk.it/
node	10043032450	https://www.admiralclub.it/
node	10043032519	http://www.crossfitjesolo.com/
node	10064615787	https://gliarta.it/
node	10064615791	https://www.mcserviziimmobiliari.com/
node	10126805411	https://www.sireneblu.it/
node	10126811930	https://farmaciacomelli.com/
node	10126811931	https://porca-vacca-gastronomia-macelleria.business.site/
node	10126811932	https://emporium-abbigliamento.com/
node	10126811937	https://www.abacoviaggi.com/
node	10127858093	https://www.pierremagazine.com/
node	10146928542	https://www.aulss7.veneto.it/ospedale-di-asiago
node	10172458583	https://www.calvenere.com/
node	10236122865	https://extradryenoteca.com/
node	10556931070	http://www.frattina.altervista.org/
node	10572437926	https://antica-forneria-scarparo-pasticceria.business.site/
node	10574544283	https://www.maxifeste.it
node	10657155315	http://imaginacafe.it
node	10659226191	https://www.bibionespiaggia.com
node	10659226192	http://www.bibionemare.com
node	10659226204	http://www.bibionemare.com
node	10659239005	http://www.bibionemare.com
node	10659239006	http://www.bibionemare.com
node	10705359269	http://www.artesaurogallery.it/
node	10727341721	https://www.bioboutique.org/
node	10742168428	https://instagram.com/valbare_?igshid=YmMyMTA2M2Y=
node	10753908316	https://www.ambulatoriostella.it/
node	10756778100	https://engidea.com
node	10840126107	https://lasosta2021.it/
node	10852998320	https://www.airdolomiti.it/
node	10855960811	https://www.studiolegalegarosi.it/
node	10856650813	https://gio-gelato-lacchiappasogni.business.site/
node	10931269193	https://ristoranteafazenda.it/
node	10931995915	https://www.anytimefitness.it
node	10940639481	https://www.jjstudio.it/
node	10944774825	https://www.facebook.com/p/Garage-Patavium-100070034163062/
node	10951896543	https://www.pizzerialacastellanaeste.it/
node	10963200587	http://www.museodelcastelloditorridelbenaco.it
node	10974494926	https://www.laboratoriolarian.it
node	10974494929	https://radiatoripezzolo.it
node	10974502340	https://www.mptsicurezza.it/
node	10974504811	https://www.euclima.it
node	10995799736	https://curtarelloviaggi.it
node	11032978867	https://www.pastaepizzaenonsolo.it/
node	11091082084	http://elioexpress.it
node	11115132682	https://www.bbsile.it/
node	11127431306	https://bloombeautycenter.it/
node	11139756667	https://www.rendez-vous-fantasia.com
node	11139802884	https://www.charterboat.it/
node	11140527888	https://www.carlettiwash.it/
node	11218734084	https://www.rosaebaffo.it/
node	11218734778	https://www.fattoriadeifiori.it/
node	11227314536	https://www.bmr-genomics.it/
node	11234333179	https://www.vierobroker.it
node	11237802401	https://www.befedpub.com/befed-treviso/
node	11238497926	https://carichisospesi.com/
node	11239992557	https://www.assistem.it/
node	11262070297	https://www.fastcrossfit.it/
node	11287157272	https://www.farmaciamartelletto.it/
node	11295680598	https://www.leggimenu.it/menu/straneria
node	11367416918	https://www.albergomolteni.it/
node	11367453797	https://dacallegaro.com/
node	11387429936	https://www.irpcds.org
node	11513591553	https://www.dagiselda.it/
node	11541693474	https://www.zentakeaway.it/home-page
node	11556029286	https://www.osteriafiorenero.it/
node	11572134998	https://www.tiramisumeria.com
node	11592585543	https://www.terrebianche.it
node	11638670440	parafarmaciamarosticana.it
node	11658273208	https://trattoria-cavazuccherina.business.site/
node	11802280057	https://gigglemugs.it/
node	11825051307	https://borgo-co.it/
node	11865977916	https://tesakesushi.com/it/
node	11868224457	http://www.iperlando.it/
node	11887585339	https://www.sigurta.it
node	11931364716	https://www.ristorantepizzeriaprimavera.it/
node	11933416779	https://www.fablabcfv.org/
node	11957935755	https://www.lasaponaria.it/biostorie-montebelluna
node	11978160017	https://www.facebook.com/raggiodisole.onlus.5?fref=ts
node	12009795925	https://www.clinicafavero.it/
node	12016701864	https://sechome.it/
node	12017173424	https://www.orizzontiverticali.tv.it/
node	12017211227	https://www.palasportlongarone.it/attivita/parete-arrampicata/
node	12039873567	https://equimondo.net/jesolo/
node	12057965504	https://casettarossasulter.wixsite.com/casetta-rossa-sul-te
node	12058695464	https://www.deepintango.com/
node	12058763403	https://www.medialuz.it/
node	12072160103	https://www.hotelorion.it
node	12072183202	https://www.ristorantecuoreveneziano.com
node	12087980610	https://www.agriristorantealbraglio.com/
node	12102028634	https://www.scriptasc.it/
node	12123673781	https://garnionda.com
node	12125400977	http://www.areamercatousato.it/
node	12149808674	https://articojesolo.it/
node	12195574697	https://birronebar.it/locali-birrone/birrone-schio/
node	12195579579	https://mymenuweb.com/it/restaurants/1057481/
node	12195597815	https://mymenuweb.com/it/restaurants/1055083/
node	12195624618	https://www.pizzerialalanternasrl.it/
node	12303981931	https://www.agriturismocampidigrano.it
node	12304210922	https://daspillo.it
node	12312755455	https://fondazionezavrel.it/scuola/scuola-internazionale-dillustrazione/
node	12313959108	https://www.ristorantenin.it
node	12316061706	"https://chakramenthiene.eatbu.com/,https://chakramen.it/thiene/"
node	12338010421	https://www.visitschio.it/en/vivi/gusto/Bar-Cristallo
node	12343573416	https://www.comune.venezia.it/it/content/anagrafe-semplice
node	12397509932	https://www.navigazionelaghi.it
node	12415671062	http://www.poligrappa.com/
node	12453807862	http://www.al-todaro.it/
node	12465687630	https://www.comune.castelfrancoveneto.tv.it/vivere-il-comune/luoghi/biblioteca-comunale/
node	12488666509	https://lartigianodeisapori.it/link/
node	12509068504	www.centoeotto.com
node	12539267553	www.pozzatotappezzieri.com
node	12623154394	https://www.casadispiritualita.it/
node	12644403194	https://onoranzefunebribrogio.it
node	12653098812	https://damaschino.it
node	12676143261	https://www.navigazionelaghi.it
node	12731751562	https://albiviodegliartisti.it/
node	12755139363	http://www.allumin.it/
node	12768170355	www.datalabamp.it
node	12775774199	https://www.santantonio.org
node	12891968891	https://www.animaemusica.com/
node	12892005250	https://www.infinitysportvillage.com/
node	12896693914	https://www.casagruppo.it
node	12906310948	https://www.kibag.it/deposito-bagagli-verona/deposito-kipoint-verona-pn/
node	12909877439	https://ciaopickles.it/
node	12959058427	https://tvb.bibliotechetrevigiane.it/SebinaOpac/.do?pb=VIAOD
node	12992070645	https://www.alvearemporio.it/
node	13105314664	https://www.pichiavo.com
node	13106068735	http://studiolegalesimonetti.eu/
node	13123326966	www.wptgroup.it
node	13158352046	https://springo.it
node	13165957907	https://www.venditastampeantiche.com
way	25564132	https://www.navigazionelaghi.it/
way	27198535	https://www.santantonio.org
way	40460962	https://www.laquercia.it/
way	42424990	http://www.traiglicinieilsambuco.it/
way	44167244	http://www.atestino.beniculturali.it/
way	47915090	https://www.fspark.it/it/parcheggi/nord-est-italia/padova.html
way	58153379	http://www.euganeo.com/index.php
way	59056299	http://digilander.libero.it/comunitapilastro/
way	59115622	www.teatroaicolli.com
way	60958888	http://www.hotelmeggiorato.it
way	60958903	http://www.savoiaterme.it/
way	61727360	http://www.crowneplazapadova.it
way	69364488	http://www.agriturismoalba.it/
way	70970978	http://195.103.234.163/Applicazioni/avioeli/Avio_04.asp?selaeroporto=112
way	72288514	http://www.liceoferrari.it/
way	72440008	http://www.frabe-arredanegozi.it/
way	72440106	http://stonebreakers.com/
way	72440117	www.infocars.it/
way	72440123	http://www.graficaatestina.it/
way	72440134	https://www.montatopneumatici.it/
way	72440216	http://www.sceve.it/
way	72440238	http://www.autostar-este.it/
way	72440355	http://www.ocemmarchetti.it/
way	72440356	http://www.gruppobielle.it/home.php
way	72440370	www.infocars.it/
way	72452618	http://www.agriturismoalba.it/index.html
way	72871517	https://www.parconaturaviva.it/
way	73217429	http://www.trevisoairport.it
way	75552778	http://www.zebbrapub.it/
way	75555598	https://www.ghiraldo-autoin.it/
way	75558062	http://www.teatrovenetoeste.it/
way	75560604	http://www.ristorante3archi.it/
way	75562112	http://www.bcceuganea.it
way	75572055	http://www.comune.baone.pd.it/
way	75778423	http://www.bellottoracing.it/
way	76255490	http://sportlifeeste.canovasport.it/
way	76615248	http://www.mgmsrl.it/
way	76615252	http://www.riello.it/
way	76617687	http://www.cieffearredi.net/
way	76618298	http://www.bestcar.alfaromeo.com/
way	76651925	http://www.p-tm.it/
way	76670309	https://dexive.it
way	76763235	http://www.fratellilucchiari.com/
way	78048621	http://www.eugas.it/
way	78048626	http://www.eugas.it/
way	84172636	http://www.coopterradimezzo.com/
way	84229137	http://www.lapianora.it/home.htm
way	84231828	http://www.montanella.it/
way	84234068	http://www.arquapetrarca.com
way	84833152	http://www.lispida.com
way	84846402	http://www.villaemo.it
way	84847154	http://www.collidelpoeta.com
way	84850266	http://www.lispida.com
way	84852900	http://www.valsanzibiogiardino.it
way	85571197	www.villasceriman.it/
way	85573208	http://www.parcocollieuganei.com
way	87213529	http://www.albergoturetta.com/
way	87213705	www.canoale.it/
way	87214019	http://www.elenashouse.it
way	87214067	http://www.leforche.com/
way	87214078	http://www.passodelvento.com
way	87215317	http://www.fattoriadelleremo.it
way	88366914	http://www.castellodivalbona.it/
way	89787659	http://www.anticotram.it/
way	89788198	http://www.villaditeolo.com/
way	89789264	www.trattoriamonticello.it/
way	91869713	http://www.labusadelloro.com
way	91878527	http://www.praglia.it/
way	91879657	http://www.agriturismoboscalbo.it/
way	91879735	https://www.monasterosandaniele.it
way	97740026	http://www.pedol.com/
way	97963650	https://www.hotelcittadiconegliano.it/
way	97963800	http://www.technosonline.com/
way	98029757	http://www.melies.it/
way	100964638	https://www.palasportlongarone.it/
way	102737082	https://www.tavalveciopiave.com/
way	105147075	http://www.ristoranteigelsi.it/
way	105149005	http://www.comune.megliadinosanfidenzio.pd.it/
way	105191629	http://www.artluceilluminazione.com/
way	105191683	http://www.finind.com/
way	111737600	https://www.tiglioresidence.com/
way	111825754	https://www.caiveneto.it/bivacco/sperti
way	122098986	https://www.turismopadova.it/
way	130019228	http://www.hotelduetorriabano.it/
way	130019269	http://www.monteortone.it/
way	130028322	http://www.abanoterme.net
way	130745144	http://www.scir.it/sacrocuore/scuore.html
way	130745270	http://www.castellodimonselice.it/
way	131679496	http://www.ferramentaponchia.it
way	131801001	https://www.ics12padova.edu.it/index.php/le-nostre-scuole/scuola-primaria-prati
way	131965680	www.magenta-cmf.it
way	131965907	https://www.athlonfit.it
way	131970179	http://www.icvivaldi.it/
way	131971294	http://www.hotelpadovam14.it/
way	131987760	http://www.7istitutopadova.gov.it/giovannixxiii/
way	131987803	https://www.unipd.it/
way	131997214	http://www.cappelladegliscrovegni.it
way	132000601	http://www.7istitutopadova.gov.it/pacinotti/
way	132001122	www.bibliotecadellosport.it
way	132092568	http://www.comunitabethesda.it
way	132096275	http://www.cclacorte.it
way	135285495	https://www.parcodeltadelpo.org
way	136751228	http://www.hotelfior.it/
way	136815816	http://www.acerocampestre.com
way	138551079	http://www.valledellegombe.it/
way	138797485	http://www.museograndifiumi.it/
way	138813935	http://www.sanmarco.vr.it/
way	140850619	https://m.facebook.com/bardoxbolzanovicentino/
way	140913837	https://www.pizzerialaghetto.it/
way	140914079	http://lepapereallago.it/
way	140985346	https://www.ghcspa.com/cmsr/
way	140988341	https://www.pittarello.com/it/
way	141034073	https://www.barausse.com/
way	141036382	https://www.barausse.com/it/dove-acquistare/factory-store-cavazzale/
way	142032426	http://www.bebboschidelcastagno.it/
way	142776014	https://www.jesolocampingvillage.com
way	143859435	http://www.newjesolandia.com/
way	144538621	http://www.invernesspub.it/
way	144539649	http://www.parrocchiadicampolongo.it/
way	145842835	http://www.hotel-calaluna.com/
way	146083671	http://www.spiox.it/
way	146084699	https://www.leroymerlin.it/negozi/marcon-ve.html
way	146114193	http://www.dalcinabbigliamento.it/
way	146406569	http://www.comune.vighizzolo.pd.it/
way	147888842	www.tosoradiatori.com
way	148426481	http://www.anticavittorio.it/
way	152245161	https://www.comunesanmichele.it/flex/cm/pages/ServeBLOB.php/L/IT/IDPagina/623
way	152245326	https://www.comunesanmichele.it/elenco-scuole
way	152397568	http://www.noitex.it/ita/site.html
way	152663455	https://cercalatuascuola.istruzione.it/cercalatuascuola/istituti/TV1A030002/scuola-materna-maria-immacolata/
way	152704418	http://www.cinemotion.in/index.php/new/multisala_verdi
way	152708909	http://www.parcofenderl.it/
way	152745334	http://www.amsterdamcafe.it/
way	152881156	http://www.iiseinaudiscarpa.gov.it/
way	156777900	https://www.cinemafarinelli.com/
way	157911931	http://www.morinipedrina.it
way	158946376	http://www.comune.montagnana.pd.it/
way	159973300	http://www.greenlifegarden.it/
way	160002308	https://www.guardiacostiera.gov.it/organizzazione/delegazione-di-spiaggia-di-bibione
way	162004560	http://www.bellinicinemateatro.it/
way	164725667	https://www.comune.castelfrancoveneto.tv.it/vivere-il-comune/luoghi/biblioteca-comunale/
way	164735823	http://www.ostellomontagnana.com/
way	165021900	http://www.hotelallaposta.com/
way	165032541	http://www.esteceramiche.com/
way	166152219	http://www.coopterradimezzo.com/
way	167081508	https://www.bancaprealpisanbiagio.it/filiali/este/
way	167081509	http://www.paiuscato.it/
way	167367513	http://www.avioclubmontagnana.com/
way	168408856	https://cinemafamiglia.it/
way	169078858	http://www.ipsiaconegliano.it/
way	169679631	http://www.comprensivochinaglia.it/
way	173619525	http://www.palazzograssi.it
way	173619548	http://www.palazzograssi.it/it/about/spazi/teatrino/
way	175241510	http://www.agriturismorivademilan.it/
way	177302679	https://www.unionlido.com/cose-da-fare/sport-fitness/cavallino-sport-center/
way	178460159	https://www.hotelmadison.eu/
way	178460229	https://www.hotelanthony.it/
way	178460825	https://m.facebook.com/pages/category/Bar/Chiosco-Da-Walter-Jesolo-166935210034567/
way	178461207	https://m.facebook.com/ChioscoFortuna/
way	178461802	https://www.hotelparioli.com/
way	178462097	http://www.majestic-hotel.it/
way	178462387	https://www.hotelirisjesolo.com/it
way	178472369	https://m.facebook.com/chioscosanmarcojesolo
way	178472572	http://www.minetto.it/
way	178472836	https://m.facebook.com/profile.php?id=100054225980478
way	178472912	https://m.facebook.com/chioscolabaitajesololido/
way	178472951	https://m.facebook.com/pages/category/Bar/Chiosco-Bar-Vela-Azzurra-152672605550358/
way	178486346	https://infanzianidoghezzoeraclea.it/
way	178488018	https://www.pescheriagilormar.it/
way	181587262	https://intrepidacalcioverona.it
way	183087225	www.hoteltegorzo.it
way	183196074	http://www.rifugiotissi.com
way	184654271	http://www.hotelvillacondulmer.it/en/
way	184916895	http://www.comunecasale.tv.it
way	185699602	https://friulbrau.com/
way	185699810	https://chiosco-acquario.it/
way	185702215	https://www.hotelmilanobibione.com/
way	185702713	https://m.facebook.com/profile.php?id=220011118046287
way	185703764	https://www.katjahotelresort.com/?gclid=CjwKCAjwtcCVBhA0EiwAT1fY7-XXqX2oYUN490nS6ZgWsAPC0ABggDt7NFJIE3EKjNCDzUHr9ZentxoCSGMQAvD_BwE
way	185814555	http://www.campingsmeraldo.it/
way	196586366	http://www.rifugiodedoo.it/
way	199505860	https://campingmarmolada.it/
way	200217382	https://www.staulanza.it
way	200226219	http://www.museoselvadicadore.it/
way	200336783	https://www.rifugiodibona.it/
way	201302257	https://www.facebook.com/pages/Ai-Lares-Agriturismo/1501290786764876
way	202012091	http://www.rifugioscotter.it/
way	206274761	http://www.ic2sangiovannilupatoto.it/
way	208629607	http://www.rifugiopranolz.com/
way	215571627	https://www.villasigurta.org/
way	216746686	https://parcolonzina.it/
way	218598168	http://www.madonnadellacorona.it
way	222557762	http://www.cortebussari.it/
way	229086198	https://www.centronuotolebandie.it/
way	230987352	https://hotelcanova.net/
way	233320094	https://www.palazzodellascala.com
way	233804292	http://nodarsrl.it/
way	234785153	https://mcrecoaro.wordpress.com/
way	238246538	https://www.poste.it/
way	242834253	https://www.comune.lusianaconco.vi.it
way	243130098	http://www.hoteldori.com/
way	243755155	http://www.martinellisupermercati.it/
way	246012626	https://www.alisupermercati.it/punti-vendita/aliper-dueville
way	254064854	www.soraris.it
way	258461145	https://www.h-farm.com/it
way	282748944	http://www.articolov.it/
way	300806629	http://www.villavalmarana.com/en
way	305614547	http://www.campingpalafavera.com/
way	315286243	https://www.areacamperpeschiera.com/
way	359184028	http://www.acerocampestre.com
way	367023599	www.girardicittadella.it
way	367034504	http://www.ristorante-papilla.it/
way	367035106	http://www.fisioandsport.com/
way	367669800	http://www.fratellifabian.it
way	368683988	http://campingmose.com
way	373761097	http://www.ristoranteanticamasseria.com
way	374699515	https://www.icrubano.it/pvw/app/PDME0024/pvw_sito.php?sede_codice=PDME0024&page=2159270
way	374699529	https://www.icrubano.it/pvw/app/PDME0024/pvw_sito.php?sede_codice=PDME0024&page=2159268
way	374763030	http://www.lamontecchia.it/
way	375086930	http://www.hotelolympiaterme.it
way	375086938	http://www.hugelkeller.it/
way	375086940	http://www.museodelvetro.it/
way	375086950	http://www.alboscomontegrotto.it/
way	375600592	http://www.albergoristorantebelvedere.it/
way	375616422	http://www.ballotta.it/
way	375616423	http://www.taparo.it/
way	375616424	http://www.lepastorie21.it/
way	375616430	http://www.lagoverde.info/
way	375616438	http://www.piccolomarte.it/
way	375616439	http://www.ristoranteallavigna.com/index.htm
way	375616440	http://www.ristoranterifugiomonterua.it
way	375616442	http://www.alpirio.com/
way	375616443	http://www.alroccolo.com/
way	376374523	http://www.lachiesetta.com/
way	376374531	http://www.ilbucaneve.it/
way	376374534	http://www.ristorantealcacciatoredagino.com/
way	376507989	https://www.pittarosso.com/it
way	377592178	http://www.agostini.shoes
way	450587790	http://www.6istitutocomprensivopadova.gov.it/davila.php
way	478078359	http://bortolozonta.altervista.org/rubbio/
way	483971965	https://www.adigeo.com
way	485227188	https://www.dianahotel.it/rifugio-alpino-la-zopa/
way	574572861	https://ffw-oberschwappach.de.tl/Kontakt.htm
way	580241233	https://www.junior-family.it/residence-delle-rose-cavallino-treporti/
way	580241235	https://www.junior-family.it/zimmer/
way	622411922	http://www.jesolocamper.it/
way	627427037	https://martora.it/
way	675690169	http://www.birrificiodiquero.it/
way	686657762	https://www.ics12padova.edu.it/index.php/le-nostre-scuole/scuola-sec-i-grado
way	686671104	http://community.oiconlus.it/centroinfanzia/
way	693886245	http://www.padovanet.it/informazione/scuola-dellinfanzia-cremonese-chi-siamo-obbiettivi-e-servizi
way	723610182	https://www.pampanorama.it/punti-vendita/padova-grassi
way	727479477	https://www.termesalesiani.it/mammamargherita/
way	736433338	http://www.bluemoonfiammingo.com/
way	737078236	https://www.augustascuolainfanzia.it/
way	748707189	https://www.visitmuranoglassfactory.com/
way	800152388	www.mantaonline.it
way	816126125	www.mantaonline.it
way	816130150	www.mantaonline.it
way	934667395	www.chieseverona.it
way	984934672	https://www.principehotel.it/
way	999223215	https://www.junior-family.it/en/
way	1054471416	https://interstyle.it
way	1075789191	https://m.facebook.com/chioscopalladio/
way	1081595660	https://www.officinaperissinotto.it/
way	1086550691	https://www.homes.it/
way	1091231176	https://www.carabinieri.it/
way	1095262758	https://www.comune.musile.ve.it/
way	1168361295	https://www.areazenith.it/
way	1189856694	https://www.despar.it/it/punto-vendita-eurospar/920/san-michele-al-tagliamento/
way	1191865000	https://www.hotelcorallobibione.it/
way	1192641936	https://www.jtaca.com
way	1197071780	https://www.hotelcasabianca.com/en/hotel-near-venice/1-0.html
way	1199656816	https://www.avioparking.it/
way	1199766268	http://www.eden-parking.it/
way	1200880335	https://www.jtaca.com
way	1200964604	https://www.luxorcairohotel.it/
way	1203812798	https://www.sanmarcohotel.info/
way	1207847542	https://ristoranteatmosphera.it/
way	1207847546	https://www.hotelmorena.net/
way	1212006274	https://www.ibif.it/
way	1227411262	https://www.calvinklein.it/
way	1227411264	http://www.tommyhilfiger.de/
way	1227411266	https://it.pandora.net/it/
way	1227411267	https://www.kikocosmetics.com/it-it/
way	1227411269	https://www.zarahome.com/it/
way	1227411279	https://www.timberland.it/
way	1227411282	https://www.levi.com/IT/it_IT/
way	1227411284	https://www.footlocker.it/
way	1227411286	https://www.vans.it/
way	1227411289	https://www.barcastores.com/it
way	1227411292	https://www.adigeo.com/shopping/oysho/
way	1227411293	https://www.newbalance.it/it
way	1227411294	https://www.sephora.it/
way	1227411297	https://www.superdry.it/
way	1227411299	https://shop.mango.com/preHome.faces
way	1227411311	https://www.guess.eu/it-it/homepage
way	1227411312	https://www.bata.it/
way	1227411313	https://www.two-way.it/
way	1227411314	https://www.rinascimento.com/
way	1227411316	https://www2.hm.com/de_de/index.html
way	1227411317	https://www.pullandbear.com/
way	1227411318	https://www.bershka.com/
way	1227411319	https://www.zara.com/
way	1227411320	https://www.stradivarius.com/
way	1227411329	https://giuntialpunto.it/pages/libreria/verona-vr-70304
way	1227411330	https://www.chicco.it/
way	1227411333	https://www.tally-weijl.com/it_IT/
way	1227411334	https://www.originalmarines.com/
way	1227411336	https://www.douglas.it/
way	1227411339	https://stores.deichmann.com/it-it/it/verona/verona/viale-delle-nazioni-1indoor=room
way	1227411341	https://www.snipes.it/
way	1227411343	https://www.mediaworld.it/
way	1227411345	https://www.bluespirit.com/
way	1227411347	http://www.okaidi.com/
way	1227411352	https://www.sonnybono.com/it/
way	1227411357	https://www.carpisa.it/it_it/
way	1227411358	https://www.tezenis.com/it/
way	1227411361	https://www.zuiki.it/
way	1227411362	https://www.intimissimi.com/it/donna/
way	1227411367	https://www.calzedonia.com/it/
way	1227411371	https://www.yamamay.com/it_it/
way	1227411372	https://www.gamestop.it/
way	1227411374	https://www.intimissimi.com/it/donna/
way	1227411378	https://www.stroilioro.com/
way	1227411380	https://shop.vestopazzo.it/
way	1227411382	https://www.calliope.style/it-it/
way	1227411385	https://www.lego.com/it-it
way	1227411386	https://www.salmoiraghievigano.it/
way	1227411388	https://www.swarovski.com/it-IT/
way	1227411394	https://negozi.pittarosso.com/it/italia/verona/verona
way	1227411395	https://www.piazzaitalia.it/
way	1227411396	https://www.despar.it/it/punto-vendita-eurospar/939/verona/
way	1227411397	https://www.dm-drogeriemarkt.it/store/i03g/verona-vr/viale-della-nazioni-1
way	1227411399	https://www.cisalfasport.it/
way	1235593599	https://www.ilgirotondocafornera.com/
way	1254196760	http://tiroasegnojesolo.it/
way	1272663239	https://www.centrocommercialeairone.it/
way	1274054307	https://www.campeggiopanorama.com
way	1299960259	https://trentocaminetti.it/
way	1311583768	http://circoloippicolarinascente.jimdo.com/
way	1332838282	http://www.trattorialepre5t.it/camping-5t
way	1346147903	www.comune.zugliano.vi.it/vivere-il-comune/luoghi/centro-polizunzionale-zagora/
way	1348472954	https://www.margheranuota.it
way	1352044115	https://vicenza.cngei.it/casa-di-caccia-gogna/
way	1409339769	https://www.coopalleanza3-0.it/
way	1412813800	http://www.hotelparon.it/
relation	958734	http://www.rondinipadova.it/
relation	1183410	http://www.eugas.it/
relation	1350691	http://www.valsanzibiogiardino.it
relation	1450203	http://musei.provincia.padova.it/portale/Scheda_Museo.aspx?cod_museo=18
relation	1772519	https://www.trentinotrasporti.it/viaggia-con-noi/ferrovia
relation	1776447	https://leopoldomandic.it/
relation	2107108	http://www.komatsu.it/
relation	2118685	http://celesterugby.com/
relation	2168099	http://www.educandatosanbenedetto.it/
relation	2179477	http://www.cdrmontagnana.it/
relation	2317795	http://www.palazzograssi.it/fr/about/les-lieux/punta-della-dogana/
relation	2918002	http://www.centroculturalecandiani.it/
relation	3638309	https://upvillafrancavr.it/parrocchie/chiesa-di-san-zeno/
relation	5732164	https://www.termesalesiani.it/sanmarco/
relation	15716374	https://www.poliziadistato.it/
relation	15717475	https://www.comune.jesolo.ve.it/home
relation	17776683	https://www.maisandre.it/palestra-arrampicata-barbisano/
relation	18843598	https://castellodisoave.it/
node	64778766	http://italia.indettaglio.it/ita/veneto/concordiasagittaria.html
node	256323620	https://www.facebook.com/fondazionecavendramin/
node	262651439	http://www.europa-hotel.net/gardasee
node	276987678	http://www.hotel-ariston.net
node	469084026	https://alteatro.delivery/
node	625582690	http://italia.indettaglio.it/ita/veneto/venezia_sanmichelealtagliamento_bevazzana.html
node	817757452	http://www.atv.verona.it/flex/cm/pages/ServeBLOB.php/L/IT/IDPagina/1
node	913482143	http://www.atv.verona.it/flex/cm/pages/ServeBLOB.php/L/IT/IDPagina/1
node	1461869731	https://www.archeoveneto.it/portale/wp-content/filemaker/stampa_scheda_estesa.php?recid=191
node	1491987375	www.locandasanlorenzo.it
node	1576575991	https://www.facebook.com/iltelaiobikecafe/
node	1591708793	https://www.facebook.com/Agrimarchetto2003saonara/?locale=it_IT
node	2235642785	https://www.facebook.com/MichelangeloDaVinci
node	2403657171	https://www.mainentipasticceria.it/
node	2435497843	https://www.planetmountain.com/english/Rock/crags/settore.html?idfalesia=154&idsettore=1
node	2460068331	http://www.wwwind.com
node	2603490233	www.hotelvillaalba.it
node	3719077364	https://www.caorle.eu/booking/?language=1#/accommodations/TRN/e2c75e2a-28e7-4c2c-be51-098283e4b0de/ostello-della-gioventu--in-localita--brussa?useDetailSearch=false
node	6236567436	https://coinatmradar.com/bitcoin_atm/5718/bitcoin-atm-general-bytes-sona-centro-commerciale-la-grande-mela/
node	7372893638	https://www.facebook.com/ciboeventi/
node	7726380523	https://www.agriturismoacinatico.it
node	7740279153	https://www.facebook.com/alfistomba/
node	7741194096	http://www.lameridiana-valpolicella.it
node	7742055279	www.ilbiotto.it
node	7800797535	https://www.facebook.com/Ortocorto-799439373411565
node	7862519282	https://www.watermuseumofvenice.com/network/rete-patavina/porto-fluviale-del-portello/
node	8687270468	https://www.fitactive.it/i-club/padova-via-tedeschi.php
node	9038963853	https://www.facebook.com/AgriturismoOasiCaDelLago
node	9171446385	https://www.facebook.com/ristorantediemanuele/
node	9489341161	http://www.montealtore.com/cantina.htm
node	9489341164	http://www.montealtore.com/agriturismo.htm
node	9571627386	https://www.facebook.com/mulinopestasassinove/
node	9677378296	https://www.facebook.com/lemunichpub
node	9707406903	https://www.facebook.com/locandaacciuga/
node	9709394841	https://www.youtube.com/watch?v=4eQXbA9A0XA
node	9858622234	https://www.facebook.com/AgriturismoAlVecioMagazin
node	9863601462	https://www.comune.barbaranomossano.vi.it/home/vivere/grotta-San-Bernandino.html
node	10018088470	https://www.facebook.com/DaMarziano/
node	10142646677	https://www.facebook.com/Sangiacomovet/
node	10221713125	https://www.aopd.veneto.it/Progetto-Mens-sana-in-corpore-sano
node	10221713130	http://itinerarivirtuali.musei.unipd.it/itinerario/la-medicina-padova/ospedale-giustinianeo-la-medicina-padova/reperto/antico-collegio-da-rio
node	10221718629	https://www.muradipadova.it/le-mura-rinascimentali/i-bastioni/baluardo-cornaro
node	10556572889	https://mobile.villagraziella.com
node	10686885520	https://www.facebook.com/caseificiomagnasame/?locale=it_IT
node	10705412808	https://www.comune.vicenza.it/vicenza/turismo.php/muoversi_a_vicenza/vi.bicipark_ponte_san_paolo
node	10957635661	https://www.centrogiotto.com/negozi/ginza/
node	10957635663	https://www.centrogiotto.com/negozi/forpen/
node	10957635669	https://www.centrogiotto.com/negozi/douglas/
node	11016217442	https://www.facebook.com/QuiMangioDaGiorgio/
node	11241833914	https://www.centrogiotto.com/negozi/kasanova/
node	11241833923	https://www.centrogiotto.com/negozi/pittarosso/
node	11241833927	https://www.centrogiotto.com/negozi/la-feltrinelli/
node	11241833928	https://www.centrogiotto.com/negozi/bettin/
node	11241833929	https://www.centrogiotto.com/negozi/bluespirit/
node	11355741902	https://www.caorle.eu/en/discover/caorle-on-bike/caorle-on-bike
node	11413302871	https://calimeros-wine-bar-gelateria.eatbu.com
node	12120129865	http://www.divaniandco.it/
node	12312514389	https://www.facebook.com/ferramentabaciliero
node	12480515452	https://kipin.app/30nlj60d7v7k
node	12487259961	https://www.watermuseumofvenice.com/network/rete-patavina/porto-fluviale-del-portello/
node	12534160968	https://catalogo.beniculturali.it/detail/ArchitecturalOrLandscapeHeritage/0500264812
node	12579104201	https://www.facebook.com/trattoriaallaquaglia/about?locale=it_IT
node	12963948955	https://www.sinko.it/
way	27196208	http://www.archeoveneto.it/portale/wp-content/filemaker/stampa_scheda_estesa.php?recid=34
way	30977414	https://www.facebook.com/Agrimarchetto2003saonara/?locale=it_IT
way	46970550	https://padovanet.it/informazione/monumento-memoria-e-luce
way	77257705	https://www.wownature.eu/areewow/bosco-olme/
way	91872774	https://www.facebook.com/p/Villa-Rosa-Tramonte-100063543910507
way	98291054	https://www.facebook.com/poggioameno.pd/
way	116765782	http://www.erikahotel.net/
way	126466295	http://www.madeinmalga.it/MadeInMalga/Malghe_E_Caseifici/AZAGRICOLAWAISTER.asp
way	130747315	https://emanuelemartino.wordpress.com/acqua-e-territorio/itinerari-dacqua-nel-veneto/il-mulino-di-bagnarolo/
way	131996863	https://catalogo.beniculturali.it/CulturalInstituteOrSite/1470253231488
way	135049806	https://www.facebook.com/Ca-del-Tajo-263497147593153/
way	139987336	vitourism.it/detail/?action=getLuoghidinteresseDetails&id=57
way	140837622	https://www.facebook.com/VillaPerale20/
way	140952467	http://www.venetograndeguerra.it/luogo-dettaglio?uuid=928a4163-4a97-4538-94cc-fd6ac1fcd0a1
way	140988512	https://catalogo.beniculturali.it/detail/ArchitecturalOrLandscapeHeritage/0500184100
way	141028749	https://catalogo.beniculturali.it/detail/ArchitecturalOrLandscapeHeritage/0500174878
way	145858855	https://www.facebook.com/santateresacountryhouse/
way	145867967	https://anagrafe.iccu.sbn.it/isil/IT-VE0217;https://www.comune.venezia.it/it/content/favaro-veneto-0
way	158675073	http://it.bing.com/maps/?v=2&cp=rm8x1mhwvvxh&lvl=19.20603437826443&dir=108.85997851720781&sty=b&form=LMLTCC
way	175240428	http://www.locandasandi.it/
way	177048024	https://viadeiforti.it
way	177050979	https://viadeiforti.it
way	177053981	https://viadeiforti.it
way	177053992	https://viadeiforti.it/index.php?setlanguage=de_DE
way	177056089	https://viadeiforti.it
way	177057047	https://viadeiforti.it
way	177057459	https://viadeiforti.it
way	177299612	http://www.fortificazioni.net/VENEZIA/RADAELLI.htm
way	177300328	https://viadeiforti.it
way	177301150	https://viadeiforti.it
way	177302430	https://viadeiforti.it
way	177901186	https://viadeiforti.it
way	182493991	https://www.facebook.com/AeOBolzanoVicentino/
way	183317591	https://www.caiveneto.it/rifugio/bianchet
way	194036280	https://www.culturaveneto.it/beni-culturali/ville-venete/5d934835ac5c3fddcc273a3e
way	194036287	https://www.culturaveneto.it/beni-culturali/ville-venete/5d934835ac5c3fddcc273a3e
way	194036350	https://www.culturaveneto.it/beni-culturali/ville-venete/5d934835ac5c3fddcc273a3e
way	194036424	https://www.culturaveneto.it/beni-culturali/ville-venete/5d934835ac5c3fddcc273a3e
way	199052598	http://www.campingedenfalcade.com/inverno/de/index.html
way	224507835	https://it.wikipedia.org/wiki/Cologna_Veneta
way	238227229	https://www.cacorniani.it/portfolio_page/le-opere-arte/
way	244713097	http://www.rarefratte.it/
way	258793826	https://www.almontedilivio.com/
way	297998830	https://www.facebook.com/vacamoracafe/
way	306337988	https://consorzioleb.it/la-vasca-di-carico-e-sedimentazione/
way	306984337	http://www.agriturismoalcol.com/
way	328021251	http://www.8icspadova.edu.it/index.php/scuola-primaria-i-nievo
way	328021252	http://www.8icspadova.edu.it/index.php/scuola-secondaria-stefanini-todesco
way	342714570	https://www.aovr.veneto.it/azienda/dove-siamo/parcheggi
way	350910782	https://www.progettofrigus.it/destinations/casone-di-via-beolo/
way	350985962	https://mattipessetti.it
way	351483306	https://www.casalserugoedintorni.it/villa-argenti
way	360825670	https://www.colliberici.it/it/agugliaro
way	366864407	https://www.museodellerisorgive.it/scopri-le-risorgive/vivere-attorno-allacqua/i-nobili-capra-e-i-mulini/il-mulino-pesavento-di-via-sega/
way	369222066	http://www.risopalladio.it/en/la-pila/
way	371407256	https://www.facebook.com/areaverdepalazzina/
way	371800893	https://www.facebook.com/p/Scuola-dellInfanzia-e-Nido-Integrato-Madonna-Incoronata-100063837469331/
way	375292649	https://it-it.facebook.com/pg/equusvillatrento/
way	386786889	https://www.comune.selvazzano-dentro.pd.it/zf/index.php/musei-monumenti/index/dettaglio-museo/museo/9
way	398042817	https://catalogo.beniculturali.it/detail/ArchitecturalOrLandscapeHeritage/0500264839
way	475486812	http://www.cortinacube.it/
way	488653559	https://www.padovanet.it/informazione/centro-infanzia-bambini-del-mediterraneo
way	520412057	http://moduliweb.enac.gov.it/Applicazioni/avioeli/Avio_04.asp?selaeroporto=525
way	610557021	https://www.facebook.com/Bike-Park-Scorz%C3%A8-384656858715780/
way	622134934	https://gruppoambientesgdp.wordpress.com/oasi-f-rossato-2/
way	622135827	https://www.facebook.com/parco.guizze
way	674706270	https://catalogo.beniculturali.it/detail/ArchitecturalOrLandscapeHeritage/0500297462
way	691823526	https://padovasorprende.it/dei-santi-e-dei-miracoli-in-padova/
way	692202958	https://padovasorprende.it/dei-santi-e-dei-miracoli-in-padova/
way	816658964	https://www.padovanet.it/famiglia-sociale-e-sport/asilo-nido-lo-scarabocchio
way	827491932	https://www.youtube.com/watch?v=qLy5eHhdkSc
way	858064540	https://www.facebook.com/condivisionedigusto/
way	891493726	https://www.agec.it/IT/Agec-Servizi-Cimiteriali/Cimiteri-di-Verona/Cancello.html
way	951805728	https://www.facebook.com/MichelangeloDaVinci
way	951805729	https://www.facebook.com/MichelangeloDaVinci
way	969820298	https://www.agricolailgiogo.com/it/area-camper
way	989042497	https://viadeiforti.it
way	992671473	https://www.facebook.com/lavandapolesana/
way	993752942	https://viadeiforti.it
way	993853280	https://viadeiforti.it
way	1021694895	http://www.anbiveneto.it/wp-content/uploads/2015/10/PINATO-Sicurezza-idraulica-Pinato-09-10-2015.pdf;
way	1021916308	http://www.anbiveneto.it/wp-content/uploads/2015/10/PINATO-Sicurezza-idraulica-Pinato-09-10-2015.pdf;
way	1021916309	http://www.anbiveneto.it/wp-content/uploads/2015/10/PINATO-Sicurezza-idraulica-Pinato-09-10-2015.pdf;
way	1021916312	http://www.anbiveneto.it/wp-content/uploads/2015/10/PINATO-Sicurezza-idraulica-Pinato-09-10-2015.pdf;
way	1021916313	http://www.anbiveneto.it/wp-content/uploads/2015/10/PINATO-Sicurezza-idraulica-Pinato-09-10-2015.pdf;
way	1054256493	http://www.comune.vighizzolo.pd.it/ponte-delle-tre-canne
way	1056591241	https://valpeambiente.it/p/gestione-rifiuti/ecosportello
way	1061092564	http://it.bing.com/maps/?v=2&cp=rm8x1mhwvvxh&lvl=19.20603437826443&dir=108.85997851720781&sty=b&form=LMLTCC
way	1061092565	http://it.bing.com/maps/?v=2&cp=rm8x1mhwvvxh&lvl=19.20603437826443&dir=108.85997851720781&sty=b&form=LMLTCC
way	1061093032	http://it.bing.com/maps/?v=2&cp=rm8x1mhwvvxh&lvl=19.20603437826443&dir=108.85997851720781&sty=b&form=LMLTCC
way	1078556829	https://comune.albignasego.pd.it/agenda-smart/441299/parco-via-costituzione#descrizione
way	1112576721	https://bur.regione.veneto.it/BurvServices/pubblica/burvGalleryDettaglio.aspx?id=85
way	1128487112	https://www.amiavr.it/URP/Isole-ecologiche
way	1131305166	https://www.facebook.com/parcoinclusivoviadelleacaciefontaniva/
way	1200602355	http://www.sportingcenter.it
way	1206353099	http://www.fortificazioni.net/forti/andrea.htm
way	1232711996	https://www.facebook.com/Padova4FSE?locale=it_IT
way	1238626990	https://comune.cadoneghe.pd.it/contenuti/254349/orti-sociali
way	1238626992	https://comune.cadoneghe.pd.it/contenuti/254349/orti-sociali
way	1238626996	https://comune.cadoneghe.pd.it/contenuti/254349/orti-sociali
way	1291509647	https://www.culturaveneto.it/it/beni-culturali/ville-venete/5d931808ac5c3fddcc272a11
way	1298204518	https://www.altapianuraveneta.eu/files/opere-di-laminazione-piene-fiume-agno-gua/brochure_trissino_46243.pdf
way	1303066095	https://www.asolo.it/come-arrivare/
way	1307665690	https://www.nidoilmondodellefiabe.it/
way	1310032097	https://www.comune.bussolengo.vr.it/it/point-of-interest/707714
way	1310873770	www.otticapiubello.it
way	1336563941	https://serviziambientali.idealservice.it/it/comuni/sossano/
way	1347555971	https://www.culturaveneto.it/it/beni-culturali/ville-venete/5d96535dd909e7846018f7e1
way	1362306717	https://youtu.be/ethhgmx1Adw?si=eQTXJd92B6AZwWB9
way	1363923035	https://www.youtube.com/watch?v=qLy5eHhdkSc
way	1380994386	https://www.facebook.com/osservatoriocentrovisitatorivallevecchia/
way	1414521865	https://www.facebook.com/yamaranch/
relation	1203928	https://moovitapp.com/index/it/mezzi_pubblici-line-LIS-Padova-1842-775352-771261-0
relation	2269292	https://youtu.be/wnUA29iI2rc?si=33Z_h1QBPV2MYS9_
relation	2320650	http://www.stoneman.it/
relation	2660295	https://www.comunesanmichele.it/flex/cm/pages/ServeBLOB.php/L/IT/IDPagina/2476
relation	3994441	http://www.commodore-cruises.hr
relation	5401662	https://www.culturaveneto.it/it/beni-culturali/ville-venete/5d95f253063c7dba3c0f14c4
relation	5589774	https://www.facebook.com/scuolainfanziavalsanzibio/
relation	6522167	https://www.comune.montegaldella.vi.it/vivere-il-comune/territorio/itinerari/
relation	6990942	https://www.skipasscortina.com/
relation	7751878	https://www.dreizinnen.com
relation	9772406	https://www.asiago.it/it/sci_di_discesa/sciovie_biancoia/piste_discesa/
relation	9772441	https://www.asiago.it/en/downhill_skiing/sciovie_verena_2000/ski_slopes/
relation	10673710	https://consorziodelboscomontello.it/la-tradotta/
relation	11070655	http://irvv.regione.veneto.it/xw/lod/front/file/16819.pdf
relation	12684745	https://www.anellodellavalbelluna.it/
relation	12931473	https://www.facebook.com/RostiChicco/
relation	13796332	https://www.comune.venezia.it/sites/comune.venezia.it/files/immagini/PUMS/Mappa-ciclabili-Venezia%202021.pdf
relation	13798380	http://www.5torri.it
relation	14071569	https://bur.regione.veneto.it/BurvServices/pubblica/burvGalleryDettaglio.aspx?id=715
relation	18755228	https://www.padovaurbspicta.org/i-beni/
