MISSING_URI_SCHEME  <meta http-equiv="content-type" content="text/html
MISSING_URI_SCHEME  <title>OSM3S Response</title>
MISSING_URI_SCHEME  charset=utf-8" lang="en"/>
MISSING_URI_SCHEME  <!DOCTYPE html PUBLIC "-//W3C//DTD XHTML 1.0 Strict//EN
MISSING_URI_SCHEME  </body>
MISSING_URI_SCHEME  </head>
MISSING_URI_SCHEME  </html>
MISSING_URI_SCHEME  <?xml version="1.0" encoding="UTF-8"?>
MISSING_URI_SCHEME  <body>
MISSING_URI_SCHEME  <head>
MISSING_URI_SCHEME  <html xmlns="http://www.w3.org/1999/xhtml" xml:lang="en" lang="en">
MISSING_URI_SCHEME  <p><strong style="color:#FF0000">Error</strong>: runtime error: open64: 0 Success /osm3s_osm_base Dispatcher_Client::request_read_and_idx::timeout. The server is probably too busy to handle your request. </p>
MISSING_URI_SCHEME  <p>The data included in this document is from www.openstreetmap.org. The data is made available under ODbL.</p>
CLIENT_ERROR_(400…499) 400  http://www.w3.org/TR/xhtml1/DTD/xhtml1-strict.dtd">
COULD_NOT_RESOLVE_HOST https://osm.org/browse/node/2231727823 http://www.modicarte.it/home.php?language=IT&idnews=
REDIRECTION_(300…399) 301 https://osm.org/browse/way/420556066 http://www.casaquasimodo.it/ → https://www.casaquasimodo.it/
SUCCESS_(200…299) 200 https://osm.org/browse/relation/11900894 http://www.costierabarocca.it/noto_000015.htm
REDIRECTION_(300…399) 301 https://osm.org/browse/way/485717699 http://www.comune.noto.sr.it/la-cultura/palazzo-nicolaci/ → https://www.comune.noto.sr.it:443/la-cultura/palazzo-nicolaci/
REDIRECTION_(300…399) 302 https://osm.org/browse/node/1962531883 http://www.museomotori.unipa.it → https://www.museomotori.unipa.it:443/
REDIRECTION_(300…399) 301 https://osm.org/browse/node/7162048723 http://www.scuolasubpalermo.it → https://www.scuolasubpalermo.it/
CLIENT_ERROR_(400…499) 404 https://osm.org/browse/node/9810551034 https://it.sicilyrealty.com/apt-cortile-carini-sciacca
CLIENT_ERROR_(400…499) 404 https://osm.org/browse/relation/17808234 https://osm.org/browse/relation/17809145 https://osm.org/browse/relation/17812241 https://osm.org/browse/relation/17812465 https://osm.org/browse/relation/17812733 https://osm.org/browse/relation/17812766 https://osm.org/browse/relation/17813407 https://osm.org/browse/relation/17814924 https://appenninobiketour.com/percorso/
SUCCESS_(200…299) 200 https://osm.org/browse/node/603885244 http://www.ulocale.com
SUCCESS_(200…299) 200 https://osm.org/browse/node/5091059042 https://ormepalermo.it/
SUCCESS_(200…299) 200 https://osm.org/browse/relation/15740414 https://web.archive.org/web/20220927054441/https://www.vetrinatv.it/mistretta-tentano-di-rubare-legna-in-area-boschiva-per-rivenderla-arrestati-dai-carabinieri/
SUCCESS_(200…299) 200 https://osm.org/browse/way/1184179286 https://web.archive.org/web/20230323233356/https://www.italianostra.org/news/taglio-dei-pluridecennali-cipressi-antistanti-lospedale-di-mistretta-e-il-contiguo-servizio-di-psichiatria-di-mistretta-istanza-al-comune/
REDIRECTION_(300…399) 301 https://osm.org/browse/way/459158351 http://www.prodromo-vegetazione-italia.org/scheda/rumici-astragalion-siculi/636 → https://www.prodromo-vegetazione-italia.org/scheda/rumici-astragalion-siculi/636
SUCCESS_(200…299) 200 https://osm.org/browse/relation/10339853 https://www.etnasci.it/localita/etna-nord
SUCCESS_(200…299) 200 https://osm.org/browse/relation/10339854 https://www.etnasci.it/localita/nicolosi-etna-sud
CLIENT_ERROR_(400…499) 403 https://osm.org/browse/way/56131141 https://www.researchgate.net/publication/225673663_Geo-volcanological_mineralogical_and_environmental_aspects_of_quarry_materials_related_to_pleural_neoplasm_in_the_area_of_Biancavilla_Mount_Etna_Eastern_Sicily_Italy
CLIENT_ERROR_(400…499) 403 https://osm.org/browse/node/9510275015 https://www.thecrag.com/climbing/italy/central-and-southern-italy/sicily/area/1221011889
SUCCESS_(200…299) 200 https://osm.org/browse/relation/8271170 https://sonatrachitalia.it/
SUCCESS_(200…299) 200 https://osm.org/browse/node/7106569918 https://www.sanvitolocaposhuttle.com
SUCCESS_(200…299) 200 https://osm.org/browse/node/7106569916 https://www.trapanishuttle.com
SUCCESS_(200…299) 200 https://osm.org/browse/way/23446889 https://www.funiviaetna.com/
