MISSING_URI_SCHEME  <meta http-equiv="content-type" content="text/html
MISSING_URI_SCHEME  <title>OSM3S Response</title>
MISSING_URI_SCHEME  charset=utf-8" lang="en"/>
MISSING_URI_SCHEME https://osm.org/browse/node/7882872734 +39 350 1437726
MISSING_URI_SCHEME  <!DOCTYPE html PUBLIC "-//W3C//DTD XHTML 1.0 Strict//EN
MISSING_URI_SCHEME  </body>
MISSING_URI_SCHEME  </head>
MISSING_URI_SCHEME  </html>
MISSING_URI_SCHEME  <?xml version="1.0" encoding="UTF-8"?>
MISSING_URI_SCHEME  <body>
MISSING_URI_SCHEME  <head>
MISSING_URI_SCHEME  <html xmlns="http://www.w3.org/1999/xhtml" xml:lang="en" lang="en">
MISSING_URI_SCHEME  <p><strong style="color:#FF0000">Error</strong>: runtime error: open64: 0 Success /osm3s_osm_base Dispatcher_Client::request_read_and_idx::timeout. The server is probably too busy to handle your request. </p>
MISSING_URI_SCHEME  <p>The data included in this document is from www.openstreetmap.org. The data is made available under ODbL.</p>
MISSING_URI_SCHEME https://osm.org/browse/node/1685776652 bdu.sba.unibo.it
CLIENT_ERROR_(400…499) 403  http://www.w3.org/TR/xhtml1/DTD/xhtml1-strict.dtd">
COULD_NOT_RESOLVE_HOST https://osm.org/browse/node/4778406076 http://atuttogustodavalentina.it/
REDIRECTION_(300…399) 301 https://osm.org/browse/node/882558065 http://acnp.cib.unibo.it/cgi-ser/start/it/bib/df-b.tcl?libr=BO352 → http://acnp.unibo.it/cgi-ser/start/it/bib/df-b.tcl?libr=BO352
REDIRECTION_(300…399) 302 https://osm.org/browse/node/882558066 http://biomedica.biblioteche.unibo.it/biomedica → http://biomedica.sba.unibo.it/
SUCCESS_(200…299) 200 https://osm.org/browse/node/3132150682 http://albergo-ilponte.it/
REDIRECTION_(300…399) 301 https://osm.org/browse/way/109908667 http://blog.libero.it/lachiesadisopra/view.php → https://blog.libero.it/lachiesadisopra/view.php
REDIRECTION_(300…399) 301 https://osm.org/browse/way/149046817 http://groups.msn.com/ssangelicustodi → https://onedrive.live.com/
REDIRECTION_(300…399) 301 https://osm.org/browse/way/185456648 http://pizzaburgerdelivery.pagedemo.co/ → https://pizzaburgerdelivery.pagedemo.co:443/
REDIRECTION_(300…399) 301 https://osm.org/browse/node/2417847949 http://ristorantegentedimare.com/public/it/ → https://ristorantegentedimare.com/public/it/
CLIENT_ERROR_(400…499) 403 https://osm.org/browse/node/4484167750 http://fencucina.it
SUCCESS_(200…299) 200 https://osm.org/browse/way/162285607 http://trattoriadiardiano.net
REDIRECTION_(300…399) 301 https://osm.org/browse/node/4216293052 http://driveeat.it/ → https://driveeat.it/
REDIRECTION_(300…399) 301 https://osm.org/browse/way/181540897 http://severihotels.com/hotel-bamby → http://severihotels.com/hotel-bamby/
CLIENT_ERROR_(400…499) 403 https://osm.org/browse/node/1623545762 http://www.adibologna.it/
REDIRECTION_(300…399) 301 https://osm.org/browse/way/181544982 http://severihotels.com/hotel-casali → http://severihotels.com/hotel-casali/
COULD_NOT_RESOLVE_HOST https://osm.org/browse/node/3409315455 http://www.anticaosteriadellevolte.it
REDIRECTION_(300…399) 301 https://osm.org/browse/way/162976210 http://www.attiliobeach.it → https://www.attiliobeach.it/
SUCCESS_(200…299) 200 https://osm.org/browse/node/4394210194 http://www.bagnonettunopatrizia.com/
REDIRECTION_(300…399) 301 https://osm.org/browse/way/64980907 http://www.bibliotecanzola.it/ → https://www.bibliotecanzola.it/
SUCCESS_(200…299) 200 https://osm.org/browse/way/730895836 http://www.aviosuperficiesantarcangelo.it
SUCCESS_(200…299) 200 https://osm.org/browse/way/111487086 http://www.bivaccolavezzosa.it/
REDIRECTION_(300…399) 301 https://osm.org/browse/way/159506177 http://www.agriturismolacasina.com → https://www.agriturismolacasina.com/
REDIRECTION_(300…399) 301 https://osm.org/browse/way/148832787 http://www.biochimica.unibo.it/Biochimica/default.htm → http://www.unibo.it/it/ateneo/sedi-e-strutture/dipartimenti
SUCCESS_(200…299) 200 https://osm.org/browse/node/4766361903 http://www.caffedeicorsi.it/
SUCCESS_(200…299) 200 https://osm.org/browse/node/860582713 http://www.campeggiovivaio.it/
COULD_NOT_RESOLVE_HOST https://osm.org/browse/node/3011077712 http://www.cantinagaribaldi.com/
REDIRECTION_(300…399) 301 https://osm.org/browse/relation/10241428 https://osm.org/browse/relation/11663244 http://www.cairimini.it/ → https://www.cairimini.it/
REDIRECTION_(300…399) 302 https://osm.org/browse/node/1177457132 http://www.ca-rossa.it/ → https://www.ca-rossa.it/
REDIRECTION_(300…399) 301 https://osm.org/browse/node/12650103124 http://www.cebora.it → https://www.cebora.it/
REDIRECTION_(300…399) 301 https://osm.org/browse/way/223553427 http://www.casafragheto.it/ → https://fragheto.webnode.it/
REDIRECTION_(300…399) 301 https://osm.org/browse/node/1627376995 http://www.chimica.unibo.it/ → https://chimica.unibo.it/
OTHER_CURL_ERROR 56  https://osm.org/browse/way/64980910 http://www.comune.anzoladellemilia.bo.it
REDIRECTION_(300…399) 302 https://osm.org/browse/node/3515168254 http://www.comune.bologna.it/canilegattile/luoghi/133:18548/ → https://www.comune.bologna.it/contenuto-eliminato
SUCCESS_(200…299) 200 https://osm.org/browse/way/223792779 http://www.centroimalatesta.it
COULD_NOT_RESOLVE_HOST https://osm.org/browse/relation/14340405 http://www.df.unibo.it/index.htm
CLIENT_ERROR_(400…499) 404 https://osm.org/browse/node/1716340659 http://www.comune.sarsina.fo.it/turismo/percorsi-mtb.htm
REDIRECTION_(300…399) 301 https://osm.org/browse/node/1627376986 http://www.cusb.unibo.it/CUSB/default.htm → https://cusb.unibo.it/it
REDIRECTION_(300…399) 302 https://osm.org/browse/node/4764174953 http://www.comunegatteo.it → http://www.comune.gatteo.fc.it/
REDIRECTION_(300…399) 301 https://osm.org/browse/way/148832790 http://www.dipfisio.unibo.it/Fisiologia/default.htm → http://www.unibo.it/it/ateneo/sedi-e-strutture/dipartimenti
REDIRECTION_(300…399) 302 https://osm.org/browse/node/1881800658 http://www.emilbanca.it/ → https://www.emilbanca.it/
COULD_NOT_RESOLVE_HOST https://osm.org/browse/node/1704757052 http://www.gelateriasanmamolo.it
REDIRECTION_(300…399) 301 https://osm.org/browse/node/4766362141 http://www.farmaciaschibuola.it/ → https://www.farmaciaschibuola.it/
REDIRECTION_(300…399) 301 https://osm.org/browse/node/5338147806 http://www.godownrecords.com/en-UK/sidroclub.php → https://www.godownrecords.com/en-UK/sidroclub.php
REDIRECTION_(300…399) 301 https://osm.org/browse/node/12005933246 http://www.fusorari.it → https://fusorari.it/
SUCCESS_(200…299) 200 https://osm.org/browse/node/1874922755 http://www.hanabi72.com/
REDIRECTION_(300…399) 301 https://osm.org/browse/way/223772759 http://www.hotelelizabeth.com → https://www.elizabethbellaria.com/
REDIRECTION_(300…399) 301 https://osm.org/browse/way/181544828 http://www.hotelantea.it → https://www.hotelantea.it/
REDIRECTION_(300…399) 301 https://osm.org/browse/way/162976208 http://www.hotelarlecchino.net → https://www.hotelarlecchino.net/
REDIRECTION_(300…399) 301 https://osm.org/browse/way/182263869 http://www.hotelmeridiana-tabiano.it/ → https://www.hotelmeridiana-tabiano.it/
SUCCESS_(200…299) 200 https://osm.org/browse/way/223775318 http://www.hotelfoschi.com/
REDIRECTION_(300…399) 301 https://osm.org/browse/way/223773148 http://www.hotelmartinez.it → https://hotelmartinez.it/
COULD_NOT_RESOLVE_HOST https://osm.org/browse/node/5530359477 http://www.ilpanedellebalze.it
SUCCESS_(200…299) 200 https://osm.org/browse/node/6242140593 http://www.hotelsecchia.it/
REDIRECTION_(300…399) 301 https://osm.org/browse/way/190433110 http://www.internationalcamping.eu/index.php/en/contact-us → https://www.internationalcamping.eu/index.php/en/contact-us
COULD_NOT_RESOLVE_HOST https://osm.org/browse/node/2497530748 http://www.kingbazar.net/
REDIRECTION_(300…399) 302 https://osm.org/browse/node/3883978749 http://www.isiafaenza.it → https://www.isiafaenza.it/
REDIRECTION_(300…399) 301 https://osm.org/browse/node/6360345124 http://www.hotelholiday-bo.com/ → https://www.hotelholiday-bo.com/
REDIRECTION_(300…399) 303 https://osm.org/browse/way/104589511 http://www.international.unimore.it/ → https://international.unimore.it/
COULD_NOT_RESOLVE_HOST https://osm.org/browse/way/185925582 http://www.lastaderatessello.it
REDIRECTION_(300…399) 302 https://osm.org/browse/node/1710274967 http://www.nonnorossi.it/ → http://ww16.nonnorossi.it/?sub1=20250818-2235-23e6-bcab-27d34dc7c399
SUCCESS_(200…299) 200 https://osm.org/browse/node/2323498771 http://www.locandaparadiso.it/
REDIRECTION_(300…399) 301 https://osm.org/browse/node/4752826030 http://www.palazzogallettiabbiosi.it → https://www.palazzogallettiabbiosi.it/
SUCCESS_(200…299) 200 https://osm.org/browse/relation/17610985 http://www.med.ira.inaf.it/parabola32m.html
REDIRECTION_(300…399) 301 https://osm.org/browse/node/3040601733 http://www.lebondamat.com/ → https://www.lebondamat.com/
SERVER_ERROR_(500…599) 500 https://osm.org/browse/node/9205034495 http://www.osteriadalnonno.bologna.it/
SUCCESS_(200…299) 200 https://osm.org/browse/way/149221986 http://www.parrocchiasantegidiobologna.it/
COULD_NOT_RESOLVE_HOST https://osm.org/browse/node/797204601 http://www.poliambulatoriolasalute.it/
SUCCESS_(200…299) 200 https://osm.org/browse/way/223622029 http://www.poggioduca.it/
REDIRECTION_(300…399) 301 https://osm.org/browse/way/168422144 http://www.rifugiosarzana.it → https://www.rifugiosarzana.it/
REDIRECTION_(300…399) 301 https://osm.org/browse/node/4077386986 http://www.riminilug.it/ → https://www.riminilug.it/
SUCCESS_(200…299) 200 https://osm.org/browse/way/742619947 http://www.riminiparking.it/
COULD_NOT_RESOLVE_HOST https://osm.org/browse/node/4314228899 http://www.ristoranteamau.it/
REDIRECTION_(300…399) 301 https://osm.org/browse/way/162973654 http://www.ristoranteleghiaine.it → https://www.ristoranteleghiaine.it/
REDIRECTION_(300…399) 301 https://osm.org/browse/node/4495195009 http://www.ristorantesedrariccione.it/ → https://www.ristorantesedrariccione.it/
REDIRECTION_(300…399) 301 https://osm.org/browse/node/5493421231 http://www.salesianirimini.it/ → https://www.salesianirimini.it/
REDIRECTION_(300…399) 301 https://osm.org/browse/node/1710274968 http://www.starwoodhotels.com/sheraton/property/overview/index.html?propertyID=310 → https://www.starwoodhotels.com/sheraton/property/overview/index.html?propertyID=310
SUCCESS_(200…299) 200 https://osm.org/browse/node/4269849307 http://www.streetburgergourmet.com
REDIRECTION_(300…399) 301 https://osm.org/browse/way/185212649 http://www.ristorantecerina.com → https://www.ristorantecerina.it/
COULD_NOT_RESOLVE_HOST https://osm.org/browse/node/4766301501 http://www.velvetcat.it/
REDIRECTION_(300…399) 301 https://osm.org/browse/relation/11707129 http://www.territorio.sm/ → https://www.territorio.sm/
REDIRECTION_(300…399) 301 https://osm.org/browse/node/1909741676 http://www.viaggipinarella.com/ → https://server14.castellino.com/
REDIRECTION_(300…399) 301 https://osm.org/browse/node/4314228900 http://www.villarosariviera.it → https://villarosariviera.com
SUCCESS_(200…299) 200 https://osm.org/browse/way/155045957 https://albergolatorretta.it/
REDIRECTION_(300…399) 301 https://osm.org/browse/node/4436878543 http://www.villaggiolapescaccia.com/ → https://www.villaggiolapescaccia.com/
TIMEOUT https://osm.org/browse/node/2886092668 http://www.piccolapiedigrotta.com
SUCCESS_(200…299) 200 https://osm.org/browse/node/9742130570 https://arle.arlecchinodisco.it/
TIMEOUT https://osm.org/browse/way/423697503 http://www.pistacattolica.it
REDIRECTION_(300…399) 301 https://osm.org/browse/node/6221654920 https://bmtende.it → http://www.bmtende.it/
SUCCESS_(200…299) 200 https://osm.org/browse/way/165820232 https://centrodellamirandola.it/
SUCCESS_(200…299) 200 https://osm.org/browse/way/187454933 https://centroipioppi.it/
SUCCESS_(200…299) 200 https://osm.org/browse/node/8005947730 https://atelierottico.it/
CLIENT_ERROR_(400…499) 405 https://osm.org/browse/node/693373134 https://amerigo1934.it
REDIRECTION_(300…399) 301 https://osm.org/browse/way/1359079515 https://familyfarmgobbi.com/ → https://familyfarmgobbi.com/it_it/
CLIENT_ERROR_(400…499) 404 https://osm.org/browse/node/9733181563 https://farmacia-ponte-sul-nure-snc-pontenure.business.site/
CLIENT_ERROR_(400…499) 403 https://osm.org/browse/way/223832695 https://fsspx.it/it/priorato-madonna-di-loreto-rimini
SUCCESS_(200…299) 200 https://osm.org/browse/node/10206774409 https://crudo.restaurant
CLIENT_ERROR_(400…499) 404 https://osm.org/browse/node/11295691831 https://geomgasparinimauro.business.site/
CLIENT_ERROR_(400…499) 403 https://osm.org/browse/node/4762530739 https://demonrace.com
SUCCESS_(200…299) 200 https://osm.org/browse/node/3636954958 https://libreriairnerio.blogspot.com/
REDIRECTION_(300…399) 302 https://osm.org/browse/node/4781400761 https://m.facebook.com/edicolacartoleriatoscanella/ → https://m.facebook.com/login.php?next=https%3A%2F%2Fm.facebook.com%2Fedicolacartoleriatoscanella%2F&refsrc=deprecated&_rdr
REDIRECTION_(300…399) 302 https://osm.org/browse/node/4781397645 https://m.facebook.com/pages/category/Restaurant/Trattoria-Romagnola-175198019494031/ → https://m.facebook.com/login/?next=https%3A%2F%2Fm.facebook.com%2Fpages%2Fcategory%2FRestaurant%2FTrattoria-Romagnola-175198019494031%2F&refsrc=deprecated&_rdr
CLIENT_ERROR_(400…499) 403 https://osm.org/browse/node/11273840761 https://larcadinoenatura.it/
SUCCESS_(200…299) 200 https://osm.org/browse/node/4494361671 https://hotelbrienz.it
SUCCESS_(200…299) 200 https://osm.org/browse/way/1215035064 https://macaco.tv/
REDIRECTION_(300…399) 301 https://osm.org/browse/node/4712449695 https://modena.ubiklibri.it → https://www.ubiklibri.it/librerie/ubik-modena
SUCCESS_(200…299) 200 https://osm.org/browse/node/10304510802 https://osm.org/browse/node/10304510803 https://modenafiere.it
SUCCESS_(200…299) 200 https://osm.org/browse/way/968125372 https://monacomima.wixsite.com/my-site/copia-di-hotel-monaco
CLIENT_ERROR_(400…499) 404 https://osm.org/browse/way/1222930401 https://econilcane.com/scuderia-del-lago/
CLIENT_ERROR_(400…499) 404 https://osm.org/browse/node/9742068067 https://pizzeria-san-zenone.business.site/
SUCCESS_(200…299) 200 https://osm.org/browse/node/9651042717 https://molinarisalute.it/mirandola/
REDIRECTION_(300…399) 302 https://osm.org/browse/node/9742029268 https://ristorantedamimmo.metro.rest/ → https://ristorantedamimmo.metro.rest/?lang=en
REDIRECTION_(300…399) 301 https://osm.org/browse/node/3042918024 https://new.labs.it/ → https://new.labs.it/it/
SUCCESS_(200…299) 200 https://osm.org/browse/node/9958795696 https://pizzium.com/
REDIRECTION_(300…399) 301 https://osm.org/browse/node/4771282666 https://scarpamondo.it/it/negozi/mirandola?utm_source=google&utm_medium=organic&utm_campaign=gmb → https://scarpamondo.it/negozi
SUCCESS_(200…299) 200 https://osm.org/browse/node/12291761357 https://sangiovannipersiceto.mercatopoli.it/
SUCCESS_(200…299) 200 https://osm.org/browse/node/4695592292 https://senapevivaiourbano.com/
SUCCESS_(200…299) 200 https://osm.org/browse/node/4933663722 https://salumeriasimoni.it/
SUCCESS_(200…299) 200 https://osm.org/browse/node/11908047383 https://sites.google.com/site/crocedelbiacco/
SUCCESS_(200…299) 200 https://osm.org/browse/node/4502992325 https://osm.org/browse/node/4502992326 https://sanleoalbergodiffuso.it/
SUCCESS_(200…299) 200 https://osm.org/browse/node/4762718527 https://sites.google.com/view/nellavecchiafattoria5046/chi-siamo
SUCCESS_(200…299) 200 https://osm.org/browse/node/10682534346 https://soberlemur.com
SUCCESS_(200…299) 200 https://osm.org/browse/node/11125508022 https://viserba.rainbowsushibar.com/
INFORMATION_(100…199) 103 https://osm.org/browse/node/9958795690 https://thegraffitibench.com/
SUCCESS_(200…299) 200 https://osm.org/browse/node/9961182004 https://www.abitarebondeno.it/
SUCCESS_(200…299) 200 https://osm.org/browse/node/5628224821 https://shudaxia.it/ristorante-reggio-emilia/
SUCCESS_(200…299) 200 https://osm.org/browse/way/1335603085 https://www.agriturismoarcoantico.com/area-camper
SUCCESS_(200…299) 200 https://osm.org/browse/node/4861185320 https://www.agriturismodelcimone.com
SUCCESS_(200…299) 200 https://osm.org/browse/relation/9874544 https://www.acquariodicattolica.it/
SUCCESS_(200…299) 200 https://osm.org/browse/way/223775322 https://www.augustahotel.eu/
SUCCESS_(200…299) 200 https://osm.org/browse/node/12630818737 https://osm.org/browse/way/1364074960 https://www.atr.fc.it/sosta/sostare-a-cesenatico-2/
SAME_DOMAIN_REDIRECTION_(300…399) 301 https://osm.org/browse/node/2271776831 https://www.bolognawelcome.com/ → /it/
SUCCESS_(200…299) 200 https://osm.org/browse/node/12310422403 https://www.booking.com/hotel/it/casa-san-pietro-bilocale-centro-storico.it.html
REDIRECTION_(300…399) 301 https://osm.org/browse/node/3586451112 https://www.brewdog.com/uk/bologna → https://brewdog.com/uk/bologna
SUCCESS_(200…299) 200 https://osm.org/browse/node/9775367295 https://www.bricoio.it/it-IT-it/Custom/PuntoVendita.aspx?codiceNegozio=1123
SUCCESS_(200…299) 200 https://osm.org/browse/node/4782429262 https://www.atelierleragazze.com/
SUCCESS_(200…299) 200 https://osm.org/browse/node/3600235452 https://www.agenziamondo.it
SUCCESS_(200…299) 200 https://osm.org/browse/node/4761743444 https://www.bottegaportici.it/
SUCCESS_(200…299) 200 https://osm.org/browse/way/151786635 https://www.camatti.it/
SUCCESS_(200…299) 200 https://osm.org/browse/node/8411774888 https://www.casabenna.it
SUCCESS_(200…299) 200 https://osm.org/browse/way/156860731 https://www.cadigali.it/
SUCCESS_(200…299) 200 https://osm.org/browse/node/4697122872 https://www.cadigali.it/ristorante/
SUCCESS_(200…299) 200 https://osm.org/browse/node/11741134685 https://www.chiaravalledellacolomba.it/
SUCCESS_(200…299) 200 https://osm.org/browse/way/917582861 https://www.comet.it/negozi/emilia-romagna/modena/comet-mirandola
SUCCESS_(200…299) 200 https://osm.org/browse/node/5528598194 https://osm.org/browse/way/195545112 https://www.clarissesantagata.it/
SUCCESS_(200…299) 200 https://osm.org/browse/way/168929842 https://www.comune.albinea.re.it
REDIRECTION_(300…399) 301 https://osm.org/browse/way/183396278 https://www.conad.it/ricerca-negozi/negozio.007267.html → https://www.conad.it/ricerca-negozi/conad-via-fratelli-cervi-138-29010-alseno--007267
CLIENT_ERROR_(400…499) 403 https://osm.org/browse/node/5913477579 https://osm.org/browse/way/72312636 https://www.coopalleanza3-0.it/
CLIENT_ERROR_(400…499) 403 https://osm.org/browse/node/441918990 https://www.coopalleanza3-0.it/fare-spesa/elenco-negozi/dettaglio-negozio/427-fidenza.html
CLIENT_ERROR_(400…499) 403 https://osm.org/browse/node/6802830244 https://www.coopalleanza3-0.it/fare-spesa/elenco-negozi/dettaglio-negozio/602-ipercoop-della-mirandola.html
CLIENT_ERROR_(400…499) 403 https://osm.org/browse/node/4749545916 https://www.crai-supermercati.it/nealco/home/index.php
CLIENT_ERROR_(400…499) 403 https://osm.org/browse/way/429302513 https://www.decathlon.it/
COULD_NOT_RESOLVE_HOST https://osm.org/browse/node/7039370583 https://www.cucinot.it
SUCCESS_(200…299) 200 https://osm.org/browse/way/166475782 https://www.comune.pavullo-nel-frignano.mo.it/turismo-a-pavullo/info-utili/area-di-sosta-camper-2/
SUCCESS_(200…299) 200 https://osm.org/browse/way/223832204 https://www.diplomatpalace.it
SUCCESS_(200…299) 200 https://osm.org/browse/node/6585090485 https://www.dellamottahotel.it/hotel-admiral/
SUCCESS_(200…299) 200 https://osm.org/browse/node/11353195422 https://www.divisamilitare.it/
CLIENT_ERROR_(400…499) 404 https://osm.org/browse/node/12480707876 https://www.doctolib.it/studio-medico/scandiano
SUCCESS_(200…299) 200 https://osm.org/browse/way/153061319 https://www.dimegliostore.it/
TIMEOUT https://osm.org/browse/node/10207012361 https://www.cantinecasabella.com
SUCCESS_(200…299) 200 https://osm.org/browse/node/4777077296 https://www.doppiocivico.it
SUCCESS_(200…299) 200 https://osm.org/browse/node/12995544536 https://www.ecudiscount.it/punti-vendita?selected=60730915
REDIRECTION_(300…399) 301 https://osm.org/browse/way/163603229 https://www.elettric80.com/it → https://www.e80group.com/it
SUCCESS_(200…299) 200 https://osm.org/browse/node/12581874492 https://www.facebook.com/Birreinbottega/
SUCCESS_(200…299) 200 https://osm.org/browse/way/79643645 https://osm.org/browse/way/186264810 https://www.famila.it/
REDIRECTION_(300…399) 301 https://osm.org/browse/node/4766301512 https://www.farmacianatalini.it/ → https://www.drmax.it/
SUCCESS_(200…299) 200 https://osm.org/browse/way/1281825479 https://www.eurospin.it/
COULD_NOT_RESOLVE_HOST https://osm.org/browse/node/4268817191 https://www.focacceriamediterranea.it/
SUCCESS_(200…299) 200 https://osm.org/browse/node/11956054599 https://www.emc2onlus.it/
SUCCESS_(200…299) 200 https://osm.org/browse/node/4497569298 https://www.fornext.it
SUCCESS_(200…299) 200 https://osm.org/browse/node/11799898472 https://www.fondazioneilcorreggio.it/
CLIENT_ERROR_(400…499) 404 https://osm.org/browse/way/223774647 https://www.foschihotels.it/splendid/
CLIENT_ERROR_(400…499) 404 https://osm.org/browse/way/223773003 https://www.foschihotels.it/hotel_it.php
INFORMATION_(100…199) 103 https://osm.org/browse/node/4712529638 https://www.games4fans.it/
SUCCESS_(200…299) 200 https://osm.org/browse/node/12291761371 https://www.gimfive.com/palestra/sangiovanniinpersiceto
SUCCESS_(200…299) 200 https://osm.org/browse/node/2718121957 https://www.hotel-ariminum.it/
CLIENT_ERROR_(400…499) 405 https://osm.org/browse/node/3646474020 https://www.gelateriadellemoline.com/
SUCCESS_(200…299) 200 https://osm.org/browse/way/223774562 https://www.hoteladria.rn.it
SUCCESS_(200…299) 200 https://osm.org/browse/way/158767939 https://www.hotelmillepini.com/
SUCCESS_(200…299) 200 https://osm.org/browse/node/7386114560 https://www.hotelluxorcattolica.com/
SUCCESS_(200…299) 200 https://osm.org/browse/node/4494352513 https://www.hoteloceania.com
SUCCESS_(200…299) 200 https://osm.org/browse/node/10731684731 https://www.ilmistico.it
REDIRECTION_(300…399) 301 https://osm.org/browse/node/7731352486 https://www.hotelsaintlouis.it → http://hotelsaintlouis.it/
SUCCESS_(200…299) 200 https://osm.org/browse/way/223827903 https://www.hoteldusoleil.it
SUCCESS_(200…299) 200 https://osm.org/browse/node/2323204534 https://www.kaossparquet.it/
SUCCESS_(200…299) 200 https://osm.org/browse/node/9682706101 https://www.lacompagniabb.it/
REDIRECTION_(300…399) 301 https://osm.org/browse/node/12218376234 https://www.kitarestaurant.it → https://kitarestaurant.it/
SUCCESS_(200…299) 200 https://osm.org/browse/node/9958795688 https://www.komerestaurant.it/
REDIRECTION_(300…399) 301 https://osm.org/browse/node/4708346090 https://www.laferramenta.org/ → https://laferramentabologna.com/
REDIRECTION_(300…399) 302 https://osm.org/browse/node/2323167511 https://www.lasaponaria.it/biostorie-cesena → https://www.lasaponaria.it/index.php?controller=404
SUCCESS_(200…299) 200 https://osm.org/browse/node/12062055613 https://www.lasaponaria.it/biostorie-bologna
SUCCESS_(200…299) 200 https://osm.org/browse/way/187393212 https://www.lidl.it/
SUCCESS_(200…299) 200 https://osm.org/browse/node/4494361674 https://www.laconchigliahotel.it
OTHER_CURL_ERROR 92  https://osm.org/browse/way/1144912516 https://www.mcdonalds.it/
REDIRECTION_(300…399) 301 https://osm.org/browse/node/4748847818 https://www.m11shop.eu/ → https://m11shop.eu/
SUCCESS_(200…299) 200 https://osm.org/browse/node/12405562871 https://www.mechworks.com
SUCCESS_(200…299) 200 https://osm.org/browse/way/223773220 https://www.mimosahotel.net
SUCCESS_(200…299) 200 https://osm.org/browse/node/12709999207 https://osm.org/browse/node/13070843254 https://osm.org/browse/node/13070843255 https://osm.org/browse/node/13070843256 https://www.metalbox.it
TIMEOUT https://osm.org/browse/node/4766424776 https://www.giardino34.it/
SUCCESS_(200…299) 200 https://osm.org/browse/node/9732966242 https://www.mathis.it/it/
SUCCESS_(200…299) 200 https://osm.org/browse/node/4761936258 https://www.motoabbigliamento.it/motoabbigliamento-store-ferrara
COULD_NOT_RESOLVE_HOST https://osm.org/browse/node/4771244764 https://www.omniaesteticashop.it/
SUCCESS_(200…299) 200 https://osm.org/browse/way/86943530 https://www.museoaviazione.com/
SUCCESS_(200…299) 200 https://osm.org/browse/node/3645563602 https://www.mutenye.it/
COULD_NOT_RESOLVE_HOST https://osm.org/browse/node/3296862974 https://www.panzaro.it/
SUCCESS_(200…299) 200 https://osm.org/browse/node/11115118335 https://www.paradigmi.net
SUCCESS_(200…299) 200 https://osm.org/browse/node/12505307404 https://www.pietredeldrago.com/
SUCCESS_(200…299) 200 https://osm.org/browse/node/13051882476 https://www.pasticceria-nufi.it/
SUCCESS_(200…299) 200 https://osm.org/browse/node/4766326906 https://www.poliambulatoriokripton.it/
CLIENT_ERROR_(400…499) 404 https://osm.org/browse/node/12623437380 https://www.orthoshops.it/negozi-orthoshops-dove-siamo/orthoshops-boiardo-reggio-emilia/
SUCCESS_(200…299) 200 https://osm.org/browse/way/71172160 https://www.palariccione.com/
SUCCESS_(200…299) 200 https://osm.org/browse/node/2993902046 https://osm.org/browse/node/9389697015 https://www.q8.it/?utm_campaign=listing&utm_medium=q8&utm_source=googlemybusiness
SUCCESS_(200…299) 200 https://osm.org/browse/node/10007645227 https://www.roverella.it/
SUCCESS_(200…299) 200 https://osm.org/browse/way/1335600677 https://www.reggioemiliawelcome.it/it/boretto/ospitalita/dove-dormire/aree-di-sosta-camper/area-sosta-camper-boretto
SUCCESS_(200…299) 200 https://osm.org/browse/node/4166130502 https://www.puntobologna.com/
COULD_NOT_RESOLVE_HOST https://osm.org/browse/node/4766362142 https://www.saffi25.it/
SUCCESS_(200…299) 200 https://osm.org/browse/node/5580354025 https://www.ristoranteilpalazzo.com/
SUCCESS_(200…299) 200 https://osm.org/browse/way/469225680 https://www.santarcangelodiromagna.info/santarcamper-area-sosta-camper/
SUCCESS_(200…299) 200 https://osm.org/browse/way/158768035 https://www.solariamare.it/
COULD_NOT_RESOLVE_HOST https://osm.org/browse/node/6389188086 https://www.tendedasolerimini-riccione.com/
SUCCESS_(200…299) 200 https://osm.org/browse/node/11990937234 https://www.spaccaferro.com
SUCCESS_(200…299) 200 https://osm.org/browse/way/186841570 https://www.stazionediserviziopb.it
CLIENT_ERROR_(400…499) 404 https://osm.org/browse/node/5461264257 https://www.sarniristorazione.it/item/ads-sillaro-est
PEER_CERTIFICATE_FROM_UNKNOWN_CA_CERTIFICATES https://osm.org/browse/node/4745409830 https://www.vacanzattiva.com/
SUCCESS_(200…299) 200 https://osm.org/browse/way/109229140 https://www.unife.it/sma/it/orto-botanico
SUCCESS_(200…299) 200 https://osm.org/browse/way/181540834 https://www.unionhotels.it
SUCCESS_(200…299) 200 https://osm.org/browse/node/12841674924 https://www.vecchiastalla.it
SUCCESS_(200…299) 200 https://osm.org/browse/node/9970891685 https://www.vecchiastalla.it/
MISSING_URI_SCHEME https://osm.org/browse/node/12541295230 rockandrivers.com
MISSING_URI_SCHEME https://osm.org/browse/node/12565970389 www.atelier-interni.com
MISSING_URI_SCHEME https://osm.org/browse/node/3877608358 www.biblioeconomia.unimore.it
MISSING_URI_SCHEME https://osm.org/browse/way/135891487 www.hotelformica.it
MISSING_URI_SCHEME https://osm.org/browse/node/2088694815 www.ilritrovo.net
MISSING_URI_SCHEME https://osm.org/browse/way/185214153 www.ristoranteigirasoli.it
MISSING_URI_SCHEME https://osm.org/browse/way/149048366 www.sancristoforo.altervista.org
REDIRECTION_(300…399) 301 https://osm.org/browse/way/183449679 https://www.vigilfuoco.it/aspx/home.aspx → https://www.vigilfuoco.it/
REDIRECTION_(300…399) 301 https://osm.org/browse/way/29118673 https://www.vigilfuoco.it/sitiVVF/rimini/ → https://www.vigilfuoco.it/siti-vvf?titolo=rimini
SUCCESS_(200…299) 200 https://osm.org/browse/node/4771282665 https://www.unieuro.it/online/negozi/Unieuro-Mirandola
