MISSING_URI_SCHEME  <meta http-equiv="content-type" content="text/html
MISSING_URI_SCHEME  <title>OSM3S Response</title>
MISSING_URI_SCHEME  charset=utf-8" lang="en"/>
MISSING_URI_SCHEME  <!DOCTYPE html PUBLIC "-//W3C//DTD XHTML 1.0 Strict//EN
MISSING_URI_SCHEME  </body>
MISSING_URI_SCHEME  </head>
MISSING_URI_SCHEME  </html>
MISSING_URI_SCHEME  <body>
MISSING_URI_SCHEME  <head>
MISSING_URI_SCHEME  <html xmlns="http://www.w3.org/1999/xhtml" xml:lang="en" lang="en">
MISSING_URI_SCHEME  <p><strong style="color:#FF0000">Error</strong>: runtime error: open64: 0 Success /osm3s_osm_base Dispatcher_Client::request_read_and_idx::timeout. The server is probably too busy to handle your request. </p>
CLIENT_ERROR_(400…499) 400  http://www.w3.org/TR/xhtml1/DTD/xhtml1-strict.dtd">
MISSING_URI_SCHEME  <p>The data included in this document is from www.openstreetmap.org. The data is made available under ODbL.</p>
COULD_NOT_RESOLVE_HOST https://osm.org/browse/node/5838390074 https://osm.org/browse/node/5838390075 http://albergoristoranteallago.com
SERVER_ERROR_(500…599) 500 https://osm.org/browse/way/737409572 http://agriturismovillaromana.it/
COULD_NOT_RESOLVE_HOST https://osm.org/browse/way/431365847 http://benedettinefano.it/
REDIRECTION_(300…399) 301 https://osm.org/browse/node/6668211988 http://albergometauro.com/ → https://albergometauro.com/
COULD_NOT_RESOLVE_HOST https://osm.org/browse/node/5756576168 http://carapinafano.it/
SUCCESS_(200…299) 200 https://osm.org/browse/node/6568282607 http://bbmsaltara.it/
REDIRECTION_(300…399) 301 https://osm.org/browse/node/3865483066 http://desp.uniurb.it/ → https://desp.uniurb.it/
REDIRECTION_(300…399) 301 https://osm.org/browse/node/3865483067 http://digiur.uniurb.it/ → https://digiur.uniurb.it/
COULD_NOT_RESOLVE_HOST https://osm.org/browse/way/276514642 http://cngeisenigallia.altervista.org/
REDIRECTION_(300…399) 301 https://osm.org/browse/node/3865483068 http://disb.uniurb.it/ → https://disb.uniurb.it/
REDIRECTION_(300…399) 301 https://osm.org/browse/node/3865483070 http://dipsum.uniurb.it/ → https://dipsum.uniurb.it/
COULD_NOT_RESOLVE_HOST https://osm.org/browse/way/487228438 http://gandiglio.gov.it/
REDIRECTION_(300…399) 301 https://osm.org/browse/way/105811627 http://hotelgala.it → https://hotelgala.it/
COULD_NOT_RESOLVE_HOST https://osm.org/browse/way/433397219 http://iiscecchi.gov.it/
SUCCESS_(200…299) 200 https://osm.org/browse/way/431365846 http://eremomontegiove.it
COULD_NOT_RESOLVE_HOST https://osm.org/browse/way/404593979 http://ledimarclub.com/
REDIRECTION_(300…399) 301 https://osm.org/browse/node/1869393892 https://osm.org/browse/node/1869393893 http://ilportico-fano.it → https://ilportico-fano.it/
SUCCESS_(200…299) 200 https://osm.org/browse/way/547728245 http://igattidiosiride.it/
REDIRECTION_(300…399) 302 https://osm.org/browse/node/3837470717 http://lmdgroup.it/ → https://lmdgroup.it/
COULD_NOT_RESOLVE_HOST https://osm.org/browse/node/1342443843 http://noteurbane.com/en/shop/hotel-pinella-montalto-delle-marche-peretti
SUCCESS_(200…299) 200 https://osm.org/browse/node/11350883408 http://museopontificio.santuarioloreto.it/
COULD_NOT_RESOLVE_HOST https://osm.org/browse/way/437828400 http://pesaro.fiere.name
COULD_NOT_RESOLVE_HOST https://osm.org/browse/node/3964612746 http://queensbc.webs.com/
COULD_NOT_RESOLVE_HOST https://osm.org/browse/node/4446418335 http://paradisopasticceria.it/
COULD_NOT_RESOLVE_HOST https://osm.org/browse/node/7077648589 http://villamarisanna.com/
COULD_NOT_RESOLVE_HOST https://osm.org/browse/node/1342443841 http://lnx.montaltomarche.it/montalto2/Mercato/Ristora/Sistov/sistov.php
REDIRECTION_(300…399) 301 https://osm.org/browse/way/1289060611 http://turismo.comune.caldarola.mc.it/musei-cms/antiquarium/ → https://turismo.comune.caldarola.mc.it/musei-cms/antiquarium/
COULD_NOT_RESOLVE_HOST https://osm.org/browse/way/308902876 http://www.agriturismolulivo.com
REDIRECTION_(300…399) 301 https://osm.org/browse/node/4070549576 https://osm.org/browse/way/401863047 http://www.aeromodellismofano.net → http://www.aeromodellismofano.net/sito/
REDIRECTION_(300…399) 301 https://osm.org/browse/node/4081198789 http://www.alberone.it → https://www.alberone.it/
REDIRECTION_(300…399) 301 https://osm.org/browse/node/2258865130 http://www.adecco.it/ → https://www.adecco.com/it-it
SUCCESS_(200…299) 200 https://osm.org/browse/node/845275784 http://www.ambassadorpesaro.it/
TIMEOUT https://osm.org/browse/node/3859792600 http://agriturismoilleccio.jimdo.com/
FAILED_TO_CONNECT_TO_HOST https://osm.org/browse/way/795829519 http://www.arcidiocesipesaro.it/parrocchie/93-elenco-parrocchie-e-chiese/432-san-giovanni-battista.html
FAILED_TO_CONNECT_TO_HOST https://osm.org/browse/way/795943206 http://www.arcidiocesipesaro.it/parrocchie/93-elenco-parrocchie-e-chiese/433-santuario-madonna-delle-grazie.html
SUCCESS_(200…299) 200 https://osm.org/browse/way/1296358628 http://www.areacamper.it/
TIMEOUT https://osm.org/browse/way/795795166 http://www.arcidiocesipesaro.it/parrocchie/93-elenco-parrocchie-e-chiese/356-san-giuseppe.html
REDIRECTION_(300…399) 301 https://osm.org/browse/way/44523218 http://www.arterisko.com → https://www.arterisko.com/
TIMEOUT https://osm.org/browse/way/1419430577 http://www.arcidiocesipesaro.it/parrocchie/93-elenco-parrocchie-e-chiese/358-santagostino.html
REDIRECTION_(300…399) 301 https://osm.org/browse/node/7316165890 http://www.asetservizi.it/farmacie-comunali/farmacia-di-cantiano/ → https://www.asetservizi.it/farmacie-comunali/farmacia-di-cantiano/
REDIRECTION_(300…399) 301 https://osm.org/browse/node/1693895885 http://www.asetservizi.it/farmacie-comunali/farmacia-di-marotta/ → https://www.asetservizi.it/farmacie-comunali/farmacia-di-marotta/
REDIRECTION_(300…399) 301 https://osm.org/browse/node/4624923561 http://www.asetservizi.it/farmacie-comunali/farmacia-di-piagge/ → https://www.asetservizi.it/farmacie-comunali/farmacia-di-piagge/
REDIRECTION_(300…399) 301 https://osm.org/browse/node/7316066520 http://www.asetservizi.it/farmacie-comunali/farmacia-di-sant-orso/ → https://www.asetservizi.it/farmacie-comunali/farmacia-di-sant-orso/
TIMEOUT https://osm.org/browse/way/1342766842 http://www.arcidiocesipesaro.it/parrocchie/93-elenco-parrocchie-e-chiese/429-santuario-beata-vergine-del-carmine.html
REDIRECTION_(300…399) 301 https://osm.org/browse/node/7316066518 http://www.asetservizi.it/farmacie-comunali/farmacie-di-gimarra/ → https://www.asetservizi.it/farmacie-comunali/farmacie-di-gimarra/
REDIRECTION_(300…399) 301 https://osm.org/browse/node/7320379583 http://www.aspes.it/3/servizi-e-attivita/farmacie-comunali/gestione-farmacie/farmacia-comunale-cattabrighe/ → https://www.aspes.it/3/servizi-e-attivita/farmacie-comunali/gestione-farmacie/farmacia-comunale-cattabrighe/
REDIRECTION_(300…399) 301 https://osm.org/browse/node/7320379578 http://www.aspes.it/3/servizi-e-attivita/farmacie-comunali/gestione-farmacie/farmacia-comunale-andrea-costa/ → https://www.aspes.it/3/servizi-e-attivita/farmacie-comunali/gestione-farmacie/farmacia-comunale-andrea-costa/
REDIRECTION_(300…399) 301 https://osm.org/browse/node/7320379581 http://www.aspes.it/3/servizi-e-attivita/farmacie-comunali/gestione-farmacie/farmacia-comunale-centro/ → https://www.aspes.it/3/servizi-e-attivita/farmacie-comunali/gestione-farmacie/farmacia-comunale-centro/
REDIRECTION_(300…399) 301 https://osm.org/browse/node/7320379580 http://www.aspes.it/3/servizi-e-attivita/farmacie-comunali/gestione-farmacie/farmacia-comunale-muraglia/ → https://www.aspes.it/3/servizi-e-attivita/farmacie-comunali/gestione-farmacie/farmacia-comunale-muraglia/
REDIRECTION_(300…399) 301 https://osm.org/browse/node/7320379577 http://www.aspes.it/3/servizi-e-attivita/farmacie-comunali/gestione-farmacie/farmacia-comunale-pantano/ → https://www.aspes.it/3/servizi-e-attivita/farmacie-comunali/gestione-farmacie/farmacia-comunale-pantano/
REDIRECTION_(300…399) 301 https://osm.org/browse/node/3491136831 http://www.aspes.it/3/servizi-e-attivita/farmacie-comunali/gestione-farmacie/farmacia-comunale-soria/ → https://www.aspes.it/3/servizi-e-attivita/farmacie-comunali/gestione-farmacie/farmacia-comunale-soria/
REDIRECTION_(300…399) 301 https://osm.org/browse/node/737251890 http://www.aspes.it/3/servizi-e-attivita/farmacie-comunali/gestione-farmacie/farmacia-comunale-villa-fastiggi/ → https://www.aspes.it/3/servizi-e-attivita/farmacie-comunali/gestione-farmacie/farmacia-comunale-villa-fastiggi/
REDIRECTION_(300…399) 301 https://osm.org/browse/node/7320379582 http://www.aspes.it/3/servizi-e-attivita/farmacie-comunali/gestione-farmacie/farmacia-comunale-villa-san-martino/ → https://www.aspes.it/3/servizi-e-attivita/farmacie-comunali/gestione-farmacie/farmacia-comunale-villa-san-martino/
REDIRECTION_(300…399) 301 https://osm.org/browse/node/7320379579 http://www.aspes.it/3/servizi-e-attivita/farmacie-comunali/gestione-farmacie/farmacia-comunale-zona-mare/ → https://www.aspes.it/3/servizi-e-attivita/farmacie-comunali/gestione-farmacie/farmacia-comunale-zona-mare/
SUCCESS_(200…299) 200 https://osm.org/browse/way/61094272 http://www.athleticclubpesaro.it/
COULD_NOT_RESOLVE_HOST https://osm.org/browse/way/311171026 http://www.beachstadium.net/
SUCCESS_(200…299) 200 https://osm.org/browse/node/6563221317 http://www.bagnihelios.it/
REDIRECTION_(300…399) 301 https://osm.org/browse/way/1301847241 http://www.biesse.com → https://www.biesse.com/
REDIRECTION_(300…399) 301 https://osm.org/browse/node/3429515106 http://www.calzaturificiolauretta.net → https://www.calzaturificiolauretta.net/
REDIRECTION_(300…399) 301 https://osm.org/browse/way/1418599377 http://www.campingcortina.net/ → https://www.campingcortina.net/
SUCCESS_(200…299) 200 https://osm.org/browse/node/12798648901 http://www.bbancona.com
REDIRECTION_(300…399) 301 https://osm.org/browse/way/306795438 http://www.casa-aurora.it → https://www.casa-aurora.it/
REDIRECTION_(300…399) 301 https://osm.org/browse/node/4880790366 http://www.cantinalangelina.com/ → https://www.cantinalangelina.it
REDIRECTION_(300…399) 302 https://osm.org/browse/node/4022195405 http://www.casagrimaldi.it/ → https://parking.nidoma.com/www.casagrimaldi.it/
COULD_NOT_RESOLVE_HOST https://osm.org/browse/way/196204922 http://www.centromiralfiore.it/
SUCCESS_(200…299) 200 https://osm.org/browse/node/7373535960 http://www.bandbitala.it/
COULD_NOT_RESOLVE_HOST https://osm.org/browse/node/4265183777 http://www.cheffishhouse.com/
REDIRECTION_(300…399) 301 https://osm.org/browse/way/244078703 http://www.cavirginia.it → https://www.cavirginia.it/
REDIRECTION_(300…399) 301 https://osm.org/browse/node/2206750674 http://www.cirionitrasporti.it/index.php → https://www.cirionitrasporti.it/index.php
REDIRECTION_(300…399) 301 https://osm.org/browse/node/2047995071 http://www.caffedelporto.it/ → https://caffedelporto.it/
REDIRECTION_(300…399) 301 https://osm.org/browse/node/3887554333 http://www.comune.cagli.ps.it → https://www.comune.cagli.ps.it/
REDIRECTION_(300…399) 301 https://osm.org/browse/way/450270033 http://www.comune.santangeloinvado.pu.it/index.php?id=8957 → https://comune.santangeloinvado.pu.it/index.php?id=8957
REDIRECTION_(300…399) 301 https://osm.org/browse/node/1342443842 http://www.comune.grottammare.ap.it/contents/Castello/380 → https://www.comune.grottammare.ap.it/contents/Castello/380
SUCCESS_(200…299) 200 https://osm.org/browse/way/400562786 http://www.chaletamare.it/
SUCCESS_(200…299) 200 https://osm.org/browse/way/421885558 http://www.consorziocenter.com/
REDIRECTION_(300…399) 301 https://osm.org/browse/node/7040900057 http://www.countryhouseperbacco.it/ → https://countryhouseperbacco.it/
COULD_NOT_RESOLVE_HOST https://osm.org/browse/node/4031048269 http://www.cristorisortopesaro.it
SERVER_ERROR_(500…599) 500 https://osm.org/browse/node/4433858191 http://www.cosmob.it/
REDIRECTION_(300…399) 301 https://osm.org/browse/node/6606646149 http://www.daciarro.it/ → https://www.daciarro.it/
COULD_NOT_RESOLVE_HOST https://osm.org/browse/node/3677819114 http://www.dallacira.it
REDIRECTION_(300…399) 301 https://osm.org/browse/node/3878417210 http://www.crmsrl.it → https://www.crmsrl.it/
SUCCESS_(200…299) 200 https://osm.org/browse/node/4005315703 http://www.cspesaro.altervista.org/
COULD_NOT_RESOLVE_HOST https://osm.org/browse/way/309394533 http://www.dellacesola.it/
REDIRECTION_(300…399) 301 https://osm.org/browse/node/3402021824 http://www.deltasegnaletica.com → https://www.deltasegnaletica.com/
SUCCESS_(200…299) 200 https://osm.org/browse/node/5756576169 http://www.dapeppe.it
COULD_NOT_RESOLVE_HOST https://osm.org/browse/node/3865483073 http://www.disbef.uniurb.it/
REDIRECTION_(300…399) 301 https://osm.org/browse/node/5697708324 http://www.efd.it → https://www.efd.it/
REDIRECTION_(300…399) 301 https://osm.org/browse/way/128734412 http://www.dancingtris.it/ → https://www.dancingtris.it/
REDIRECTION_(300…399) 301 https://osm.org/browse/node/3876261302 http://www.ebw.it → https://www.ebw.it/
REDIRECTION_(300…399) 301 https://osm.org/browse/node/3184281715 http://www.facebook.com/frontemarepesaro → https://www.facebook.com/frontemarepesaro
REDIRECTION_(300…399) 301 https://osm.org/browse/node/2098656753 http://www.fanolug.org/ → https://www.fanolug.org/
COULD_NOT_RESOLVE_HOST https://osm.org/browse/way/139601298 http://www.fano.gallerieauchan.it
REDIRECTION_(300…399) 301 https://osm.org/browse/node/7319730970 http://www.farmacia-antonioli.it/ → https://farmacia-antonioli.it/
CLIENT_ERROR_(400…499) 404 https://osm.org/browse/way/1334249750 http://www.fabrianoturismo.it/docs/comearrivare/unanuovaareadiservizioesostacamper.asp
SAME_DOMAIN_REDIRECTION_(300…399) 302 https://osm.org/browse/node/4442935624 http://www.farmaciaercolani.eu/ → welcome.php
REDIRECTION_(300…399) 301 https://osm.org/browse/node/4584371713 http://www.farmaciavannucci.it/ → https://www.farmaciavannucci.it/
REDIRECTION_(300…399) 301 https://osm.org/browse/way/295395130 http://www.ferienwohnungen.de/ferienhaus/10218/ → https://www.ferienwohnungen.de/ferienhaus/10218/
SUCCESS_(200…299) 200 https://osm.org/browse/node/2099036011 http://www.farmaciapierinifano.it/
REDIRECTION_(300…399) 301 https://osm.org/browse/node/7418202929 http://www.fotocapri.it/web/ → https://www.fotocapri.it/web/
TIMEOUT https://osm.org/browse/node/619720919 http://www.collesi.com/
SUCCESS_(200…299) 200 https://osm.org/browse/node/3677825027 http://www.frantoiodeltrionfo.it
SUCCESS_(200…299) 200 https://osm.org/browse/node/7319845509 http://www.farmaciamadonnadiloreto.it/
SUCCESS_(200…299) 200 https://osm.org/browse/way/789642768 http://www.golf-village.it/
COULD_NOT_RESOLVE_HOST https://osm.org/browse/way/617712836 http://www.guidoland.it/
REDIRECTION_(300…399) 302 https://osm.org/browse/node/4316008252 http://www.giommifashionstore.it → https://www.giommifashionstore.it/
REDIRECTION_(300…399) 301 https://osm.org/browse/node/4306696650 http://www.guerrino.it → https://www.guerrino.it/
REDIRECTION_(300…399) 301 https://osm.org/browse/node/7215469143 http://www.hoteldelfinoazzurro.it → https://www.hoteldelfinoazzurro.it/
REDIRECTION_(300…399) 301 https://osm.org/browse/node/6217343388 http://www.hotelcorallo-fano.it/ → https://www.hotelcorallo-fano.it/
REDIRECTION_(300…399) 301 https://osm.org/browse/way/547736968 http://www.hotelelisabethdue.it/ → https://www.hotelelisabethdue.it/
REDIRECTION_(300…399) 301 https://osm.org/browse/node/6778293821 http://www.hotelpromenade.pu.it/ → https://www.hotelpromenade.pu.it/
REDIRECTION_(300…399) 301 https://osm.org/browse/node/6596894486 http://www.hotelastoriafano.it/ → https://www.hotelastoriafano.it/
REDIRECTION_(300…399) 301 https://osm.org/browse/node/3880277725 http://www.hoteluniversal.it → https://www.hoteluniversal.it/
REDIRECTION_(300…399) 301 https://osm.org/browse/way/702476161 http://www.hotelexcelsiorfano.it/ → https://www.hotelexcelsiorfano.it/
COULD_NOT_RESOLVE_HOST https://osm.org/browse/way/939093143 http://www.itcbramante.it
REDIRECTION_(300…399) 302 https://osm.org/browse/node/1938149972 http://www.inail.it → https://www.inail.it/portale/
REDIRECTION_(300…399) 301 https://osm.org/browse/node/4437903493 http://www.intermac.com → https://www.intermac.com/
REDIRECTION_(300…399) 301 https://osm.org/browse/node/3883601691 http://www.isiaurbino.net → https://www.isiaurbino.net/
SUCCESS_(200…299) 200 https://osm.org/browse/node/7376976494 http://www.jetresidence.it/
REDIRECTION_(300…399) 301 https://osm.org/browse/node/6596868983 http://www.labellavitafano.it/ → https://www.labellavitafano.it/
REDIRECTION_(300…399) 301 https://osm.org/browse/way/307177264 http://www.lamarcadisanmichele.com → https://www.lamarcadisanmichele.com/
REDIRECTION_(300…399) 301 https://osm.org/browse/node/4304408023 http://www.lanuovascuola.it/ → https://www.lanuovascuola.it/
SUCCESS_(200…299) 200 https://osm.org/browse/node/8648846196 http://www.le-fontane.com
COULD_NOT_RESOLVE_HOST https://osm.org/browse/relation/17269004 http://www.liceogmarconi.gov.it/
COULD_NOT_RESOLVE_HOST https://osm.org/browse/way/631883828 http://www.liceotco.gov.it/
REDIRECTION_(300…399) 301 https://osm.org/browse/node/7012641568 https://osm.org/browse/node/7012641576 http://www.lacantinella.net/ → https://lacantinella.net/
REDIRECTION_(300…399) 301 https://osm.org/browse/node/3606793144 http://www.lagrottadeifolletti.it/ → https://www.lagrottadeifolletti.it/
REDIRECTION_(300…399) 301 https://osm.org/browse/node/6668211985 http://www.locandaborgognina.it/ → https://www.booking.com/hotel/it/locanda-borgognina.html?aid=2402550&label=locandaborgognina.it
SUCCESS_(200…299) 200 https://osm.org/browse/way/685167882 http://www.lidodue.it/
SUCCESS_(200…299) 200 https://osm.org/browse/way/449757913 http://www.kart-ferrari.it/
REDIRECTION_(300…399) 301 https://osm.org/browse/node/5977965301 http://www.loretoturismo.info/ → https://www.loretoturismo.info/
SUCCESS_(200…299) 200 https://osm.org/browse/way/685167883 http://www.lidotre.it/
REDIRECTION_(300…399) 301 https://osm.org/browse/node/5153822675 http://www.marchigianamobili.it → https://www.marchigianamobili.it/
REDIRECTION_(300…399) 301 https://osm.org/browse/node/4437667243 http://www.mepsaws.it → https://www.mepsaws.it/
REDIRECTION_(300…399) 301 https://osm.org/browse/node/5180660621 http://www.luoghidelsilenzio.it/marche/02_eremi/00049/index.htm → https://www.luoghidelsilenzio.it/marche/02_eremi/00049/index.htm
REDIRECTION_(300…399) 302 https://osm.org/browse/way/530839948 http://www.mcsmobili.com → https://www.mcsmobili.com/
REDIRECTION_(300…399) 301 https://osm.org/browse/node/5146030035 http://www.monasteronellacitta.it → https://www.monasteronellacitta.it/
REDIRECTION_(300…399) 301 https://osm.org/browse/node/5753708032 https://osm.org/browse/node/7376829803 http://www.miraconero.it/ → https://www.miraconero.it/
REDIRECTION_(300…399) 301 https://osm.org/browse/way/219553036 http://www.maceromaceratese.it/ → https://maceromaceratese.it/
CLIENT_ERROR_(400…499) 403 https://osm.org/browse/node/1342443844 http://www.museisistini.it/museo-montalto.html
SUCCESS_(200…299) 200 https://osm.org/browse/node/4557951532 http://www.newdaytel.com/
COULD_NOT_RESOLVE_HOST https://osm.org/browse/node/1755233007 http://www.ollybarlafortezza.com
REDIRECTION_(300…399) 301 https://osm.org/browse/node/2524606650 http://www.metaofficina.it/ → https://www.metaofficina.it/
REDIRECTION_(300…399) 301 https://osm.org/browse/node/2875106428 http://www.mondolfoferro.it/ → https://www.mondolfoferro.it/
SUCCESS_(200…299) 200 https://osm.org/browse/node/8007144830 http://www.officinabonfigli.it
REDIRECTION_(300…399) 301 https://osm.org/browse/node/7418202927 https://osm.org/browse/node/7418202928 http://www.otticavalentini.it/ → https://otticavalentini.it/
REDIRECTION_(300…399) 301 https://osm.org/browse/node/5167812368 http://www.otticameme.it → https://www.otticameme.it/
COULD_NOT_RESOLVE_HOST https://osm.org/browse/way/397272665 http://www.padalino.gov.it
REDIRECTION_(300…399) 301 https://osm.org/browse/way/904375042 http://www.paciepagliarigruppo.it → https://www.paciepagliarigruppo.it/
REDIRECTION_(300…399) 301 https://osm.org/browse/node/7419300782 https://osm.org/browse/node/7419310285 https://osm.org/browse/node/7419310292 http://www.otticasartori.it → https://www.otticasartori.it/
SUCCESS_(200…299) 200 https://osm.org/browse/node/7418202923 http://www.otticagiorgio.it/
REDIRECTION_(300…399) 301 https://osm.org/browse/way/135234505 http://www.parcheggiovanvitellifano.it/ → https://www.parcheggiovanvitellifano.it/
REDIRECTION_(300…399) 301 https://osm.org/browse/node/6638700447 http://www.palazzisportfano.it/ → https://www.palazzisportfano.it/
REDIRECTION_(300…399) 302 https://osm.org/browse/node/2920851416 http://www.piaggedelsole.it/ → https://www.piaggedelsole.it/
COULD_NOT_RESOLVE_HOST https://osm.org/browse/way/405179965 http://www.polotrefano.gov.it/volta/
SUCCESS_(200…299) 200 https://osm.org/browse/node/4283160043 http://www.pieririmorchi.it/
REDIRECTION_(300…399) 302 https://osm.org/browse/node/4438427139 http://www.recorddata.it/ → https://parking.nidoma.com/www.recorddata.it/
REDIRECTION_(300…399) 301 https://osm.org/browse/node/5745547768 http://www.pesceazzurro.com/ristorante-scimitar-fano/ → https://www.pesceazzurro.com/pesceazzurro-in-barca/
REDIRECTION_(300…399) 301 https://osm.org/browse/way/609526585 http://www.pesceazzurro.com/ristorante-fano/ → https://www.pesceazzurro.com/ristorante-fano/
REDIRECTION_(300…399) 301 https://osm.org/browse/way/1236100673 http://www.relaisconcorde.it → https://www.relaisconcorde.it/
REDIRECTION_(300…399) 301 https://osm.org/browse/way/1223292488 http://www.radiomagnetic.it/ → https://www.radiomagnetic.it/
REDIRECTION_(300…399) 301 https://osm.org/browse/node/5365907311 http://www.ristorantelacantinaza.com → https://www.ristorantelacantinaza.com/
REDIRECTION_(300…399) 301 https://osm.org/browse/node/4446391089 http://www.ristorantevilladelcerro.com/ → https://ristorantevilladelcerro.com/
REDIRECTION_(300…399) 301 https://osm.org/browse/node/6659202573 http://www.ristorantepantalin.com/ → https://www.ristorantepantalin.com/
COULD_NOT_RESOLVE_HOST https://osm.org/browse/node/4094454736 http://www.rosadacamere.it
REDIRECTION_(300…399) 301 https://osm.org/browse/way/545671787 http://www.santamariadellerose.com/ → https://www.santamariadellerose.com/
COULD_NOT_RESOLVE_HOST https://osm.org/browse/way/128738273 http://www.settimocielodancing.it/
REDIRECTION_(300…399) 301 https://osm.org/browse/node/6659202572 http://www.ristorantepostavecchia.it/ → https://www.ristorantepostavecchia.it/
REDIRECTION_(300…399) 301 https://osm.org/browse/way/77068331 http://www.rossinicenter.it → https://www.rossinicenter.it/
CLIENT_ERROR_(400…499) 404 https://osm.org/browse/node/4250453489 http://www.sarniristorazione.com/pv/esinio-est/
SUCCESS_(200…299) 200 https://osm.org/browse/node/6307700314 http://www.socapmarche.com/
REDIRECTION_(300…399) 301 https://osm.org/browse/node/3837431018 http://www.smeraldosuitehotel.com → https://www.smeraldosuitehotel.com/
SUCCESS_(200…299) 200 https://osm.org/browse/way/1286175568 https://osm.org/browse/relation/6517698 http://www.sorellepoveredisantachiara.it/
REDIRECTION_(300…399) 301 https://osm.org/browse/way/135232277 http://www.sportpark.it/ → https://www.sportpark.it/
REDIRECTION_(300…399) 301 https://osm.org/browse/node/6621329596 http://www.tavernadeipescatori.it/ → https://www.tavernadeipescatori.it/
REDIRECTION_(300…399) 301 https://osm.org/browse/way/105064358 http://www.teatrodellafortuna.it/ → https://www.teatrodellafortuna.it/
REDIRECTION_(300…399) 301 https://osm.org/browse/node/3865483076 http://www.uniurb.it/ → https://www.uniurb.it/
REDIRECTION_(300…399) 301 https://osm.org/browse/node/6578562070 http://www.umanafano.it/ → https://www.umanafano.com/
REDIRECTION_(300…399) 301 https://osm.org/browse/node/2330339690 http://www.uniurb.it/cla → https://www.uniurb.it/cla
SUCCESS_(200…299) 200 https://osm.org/browse/node/293876239 http://www.spumantebio-peruzzi.it
REDIRECTION_(300…399) 301 https://osm.org/browse/node/3865483074 http://www.uniurb.it/disti → https://www.uniurb.it/disti
REDIRECTION_(300…399) 301 https://osm.org/browse/node/3672366633 http://www.villafonti.it → https://www.villafonti.it/
COULD_NOT_RESOLVE_HOST https://osm.org/browse/node/737198353 http://www.vivaioilgiardino.com/
REDIRECTION_(300…399) 301 https://osm.org/browse/node/4070549577 http://www.yakitalia.it/ → https://www.yakitalia.it/
SUCCESS_(200…299) 200 https://osm.org/browse/node/12012479008 http://www.vernacciadilanfrancoquacquarini.it/
REDIRECTION_(300…399) 301 https://osm.org/browse/way/172284112 http://www.vecchiaquercia.it/ → https://www.vecchiaquercia.it/
REDIRECTION_(300…399) 301 https://osm.org/browse/way/300426555 http://www.vinisantabarbara.it → http://www.santabarbara.it/
SUCCESS_(200…299) 200 https://osm.org/browse/node/3121931116 http://www.ziamelia.it
SUCCESS_(200…299) 200 https://osm.org/browse/way/233907726 https://campingmetauro.it/
REDIRECTION_(300…399) 301 https://osm.org/browse/way/724184882 https://campingnorina.it → https://www.campingnorina.it/
SUCCESS_(200…299) 200 https://osm.org/browse/node/10893542846 https://camping44.com/
REDIRECTION_(300…399) 308 https://osm.org/browse/node/13162457774 https://chiaramonimacerata.it → https://www.chiaramonimacerata.it/
REDIRECTION_(300…399) 301 https://osm.org/browse/node/7832895416 https://civitanovamarche.ubiklibri.it/ → https://www.ubiklibri.it/librerie/ubik-civitanova
REDIRECTION_(300…399) 301 https://osm.org/browse/node/11374438486 https://digisvapo.it → https://www.digisvapo.it/
SUCCESS_(200…299) 200 https://osm.org/browse/way/1219847974 https://chaletvela.it/
SUCCESS_(200…299) 200 https://osm.org/browse/way/1386573245 https://casatartufo.nl/it/campeggio/
SUCCESS_(200…299) 200 https://osm.org/browse/relation/15341759 https://diocesimacerata.it/
SUCCESS_(200…299) 200 https://osm.org/browse/way/104628956 https://domusmacerata.it/
SUCCESS_(200…299) 200 https://osm.org/browse/node/7422383629 https://boccafosca.it/calcinelli-negozio-vini-e-prodotti-tipici-marche/
SUCCESS_(200…299) 200 https://osm.org/browse/node/7232924504 https://domus-pacis.vacanzeinitalia.top/
COULD_NOT_RESOLVE_HOST https://osm.org/browse/node/8094784734 https://fisioterapia-cipelli.it
SUCCESS_(200…299) 200 https://osm.org/browse/node/10930117518 https://enjoycamerino.it
SUCCESS_(200…299) 200 https://osm.org/browse/node/10634263022 https://etoilebistrot.com/
SUCCESS_(200…299) 200 https://osm.org/browse/way/1119638007 https://fedrigoni.com/
SUCCESS_(200…299) 200 https://osm.org/browse/way/633620283 https://gianluigigiardi.wixsite.com/gigilandia
CLIENT_ERROR_(400…499) 403 https://osm.org/browse/node/5893162503 https://giombettilaborafo.itcportale.it/
REDIRECTION_(300…399) 301 https://osm.org/browse/way/1220130978 https://hotelmadonnadiloreto.it/ → https://www.hotelmadonnadiloreto.it/
COULD_NOT_RESOLVE_HOST https://osm.org/browse/node/6797605575 https://juripiu.it/
SUCCESS_(200…299) 200 https://osm.org/browse/node/12534717843 https://ilregistrodeglialberi.it/15483-roverella-jesi-ancona-marche
SUCCESS_(200…299) 200 https://osm.org/browse/node/12533991038 https://ilregistrodeglialberi.it/7331-cedro-di-corinaldo-cedro-dellhimalaya-corinaldo-ancona-marche
SUCCESS_(200…299) 200 https://osm.org/browse/node/10065100786 https://osm.org/browse/node/10065100790 https://lasorgentedelsole.com/
SUCCESS_(200…299) 200 https://osm.org/browse/node/6668201583 https://latavernadelponte9.wixsite.com/la-taverna-del-ponte
SUCCESS_(200…299) 200 https://osm.org/browse/node/11950457583 https://midac.wordpress.com/
REDIRECTION_(300…399) 302 https://osm.org/browse/node/9875326926 https://m.facebook.com/ristorantepizzeriaIlFagiano/ → https://m.facebook.com/login.php?next=https%3A%2F%2Fm.facebook.com%2FristorantepizzeriaIlFagiano%2F&refsrc=deprecated&_rdr
REDIRECTION_(300…399) 302 https://osm.org/browse/node/9690460176 https://mexicodemicorazonosimo.eatbu.com/ → https://mexicodemicorazonosimo.eatbu.com/?lang=en
REDIRECTION_(300…399) 301 https://osm.org/browse/node/6528185994 https://gardendemarco.it/ → https://www.lafiorerialoreto.it/
PEER_CERTIFICATE_FROM_UNKNOWN_CA_CERTIFICATES https://osm.org/browse/node/7112704739 https://myfarma.com/
SUCCESS_(200…299) 200 https://osm.org/browse/node/10573665600 https://noitolentino.altervista.org
SUCCESS_(200…299) 200 https://osm.org/browse/node/10573665598 https://palazzobonfranceschi.com/
SUCCESS_(200…299) 200 https://osm.org/browse/node/11023063270 https://museostoricoaeronautico.it/
CLIENT_ERROR_(400…499) 404 https://osm.org/browse/node/7418141798 https://profumeriataussi.it/
COULD_NOT_RESOLVE_HOST https://osm.org/browse/node/13335724534 https://ristorantepizzeriadegliangeli.it/
SUCCESS_(200…299) 200 https://osm.org/browse/node/1598001258 https://museocivico.comune.fano.pu.it/
SUCCESS_(200…299) 200 https://osm.org/browse/way/985178874 https://residence-mare.com/
PEER_CERTIFICATE_FROM_UNKNOWN_CA_CERTIFICATES https://osm.org/browse/way/144658381 https://sangiuseppedacopertino.net/
REDIRECTION_(300…399) 301 https://osm.org/browse/node/4066733695 https://senigallia.ubiklibri.it → https://www.ubiklibri.it/librerie/ubik-senigallia-sapere
SUCCESS_(200…299) 200 https://osm.org/browse/node/10584848592 https://ristorantepizzeriareghiottone.it/
COULD_NOT_RESOLVE_HOST https://osm.org/browse/node/5762499120 https://villapiccinetti.net
SUCCESS_(200…299) 200 https://osm.org/browse/way/369297547 https://villaggiocentrovacanzedeangelis.com/
SUCCESS_(200…299) 200 https://osm.org/browse/node/9831945293 https://www.agricampingtramontorosso.it/
SUCCESS_(200…299) 200 https://osm.org/browse/way/233444529 https://visiturbania.com/strutture/aree-sosta-camper/
SUCCESS_(200…299) 200 https://osm.org/browse/way/163510710 https://visiturbania.com/strutture/
SUCCESS_(200…299) 200 https://osm.org/browse/node/1763632134 https://www.agriturismolagrotta.net/
SUCCESS_(200…299) 200 https://osm.org/browse/node/7315342463 https://www.asetservizi.it/farmacie-comunali/farmacia-stazione/
SUCCESS_(200…299) 200 https://osm.org/browse/way/1246109205 https://www.ansa.it/marche/notizie/2025/07/16/ponte-ciclopedonale-sul-tronto-lavori-entro-primavera-2026_2a6bddde-5b7e-4f34-83ae-5c758f2178fd.html
REDIRECTION_(300…399) 301 https://osm.org/browse/way/1432560930 https://www.axis-italy.com/ → https://axis-italy.com/it/
SUCCESS_(200…299) 200 https://osm.org/browse/node/6563959171 https://www.buonodamatty.it/
SUCCESS_(200…299) 200 https://osm.org/browse/node/10048771650 https://www.bartolacci.it/il-nostro-agricampeggio/
SUCCESS_(200…299) 200 https://osm.org/browse/node/10688426439 https://www.caifermo.it/
SUCCESS_(200…299) 200 https://osm.org/browse/way/1387952422 https://www.campingcostaverde.it/
SUCCESS_(200…299) 200 https://osm.org/browse/relation/8268454 https://www.campinginternazionale.com/
SUCCESS_(200…299) 200 https://osm.org/browse/way/708459386 https://www.campingfano.it/
SUCCESS_(200…299) 200 https://osm.org/browse/way/676123757 https://www.camperclubtruentum.it/area-di-sosta-camper-comunale-riviera-delle-palme/
SUCCESS_(200…299) 200 https://osm.org/browse/way/724184883 https://www.campingmarinella.it/
SUCCESS_(200…299) 200 https://osm.org/browse/way/169021246 https://www.campingreno.eu/
SUCCESS_(200…299) 200 https://osm.org/browse/way/593509403 https://www.campingriviera.it/
SUCCESS_(200…299) 200 https://osm.org/browse/way/1352297039 https://www.campingroccamare.it/it/index.php
SUCCESS_(200…299) 200 https://osm.org/browse/way/839489411 https://www.campingpanorama.it/
SUCCESS_(200…299) 200 https://osm.org/browse/way/1307473250 https://www.campingvalentinasostacamper.it/areasosta.html
SUCCESS_(200…299) 200 https://osm.org/browse/way/326834060 https://www.campingtorrette.com/
COULD_NOT_RESOLVE_HOST https://osm.org/browse/node/10571494794 https://osm.org/browse/way/1133916798 https://www.carmelitanecamerino.it/
TIMEOUT https://osm.org/browse/way/31869757 https://pontesancarlo.comune.jesi.an.it/
SUCCESS_(200…299) 200 https://osm.org/browse/relation/1085619 https://www.cappuccinimarche.org/?page_id=21673
SAME_DOMAIN_REDIRECTION_(300…399) 301 https://osm.org/browse/node/7418202920 https://www.centrootticomegavision.com/store/13 → /trova-negozio
SUCCESS_(200…299) 200 https://osm.org/browse/way/1060551620 https://www.centrovacanzeverdemare.it/
SUCCESS_(200…299) 200 https://osm.org/browse/node/10573665606 https://www.clarissepollenza.com/
SUCCESS_(200…299) 200 https://osm.org/browse/way/123803755 https://www.conventinogradara.it/
SUCCESS_(200…299) 200 https://osm.org/browse/way/1443310269 https://www.comune.castelsantangelosulnera.mc.it/vivere-il-comune/luoghi/area-sosta-camper/
SUCCESS_(200…299) 200 https://osm.org/browse/way/438417822 https://www.comune.castelsantangelosulnera.mc.it/vivere-il-comune/luoghi/area-camper-capoluogo/
CLIENT_ERROR_(400…499) 403 https://osm.org/browse/way/1126116303 https://www.coopalleanza3-0.it/
REDIRECTION_(300…399) 302 https://osm.org/browse/node/2724110539 https://www.facebook.com/pages/Bar-Diamond/421191581300138 → https://www.facebook.com/100057116693571/
CLIENT_ERROR_(400…499) 404 https://osm.org/browse/way/379629433 https://www.eurospin.it/punti-vendita/jesi-493890/
COULD_NOT_RESOLVE_HOST https://osm.org/browse/node/7315142476 https://www.farmaciarinaldi.it/
CLIENT_ERROR_(400…499) 404 https://osm.org/browse/way/447545920 https://www.eurospin.it/punti-vendita/treia-479808/
SUCCESS_(200…299) 200 https://osm.org/browse/node/4995162627 https://www.farmaciacuccurano.it/
SUCCESS_(200…299) 200 https://osm.org/browse/node/7418141802 https://www.caseificiopupetta.it/
SUCCESS_(200…299) 200 https://osm.org/browse/way/309036893 https://www.feelsenigallia.it/dormire/aree-camper-it/
REDIRECTION_(300…399) 301 https://osm.org/browse/way/1450684804 https://www.feelsenigallia.it/dormire/raggio-di-luna → https://www.feelsenigallia.it/dormire/raggio-di-luna/
SUCCESS_(200…299) 200 https://osm.org/browse/way/1102428976 https://www.feelsenigallia.it/dormire/campeggio-mare-verde/
SUCCESS_(200…299) 200 https://osm.org/browse/node/2326324373 https://www.frasassi.com/
CLIENT_ERROR_(400…499) 404 https://osm.org/browse/way/1337164395 https://www.fermodiocesi.it/it/Scheda_parrocchia/parrocchia/28/
SUCCESS_(200…299) 200 https://osm.org/browse/node/5826971337 https://www.gloriahotel.net/en
REDIRECTION_(300…399) 301 https://osm.org/browse/node/8608462864 https://www.gmonamour.it/ → https://www.gmonamour.it/it/
SUCCESS_(200…299) 200 https://osm.org/browse/node/11100186063 https://www.gramaglia.it/
SUCCESS_(200…299) 200 https://osm.org/browse/relation/8268459 https://www.greengardensirolo.com/
REDIRECTION_(300…399) 301 https://osm.org/browse/way/442406751 https://www.gruppoapi.com/ricerca-stazioni-servizio/station/NI012065 → https://ip.gruppoapi.com/ricerca-stazioni-servizio/station/47257
SUCCESS_(200…299) 200 https://osm.org/browse/way/960148809 https://www.hotel-mareblu.it/
REDIRECTION_(300…399) 301 https://osm.org/browse/node/6596894485 https://www.hotelamelia.it/ → https://hotelamelia.it/
SUCCESS_(200…299) 200 https://osm.org/browse/node/10089105759 https://www.hotelexcelsiorgabicce.com/
SUCCESS_(200…299) 200 https://osm.org/browse/node/7319282257 https://www.farmaigea.it/
COULD_NOT_RESOLVE_HOST https://osm.org/browse/node/12012300543 https://osm.org/browse/way/1296346692 https://www.hotelristorantepanorama.com/
SUCCESS_(200…299) 200 https://osm.org/browse/node/845275788 https://www.hotelnapoleonpesaro.it/
SUCCESS_(200…299) 200 https://osm.org/browse/node/7869909173 https://www.hotelhauscharlotte.it
REDIRECTION_(300…399) 301 https://osm.org/browse/node/6565987121 https://www.hotelmarinafano.it/ → https://hotelmarinafano.it/
SUCCESS_(200…299) 200 https://osm.org/browse/way/651502091 https://www.icgiovannipaolo.edu.it/
SAME_DOMAIN_REDIRECTION_(300…399) 302 https://osm.org/browse/way/143339638 https://www.iguzzini.com/ → /us/
REDIRECTION_(300…399) 301 https://osm.org/browse/node/10048771656 https://www.iomangiobiologico.it → https://iomangiobiologico.it/
SUCCESS_(200…299) 200 https://osm.org/browse/node/3834292550 https://www.ildragofanfarone.it/
SUCCESS_(200…299) 200 https://osm.org/browse/way/157172901 https://www.icmarotta.edu.it/
CLIENT_ERROR_(400…499) 410 https://osm.org/browse/way/669423660 https://www.iscbramantefermignano.edu.it/plessi/scuola-elementare/
SUCCESS_(200…299) 200 https://osm.org/browse/node/1390061950 https://osm.org/browse/node/1614693591 https://www.hoteltesoro.it/
SUCCESS_(200…299) 200 https://osm.org/browse/way/620626312 https://www.jadrolinija.hr/en/fleet-ship/marko-polo
SUCCESS_(200…299) 200 https://osm.org/browse/way/39405476 https://www.jadrolinija.hr/en/fleet-ship/marko-polo?
COULD_NOT_RESOLVE_HOST https://osm.org/browse/node/7419710029 https://www.larovereporchetta.it/
CLIENT_ERROR_(400…499) 403 https://osm.org/browse/node/10573501001 https://www.lapucci.de
SUCCESS_(200…299) 200 https://osm.org/browse/node/566330554 https://www.laforesteriahotel.it/
SUCCESS_(200…299) 200 https://osm.org/browse/node/5943974942 https://www.laforesteriahotel.it/ristorante/
REDIRECTION_(300…399) 301 https://osm.org/browse/node/12062067501 https://www.lasaponaria.it/biostorie-civitanova → https://www.lasaponaria.it/negozio-cosmetici-bio-civitanova
REDIRECTION_(300…399) 301 https://osm.org/browse/node/12062085781 https://www.lasaponaria.it/biostorie-senigallia → https://www.lasaponaria.it/negozio-cosmetici-bio-senigallia
SUCCESS_(200…299) 200 https://osm.org/browse/node/6659198530 https://www.latanadegliamici.com/
SUCCESS_(200…299) 200 https://osm.org/browse/node/2918695876 https://www.lavalledelmetauro.it/contenuti/comuni-del-bacino/scheda/8225.html
SUCCESS_(200…299) 200 https://osm.org/browse/node/7439804882 https://www.librerianuovafimlibro.it/
SUCCESS_(200…299) 200 https://osm.org/browse/node/7439804880 https://www.librerie.coop/librerie/librerie-coop-pesaro/
SUCCESS_(200…299) 200 https://osm.org/browse/way/487227264 https://www.liceonolfiapolloni.edu.it/
SUCCESS_(200…299) 200 https://osm.org/browse/way/310344457 https://www.lidl.it/
SUCCESS_(200…299) 200 https://osm.org/browse/way/1301847221 https://www.lasaponaria.it/
CLIENT_ERROR_(400…499) 403 https://osm.org/browse/node/7439804881 https://www.mondadoristore.it/negozi/punti-vendita/Mondadori-Bookstore-Pesaro-Rossini/1444/
SUCCESS_(200…299) 200 https://osm.org/browse/node/9324689493 https://osm.org/browse/node/13127681779 https://www.locandadellapieve.com
SUCCESS_(200…299) 200 https://osm.org/browse/node/7422383624 https://www.macelleriarobertisamuele.it/
SUCCESS_(200…299) 200 https://osm.org/browse/node/2875424748 https://www.mondolfoscale.it/
SUCCESS_(200…299) 200 https://osm.org/browse/node/10089105756 https://www.nordesthotel.com/
SUCCESS_(200…299) 200 https://osm.org/browse/way/97308330 https://www.museodelbali.it
SUCCESS_(200…299) 200 https://osm.org/browse/way/348307720 https://www.paradise-monsano.com/
SUCCESS_(200…299) 200 https://osm.org/browse/way/614086773 https://www.paradisevacanze.com
TIMEOUT https://osm.org/browse/node/1332887447 https://www.lazzabaretto.it/
SUCCESS_(200…299) 200 https://osm.org/browse/node/10642737829 https://www.ollyfarm.it/
REDIRECTION_(300…399) 301 https://osm.org/browse/node/6583583073 https://www.pesaromusei.it/casa-rossini/ → https://pesaromusei.it/casa-rossini/
SUCCESS_(200…299) 200 https://osm.org/browse/way/1393066354 https://www.parchiavventuraitaly.it/colle-san-marco/
FAILED_TO_CONNECT_TO_HOST https://osm.org/browse/way/616530646 https://www.pietrarosa.it/
SUCCESS_(200…299) 200 https://osm.org/browse/node/7922936444 https://www.parcosanbartolo.it/luoghi/il-tetto-del-mondo/
SUCCESS_(200…299) 200 https://osm.org/browse/node/10001454964 https://www.pietredellamemoria.it/pietre/monumento-ai-martiri-della-liberta-jesi-an/
TIMEOUT https://osm.org/browse/way/1109212826 https://www.mondavioturismo.it/area-camper-mondavio/
REDIRECTION_(300…399) 301 https://osm.org/browse/node/4221298381 https://www.pizzeriebraccino.it/pizzerie/cucurano → https://www.pizzeriebraccino.it/fano-cuccurano/11//cucurano
REDIRECTION_(300…399) 301 https://osm.org/browse/node/6633283801 https://www.pizzeriebraccino.it/pizzerie/flaminio → https://www.pizzeriebraccino.it/fano-cuccurano/11//flaminio
REDIRECTION_(300…399) 301 https://osm.org/browse/node/4221298382 https://www.pizzeriebraccino.it/pizzerie/sassonia → https://www.pizzeriebraccino.it/fano-cuccurano/11//sassonia
REDIRECTION_(300…399) 301 https://osm.org/browse/node/6633261742 https://www.pizzeriebraccino.it/pizzerie/via-milano → https://www.pizzeriebraccino.it/fano-cuccurano/11//via-milano
REDIRECTION_(300…399) 301 https://osm.org/browse/node/6633283800 https://www.pizzeriebraccino.it/pizzerie/san-lazzaro → https://www.pizzeriebraccino.it/fano-cuccurano/11//san-lazzaro
SUCCESS_(200…299) 200 https://osm.org/browse/node/6677945392 https://www.pizzeriafarina.it/
SUCCESS_(200…299) 200 https://osm.org/browse/way/585676708 https://www.prolocoportopotenza.it/index.php/area-sosta-camper
SUCCESS_(200…299) 200 https://osm.org/browse/node/1597985102 https://www.politeamafano.it/
SUCCESS_(200…299) 200 https://osm.org/browse/way/609700964 https://www.ristorantealmare.it/
SUCCESS_(200…299) 200 https://osm.org/browse/node/11953271433 https://osm.org/browse/way/177972002 https://www.ristorantechiaroscuro.it/
SUCCESS_(200…299) 200 https://osm.org/browse/node/4567034541 https://www.ristornatelagreppia-montemaggiore.it/
SUCCESS_(200…299) 200 https://osm.org/browse/way/1422909593 https://www.proloco-fermignano.it/area-camper/
REDIRECTION_(300…399) 301 https://osm.org/browse/relation/15982110 https://www.rivieradelconero.info/ → https://www.rivieradelconero.info/it/
REDIRECTION_(300…399) 301 https://osm.org/browse/way/1207229684 https://www.roadhouse.it/it/ristorante-roadhouse-civitanova-marche → https://www.roadhouse.it//ristorante-roadhouse-civitanova-marche
SUCCESS_(200…299) 200 https://osm.org/browse/node/7040900075 https://www.runningcenter.it/
SUCCESS_(200…299) 200 https://osm.org/browse/node/10573665607 https://www.salesianimacerata.it/
SUCCESS_(200…299) 200 https://osm.org/browse/way/1029684442 https://www.sannicoladatolentino.org/
PEER_CERTIFICATE_FROM_UNKNOWN_CA_CERTIFICATES https://osm.org/browse/relation/10967104 https://www.schnell.it/
REDIRECTION_(300…399) 301 https://osm.org/browse/way/14805243 https://www.santuarioloreto.va → https://www.santuarioloreto.va/it.html
SUCCESS_(200…299) 200 https://osm.org/browse/node/11891148388 https://www.santuarioloreto.va/it/accoglienza/strutture-ricettive/ristorante.html
REDIRECTION_(300…399) 301 https://osm.org/browse/node/5341541128 https://www.sistemabibliotecariofano.it → http://sistemabibliotecariofano.it/index.php?id=12142
SUCCESS_(200…299) 200 https://osm.org/browse/node/6596945203 https://www.tiportolaspesa.it/
SUCCESS_(200…299) 200 https://osm.org/browse/way/730035221 https://www.tiroavolofano.it/
SUCCESS_(200…299) 200 https://osm.org/browse/relation/8268460 https://www.tobaccoroad.it/
REDIRECTION_(300…399) 301 https://osm.org/browse/way/304053944 https://www.uliassi.com/ → https://uliassi.com/
SUCCESS_(200…299) 200 https://osm.org/browse/node/5697721189 https://www.vimaximpianti.it
SUCCESS_(200…299) 200 https://osm.org/browse/way/1245805544 https://www.vinirocchi.it/
REDIRECTION_(300…399) 301 https://osm.org/browse/way/281623176 https://www.valledelmetaurocountryhouse.it/ → https://valledelmetaurocountryhouse.it/
TIMEOUT https://osm.org/browse/node/10573665601 https://www.sannicoladatolentino.org/accoglienza/
TIMEOUT https://osm.org/browse/way/1245772345 https://www.tasteria.it/
