MISSING_URI_SCHEME  <meta http-equiv="content-type" content="text/html
MISSING_URI_SCHEME  <title>OSM3S Response</title>
MISSING_URI_SCHEME  charset=utf-8" lang="en"/>
MISSING_URI_SCHEME  <!DOCTYPE html PUBLIC "-//W3C//DTD XHTML 1.0 Strict//EN
MISSING_URI_SCHEME  </body>
MISSING_URI_SCHEME  </head>
MISSING_URI_SCHEME  </html>
CLIENT_ERROR_(400…499) 400  http://www.w3.org/TR/xhtml1/DTD/xhtml1-strict.dtd">
MISSING_URI_SCHEME  <body>
MISSING_URI_SCHEME  <head>
MISSING_URI_SCHEME  <html xmlns="http://www.w3.org/1999/xhtml" xml:lang="en" lang="en">
MISSING_URI_SCHEME  <p><strong style="color:#FF0000">Error</strong>: runtime error: open64: 0 Success /osm3s_osm_base Dispatcher_Client::request_read_and_idx::timeout. The server is probably too busy to handle your request. </p>
MISSING_URI_SCHEME  <p>The data included in this document is from www.openstreetmap.org. The data is made available under ODbL.</p>
COULD_NOT_RESOLVE_HOST https://osm.org/browse/way/452956087 http://kartinglequerce.altervista.org/
REDIRECTION_(300…399) 301 https://osm.org/browse/way/528899364 http://www.AssisiBellavista.it → https://www.assisibellavista.it/
REDIRECTION_(300…399) 301 https://osm.org/browse/relation/17666893 http://www.agriturismopoponi.it/ → https://www.agriturismopoponi.it/
REDIRECTION_(300…399) 301 https://osm.org/browse/node/703424171 http://italia.indettaglio.it/ita/umbria/perugia_sangiustino_cospaia.html → https://italia.indettaglio.it/ita/umbria/perugia_sangiustino_cospaia.html
REDIRECTION_(300…399) 301 https://osm.org/browse/way/1111886908 http://www.fontebella.com → https://www.fontebella.com/
REDIRECTION_(300…399) 301 https://osm.org/browse/way/450266768 http://www.hotelquadrifogliocascia.com/ → https://www.hotelquadrifogliocascia.com/
REDIRECTION_(300…399) 301 https://osm.org/browse/way/588200103 http://www.canoaclubperugia.it → https://www.canoaclubperugia.it/
REDIRECTION_(300…399) 301 https://osm.org/browse/way/620147295 http://www.cittadella.org/ → https://cittadella.org/
REDIRECTION_(300…399) 301 https://osm.org/browse/node/2169682875 http://www.lavalledelleaquile.com → https://www.lavalledelleaquile.com/
REDIRECTION_(300…399) 301 https://osm.org/browse/way/222602134 http://www.irpi.cnr.it/ → https://www.irpi.cnr.it/
CLIENT_ERROR_(400…499) 429 https://osm.org/browse/way/279367126 http://www.montalionline.com/
REDIRECTION_(300…399) 301 https://osm.org/browse/way/179935735 http://www.ilboschetto.com/ → https://www.ilboschetto.com/
REDIRECTION_(300…399) 301 https://osm.org/browse/way/849611228 http://www.olioragani.com/ → https://www.olioragani.com/
REDIRECTION_(300…399) 301 https://osm.org/browse/node/7726566305 http://www.museiprovinciaterni.it/context_musei.jsp?ID_LINK=498&area=47 → https://www.museiprovinciaterni.it/context_musei.jsp?ID_LINK=498&area=47?ID_LINK=498&area=47
REDIRECTION_(300…399) 301 https://osm.org/browse/way/896680861 http://www.ostellovictorcenter.com → https://www.ostellovictorcenter.com/
COULD_NOT_RESOLVE_HOST https://osm.org/browse/node/3195383402 http://www.ristoranteilcavaliere.com
REDIRECTION_(300…399) 302 https://osm.org/browse/node/1232632410 http://www.pizzeriapozzoromano.com → https://supersite.aruba.it/CustomerArea/Manager.aspx
SUCCESS_(200…299) 200 https://osm.org/browse/way/1075546946 http://www.teatroinstabili.com/
REDIRECTION_(300…399) 301 https://osm.org/browse/node/4364974414 http://www.umbriameteo.com/webcam/castelluccio/ → https://www.umbriameteo.com/webcam/castelluccio/
SUCCESS_(200…299) 200 https://osm.org/browse/node/1800250074 http://musei.beniculturali.it/musei?mid=472&amp
REDIRECTION_(300…399) 301 https://osm.org/browse/node/3594203684 http://www.up.aci.it/perugia/ → https://www.up.aci.it/perugia/
REDIRECTION_(300…399) 301 https://osm.org/browse/way/1290599799 http://www.upsandomenico.church/ → https://www.upsandomenico.church/
REDIRECTION_(300…399) 301 https://osm.org/browse/relation/8050899 http://www.viaggispirituali.it/strutture-turismo-religioso/umbria/monastero-s-croce_3353/ → https://www.viaggispirituali.it/strutture-turismo-religioso/umbria/monastero-s-croce_3353/
OTHER_CURL_ERROR 52  https://osm.org/browse/node/10570958563 http://www.suorefrancescanemissionariediassisi.org/suore/Immacolata.html
REDIRECTION_(300…399) 301 https://osm.org/browse/node/11079164424 http://www.utopiaggia.eu → http://www.utopiaggia.eu/en/
SUCCESS_(200…299) 200 https://osm.org/browse/way/1455945299 https://badiaccia.com/
SUCCESS_(200…299) 200 https://osm.org/browse/node/12320864828 https://benedettineciterna.wordpress.com
SUCCESS_(200…299) 200 https://osm.org/browse/relation/18259686 https://benedettineciterna.wordpress.com/
SUCCESS_(200…299) 200 https://osm.org/browse/node/11078925541 https://birranursia.com/
REDIRECTION_(300…399) 301 https://osm.org/browse/way/915987117 http://www.victorhostel.com/ → https://www.victorhostel.com/
SUCCESS_(200…299) 200 https://osm.org/browse/way/1455943139 https://campingkursaal.it/
SUCCESS_(200…299) 200 https://osm.org/browse/relation/2997264 https://casasangirolamo.azionecattolica.it/
SUCCESS_(200…299) 200 https://osm.org/browse/node/11874971676 https://anticaporchetteriagranieri.it
TIMEOUT https://osm.org/browse/relation/16020019 http://www.lavalnerina.it/
SUCCESS_(200…299) 200 https://osm.org/browse/node/10579993762 https://flliperugini.com/
SUCCESS_(200…299) 200 https://osm.org/browse/way/152539968 https://fontedegna.wixsite.com/umbria-tuscany
SUCCESS_(200…299) 200 https://osm.org/browse/node/10570396458 https://graymoor.org/italy
REDIRECTION_(300…399) 301 https://osm.org/browse/node/9074739869 https://casalauretana.com/ → https://casalauretana.com/it/
SUCCESS_(200…299) 200 https://osm.org/browse/way/207812059 https://fondoambiente.it/luoghi/abbazia-di-santa-maria-di-valdiponte-in-corbiniano-o-abbazia-di-montelabate
SUCCESS_(200…299) 200 https://osm.org/browse/node/11382162576 https://marianigiovannicommerciale.it
REDIRECTION_(300…399) 301 https://osm.org/browse/way/1193573273 https://nursia.org/ → https://en.nursia.org/
SUCCESS_(200…299) 200 https://osm.org/browse/node/11916159148 https://fondazionemacsa.org/palazzo-degli-oddi/
SAME_DOMAIN_REDIRECTION_(300…399) 301 https://osm.org/browse/node/12952349653 https://osm.org/browse/relation/2016618 https://monasterosangiuseppeassisi.it/ → /it/index.php
SUCCESS_(200…299) 200 https://osm.org/browse/way/238107829 https://pleiades.stoa.org/places/416806
SUCCESS_(200…299) 200 https://osm.org/browse/way/757260586 https://panoramadincanto.it/
SUCCESS_(200…299) 200 https://osm.org/browse/way/168679030 https://sostareabevagna.com/
SUCCESS_(200…299) 200 https://osm.org/browse/way/728195596 https://sanbenedettoalsubasio.it/
SUCCESS_(200…299) 200 https://osm.org/browse/way/43051908 https://santuariorivotortoassisi.org/
CLIENT_ERROR_(400…499) 404 https://osm.org/browse/node/10848122258 https://terrazza-farnese-belvedere-di-orvieto.business.site/
REDIRECTION_(300…399) 301 https://osm.org/browse/node/4581702789 https://todi.ubiklibri.it → https://www.ubiklibri.it/librerie/ubik-todi
SUCCESS_(200…299) 200 https://osm.org/browse/way/868763578 https://osm.org/browse/way/1334245871 https://osm.org/browse/way/1334245872 https://turismo.tadino.it/informazioni-aree-camper-biblioteca/
REDIRECTION_(300…399) 307 https://osm.org/browse/way/1289711090 https://turismo.comune.perugia.it/pagine/biblioteca-comunale-degli-arconi-perugia → https://www.comune.perugia.it/vivere-il-comune/
SUCCESS_(200…299) 200 https://osm.org/browse/way/835401677 https://villagabbiano.it/
SUCCESS_(200…299) 200 https://osm.org/browse/way/835411954 https://valsorda.daclelia.it/valsorda-il-camping/
SUCCESS_(200…299) 200 https://osm.org/browse/way/261548140 https://www.academia.edu/84533366/COME_NASCE_UNA_BASE_GIS_PER_L_ARCHEOLOGIA_OPENSOURCE_SVILUPPATA_DA_ARCHEOLOGI_PER_GLI_ARCHEOLOGI_LO_SCAVO_DI_POGGIO_GRAMIGNANO_LUGNANO_IN_TEVERINA_TR_
COULD_NOT_RESOLVE_HOST https://osm.org/browse/node/10573665597 https://www.agostinianespello.it/
CLIENT_ERROR_(400…499) 403 https://osm.org/browse/way/412972456 https://www.alberghieroassisi.eu/
SUCCESS_(200…299) 200 https://osm.org/browse/node/10571038162 https://www.alcantarineassisi.it/
SUCCESS_(200…299) 200 https://osm.org/browse/node/12811371344 https://www.accoglienzasanfrancesco.it/
SUCCESS_(200…299) 200 https://osm.org/browse/node/4529186809 https://www.alphaville-italia.com
SUCCESS_(200…299) 200 https://osm.org/browse/node/1635117842 https://www.agriturismoleburgne.it/
SUCCESS_(200…299) 200 https://osm.org/browse/way/1357196484 https://www.assisicasafrancesca.it/
SUCCESS_(200…299) 200 https://osm.org/browse/way/686717426 https://www.allanticamattonata.com/
SUCCESS_(200…299) 200 https://osm.org/browse/node/11954443862 https://osm.org/browse/way/254854443 https://www.assisimuseodiocesano.it/visitaci/
REDIRECTION_(300…399) 301 https://osm.org/browse/way/246213227 https://www.assisiofm.it/sacro-speco-narni-68-1.html → https://assisiofm.it/sacro-speco-narni-68-1.html
SUCCESS_(200…299) 200 https://osm.org/browse/way/76844973 https://www.assisisantuariospogliazione.it/
SUCCESS_(200…299) 200 https://osm.org/browse/node/8121295640 https://www.associazionedare.it/
TIMEOUT https://osm.org/browse/node/6823102355 https://hotellacorte.magrellihr.com
SUCCESS_(200…299) 200 https://osm.org/browse/node/10580895199 https://www.birrificiocolfiorito.com/
SUCCESS_(200…299) 200 https://osm.org/browse/node/12397475171 https://www.bernyhouse.it/
SUCCESS_(200…299) 200 https://osm.org/browse/way/1317385895 https://www.campingcerquestra.it/
SUCCESS_(200…299) 200 https://osm.org/browse/node/4528307077 https://www.carloni1989.it/
SUCCESS_(200…299) 200 https://osm.org/browse/node/13114589488 https://www.casabeatangelina.it/
SUCCESS_(200…299) 200 https://osm.org/browse/node/11872122269 https://www.citytourperugia.it
SUCCESS_(200…299) 200 https://osm.org/browse/node/13138500518 https://www.comune.castelviscardo.tr.it/hh/index.php
CLIENT_ERROR_(400…499) 404 https://osm.org/browse/way/54610355 https://www.comune.montefalco.pg.it/pagine/polizia-stradale
CLIENT_ERROR_(400…499) 410 https://osm.org/browse/way/412972455 https://www.convittoassisi.edu.it/
CLIENT_ERROR_(400…499) 403 https://osm.org/browse/way/228635691 https://www.cwgc.org/visit-us/find-cemeteries-memorials/cemetery-details/2004000/assisi-war-cemetery/
SUCCESS_(200…299) 200 https://osm.org/browse/node/12952324798 https://www.diocesiassisi.it/
TIMEOUT https://osm.org/browse/node/2337023142 https://www.assisihotelantonelli.it/
SUCCESS_(200…299) 200 https://osm.org/browse/relation/3444241 https://www.casamonteripido.it/
SUCCESS_(200…299) 200 https://osm.org/browse/way/1333218154 https://www.fattoriagiorgetti.it/
REDIRECTION_(300…399) 301 https://osm.org/browse/node/2146579118 https://www.domuspacis.it/ → https://domuspacis.it/
SUCCESS_(200…299) 200 https://osm.org/browse/node/11681306449 https://www.casamonteripido.it/albergo/
SSL_CONNECT_ERROR https://osm.org/browse/node/1887119542 https://www.fezemauro.com/
SUCCESS_(200…299) 200 https://osm.org/browse/node/10542596389 https://www.hotelcastelloassisi.it/
REDIRECTION_(300…399) 301 https://osm.org/browse/node/8980022220 https://www.fattorieumbre.com → https://fattorieumbre.com/
SUCCESS_(200…299) 200 https://osm.org/browse/way/1222044942 https://www.iluoghidelsilenzio.it/chiesa-della-buona-morte-cannara-pg/
SUCCESS_(200…299) 200 https://osm.org/browse/way/229271786 https://www.iluoghidelsilenzio.it/chiesa-di-san-giovanni-battista-cannara-pg/
SUCCESS_(200…299) 200 https://osm.org/browse/way/1382315972 https://www.iluoghidelsilenzio.it/chiesa-di-san-lorenzo-vecchio-rapecchiano-di-foligno-pg/
SERVER_ERROR_(500…599) 500 https://osm.org/browse/way/528899396 https://www.ilRoseto.com
SUCCESS_(200…299) 200 https://osm.org/browse/way/833610917 https://www.iluoghidelsilenzio.it/eremo-di-santangelo-in-pantanelli-baschi/
SUCCESS_(200…299) 200 https://osm.org/browse/node/12872798807 https://www.iluoghidelsilenzio.it/tugurio-di-san-francesco-cannara-pg/
SUCCESS_(200…299) 200 https://osm.org/browse/node/12779386054 https://www.istitutocasoriaassisi.it/
CLIENT_ERROR_(400…499) 403 https://osm.org/browse/node/6206621145 https://www.lagiostrinadeicanape.it/servizi/la-giostrina.html
CLIENT_ERROR_(400…499) 403 https://osm.org/browse/way/560118130 https://www.lagiostrinadeicanape.it/servizi/il-trenino.html
SUCCESS_(200…299) 200 https://osm.org/browse/way/1332877889 https://www.lietasosta.it/
SUCCESS_(200…299) 200 https://osm.org/browse/node/12776754574 https://www.madonnadellerose.com/
CLIENT_ERROR_(400…499) 429 https://osm.org/browse/way/279367111 https://www.montalionline.com
SUCCESS_(200…299) 200 https://osm.org/browse/relation/6862481 https://www.monterufeno.it/
SUCCESS_(200…299) 200 https://osm.org/browse/node/11931194124 https://www.lapiantadelte.it/shop/content/4-teaperugia-sala-da-te-punto-vendita-perugia-la-pianta-del-te
SUCCESS_(200…299) 200 https://osm.org/browse/node/11758382701 https://www.museomontefalco.it/
SUCCESS_(200…299) 200 https://osm.org/browse/node/12456888993 https://www.museidiallerona.it
SUCCESS_(200…299) 200 https://osm.org/browse/way/374598068 https://osm.org/browse/way/1457434090 https://www.parcodelmontecucco.it/it/info-utili/
SUCCESS_(200…299) 200 https://osm.org/browse/node/12018545260 https://www.perugina.com/it/casa-del-cioccolato/Welcome-to-the-Casa-del-Cioccolato
REDIRECTION_(300…399) 301 https://osm.org/browse/node/11789451074 https://www.pescapiu.it → https://pescapiu.it/
SUCCESS_(200…299) 200 https://osm.org/browse/node/10758459973 https://www.pizzeriamarchigiana.it/
SUCCESS_(200…299) 200 https://osm.org/browse/way/434420835 https://www.poggiodivillafano.it/
TIMEOUT https://osm.org/browse/way/204687572 https://www.fontemaggio.it
SUCCESS_(200…299) 200 https://osm.org/browse/node/5249382813 https://www.rampiniauto.it/
REDIRECTION_(300…399) 301 https://osm.org/browse/node/9781449904 https://osm.org/browse/way/105440966 https://osm.org/browse/way/712474839 https://www.porziuncola.org/ → https://porziuncola.org/
SUCCESS_(200…299) 200 https://osm.org/browse/node/4528371043 https://www.ristoranteilmoderno.store/menu/
SUCCESS_(200…299) 200 https://osm.org/browse/node/10961427872 https://www.ristoranteilcantinoneperugia.com
SUCCESS_(200…299) 200 https://osm.org/browse/node/7830845120 https://www.ristorantedaangelo.com
REDIRECTION_(300…399) 302 https://osm.org/browse/node/12779726597 https://www.sanfrancescoassisi.org/ → https://www.sanfrancescoassisi.org/html/ita/index.php
SUCCESS_(200…299) 200 https://osm.org/browse/way/149526977 https://www.santacolette.com/
TIMEOUT https://osm.org/browse/node/4270656460 https://www.lakebikestore.it
SUCCESS_(200…299) 200 https://osm.org/browse/way/106506111 https://www.santuarioeremodellecarceri.org/
SUCCESS_(200…299) 200 https://osm.org/browse/node/11906824722 https://www.ristorantepicchioverde.com
SUCCESS_(200…299) 200 https://osm.org/browse/way/37028360 https://osm.org/browse/way/106506109 https://www.santuariosandamiano.org/
REDIRECTION_(300…399) 301 https://osm.org/browse/way/140678619 https://www.superconti.eu/punti-vendita/orvieto/ → https://www.superconti.eu/public/punti-vendita/orvieto
REDIRECTION_(300…399) 301 https://osm.org/browse/node/7809059981 https://www.ristorantenumero1.it/ → https://ristorantenumero1.it/
MISSING_URI_SCHEME https://osm.org/browse/node/1800250074 nome=necropoli-etrusca-crocifisso-del-tufo
MISSING_URI_SCHEME https://osm.org/browse/node/2329559965 www.osterialecivette.it
SUCCESS_(200…299) 200 https://osm.org/browse/node/12797943186 https://www.tenutasanlorenzo.it/
SUCCESS_(200…299) 200 https://osm.org/browse/way/1455940859 https://www.villaggioparcodeipini.it/
TIMEOUT https://osm.org/browse/way/1058727515 https://www.villalavaniaspello.it/
