MISSING_URI_SCHEME  <meta http-equiv="content-type" content="text/html
MISSING_URI_SCHEME  <title>OSM3S Response</title>
MISSING_URI_SCHEME  charset=utf-8" lang="en"/>
MISSING_URI_SCHEME  <!DOCTYPE html PUBLIC "-//W3C//DTD XHTML 1.0 Strict//EN
MISSING_URI_SCHEME  </body>
MISSING_URI_SCHEME  </head>
MISSING_URI_SCHEME  </html>
MISSING_URI_SCHEME  <?xml version="1.0" encoding="UTF-8"?>
MISSING_URI_SCHEME  <body>
MISSING_URI_SCHEME  <head>
MISSING_URI_SCHEME  <html xmlns="http://www.w3.org/1999/xhtml" xml:lang="en" lang="en">
MISSING_URI_SCHEME  <p><strong style="color:#FF0000">Error</strong>: runtime error: open64: 0 Success /osm3s_osm_base Dispatcher_Client::request_read_and_idx::timeout. The server is probably too busy to handle your request. </p>
MISSING_URI_SCHEME  <p>The data included in this document is from www.openstreetmap.org. The data is made available under ODbL.</p>
CLIENT_ERROR_(400…499) 403  http://www.w3.org/TR/xhtml1/DTD/xhtml1-strict.dtd">
REDIRECTION_(300…399) 301 https://osm.org/browse/node/1907489404 http://italia.indettaglio.it/ita/friuliveneziagiulia/udine_latisana_gorgo.html → https://italia.indettaglio.it/ita/friuliveneziagiulia/udine_latisana_gorgo.html
REDIRECTION_(300…399) 301 https://osm.org/browse/node/9916760752 http://italia.indettaglio.it/ita/friuliveneziagiulia/udine_latisana_duranti.html → https://italia.indettaglio.it/ita/friuliveneziagiulia/udine_latisana_duranti.html
REDIRECTION_(300…399) 301 https://osm.org/browse/node/777152345 http://italia.indettaglio.it/ita/friuliveneziagiulia/udine_latisana_pertegada.html → https://italia.indettaglio.it/ita/friuliveneziagiulia/udine_latisana_pertegada.html
REDIRECTION_(300…399) 301 https://osm.org/browse/node/3876052146 http://italia.indettaglio.it/ita/friuliveneziagiulia/udine_latisana_bevazzana.html → https://italia.indettaglio.it/ita/friuliveneziagiulia/udine_latisana_bevazzana.html
REDIRECTION_(300…399) 301 https://osm.org/browse/way/60904888 https://osm.org/browse/way/60904918 http://www.carsosegreto.it/2009/10/le-colonne-di-aurisina.html → https://www.carsosegreto.it/2009/10/le-colonne-di-aurisina.html
COULD_NOT_RESOLVE_HOST https://osm.org/browse/node/2275825136 http://www.catastogrotte.fvg.it/3917
REDIRECTION_(300…399) 302 https://osm.org/browse/way/36684755 http://www.chieseitaliane.chiesacattolica.it/chieseitaliane/schedaca.jsp?sercd=68496 → https://chieseitaliane.chiesacattolica.it/chieseitaliane/schedaca.jsp?sercd=68496
REDIRECTION_(300…399) 302 https://osm.org/browse/way/36684756 http://www.chieseitaliane.chiesacattolica.it/chieseitaliane/schedaca.jsp?sercd=84778 → https://chieseitaliane.chiesacattolica.it/chieseitaliane/schedaca.jsp?sercd=84778
REDIRECTION_(300…399) 302 https://osm.org/browse/way/36684758 http://www.chieseitaliane.chiesacattolica.it/chieseitaliane/schedaca.jsp?sercd=68497 → https://chieseitaliane.chiesacattolica.it/chieseitaliane/schedaca.jsp?sercd=68497
SUCCESS_(200…299) 200 https://osm.org/browse/way/812532174 http://www.ipac.regione.fvg.it/aspx/ViewProspIntermedia.aspx?idScheda=107&tsk=PG&tp=vRAP&idAmb=120&idsttem=6
SUCCESS_(200…299) 200 https://osm.org/browse/way/225268879 http://www.ipac.regione.fvg.it/aspx/ViewProspIntermedia.aspx?idScheda=103&tsk=PG
SUCCESS_(200…299) 200 https://osm.org/browse/way/812533764 http://www.ipac.regione.fvg.it/aspx/ViewProspIntermedia.aspx?idScheda=105&tsk=PG&tp=vRAP&idAmb=120&idsttem=6
REDIRECTION_(300…399) 301 https://osm.org/browse/node/9916760727 http://italia.indettaglio.it/ita/friuliveneziagiulia/udine_lignanosabbiadoro_casabianca.html → https://italia.indettaglio.it/ita/friuliveneziagiulia/udine_lignanosabbiadoro_casabianca.html
SUCCESS_(200…299) 200 https://osm.org/browse/way/182325288 http://www.ipac.regione.fvg.it/aspx/ViewProspIntermedia.aspx?idScheda=110&tsk=PG&tp=vRAP&idAmb=120&idsttem=6
SUCCESS_(200…299) 200 https://osm.org/browse/way/547715372 http://www.ipac.regione.fvg.it/aspx/ViewProspIntermedia.aspx?idScheda=112&tsk=PG&tp=vRAP&idAmb=120&idsttem=6
SUCCESS_(200…299) 200 https://osm.org/browse/way/809084698 http://www.ipac.regione.fvg.it/aspx/ViewProspIntermedia.aspx?idScheda=114&tsk=PG&tp=vRAP&idAmb=120&idsttem=6
SUCCESS_(200…299) 200 https://osm.org/browse/way/171140550 http://www.ipac.regione.fvg.it/aspx/ViewProspIntermedia.aspx?idScheda=119&tsk=PG&tp=vRAP&idAmb=120&idsttem=6
SUCCESS_(200…299) 200 https://osm.org/browse/way/25796421 http://www.ipac.regione.fvg.it/aspx/ViewProspIntermedia.aspx?idScheda=11&tsk=PG&tp=vRAP&idAmb=120&idsttem=6
SUCCESS_(200…299) 200 https://osm.org/browse/way/26578892 http://www.ipac.regione.fvg.it/aspx/ViewProspIntermedia.aspx?idScheda=120&tsk=PG&tp=vRAP&idAmb=120&idsttem=6
SUCCESS_(200…299) 200 https://osm.org/browse/way/683702843 http://www.ipac.regione.fvg.it/aspx/ViewProspIntermedia.aspx?idScheda=121&tsk=PG&tp=vRAP&idAmb=120&idsttem=6
SUCCESS_(200…299) 200 https://osm.org/browse/way/812509529 http://www.ipac.regione.fvg.it/aspx/ViewProspIntermedia.aspx?idScheda=124&tsk=PG&tp=vRAP&idAmb=120&idsttem=6
SUCCESS_(200…299) 200 https://osm.org/browse/node/7589003699 http://www.ipac.regione.fvg.it/aspx/ViewProspIntermedia.aspx?idScheda=126&tsk=PG&tp=vRAP&idAmb=120&idsttem=6
SUCCESS_(200…299) 200 https://osm.org/browse/node/7611361549 http://www.ipac.regione.fvg.it/aspx/ViewProspIntermedia.aspx?idScheda=129&tsk=PG
SUCCESS_(200…299) 200 https://osm.org/browse/way/197764412 http://www.ipac.regione.fvg.it/aspx/ViewProspIntermedia.aspx?idScheda=13&tsk=PG&tp=vRAP&idAmb=120&idsttem=6
SUCCESS_(200…299) 200 https://osm.org/browse/relation/12080364 http://www.ipac.regione.fvg.it/aspx/ViewProspIntermedia.aspx?idScheda=132&tsk=PG&tp=vRAP&idAmb=120&idsttem=6
SUCCESS_(200…299) 200 https://osm.org/browse/way/808368035 http://www.ipac.regione.fvg.it/aspx/ViewProspIntermedia.aspx?idScheda=135&tsk=PG&tp=vRAP&idAmb=120&idsttem=6
SUCCESS_(200…299) 200 https://osm.org/browse/way/224645171 http://www.ipac.regione.fvg.it/aspx/ViewProspIntermedia.aspx?idScheda=141&tsk=PG
SUCCESS_(200…299) 200 https://osm.org/browse/way/36435519 http://www.ipac.regione.fvg.it/aspx/ViewProspIntermedia.aspx?idScheda=133&tsk=PG&tp=vRAP&idAmb=120&idsttem=6
SUCCESS_(200…299) 200 https://osm.org/browse/way/815403173 http://www.ipac.regione.fvg.it/aspx/ViewProspIntermedia.aspx?idScheda=134&tsk=PG
SUCCESS_(200…299) 200 https://osm.org/browse/way/812505916 http://www.ipac.regione.fvg.it/aspx/ViewProspIntermedia.aspx?idScheda=144&tsk=PG&tp=vRAP&idAmb=120&idsttem=6
SUCCESS_(200…299) 200 https://osm.org/browse/way/814857481 http://www.ipac.regione.fvg.it/aspx/ViewProspIntermedia.aspx?idScheda=145&tsk=PG
SUCCESS_(200…299) 200 https://osm.org/browse/node/7565308093 http://www.ipac.regione.fvg.it/aspx/ViewProspIntermedia.aspx?idScheda=146&tsk=PG&tp=vRAP&idAmb=120&idsttem=6
SUCCESS_(200…299) 200 https://osm.org/browse/way/809076822 http://www.ipac.regione.fvg.it/aspx/ViewProspIntermedia.aspx?idScheda=143&tsk=PG&tp=vRAP&idAmb=120&idsttem=6
SUCCESS_(200…299) 200 https://osm.org/browse/way/815404707 http://www.ipac.regione.fvg.it/aspx/ViewProspIntermedia.aspx?idScheda=148&tsk=PG
SUCCESS_(200…299) 200 https://osm.org/browse/way/808362038 http://www.ipac.regione.fvg.it/aspx/ViewProspIntermedia.aspx?idScheda=149&tsk=PG&tp=vRAP&idAmb=120&idsttem=6
SUCCESS_(200…299) 200 https://osm.org/browse/way/809079941 http://www.ipac.regione.fvg.it/aspx/ViewProspIntermedia.aspx?idScheda=150&tsk=PG&tp=vRAP&idAmb=120&idsttem=6
SUCCESS_(200…299) 200 https://osm.org/browse/way/329817890 http://www.ipac.regione.fvg.it/aspx/ViewProspIntermedia.aspx?idScheda=15&tsk=PG&tp=vRAP&idAmb=120&idsttem=6
SUCCESS_(200…299) 200 https://osm.org/browse/way/812827730 http://www.ipac.regione.fvg.it/aspx/ViewProspIntermedia.aspx?idScheda=156&tsk=PG
SUCCESS_(200…299) 200 https://osm.org/browse/way/812813886 http://www.ipac.regione.fvg.it/aspx/ViewProspIntermedia.aspx?idScheda=152&tsk=PG
SUCCESS_(200…299) 200 https://osm.org/browse/relation/17051650 http://www.ipac.regione.fvg.it/aspx/ViewProspIntermedia.aspx?idScheda=158&tsk=PG&tp=vRAP&idAmb=120&idsttem=6
SUCCESS_(200…299) 200 https://osm.org/browse/relation/17507786 http://www.ipac.regione.fvg.it/aspx/ViewProspIntermedia.aspx?idScheda=16&tsk=PG&tp=vRAP&idAmb=120&idsttem=6
SUCCESS_(200…299) 200 https://osm.org/browse/way/812739843 http://www.ipac.regione.fvg.it/aspx/ViewProspIntermedia.aspx?idScheda=168&tsk=PG
SUCCESS_(200…299) 200 https://osm.org/browse/way/812741349 http://www.ipac.regione.fvg.it/aspx/ViewProspIntermedia.aspx?idScheda=167&tsk=PG
SUCCESS_(200…299) 200 https://osm.org/browse/way/812739187 http://www.ipac.regione.fvg.it/aspx/ViewProspIntermedia.aspx?idScheda=174&tsk=PG
SUCCESS_(200…299) 200 https://osm.org/browse/node/11037120820 http://www.ipac.regione.fvg.it/aspx/ViewProspIntermedia.aspx?idScheda=18&tsk=PG&tp=vRAP&idAmb=120&idsttem=6
SUCCESS_(200…299) 200 https://osm.org/browse/way/37943167 http://www.ipac.regione.fvg.it/aspx/ViewProspIntermedia.aspx?idScheda=176&tsk=PG&tp=vRAP&idAmb=120&idsttem=6
SUCCESS_(200…299) 200 https://osm.org/browse/way/201673447 http://www.ipac.regione.fvg.it/aspx/ViewProspIntermedia.aspx?idScheda=180&tsk=PG
SUCCESS_(200…299) 200 https://osm.org/browse/way/824813563 http://www.ipac.regione.fvg.it/aspx/ViewProspIntermedia.aspx?idScheda=181&tsk=PG
SUCCESS_(200…299) 200 https://osm.org/browse/way/808326397 http://www.ipac.regione.fvg.it/aspx/ViewProspIntermedia.aspx?idScheda=183&tsk=PG&tp=vRAP&idAmb=120&idsttem=6
SUCCESS_(200…299) 200 https://osm.org/browse/way/808343280 http://www.ipac.regione.fvg.it/aspx/ViewProspIntermedia.aspx?idScheda=182&tsk=PG
SUCCESS_(200…299) 200 https://osm.org/browse/way/812826906 http://www.ipac.regione.fvg.it/aspx/ViewProspIntermedia.aspx?idScheda=187&tsk=PG
SUCCESS_(200…299) 200 https://osm.org/browse/way/815411810 http://www.ipac.regione.fvg.it/aspx/ViewProspIntermedia.aspx?idScheda=188&tsk=PG
SUCCESS_(200…299) 200 https://osm.org/browse/way/814858350 http://www.ipac.regione.fvg.it/aspx/ViewProspIntermedia.aspx?idScheda=192&tsk=PG
SUCCESS_(200…299) 200 https://osm.org/browse/relation/2697669 http://www.ipac.regione.fvg.it/aspx/ViewProspIntermedia.aspx?idScheda=194&tsk=PG&tp=vRAP&idAmb=120&idsttem=6
SUCCESS_(200…299) 200 https://osm.org/browse/way/78074426 http://www.ipac.regione.fvg.it/aspx/ViewProspIntermedia.aspx?idScheda=193&tsk=PG
SUCCESS_(200…299) 200 https://osm.org/browse/relation/2697670 http://www.ipac.regione.fvg.it/aspx/ViewProspIntermedia.aspx?idScheda=195&tsk=PG&tp=vRAP&idAmb=120&idsttem=6
SUCCESS_(200…299) 200 https://osm.org/browse/way/808316116 http://www.ipac.regione.fvg.it/aspx/ViewProspIntermedia.aspx?idScheda=196&tsk=PG&tp=vRAP&idAmb=120&idsttem=6
SUCCESS_(200…299) 200 https://osm.org/browse/way/824814218 http://www.ipac.regione.fvg.it/aspx/ViewProspIntermedia.aspx?idScheda=199&tsk=PG
SUCCESS_(200…299) 200 https://osm.org/browse/way/812504786 http://www.ipac.regione.fvg.it/aspx/ViewProspIntermedia.aspx?idScheda=200&tsk=PG&tp=vRAP&idAmb=120&idsttem=6
SUCCESS_(200…299) 200 https://osm.org/browse/way/808351589 http://www.ipac.regione.fvg.it/aspx/ViewProspIntermedia.aspx?idScheda=202&tsk=PG&tp=vRAP&idAmb=120&idsttem=6
SUCCESS_(200…299) 200 https://osm.org/browse/node/7565342106 http://www.ipac.regione.fvg.it/aspx/ViewProspIntermedia.aspx?idScheda=211&tsk=PG&tp=vRAP&idAmb=120&idsttem=6
SUCCESS_(200…299) 200 https://osm.org/browse/way/812541480 http://www.ipac.regione.fvg.it/aspx/ViewProspIntermedia.aspx?idScheda=203&tsk=PG
SUCCESS_(200…299) 200 https://osm.org/browse/way/661160027 http://www.ipac.regione.fvg.it/aspx/ViewProspIntermedia.aspx?idScheda=212&tsk=PG&tp=vRAP&idAmb=120&idsttem=6
SUCCESS_(200…299) 200 https://osm.org/browse/way/815406826 http://www.ipac.regione.fvg.it/aspx/ViewProspIntermedia.aspx?idScheda=210&tsk=PG
SUCCESS_(200…299) 200 https://osm.org/browse/way/1188622268 http://www.ipac.regione.fvg.it/aspx/ViewProspIntermedia.aspx?idScheda=22&tsk=PG&tp=vRAP&idAmb=120&idsttem=6
SUCCESS_(200…299) 200 https://osm.org/browse/way/808371595 http://www.ipac.regione.fvg.it/aspx/ViewProspIntermedia.aspx?idScheda=220&tsk=PG&tp=vRAP&idAmb=120&idsttem=6
SUCCESS_(200…299) 200 https://osm.org/browse/way/334290395 http://www.ipac.regione.fvg.it/aspx/ViewProspIntermedia.aspx?idScheda=218&tsk=PG&tp=vRAP&idAmb=120&idsttem=6
SUCCESS_(200…299) 200 https://osm.org/browse/way/812533147 http://www.ipac.regione.fvg.it/aspx/ViewProspIntermedia.aspx?idScheda=217&tsk=PG&tp=vRAP&idAmb=120&idsttem=6
SUCCESS_(200…299) 200 https://osm.org/browse/way/106864672 http://www.ipac.regione.fvg.it/aspx/ViewProspIntermedia.aspx?idScheda=223&tsk=PG&tp=vRAP&idAmb=120&idsttem=6
SUCCESS_(200…299) 200 https://osm.org/browse/way/812539901 http://www.ipac.regione.fvg.it/aspx/ViewProspIntermedia.aspx?idScheda=226&tsk=PG&tp=vRAP&idAmb=120&idsttem=6
SUCCESS_(200…299) 200 https://osm.org/browse/way/812791735 http://www.ipac.regione.fvg.it/aspx/ViewProspIntermedia.aspx?idScheda=222&tsk=PG
SUCCESS_(200…299) 200 https://osm.org/browse/relation/2833810 http://www.ipac.regione.fvg.it/aspx/ViewProspIntermedia.aspx?idScheda=224&tsk=PG&tp=vRAP&idAmb=120&idsttem=6
SUCCESS_(200…299) 200 https://osm.org/browse/way/812508488 http://www.ipac.regione.fvg.it/aspx/ViewProspIntermedia.aspx?idScheda=229&tsk=PG&tp=vRAP&idAmb=120&idsttem=6
SUCCESS_(200…299) 200 https://osm.org/browse/way/812534602 http://www.ipac.regione.fvg.it/aspx/ViewProspIntermedia.aspx?idScheda=228&tsk=PG&tp=vRAP&idAmb=120&idsttem=6
SUCCESS_(200…299) 200 https://osm.org/browse/way/812505339 http://www.ipac.regione.fvg.it/aspx/ViewProspIntermedia.aspx?idScheda=230&tsk=PG&tp=vRAP&idAmb=120&idsttem=6
SUCCESS_(200…299) 200 https://osm.org/browse/way/485178753 http://www.ipac.regione.fvg.it/aspx/ViewProspIntermedia.aspx?idScheda=231&tsk=PG&tp=vRAP&idAmb=120&idsttem=6
SUCCESS_(200…299) 200 https://osm.org/browse/way/812542063 http://www.ipac.regione.fvg.it/aspx/ViewProspIntermedia.aspx?idScheda=232&tsk=PG
SUCCESS_(200…299) 200 https://osm.org/browse/way/812546440 http://www.ipac.regione.fvg.it/aspx/ViewProspIntermedia.aspx?idScheda=236&tsk=PG
SUCCESS_(200…299) 200 https://osm.org/browse/way/812737376 http://www.ipac.regione.fvg.it/aspx/ViewProspIntermedia.aspx?idScheda=237&tsk=PG
SUCCESS_(200…299) 200 https://osm.org/browse/way/812738380 http://www.ipac.regione.fvg.it/aspx/ViewProspIntermedia.aspx?idScheda=238&tsk=PG
SUCCESS_(200…299) 200 https://osm.org/browse/way/808356128 http://www.ipac.regione.fvg.it/aspx/ViewProspIntermedia.aspx?idScheda=240&tsk=PG&tp=vRAP&idAmb=120&idsttem=6
SUCCESS_(200…299) 200 https://osm.org/browse/way/812823820 http://www.ipac.regione.fvg.it/aspx/ViewProspIntermedia.aspx?idScheda=241&tsk=PG
SUCCESS_(200…299) 200 https://osm.org/browse/way/824812249 http://www.ipac.regione.fvg.it/aspx/ViewProspIntermedia.aspx?idScheda=24&tsk=PG
SUCCESS_(200…299) 200 https://osm.org/browse/way/812824441 http://www.ipac.regione.fvg.it/aspx/ViewProspIntermedia.aspx?idScheda=242&tsk=PG
SUCCESS_(200…299) 200 https://osm.org/browse/way/812829700 http://www.ipac.regione.fvg.it/aspx/ViewProspIntermedia.aspx?idScheda=243&tsk=PG
SUCCESS_(200…299) 200 https://osm.org/browse/way/808363968 http://www.ipac.regione.fvg.it/aspx/ViewProspIntermedia.aspx?idScheda=245&tsk=PG&tp=vRAP&idAmb=120&idsttem=6
SUCCESS_(200…299) 200 https://osm.org/browse/way/812830083 http://www.ipac.regione.fvg.it/aspx/ViewProspIntermedia.aspx?idScheda=244&tsk=PG
SUCCESS_(200…299) 200 https://osm.org/browse/way/812825489 http://www.ipac.regione.fvg.it/aspx/ViewProspIntermedia.aspx?idScheda=246&tsk=PG
SUCCESS_(200…299) 200 https://osm.org/browse/way/808362885 http://www.ipac.regione.fvg.it/aspx/ViewProspIntermedia.aspx?idScheda=247&tsk=PG&tp=vRAP&idAmb=120&idsttem=6
SUCCESS_(200…299) 200 https://osm.org/browse/way/814853467 http://www.ipac.regione.fvg.it/aspx/ViewProspIntermedia.aspx?idScheda=251&tsk=PG
SUCCESS_(200…299) 200 https://osm.org/browse/way/824811060 http://www.ipac.regione.fvg.it/aspx/ViewProspIntermedia.aspx?idScheda=25&tsk=PG
SUCCESS_(200…299) 200 https://osm.org/browse/way/814854504 http://www.ipac.regione.fvg.it/aspx/ViewProspIntermedia.aspx?idScheda=252&tsk=PG
SUCCESS_(200…299) 200 https://osm.org/browse/way/810458643 http://www.ipac.regione.fvg.it/aspx/ViewProspIntermedia.aspx?idScheda=253&tsk=PG&tp=vRAP&idAmb=120&idsttem=6
SUCCESS_(200…299) 200 https://osm.org/browse/way/809072049 http://www.ipac.regione.fvg.it/aspx/ViewProspIntermedia.aspx?idScheda=255&tsk=PG&tp=vRAP&idAmb=120&idsttem=6
SUCCESS_(200…299) 200 https://osm.org/browse/way/810458194 http://www.ipac.regione.fvg.it/aspx/ViewProspIntermedia.aspx?idScheda=254&tsk=PG&tp=vRAP&idAmb=120&idsttem=6
SUCCESS_(200…299) 200 https://osm.org/browse/way/809073238 http://www.ipac.regione.fvg.it/aspx/ViewProspIntermedia.aspx?idScheda=256&tsk=PG&tp=vRAP&idAmb=120&idsttem=6
SUCCESS_(200…299) 200 https://osm.org/browse/way/812822549 http://www.ipac.regione.fvg.it/aspx/ViewProspIntermedia.aspx?idScheda=259&tsk=PG
SUCCESS_(200…299) 200 https://osm.org/browse/way/808323450 http://www.ipac.regione.fvg.it/aspx/ViewProspIntermedia.aspx?idScheda=260&tsk=PG&tp=vRAP&idAmb=120&idsttem=6
SUCCESS_(200…299) 200 https://osm.org/browse/way/808322493 http://www.ipac.regione.fvg.it/aspx/ViewProspIntermedia.aspx?idScheda=261&tsk=PG&tp=vRAP&idAmb=120&idsttem=6
SUCCESS_(200…299) 200 https://osm.org/browse/way/808319513 http://www.ipac.regione.fvg.it/aspx/ViewProspIntermedia.aspx?idScheda=262&tsk=PG&tp=vRAP&idAmb=120&idsttem=6
SUCCESS_(200…299) 200 https://osm.org/browse/way/812782071 http://www.ipac.regione.fvg.it/aspx/ViewProspIntermedia.aspx?idScheda=257&tsk=PG
TIMEOUT https://osm.org/browse/way/808318036 http://www.ipac.regione.fvg.it/aspx/ViewProspIntermedia.aspx?idScheda=263&tsk=PG&tp=vRAP&idAmb=120&idsttem=6
TIMEOUT https://osm.org/browse/way/812821808 http://www.ipac.regione.fvg.it/aspx/ViewProspIntermedia.aspx?idScheda=264&tsk=PG
TIMEOUT https://osm.org/browse/way/809074163 http://www.ipac.regione.fvg.it/aspx/ViewProspIntermedia.aspx?idScheda=269&tsk=PG&tp=vRAP&idAmb=120&idsttem=6
TIMEOUT https://osm.org/browse/way/808366735 http://www.ipac.regione.fvg.it/aspx/ViewProspIntermedia.aspx?idScheda=271&tsk=PG&tp=vRAP&idAmb=120&idsttem=6
TIMEOUT https://osm.org/browse/way/808294818 http://www.ipac.regione.fvg.it/aspx/ViewProspIntermedia.aspx?idScheda=272&tsk=PG&tp=vRAP&idAmb=120&idsttem=6
TIMEOUT https://osm.org/browse/way/812813550 http://www.ipac.regione.fvg.it/aspx/ViewProspIntermedia.aspx?idScheda=273&tsk=PG
TIMEOUT https://osm.org/browse/way/808305706 http://www.ipac.regione.fvg.it/aspx/ViewProspIntermedia.aspx?idScheda=274&tsk=PG&tp=vRAP&idAmb=120&idsttem=6
TIMEOUT https://osm.org/browse/way/809075093 http://www.ipac.regione.fvg.it/aspx/ViewProspIntermedia.aspx?idScheda=277&tsk=PG&tp=vRAP&idAmb=120&idsttem=6
TIMEOUT https://osm.org/browse/way/814855855 http://www.ipac.regione.fvg.it/aspx/ViewProspIntermedia.aspx?idScheda=278&tsk=PG
TIMEOUT https://osm.org/browse/way/812737636 http://www.ipac.regione.fvg.it/aspx/ViewProspIntermedia.aspx?idScheda=279&tsk=PG
TIMEOUT https://osm.org/browse/way/814857139 http://www.ipac.regione.fvg.it/aspx/ViewProspIntermedia.aspx?idScheda=3&tsk=PG
TIMEOUT https://osm.org/browse/way/809082537 http://www.ipac.regione.fvg.it/aspx/ViewProspIntermedia.aspx?idScheda=30&tsk=PG&tp=vRAP&idAmb=120&idsttem=6
TIMEOUT https://osm.org/browse/way/293599636 http://www.ipac.regione.fvg.it/aspx/ViewProspIntermedia.aspx?idScheda=31&tsk=PG&tp=vRAP&idAmb=120&idsttem=6
TIMEOUT https://osm.org/browse/way/280292542 http://www.ipac.regione.fvg.it/aspx/ViewProspIntermedia.aspx?idScheda=33&tsk=PG
TIMEOUT https://osm.org/browse/way/122375645 http://www.ipac.regione.fvg.it/aspx/ViewProspIntermedia.aspx?idScheda=36&tsk=PG&tp=vRAP&idAmb=120&idsttem=6
TIMEOUT https://osm.org/browse/way/812793091 http://www.ipac.regione.fvg.it/aspx/ViewProspIntermedia.aspx?idScheda=38&tsk=PG
TIMEOUT https://osm.org/browse/way/129123897 http://www.ipac.regione.fvg.it/aspx/ViewProspIntermedia.aspx?idScheda=4&tsk=PG&tp=vRAP&idAmb=120&idsttem=6
TIMEOUT https://osm.org/browse/relation/3422250 http://www.ipac.regione.fvg.it/aspx/ViewProspIntermedia.aspx?idScheda=46&tsk=PG&tp=vRAP&idAmb=120&idsttem=6
TIMEOUT https://osm.org/browse/way/224835002 http://www.ipac.regione.fvg.it/aspx/ViewProspIntermedia.aspx?idScheda=47&tsk=PG
TIMEOUT https://osm.org/browse/way/809054079 http://www.ipac.regione.fvg.it/aspx/ViewProspIntermedia.aspx?idScheda=48&tsk=PG&tp=vRAP&idAmb=120&idsttem=6
TIMEOUT https://osm.org/browse/way/812788980 http://www.ipac.regione.fvg.it/aspx/ViewProspIntermedia.aspx?idScheda=49&tsk=PG
TIMEOUT https://osm.org/browse/way/108588812 http://www.ipac.regione.fvg.it/aspx/ViewProspIntermedia.aspx?idScheda=56&tsk=PG
TIMEOUT https://osm.org/browse/way/808334910 http://www.ipac.regione.fvg.it/aspx/ViewProspIntermedia.aspx?idScheda=57&tsk=PG&tp=vRAP&idAmb=120&idsttem=6
TIMEOUT https://osm.org/browse/way/812828473 http://www.ipac.regione.fvg.it/aspx/ViewProspIntermedia.aspx?idScheda=6&tsk=PG
TIMEOUT https://osm.org/browse/way/743820501 http://www.ipac.regione.fvg.it/aspx/ViewProspIntermedia.aspx?idScheda=61&tsk=PG
TIMEOUT https://osm.org/browse/node/7592111401 http://www.ipac.regione.fvg.it/aspx/ViewProspIntermedia.aspx?idScheda=64&tsk=PG
TIMEOUT https://osm.org/browse/way/812513534 http://www.ipac.regione.fvg.it/aspx/ViewProspIntermedia.aspx?idScheda=8&tsk=PG&tp=vRAP&idAmb=120&idsttem=6
TIMEOUT https://osm.org/browse/way/26572774 http://www.ipac.regione.fvg.it/aspx/ViewProspIntermedia.aspx?idScheda=9&tsk=PG&tp=vRAP&idAmb=120&idsttem=6
REDIRECTION_(300…399) 301 https://osm.org/browse/way/178464062 http://www.planes.cz/en/photo/1128528/se210-caravelle-6n-i-dabm-alitalia-aza-az-off-airport/ → http://www.planes.cz/en/photo/1128528/se210-caravelle-6n-i-dabm-alitalia-aza-az-off-airport
SUCCESS_(200…299) 200 https://osm.org/browse/node/8665445448 https://antennistatrieste.com/
SUCCESS_(200…299) 200 https://osm.org/browse/node/7430682999 https://catastogrotte.regione.fvg.it/scheda/1076-Grotta_Risorgiva_di_Star_Cedat
SUCCESS_(200…299) 200 https://osm.org/browse/node/7430725716 https://catastogrotte.regione.fvg.it/scheda/1113-Grotta_del_Cane
SUCCESS_(200…299) 200 https://osm.org/browse/node/7431070500 https://catastogrotte.regione.fvg.it/scheda/13-Grotta_Doviza
SUCCESS_(200…299) 200 https://osm.org/browse/node/7435073499 https://catastogrotte.regione.fvg.it/scheda/139-Grotta_di_Monteprato
SUCCESS_(200…299) 200 https://osm.org/browse/node/7430761110 https://catastogrotte.regione.fvg.it/scheda/1607-Grotta_presso_Casera_Glava
SUCCESS_(200…299) 200 https://osm.org/browse/way/28383639 http://www.ipac.regione.fvg.it/aspx/ViewProspIntermedia.aspx?idScheda=93&tsk=PG&tp=vRAP&idAmb=120&idsttem=6
SUCCESS_(200…299) 200 https://osm.org/browse/node/7427500705 https://catastogrotte.regione.fvg.it/scheda/1777-Risorgiva_del_Col_del_Sole
SUCCESS_(200…299) 200 https://osm.org/browse/node/7438887640 https://catastogrotte.regione.fvg.it/scheda/2009-Abisso_Emilio_Comici
SUCCESS_(200…299) 200 https://osm.org/browse/node/7431167508 https://catastogrotte.regione.fvg.it/scheda/2125-Grotta_del_Partigiano
SUCCESS_(200…299) 200 https://osm.org/browse/node/7430964895 https://catastogrotte.regione.fvg.it/scheda/2127-Grotta_di_Cepletischis
SUCCESS_(200…299) 200 https://osm.org/browse/way/151721866 http://www.ipac.regione.fvg.it/aspx/ViewProspIntermedia.aspx?idScheda=98&tsk=PG
SUCCESS_(200…299) 200 https://osm.org/browse/node/7435030839 https://catastogrotte.regione.fvg.it/scheda/257-Grotta_di_Crosis
SUCCESS_(200…299) 200 https://osm.org/browse/node/7434821625 https://catastogrotte.regione.fvg.it/scheda/3195-Grotta_di_Montefosca
SUCCESS_(200…299) 200 https://osm.org/browse/node/7438833578 https://catastogrotte.regione.fvg.it/scheda/2935-Abisso_Carlo_Seppenhofer
TIMEOUT https://osm.org/browse/node/1428296095 http://www.protezionecivile.fvg.it/it/rete-idrometeorologica/pciv-corno-di-rosazzo
SUCCESS_(200…299) 200 https://osm.org/browse/node/7430753958 https://catastogrotte.regione.fvg.it/scheda/3537-Grotta_di_Montemaggiore
SUCCESS_(200…299) 200 https://osm.org/browse/node/7438690584 https://catastogrotte.regione.fvg.it/scheda/3415-Pozzo_1_in_localit_Pot_Lasa
SUCCESS_(200…299) 200 https://osm.org/browse/node/7430837928 https://catastogrotte.regione.fvg.it/scheda/3670-Grotta_sotto_la_Chiesa_di_S._Andrea
SUCCESS_(200…299) 200 https://osm.org/browse/node/7430567436 https://catastogrotte.regione.fvg.it/scheda/3813-Grotticella_Lungo_il_Rio_Sivil
SUCCESS_(200…299) 200 https://osm.org/browse/node/7435001161 https://catastogrotte.regione.fvg.it/scheda/3880-Grotta_in_localit_Podlodinz
SUCCESS_(200…299) 200 https://osm.org/browse/node/7431041836 https://catastogrotte.regione.fvg.it/scheda/3895-Grotta_Egidio_Feruglio
SUCCESS_(200…299) 200 https://osm.org/browse/node/7430503504 https://catastogrotte.regione.fvg.it/scheda/3878-Grotta_1_degli_Stalli_Grignes
SUCCESS_(200…299) 200 https://osm.org/browse/node/7426947129 https://catastogrotte.regione.fvg.it/scheda/3982-Grotta_degli_Stavoli_Pra_di_Steppa
SUCCESS_(200…299) 200 https://osm.org/browse/node/7438886614 https://catastogrotte.regione.fvg.it/scheda/4170-Abisso_a_W_del_Comici
SUCCESS_(200…299) 200 https://osm.org/browse/node/7438874767 https://catastogrotte.regione.fvg.it/scheda/4564-Abisso_P.L.C.C._0101
SUCCESS_(200…299) 200 https://osm.org/browse/node/7438849928 https://catastogrotte.regione.fvg.it/scheda/4766-Complesso_0104-0112
SUCCESS_(200…299) 200 https://osm.org/browse/node/7430885994 https://catastogrotte.regione.fvg.it/scheda/6448-Grotta_dei_Volpacchiotti
SUCCESS_(200…299) 200 https://osm.org/browse/node/7438981763 https://catastogrotte.regione.fvg.it/scheda/5911-Bus_de_Bunny
SUCCESS_(200…299) 200 https://osm.org/browse/node/7446805543 https://catastogrotte.regione.fvg.it/scheda/5430-Grotta_a_N_del_Monte_Ursic
SUCCESS_(200…299) 200 https://osm.org/browse/node/7438767584 https://catastogrotte.regione.fvg.it/scheda/6301-Caverna_dellAcqua
SUCCESS_(200…299) 200 https://osm.org/browse/node/7430607486 https://catastogrotte.regione.fvg.it/scheda/7529-Fessura_presso_Stavoli_Pra_di_Steppa
SUCCESS_(200…299) 200 https://osm.org/browse/node/7427545326 https://catastogrotte.regione.fvg.it/scheda/6460-Grotta_1_sul_Torrente_Cisirili
SUCCESS_(200…299) 200 https://osm.org/browse/node/7430843170 https://catastogrotte.regione.fvg.it/scheda/893-Abisso_a_SW_del_Monte_Matajur
SUCCESS_(200…299) 200 https://osm.org/browse/node/7431153067 https://catastogrotte.regione.fvg.it/scheda/7739-Grotta_Tirfor
CLIENT_ERROR_(400…499) 403 https://osm.org/browse/node/2739044697 https://coinatmradar.com/bitcoin_atm/111/bitcoin-atm-lamassu-udine-gavrilobtc-headquarters/
REDIRECTION_(300…399) 301 https://osm.org/browse/way/1303040648 https://moovitapp.com/index/it/mezzi_pubblici-line-440-Udine_e_Pordenone-2740-882741-25783718-1 → https://moovitapp.com/index/it/mezzi_pubblici-Trieste_e_Gorizia-2182
SUCCESS_(200…299) 200 https://osm.org/browse/node/7686952180 https://upload.wikimedia.org/wikipedia/commons/3/30/Crucis15.jpg
CLIENT_ERROR_(400…499) 404 https://osm.org/browse/node/7426750911 https://catastogrotte.regione.fvg.it/scheda/?var=cavita&cave=1671
SUCCESS_(200…299) 200 https://osm.org/browse/way/36686411 https://upload.wikimedia.org/wikipedia/commons/7/77/0682-_Remanzacco_-_Santo_Stefano.jpg
REDIRECTION_(300…399) 301 https://osm.org/browse/node/2975045849 https://cercalatuascuola.istruzione.it/cercalatuascuola/istituti/UDEE819039/luigi-bevilacqua-flaibano/ → https://unica.istruzione.gov.it/cercalatuascuola/istituti/UDEE819039/luigi-bevilacqua-flaibano/
REDIRECTION_(300…399) 301 https://osm.org/browse/relation/2660295 https://www.comunesanmichele.it/flex/cm/pages/ServeBLOB.php/L/IT/IDPagina/2476 → https://www.comune.sanmichelealtagliamento.ve.it/flex/cm/pages/ServeBLOB.php/L/IT/IDPagina/2476
REDIRECTION_(300…399) 301 https://osm.org/browse/way/36159706 https://organizzazione.cai.it/sez-val-natisone/baita-cai-val-natisone/ → https://organizzazione.cai.it/sez-val-natisone/attivita/baita-cai-val-natisone/
SUCCESS_(200…299) 200 https://osm.org/browse/way/627568926 https://verdepubblico.comune.trieste.it/giardini-attrezzati/giardino-di-via-boccaccio/
MISSING_URI_SCHEME https://osm.org/browse/relation/9458840 neveland.it
MISSING_URI_SCHEME https://osm.org/browse/relation/13921837 https://osm.org/browse/relation/18074070 www.montanevie.it
REDIRECTION_(300…399) 302 https://osm.org/browse/way/83509422 https://www.facebook.com/OASI-Felina-trieste-538073536217017/info/?tab=page_info → https://www.facebook.com/about/?tab=page_info
SUCCESS_(200…299) 200 https://osm.org/browse/relation/16284554 https://www.archeocartafvg.it/portfolio-articoli/verzegnis-ud-colle-mazeit-un-insediamento-pluristratificato/
SUCCESS_(200…299) 200 https://osm.org/browse/node/6126324029 https://www.gianttrees.org/it/alberi-giganti/il-castagno-di-canalaz
