MISSING_URI_SCHEME  <meta http-equiv="content-type" content="text/html
MISSING_URI_SCHEME  <title>OSM3S Response</title>
MISSING_URI_SCHEME  charset=utf-8" lang="en"/>
MISSING_URI_SCHEME  <!DOCTYPE html PUBLIC "-//W3C//DTD XHTML 1.0 Strict//EN
MISSING_URI_SCHEME  </body>
MISSING_URI_SCHEME  </head>
MISSING_URI_SCHEME  </html>
MISSING_URI_SCHEME  <body>
MISSING_URI_SCHEME  <head>
MISSING_URI_SCHEME  <html xmlns="http://www.w3.org/1999/xhtml" xml:lang="en" lang="en">
MISSING_URI_SCHEME  <p><strong style="color:#FF0000">Error</strong>: runtime error: open64: 0 Success /osm3s_osm_base Dispatcher_Client::request_read_and_idx::timeout. The server is probably too busy to handle your request. </p>
MISSING_URI_SCHEME  <p>The data included in this document is from www.openstreetmap.org. The data is made available under ODbL.</p>
MISSING_URI_SCHEME https://osm.org/browse/way/160954511 hotelpixunte.com
CLIENT_ERROR_(400…499) 405 https://osm.org/browse/node/4469650706 http://portadonicaravello.com/homeit.html
CLIENT_ERROR_(400…499) 403  http://www.w3.org/TR/xhtml1/DTD/xhtml1-strict.dtd">
COULD_NOT_RESOLVE_HOST https://osm.org/browse/way/227481094 http://caudinia.altervista.org/forchia1.htm
REDIRECTION_(300…399) 301 https://osm.org/browse/way/997977627 http://www.agriturismoziocristoforo.com/ → https://www.agriturismoziocristoforo.com/
SUCCESS_(200…299) 200 https://osm.org/browse/way/733643615 http://web.archive.org/web/20210403120316/https://www.ilgiuglianese.it/cappella-dei-santi-filippo-e-giacomo-a-giugliano-conosciuta-come-cappella-dei-morti/
REDIRECTION_(300…399) 301 https://osm.org/browse/node/12358651048 http://www.casadelloscugnizzo.it → https://www.casadelloscugnizzo.it/
REDIRECTION_(300…399) 301 https://osm.org/browse/node/3077534880 http://www.casthotels.com/baiadellesirene.html → https://www.casthotels.com/baiadellesirene.html
REDIRECTION_(300…399) 301 https://osm.org/browse/way/174047981 http://www.cittadellascienza.it/ → https://www.cittadellascienza.it/
REDIRECTION_(300…399) 301 https://osm.org/browse/node/10124076508 http://www.distilleriearagonesi.com/ → https://www.distilleriearagonesi.com/
REDIRECTION_(300…399) 301 https://osm.org/browse/node/3079079309 http://www.casacigliano.it/ → https://www.casacigliano.it/
FAILED_TO_CONNECT_TO_HOST https://osm.org/browse/node/9306631595 https://osm.org/browse/way/360022936 http://www.comune.giugliano.na.it/index.php/servizi/informazioni-sulla-raccolta-rifiuti/item/96-informazioni-sulla-raccolta-dei-rifiuti
SUCCESS_(200…299) 200 https://osm.org/browse/node/3078242116 http://www.gabbianobeach.net/
REDIRECTION_(300…399) 301 https://osm.org/browse/way/380467603 http://www.hotelcapodichino.it/ → https://www.hotelcapodichino.it/
REDIRECTION_(300…399) 301 https://osm.org/browse/node/897305670 http://www.hotelpalaceonline.it → https://www.hotelpalaceonline.it/
COULD_NOT_RESOLVE_HOST https://osm.org/browse/way/297582955 http://www.ischia-fewo.com/
REDIRECTION_(300…399) 301 https://osm.org/browse/node/3078242118 http://www.hotelrivadelsoleischia.it/ → https://www.hotelrivadelsoleischia.it/
SUCCESS_(200…299) 200 https://osm.org/browse/way/570296942 http://www.bottegacellito.it
SUCCESS_(200…299) 200 https://osm.org/browse/node/1692455244 http://www.hotelcavadellisola.it/
REDIRECTION_(300…399) 301 https://osm.org/browse/node/1892958672 http://www.lanticocortile.it/ → https://www.lanticocortile.it/
REDIRECTION_(300…399) 301 https://osm.org/browse/node/11200954425 http://www.lastminutestore.info/ → https://lastminutestore.info/
SUCCESS_(200…299) 200 https://osm.org/browse/node/11200953324 http://www.latavolozzapositano.it/
REDIRECTION_(300…399) 301 https://osm.org/browse/node/897180728 http://www.mcpiccadilly.com → https://www.mcpiccadilly.com/
SUCCESS_(200…299) 200 https://osm.org/browse/node/5469967821 http://www.limoncellodinapoli.it/
SUCCESS_(200…299) 200 https://osm.org/browse/node/1692455246 http://www.ristorantelacapanna.com/
SUCCESS_(200…299) 200 https://osm.org/browse/node/12271997505 http://www.residencevillatina.it/
SUCCESS_(200…299) 200 https://osm.org/browse/way/1381719045 http://www.parchicommercialialice.it/i-parchi-commerciali-alice
REDIRECTION_(300…399) 301 https://osm.org/browse/way/302370309 http://www.santafortunata.com → https://www.santafortunata.com/
TIMEOUT https://osm.org/browse/way/79268408 http://www.szn.it
TIMEOUT https://osm.org/browse/node/4309168118 http://www.szn.it/index.php/it/acquario/la-storia
COULD_NOT_RESOLVE_HOST https://osm.org/browse/way/231428756 http://www.torreorsini.it/
COULD_NOT_RESOLVE_HOST https://osm.org/browse/node/3077486498 http://www.trattoriaterradelfuoco.it
TIMEOUT https://osm.org/browse/node/4309168120 http://www.szn.it/index.php/it/ricerca/infrastrutture-di-ricerca-per-le-risorse-biologiche-marine/unita-museo-archivio-biblioteca-mab/
TIMEOUT https://osm.org/browse/node/4309168119 http://www.szn.it/index.php/it/ricerca/infrastrutture-di-ricerca-per-le-risorse-biologiche-marine/unita-museo-archivio-biblioteca-mab/biblioteca
COULD_NOT_RESOLVE_HOST https://osm.org/browse/node/4033063953 http://www.vacanzeforiapalinuro.it
SUCCESS_(200…299) 200 https://osm.org/browse/node/9949729706 http://www.villacatie.it/
REDIRECTION_(300…399) 301 https://osm.org/browse/node/10816209337 https://airbnb.com/h/zefirocasavacanza → https://www.airbnb.com/h/zefirocasavacanza
SUCCESS_(200…299) 200 https://osm.org/browse/node/9799025842 http://www.treesmusicstudio.it/
REDIRECTION_(300…399) 301 https://osm.org/browse/node/9962513225 http://www.villabellavista.it/ → https://www.villabellavista.it/
SUCCESS_(200…299) 200 https://osm.org/browse/relation/17760420 https://osm.org/browse/relation/17782266 https://osm.org/browse/relation/17784877 https://osm.org/browse/relation/17785838 https://appenninobiketour.com/percorso/
SUCCESS_(200…299) 200 https://osm.org/browse/node/12791848349 https://depros.it/
SUCCESS_(200…299) 200 https://osm.org/browse/node/10863745209 https://colonnese.it/content/6-libreria-colonnese
CLIENT_ERROR_(400…499) 405 https://osm.org/browse/node/10860644944 https://instaviaggi.it
SUCCESS_(200…299) 200 https://osm.org/browse/node/10973765686 https://it.wikipedia.org/wiki/Ipogeo_dei_Cristallini
SUCCESS_(200…299) 200 https://osm.org/browse/node/12834732833 https://annabelmattino.com/
SUCCESS_(200…299) 200 https://osm.org/browse/relation/8110890 https://laviasilente.it/content/
REDIRECTION_(300…399) 302 https://osm.org/browse/node/9835776085 https://m.facebook.com/PizzeriaTriventoPalinuro/ → https://m.facebook.com/login.php?next=https%3A%2F%2Fm.facebook.com%2FPizzeriaTriventoPalinuro%2F&refsrc=deprecated&_rdr
SUCCESS_(200…299) 200 https://osm.org/browse/node/12834579217 https://lmntrixdj1999.wixsite.com/president
SUCCESS_(200…299) 200 https://osm.org/browse/node/12265757175 https://mutecampania.it
SUCCESS_(200…299) 200 https://osm.org/browse/node/11770744718 https://nutrizionistacaserta.weebly.com/
CLIENT_ERROR_(400…499) 404 https://osm.org/browse/way/1021640138 https://fratellilabufala.com/menu-inverno-2021-a/
INFORMATION_(100…199) 103 https://osm.org/browse/node/12498361618 https://nxsgrowshop.com
SUCCESS_(200…299) 200 https://osm.org/browse/node/12111213124 https://lapampanini.it
CLIENT_ERROR_(400…499) 404 https://osm.org/browse/way/188278613 https://retemuseale.provincia.benevento.it/complesso-monumentale-di-santilario
SUCCESS_(200…299) 200 https://osm.org/browse/way/1340342349 https://parrocchiadisanbenedetto.it/
SUCCESS_(200…299) 200 https://osm.org/browse/node/11825802759 https://siciliabedda.webnode.it/
SUCCESS_(200…299) 200 https://osm.org/browse/node/12192809158 https://spaziotra.xyz
SUCCESS_(200…299) 200 https://osm.org/browse/way/1035344762 https://storienapoli.it/2022/02/25/mausoleo-di-pianura-romano/
SUCCESS_(200…299) 200 https://osm.org/browse/node/5851835229 https://salernobunker.facomgas.it/
CLIENT_ERROR_(400…499) 405 https://osm.org/browse/way/749285010 https://villaflore.it
SUCCESS_(200…299) 200 https://osm.org/browse/node/9962100546 https://villadellesirene.com/
REDIRECTION_(300…399) 301 https://osm.org/browse/node/6943713455 https://maschioangioinosuite-it.3dcartstores.com → https://maschioangioinosuite.it
SUCCESS_(200…299) 200 https://osm.org/browse/way/287539256 https://supermercatideco.multicedi.it/
SUCCESS_(200…299) 200 https://osm.org/browse/node/12296849341 https://www.ajrentnapoli.it/en
CLIENT_ERROR_(400…499) 404 https://osm.org/browse/node/6943713452 https://www.bbskyhouse.com/bevel
FAILED_TO_CONNECT_TO_HOST https://osm.org/browse/node/7175603435 https://www.bellillo.it
REDIRECTION_(300…399) 302 https://osm.org/browse/node/10931215000 https://www.cantinedellaverno.it → https://www.cantinedellaverno.it/it/
SUCCESS_(200…299) 200 https://osm.org/browse/way/420554014 https://www.casamonetacapri.com/
SUCCESS_(200…299) 200 https://osm.org/browse/way/320200930 https://www.centrocommercialepegaso.it/
SUCCESS_(200…299) 200 https://osm.org/browse/node/12827754403 https://www.arrediamoci.com/
SUCCESS_(200…299) 200 https://osm.org/browse/node/10966288391 https://www.collinedizenone.com
SUCCESS_(200…299) 200 https://osm.org/browse/node/9943317291 https://www.beltempio.it
CLIENT_ERROR_(400…499) 404 https://osm.org/browse/way/1353651229 https://www.comune.carinaro.ce.it/it-it/linea-diretta/scrivici
REDIRECTION_(300…399) 301 https://osm.org/browse/node/12085980817 https://www.cispi.it → https://cispi.it/
CLIENT_ERROR_(400…499) 404 https://osm.org/browse/way/1427078648 https://www.comune.tufo.av.it
PEER_CERTIFICATE_FROM_UNKNOWN_CA_CERTIFICATES https://osm.org/browse/node/12824573325 https://www.coseidea.it/
REDIRECTION_(300…399) 301 https://osm.org/browse/way/1025270923 https://www.fondazionefs.it/content/fondazionefs/it/esplora-il-museo/visita-pietrarsa.html → https://www.fondazionefs.it/it/esplora-il-museo/visita-pietrarsa.html
SUCCESS_(200…299) 200 https://osm.org/browse/way/259069014 https://www.chiesasoccavo.org/
SUCCESS_(200…299) 200 https://osm.org/browse/node/12221773632 https://www.galluccicisternadellolio.it
SUCCESS_(200…299) 200 https://osm.org/browse/node/11752991314 https://www.egenergy.it/
SUCCESS_(200…299) 200 https://osm.org/browse/node/12346842152 https://www.gargiuloinlaid.it/it/
REDIRECTION_(300…399) 301 https://osm.org/browse/way/170920731 https://www.giardiniposeidonterme.com/ → https://giardiniposeidonterme.com/
SUCCESS_(200…299) 200 https://osm.org/browse/node/3078242117 https://www.hotelcitara.it/
SUCCESS_(200…299) 200 https://osm.org/browse/node/8757448479 https://www.infoserv.biz
SUCCESS_(200…299) 200 https://osm.org/browse/way/414221329 https://www.giardinoliberato.org/
SUCCESS_(200…299) 200 https://osm.org/browse/node/1879132315 https://www.figaroburgerhouse.it/
SUCCESS_(200…299) 200 https://osm.org/browse/node/10905242126 https://www.lagemmabnb.it/
SUCCESS_(200…299) 200 https://osm.org/browse/way/259069370 https://www.lasalettenapoli.it/
SUCCESS_(200…299) 200 https://osm.org/browse/node/12061989737 https://www.lasaponaria.it/biostorie-battipaglia
SUCCESS_(200…299) 200 https://osm.org/browse/node/12827764759 https://www.lovestop.it/
SUCCESS_(200…299) 200 https://osm.org/browse/way/312823675 https://www.lautotamigi.it/
CLIENT_ERROR_(400…499) 404 https://osm.org/browse/node/12286132176 https://www.mazzamaurielle.com/vomero
REDIRECTION_(300…399) 302 https://osm.org/browse/way/1324177310 https://www.mezzatorre.com/ → https://www.pellicanohotels.com/en/hotels/mezzatorre-hotel-e-thermal-spa/
REDIRECTION_(300…399) 301 https://osm.org/browse/way/245594801 https://www.negombo.it/ → https://negombo.it/
SUCCESS_(200…299) 200 https://osm.org/browse/way/1323904669 https://www.nitrodi.com/
SUCCESS_(200…299) 200 https://osm.org/browse/way/1069157099 https://www.olattariello.com
CLIENT_ERROR_(400…499) 403 https://osm.org/browse/node/5235202021 https://www.osteriadacarmela.it/
SUCCESS_(200…299) 200 https://osm.org/browse/node/253783845 https://www.pasticceriageneroso.it
SUCCESS_(200…299) 200 https://osm.org/browse/node/12806771422 https://www.iocistolibreria.it/
REDIRECTION_(300…399) 301 https://osm.org/browse/node/10946126923 https://www.pizzerierricoporzio.it → https://pizzerierricoporzio.it/
SUCCESS_(200…299) 200 https://osm.org/browse/way/417834740 https://www.paradisesportingvillage.com/
SUCCESS_(200…299) 200 https://osm.org/browse/way/1384056894 https://www.rinaldo.it/
SUCCESS_(200…299) 200 https://osm.org/browse/node/2229877668 https://www.royalpalm.it/
SUCCESS_(200…299) 200 https://osm.org/browse/node/7944774684 https://www.quidstore.it
SUCCESS_(200…299) 200 https://osm.org/browse/node/6879579147 https://www.stellehotel.com/binario-calmo.asp
SUCCESS_(200…299) 200 https://osm.org/browse/node/3077486456 https://www.sorrisoresort.it/
SUCCESS_(200…299) 200 https://osm.org/browse/node/12811290036 https://www.supermercatipiccolo.it/index.php/punti-vendita
SUCCESS_(200…299) 200 https://osm.org/browse/way/203584104 https://www.talentocash.com/punti-vendita/avellino/
SUCCESS_(200…299) 200 https://osm.org/browse/node/12051173843 https://www.teamlucaparrucchieri.it/
TIMEOUT https://osm.org/browse/node/12259617706 https://www.librerianeapolis.it
SUCCESS_(200…299) 200 https://osm.org/browse/way/1394480691 https://www.villapuntapennata.it
COULD_NOT_RESOLVE_HOST https://osm.org/browse/node/9835776084 https://www.villarosada.net/
SUCCESS_(200…299) 200 https://osm.org/browse/node/12115185660 https://www.teresapaparella.it/menu/
MISSING_URI_SCHEME https://osm.org/browse/node/10775214422 nexusinformatica.org
MISSING_URI_SCHEME https://osm.org/browse/node/11123045897 www.giuliomartino.it
MISSING_URI_SCHEME https://osm.org/browse/node/4470213603 www.leopoldoricevimenti.it
MISSING_URI_SCHEME https://osm.org/browse/node/68581547 https://osm.org/browse/relation/40658 www.ravello.com
MISSING_URI_SCHEME https://osm.org/browse/way/215320284 www.ravino.it
MISSING_URI_SCHEME https://osm.org/browse/node/8346948239 www.scuolagramscimpastato.edu.it
MISSING_URI_SCHEME https://osm.org/browse/way/424377361 www.sorelledeluca.com
MISSING_URI_SCHEME https://osm.org/browse/node/12273347981 www.vincenzoberretti.it
SUCCESS_(200…299) 200 https://osm.org/browse/node/12814049964 https://www.truecontact.it/
SUCCESS_(200…299) 200 https://osm.org/browse/node/12271937767 https://www.white1903.it/
SUCCESS_(200…299) 200 https://osm.org/browse/node/12271997442 https://www.villaidaforio.it/
