MISSING_URI_SCHEME  <meta http-equiv="content-type" content="text/html
MISSING_URI_SCHEME  <title>OSM3S Response</title>
MISSING_URI_SCHEME  charset=utf-8" lang="en"/>
MISSING_URI_SCHEME  <!DOCTYPE html PUBLIC "-//W3C//DTD XHTML 1.0 Strict//EN
MISSING_URI_SCHEME  </body>
MISSING_URI_SCHEME  </head>
MISSING_URI_SCHEME  </html>
MISSING_URI_SCHEME  <body>
MISSING_URI_SCHEME  <head>
MISSING_URI_SCHEME  <html xmlns="http://www.w3.org/1999/xhtml" xml:lang="en" lang="en">
MISSING_URI_SCHEME  <p><strong style="color:#FF0000">Error</strong>: runtime error: open64: 0 Success /osm3s_osm_base Dispatcher_Client::request_read_and_idx::timeout. The server is probably too busy to handle your request. </p>
MISSING_URI_SCHEME  <p>The data included in this document is from www.openstreetmap.org. The data is made available under ODbL.</p>
CLIENT_ERROR_(400…499) 400  http://www.w3.org/TR/xhtml1/DTD/xhtml1-strict.dtd">
COULD_NOT_RESOLVE_HOST https://osm.org/browse/way/1076684944 http://www.lidolalampara-termoli.it/
SAME_DOMAIN_REDIRECTION_(300…399) 302 https://osm.org/browse/way/451040903 http://www.villaggioazzurra.it/ → /it/
SUCCESS_(200…299) 200 https://osm.org/browse/node/13340059807 https://comune.pescopennataro.is.it/
CLIENT_ERROR_(400…499) 404 https://osm.org/browse/relation/17760420 https://osm.org/browse/relation/17782266 https://appenninobiketour.com/percorso/
SUCCESS_(200…299) 200 https://osm.org/browse/way/1076684935 https://ildelfino.wordpress.com/
REDIRECTION_(300…399) 301 https://osm.org/browse/way/1076684938 http://www.lidosirene.it/ → https://www.lidosirene.it/
SUCCESS_(200…299) 200 https://osm.org/browse/relation/1756297 https://ingiroapiunonposso.it/bosco-degli-abeti-soprani-in-molise/
COULD_NOT_RESOLVE_HOST https://osm.org/browse/way/1077536773 https://lidobalneare.termoli.cb.it/
CLIENT_ERROR_(400…499) 404 https://osm.org/browse/way/1076684940 https://lidolaperlatermoli.business.site/
SUCCESS_(200…299) 200 https://osm.org/browse/way/193450242 https://cultura.gov.it/luogo/parco-archeologico-di-sepino-area-archeologica-di-altilia-saepinum
SUCCESS_(200…299) 200 https://osm.org/browse/node/12115891441 https://gustusristorante.com/
SUCCESS_(200…299) 200 https://osm.org/browse/way/639116664 https://www.lianna.it/
SUCCESS_(200…299) 200 https://osm.org/browse/way/1076684945 https://www.lidomistral.com/
SUCCESS_(200…299) 200 https://osm.org/browse/way/1076684927 https://www.calasveva.it/
SUCCESS_(200…299) 200 https://osm.org/browse/way/261652608 https://www.m2movement.it/
SUCCESS_(200…299) 200 https://osm.org/browse/way/444881071 https://www.maronda.it/
SUCCESS_(200…299) 200 https://osm.org/browse/way/1077536770 https://www.lidolapiovra.com/
SUCCESS_(200…299) 200 https://osm.org/browse/node/10769105353 https://www.museionline.info/musei/museo-di-storia-naturale-della-valle-del-fortore
SUCCESS_(200…299) 200 https://osm.org/browse/node/12841615318 https://www.molisewow.com/borgodellefonti
SUCCESS_(200…299) 200 https://osm.org/browse/way/691090792 https://www.oasidellemainarde.com/
SUCCESS_(200…299) 200 https://osm.org/browse/relation/19917166 https://www.rainews.it/tgr/molise/video/2025/06/viabilita-provinciale-84-alto-molise-strada-collegamenti-955e8c7d-175b-4b56-afe8-e3fcdda4a14c.html
SUCCESS_(200…299) 200 https://osm.org/browse/relation/14635178 https://www.parcoregionaledelmatese.it/
SUCCESS_(200…299) 200 https://osm.org/browse/way/1056651661 https://www.rivazzurrahomes.it
SUCCESS_(200…299) 200 https://osm.org/browse/way/193651509 https://www.parcosepino.it/
SUCCESS_(200…299) 200 https://osm.org/browse/way/261211563 https://www.santamariadellastradacb.it/
SUCCESS_(200…299) 200 https://osm.org/browse/way/561057676 https://www.smeraldocampingvillage.com/
