MISSING_URI_SCHEME  <meta http-equiv="content-type" content="text/html
MISSING_URI_SCHEME  <title>OSM3S Response</title>
MISSING_URI_SCHEME  charset=utf-8" lang="en"/>
MISSING_URI_SCHEME  <!DOCTYPE html PUBLIC "-//W3C//DTD XHTML 1.0 Strict//EN
MISSING_URI_SCHEME  </body>
MISSING_URI_SCHEME  </head>
MISSING_URI_SCHEME  </html>
MISSING_URI_SCHEME  <?xml version="1.0" encoding="UTF-8"?>
MISSING_URI_SCHEME  <body>
MISSING_URI_SCHEME  <head>
MISSING_URI_SCHEME  <html xmlns="http://www.w3.org/1999/xhtml" xml:lang="en" lang="en">
MISSING_URI_SCHEME  <p><strong style="color:#FF0000">Error</strong>: runtime error: open64: 0 Success /osm3s_osm_base Dispatcher_Client::request_read_and_idx::timeout. The server is probably too busy to handle your request. </p>
MISSING_URI_SCHEME  <p>The data included in this document is from www.openstreetmap.org. The data is made available under ODbL.</p>
CLIENT_ERROR_(400…499) 400  http://www.w3.org/TR/xhtml1/DTD/xhtml1-strict.dtd">
REDIRECTION_(300…399) 301 https://osm.org/browse/node/11200928752 http://www.3cpowersrl.com → https://www.3cpowersrl.com/
COULD_NOT_RESOLVE_HOST https://osm.org/browse/way/148789446 http://www.aeroclubbrindisi.it/
REDIRECTION_(300…399) 301 https://osm.org/browse/node/9800237154 http://www.acquariopiu.it → https://www.acquariopiu.it/
SUCCESS_(200…299) 200 https://osm.org/browse/way/1447347856 http://www.agriturismopalese.it/
REDIRECTION_(300…399) 301 https://osm.org/browse/node/538337616 http://www.abbaziadipulsano.org/ → https://www.abbaziadipulsano.org/
REDIRECTION_(300…399) 301 https://osm.org/browse/node/4432190804 http://www.bbtemplari.com → https://www.bbtemplari.com/
SUCCESS_(200…299) 200 https://osm.org/browse/node/11750119900 http://www.brindisieleantichestrade.com/
REDIRECTION_(300…399) 301 https://osm.org/browse/way/1095607002 http://www.bimbolandiaterlizzi.it → https://bimbolandia.pro06.it/
REDIRECTION_(300…399) 301 https://osm.org/browse/way/487368660 http://www.carolihotels.com/bellavista-club/ → https://www.carolihotels.com/bellavista-club/
REDIRECTION_(300…399) 301 https://osm.org/browse/node/5199447007 http://www.cantodellerane.it → https://www.cantodellerane.it/
SUCCESS_(200…299) 200 https://osm.org/browse/way/1175277402 http://www.astronomiacasarano.it/
REDIRECTION_(300…399) 301 https://osm.org/browse/relation/6323267 http://www.castellomonaci.it → https://www.castellomonaci.it/
SUCCESS_(200…299) 200 https://osm.org/browse/node/11114525868 http://www.casadeldisco.it/
REDIRECTION_(300…399) 301 https://osm.org/browse/way/404161253 http://www.casalespisari.it/ → https://www.casalespisari.it/
REDIRECTION_(300…399) 302 https://osm.org/browse/relation/7163382 http://www.cinemateatririuniti.com/italia/ → http://ww25.cinemateatririuniti.com/italia/?subid1=20260105-1152-305b-a720-5e938b4c0744
REDIRECTION_(300…399) 301 https://osm.org/browse/way/424155867 http://www.comune.torricella.ta.it/ → https://www.comune.torricella.ta.it/
REDIRECTION_(300…399) 301 https://osm.org/browse/relation/5724434 http://www.comune.taranto.it/ → https://www.comune.taranto.it:443/
REDIRECTION_(300…399) 301 https://osm.org/browse/node/4799174514 http://www.facula.eu/ → https://sedo.com/search/details/?domain=www.facula.eu&campaignId=329145&origin=sales_lander_15
REDIRECTION_(300…399) 301 https://osm.org/browse/way/1133163627 http://www.hotelfrancesco.it/ → https://www.hotelfrancesco.it/
SUCCESS_(200…299) 200 https://osm.org/browse/way/581809208 http://www.ecomusei.eu/mondilocali/ecomuseo-del-paesaggio-delle-serre-salentine-di-neviano/
COULD_NOT_RESOLVE_HOST https://osm.org/browse/way/488652067 http://www.iissgiannelliparabita.gov.it/
REDIRECTION_(300…399) 301 https://osm.org/browse/way/1178777346 http://www.lestelledimeme.it/ → https://www.lestelledimeme.it/
REDIRECTION_(300…399) 301 https://osm.org/browse/way/531524963 http://www.lidl.it → https://www.lidl.it/
REDIRECTION_(300…399) 301 https://osm.org/browse/way/635944214 http://www.hotelrivabella.it → https://hotelrivabella.it/
SUCCESS_(200…299) 200 https://osm.org/browse/way/487829103 http://www.lidotavernese.it/
SUCCESS_(200…299) 200 https://osm.org/browse/way/403712491 http://www.masserialatorre.it/
SUCCESS_(200…299) 200 https://osm.org/browse/way/405757123 http://www.parrocchiatrasfigurazione.it/
SUCCESS_(200…299) 200 https://osm.org/browse/node/4807243721 http://www.pennettilab.it
TIMEOUT https://osm.org/browse/way/246786944 http://musei.beniculturali.it/musei?mid=879&nome=castello-di-copertino
COULD_NOT_RESOLVE_HOST https://osm.org/browse/way/483498297 http://www.rinascitaagricola.it
SUCCESS_(200…299) 200 https://osm.org/browse/node/3779617236 http://www.palazzogorgoni.it/
SUCCESS_(200…299) 200 https://osm.org/browse/node/11248459226 http://www.salentodarare.it
REDIRECTION_(300…399) 301 https://osm.org/browse/way/92402804 http://www.santuariosanmichele.it/ → https://www.santuariosanmichele.it/
COULD_NOT_RESOLVE_HOST https://osm.org/browse/way/68334157 http://www.scuoladonpappagallo.it/
SUCCESS_(200…299) 200 https://osm.org/browse/way/405757490 http://www.sanleonardoabate.it/
COULD_NOT_RESOLVE_HOST https://osm.org/browse/node/7416303185 http://www.sportivity.net
SUCCESS_(200…299) 200 https://osm.org/browse/node/11360482530 http://www.secasrl.it
REDIRECTION_(300…399) 301 https://osm.org/browse/way/211340871 http://www.teatrotendaduelune.org → https://www.teatrotendaduelune.org/
REDIRECTION_(300…399) 301 https://osm.org/browse/node/6049526625 http://www.vocedipadrepio.com → https://www.vocedipadrepio.com/
REDIRECTION_(300…399) 301 https://osm.org/browse/node/3845885449 http://www.tipicoresort.it → https://www.tipicoresort.it/
TIMEOUT https://osm.org/browse/relation/3536823 http://www.comune.bari.it
SUCCESS_(200…299) 200 https://osm.org/browse/way/421899763 https://anticotrulloulmo.wordpress.com/
SUCCESS_(200…299) 200 https://osm.org/browse/way/425578246 https://bahianegra.it/
SUCCESS_(200…299) 200 https://osm.org/browse/node/13238627809 https://agriturismofasano.it/
SUCCESS_(200…299) 200 https://osm.org/browse/node/13034623733 https://actipur.com/
CLIENT_ERROR_(400…499) 403 https://osm.org/browse/node/9964397323 https://bioster.it/
CLIENT_ERROR_(400…499) 404 https://osm.org/browse/node/9950259522 https://canoci-rosaria.business.site/
SUCCESS_(200…299) 200 https://osm.org/browse/node/11884849968 https://brico-casa.it
REDIRECTION_(300…399) 301 https://osm.org/browse/node/9802692398 https://casalopez.it → https://www.casalopez.it/
SUCCESS_(200…299) 200 https://osm.org/browse/way/1444203479 https://baialombardi.it/
SUCCESS_(200…299) 200 https://osm.org/browse/node/12452918213 https://caseificiogarofalo.it/
SUCCESS_(200…299) 200 https://osm.org/browse/way/686505213 https://despar.com/pdv/maiora-s-r-l-viale-aldo-moro-terlizzi-1121
SUCCESS_(200…299) 200 https://osm.org/browse/relation/17997902 https://diocesiugento.org/
SUCCESS_(200…299) 200 https://osm.org/browse/way/26346040 https://ecogargano.it/
TIMEOUT https://osm.org/browse/node/7417880485 http://www.portasanmicheleaffittacamere.it
SUCCESS_(200…299) 200 https://osm.org/browse/way/409196441 https://flexar.it
SUCCESS_(200…299) 200 https://osm.org/browse/way/993468949 https://osm.org/browse/way/993469066 https://euro92.it/
SUCCESS_(200…299) 200 https://osm.org/browse/node/13053108772 https://fioreviaggi.com/
SUCCESS_(200…299) 200 https://osm.org/browse/node/5940746886 https://grottadeicervi.wordpress.com/
COULD_NOT_RESOLVE_HOST https://osm.org/browse/way/434376199 https://gattobiancocasalabate.it/
SUCCESS_(200…299) 200 https://osm.org/browse/way/299999568 https://fondoambiente.it/luoghi/abbazia-di-santa-maria-di-cerrate
SUCCESS_(200…299) 200 https://osm.org/browse/way/769416558 https://osm.org/browse/way/769424574 https://iccavallino.edu.it/
CLIENT_ERROR_(400…499) 410 https://osm.org/browse/way/1069959940 https://iissvoltadegemmis.edu.it/
REDIRECTION_(300…399) 301 https://osm.org/browse/node/7836994387 https://infolecce.it → https://www.infolecce.it/
SUCCESS_(200…299) 200 https://osm.org/browse/node/7237537986 https://le-ko.it/
REDIRECTION_(300…399) 301 https://osm.org/browse/node/6510804213 https://ilsentierodellangelo.it/ → https://www.ilsentierodellangelo.it/
SUCCESS_(200…299) 200 https://osm.org/browse/node/26859484 https://lediomedee.it/
SUCCESS_(200…299) 200 https://osm.org/browse/way/420406610 https://linktr.ee/amenil
SUCCESS_(200…299) 200 https://osm.org/browse/node/5300942194 https://linktr.ee/Vinicio_Bitonto
REDIRECTION_(300…399) 302 https://osm.org/browse/node/7889613121 https://m.facebook.com/Bar-Castello-609947772372214/ → https://m.facebook.com/login.php?next=https%3A%2F%2Fm.facebook.com%2FBar-Castello-609947772372214%2F&refsrc=deprecated&_rdr
REDIRECTION_(300…399) 302 https://osm.org/browse/node/9950259525 https://m.facebook.com/Barstefanelli/ → https://m.facebook.com/login.php?next=https%3A%2F%2Fm.facebook.com%2FBarstefanelli%2F&refsrc=deprecated&_rdr
REDIRECTION_(300…399) 302 https://osm.org/browse/node/9897874374 https://m.facebook.com/infopointGrottaglie → https://m.facebook.com/login.php?next=https%3A%2F%2Fm.facebook.com%2FinfopointGrottaglie&refsrc=deprecated&_rdr
CLIENT_ERROR_(400…499) 404 https://osm.org/browse/node/11249042809 https://madi-pizzeria.business.site/
SUCCESS_(200…299) 200 https://osm.org/browse/node/13027417094 https://morganschoolterlizzi.it
REDIRECTION_(300…399) 301 https://osm.org/browse/way/425834846 https://museobiologiamarina.unisalento.it → https://www.unisalento.it/musei/museo-di-biologia-marina
SUCCESS_(200…299) 200 https://osm.org/browse/way/298867779 https://linktr.ee/monkeyclub.lecce
SUCCESS_(200…299) 200 https://osm.org/browse/node/9981560245 https://norcineriailsimposio.eatbu.com/?lang=it
FAILED_TO_CONNECT_TO_HOST https://osm.org/browse/node/7237208692 https://oasigt.oneminutesite.it/
SUCCESS_(200…299) 200 https://osm.org/browse/node/11407209641 https://paolocasolo.com/
SUCCESS_(200…299) 200 https://osm.org/browse/node/6472575820 https://museotancredi.it/
TIMEOUT https://osm.org/browse/node/12706282665 https://fratelligourmet.it/
COULD_NOT_RESOLVE_HOST https://osm.org/browse/node/10694687770 https://pizzerialatorregalatina.it
PEER_CERTIFICATE_FROM_UNKNOWN_CA_CERTIFICATES https://osm.org/browse/node/347426173 https://pinacoteca.comune.terlizzi.ba.it
CLIENT_ERROR_(400…499) 403 https://osm.org/browse/node/12151379498 https://regina-botter.jimdosite.com/
TIMEOUT https://osm.org/browse/node/12994461420 https://humusnature.it/
REDIRECTION_(300…399) 301 https://osm.org/browse/node/4101133934 https://salinamargheritadisavoia.it/ → https://www.salinamargheritadisavoia.it/
REDIRECTION_(300…399) 301 https://osm.org/browse/way/423048420 https://riservaboscopianelle.it/ → http://riservaboscopianelle.it/wp/
CLIENT_ERROR_(400…499) 404 https://osm.org/browse/node/2361341097 https://scuolarcobaleno.business.site
SUCCESS_(200…299) 200 https://osm.org/browse/way/406310589 https://regiohotel.it/
SUCCESS_(200…299) 200 https://osm.org/browse/node/10011077804 https://pubblimediaterlizzi.it/
SUCCESS_(200…299) 200 https://osm.org/browse/way/1212951225 https://services.brt.it/it/filiale/lecce-sud
REDIRECTION_(300…399) 301 https://osm.org/browse/node/7837345885 https://spinelcaffe.it → https://www.spinelcaffe.it/
SUCCESS_(200…299) 200 https://osm.org/browse/way/1444203480 https://spiaggialunga.it/camping-a-vieste/
SUCCESS_(200…299) 200 https://osm.org/browse/way/520574027 https://osm.org/browse/relation/11103072 https://torrepozzelle.com/
SUCCESS_(200…299) 200 https://osm.org/browse/node/12501156777 https://therapia.it/
SUCCESS_(200…299) 200 https://osm.org/browse/node/9835604512 https://sanmarzano.wine/
SUCCESS_(200…299) 200 https://osm.org/browse/way/1306514335 https://sostacampersole.it/
SUCCESS_(200…299) 200 https://osm.org/browse/way/1306139756 https://viestemarina.com/
SUCCESS_(200…299) 200 https://osm.org/browse/way/1413222933 https://villaggiomanacore.it/
SUCCESS_(200…299) 200 https://osm.org/browse/node/10028317444 https://web.archive.org/web/20130806065950/http://www.ba.itc.cnr.it/TRL/TRL0044.html
SUCCESS_(200…299) 200 https://osm.org/browse/way/424560783 https://www.acquaesapone.it/?gclid=CjwKCAjwwdWVBhA4EiwAjcYJEL6pG2Y5BH8-Pg7z7HEMvVr-uDn-dDHcPOjl8w78Ige8y_a6eFQoRBoCL7AQAvD_BwE
COULD_NOT_RESOLVE_HOST https://osm.org/browse/way/999975302 https://www.agrisafrapuglia.com/
SUCCESS_(200…299) 200 https://osm.org/browse/way/504583440 https://osm.org/browse/way/531086175 https://osm.org/browse/way/1446516361 https://villaggioarizona.com/
SUCCESS_(200…299) 200 https://osm.org/browse/node/4838564523 https://www.altrabucco.com/
SUCCESS_(200…299) 200 https://osm.org/browse/way/1327455277 https://www.agricampeggiomalapezza.it/
SUCCESS_(200…299) 200 https://osm.org/browse/node/11513656728 https://uomodialtamura.it/Centro-Lamalunga/3
SUCCESS_(200…299) 200 https://osm.org/browse/way/403740150 https://www.antonio-augusto.com/
SUCCESS_(200…299) 200 https://osm.org/browse/node/8865674564 https://www.animaecuore.it
SUCCESS_(200…299) 200 https://osm.org/browse/way/406683983 https://www.albergoilgiardino.com/
SERVER_ERROR_(500…599) 500 https://osm.org/browse/way/590238364 https://www.bagno27.com/
SUCCESS_(200…299) 200 https://osm.org/browse/way/340087182 https://www.antimoristorante.com/
SUCCESS_(200…299) 200 https://osm.org/browse/node/10004261976 https://www.archimodestudiostore.com/
REDIRECTION_(300…399) 301 https://osm.org/browse/relation/11278322 https://www.baiadelmonaco.it/ → https://www.baiadelmonaco.it/it/index.html
SUCCESS_(200…299) 200 https://osm.org/browse/way/510762995 https://www.baiadicampi.it/
SUCCESS_(200…299) 200 https://osm.org/browse/node/13418599804 https://www.cafcisl.it
SUCCESS_(200…299) 200 https://osm.org/browse/way/1207391005 https://www.borgorossoterra.com/
SUCCESS_(200…299) 200 https://osm.org/browse/node/9118748463 https://www.automaticasoftware.it
SUCCESS_(200…299) 200 https://osm.org/browse/way/504584433 https://osm.org/browse/way/533418810 https://www.campingadriatico.it/
SUCCESS_(200…299) 200 https://osm.org/browse/way/1447078606 https://www.campingboscoselva.it/
SUCCESS_(200…299) 200 https://osm.org/browse/way/417998216 https://www.baritours.it
COULD_NOT_RESOLVE_HOST https://osm.org/browse/node/11200942458 https://www.caseinvenditapeschici.it
REDIRECTION_(300…399) 301 https://osm.org/browse/relation/11103073 https://www.caladeiginepri.com/ → https://www.caladeiginepri.com/it/
SSL_CONNECT_ERROR https://osm.org/browse/node/10004261978 https://www.cittacivile.it
SUCCESS_(200…299) 200 https://osm.org/browse/way/1422511641 https://www.centrovacanzeoriente.it/
SUCCESS_(200…299) 200 https://osm.org/browse/node/11076679870 https://www.cittadelsole.it/companies/view/alberobello
SUCCESS_(200…299) 200 https://osm.org/browse/way/1446516355 https://osm.org/browse/way/1446516356 https://www.casa-vacanze-vieste-sunlove.it/
SUCCESS_(200…299) 200 https://osm.org/browse/way/1080298824 https://www.clarcap.it/dove-siamo/monasteri/
SUCCESS_(200…299) 200 https://osm.org/browse/way/1178294683 https://www.comprensivoparabita.edu.it/
SUCCESS_(200…299) 200 https://osm.org/browse/way/407428805 https://www.comune.barletta.bt.it/
SUCCESS_(200…299) 200 https://osm.org/browse/way/380851478 https://www.comprensivosylos.edu.it/
PEER_CERTIFICATE_FROM_UNKNOWN_CA_CERTIFICATES https://osm.org/browse/node/305000300 https://www.comune.terlizzi.ba.it
SUCCESS_(200…299) 200 https://osm.org/browse/way/421384489 https://www.comune.torchiarolo.br.it/
SUCCESS_(200…299) 200 https://osm.org/browse/node/3682522074 https://www.conservatoriofoggia.it/
SUCCESS_(200…299) 200 https://osm.org/browse/way/297194064 https://www.comune.cavallino.le.it/
SUCCESS_(200…299) 200 https://osm.org/browse/node/12469810252 https://www.corvotorvo.it/
REDIRECTION_(300…399) 302 https://osm.org/browse/node/5003035800 https://osm.org/browse/relation/4041429 https://www.conventosantuariopadrepio.it/ → https://www.conventosantuariopadrepio.it/it.html
CLIENT_ERROR_(400…499) 403 https://osm.org/browse/node/11176657016 https://www.crigrottaglie.it/
SUCCESS_(200…299) 200 https://osm.org/browse/node/9802730965 https://www.daeventpuglia.it/
SUCCESS_(200…299) 200 https://osm.org/browse/node/11380111135 https://www.dalbacostruzioni.it/
TIMEOUT https://osm.org/browse/way/424451299 https://www.carabinieri.it/
SUCCESS_(200…299) 200 https://osm.org/browse/relation/17997733 https://www.diocesibrindisiostuni.it/
SUCCESS_(200…299) 200 https://osm.org/browse/node/11108033584 https://www.dantedivinoconvivio.com/
SUCCESS_(200…299) 200 https://osm.org/browse/relation/15341788 https://www.diocesimanfredonia.it/
SUCCESS_(200…299) 200 https://osm.org/browse/relation/18005639 https://www.diocesifoggiabovino.it/
SUCCESS_(200…299) 200 https://osm.org/browse/way/1388799770 https://www.divatende.com/
SUCCESS_(200…299) 200 https://osm.org/browse/relation/18006059 https://www.diocesisansevero.it/
PEER_CERTIFICATE_FROM_UNKNOWN_CA_CERTIFICATES https://osm.org/browse/way/1218435563 https://www.dolmensportresort.it/
SUCCESS_(200…299) 200 https://osm.org/browse/way/510320327 https://osm.org/browse/way/531083086 https://www.edenbluvieste.it/
REDIRECTION_(300…399) 301 https://osm.org/browse/relation/17997487 https://www.diocesinardogallipoli.it/ → https://diocesinardogallipoli.it/
SUCCESS_(200…299) 200 https://osm.org/browse/relation/18005004 https://www.diocesiotranto.it/
SUCCESS_(200…299) 200 https://osm.org/browse/node/9964397322 https://www.doriagioielli.it
SUCCESS_(200…299) 200 https://osm.org/browse/node/12150451998 https://www.edorestaurant.it/
SUCCESS_(200…299) 200 https://osm.org/browse/node/12150453317 https://www.elgazerpub.it/
REDIRECTION_(300…399) 301 https://osm.org/browse/node/11390073107 https://www.edenresortcountry.it/ → https://edenresortcountry.it/
CLIENT_ERROR_(400…499) 403 https://osm.org/browse/node/373382776 https://www.epcpep.com/terlizzi
REDIRECTION_(300…399) 302 https://osm.org/browse/node/7442887731 https://www.facebook.com/Il-Salu-Mino-raffinatezze-enogastronomiche-116495698473555 → https://www.facebook.com/login/?next=https%3A%2F%2Fwww.facebook.com%2FIl-Salu-Mino-raffinatezze-enogastronomiche-116495698473555
SUCCESS_(200…299) 200 https://osm.org/browse/way/1349171299 https://www.facebook.com/ForcatellaCamperOfficial/
SUCCESS_(200…299) 200 https://osm.org/browse/node/9802695341 https://www.facebook.com/discountmotorsfg/
SUCCESS_(200…299) 200 https://osm.org/browse/node/7888362949 https://www.facebook.com/ilgiocodeisensi.terlizzi/
SUCCESS_(200…299) 200 https://osm.org/browse/node/10032371712 https://www.featsrl.it/
SUCCESS_(200…299) 200 https://osm.org/browse/way/715690847 https://www.famila.it/punti-vendita/puglia/famila-giovinazzo
SUCCESS_(200…299) 200 https://osm.org/browse/relation/6123740 https://www.ffbetania.net/case-di-fraternita/terlizzi-ba/
SUCCESS_(200…299) 200 https://osm.org/browse/node/12471059991 https://www.energymbitonto.it/
SUCCESS_(200…299) 200 https://osm.org/browse/way/1446853388 https://www.exedragroup.com/
SUCCESS_(200…299) 200 https://osm.org/browse/node/26859761 https://osm.org/browse/way/1446518043 https://www.fontanadellerose.com/
PEER_CERTIFICATE_FROM_UNKNOWN_CA_CERTIFICATES https://osm.org/browse/way/402903524 https://www.fseonline.it
SUCCESS_(200…299) 200 https://osm.org/browse/node/11377436107 https://www.foscheriniauto.it/
SUCCESS_(200…299) 200 https://osm.org/browse/way/1306141895 https://www.fusillorosina.it/
SUCCESS_(200…299) 200 https://osm.org/browse/node/8005881934 https://www.fondazionedepaloungaro.it
REDIRECTION_(300…399) 301 https://osm.org/browse/way/490141862 https://www.gallipoliresort.it → https://gallipoliresort.it/
REDIRECTION_(300…399) 301 https://osm.org/browse/way/78626385 https://www.gesmundomorofiore.edu.it → https://www.donpappagallogesmundo.edu.it/
FAILED_TO_CONNECT_TO_HOST https://osm.org/browse/node/10002894483 https://www.giramondoviaggimolfettaterlizzi.com/
SUCCESS_(200…299) 200 https://osm.org/browse/way/1447461330 https://www.grottadellacqua.com/
SUCCESS_(200…299) 200 https://osm.org/browse/node/2972877733 https://osm.org/browse/way/1446473212 https://www.giararesort.com/
SUCCESS_(200…299) 200 https://osm.org/browse/way/1446491868 https://www.gattarella.it/
SUCCESS_(200…299) 200 https://osm.org/browse/node/12291864252 https://www.geraniumbeb.com/
SUCCESS_(200…299) 200 https://osm.org/browse/node/3999455561 https://www.hoteldaltavilla.it/
REDIRECTION_(300…399) 301 https://osm.org/browse/way/405756608 https://www.hotelfini.it/ → https://hotelfini.it/
SUCCESS_(200…299) 200 https://osm.org/browse/node/3774238147 https://www.grottadeltrullo.com/
SUCCESS_(200…299) 200 https://osm.org/browse/way/546601724 https://www.hotelsvevo.it/it/
SUCCESS_(200…299) 200 https://osm.org/browse/way/1340510694 https://www.hotelsvevo.it/larea-camper-per-la-tua-sosta/
CLIENT_ERROR_(400…499) 404 https://osm.org/browse/node/10030078454 https://www.itc.cnr.it/ba/sc/TRL/TRL0005.html
REDIRECTION_(300…399) 301 https://osm.org/browse/way/409142840 https://www.ilgiardinodeibimbiterlizzi.it/ → https://ilgiardinodeibimbiterlizzi.centroserviziscuoleinretesrl.it/
CLIENT_ERROR_(400…499) 404 https://osm.org/browse/node/10030078453 https://www.itc.cnr.it/ba/sc/TRL/TRL0010.html#TRL0010
SUCCESS_(200…299) 200 https://osm.org/browse/way/1388696377 https://www.istitutoprestacolumella.edu.it/
SUCCESS_(200…299) 200 https://osm.org/browse/way/1351248564 https://www.iccassanoderenzio.edu.it/
CLIENT_ERROR_(400…499) 404 https://osm.org/browse/node/10030447521 https://www.itc.cnr.it/ba/sc/TRL/TRL0042.html
CLIENT_ERROR_(400…499) 404 https://osm.org/browse/node/10030447522 https://www.itc.cnr.it/ba/sc/TRL/TRL0043.html
CLIENT_ERROR_(400…499) 404 https://osm.org/browse/node/10030447523 https://www.itc.cnr.it/ba/sc/TRL/TRL0051.html
CLIENT_ERROR_(400…499) 404 https://osm.org/browse/node/10030078455 https://www.itc.cnr.it/ba/sc/TRL/TRL0054.html
CLIENT_ERROR_(400…499) 404 https://osm.org/browse/node/429597454 https://www.itc.cnr.it/ba/sc/TRL/TRL0055.html
SUCCESS_(200…299) 200 https://osm.org/browse/way/1345419658 https://www.itesbitonto.edu.it/
SUCCESS_(200…299) 200 https://osm.org/browse/node/9348440529 https://www.lafayettehotelbari.com/
SUCCESS_(200…299) 200 https://osm.org/browse/way/1446491867 https://www.lamalecanne.it/
COULD_NOT_RESOLVE_HOST https://osm.org/browse/node/12459748663 https://www.ledueaquile.it
REDIRECTION_(300…399) 302 https://osm.org/browse/node/9962082058 https://www.leggimenu.it/menu/7hrkbfan72 → https://www.leggimenu.it/menu/404.php
REDIRECTION_(300…399) 308 https://osm.org/browse/node/9964394281 https://www.legea.it/ → https://www.legea.com
SUCCESS_(200…299) 200 https://osm.org/browse/node/12150438012 https://www.layogurteria.it/
SUCCESS_(200…299) 200 https://osm.org/browse/node/5647436322 https://www.leggimenu.it/menu/mosaicbari
REDIRECTION_(300…399) 301 https://osm.org/browse/way/1070593441 https://www.lidl.it/s/it-IT/ricerca-punto-vendita/bari-ba/strada-san-giorgio-martire-19-17/ → https://www.lidl.it/s/it-IT/ricerca-negozio/bari-ba/strada-san-giorgio-martire-19-17/
SUCCESS_(200…299) 200 https://osm.org/browse/way/1388696376 https://www.liceociardopellegrinolecce.edu.it/
SUCCESS_(200…299) 200 https://osm.org/browse/way/186273199 https://www.liceisylosfiore.edu.it
SUCCESS_(200…299) 200 https://osm.org/browse/way/1447474116 https://www.lidodelpiacere.it/
COULD_NOT_RESOLVE_HOST https://osm.org/browse/way/397710431 https://www.liside.edu.it/
SUCCESS_(200…299) 200 https://osm.org/browse/way/1327449260 https://www.lochaletgargano.com/area-camper/
SUCCESS_(200…299) 200 https://osm.org/browse/way/497986872 https://www.lidolecanne.it
SUCCESS_(200…299) 200 https://osm.org/browse/way/1345419660 https://www.lsgalilei.edu.it/
SUCCESS_(200…299) 200 https://osm.org/browse/way/402902564 https://www.madonnadellacoltura.it/
REDIRECTION_(300…399) 302 https://osm.org/browse/way/409197129 https://www.marbelonline.com → https://www.marbelonline.com/it
SUCCESS_(200…299) 200 https://osm.org/browse/way/1300404664 https://www.masseriafulcignano.com/
SUCCESS_(200…299) 200 https://osm.org/browse/way/1446471124 https://www.maliavillage.com/
SUCCESS_(200…299) 200 https://osm.org/browse/way/425843620 https://www.masseriacasinabellanova.com
REDIRECTION_(300…399) 302 https://osm.org/browse/way/1453676259 https://www.masserialacornula.com → https://www.masserialacornula.com/it/
SUCCESS_(200…299) 200 https://osm.org/browse/way/1383299251 https://www.masserialatofala.it/
SUCCESS_(200…299) 200 https://osm.org/browse/node/11100118525 https://www.lecarasse.it/
OTHER_CURL_ERROR 92  https://osm.org/browse/way/762293547 https://www.mcdonalds.it/
SUCCESS_(200…299) 200 https://osm.org/browse/way/297196937 https://www.mdspa.it/
SUCCESS_(200…299) 200 https://osm.org/browse/way/1447474118 https://www.miravacanze.it/
SUCCESS_(200…299) 200 https://osm.org/browse/node/12163863537 https://www.museocapuano.it/
SUCCESS_(200…299) 200 https://osm.org/browse/way/504187692 https://www.masseriasantateresa.com/
SUCCESS_(200…299) 200 https://osm.org/browse/node/267435000 https://www.museodelconfetto.it/
SUCCESS_(200…299) 200 https://osm.org/browse/node/12558518963 https://www.operaprima-ristorantepizzeria.it/
SUCCESS_(200…299) 200 https://osm.org/browse/way/445225300 https://www.molinellavacanze.it/
SUCCESS_(200…299) 200 https://osm.org/browse/node/7790470041 https://www.museomele.it/
SUCCESS_(200…299) 200 https://osm.org/browse/node/10026835079 https://www.palestraplanetgym.com/
REDIRECTION_(300…399) 301 https://osm.org/browse/node/9802625492 https://www.paternosteraltamura.com/ → https://lnx.paternosteraltamura.com/
SUCCESS_(200…299) 200 https://osm.org/browse/way/405756744 https://www.pantocrator.it/
SUCCESS_(200…299) 200 https://osm.org/browse/node/563766858 https://www.piccologarzia.it/
SUCCESS_(200…299) 200 https://osm.org/browse/way/1445788811 https://www.residencedelfino.com/
CLIENT_ERROR_(400…499) 404 https://osm.org/browse/node/11367018637 https://www.pbacasamia.com/bb-puglia/
SUCCESS_(200…299) 200 https://osm.org/browse/node/6049526692 https://www.ristorantepizzerialacialda.it/
SUCCESS_(200…299) 200 https://osm.org/browse/node/4112905018 https://www.masseriapilapalucci.it/
SUCCESS_(200…299) 200 https://osm.org/browse/way/1053303943 https://www.procivmarittima.it/
SUCCESS_(200…299) 200 https://osm.org/browse/way/1205718766 https://www.residenzecarafa.com
SUCCESS_(200…299) 200 https://osm.org/browse/node/534596017 https://www.sanita.puglia.it/web/asl-foggia/continuita-assistenziale
SUCCESS_(200…299) 200 https://osm.org/browse/way/729540430 https://www.santuariosanmichele.it/
SUCCESS_(200…299) 200 https://osm.org/browse/node/898256873 https://www.scubadiving.it
SUCCESS_(200…299) 200 https://osm.org/browse/node/10023439240 https://www.salvatorepetriella.it
SUCCESS_(200…299) 200 https://osm.org/browse/way/1213658376 https://www.secolario.com
REDIRECTION_(300…399) 301 https://osm.org/browse/way/72401407 https://www.secondocircoloboscoterlizzi.edu.it → https://icboscomorofioreterlizzi.edu.it/
COULD_NOT_RESOLVE_HOST https://osm.org/browse/way/409147276 https://www.scuoladonpappagallo.edu.it
SUCCESS_(200…299) 200 https://osm.org/browse/node/11716602810 https://www.santuariosanmichele.it/musei-tecum/
SUCCESS_(200…299) 200 https://osm.org/browse/node/26859793 https://www.scialmarino.it/
REDIRECTION_(300…399) 301 https://osm.org/browse/way/409204294 https://www.teatropubblicopugliese.it/teatro/teatro-traetta-2/ → https://teatropubblicopugliese.it/teatro/teatro-traetta-2/
SUCCESS_(200…299) 200 https://osm.org/browse/way/403251903 https://www.tenutaroccicerasoli.it/
SUCCESS_(200…299) 200 https://osm.org/browse/node/6482957534 https://osm.org/browse/way/405765819 https://www.teleradiopadrepio.it/
REDIRECTION_(300…399) 301 https://osm.org/browse/node/13067637764 https://www.tenutamezzana.it/ → https://www.tenutamezzana.it/it/
SUCCESS_(200…299) 200 https://osm.org/browse/node/10542776817 https://www.trmtv.it
SUCCESS_(200…299) 200 https://osm.org/browse/node/9718135977 https://www.todis.it/
SUCCESS_(200…299) 200 https://osm.org/browse/way/1306133239 https://www.umbramare.it/
SUCCESS_(200…299) 200 https://osm.org/browse/way/410174105 https://www.truddhi.com/
PEER_CERTIFICATE_FROM_UNKNOWN_CA_CERTIFICATES https://osm.org/browse/way/322135529 https://www.viaggiareinpuglia.it/at/13/areaarcheologica/3687/it/Parco-archeologico-Li-Castelli-San-Pancrazio-Salentino-(Brindisi)
SUCCESS_(200…299) 200 https://osm.org/browse/node/4355936774 https://www.terranima.com/
SUCCESS_(200…299) 200 https://osm.org/browse/way/520574030 https://www.villaggioilpilone.it/
SUCCESS_(200…299) 200 https://osm.org/browse/node/9631106470 https://www.venetacucine.com/rivenditore/veneta-cucine-a-bari-di-avellino-elisa
SERVER_ERROR_(500…599) 500 https://osm.org/browse/way/409194550 https://www.villadellepalme.it
SUCCESS_(200…299) 200 https://osm.org/browse/way/1446270205 https://www.villaggiobaiadellatufara.it/
SUCCESS_(200…299) 200 https://osm.org/browse/way/1446516352 https://www.villaggiomirage.it/
SUCCESS_(200…299) 200 https://osm.org/browse/way/560091669 https://www.villaggioripa.it/
SUCCESS_(200…299) 200 https://osm.org/browse/way/1306139759 https://www.villaggiosanpablovieste.it/
SUCCESS_(200…299) 200 https://osm.org/browse/way/424325215 https://www.villaggiotiziana.it/
SUCCESS_(200…299) 200 https://osm.org/browse/way/520574037 https://www.villaggioledune.it/
SSL_CONNECT_ERROR https://osm.org/browse/way/1205718778 https://www.vinibonsegna.it/
COULD_NOT_RESOLVE_HOST https://osm.org/browse/node/11244224102 https://www.volivorestaurant.it
MISSING_URI_SCHEME https://osm.org/browse/node/6597537359 sapuritosantasabina.it
MISSING_URI_SCHEME https://osm.org/browse/node/6131171574 www.anellienoteca.com
MISSING_URI_SCHEME https://osm.org/browse/node/4378802389 www.iticostruzioni.it
MISSING_URI_SCHEME https://osm.org/browse/node/4955086668 www.karabu.it
MISSING_URI_SCHEME https://osm.org/browse/way/355434366 www.quintocolore.it
MISSING_URI_SCHEME https://osm.org/browse/node/3598336093 www.tenutamadia.it
MISSING_URI_SCHEME https://osm.org/browse/node/9964394274 www.tigota.it
SUCCESS_(200…299) 200 https://osm.org/browse/way/1446516359 https://osm.org/browse/way/1446516360 https://www.villaggioverdemare.it/
SUCCESS_(200…299) 200 https://osm.org/browse/node/10281875910 https://www.vitruviosrl.com/
REDIRECTION_(300…399) 302 https://osm.org/browse/node/11339294053 https://www.vinylzoneshop.com/ → http://vinylzoneshop.com/
