MISSING_URI_SCHEME  <meta http-equiv="content-type" content="text/html
MISSING_URI_SCHEME  <title>OSM3S Response</title>
MISSING_URI_SCHEME  charset=utf-8" lang="en"/>
MISSING_URI_SCHEME  <!DOCTYPE html PUBLIC "-//W3C//DTD XHTML 1.0 Strict//EN
MISSING_URI_SCHEME  </body>
MISSING_URI_SCHEME  </head>
MISSING_URI_SCHEME  </html>
MISSING_URI_SCHEME  <?xml version="1.0" encoding="UTF-8"?>
MISSING_URI_SCHEME  <body>
MISSING_URI_SCHEME  <head>
MISSING_URI_SCHEME  <html xmlns="http://www.w3.org/1999/xhtml" xml:lang="en" lang="en">
MISSING_URI_SCHEME  <p><strong style="color:#FF0000">Error</strong>: runtime error: open64: 0 Success /osm3s_osm_base Dispatcher_Client::request_read_and_idx::timeout. The server is probably too busy to handle your request. </p>
CLIENT_ERROR_(400…499) 400  http://www.w3.org/TR/xhtml1/DTD/xhtml1-strict.dtd">
MISSING_URI_SCHEME  <p>The data included in this document is from www.openstreetmap.org. The data is made available under ODbL.</p>
REDIRECTION_(300…399) 301 https://osm.org/browse/way/617928286 https://commons.m.wikimedia.org/wiki/File:Bruneck,_Oberragen,_Mariens%C3%A4ule,_2.jpeg → https://commons.wikimedia.org/wiki/File:Bruneck,_Oberragen,_Mariens%C3%A4ule,_2.jpeg
REDIRECTION_(300…399) 301 https://osm.org/browse/node/331259364 http://italia.indettaglio.it/ita/trentinoaltoadige/trento_mezzana_marilleva1400.html → https://italia.indettaglio.it/ita/trentinoaltoadige/trento_mezzana_marilleva1400.html
REDIRECTION_(300…399) 301 https://osm.org/browse/node/331259493 http://italia.indettaglio.it/ita/trentinoaltoadige/trento_mezzana_marilleva900.html → https://italia.indettaglio.it/ita/trentinoaltoadige/trento_mezzana_marilleva900.html
REDIRECTION_(300…399) 301 https://osm.org/browse/node/250103447 http://italia.indettaglio.it/ita/trentinoaltoadige/trento_pinzolo_campocarlomagno.html → https://italia.indettaglio.it/ita/trentinoaltoadige/trento_pinzolo_campocarlomagno.html
REDIRECTION_(300…399) 301 https://osm.org/browse/node/1863341909 http://bolzano.salewa.it/ → https://www.evolvsports.com/
REDIRECTION_(300…399) 301 https://osm.org/browse/node/3820739932 http://meteo.provincia.bz.it/stazioni-meteo-montagna.asp?stat_stid=121 → https://meteo.provincia.bz.it/stazioni-meteo-montagna.asp?stat_stid=121
REDIRECTION_(300…399) 302 https://osm.org/browse/relation/13798380 http://www.5torri.it → https://www.5torri.it/
REDIRECTION_(300…399) 301 https://osm.org/browse/way/64194135 http://www.ancorafiemme.it/ → https://www.ancorafiemme.it/
REDIRECTION_(300…399) 301 https://osm.org/browse/node/1574275728 http://www.alpenblick.it → https://www.alpenblick.it/
REDIRECTION_(300…399) 301 https://osm.org/browse/way/112173170 http://www.archiv-bruneck.it/de/erinnerung/haeusergeschichte/bruneck/ansitz-sternbach → https://www.archiv-bruneck.it/de/erinnerung/haeusergeschichte/bruneck/ansitz-sternbach
REDIRECTION_(300…399) 308 https://osm.org/browse/way/64659535 http://www.areteclub.it/ → https://www.areteclub.it/
COULD_NOT_RESOLVE_HOST https://osm.org/browse/node/4528893292 http://www.carrozzeriaavancini.it/
COULD_NOT_RESOLVE_HOST https://osm.org/browse/node/798801347 http://www.ceramicacicuttin.com/
REDIRECTION_(300…399) 301 https://osm.org/browse/way/42312417 http://www.armentarola.it → http://www.armentarola.com/
SUCCESS_(200…299) 200 https://osm.org/browse/way/65425105 http://www.bertilegnami.it/
REDIRECTION_(300…399) 301 https://osm.org/browse/way/42045164 http://www.chalet-gerard.com → https://www.chalet-gerard.com/
REDIRECTION_(300…399) 301 https://osm.org/browse/node/798801353 http://www.ceramicarte.tn.it/ → https://www.ceramicarte.tn.it/
REDIRECTION_(300…399) 302 https://osm.org/browse/way/101164715 http://www.chieseitaliane.chiesacattolica.it/chieseitaliane/schedaca.jsp?sercd=6239 → https://chieseitaliane.chiesacattolica.it/chieseitaliane/schedaca.jsp?sercd=6239
REDIRECTION_(300…399) 301 https://osm.org/browse/way/233662161 http://www.dabringer.it/ → https://www.dabringer.it/
REDIRECTION_(300…399) 301 https://osm.org/browse/node/791023609 http://www.elettrozorzi.it/ → https://www.elettrozorzi.it/
REDIRECTION_(300…399) 301 https://osm.org/browse/way/42283583 http://www.christiania.it → https://www.christiania.it/
REDIRECTION_(300…399) 301 https://osm.org/browse/way/116880265 https://osm.org/browse/way/117080533 http://www.badgfrill.com → https://badgfrill.com/
SUCCESS_(200…299) 200 https://osm.org/browse/way/42321524 http://www.enrosadira.it/rifugi/santacroceinbadia.htm
COULD_NOT_RESOLVE_HOST https://osm.org/browse/node/3734579884 http://www.filovignola.it/museominierevignola
SERVER_ERROR_(500…599) 500 https://osm.org/browse/node/801300364 http://www.falegnameriaceol.it/
COULD_NOT_RESOLVE_HOST https://osm.org/browse/relation/5720428 http://www.filovignola.it/vignolavventura
COULD_NOT_RESOLVE_HOST https://osm.org/browse/node/3814575997 http://www.filovignola.it/vignolavventura/belvedere/
COULD_NOT_RESOLVE_HOST https://osm.org/browse/way/186232239 http://www.filovignola.it/vignolavventura/il-comune-di-vignola/
COULD_NOT_RESOLVE_HOST https://osm.org/browse/node/3790737265 http://www.filovignola.it/vignolavventura/il-forno-del-pane/
COULD_NOT_RESOLVE_HOST https://osm.org/browse/node/737210972 http://www.filovignola.it/vignolavventura/maso-fruet/
COULD_NOT_RESOLVE_HOST https://osm.org/browse/way/186232242 http://www.filovignola.it/vignolavventura/osteria/
COULD_NOT_RESOLVE_HOST https://osm.org/browse/way/186232119 http://www.filovignola.it/vignolavventura/la-chiesa
COULD_NOT_RESOLVE_HOST https://osm.org/browse/node/3790713018 http://www.filovignola.it/vignolavventura/miniere/
REDIRECTION_(300…399) 301 https://osm.org/browse/way/42283588 http://www.hotel-ladinia.com → https://hotel-ladinia.com/
SUCCESS_(200…299) 200 https://osm.org/browse/way/161223389 http://www.hoteldolomiten.com/
REDIRECTION_(300…399) 301 https://osm.org/browse/way/43065122 http://www.hotel-sonneck.it → https://www.hotel-sonneck.it:443/
REDIRECTION_(300…399) 301 https://osm.org/browse/way/64194014 http://www.hotelitalia-dolomiti.com/ → https://www.hotelitalia-dolomiti.com/
REDIRECTION_(300…399) 301 https://osm.org/browse/node/2492828028 http://www.isoladeitesori.it → https://www.isoladeitesori.it/
REDIRECTION_(300…399) 301 https://osm.org/browse/way/178057363 http://www.kraenzelhof.it/ → https://www.kraenzelhof.it/
REDIRECTION_(300…399) 302 https://osm.org/browse/node/885810916 http://www.hotel-valparol.it → https://www.hotel-valparol.it/
REDIRECTION_(300…399) 301 https://osm.org/browse/way/42317064 http://www.lasvegasonline.it → https://lasvegasonline.it/
REDIRECTION_(300…399) 301 https://osm.org/browse/way/42325322 http://www.lechdasompunt.it → https://lechdasompunt.it/en
SUCCESS_(200…299) 200 https://osm.org/browse/node/283551188 https://osm.org/browse/node/2258918133 https://osm.org/browse/node/4678864663 http://www.kronplatz-gastro.com/Treff.html
REDIRECTION_(300…399) 301 https://osm.org/browse/way/64743678 http://www.los-andes.it/ → http://hotel-losandes.com/
REDIRECTION_(300…399) 301 https://osm.org/browse/way/96619540 http://www.martlhof.com → https://www.martlhof.com/
REDIRECTION_(300…399) 301 https://osm.org/browse/node/9917727450 http://www.meransen-ferien.com/en/alpine-lodge-wieserhuette.html → https://www.schutzhaus-wieserhuette.com/en/alpine-lodge-wieserhuette.html
REDIRECTION_(300…399) 302 https://osm.org/browse/way/65221754 http://www.meteotrentino.it/dati-meteo/stazioni/sintesi-dati-staz.aspx?id=177&staz=TNLAS → https://www.meteotrentino.it/dati-meteo/stazioni/sintesi-dati-staz.aspx?id=177&staz=TNLAS
REDIRECTION_(300…399) 301 https://osm.org/browse/way/41967288 http://www.montepana.it → https://www.montepana.it/
REDIRECTION_(300…399) 301 https://osm.org/browse/node/1176698243 http://www.nonessport.it/ → https://www.nonessport.it/
REDIRECTION_(300…399) 301 https://osm.org/browse/node/4440814759 http://www.passeier.org/alpinwandern/alpenvereinsektionpasseier/gedenkfeier-essener-huette/index.html → https://13h.de/passeier/alpinwandern/alpenvereinsektionpasseier/gedenkfeier-essener-huette/index.html?ngq=/alpinwandern/alpenvereinsektionpasseier/gedenkfeier-essener-huette/index.html
REDIRECTION_(300…399) 301 https://osm.org/browse/way/79379601 http://www.operauni.tn.it/cms-01.00/articolo.asp?IDcms=12&s=11 → https://www.operauni.tn.it/cms-01.00/articolo.asp?IDcms=12&s=11
REDIRECTION_(300…399) 301 https://osm.org/browse/way/74440455 http://www.palazzoroccabruna.it → https://www.palazzoroccabruna.it/
REDIRECTION_(300…399) 302 https://osm.org/browse/way/41873663 http://www.pontives.com → https://www.pontives.com/
REDIRECTION_(300…399) 307 https://osm.org/browse/way/529150619 http://www.provinz.bz.it/kunst-kultur/denkmalpflege/monumentbrowser-suche.asp?status=detail&id=15011 → https://www.provinz.bz.it/kunst-kultur/denkmalpflege/monumentbrowser-suche.asp?status=detail&id=15011
REDIRECTION_(300…399) 307 https://osm.org/browse/node/3820739955 http://www.provinz.bz.it/lawinen/aktuelle-werte.asp?hyd_stat_id=1081 → https://www.provinz.bz.it/lawinen/aktuelle-werte.asp?hyd_stat_id=1081
REDIRECTION_(300…399) 307 https://osm.org/browse/node/3820739948 http://www.provinz.bz.it/lawinen/aktuelle-werte.asp?hyd_stat_id=113 → https://www.provinz.bz.it/lawinen/aktuelle-werte.asp?hyd_stat_id=113
REDIRECTION_(300…399) 302 https://osm.org/browse/way/42265455 http://www.pizarlara.it → https://www.pizarlara.it/
REDIRECTION_(300…399) 307 https://osm.org/browse/node/3820739946 http://www.provinz.bz.it/lawinen/aktuelle-werte.asp?hyd_stat_id=120 → https://www.provinz.bz.it/lawinen/aktuelle-werte.asp?hyd_stat_id=120
REDIRECTION_(300…399) 307 https://osm.org/browse/node/3820739953 http://www.provinz.bz.it/lawinen/aktuelle-werte.asp?hyd_stat_id=136 → https://www.provinz.bz.it/lawinen/aktuelle-werte.asp?hyd_stat_id=136
REDIRECTION_(300…399) 307 https://osm.org/browse/node/3820740657 http://www.provinz.bz.it/lawinen/aktuelle-werte.asp?hyd_stat_id=1560 → https://www.provinz.bz.it/lawinen/aktuelle-werte.asp?hyd_stat_id=1560
REDIRECTION_(300…399) 307 https://osm.org/browse/node/3820739945 http://www.provinz.bz.it/lawinen/aktuelle-werte.asp?hyd_stat_id=1740 → https://www.provinz.bz.it/lawinen/aktuelle-werte.asp?hyd_stat_id=1740
REDIRECTION_(300…399) 307 https://osm.org/browse/node/3820740659 http://www.provinz.bz.it/lawinen/aktuelle-werte.asp?hyd_stat_id=201 → https://www.provinz.bz.it/lawinen/aktuelle-werte.asp?hyd_stat_id=201
REDIRECTION_(300…399) 307 https://osm.org/browse/node/3820740660 http://www.provinz.bz.it/lawinen/aktuelle-werte.asp?hyd_stat_id=202 → https://www.provinz.bz.it/lawinen/aktuelle-werte.asp?hyd_stat_id=202
REDIRECTION_(300…399) 307 https://osm.org/browse/node/1996819918 http://www.provinz.bz.it/lawinen/aktuelle-werte.asp?hyd_stat_id=205 → https://www.provinz.bz.it/lawinen/aktuelle-werte.asp?hyd_stat_id=205
REDIRECTION_(300…399) 307 https://osm.org/browse/node/3820739950 http://www.provinz.bz.it/lawinen/aktuelle-werte.asp?hyd_stat_id=207 → https://www.provinz.bz.it/lawinen/aktuelle-werte.asp?hyd_stat_id=207
REDIRECTION_(300…399) 307 https://osm.org/browse/node/3820739954 http://www.provinz.bz.it/lawinen/aktuelle-werte.asp?hyd_stat_id=209 → https://www.provinz.bz.it/lawinen/aktuelle-werte.asp?hyd_stat_id=209
REDIRECTION_(300…399) 307 https://osm.org/browse/node/3820739949 http://www.provinz.bz.it/lawinen/aktuelle-werte.asp?hyd_stat_id=800 → https://www.provinz.bz.it/lawinen/aktuelle-werte.asp?hyd_stat_id=800
REDIRECTION_(300…399) 307 https://osm.org/browse/node/3820739947 http://www.provinz.bz.it/lawinen/aktuelle-werte.asp?hyd_stat_id=821 → https://www.provinz.bz.it/lawinen/aktuelle-werte.asp?hyd_stat_id=821
REDIRECTION_(300…399) 307 https://osm.org/browse/node/3820739952 http://www.provinz.bz.it/lawinen/aktuelle-werte.asp?hyd_stat_id=600 → https://www.provinz.bz.it/lawinen/aktuelle-werte.asp?hyd_stat_id=600
REDIRECTION_(300…399) 307 https://osm.org/browse/node/3820739951 http://www.provinz.bz.it/lawinen/aktuelle-werte.asp?hyd_stat_id=962 → https://www.provinz.bz.it/lawinen/aktuelle-werte.asp?hyd_stat_id=962
REDIRECTION_(300…399) 307 https://osm.org/browse/node/3820739940 http://www.provinz.bz.it/wetter/hoehenwindstationen.asp?stat_stid=105 → https://www.provinz.bz.it/wetter/hoehenwindstationen.asp?stat_stid=105
REDIRECTION_(300…399) 307 https://osm.org/browse/node/3820739944 http://www.provinz.bz.it/wetter/hoehenwindstationen.asp?stat_stid=1060 → https://www.provinz.bz.it/wetter/hoehenwindstationen.asp?stat_stid=1060
REDIRECTION_(300…399) 307 https://osm.org/browse/node/3820739942 http://www.provinz.bz.it/wetter/hoehenwindstationen.asp?stat_stid=114 → https://www.provinz.bz.it/wetter/hoehenwindstationen.asp?stat_stid=114
REDIRECTION_(300…399) 307 https://osm.org/browse/node/3820739933 http://www.provinz.bz.it/wetter/hoehenwindstationen.asp?stat_stid=112 → https://www.provinz.bz.it/wetter/hoehenwindstationen.asp?stat_stid=112
REDIRECTION_(300…399) 307 https://osm.org/browse/node/3820739938 http://www.provinz.bz.it/wetter/hoehenwindstationen.asp?stat_stid=1287 → https://www.provinz.bz.it/wetter/hoehenwindstationen.asp?stat_stid=1287
REDIRECTION_(300…399) 307 https://osm.org/browse/node/3820739935 http://www.provinz.bz.it/wetter/hoehenwindstationen.asp?stat_stid=117 → https://www.provinz.bz.it/wetter/hoehenwindstationen.asp?stat_stid=117
REDIRECTION_(300…399) 307 https://osm.org/browse/node/3820739936 http://www.provinz.bz.it/wetter/hoehenwindstationen.asp?stat_stid=135 → https://www.provinz.bz.it/wetter/hoehenwindstationen.asp?stat_stid=135
REDIRECTION_(300…399) 307 https://osm.org/browse/node/3820739943 http://www.provinz.bz.it/wetter/hoehenwindstationen.asp?stat_stid=200 → https://www.provinz.bz.it/wetter/hoehenwindstationen.asp?stat_stid=200
REDIRECTION_(300…399) 307 https://osm.org/browse/node/3820739941 http://www.provinz.bz.it/wetter/hoehenwindstationen.asp?stat_stid=204 → https://www.provinz.bz.it/wetter/hoehenwindstationen.asp?stat_stid=204
REDIRECTION_(300…399) 307 https://osm.org/browse/node/1830406062 http://www.provinz.bz.it/wetter/hoehenwindstationen.asp?stat_stid=206 → https://www.provinz.bz.it/wetter/hoehenwindstationen.asp?stat_stid=206
REDIRECTION_(300…399) 307 https://osm.org/browse/node/1033612543 http://www.provinz.bz.it/wetter/hoehenwindstationen.asp?stat_stid=208 → https://www.provinz.bz.it/wetter/hoehenwindstationen.asp?stat_stid=208
REDIRECTION_(300…399) 307 https://osm.org/browse/node/3820739934 http://www.provinz.bz.it/wetter/hoehenwindstationen.asp?stat_stid=820 → https://www.provinz.bz.it/wetter/hoehenwindstationen.asp?stat_stid=820
REDIRECTION_(300…399) 307 https://osm.org/browse/node/3820740695 http://www.provinz.bz.it/wetter/wetterstationen.asp?stat_stid=1202 → https://www.provinz.bz.it/wetter/wetterstationen.asp?stat_stid=1202
REDIRECTION_(300…399) 307 https://osm.org/browse/node/3820740666 http://www.provinz.bz.it/wetter/wetterstationen.asp?stat_stid=1220 → https://www.provinz.bz.it/wetter/wetterstationen.asp?stat_stid=1220
REDIRECTION_(300…399) 307 https://osm.org/browse/node/3820740668 http://www.provinz.bz.it/wetter/wetterstationen.asp?stat_stid=1240 → https://www.provinz.bz.it/wetter/wetterstationen.asp?stat_stid=1240
REDIRECTION_(300…399) 307 https://osm.org/browse/node/3820740664 http://www.provinz.bz.it/wetter/wetterstationen.asp?stat_stid=1243 → https://www.provinz.bz.it/wetter/wetterstationen.asp?stat_stid=1243
REDIRECTION_(300…399) 307 https://osm.org/browse/node/3820740673 http://www.provinz.bz.it/wetter/wetterstationen.asp?stat_stid=1245 → https://www.provinz.bz.it/wetter/wetterstationen.asp?stat_stid=1245
REDIRECTION_(300…399) 307 https://osm.org/browse/node/3820740676 http://www.provinz.bz.it/wetter/wetterstationen.asp?stat_stid=1246 → https://www.provinz.bz.it/wetter/wetterstationen.asp?stat_stid=1246
REDIRECTION_(300…399) 307 https://osm.org/browse/node/3820740663 http://www.provinz.bz.it/wetter/wetterstationen.asp?stat_stid=1260 → https://www.provinz.bz.it/wetter/wetterstationen.asp?stat_stid=1260
COULD_NOT_RESOLVE_HOST https://osm.org/browse/way/65476016 http://www.hotelvb.it
REDIRECTION_(300…399) 307 https://osm.org/browse/node/3820740674 http://www.provinz.bz.it/wetter/wetterstationen.asp?stat_stid=1261 → https://www.provinz.bz.it/wetter/wetterstationen.asp?stat_stid=1261
REDIRECTION_(300…399) 307 https://osm.org/browse/node/3820740670 http://www.provinz.bz.it/wetter/wetterstationen.asp?stat_stid=1262 → https://www.provinz.bz.it/wetter/wetterstationen.asp?stat_stid=1262
REDIRECTION_(300…399) 307 https://osm.org/browse/node/3820740665 http://www.provinz.bz.it/wetter/wetterstationen.asp?stat_stid=1266 → https://www.provinz.bz.it/wetter/wetterstationen.asp?stat_stid=1266
REDIRECTION_(300…399) 307 https://osm.org/browse/node/3820740679 http://www.provinz.bz.it/wetter/wetterstationen.asp?stat_stid=1280 → https://www.provinz.bz.it/wetter/wetterstationen.asp?stat_stid=1280
REDIRECTION_(300…399) 307 https://osm.org/browse/node/3820740677 http://www.provinz.bz.it/wetter/wetterstationen.asp?stat_stid=1281 → https://www.provinz.bz.it/wetter/wetterstationen.asp?stat_stid=1281
REDIRECTION_(300…399) 307 https://osm.org/browse/node/3820740678 http://www.provinz.bz.it/wetter/wetterstationen.asp?stat_stid=1282 → https://www.provinz.bz.it/wetter/wetterstationen.asp?stat_stid=1282
REDIRECTION_(300…399) 307 https://osm.org/browse/node/3820740681 http://www.provinz.bz.it/wetter/wetterstationen.asp?stat_stid=1283 → https://www.provinz.bz.it/wetter/wetterstationen.asp?stat_stid=1283
REDIRECTION_(300…399) 307 https://osm.org/browse/node/3820740683 http://www.provinz.bz.it/wetter/wetterstationen.asp?stat_stid=1284 → https://www.provinz.bz.it/wetter/wetterstationen.asp?stat_stid=1284
REDIRECTION_(300…399) 307 https://osm.org/browse/node/3820740685 http://www.provinz.bz.it/wetter/wetterstationen.asp?stat_stid=1285 → https://www.provinz.bz.it/wetter/wetterstationen.asp?stat_stid=1285
REDIRECTION_(300…399) 307 https://osm.org/browse/node/3820740687 http://www.provinz.bz.it/wetter/wetterstationen.asp?stat_stid=1288 → https://www.provinz.bz.it/wetter/wetterstationen.asp?stat_stid=1288
REDIRECTION_(300…399) 307 https://osm.org/browse/node/3820740682 http://www.provinz.bz.it/wetter/wetterstationen.asp?stat_stid=1286 → https://www.provinz.bz.it/wetter/wetterstationen.asp?stat_stid=1286
REDIRECTION_(300…399) 307 https://osm.org/browse/node/3820740686 http://www.provinz.bz.it/wetter/wetterstationen.asp?stat_stid=1289 → https://www.provinz.bz.it/wetter/wetterstationen.asp?stat_stid=1289
REDIRECTION_(300…399) 307 https://osm.org/browse/node/3820740684 http://www.provinz.bz.it/wetter/wetterstationen.asp?stat_stid=1290 → https://www.provinz.bz.it/wetter/wetterstationen.asp?stat_stid=1290
REDIRECTION_(300…399) 307 https://osm.org/browse/node/3820740694 http://www.provinz.bz.it/wetter/wetterstationen.asp?stat_stid=1291 → https://www.provinz.bz.it/wetter/wetterstationen.asp?stat_stid=1291
REDIRECTION_(300…399) 307 https://osm.org/browse/node/3820740705 http://www.provinz.bz.it/wetter/wetterstationen.asp?stat_stid=1292 → https://www.provinz.bz.it/wetter/wetterstationen.asp?stat_stid=1292
REDIRECTION_(300…399) 307 https://osm.org/browse/node/3820740701 http://www.provinz.bz.it/wetter/wetterstationen.asp?stat_stid=1293 → https://www.provinz.bz.it/wetter/wetterstationen.asp?stat_stid=1293
REDIRECTION_(300…399) 307 https://osm.org/browse/node/3820740692 http://www.provinz.bz.it/wetter/wetterstationen.asp?stat_stid=1294 → https://www.provinz.bz.it/wetter/wetterstationen.asp?stat_stid=1294
REDIRECTION_(300…399) 307 https://osm.org/browse/node/3820740697 http://www.provinz.bz.it/wetter/wetterstationen.asp?stat_stid=1295 → https://www.provinz.bz.it/wetter/wetterstationen.asp?stat_stid=1295
REDIRECTION_(300…399) 307 https://osm.org/browse/node/3820740699 http://www.provinz.bz.it/wetter/wetterstationen.asp?stat_stid=1296 → https://www.provinz.bz.it/wetter/wetterstationen.asp?stat_stid=1296
REDIRECTION_(300…399) 307 https://osm.org/browse/node/3820740702 http://www.provinz.bz.it/wetter/wetterstationen.asp?stat_stid=1297 → https://www.provinz.bz.it/wetter/wetterstationen.asp?stat_stid=1297
REDIRECTION_(300…399) 307 https://osm.org/browse/node/3820740691 http://www.provinz.bz.it/wetter/wetterstationen.asp?stat_stid=1298 → https://www.provinz.bz.it/wetter/wetterstationen.asp?stat_stid=1298
REDIRECTION_(300…399) 307 https://osm.org/browse/node/3820740671 http://www.provinz.bz.it/wetter/wetterstationen.asp?stat_stid=1302 → https://www.provinz.bz.it/wetter/wetterstationen.asp?stat_stid=1302
REDIRECTION_(300…399) 307 https://osm.org/browse/node/3820740675 http://www.provinz.bz.it/wetter/wetterstationen.asp?stat_stid=1303 → https://www.provinz.bz.it/wetter/wetterstationen.asp?stat_stid=1303
REDIRECTION_(300…399) 307 https://osm.org/browse/node/3820740680 http://www.provinz.bz.it/wetter/wetterstationen.asp?stat_stid=1304 → https://www.provinz.bz.it/wetter/wetterstationen.asp?stat_stid=1304
REDIRECTION_(300…399) 307 https://osm.org/browse/node/3820740689 http://www.provinz.bz.it/wetter/wetterstationen.asp?stat_stid=1305 → https://www.provinz.bz.it/wetter/wetterstationen.asp?stat_stid=1305
REDIRECTION_(300…399) 307 https://osm.org/browse/node/3820740696 http://www.provinz.bz.it/wetter/wetterstationen.asp?stat_stid=1306 → https://www.provinz.bz.it/wetter/wetterstationen.asp?stat_stid=1306
REDIRECTION_(300…399) 307 https://osm.org/browse/node/3820740698 http://www.provinz.bz.it/wetter/wetterstationen.asp?stat_stid=1307 → https://www.provinz.bz.it/wetter/wetterstationen.asp?stat_stid=1307
REDIRECTION_(300…399) 307 https://osm.org/browse/node/3820740700 http://www.provinz.bz.it/wetter/wetterstationen.asp?stat_stid=1308 → https://www.provinz.bz.it/wetter/wetterstationen.asp?stat_stid=1308
REDIRECTION_(300…399) 307 https://osm.org/browse/node/3820740703 http://www.provinz.bz.it/wetter/wetterstationen.asp?stat_stid=1309 → https://www.provinz.bz.it/wetter/wetterstationen.asp?stat_stid=1309
REDIRECTION_(300…399) 307 https://osm.org/browse/node/3820740704 http://www.provinz.bz.it/wetter/wetterstationen.asp?stat_stid=1310 → https://www.provinz.bz.it/wetter/wetterstationen.asp?stat_stid=1310
REDIRECTION_(300…399) 307 https://osm.org/browse/node/3820740662 http://www.provinz.bz.it/wetter/wetterstationen.asp?stat_stid=1311 → https://www.provinz.bz.it/wetter/wetterstationen.asp?stat_stid=1311
REDIRECTION_(300…399) 307 https://osm.org/browse/node/3820740693 http://www.provinz.bz.it/wetter/wetterstationen.asp?stat_stid=1312 → https://www.provinz.bz.it/wetter/wetterstationen.asp?stat_stid=1312
REDIRECTION_(300…399) 307 https://osm.org/browse/node/3820740669 http://www.provinz.bz.it/wetter/wetterstationen.asp?stat_stid=1241 → https://www.provinz.bz.it/wetter/wetterstationen.asp?stat_stid=1241
REDIRECTION_(300…399) 307 https://osm.org/browse/node/3820740688 http://www.provinz.bz.it/wetter/wetterstationen.asp?stat_stid=1313 → https://www.provinz.bz.it/wetter/wetterstationen.asp?stat_stid=1313
REDIRECTION_(300…399) 307 https://osm.org/browse/node/3086624102 http://www.provinz.bz.it/wetter/wetterstationen.asp?stat_stid=1428 → https://www.provinz.bz.it/wetter/wetterstationen.asp?stat_stid=1428
REDIRECTION_(300…399) 307 https://osm.org/browse/node/3820740690 http://www.provinz.bz.it/wetter/wetterstationen.asp?stat_stid=1429 → https://www.provinz.bz.it/wetter/wetterstationen.asp?stat_stid=1429
REDIRECTION_(300…399) 307 https://osm.org/browse/node/3820740672 http://www.provinz.bz.it/wetter/wetterstationen.asp?stat_stid=1723 → https://www.provinz.bz.it/wetter/wetterstationen.asp?stat_stid=1723
REDIRECTION_(300…399) 307 https://osm.org/browse/node/4577951415 http://www.provinz.bz.it/wetter/wetterstationen.asp?stat_stid=1800 → https://www.provinz.bz.it/wetter/wetterstationen.asp?stat_stid=1800
REDIRECTION_(300…399) 302 https://osm.org/browse/way/199512074 http://www.pralongia.it → https://www.pralongia.it/
REDIRECTION_(300…399) 301 https://osm.org/browse/node/5235202321 http://www.putzerhof.com → https://www.derputzer.it/
REDIRECTION_(300…399) 301 https://osm.org/browse/way/42265456 http://www.rifugiocolalt.it → https://rifugiocolalt.it/
REDIRECTION_(300…399) 301 https://osm.org/browse/way/199514207 http://www.rifugiokostner.it → https://rifugiokostner.it/
SAME_DOMAIN_REDIRECTION_(300…399) 301 https://osm.org/browse/relation/9469878 http://www.ratschings-jaufen.it/ → /de/bergbahnen/live/winter.html
REDIRECTION_(300…399) 301 https://osm.org/browse/way/129911933 http://www.sanctzacharias.it → https://www.sanctzacharias.it/
REDIRECTION_(300…399) 301 https://osm.org/browse/node/2756026409 http://www.rynnhof.com → https://www.rynnhof.com/
SUCCESS_(200…299) 200 https://osm.org/browse/way/171841882 http://www.schwarzeradler-andrian.net/
SUCCESS_(200…299) 200 https://osm.org/browse/way/962751159 http://www.satcembra.it/?page_id=768
SUCCESS_(200…299) 200 https://osm.org/browse/way/962751160 http://www.satcembra.it/?page_id=766
REDIRECTION_(300…399) 301 https://osm.org/browse/relation/9470551 http://www.schwemmalm.info → https://www.schwemmalm.info/
REDIRECTION_(300…399) 301 https://osm.org/browse/relation/2320650 http://www.stoneman.it/ → https://www.stoneman.it/
REDIRECTION_(300…399) 301 https://osm.org/browse/relation/158983 http://www.sat.tn.it/Home/ → https://www.sat.tn.it/Home/
REDIRECTION_(300…399) 301 https://osm.org/browse/node/3489013637 http://www.tirolergoldschmied.it → https://www.tirolergoldschmied.it/
REDIRECTION_(300…399) 301 https://osm.org/browse/node/2953808903 http://www.tirolergoldschmied.it/ → https://www.tirolergoldschmied.it/
REDIRECTION_(300…399) 302 https://osm.org/browse/relation/1562303 https://osm.org/browse/relation/7633119 https://osm.org/browse/relation/7633120 https://osm.org/browse/relation/7633121 https://osm.org/browse/relation/7639405 https://osm.org/browse/relation/7639406 https://osm.org/browse/relation/7639434 https://osm.org/browse/relation/9868078 https://osm.org/browse/relation/9870649 https://osm.org/browse/relation/9870650 http://www.trekking.suedtirol.info/ → https://www.suedtirol.info/
REDIRECTION_(300…399) 301 https://osm.org/browse/node/2410390011 http://www.trekking-etc.it/etc/trekking/it/treks/europe/it/tn/trento/marzola/palestra-dei-bindesi/palestra-di-roccia/poi.html → https://www.trekking-etc.it/etc/trekking/it/treks/europe/it/tn/trento/marzola/palestra-dei-bindesi/palestra-di-roccia/poi.html
SUCCESS_(200…299) 200 https://osm.org/browse/node/3734579885 http://www.stubevalzurg.it
REDIRECTION_(300…399) 301 https://osm.org/browse/node/914014044 http://www.ucipem-tn.it/ → https://www.ucipem-tn.it/
COULD_NOT_RESOLVE_HOST https://osm.org/browse/way/228756404 http://www.ziviscuola.it/
REDIRECTION_(300…399) 301 https://osm.org/browse/way/150147432 http://www.winklerhotels.com/ → https://www.winklerhotels.com/
SUCCESS_(200…299) 200 https://osm.org/browse/node/6579583343 https://archiviomemoria.ecomuseovalledeilaghi.it/s/itinerari/item/10515
CLIENT_ERROR_(400…499) 404 https://osm.org/browse/relation/17057573 https://camino-europe.eu/de/eu/switzerland/jakobswege-schweiz/jakobsweg-graubuenden/muestair-lue/
SUCCESS_(200…299) 200 https://osm.org/browse/node/3699970563 https://commons.wikimedia.org/wiki/File:2.punto-geodetico.jpg
SUCCESS_(200…299) 200 https://osm.org/browse/node/3699918059 https://commons.wikimedia.org/wiki/File:Punto-geodetico.jpg
SUCCESS_(200…299) 200 https://osm.org/browse/way/827433945 https://climbingaway.fr/en/climbing-areas/monte-lefre
SUCCESS_(200…299) 200 https://osm.org/browse/node/9385778720 https://fightingclub.it/
SUCCESS_(200…299) 200 https://osm.org/browse/node/13159195777 https://contenuti.meteotrentino.it/m/Grafici/Stazioni/mobile-charts?idstz=T0193
CLIENT_ERROR_(400…499) 404 https://osm.org/browse/node/2454393123 https://osm.org/browse/node/4194988799 https://osm.org/browse/relation/3200015 https://osm.org/browse/relation/3200833 https://fstatic2.mtb-news.de/f3/20/2008/2008450-9fykdaxxc53f-dscf1581-large.jpg
SUCCESS_(200…299) 200 https://osm.org/browse/node/13170577907 https://montanaris.panocloud.webcam/
SUCCESS_(200…299) 200 https://osm.org/browse/way/1324690083 https://openresa.com/club/Fortezza
REDIRECTION_(300…399) 308 https://osm.org/browse/node/3023914503 https://opencity.comune.bolzano.it/Amministrazione/Luoghi/Farmacia-Comunale-Firmian/ → https://www.comune.bolzano.bz.it/Amministrazione/Luoghi/Farmacia-Comunale-Firmian/
SUCCESS_(200…299) 200 https://osm.org/browse/node/307308219 https://sketchfab.com/models/1b625c8a20674217b3981e3bd4571bf1/embed?autospin=0.2&autostart=1
SUCCESS_(200…299) 200 https://osm.org/browse/relation/2962979 https://portal.tirol.gv.at/TirolGvAt/bikeAbfrageDetail.do?cmd=bikeAbfrageDetail&cid=1&id=482
SUCCESS_(200…299) 200 https://osm.org/browse/node/13108822080 https://sketchfab.com/models/c4607eaad12c40629e9c8dc0a0b3ebca/embed?autospin=0.2&autostart=1
SUCCESS_(200…299) 200 https://osm.org/browse/node/3820740658 https://wetter.provinz.bz.it/hoehenwindstationen.asp?stat_stid=1299
SUCCESS_(200…299) 200 https://osm.org/browse/node/9995426040 https://wetter.provinz.bz.it/hoehenwindstationen.asp?stat_stid=962
COULD_NOT_RESOLVE_HOST https://osm.org/browse/node/6291818935 https://wiki-cri-vpva.freebz.org/
SUCCESS_(200…299) 200 https://osm.org/browse/node/2504873321 https://wetter.provinz.bz.it/wetterstationen.asp?stat_stid=1242
CLIENT_ERROR_(400…499) 404 https://osm.org/browse/way/673429271 https://www.altabadia.org/it/info/kids-fun-line-la-crusc.html
SAME_DOMAIN_REDIRECTION_(300…399) 301 https://osm.org/browse/node/8551671325 https://www.altabadia.org/it/info/kids-funpark-colfosco.html → /it/poi/cosa-fare-in-alta-badia/dettaglio/poi/kids-funpark-colfosco
CLIENT_ERROR_(400…499) 404 https://osm.org/browse/relation/12113032 https://www.altabadia.org/it/tours/corvara-pescosta.html
SUCCESS_(200…299) 200 https://osm.org/browse/way/250562750 https://www.anae.it/basi-logistiche/#VILLA_ZAZA_COLLE_ISARCO
SUCCESS_(200…299) 200 https://osm.org/browse/relation/418904 https://www.bikemeran.it/de/radwege/passeiertal
TIMEOUT https://osm.org/browse/way/321589953 http://www.vigilfuoco.it/aspx/page.aspx?IdPage=4619
TIMEOUT https://osm.org/browse/node/473429512 http://www.wasserfallbar.com/?site=sights&lang=it
COULD_NOT_RESOLVE_HOST https://osm.org/browse/node/8425978160 https://www.circolodeivoi.it
PEER_CERTIFICATE_FROM_UNKNOWN_CA_CERTIFICATES https://osm.org/browse/way/338525439 https://www.chieseitaliane.chiesacattolica.it/chieseitaliane/AccessoEsterno.do?code=26087&sn=&mode=rxd&type=auto
REDIRECTION_(300…399) 301 https://osm.org/browse/way/334241096 https://www.burgeninstitut.com/castel_trostburg.htm → https://www.burgeninstitut.com/it/castel-trostburg/informazioni-generali/
SUCCESS_(200…299) 200 https://osm.org/browse/node/9258505253 https://www.deinsuedtirolerbauer.it/lockpfosten/traubenterrassen.html
REDIRECTION_(300…399) 301 https://osm.org/browse/way/59418621 https://www.casacanarino.it → https://casacanarino.it/
SUCCESS_(200…299) 200 https://osm.org/browse/way/704192508 https://www.dolomiti-open.org/come-arrivare
REDIRECTION_(300…399) 301 https://osm.org/browse/way/958817249 https://www.comunitadellegiudicarie.it/Tematiche/Servizio-Igiene-Ambientale/Isole-ecologiche-stradali → https://www.comunitadellegiudicarie.it/Tematiche/Servizio-Igiene-Ambientale-TARI/Isole-ecologiche-stradali
REDIRECTION_(300…399) 302 https://osm.org/browse/node/7859290748 https://www.facebook.com/Cafe-Eisdiele-Anny-353135764882219/ → https://www.facebook.com/login/?next=https%3A%2F%2Fwww.facebook.com%2FCafe-Eisdiele-Anny-353135764882219%2F
SUCCESS_(200…299) 200 https://osm.org/browse/way/1075169203 https://www.facebook.com/lidoparadisecavedine/
SAME_DOMAIN_REDIRECTION_(300…399) 301 https://osm.org/browse/relation/7751878 https://www.dreizinnen.com → /en
PEER_CERTIFICATE_FROM_UNKNOWN_CA_CERTIFICATES https://osm.org/browse/node/2644045105 https://www.giustizia-amministrativa.it/trga-bolzano
SUCCESS_(200…299) 200 https://osm.org/browse/relation/12376459 https://osm.org/browse/relation/13715883 https://osm.org/browse/relation/13716033 https://osm.org/browse/relation/13716129 https://osm.org/browse/relation/13722028 https://osm.org/browse/relation/13722084 https://osm.org/browse/relation/13722101 https://osm.org/browse/relation/13777124 https://www.jakobswege-europa.de/wege/suedtirol-graubuenden.htm
REDIRECTION_(300…399) 301 https://osm.org/browse/relation/12467439 https://www.kronplatz.com/de/winter/langlauf/reischach_tour-113356521 → https://www.bruneck.com/de/activity/reischach_4929
REDIRECTION_(300…399) 301 https://osm.org/browse/node/888882075 https://www.hotelreginabz.it/ → https://www.hotelreginabz.it/it/
SUCCESS_(200…299) 200 https://osm.org/browse/node/9991289506 https://www.erlebnispark.it/
PEER_CERTIFICATE_FROM_UNKNOWN_CA_CERTIFICATES https://osm.org/browse/node/511154620 https://osm.org/browse/node/511154623 https://www.mecki.com
SUCCESS_(200…299) 200 https://osm.org/browse/relation/14460844 https://www.fernandolarcher.it/folgaria-centro.html
REDIRECTION_(300…399) 301 https://osm.org/browse/relation/9467978 https://www.ladurns.it → https://www.ladurns.it/de
SUCCESS_(200…299) 200 https://osm.org/browse/node/414736896 https://www.mapillary.com/app/?lat=46.551648805556&lng=11.616830805556&z=18.68870249545479&focus=photo&pKey=222262339345360&menu=false&x=0.48852842769959626&y=0.4150369073753623&zoom=0
REDIRECTION_(300…399) 301 https://osm.org/browse/relation/9480447 https://www.meran2000.com → https://www.meran2000.com/de/home/1-0.html
SUCCESS_(200…299) 200 https://osm.org/browse/node/3485927067 https://www.merano-suedtirol.it/de/passeiertal/aktivurlaub/wandern-bergsteigen/huetten/rid-4e540b7fbbc39c5e20bb19394f2cce10-g-timmelsalm.html
SUCCESS_(200…299) 200 https://osm.org/browse/node/10548763589 https://www.merano-suedtirol.it/de/partschins-rabland-und-toell/essen-trinken/produkte-aus-partschins/ab-hof-verkauf/rid-F7FC7E37048C14D4DB3299E1092731A8-p-moar-1271.html
SUCCESS_(200…299) 200 https://osm.org/browse/node/4759414526 https://www.merano-suedtirol.it/de/passeiertal/aktivurlaub/wandern-bergsteigen/huetten/rid-FC254FA00CB678AD5301ECA437893635-g-farmazon-alm.html
CLIENT_ERROR_(400…499) 404 https://osm.org/browse/relation/8396539 https://www.merano-suedtirol.it/de/partschins/betrieb/kulturwanderweg-peter-mitterhofer-5590/
CLIENT_ERROR_(400…499) 404 https://osm.org/browse/way/289142384 https://www.merano-suedtirol.it/de/partschins/betrieb/klettergarten-burgstallknott-2444/
SUCCESS_(200…299) 200 https://osm.org/browse/relation/10564936 https://www.merano-suedtirol.it/de/passeiertal/aktivurlaub/wandern-bergsteigen/wanderwege/themenwege/121154997-glaubensweg-auf-dem-vigiljoch.html
SUCCESS_(200…299) 200 https://osm.org/browse/way/920996108 https://osm.org/browse/way/920996110 https://www.moviment.it/en/funcross-biok-la-para-moviment-altabadia.php
SUCCESS_(200…299) 200 https://osm.org/browse/way/920996111 https://www.moviment.it/it/parco-moviment-alta-badia-funslope.php
SUCCESS_(200…299) 200 https://osm.org/browse/way/921068614 https://www.moviment.it/it/parco-moviment-alta-badia-kidsslope-pralongia.php
REDIRECTION_(300…399) 301 https://osm.org/browse/way/707423076 https://www.moviment.it/it/parco-moviment-alta-badia-piz-la-ila.php → https://www.moviment.it/it/nuovo-parco-moviment-piz-la-ila-alta-badia.php
SUCCESS_(200…299) 200 https://osm.org/browse/way/920996113 https://www.moviment.it/it/parco-moviment-alta-badia-snowpark.php
SUCCESS_(200…299) 200 https://osm.org/browse/way/707423075 https://www.moviment.it/en/bear-park-moviment-alta-badia.php
SUCCESS_(200…299) 200 https://osm.org/browse/relation/18172957 https://osm.org/browse/relation/19597432 https://www.parcofluvialesarca.tn.it/pagina.php?id=60
REDIRECTION_(300…399) 301 https://osm.org/browse/relation/9473247 https://www.pfelders.info → https://www.pfelders.info/de
CLIENT_ERROR_(400…499) 403 https://osm.org/browse/node/6087579636 https://www.priskakelderer.it/
SUCCESS_(200…299) 200 https://osm.org/browse/node/2755885415 https://www.passeier.it/suedtirol-passeiertal/wandern/egger-grub-alm.html
SUCCESS_(200…299) 200 https://osm.org/browse/node/9800969629 https://www.radioetv.it
SUCCESS_(200…299) 200 https://osm.org/browse/way/688335249 https://www.onkeltaa.com/kraeuterkueche-geschmackserlebnisse-janett-platino/
SUCCESS_(200…299) 200 https://osm.org/browse/node/4342421425 https://www.onkeltaa.com/bad-egart-geschichte-des-hauses/
SUCCESS_(200…299) 200 https://osm.org/browse/relation/9481159 https://www.ritten.com/
REDIRECTION_(300…399) 301 https://osm.org/browse/node/7127835761 https://www.roterhahn.it/de/urlaub-auf-dem-bauernhof-in-suedtirol/ferienwohnungen-und-zimmer/bauernhof-urlaub/moarhof-vahrn+3544.html → https://www.roterhahn.it/de/urlaub-auf-dem-bauernhof/suedtirol/ferienwohnungen-und-zimmer/moarhof-vahrn+3544-1
REDIRECTION_(300…399) 301 https://osm.org/browse/relation/9481160 https://www.sarntal.com/en/mountain-railway/ski-area-reinswald/skiing-snowboarding.html → https://www.sarntal.com/en/ski-and-hiking-area-reinswald.html
CLIENT_ERROR_(400…499) 403 https://osm.org/browse/node/1760214949 https://www.sat-mori.it/sezione/parco-boulder/
SUCCESS_(200…299) 200 https://osm.org/browse/way/42731389 https://www.saalerwirt.com/
REDIRECTION_(300…399) 301 https://osm.org/browse/relation/6990942 https://www.skipasscortina.com/ → https://skipasscortina.com/
REDIRECTION_(300…399) 301 https://osm.org/browse/node/2755936688 https://osm.org/browse/node/3444152125 https://www.sentres.com/de/riffian/gasthaus-brunner → https://www.sentres.com/r/61284769
SUCCESS_(200…299) 200 https://osm.org/browse/relation/123162 https://www.sternwarte.it
CLIENT_ERROR_(400…499) 403 https://osm.org/browse/way/975586846 https://www.thecrag.com/de/klettern/italy/northern-italy/arco-trento-area/area/3220447521
CLIENT_ERROR_(400…499) 403 https://osm.org/browse/way/108017972 https://www.thecrag.com/en/climbing/italy/alto-adige/castel-badia-loathnakofel-sonnenburg
SUCCESS_(200…299) 200 https://osm.org/browse/node/4682420081 https://www.suedtirol-360.com/en-k20120218115502.html
REDIRECTION_(300…399) 301 https://osm.org/browse/node/2755885861 https://www.suedtirolerland.it/it/sport-e-tempo-libero/montagne-ed-escursioni/escursioni-in-val-passiria/a-s-martino-di-monteneve/ → https://www.suedtirolerland.it/it/sport-e-tempo-libero/montagne-ed-escursioni/in-val-passiria/al-villaggio-minerario-di-monteneve/
REDIRECTION_(300…399) 301 https://osm.org/browse/relation/11683931 https://www.seilbahnensulden.it/ → https://seilbahnensulden.it/
REDIRECTION_(300…399) 301 https://osm.org/browse/way/81246072 https://www.visitfiemme.it/de/infos/malga-venegia_5318/ → https://www.visitfiemme.it/de/infos/malga-venegia_5318
REDIRECTION_(300…399) 303 https://osm.org/browse/way/1054631063 https://youtu.be/40C-uKMduMw?si=zf14LDwW47RyD2TB → https://www.youtube.com/watch?si=zf14LDwW47RyD2TB&v=40C-uKMduMw&feature=youtu.be
SUCCESS_(200…299) 200 https://osm.org/browse/relation/9465211 https://www.vigilio.com/
REDIRECTION_(300…399) 303 https://osm.org/browse/node/12640104960 https://youtu.be/JTD5-qSx26I → https://www.youtube.com/watch?v=JTD5-qSx26I&feature=youtu.be
REDIRECTION_(300…399) 303 https://osm.org/browse/node/5113740516 https://youtu.be/JcHobEsapzg → https://www.youtube.com/watch?v=JcHobEsapzg&feature=youtu.be
SUCCESS_(200…299) 200 https://osm.org/browse/node/443703630 https://www.trentinotv.it/
MISSING_URI_SCHEME https://osm.org/browse/node/2403497008 www.parco.avventura.bz
MISSING_URI_SCHEME https://osm.org/browse/way/262121200 www.rifugiostelladitalia.com
MISSING_URI_SCHEME https://osm.org/browse/node/925124631 www.scout.it
REDIRECTION_(300…399) 303 https://osm.org/browse/relation/2269292 https://youtu.be/wnUA29iI2rc?si=33Z_h1QBPV2MYS9_ → https://www.youtube.com/watch?si=33Z_h1QBPV2MYS9_&v=wnUA29iI2rc&feature=youtu.be
MISSING_URI_SCHEME https://osm.org/browse/relation/9648372 www.skilagorai.it
MISSING_URI_SCHEME https://osm.org/browse/way/205657016 www.stacherhof.com/
REDIRECTION_(300…399) 301 https://osm.org/browse/way/692394023 https://www.valgardena.it/en/outdoor/base/outdoor/easy-jump-line/30391646/ → https://www.valgardena.it/en/outdoor/base/outdoor/jump-line/30391646/
PEER_CERTIFICATE_FROM_UNKNOWN_CA_CERTIFICATES https://osm.org/browse/node/7691158785 https://zivilschutz.it/
