MISSING_URI_SCHEME  <meta http-equiv="content-type" content="text/html
MISSING_URI_SCHEME  <title>OSM3S Response</title>
MISSING_URI_SCHEME  charset=utf-8" lang="en"/>
MISSING_URI_SCHEME  <!DOCTYPE html PUBLIC "-//W3C//DTD XHTML 1.0 Strict//EN
MISSING_URI_SCHEME  </body>
MISSING_URI_SCHEME  </head>
MISSING_URI_SCHEME  </html>
MISSING_URI_SCHEME  <?xml version="1.0" encoding="UTF-8"?>
MISSING_URI_SCHEME  <body>
MISSING_URI_SCHEME  <head>
MISSING_URI_SCHEME  <html xmlns="http://www.w3.org/1999/xhtml" xml:lang="en" lang="en">
CLIENT_ERROR_(400…499) 400  http://www.w3.org/TR/xhtml1/DTD/xhtml1-strict.dtd">
MISSING_URI_SCHEME  <p><strong style="color:#FF0000">Error</strong>: runtime error: open64: 0 Success /osm3s_osm_base Dispatcher_Client::request_read_and_idx::timeout. The server is probably too busy to handle your request. </p>
MISSING_URI_SCHEME  <p>The data included in this document is from www.openstreetmap.org. The data is made available under ODbL.</p>
COULD_NOT_RESOLVE_HOST https://osm.org/browse/node/1485111063 http://asigogna.com/
COULD_NOT_RESOLVE_HOST https://osm.org/browse/node/3591291003 http://icsmb.gov.it
REDIRECTION_(300…399) 302 https://osm.org/browse/node/3067083562 http://rifugiolacucciaimperia.blogspot.it/ → http://rifugiolacucciaimperia.blogspot.com/
REDIRECTION_(300…399) 301 https://osm.org/browse/relation/11734820 http://parconaturalealpiliguri.it → https://parconaturalealpiliguri.it/
SUCCESS_(200…299) 200 https://osm.org/browse/way/1306677627 http://campeggiotrigoso.it/
REDIRECTION_(300…399) 301 https://osm.org/browse/node/12543571523 http://suoreminime.it/ → https://suoreminime.it/
REDIRECTION_(300…399) 301 https://osm.org/browse/node/942829865 https://osm.org/browse/node/1360305797 https://osm.org/browse/node/1362037562 http://www.autogrill.it/portal/public/default → https://www.autogrill.it/portal/public/default
REDIRECTION_(300…399) 301 https://osm.org/browse/node/11380379580 http://www.bbgiutte.it → https://www.bbgiutte.it/
REDIRECTION_(300…399) 301 https://osm.org/browse/way/134211659 http://www.celtorretta.it/ → https://www.celtorretta.it/
REDIRECTION_(300…399) 301 https://osm.org/browse/node/631496026 http://www.conad.it/conad/home/puntivendita/dettaglio.html?idPdv=370 → https://www.conad.it/conad/home/puntivendita/dettaglio.html?idPdv=370
SUCCESS_(200…299) 200 https://osm.org/browse/node/1983698853 http://www.casadellarosa.it/
SUCCESS_(200…299) 200 https://osm.org/browse/way/1413035046 http://www.campingfossalupara.it/
COULD_NOT_RESOLVE_HOST https://osm.org/browse/node/1635105435 http://www.creamcafe.altervista.org/index.html
COULD_NOT_RESOLVE_HOST https://osm.org/browse/node/1786610444 http://www.donmilanicolombo.it
REDIRECTION_(300…399) 301 https://osm.org/browse/node/4144013789 http://www.coopillaboratorio.com/il-formicaio/ → https://www.coopillaboratorio.it/
COULD_NOT_RESOLVE_HOST https://osm.org/browse/node/5808940153 http://www.ilcantinoneduepuntozero.it/
SUCCESS_(200…299) 200 https://osm.org/browse/node/11670347899 http://www.collinatorre.it/it/home
REDIRECTION_(300…399) 301 https://osm.org/browse/node/2270719790 http://www.gelateriagaggero.it → https://www.gelateriagaggero.it/
REDIRECTION_(300…399) 301 https://osm.org/browse/node/5347905496 http://www.ilcerchiodellerelazioni.it/centro-mascherona/ → https://www.ilcerchiodellerelazioni.it/centro-mascherona/
REDIRECTION_(300…399) 301 https://osm.org/browse/node/5347905495 http://www.ilcerchiodellerelazioni.it → https://www.ilcerchiodellerelazioni.it/
REDIRECTION_(300…399) 301 https://osm.org/browse/node/3745582710 http://www.lemacinedelconfluente.com/ → https://www.lemacinedelconfluente.com/
REDIRECTION_(300…399) 301 https://osm.org/browse/node/4221401452 http://www.milleeunanotte.net/ → https://www.milleeunanotte.net/
SUCCESS_(200…299) 200 https://osm.org/browse/node/4442358037 http://www.museodellacanzone.it/
REDIRECTION_(300…399) 301 https://osm.org/browse/node/2028670112 http://www.marinaportoantico.it/ → https://marinaportoantico.it/
REDIRECTION_(300…399) 301 https://osm.org/browse/node/5154735413 http://www.nauroz.com/ → https://www.nauroz.com/
SUCCESS_(200…299) 200 https://osm.org/browse/node/5141426251 http://www.motonauticapagliettini.it
COULD_NOT_RESOLVE_HOST https://osm.org/browse/way/202604851 http://www.palabeachvillage.it/
REDIRECTION_(300…399) 301 https://osm.org/browse/way/1303072433 http://www.musicforpeace.it → https://www.musicforpeace.it/
REDIRECTION_(300…399) 301 https://osm.org/browse/node/5347879759 http://www.croceverdequarto.it → https://www.croceverdequarto.it/
SUCCESS_(200…299) 200 https://osm.org/browse/node/2947470708 http://www.officineiadr.com
REDIRECTION_(300…399) 301 https://osm.org/browse/way/225443643 http://www.rivieratrasporti.it/ → https://www.rivieratrasporti.it/
COULD_NOT_RESOLVE_HOST https://osm.org/browse/node/1635105443 http://www.sushi-si.it/
REDIRECTION_(300…399) 301 https://osm.org/browse/way/379055920 http://www.parcomarguareis.it/ → https://www.parcomarguareis.it/
SUCCESS_(200…299) 200 https://osm.org/browse/node/2453829134 http://www.sonnodautore.it/
SUCCESS_(200…299) 200 https://osm.org/browse/node/5146204592 http://www.ulivoeilmare.it
REDIRECTION_(300…399) 301 https://osm.org/browse/node/2734489377 http://www.vivisol.it/ → https://www.vivisol.it:443/
REDIRECTION_(300…399) 301 https://osm.org/browse/node/1485111612 http://www.piccolovallega.it/ → https://piccolovallega.it/
SUCCESS_(200…299) 200 https://osm.org/browse/way/437899402 http://www.villaggiointernazionale.blog/
SUCCESS_(200…299) 200 https://osm.org/browse/node/12458597998 https://aromiconcentrati.it
SUCCESS_(200…299) 200 https://osm.org/browse/way/225228057 https://claspesto.com
SUCCESS_(200…299) 200 https://osm.org/browse/way/1457403896 https://campingcostabella.it/
SERVER_ERROR_(500…599) 503 https://osm.org/browse/node/2153108578 https://colorificiogenova.it/
SUCCESS_(200…299) 200 https://osm.org/browse/way/462540380 https://campinglaghetti.it/
SUCCESS_(200…299) 200 https://osm.org/browse/node/11903583009 https://elettrosecuritysrl.it/
SUCCESS_(200…299) 200 https://osm.org/browse/way/1306674193 https://campingmaremonti.com/
PEER_CERTIFICATE_FROM_UNKNOWN_CA_CERTIFICATES https://osm.org/browse/node/11978319726 https://garagesanroccofirriolo.trovaweb.net/
SUCCESS_(200…299) 200 https://osm.org/browse/node/12222833048 https://fablabimperia.org/
SUCCESS_(200…299) 200 https://osm.org/browse/node/2362332629 https://immobiliaresegalerba.it/
SUCCESS_(200…299) 200 https://osm.org/browse/node/2358463346 https://imperia.sebina.it/opac/.do
SUCCESS_(200…299) 200 https://osm.org/browse/node/11541016602 https://gruppodomusre.it
SUCCESS_(200…299) 200 https://osm.org/browse/node/11903583004 https://kokoart.it/
SUCCESS_(200…299) 200 https://osm.org/browse/way/259258749 https://costalunga.org/
SUCCESS_(200…299) 200 https://osm.org/browse/node/8097477393 https://osm.org/browse/way/1456206265 https://labaiadeigabbiani.it/
SUCCESS_(200…299) 200 https://osm.org/browse/node/11913296265 https://negozi.libraccio.it/
SUCCESS_(200…299) 200 https://osm.org/browse/way/481979099 https://osm.org/browse/way/481979115 https://osm.org/browse/way/720218185 https://osm.org/browse/way/720222996 https://it.wikipedia.org/wiki/Batteria_di_Punta_Chiappa
SUCCESS_(200…299) 200 https://osm.org/browse/way/345663486 https://locandaupega.com/campeggio/
SUCCESS_(200…299) 200 https://osm.org/browse/node/12785575468 https://pokesunrice.com/
SUCCESS_(200…299) 200 https://osm.org/browse/node/1719117782 https://osteriadellacquasanta.com
REDIRECTION_(300…399) 301 https://osm.org/browse/node/3423362280 https://savona.ubiklibri.it/ → https://www.ubiklibri.it/librerie/ubik-savona
REDIRECTION_(300…399) 301 https://osm.org/browse/way/440329909 https://portodiarenzano.it → https://www.portodiarenzano.it/
SUCCESS_(200…299) 200 https://osm.org/browse/node/11392242462 https://minervasoluzioni.it/
SUCCESS_(200…299) 200 https://osm.org/browse/node/7772132384 https://shop.spesaespesa.com/shop/parafarmacia-santermete
SUCCESS_(200…299) 200 https://osm.org/browse/node/7489403938 https://victoriagenoa.com/
SUCCESS_(200…299) 200 https://osm.org/browse/node/9845098881 https://pizzeriasenese.it/
REDIRECTION_(300…399) 301 https://osm.org/browse/node/12759776305 https://www.adecco.it/trova-agenzie/imperia-imperia-adit_0160/ → https://www.adecco.com/it-it/filiali/liguria/imperia/adecco
CLIENT_ERROR_(400…499) 403 https://osm.org/browse/node/12650817209 https://www.adm.gov.it/portale/dt-liguria-piemonte-valledaosta/-/adm/deleteCookies?p_auth=tReLpgtB
SUCCESS_(200…299) 200 https://osm.org/browse/node/12785575476 https://www.abruzzese.it/
SUCCESS_(200…299) 200 https://osm.org/browse/node/9828595376 https://www.alliancemedical.it/
SUCCESS_(200…299) 200 https://osm.org/browse/node/3060571109 https://www.aikikai-imperia.it/
SUCCESS_(200…299) 200 https://osm.org/browse/node/8285075495 https://www.ambulatoriocavallini.com/
SUCCESS_(200…299) 200 https://osm.org/browse/way/158281161 https://www.asl3.liguria.it/ospedali/gallino-pontedecimo.html
SUCCESS_(200…299) 200 https://osm.org/browse/way/884126422 https://www.asl3.liguria.it/ospedali/micone-sestri-ponente.html
SUCCESS_(200…299) 200 https://osm.org/browse/way/225515627 https://www.agenziacasavacanza.it
REDIRECTION_(300…399) 301 https://osm.org/browse/node/11299657682 https://www.autoscuolegruppozena.com/ → https://autoscuolegruppozena.com/
SUCCESS_(200…299) 200 https://osm.org/browse/way/1250032123 https://www.bluebeachbungalows.com/
REDIRECTION_(300…399) 301 https://osm.org/browse/way/437897161 https://www.booking.com/hotel/it/bungalow-camping-rivamare.it.html?aid=7974236 → https://www.booking.com/hotel/it/bungalow-camping-rivamare.it.html
CLIENT_ERROR_(400…499) 404 https://osm.org/browse/node/5163804579 https://www.bestsushi.it/best-sushi-coming-soon-savona/
REDIRECTION_(300…399) 301 https://osm.org/browse/node/12785575462 https://www.bluvacanze.it → https://bluvacanze.it/
SUCCESS_(200…299) 200 https://osm.org/browse/node/4888387271 https://www.bper.it/scheda-filiale/-/filiale/liguria/imperia/agenzia-22068
SUCCESS_(200…299) 200 https://osm.org/browse/node/3712360091 https://www.calunae.com
SUCCESS_(200…299) 200 https://osm.org/browse/way/351297030 https://www.campingbracchettovetta.com/
SUCCESS_(200…299) 200 https://osm.org/browse/way/332491572 https://www.caduchittu.com/
SUCCESS_(200…299) 200 https://osm.org/browse/way/342519271 https://www.campinglapergola.net/
SUCCESS_(200…299) 200 https://osm.org/browse/way/333063281 https://www.campeggiooasi.it/
SUCCESS_(200…299) 200 https://osm.org/browse/way/178709006 https://www.campingleo.it/
SUCCESS_(200…299) 200 https://osm.org/browse/way/235809148 https://www.campinglasfinge.com/
SUCCESS_(200…299) 200 https://osm.org/browse/way/1382406917 https://www.campingpfirsich.it/
REDIRECTION_(300…399) 301 https://osm.org/browse/way/230769914 https://www.cartieragrillo.net/ → https://www.cartieragrillo.net/index.php/it/
REDIRECTION_(300…399) 301 https://osm.org/browse/way/236840321 https://www.campingrustia.it/ → https://www.campingrustia.it/it/
CLIENT_ERROR_(400…499) 403 https://osm.org/browse/node/12785575448 https://www.centrolunasarzana.it/negozi/lavanderia-1h-clean/
CLIENT_ERROR_(400…499) 403 https://osm.org/browse/node/7440216536 https://www.centrolunasarzana.it/negozi/percento/
CLIENT_ERROR_(400…499) 403 https://osm.org/browse/node/12785575455 https://www.centrolunasarzana.it/negozi/mumble-mumble/
SUCCESS_(200…299) 200 https://osm.org/browse/node/10116440480 https://www.cmpsport.com/it/
SAME_DOMAIN_REDIRECTION_(300…399) 302 https://osm.org/browse/node/7440216537 https://www.cibiamo.it/ → ./site
CLIENT_ERROR_(400…499) 404 https://osm.org/browse/node/13136169465 https://www.comini.eu/borea/privati/showrooms/imperia-showroom
SUCCESS_(200…299) 200 https://osm.org/browse/way/225501972 https://www.comune.sanlorenzoalmare.im.it/Luoghi?ID=604
REDIRECTION_(300…399) 301 https://osm.org/browse/node/10766471188 https://www.danjohn.com → https://danjohn.com/
SUCCESS_(200…299) 200 https://osm.org/browse/node/1381845463 https://www.comune.sanlorenzoalmare.im.it/Luoghi?ID=657#Modalitaaccesso
REDIRECTION_(300…399) 301 https://osm.org/browse/node/12456213408 https://www.easydepot.it → https://easydepot.it/
SUCCESS_(200…299) 200 https://osm.org/browse/node/12785575447 https://www.dentalpro.it
SUCCESS_(200…299) 200 https://osm.org/browse/node/12900434617 https://www.duerrecentromedico.it
INFORMATION_(100…199) 103 https://osm.org/browse/node/12785575477 https://www.erbolario.com/
SUCCESS_(200…299) 200 https://osm.org/browse/node/12785575451 https://www.equiparafarmacie.it/storelocator/store/index/source_code/parafarmacia_sarzana/
SUCCESS_(200…299) 200 https://osm.org/browse/node/12900434615 https://www.essevuelettronica.it/
INFORMATION_(100…199) 103 https://osm.org/browse/node/12785575475 https://www.fabianigioiellerie.com/
SUCCESS_(200…299) 200 https://osm.org/browse/way/1372102366 https://www.eurospin.it/punti-vendita/diano-castello-via-diano-san-pietro/
SUCCESS_(200…299) 200 https://osm.org/browse/node/11087523992 https://www.golfodellaluna.it
SUCCESS_(200…299) 200 https://osm.org/browse/node/12785575450 https://www.grandvision.it/it-it/trova-negozi/negozio?storeNumber=K041
SUCCESS_(200…299) 200 https://osm.org/browse/node/12649562775 https://www.gabetti.it/agenzia/imperia
SUCCESS_(200…299) 200 https://osm.org/browse/node/11518698596 https://www.greenhouseanimali.it/
SUCCESS_(200…299) 200 https://osm.org/browse/node/11622279157 https://www.gruppoge.it/sedi/toyota-genova-vendita-assistenza-service-toyota/
TIMEOUT https://osm.org/browse/way/365091985 https://www.campingcharly.it
SUCCESS_(200…299) 200 https://osm.org/browse/way/200981533 https://www.hotelbobby.it
PEER_CERTIFICATE_FROM_UNKNOWN_CA_CERTIFICATES https://osm.org/browse/node/12410170928 https://www.icboine-imperia.edu.it/luogo/scuola-primaria-a-magliano/
PEER_CERTIFICATE_FROM_UNKNOWN_CA_CERTIFICATES https://osm.org/browse/way/1341620816 https://www.icboine-imperia.edu.it/luogo/scuola-materna-borgo-prino
PEER_CERTIFICATE_FROM_UNKNOWN_CA_CERTIFICATES https://osm.org/browse/way/1341620817 https://www.icboine-imperia.edu.it/luogo/scuola-primaria-r-vercesi
INFORMATION_(100…199) 103 https://osm.org/browse/node/2153105424 https://www.ilcashewficio.com/
SUCCESS_(200…299) 200 https://osm.org/browse/node/2506405757 https://www.gter.it/
SUCCESS_(200…299) 200 https://osm.org/browse/node/7428452045 https://www.ilfaggiocoop.it/struttura/residenza-protetta-rp-di-perinaldo/
REDIRECTION_(300…399) 301 https://osm.org/browse/node/11954263979 https://www.ilsognoimmobiliare.it → https://ilsognoimmobiliare.it/
SUCCESS_(200…299) 200 https://osm.org/browse/way/1426798893 https://www.lapietraelulivo-agricamping-pietraligure.com/
SUCCESS_(200…299) 200 https://osm.org/browse/node/12547565703 https://www.ilnostrocaffeonline.it/
SUCCESS_(200…299) 200 https://osm.org/browse/node/9855217478 https://www.imperiascacchi.it/
SUCCESS_(200…299) 200 https://osm.org/browse/node/1722582218 https://www.lollihotel.it/
SUCCESS_(200…299) 200 https://osm.org/browse/node/13340881986 https://www.maresport.it/maresport-porto-maurizio/
SUCCESS_(200…299) 200 https://osm.org/browse/node/11824958712 https://www.miodottore.it/francesca-casazza/logopedista/genova
SUCCESS_(200…299) 200 https://osm.org/browse/way/1184828339 https://www.mullerbordighera.it
SUCCESS_(200…299) 200 https://osm.org/browse/node/12463418378 https://www.nidoscuolaumbertoemargherita.it/
CLIENT_ERROR_(400…499) 403 https://osm.org/browse/node/4878856100 https://www.paginegialle.it/moneglia-ge/pizzerie/pizzeria-ciocco
SUCCESS_(200…299) 200 https://osm.org/browse/node/12722635896 https://www.menoventi.it
SUCCESS_(200…299) 200 https://osm.org/browse/way/1162787487 https://www.piandipicche.it/index.html
SUCCESS_(200…299) 200 https://osm.org/browse/way/202331656 https://www.museodellorologio.it
SUCCESS_(200…299) 200 https://osm.org/browse/node/13096908610 https://www.oliorivieraligure.it/produttori/frantoio-ulivi-di-liguria/
COULD_NOT_RESOLVE_HOST https://osm.org/browse/node/1485111077 https://www.ristorantealcambio-spotorno.it
SUCCESS_(200…299) 200 https://osm.org/browse/node/5677693820 https://www.pizzeriamennella.it/
SUCCESS_(200…299) 200 https://osm.org/browse/way/201206121 https://www.royalhotelsanremo.com/
SUCCESS_(200…299) 200 https://osm.org/browse/node/10117209588 https://www.riccaeugenia.it/
SUCCESS_(200…299) 200 https://osm.org/browse/way/443614365 https://www.stellamarinasavona.it/
REDIRECTION_(300…399) 301 https://osm.org/browse/node/12543571522 https://www.rtimmobiliare.it → https://rtimmobiliare.it/
SUCCESS_(200…299) 200 https://osm.org/browse/node/11960108596 https://www.technipackgenova.com
REDIRECTION_(300…399) 301 https://osm.org/browse/node/12652317392 https://www.uildm.org/liguria → https://uildm.org/liguria
SUCCESS_(200…299) 200 https://osm.org/browse/way/324950042 https://www.tigullio.com/
SUCCESS_(200…299) 200 https://osm.org/browse/node/8063924289 https://www.spaziocucinearreda.com/
SUCCESS_(200…299) 200 https://osm.org/browse/node/12785575463 https://www.tim.it/
PEER_CERTIFICATE_FROM_UNKNOWN_CA_CERTIFICATES https://osm.org/browse/node/11640839202 https://www.vitaecalicieforchette.it
REDIRECTION_(300…399) 301 https://osm.org/browse/way/1456193698 https://www.vacanzissima.net/ → https://vacanzissima.net/
MISSING_URI_SCHEME https://osm.org/browse/node/12193025664 www.bbfiume.it
MISSING_URI_SCHEME https://osm.org/browse/node/4358577655 www.camoglicase.it
MISSING_URI_SCHEME https://osm.org/browse/way/202465238 www.cascinastra.it/
MISSING_URI_SCHEME https://osm.org/browse/node/11397077627 www.cozzani.com
MISSING_URI_SCHEME https://osm.org/browse/node/3984220801 www.magnanoenergierinnovabili.com
MISSING_URI_SCHEME https://osm.org/browse/node/4467496585 www.possibile.com
MISSING_URI_SCHEME https://osm.org/browse/way/708233827 www.soccorsocinofiloliguria.org
SUCCESS_(200…299) 200 https://osm.org/browse/node/13198574112 https://www.vigilanzalavigile.it/
SUCCESS_(200…299) 200 https://osm.org/browse/node/3060630914 https://www.veladoc.it/
SUCCESS_(200…299) 200 https://osm.org/browse/node/8760584910 https://www.zenamare.com
