MISSING_URI_SCHEME  <meta http-equiv="content-type" content="text/html
MISSING_URI_SCHEME  <title>OSM3S Response</title>
MISSING_URI_SCHEME  charset=utf-8" lang="en"/>
MISSING_URI_SCHEME  <!DOCTYPE html PUBLIC "-//W3C//DTD XHTML 1.0 Strict//EN
MISSING_URI_SCHEME  </body>
MISSING_URI_SCHEME  </head>
MISSING_URI_SCHEME  </html>
MISSING_URI_SCHEME  <?xml version="1.0" encoding="UTF-8"?>
MISSING_URI_SCHEME  <body>
MISSING_URI_SCHEME  <head>
MISSING_URI_SCHEME  <html xmlns="http://www.w3.org/1999/xhtml" xml:lang="en" lang="en">
MISSING_URI_SCHEME  <p><strong style="color:#FF0000">Error</strong>: runtime error: open64: 0 Success /osm3s_osm_base Dispatcher_Client::request_read_and_idx::timeout. The server is probably too busy to handle your request. </p>
MISSING_URI_SCHEME  <p>The data included in this document is from www.openstreetmap.org. The data is made available under ODbL.</p>
CLIENT_ERROR_(400…499) 400  http://www.w3.org/TR/xhtml1/DTD/xhtml1-strict.dtd">
CLIENT_ERROR_(400…499) 404 https://osm.org/browse/node/3964634186 http://casadiripososomero.jimdo.com/
SUCCESS_(200…299) 200 https://osm.org/browse/node/7449054850 http://www.ceramichecacciagrano.it/home.html
REDIRECTION_(300…399) 302 https://osm.org/browse/way/93951553 http://www.campinglaplaya.it/ → http://www.campinglaplaya.it/italy
REDIRECTION_(300…399) 301 https://osm.org/browse/node/3167415761 http://www.filippone.it → http://www.hotelristorantefilippone.com
REDIRECTION_(300…399) 302 https://osm.org/browse/relation/8646860 http://www.gssi.it/ → http://www.gssi.it/
SUCCESS_(200…299) 200 https://osm.org/browse/relation/18178088 http://www.cantinacrecchio.it/contattaci/
SUCCESS_(200…299) 200 https://osm.org/browse/way/294085362 http://www.ristoranteriparidigiobbe.it/
REDIRECTION_(300…399) 301 https://osm.org/browse/node/11932491331 http://www.siconte.it/it/punti-vendita/si-supermercati/loreto-aprutino-via-della-fornace → https://www.siconte.it/it/punti-vendita/si-supermercati/loreto-aprutino-via-della-fornace
REDIRECTION_(300…399) 301 https://osm.org/browse/node/13204523586 http://www.siconte.it/it/punti-vendita/si-superstore/pescara-via-bologna → https://www.siconte.it/it/punti-vendita/si-superstore/pescara-via-bologna
REDIRECTION_(300…399) 302 https://osm.org/browse/node/7967064037 https://aca.pescara.it → https://aca.pescara.it/index
REDIRECTION_(300…399) 301 https://osm.org/browse/node/6581727927 https://ambiente.comune.pescara.it/?page_id=4258 → https://www.comune.pescara.it:443/approfondimenti/ambiente/
REDIRECTION_(300…399) 301 https://osm.org/browse/node/4696406586 https://avezzano.ubiklibri.it/ → https://www.ubiklibri.it/librerie/ubik-avezzano
SUCCESS_(200…299) 200 https://osm.org/browse/node/12144001881 https://castrumtruentinum-antiquarium.blogspot.com/
SUCCESS_(200…299) 200 https://osm.org/browse/relation/19190580 https://borghidelgransasso.it/
INFORMATION_(100…199) 103 https://osm.org/browse/node/9471038392 https://autoricambitritella.it
SERVER_ERROR_(500…599) 500 https://osm.org/browse/node/10978467236 https://ilgiuggioloverde.it/contatti/
SUCCESS_(200…299) 200 https://osm.org/browse/node/12873377885 https://cultura.gov.it/luogo/polo-museale-santo-spirito-museo-archeologico
SUCCESS_(200…299) 200 https://osm.org/browse/node/12894321758 https://centrorossetti.it
SUCCESS_(200…299) 200 https://osm.org/browse/node/12222600657 https://leonellomacchine.it/
SUCCESS_(200…299) 200 https://osm.org/browse/way/1219832545 https://linktr.ee/fishbonesfishsushi
SUCCESS_(200…299) 200 https://osm.org/browse/way/1219832546 https://hotelilcasale.it/
SUCCESS_(200…299) 200 https://osm.org/browse/way/1320957655 https://maielletta.it/
COULD_NOT_RESOLVE_HOST https://osm.org/browse/way/1100938727 https://www.abruzzihotel.it/
CLIENT_ERROR_(400…499) 403 https://osm.org/browse/way/483498665 https://www.ball.com/na/about-ball/contact-us
CLIENT_ERROR_(400…499) 404 https://osm.org/browse/node/12887327116 https://www.basilikum.it/menu
SUCCESS_(200…299) 200 https://osm.org/browse/node/12825644476 https://ristoranterever.it
SUCCESS_(200…299) 200 https://osm.org/browse/node/12883355748 https://www.bnbcasapetrarca.com
SUCCESS_(200…299) 200 https://osm.org/browse/node/13089598897 https://www.agriturismocolmorino.it
SUCCESS_(200…299) 200 https://osm.org/browse/node/12818751619 https://www.blockhausclimbing.it
SUCCESS_(200…299) 200 https://osm.org/browse/way/93967259 https://www.campingarcobalenoroseto.it/
CLIENT_ERROR_(400…499) 404 https://osm.org/browse/node/8784526449 https://www.campagnamica.it/la-nostra-rete/mercato/mercato-di-campagna-amica-di-pescara/
SUCCESS_(200…299) 200 https://osm.org/browse/way/342526298 https://www.campinglequite.eu/
REDIRECTION_(300…399) 301 https://osm.org/browse/way/93951554 https://www.campingsurabaja.it/ → https://campingsurabaja.it/
SUCCESS_(200…299) 200 https://osm.org/browse/way/1394109109 https://www.campingvillaelena.it/
SUCCESS_(200…299) 200 https://osm.org/browse/way/853983627 https://nauticagabbiano.it/contatti/
SUCCESS_(200…299) 200 https://osm.org/browse/way/1184521284 https://www.casalecenturioneabruzzo.it/
SUCCESS_(200…299) 200 https://osm.org/browse/relation/9383854 https://www.cascatedelverde.info/
SUCCESS_(200…299) 200 https://osm.org/browse/way/1324624550 https://www.campingcarouan.it/
SUCCESS_(200…299) 200 https://osm.org/browse/way/93967257 https://www.clubdelsole.com/it/destinazioni/abruzzo-costa-teramana/roseto-degli-abruzzi-easy-camping-village
REDIRECTION_(300…399) 301 https://osm.org/browse/way/1088076365 https://www.comune.pietranico.pe.it/zf/index.php/trasparenza/index/index/categoria/81 → https://www.halleyweb.com/c068032/hh/index.php
INFORMATION_(100…199) 103 https://osm.org/browse/way/851992976 https://www.decathlon.it/
SUCCESS_(200…299) 200 https://osm.org/browse/node/13197501469 https://www.comune.scontrone.aq.it/i-borghi/musei/centro-di-documentazione-paleontologico/
SUCCESS_(200…299) 200 https://osm.org/browse/node/9203799774 https://www.facebook.com/pizzerialozio/
SUCCESS_(200…299) 200 https://osm.org/browse/node/13026259408 https://www.comune.lanciano.ch.it/
SUCCESS_(200…299) 200 https://osm.org/browse/node/12872788046 https://www.comune.lanciano.ch.it/Vivere-il-comune/Luoghi/Lanciano-sotterranea
SUCCESS_(200…299) 200 https://osm.org/browse/way/505162414 https://www.hotelitalia.org
SUCCESS_(200…299) 200 https://osm.org/browse/way/93951555 https://www.gildacamping.it/
SUCCESS_(200…299) 200 https://osm.org/browse/node/11234246802 https://www.hotelrojan.it/
SUCCESS_(200…299) 200 https://osm.org/browse/node/12846533482 https://www.ilbosso.com/centro-visita-del-lupo/
SUCCESS_(200…299) 200 https://osm.org/browse/way/148593095 https://www.hotellenazioni.com
SUCCESS_(200…299) 200 https://osm.org/browse/node/8821454279 https://www.gelaterieduomo.com/
SUCCESS_(200…299) 200 https://osm.org/browse/node/11302973066 https://www.lafarmacia.it/trova-farmacia/del-principe-martinsicuro
SUCCESS_(200…299) 200 https://osm.org/browse/way/1163730026 https://osm.org/browse/way/1426372819 https://www.kzrkart.it/
COULD_NOT_RESOLVE_HOST https://osm.org/browse/way/1225233711 https://www.pasquarelliautosrl.it
COULD_NOT_RESOLVE_HOST https://osm.org/browse/node/5794173038 https://www.pedrinitappezzeria.it
SUCCESS_(200…299) 200 https://osm.org/browse/way/1426473377 https://www.museoetnograficobomba.it/
CLIENT_ERROR_(400…499) 403 https://osm.org/browse/way/288614834 https://www.parcomajella.it/uomo-e-territorio/eremi-e-luoghi-di-culto-rupestri/s-onofrio-al-morrone/
SUCCESS_(200…299) 200 https://osm.org/browse/way/1337938957 https://www.molinolattanzio.it/
SUCCESS_(200…299) 200 https://osm.org/browse/way/1225230007 https://www.poseidonresort.it/
CLIENT_ERROR_(400…499) 405 https://osm.org/browse/way/246620756 https://www.polomusealeteramo.it/sedi/sito-archeologico-di-largo-sant-anna/14-10.html
SUCCESS_(200…299) 200 https://osm.org/browse/node/9123939727 https://www.prenotauncampo.it/centri-sportivi/pescara/pescara/padelmaniapescara/
SUCCESS_(200…299) 200 https://osm.org/browse/node/7798782521 https://www.ristoranteresilienza.it
SUCCESS_(200…299) 200 https://osm.org/browse/node/5812948162 https://www.robertogrillo.it
SUCCESS_(200…299) 200 https://osm.org/browse/way/1077993519 https://www.rifugiosilone.it/
SUCCESS_(200…299) 200 https://osm.org/browse/node/11302870976 https://www.sbnoleggiobici.it/
REDIRECTION_(300…399) 301 https://osm.org/browse/way/93958554 https://www.storkcampingvillage.com/ → https://www.clubdelsole.com/it/destinazioni/abruzzo-costa-teramana/stork-family-camping-village
SUCCESS_(200…299) 200 https://osm.org/browse/node/11542658048 https://www.telespazio.com/it/business/space-centres-teleports/fucino-space-centre
MISSING_URI_SCHEME https://osm.org/browse/way/462217261 www.caipenne.it
SUCCESS_(200…299) 200 https://osm.org/browse/relation/13815366 https://www.rondinellacamping.it/
TIMEOUT https://osm.org/browse/node/12879334141 https://www.ristoranteclemente.it
TIMEOUT https://osm.org/browse/node/13291149806 https://www.ristoranteilpicchio.it
